[2025-08-20 00:03:51] 抓取到的文章与现有数据相同，无需更新。
[2025-08-20 01:29:36] 本次订阅抓取结果统计:
[2025-08-20 01:29:36] 共 55 条RSS, 成功抓取 51 条.
[2025-08-20 01:29:36] ✘ 有 4 条订阅解析失败:
[2025-08-20 01:29:36] - https://tumutanzi.com/feed
[2025-08-20 01:29:36] - https://tcxx.info/feed
[2025-08-20 01:29:36] - https://yinwang1.substack.com/feed
[2025-08-20 01:29:36] - https://botanwang.com/rss.xml
[2025-08-20 01:29:36] ✘ 有 1 条订阅头像字段为空, 已使用默认头像:
[2025-08-20 01:29:36] - https://feed.cnblogs.com/blog/u/66551/rss/
[2025-08-20 01:29:36] ✘ 有 6 条订阅头像无法访问, 已使用默认头像:
[2025-08-20 01:29:36] - http://feeds.feedburner.com/ruanyifeng
[2025-08-20 01:29:36] - https://www.loyhome.com/feed
[2025-08-20 01:29:36] - https://a4.zyzhang.com/index.xml
[2025-08-20 01:29:36] - https://www.geedea.pro/index.xml
[2025-08-20 01:29:36] - https://skywind.me/blog/feed
[2025-08-20 01:29:36] - https://www.douban.com/feed/review/book
[2025-08-20 02:30:04] 本次订阅抓取结果统计:
[2025-08-20 02:30:04] 共 55 条RSS, 成功抓取 50 条.
[2025-08-20 02:30:04] ✘ 有 5 条订阅解析失败:
[2025-08-20 02:30:04] - https://tumutanzi.com/feed
[2025-08-20 02:30:04] - https://tcxx.info/feed
[2025-08-20 02:30:04] - https://yinwang1.substack.com/feed
[2025-08-20 02:30:04] - https://botanwang.com/rss.xml
[2025-08-20 02:30:04] - https://www.douban.com/feed/review/book
[2025-08-20 02:30:04] ✘ 有 1 条订阅头像字段为空, 已使用默认头像:
[2025-08-20 02:30:04] - https://feed.cnblogs.com/blog/u/66551/rss/
[2025-08-20 02:30:04] ✘ 有 6 条订阅头像无法访问, 已使用默认头像:
[2025-08-20 02:30:04] - http://feeds.feedburner.com/ruanyifeng
[2025-08-20 02:30:04] - https://www.loyhome.com/feed
[2025-08-20 02:30:04] - https://a4.zyzhang.com/index.xml
[2025-08-20 02:30:04] - https://www.geedea.pro/index.xml
[2025-08-20 02:30:04] - https://skywind.me/blog/feed
[2025-08-20 02:30:04] - https://feeds.appinn.com/appinns/
[2025-08-20 03:18:19] 本次订阅抓取结果统计:
[2025-08-20 03:18:19] 共 55 条RSS, 成功抓取 51 条.
[2025-08-20 03:18:19] ✘ 有 4 条订阅解析失败:
[2025-08-20 03:18:19] - https://tcxx.info/feed
[2025-08-20 03:18:19] - https://tumutanzi.com/feed
[2025-08-20 03:18:19] - https://yinwang1.substack.com/feed
[2025-08-20 03:18:19] - https://botanwang.com/rss.xml
[2025-08-20 03:18:19] ✘ 有 1 条订阅头像字段为空, 已使用默认头像:
[2025-08-20 03:18:19] - https://feed.cnblogs.com/blog/u/66551/rss/
[2025-08-20 03:18:19] ✘ 有 7 条订阅头像无法访问, 已使用默认头像:
[2025-08-20 03:18:19] - http://feeds.feedburner.com/ruanyifeng
[2025-08-20 03:18:19] - https://www.loyhome.com/feed
[2025-08-20 03:18:19] - https://a4.zyzhang.com/index.xml
[2025-08-20 03:18:19] - https://www.geedea.pro/index.xml
[2025-08-20 03:18:19] - https://skywind.me/blog/feed
[2025-08-20 03:18:19] - https://www.douban.com/feed/review/book
[2025-08-20 03:18:19] - https://feeds.appinn.com/appinns/
[2025-08-20 04:01:57] 本次订阅抓取结果统计:
[2025-08-20 04:01:57] 共 55 条RSS, 成功抓取 51 条.
[2025-08-20 04:01:57] ✘ 有 4 条订阅解析失败:
[2025-08-20 04:01:57] - https://tcxx.info/feed
[2025-08-20 04:01:57] - https://tumutanzi.com/feed
[2025-08-20 04:01:57] - https://yinwang1.substack.com/feed
[2025-08-20 04:01:57] - https://botanwang.com/rss.xml
[2025-08-20 04:01:57] ✘ 有 1 条订阅头像字段为空, 已使用默认头像:
[2025-08-20 04:01:57] - https://feed.cnblogs.com/blog/u/66551/rss/
[2025-08-20 04:01:57] ✘ 有 6 条订阅头像无法访问, 已使用默认头像:
[2025-08-20 04:01:57] - https://www.loyhome.com/feed
[2025-08-20 04:01:57] - http://feeds.feedburner.com/ruanyifeng
[2025-08-20 04:01:57] - https://a4.zyzhang.com/index.xml
[2025-08-20 04:01:57] - https://www.geedea.pro/index.xml
[2025-08-20 04:01:57] - https://skywind.me/blog/feed
[2025-08-20 04:01:57] - https://www.douban.com/feed/review/book
[2025-08-20 05:01:57] 本次订阅抓取结果统计:
[2025-08-20 05:01:57] 共 55 条RSS, 成功抓取 51 条.
[2025-08-20 05:01:57] ✘ 有 4 条订阅解析失败:
[2025-08-20 05:01:57] - https://tcxx.info/feed
[2025-08-20 05:01:57] - https://tumutanzi.com/feed
[2025-08-20 05:01:57] - https://yinwang1.substack.com/feed
[2025-08-20 05:01:57] - https://botanwang.com/rss.xml
[2025-08-20 05:01:57] ✘ 有 1 条订阅头像字段为空, 已使用默认头像:
[2025-08-20 05:01:57] - https://feed.cnblogs.com/blog/u/66551/rss/
[2025-08-20 05:01:57] ✘ 有 6 条订阅头像无法访问, 已使用默认头像:
[2025-08-20 05:01:57] - http://feeds.feedburner.com/ruanyifeng
[2025-08-20 05:01:57] - https://www.loyhome.com/feed
[2025-08-20 05:01:57] - https://a4.zyzhang.com/index.xml
[2025-08-20 05:01:57] - https://www.geedea.pro/index.xml
[2025-08-20 05:01:57] - https://skywind.me/blog/feed
[2025-08-20 05:01:57] - https://www.douban.com/feed/review/book
