[2025-07-20 00:05:31] 本次订阅抓取结果统计:
[2025-07-20 00:05:31] 共 50 条RSS, 成功抓取 47 条.
[2025-07-20 00:05:31] ✘ 有 3 条订阅解析失败:
[2025-07-20 00:05:31] - https://tcxx.info/feed
[2025-07-20 00:05:31] - https://yinwang1.substack.com/feed
[2025-07-20 00:05:31] - https://diygod.cc/feed
[2025-07-20 00:05:31] ✘ 有 4 条订阅头像无法访问, 已使用默认头像:
[2025-07-20 00:05:31] - http://feeds.feedburner.com/ruanyifeng
[2025-07-20 00:05:31] - https://www.loyhome.com/feed
[2025-07-20 00:05:31] - https://a4.zyzhang.com/index.xml
[2025-07-20 00:05:31] - https://www.douban.com/feed/review/book
[2025-07-20 01:30:27] 本次订阅抓取结果统计:
[2025-07-20 01:30:27] 共 50 条RSS, 成功抓取 47 条.
[2025-07-20 01:30:27] ✘ 有 3 条订阅解析失败:
[2025-07-20 01:30:27] - https://tcxx.info/feed
[2025-07-20 01:30:27] - https://yinwang1.substack.com/feed
[2025-07-20 01:30:27] - https://www.douban.com/feed/review/book
[2025-07-20 01:30:27] ✘ 有 3 条订阅头像无法访问, 已使用默认头像:
[2025-07-20 01:30:27] - http://feeds.feedburner.com/ruanyifeng
[2025-07-20 01:30:27] - https://www.loyhome.com/feed
[2025-07-20 01:30:27] - https://a4.zyzhang.com/index.xml
[2025-07-20 02:46:22] 本次订阅抓取结果统计:
[2025-07-20 02:46:22] 共 50 条RSS, 成功抓取 47 条.
[2025-07-20 02:46:22] ✘ 有 3 条订阅解析失败:
[2025-07-20 02:46:22] - https://tcxx.info/feed
[2025-07-20 02:46:22] - https://yinwang1.substack.com/feed
[2025-07-20 02:46:22] - https://diygod.cc/feed
[2025-07-20 02:46:22] ✘ 有 4 条订阅头像无法访问, 已使用默认头像:
[2025-07-20 02:46:22] - http://feeds.feedburner.com/ruanyifeng
[2025-07-20 02:46:22] - https://www.loyhome.com/feed
[2025-07-20 02:46:22] - https://a4.zyzhang.com/index.xml
[2025-07-20 02:46:22] - https://www.douban.com/feed/review/book
