[2025-05-15 01:19:40] 本次订阅抓取结果统计:
[2025-05-15 01:19:40] 共 28 条RSS, 成功抓取 27 条.
[2025-05-15 01:19:40] ✘ 有 1 条订阅解析失败:
[2025-05-15 01:19:40] - https://tcxx.info/feed
[2025-05-15 01:19:40] ✘ 有 2 条订阅头像无法访问, 已使用默认头像:
[2025-05-15 01:19:40] - http://feeds.feedburner.com/ruanyifeng
[2025-05-15 01:19:40] - https://www.loyhome.com/feed
[2025-05-15 03:08:29] 本次订阅抓取结果统计:
[2025-05-15 03:08:29] 共 28 条RSS, 成功抓取 27 条.
[2025-05-15 03:08:29] ✘ 有 1 条订阅解析失败:
[2025-05-15 03:08:29] - https://tcxx.info/feed
[2025-05-15 03:08:29] ✘ 有 2 条订阅头像无法访问, 已使用默认头像:
[2025-05-15 03:08:29] - https://www.loyhome.com/feed
[2025-05-15 03:08:29] - http://feeds.feedburner.com/ruanyifeng
[2025-05-15 04:21:00] 本次订阅抓取结果统计:
[2025-05-15 04:21:00] 共 28 条RSS, 成功抓取 27 条.
[2025-05-15 04:21:00] ✘ 有 1 条订阅解析失败:
[2025-05-15 04:21:00] - https://tcxx.info/feed
[2025-05-15 04:21:00] ✘ 有 2 条订阅头像无法访问, 已使用默认头像:
[2025-05-15 04:21:00] - https://www.loyhome.com/feed
[2025-05-15 04:21:00] - http://feeds.feedburner.com/ruanyifeng
[2025-05-15 05:18:05] 本次订阅抓取结果统计:
[2025-05-15 05:18:05] 共 28 条RSS, 成功抓取 27 条.
[2025-05-15 05:18:05] ✘ 有 1 条订阅解析失败:
[2025-05-15 05:18:05] - https://tcxx.info/feed
[2025-05-15 05:18:05] ✘ 有 2 条订阅头像无法访问, 已使用默认头像:
[2025-05-15 05:18:05] - http://feeds.feedburner.com/ruanyifeng
[2025-05-15 05:18:05] - https://www.loyhome.com/feed
[2025-05-15 06:25:58] 本次订阅抓取结果统计:
[2025-05-15 06:25:58] 共 28 条RSS, 成功抓取 27 条.
[2025-05-15 06:25:58] ✘ 有 1 条订阅解析失败:
[2025-05-15 06:25:58] - https://tcxx.info/feed
[2025-05-15 06:25:58] ✘ 有 2 条订阅头像无法访问, 已使用默认头像:
[2025-05-15 06:25:58] - http://feeds.feedburner.com/ruanyifeng
[2025-05-15 06:25:58] - https://www.loyhome.com/feed
[2025-05-15 07:17:30] 本次订阅抓取结果统计:
[2025-05-15 07:17:30] 共 28 条RSS, 成功抓取 27 条.
[2025-05-15 07:17:30] ✘ 有 1 条订阅解析失败:
[2025-05-15 07:17:30] - https://tcxx.info/feed
[2025-05-15 07:17:30] ✘ 有 2 条订阅头像无法访问, 已使用默认头像:
[2025-05-15 07:17:30] - http://feeds.feedburner.com/ruanyifeng
[2025-05-15 07:17:30] - https://www.loyhome.com/feed
[2025-05-15 08:24:09] 本次订阅抓取结果统计:
[2025-05-15 08:24:09] 共 28 条RSS, 成功抓取 27 条.
[2025-05-15 08:24:09] ✘ 有 1 条订阅解析失败:
[2025-05-15 08:24:09] - https://tcxx.info/feed
[2025-05-15 08:24:09] ✘ 有 2 条订阅头像无法访问, 已使用默认头像:
[2025-05-15 08:24:09] - http://feeds.feedburner.com/ruanyifeng
[2025-05-15 08:24:09] - https://www.loyhome.com/feed
[2025-05-15 09:18:56] 本次订阅抓取结果统计:
[2025-05-15 09:18:56] 共 28 条RSS, 成功抓取 27 条.
[2025-05-15 09:18:56] ✘ 有 1 条订阅解析失败:
[2025-05-15 09:18:56] - https://tcxx.info/feed
[2025-05-15 09:18:56] ✘ 有 2 条订阅头像无法访问, 已使用默认头像:
[2025-05-15 09:18:56] - http://feeds.feedburner.com/ruanyifeng
[2025-05-15 09:18:56] - https://www.loyhome.com/feed
