[2025-12-04 00:04:42] 抓取到的文章与现有数据相同，无需更新。
[2025-12-04 01:29:54] 本次订阅抓取结果统计:
[2025-12-04 01:29:54] 共 31 条RSS, 成功抓取 28 条.
[2025-12-04 01:29:54] ✘ 有 3 条订阅解析失败:
[2025-12-04 01:29:54] - https://tumutanzi.com/feed
[2025-12-04 01:29:54] - https://geekinney.com/index.xml
[2025-12-04 01:29:54] - https://suus.me/atom.xml
[2025-12-04 02:31:50] 抓取到的文章与现有数据相同，无需更新。
[2025-12-04 03:26:38] 本次订阅抓取结果统计:
[2025-12-04 03:26:38] 共 31 条RSS, 成功抓取 28 条.
[2025-12-04 03:26:38] ✘ 有 3 条订阅解析失败:
[2025-12-04 03:26:38] - https://tumutanzi.com/feed
[2025-12-04 03:26:38] - https://suus.me/atom.xml
[2025-12-04 03:26:38] - https://geekinney.com/index.xml
[2025-12-04 04:08:00] 抓取到的文章与现有数据相同，无需更新。
[2025-12-04 05:02:45] 本次订阅抓取结果统计:
[2025-12-04 05:02:45] 共 31 条RSS, 成功抓取 27 条.
[2025-12-04 05:02:45] ✘ 有 4 条订阅解析失败:
[2025-12-04 05:02:45] - https://tumutanzi.com/feed
[2025-12-04 05:02:45] - https://geekinney.com/index.xml
[2025-12-04 05:02:45] - https://suus.me/atom.xml
[2025-12-04 05:02:45] - https://freemind.pluskid.org/rss.xml
[2025-12-04 06:02:34] 本次订阅抓取结果统计:
[2025-12-04 06:02:34] 共 31 条RSS, 成功抓取 28 条.
[2025-12-04 06:02:34] ✘ 有 3 条订阅解析失败:
[2025-12-04 06:02:34] - https://tumutanzi.com/feed
[2025-12-04 06:02:34] - https://geekinney.com/index.xml
[2025-12-04 06:02:34] - https://suus.me/atom.xml
[2025-12-04 07:02:43] 抓取到的文章与现有数据相同，无需更新。
[2025-12-04 08:01:51] 抓取到的文章与现有数据相同，无需更新。
[2025-12-04 09:03:02] 抓取到的文章与现有数据相同，无需更新。
[2025-12-04 10:01:51] 抓取到的文章与现有数据相同，无需更新。
[2025-12-04 11:01:41] 抓取到的文章与现有数据相同，无需更新。
[2025-12-04 12:02:32] 抓取到的文章与现有数据相同，无需更新。
[2025-12-04 13:13:29] 本次订阅抓取结果统计:
[2025-12-04 13:13:29] 共 31 条RSS, 成功抓取 27 条.
[2025-12-04 13:13:29] ✘ 有 4 条订阅解析失败:
[2025-12-04 13:13:29] - https://tumutanzi.com/feed
[2025-12-04 13:13:29] - https://geekinney.com/index.xml
[2025-12-04 13:13:29] - https://suus.me/atom.xml
[2025-12-04 13:13:29] - https://www.moraex.com/feed
[2025-12-04 14:02:57] 本次订阅抓取结果统计:
[2025-12-04 14:02:57] 共 31 条RSS, 成功抓取 28 条.
[2025-12-04 14:02:57] ✘ 有 3 条订阅解析失败:
[2025-12-04 14:02:57] - https://tumutanzi.com/feed
[2025-12-04 14:02:57] - https://suus.me/atom.xml
[2025-12-04 14:02:57] - https://geekinney.com/index.xml
[2025-12-04 15:01:52] 抓取到的文章与现有数据相同，无需更新。
[2025-12-04 16:01:52] 抓取到的文章与现有数据相同，无需更新。
[2025-12-04 17:04:32] 本次订阅抓取结果统计:
[2025-12-04 17:04:32] 共 31 条RSS, 成功抓取 27 条.
[2025-12-04 17:04:32] ✘ 有 4 条订阅解析失败:
[2025-12-04 17:04:32] - https://tumutanzi.com/feed
[2025-12-04 17:04:32] - https://geekinney.com/index.xml
[2025-12-04 17:04:32] - https://suus.me/atom.xml
[2025-12-04 17:04:32] - https://www.mrhe.net/feed
[2025-12-04 18:02:30] 抓取到的文章与现有数据相同，无需更新。
