[2025-03-11 01:15:26] 本次订阅抓取结果统计:
[2025-03-11 01:15:26] 共 25 条RSS, 成功抓取 24 条.
[2025-03-11 01:15:26] ❌ 有 1 条订阅解析失败:
[2025-03-11 01:15:26] - https://tcxx.info/feed
[2025-03-11 01:15:26] 🖼️ 有 1 条订阅头像无法访问, 已使用默认头像:
[2025-03-11 01:15:26] - https://www.loyhome.com/feed
[2025-03-11 02:54:17] 本次订阅抓取结果统计:
[2025-03-11 02:54:17] 共 25 条RSS, 成功抓取 25 条.
[2025-03-11 02:54:17] 🖼️ 有 1 条订阅头像无法访问, 已使用默认头像:
[2025-03-11 02:54:17] - https://www.loyhome.com/feed
[2025-03-11 03:26:37] 本次订阅抓取结果统计:
[2025-03-11 03:26:37] 共 25 条RSS, 成功抓取 24 条.
[2025-03-11 03:26:37] ❌ 有 1 条订阅解析失败:
[2025-03-11 03:26:37] - https://tcxx.info/feed
[2025-03-11 03:26:37] 🖼️ 有 1 条订阅头像无法访问, 已使用默认头像:
[2025-03-11 03:26:37] - https://www.loyhome.com/feed
[2025-03-11 04:20:10] 本次订阅抓取结果统计:
[2025-03-11 04:20:10] 共 25 条RSS, 成功抓取 25 条.
[2025-03-11 04:20:10] 🖼️ 有 1 条订阅头像无法访问, 已使用默认头像:
[2025-03-11 04:20:10] - https://www.loyhome.com/feed
[2025-03-11 05:16:10] 本次订阅抓取结果统计:
[2025-03-11 05:16:10] 共 25 条RSS, 成功抓取 24 条.
[2025-03-11 05:16:10] ❌ 有 1 条订阅解析失败:
[2025-03-11 05:16:10] - https://tcxx.info/feed
[2025-03-11 05:16:10] 🖼️ 有 1 条订阅头像无法访问, 已使用默认头像:
[2025-03-11 05:16:10] - https://www.loyhome.com/feed
[2025-03-11 06:23:20] 本次订阅抓取结果统计:
[2025-03-11 06:23:20] 共 25 条RSS, 成功抓取 24 条.
[2025-03-11 06:23:20] ❌ 有 1 条订阅解析失败:
[2025-03-11 06:23:20] - https://tcxx.info/feed
[2025-03-11 06:23:20] 🖼️ 有 1 条订阅头像无法访问, 已使用默认头像:
[2025-03-11 06:23:20] - https://www.loyhome.com/feed
[2025-03-11 06:35:42] 本次订阅抓取结果统计:
[2025-03-11 06:35:42] 共 25 条RSS, 成功抓取 24 条.
[2025-03-11 06:35:42] ✘ 有 1 条订阅解析失败:
[2025-03-11 06:35:42] - https://tcxx.info/feed
[2025-03-11 06:35:42] ✘ 有 1 条订阅头像无法访问, 已使用默认头像:
[2025-03-11 06:35:42] - https://www.loyhome.com/feed
[2025-03-11 07:15:57] 本次订阅抓取结果统计:
[2025-03-11 07:15:57] 共 25 条RSS, 成功抓取 23 条.
[2025-03-11 07:15:57] ✘ 有 2 条订阅解析失败:
[2025-03-11 07:15:57] - https://tcxx.info/feed
[2025-03-11 07:15:57] - https://ihaihe.cn/feed
[2025-03-11 07:15:57] ✘ 有 1 条订阅头像无法访问, 已使用默认头像:
[2025-03-11 07:15:57] - https://www.loyhome.com/feed
[2025-03-11 08:21:13] 本次订阅抓取结果统计:
[2025-03-11 08:21:13] 共 25 条RSS, 成功抓取 25 条.
[2025-03-11 08:21:13] ✘ 有 2 条订阅头像无法访问, 已使用默认头像:
[2025-03-11 08:21:13] - https://www.loyhome.com/feed
[2025-03-11 08:21:13] - https://tcxx.info/feed
[2025-03-11 09:17:58] 本次订阅抓取结果统计:
[2025-03-11 09:17:58] 共 25 条RSS, 成功抓取 24 条.
[2025-03-11 09:17:58] ✘ 有 1 条订阅解析失败:
[2025-03-11 09:17:58] - https://tcxx.info/feed
[2025-03-11 09:17:58] ✘ 有 1 条订阅头像无法访问, 已使用默认头像:
[2025-03-11 09:17:58] - https://www.loyhome.com/feed
[2025-03-11 10:18:16] 本次订阅抓取结果统计:
[2025-03-11 10:18:16] 共 25 条RSS, 成功抓取 24 条.
[2025-03-11 10:18:16] ✘ 有 1 条订阅解析失败:
[2025-03-11 10:18:16] - https://tcxx.info/feed
[2025-03-11 10:18:16] ✘ 有 1 条订阅头像无法访问, 已使用默认头像:
[2025-03-11 10:18:16] - https://www.loyhome.com/feed
[2025-03-11 11:13:45] 本次订阅抓取结果统计:
[2025-03-11 11:13:45] 共 25 条RSS, 成功抓取 24 条.
[2025-03-11 11:13:45] ✘ 有 1 条订阅解析失败:
[2025-03-11 11:13:45] - https://tcxx.info/feed
[2025-03-11 11:13:45] ✘ 有 1 条订阅头像无法访问, 已使用默认头像:
[2025-03-11 11:13:45] - https://www.loyhome.com/feed
[2025-03-11 12:32:59] 本次订阅抓取结果统计:
[2025-03-11 12:32:59] 共 25 条RSS, 成功抓取 24 条.
[2025-03-11 12:32:59] ✘ 有 1 条订阅解析失败:
[2025-03-11 12:32:59] - https://tcxx.info/feed
[2025-03-11 12:32:59] ✘ 有 1 条订阅头像无法访问, 已使用默认头像:
[2025-03-11 12:32:59] - https://www.loyhome.com/feed
[2025-03-11 13:25:16] 本次订阅抓取结果统计:
[2025-03-11 13:25:16] 共 25 条RSS, 成功抓取 24 条.
[2025-03-11 13:25:16] ✘ 有 1 条订阅解析失败:
[2025-03-11 13:25:16] - https://tcxx.info/feed
[2025-03-11 13:25:16] ✘ 有 1 条订阅头像无法访问, 已使用默认头像:
[2025-03-11 13:25:16] - https://www.loyhome.com/feed
[2025-03-11 13:32:47] 本次订阅抓取结果统计:
[2025-03-11 13:32:47] 共 25 条RSS, 成功抓取 24 条.
[2025-03-11 13:32:47] ✘ 有 1 条订阅解析失败:
[2025-03-11 13:32:47] - https://tcxx.info/feed
[2025-03-11 13:32:47] ✘ 有 1 条订阅头像无法访问, 已使用默认头像:
[2025-03-11 13:32:47] - https://www.loyhome.com/feed
[2025-03-11 14:17:34] 本次订阅抓取结果统计:
[2025-03-11 14:17:34] 共 25 条RSS, 成功抓取 25 条.
[2025-03-11 14:17:34] ✘ 有 2 条订阅头像无法访问, 已使用默认头像:
[2025-03-11 14:17:34] - https://tcxx.info/feed
[2025-03-11 14:17:34] - https://www.loyhome.com/feed
[2025-03-11 14:52:43] [WARN] RSS列表为空, 无需抓取
[2025-03-11 14:57:15] [ERROR] 拉取RSS链接失败: /home/runner/work/lhasaRSS/lhasaRSS/feed_fetcher.go:41 => 无法获取RSS列表文件: data/rss.txt | 原因: Get "data/rss.txt": unsupported protocol scheme ""
[2025-03-11 15:00:19] 本次订阅抓取结果统计:
[2025-03-11 15:00:19] 共 25 条RSS, 成功抓取 24 条.
[2025-03-11 15:00:19] ✘ 有 1 条订阅解析失败:
[2025-03-11 15:00:19] - https://tcxx.info/feed
[2025-03-11 15:00:19] ✘ 有 1 条订阅头像无法访问, 已使用默认头像:
[2025-03-11 15:00:19] - https://www.loyhome.com/feed
[2025-03-11 15:18:30] 本次订阅抓取结果统计:
[2025-03-11 15:18:30] 共 25 条RSS, 成功抓取 24 条.
[2025-03-11 15:18:30] ✘ 有 1 条订阅解析失败:
[2025-03-11 15:18:30] - https://tcxx.info/feed
[2025-03-11 15:18:30] ✘ 有 2 条订阅头像无法访问, 已使用默认头像:
[2025-03-11 15:18:30] - https://www.loyhome.com/feed
[2025-03-11 15:18:30] - https://xyzbz.cn/feed
[2025-03-11 16:21:58] 本次订阅抓取结果统计:
[2025-03-11 16:21:58] 共 25 条RSS, 成功抓取 24 条.
[2025-03-11 16:21:58] ✘ 有 1 条订阅解析失败:
[2025-03-11 16:21:58] - https://tcxx.info/feed
[2025-03-11 16:21:58] ✘ 有 1 条订阅头像无法访问, 已使用默认头像:
[2025-03-11 16:21:58] - https://www.loyhome.com/feed
[2025-03-11 16:29:47] [ERROR] 拉取RSS链接失败: /home/runner/work/lhasaRSS/lhasaRSS/feed_fetcher.go:80 => 读取Github RSS文件失败: https://lhasa-1253887673.cos.ap-shanghai.myqcloud.com/lhasaRSS/rss.txt | 原因: open https://lhasa-1253887673.cos.ap-shanghai.myqcloud.com/lhasaRSS/rss.txt: no such file or directory
[2025-03-11 16:34:49] [ERROR] 拉取RSS链接失败: /home/runner/work/lhasaRSS/lhasaRSS/feed_fetcher.go:80 => 读取Github RSS文件失败: https://lhasa-1253887673.cos.ap-shanghai.myqcloud.com/lhasaRSS/rss.txt | 原因: open https://lhasa-1253887673.cos.ap-shanghai.myqcloud.com/lhasaRSS/rss.txt: no such file or directory
[2025-03-11 16:38:15] [ERROR] 拉取RSS链接失败: /home/runner/work/lhasaRSS/lhasaRSS/feed_fetcher.go:80 => 读取Github RSS文件失败: https://lhasa-1253887673.cos.ap-shanghai.myqcloud.com/lhasaRSS/rss.txt | 原因: open https://lhasa-1253887673.cos.ap-shanghai.myqcloud.com/lhasaRSS/rss.txt: no such file or directory
[2025-03-11 16:43:16] 本次订阅抓取结果统计:
[2025-03-11 16:43:16] 共 25 条RSS, 成功抓取 24 条.
[2025-03-11 16:43:16] ✘ 有 1 条订阅解析失败:
[2025-03-11 16:43:16] - https://tcxx.info/feed
[2025-03-11 16:43:16] ✘ 有 1 条订阅头像无法访问, 已使用默认头像:
[2025-03-11 16:43:16] - https://www.loyhome.com/feed
[2025-03-11 17:15:27] [ERROR] 拉取RSS链接失败: /home/runner/work/lhasaRSS/lhasaRSS/feed_fetcher.go:80 => 读取Github RSS文件失败: https://lhasa-1253887673.cos.ap-shanghai.myqcloud.com/lhasaRSS/rss.txt | 原因: open https://lhasa-1253887673.cos.ap-shanghai.myqcloud.com/lhasaRSS/rss.txt: no such file or directory
[2025-03-11 17:18:50] [ERROR] 拉取RSS链接失败: /home/runner/work/lhasaRSS/lhasaRSS/feed_fetcher.go:80 => 读取Github RSS文件失败: https://lhasa-1253887673.cos.ap-shanghai.myqcloud.com/lhasaRSS/rss.txt | 原因: open https://lhasa-1253887673.cos.ap-shanghai.myqcloud.com/lhasaRSS/rss.txt: no such file or directory
[2025-03-11 17:22:16] 本次订阅抓取结果统计:
[2025-03-11 17:22:16] 共 25 条RSS, 成功抓取 25 条.
[2025-03-11 17:22:16] ✘ 有 1 条订阅头像无法访问, 已使用默认头像:
[2025-03-11 17:22:16] - https://www.loyhome.com/feed
[2025-03-11 17:31:41] 本次订阅抓取结果统计:
[2025-03-11 17:31:41] 共 25 条RSS, 成功抓取 23 条.
[2025-03-11 17:31:41] ✘ 有 2 条订阅解析失败:
[2025-03-11 17:31:41] - https://tcxx.info/feed
[2025-03-11 17:31:41] - https://blog.yanqingshan.com/feed
[2025-03-11 17:31:41] ✘ 有 2 条订阅头像无法访问, 已使用默认头像:
[2025-03-11 17:31:41] - https://www.loyhome.com/feed
[2025-03-11 17:31:41] - https://xyzbz.cn/feed
[2025-03-11 18:22:43] 本次订阅抓取结果统计:
[2025-03-11 18:22:43] 共 25 条RSS, 成功抓取 24 条.
[2025-03-11 18:22:43] ✘ 有 1 条订阅解析失败:
[2025-03-11 18:22:43] - https://tcxx.info/feed
[2025-03-11 18:22:43] ✘ 有 1 条订阅头像无法访问, 已使用默认头像:
[2025-03-11 18:22:43] - https://www.loyhome.com/feed
[2025-03-11 19:13:41] 本次订阅抓取结果统计:
[2025-03-11 19:13:41] 共 25 条RSS, 成功抓取 24 条.
[2025-03-11 19:13:41] ✘ 有 1 条订阅解析失败:
[2025-03-11 19:13:41] - https://tcxx.info/feed
[2025-03-11 19:13:41] ✘ 有 1 条订阅头像无法访问, 已使用默认头像:
[2025-03-11 19:13:41] - https://www.loyhome.com/feed
[2025-03-11 20:18:12] 本次订阅抓取结果统计:
[2025-03-11 20:18:12] 共 25 条RSS, 成功抓取 24 条.
[2025-03-11 20:18:12] ✘ 有 1 条订阅解析失败:
[2025-03-11 20:18:12] - https://tcxx.info/feed
[2025-03-11 20:18:12] ✘ 有 1 条订阅头像无法访问, 已使用默认头像:
[2025-03-11 20:18:12] - https://www.loyhome.com/feed
[2025-03-11 21:12:46] 本次订阅抓取结果统计:
[2025-03-11 21:12:46] 共 25 条RSS, 成功抓取 24 条.
[2025-03-11 21:12:46] ✘ 有 1 条订阅解析失败:
[2025-03-11 21:12:46] - https://tcxx.info/feed
[2025-03-11 21:12:46] ✘ 有 1 条订阅头像无法访问, 已使用默认头像:
[2025-03-11 21:12:46] - https://www.loyhome.com/feed
[2025-03-11 22:15:03] 本次订阅抓取结果统计:
[2025-03-11 22:15:03] 共 25 条RSS, 成功抓取 24 条.
[2025-03-11 22:15:03] ✘ 有 1 条订阅解析失败:
[2025-03-11 22:15:03] - https://tcxx.info/feed
[2025-03-11 22:15:03] ✘ 有 1 条订阅头像无法访问, 已使用默认头像:
[2025-03-11 22:15:03] - https://www.loyhome.com/feed
