[2025-11-12 00:04:46] 本次订阅抓取结果统计:
[2025-11-12 00:04:46] 共 63 条RSS, 成功抓取 55 条.
[2025-11-12 00:04:46] ✘ 有 7 条订阅解析失败:
[2025-11-12 00:04:46] - https://tcxx.info/feed
[2025-11-12 00:04:46] - https://tumutanzi.com/feed
[2025-11-12 00:04:46] - https://geekinney.com/index.xml
[2025-11-12 00:04:46] - https://blog.twofei.com/rss
[2025-11-12 00:04:46] - https://suus.me/index.xml
[2025-11-12 00:04:46] - https://yinwang1.substack.com/feed
[2025-11-12 00:04:46] - https://botanwang.com/rss.xml
[2025-11-12 00:04:46] ✘ 有 1 条订阅为空:
[2025-11-12 00:04:46] - http://feeds.feedburner.com/zhihu-daily
[2025-11-12 00:04:46] ✘ 有 1 条订阅头像字段为空, 已使用默认头像:
[2025-11-12 00:04:46] - https://feed.cnblogs.com/blog/u/66551/rss/
[2025-11-12 00:04:46] ✘ 有 3 条订阅头像无法访问, 已使用默认头像:
[2025-11-12 00:04:46] - http://feeds.feedburner.com/ruanyifeng
[2025-11-12 00:04:46] - https://skywind.me/blog/feed
[2025-11-12 00:04:46] - https://www.douban.com/feed/review/book
[2025-11-12 01:29:52] 抓取到的文章与现有数据相同，无需更新。
[2025-11-12 02:30:42] 本次订阅抓取结果统计:
[2025-11-12 02:30:42] 共 63 条RSS, 成功抓取 54 条.
[2025-11-12 02:30:42] ✘ 有 8 条订阅解析失败:
[2025-11-12 02:30:42] - https://tcxx.info/feed
[2025-11-12 02:30:42] - https://tumutanzi.com/feed
[2025-11-12 02:30:42] - https://blog.twofei.com/rss
[2025-11-12 02:30:42] - https://geekinney.com/index.xml
[2025-11-12 02:30:42] - https://suus.me/index.xml
[2025-11-12 02:30:42] - https://yinwang1.substack.com/feed
[2025-11-12 02:30:42] - https://botanwang.com/rss.xml
[2025-11-12 02:30:42] - https://www.douban.com/feed/review/book
[2025-11-12 02:30:42] ✘ 有 1 条订阅为空:
[2025-11-12 02:30:42] - http://feeds.feedburner.com/zhihu-daily
[2025-11-12 02:30:42] ✘ 有 1 条订阅头像字段为空, 已使用默认头像:
[2025-11-12 02:30:42] - https://feed.cnblogs.com/blog/u/66551/rss/
[2025-11-12 02:30:42] ✘ 有 2 条订阅头像无法访问, 已使用默认头像:
[2025-11-12 02:30:42] - http://feeds.feedburner.com/ruanyifeng
[2025-11-12 02:30:42] - https://skywind.me/blog/feed
[2025-11-12 03:21:30] 本次订阅抓取结果统计:
[2025-11-12 03:21:30] 共 63 条RSS, 成功抓取 55 条.
[2025-11-12 03:21:30] ✘ 有 7 条订阅解析失败:
[2025-11-12 03:21:30] - https://tcxx.info/feed
[2025-11-12 03:21:30] - https://tumutanzi.com/feed
[2025-11-12 03:21:30] - https://geekinney.com/index.xml
[2025-11-12 03:21:30] - https://blog.twofei.com/rss
[2025-11-12 03:21:30] - https://suus.me/index.xml
[2025-11-12 03:21:30] - https://yinwang1.substack.com/feed
[2025-11-12 03:21:30] - https://botanwang.com/rss.xml
[2025-11-12 03:21:30] ✘ 有 1 条订阅为空:
[2025-11-12 03:21:30] - http://feeds.feedburner.com/zhihu-daily
[2025-11-12 03:21:30] ✘ 有 1 条订阅头像字段为空, 已使用默认头像:
[2025-11-12 03:21:30] - https://feed.cnblogs.com/blog/u/66551/rss/
[2025-11-12 03:21:30] ✘ 有 4 条订阅头像无法访问, 已使用默认头像:
[2025-11-12 03:21:30] - http://feeds.feedburner.com/ruanyifeng
[2025-11-12 03:21:30] - https://skywind.me/blog/feed
[2025-11-12 03:21:30] - https://www.douban.com/feed/review/book
[2025-11-12 03:21:30] - http://weiwuhui.com/feed
[2025-11-12 04:03:15] 抓取到的文章与现有数据相同，无需更新。
[2025-11-12 05:01:58] 抓取到的文章与现有数据相同，无需更新。
[2025-11-12 06:02:10] 抓取到的文章与现有数据相同，无需更新。
[2025-11-12 07:02:03] 本次订阅抓取结果统计:
[2025-11-12 07:02:03] 共 63 条RSS, 成功抓取 55 条.
[2025-11-12 07:02:03] ✘ 有 7 条订阅解析失败:
[2025-11-12 07:02:03] - https://tcxx.info/feed
[2025-11-12 07:02:03] - https://tumutanzi.com/feed
[2025-11-12 07:02:03] - https://geekinney.com/index.xml
[2025-11-12 07:02:03] - https://suus.me/index.xml
[2025-11-12 07:02:03] - https://blog.twofei.com/rss
[2025-11-12 07:02:03] - https://yinwang1.substack.com/feed
[2025-11-12 07:02:03] - https://botanwang.com/rss.xml
[2025-11-12 07:02:03] ✘ 有 1 条订阅为空:
[2025-11-12 07:02:03] - http://feeds.feedburner.com/zhihu-daily
[2025-11-12 07:02:03] ✘ 有 1 条订阅头像字段为空, 已使用默认头像:
[2025-11-12 07:02:03] - https://feed.cnblogs.com/blog/u/66551/rss/
[2025-11-12 07:02:03] ✘ 有 3 条订阅头像无法访问, 已使用默认头像:
[2025-11-12 07:02:03] - http://feeds.feedburner.com/ruanyifeng
[2025-11-12 07:02:03] - https://skywind.me/blog/feed
[2025-11-12 07:02:03] - https://www.douban.com/feed/review/book
[2025-11-12 08:02:41] 本次订阅抓取结果统计:
[2025-11-12 08:02:41] 共 63 条RSS, 成功抓取 55 条.
[2025-11-12 08:02:41] ✘ 有 7 条订阅解析失败:
[2025-11-12 08:02:41] - https://tumutanzi.com/feed
[2025-11-12 08:02:41] - https://tcxx.info/feed
[2025-11-12 08:02:41] - https://geekinney.com/index.xml
[2025-11-12 08:02:41] - https://blog.twofei.com/rss
[2025-11-12 08:02:41] - https://suus.me/index.xml
[2025-11-12 08:02:41] - https://yinwang1.substack.com/feed
[2025-11-12 08:02:41] - https://botanwang.com/rss.xml
[2025-11-12 08:02:41] ✘ 有 1 条订阅为空:
[2025-11-12 08:02:41] - http://feeds.feedburner.com/zhihu-daily
[2025-11-12 08:02:41] ✘ 有 1 条订阅头像字段为空, 已使用默认头像:
[2025-11-12 08:02:41] - https://feed.cnblogs.com/blog/u/66551/rss/
[2025-11-12 08:02:41] ✘ 有 3 条订阅头像无法访问, 已使用默认头像:
[2025-11-12 08:02:41] - http://feeds.feedburner.com/ruanyifeng
[2025-11-12 08:02:41] - https://skywind.me/blog/feed
[2025-11-12 08:02:41] - https://www.douban.com/feed/review/book
[2025-11-12 09:03:06] 抓取到的文章与现有数据相同，无需更新。
[2025-11-12 10:01:55] 本次订阅抓取结果统计:
[2025-11-12 10:01:55] 共 63 条RSS, 成功抓取 54 条.
[2025-11-12 10:01:55] ✘ 有 8 条订阅解析失败:
[2025-11-12 10:01:55] - https://tcxx.info/feed
[2025-11-12 10:01:55] - https://tumutanzi.com/feed
[2025-11-12 10:01:55] - https://limboy.me/index.xml
[2025-11-12 10:01:55] - https://geekinney.com/index.xml
[2025-11-12 10:01:55] - https://blog.twofei.com/rss
[2025-11-12 10:01:55] - https://suus.me/index.xml
[2025-11-12 10:01:55] - https://yinwang1.substack.com/feed
[2025-11-12 10:01:55] - https://botanwang.com/rss.xml
[2025-11-12 10:01:55] ✘ 有 1 条订阅为空:
[2025-11-12 10:01:55] - http://feeds.feedburner.com/zhihu-daily
[2025-11-12 10:01:55] ✘ 有 1 条订阅头像字段为空, 已使用默认头像:
[2025-11-12 10:01:55] - https://feed.cnblogs.com/blog/u/66551/rss/
[2025-11-12 10:01:55] ✘ 有 3 条订阅头像无法访问, 已使用默认头像:
[2025-11-12 10:01:55] - http://feeds.feedburner.com/ruanyifeng
[2025-11-12 10:01:55] - https://skywind.me/blog/feed
[2025-11-12 10:01:55] - https://www.douban.com/feed/review/book
[2025-11-12 11:01:55] 抓取到的文章与现有数据相同，无需更新。
[2025-11-12 12:04:04] 本次订阅抓取结果统计:
[2025-11-12 12:04:04] 共 63 条RSS, 成功抓取 53 条.
[2025-11-12 12:04:04] ✘ 有 9 条订阅解析失败:
[2025-11-12 12:04:04] - https://tumutanzi.com/feed
[2025-11-12 12:04:04] - https://tcxx.info/feed
[2025-11-12 12:04:04] - https://geekinney.com/index.xml
[2025-11-12 12:04:04] - https://blog.twofei.com/rss
[2025-11-12 12:04:04] - https://suus.me/index.xml
[2025-11-12 12:04:04] - https://yinwang1.substack.com/feed
[2025-11-12 12:04:04] - https://botanwang.com/rss.xml
[2025-11-12 12:04:04] - https://limboy.me/index.xml
[2025-11-12 12:04:04] - https://lutaonan.com/rss.xml
[2025-11-12 12:04:04] ✘ 有 1 条订阅为空:
[2025-11-12 12:04:04] - http://feeds.feedburner.com/zhihu-daily
[2025-11-12 12:04:04] ✘ 有 1 条订阅头像字段为空, 已使用默认头像:
[2025-11-12 12:04:04] - https://feed.cnblogs.com/blog/u/66551/rss/
[2025-11-12 12:04:04] ✘ 有 3 条订阅头像无法访问, 已使用默认头像:
[2025-11-12 12:04:04] - http://feeds.feedburner.com/ruanyifeng
[2025-11-12 12:04:04] - https://skywind.me/blog/feed
[2025-11-12 12:04:04] - https://www.douban.com/feed/review/book
[2025-11-12 13:12:20] 本次订阅抓取结果统计:
[2025-11-12 13:12:20] 共 63 条RSS, 成功抓取 54 条.
[2025-11-12 13:12:20] ✘ 有 8 条订阅解析失败:
[2025-11-12 13:12:20] - https://limboy.me/index.xml
[2025-11-12 13:12:20] - https://tumutanzi.com/feed
[2025-11-12 13:12:20] - https://tcxx.info/feed
[2025-11-12 13:12:20] - https://blog.twofei.com/rss
[2025-11-12 13:12:20] - https://geekinney.com/index.xml
[2025-11-12 13:12:20] - https://suus.me/index.xml
[2025-11-12 13:12:20] - https://yinwang1.substack.com/feed
[2025-11-12 13:12:20] - https://botanwang.com/rss.xml
[2025-11-12 13:12:20] ✘ 有 1 条订阅为空:
[2025-11-12 13:12:20] - http://feeds.feedburner.com/zhihu-daily
[2025-11-12 13:12:20] ✘ 有 1 条订阅头像字段为空, 已使用默认头像:
[2025-11-12 13:12:20] - https://feed.cnblogs.com/blog/u/66551/rss/
[2025-11-12 13:12:20] ✘ 有 3 条订阅头像无法访问, 已使用默认头像:
[2025-11-12 13:12:20] - http://feeds.feedburner.com/ruanyifeng
[2025-11-12 13:12:20] - https://skywind.me/blog/feed
[2025-11-12 13:12:20] - https://www.douban.com/feed/review/book
[2025-11-12 14:02:16] 本次订阅抓取结果统计:
[2025-11-12 14:02:16] 共 63 条RSS, 成功抓取 55 条.
[2025-11-12 14:02:16] ✘ 有 7 条订阅解析失败:
[2025-11-12 14:02:16] - https://tcxx.info/feed
[2025-11-12 14:02:16] - https://tumutanzi.com/feed
[2025-11-12 14:02:16] - https://geekinney.com/index.xml
[2025-11-12 14:02:16] - https://blog.twofei.com/rss
[2025-11-12 14:02:16] - https://suus.me/index.xml
[2025-11-12 14:02:16] - https://yinwang1.substack.com/feed
[2025-11-12 14:02:16] - https://botanwang.com/rss.xml
[2025-11-12 14:02:16] ✘ 有 1 条订阅为空:
[2025-11-12 14:02:16] - http://feeds.feedburner.com/zhihu-daily
[2025-11-12 14:02:16] ✘ 有 1 条订阅头像字段为空, 已使用默认头像:
[2025-11-12 14:02:16] - https://feed.cnblogs.com/blog/u/66551/rss/
[2025-11-12 14:02:16] ✘ 有 3 条订阅头像无法访问, 已使用默认头像:
[2025-11-12 14:02:16] - http://feeds.feedburner.com/ruanyifeng
[2025-11-12 14:02:16] - https://skywind.me/blog/feed
[2025-11-12 14:02:16] - https://www.douban.com/feed/review/book
[2025-11-12 15:02:03] 抓取到的文章与现有数据相同，无需更新。
