[2025-10-20 00:04:45] 抓取到的文章与现有数据相同，无需更新。
[2025-10-20 01:30:00] 本次订阅抓取结果统计:
[2025-10-20 01:30:00] 共 63 条RSS, 成功抓取 55 条.
[2025-10-20 01:30:00] ✘ 有 7 条订阅解析失败:
[2025-10-20 01:30:00] - https://tcxx.info/feed
[2025-10-20 01:30:00] - https://tumutanzi.com/feed
[2025-10-20 01:30:00] - https://geekinney.com/index.xml
[2025-10-20 01:30:00] - https://suus.me/index.xml
[2025-10-20 01:30:00] - https://yinwang1.substack.com/feed
[2025-10-20 01:30:00] - https://botanwang.com/rss.xml
[2025-10-20 01:30:00] - https://www.douban.com/feed/review/book
[2025-10-20 01:30:00] ✘ 有 1 条订阅为空:
[2025-10-20 01:30:00] - http://feeds.feedburner.com/zhihu-daily
[2025-10-20 01:30:00] ✘ 有 1 条订阅头像字段为空, 已使用默认头像:
[2025-10-20 01:30:00] - https://feed.cnblogs.com/blog/u/66551/rss/
[2025-10-20 01:30:00] ✘ 有 2 条订阅头像无法访问, 已使用默认头像:
[2025-10-20 01:30:00] - http://feeds.feedburner.com/ruanyifeng
[2025-10-20 01:30:00] - https://skywind.me/blog/feed
[2025-10-20 02:31:12] 抓取到的文章与现有数据相同，无需更新。
[2025-10-20 03:23:11] 本次订阅抓取结果统计:
[2025-10-20 03:23:11] 共 63 条RSS, 成功抓取 56 条.
[2025-10-20 03:23:11] ✘ 有 6 条订阅解析失败:
[2025-10-20 03:23:11] - https://tcxx.info/feed
[2025-10-20 03:23:11] - https://tumutanzi.com/feed
[2025-10-20 03:23:11] - https://geekinney.com/index.xml
[2025-10-20 03:23:11] - https://suus.me/index.xml
[2025-10-20 03:23:11] - https://yinwang1.substack.com/feed
[2025-10-20 03:23:11] - https://botanwang.com/rss.xml
[2025-10-20 03:23:11] ✘ 有 1 条订阅为空:
[2025-10-20 03:23:11] - http://feeds.feedburner.com/zhihu-daily
[2025-10-20 03:23:11] ✘ 有 1 条订阅头像字段为空, 已使用默认头像:
[2025-10-20 03:23:11] - https://feed.cnblogs.com/blog/u/66551/rss/
[2025-10-20 03:23:11] ✘ 有 3 条订阅头像无法访问, 已使用默认头像:
[2025-10-20 03:23:11] - http://feeds.feedburner.com/ruanyifeng
[2025-10-20 03:23:11] - https://skywind.me/blog/feed
[2025-10-20 03:23:11] - https://www.douban.com/feed/review/book
[2025-10-20 04:05:15] 抓取到的文章与现有数据相同，无需更新。
[2025-10-20 05:01:56] 本次订阅抓取结果统计:
[2025-10-20 05:01:56] 共 63 条RSS, 成功抓取 56 条.
[2025-10-20 05:01:56] ✘ 有 6 条订阅解析失败:
[2025-10-20 05:01:56] - https://tumutanzi.com/feed
[2025-10-20 05:01:56] - https://tcxx.info/feed
[2025-10-20 05:01:56] - https://geekinney.com/index.xml
[2025-10-20 05:01:56] - https://suus.me/index.xml
[2025-10-20 05:01:56] - https://yinwang1.substack.com/feed
[2025-10-20 05:01:56] - https://botanwang.com/rss.xml
[2025-10-20 05:01:56] ✘ 有 1 条订阅为空:
[2025-10-20 05:01:56] - http://feeds.feedburner.com/zhihu-daily
[2025-10-20 05:01:56] ✘ 有 1 条订阅头像字段为空, 已使用默认头像:
[2025-10-20 05:01:56] - https://feed.cnblogs.com/blog/u/66551/rss/
[2025-10-20 05:01:56] ✘ 有 3 条订阅头像无法访问, 已使用默认头像:
[2025-10-20 05:01:56] - http://feeds.feedburner.com/ruanyifeng
[2025-10-20 05:01:56] - https://skywind.me/blog/feed
[2025-10-20 05:01:56] - https://www.douban.com/feed/review/book
[2025-10-20 06:02:56] 本次订阅抓取结果统计:
[2025-10-20 06:02:56] 共 63 条RSS, 成功抓取 55 条.
[2025-10-20 06:02:56] ✘ 有 7 条订阅解析失败:
[2025-10-20 06:02:56] - https://tcxx.info/feed
[2025-10-20 06:02:56] - https://tumutanzi.com/feed
[2025-10-20 06:02:56] - https://geekinney.com/index.xml
[2025-10-20 06:02:56] - https://suus.me/index.xml
[2025-10-20 06:02:56] - https://yinwang1.substack.com/feed
[2025-10-20 06:02:56] - https://botanwang.com/rss.xml
[2025-10-20 06:02:56] - http://www.auiou.com/feed/
[2025-10-20 06:02:56] ✘ 有 1 条订阅为空:
[2025-10-20 06:02:56] - http://feeds.feedburner.com/zhihu-daily
[2025-10-20 06:02:56] ✘ 有 1 条订阅头像字段为空, 已使用默认头像:
[2025-10-20 06:02:56] - https://feed.cnblogs.com/blog/u/66551/rss/
[2025-10-20 06:02:56] ✘ 有 3 条订阅头像无法访问, 已使用默认头像:
[2025-10-20 06:02:56] - http://feeds.feedburner.com/ruanyifeng
[2025-10-20 06:02:56] - https://skywind.me/blog/feed
[2025-10-20 06:02:56] - https://www.douban.com/feed/review/book
[2025-10-20 07:01:47] 本次订阅抓取结果统计:
[2025-10-20 07:01:47] 共 63 条RSS, 成功抓取 56 条.
[2025-10-20 07:01:47] ✘ 有 6 条订阅解析失败:
[2025-10-20 07:01:47] - https://tcxx.info/feed
[2025-10-20 07:01:47] - https://tumutanzi.com/feed
[2025-10-20 07:01:47] - https://geekinney.com/index.xml
[2025-10-20 07:01:47] - https://suus.me/index.xml
[2025-10-20 07:01:47] - https://yinwang1.substack.com/feed
[2025-10-20 07:01:47] - https://botanwang.com/rss.xml
[2025-10-20 07:01:47] ✘ 有 1 条订阅为空:
[2025-10-20 07:01:47] - http://feeds.feedburner.com/zhihu-daily
[2025-10-20 07:01:47] ✘ 有 1 条订阅头像字段为空, 已使用默认头像:
[2025-10-20 07:01:47] - https://feed.cnblogs.com/blog/u/66551/rss/
[2025-10-20 07:01:47] ✘ 有 3 条订阅头像无法访问, 已使用默认头像:
[2025-10-20 07:01:47] - http://feeds.feedburner.com/ruanyifeng
[2025-10-20 07:01:47] - https://skywind.me/blog/feed
[2025-10-20 07:01:47] - https://www.douban.com/feed/review/book
