[2025-09-28 00:04:57] 抓取到的文章与现有数据相同，无需更新。
[2025-09-28 01:30:11] 抓取到的文章与现有数据相同，无需更新。
[2025-09-28 02:29:50] 本次订阅抓取结果统计:
[2025-09-28 02:29:50] 共 60 条RSS, 成功抓取 54 条.
[2025-09-28 02:29:50] ✘ 有 5 条订阅解析失败:
[2025-09-28 02:29:50] - https://tcxx.info/feed
[2025-09-28 02:29:50] - https://tumutanzi.com/feed
[2025-09-28 02:29:50] - https://geekinney.com/index.xml
[2025-09-28 02:29:50] - https://yinwang1.substack.com/feed
[2025-09-28 02:29:50] - https://botanwang.com/rss.xml
[2025-09-28 02:29:50] ✘ 有 1 条订阅为空:
[2025-09-28 02:29:50] - http://feeds.feedburner.com/zhihu-daily
[2025-09-28 02:29:50] ✘ 有 1 条订阅头像字段为空, 已使用默认头像:
[2025-09-28 02:29:50] - https://feed.cnblogs.com/blog/u/66551/rss/
[2025-09-28 02:29:50] ✘ 有 7 条订阅头像无法访问, 已使用默认头像:
[2025-09-28 02:29:50] - http://feeds.feedburner.com/ruanyifeng
[2025-09-28 02:29:50] - https://www.loyhome.com/feed
[2025-09-28 02:29:50] - https://a4.zyzhang.com/index.xml
[2025-09-28 02:29:50] - https://skywind.me/blog/feed
[2025-09-28 02:29:50] - https://laike9m.com/blog/rss/
[2025-09-28 02:29:50] - https://www.douban.com/feed/review/book
[2025-09-28 02:29:50] - https://www.mrhe.net/feed
[2025-09-28 03:18:05] 本次订阅抓取结果统计:
[2025-09-28 03:18:05] 共 60 条RSS, 成功抓取 54 条.
[2025-09-28 03:18:05] ✘ 有 5 条订阅解析失败:
[2025-09-28 03:18:05] - https://tumutanzi.com/feed
[2025-09-28 03:18:05] - https://tcxx.info/feed
[2025-09-28 03:18:05] - https://geekinney.com/index.xml
[2025-09-28 03:18:05] - https://yinwang1.substack.com/feed
[2025-09-28 03:18:05] - https://botanwang.com/rss.xml
[2025-09-28 03:18:05] ✘ 有 1 条订阅为空:
[2025-09-28 03:18:05] - http://feeds.feedburner.com/zhihu-daily
[2025-09-28 03:18:05] ✘ 有 1 条订阅头像字段为空, 已使用默认头像:
[2025-09-28 03:18:05] - https://feed.cnblogs.com/blog/u/66551/rss/
[2025-09-28 03:18:05] ✘ 有 7 条订阅头像无法访问, 已使用默认头像:
[2025-09-28 03:18:05] - http://feeds.feedburner.com/ruanyifeng
[2025-09-28 03:18:05] - https://www.loyhome.com/feed
[2025-09-28 03:18:05] - https://a4.zyzhang.com/index.xml
[2025-09-28 03:18:05] - https://laike9m.com/blog/rss/
[2025-09-28 03:18:05] - https://skywind.me/blog/feed
[2025-09-28 03:18:05] - https://www.mrhe.net/feed
[2025-09-28 03:18:05] - https://www.douban.com/feed/review/book
[2025-09-28 04:01:48] 本次订阅抓取结果统计:
[2025-09-28 04:01:48] 共 60 条RSS, 成功抓取 53 条.
[2025-09-28 04:01:48] ✘ 有 5 条订阅解析失败:
[2025-09-28 04:01:48] - https://tcxx.info/feed
[2025-09-28 04:01:48] - https://tumutanzi.com/feed
[2025-09-28 04:01:48] - https://geekinney.com/index.xml
[2025-09-28 04:01:48] - https://yinwang1.substack.com/feed
[2025-09-28 04:01:48] - https://botanwang.com/rss.xml
[2025-09-28 04:01:48] ✘ 有 2 条订阅为空:
[2025-09-28 04:01:48] - http://feeds.feedburner.com/zhihu-daily
[2025-09-28 04:01:48] - https://diygod.cc/feed
[2025-09-28 04:01:48] ✘ 有 1 条订阅头像字段为空, 已使用默认头像:
[2025-09-28 04:01:48] - https://feed.cnblogs.com/blog/u/66551/rss/
[2025-09-28 04:01:48] ✘ 有 7 条订阅头像无法访问, 已使用默认头像:
[2025-09-28 04:01:48] - http://feeds.feedburner.com/ruanyifeng
[2025-09-28 04:01:48] - https://www.loyhome.com/feed
[2025-09-28 04:01:48] - https://a4.zyzhang.com/index.xml
[2025-09-28 04:01:48] - https://skywind.me/blog/feed
[2025-09-28 04:01:48] - https://laike9m.com/blog/rss/
[2025-09-28 04:01:48] - https://www.douban.com/feed/review/book
[2025-09-28 04:01:48] - https://www.mrhe.net/feed
[2025-09-28 05:01:49] 本次订阅抓取结果统计:
[2025-09-28 05:01:49] 共 60 条RSS, 成功抓取 54 条.
[2025-09-28 05:01:49] ✘ 有 5 条订阅解析失败:
[2025-09-28 05:01:49] - https://tumutanzi.com/feed
[2025-09-28 05:01:49] - https://tcxx.info/feed
[2025-09-28 05:01:49] - https://geekinney.com/index.xml
[2025-09-28 05:01:49] - https://yinwang1.substack.com/feed
[2025-09-28 05:01:49] - https://botanwang.com/rss.xml
[2025-09-28 05:01:49] ✘ 有 1 条订阅为空:
[2025-09-28 05:01:49] - http://feeds.feedburner.com/zhihu-daily
[2025-09-28 05:01:49] ✘ 有 1 条订阅头像字段为空, 已使用默认头像:
[2025-09-28 05:01:49] - https://feed.cnblogs.com/blog/u/66551/rss/
[2025-09-28 05:01:49] ✘ 有 7 条订阅头像无法访问, 已使用默认头像:
[2025-09-28 05:01:49] - http://feeds.feedburner.com/ruanyifeng
[2025-09-28 05:01:49] - https://www.loyhome.com/feed
[2025-09-28 05:01:49] - https://a4.zyzhang.com/index.xml
[2025-09-28 05:01:49] - https://laike9m.com/blog/rss/
[2025-09-28 05:01:49] - https://skywind.me/blog/feed
[2025-09-28 05:01:49] - https://www.douban.com/feed/review/book
[2025-09-28 05:01:49] - https://www.mrhe.net/feed
[2025-09-28 06:01:57] 抓取到的文章与现有数据相同，无需更新。
[2025-09-28 07:01:57] 本次订阅抓取结果统计:
[2025-09-28 07:01:57] 共 60 条RSS, 成功抓取 53 条.
[2025-09-28 07:01:57] ✘ 有 5 条订阅解析失败:
[2025-09-28 07:01:57] - https://tcxx.info/feed
[2025-09-28 07:01:57] - https://tumutanzi.com/feed
[2025-09-28 07:01:57] - https://geekinney.com/index.xml
[2025-09-28 07:01:57] - https://yinwang1.substack.com/feed
[2025-09-28 07:01:57] - https://botanwang.com/rss.xml
[2025-09-28 07:01:57] ✘ 有 2 条订阅为空:
[2025-09-28 07:01:57] - http://feeds.feedburner.com/zhihu-daily
[2025-09-28 07:01:57] - https://diygod.cc/feed
[2025-09-28 07:01:57] ✘ 有 1 条订阅头像字段为空, 已使用默认头像:
[2025-09-28 07:01:57] - https://feed.cnblogs.com/blog/u/66551/rss/
[2025-09-28 07:01:57] ✘ 有 7 条订阅头像无法访问, 已使用默认头像:
[2025-09-28 07:01:57] - http://feeds.feedburner.com/ruanyifeng
[2025-09-28 07:01:57] - https://www.loyhome.com/feed
[2025-09-28 07:01:57] - https://a4.zyzhang.com/index.xml
[2025-09-28 07:01:57] - https://laike9m.com/blog/rss/
[2025-09-28 07:01:57] - https://skywind.me/blog/feed
[2025-09-28 07:01:57] - https://www.douban.com/feed/review/book
[2025-09-28 07:01:57] - https://www.mrhe.net/feed
[2025-09-28 08:01:54] 本次订阅抓取结果统计:
[2025-09-28 08:01:54] 共 60 条RSS, 成功抓取 54 条.
[2025-09-28 08:01:54] ✘ 有 5 条订阅解析失败:
[2025-09-28 08:01:54] - https://tumutanzi.com/feed
[2025-09-28 08:01:54] - https://tcxx.info/feed
[2025-09-28 08:01:54] - https://geekinney.com/index.xml
[2025-09-28 08:01:54] - https://yinwang1.substack.com/feed
[2025-09-28 08:01:54] - https://botanwang.com/rss.xml
[2025-09-28 08:01:54] ✘ 有 1 条订阅为空:
[2025-09-28 08:01:54] - http://feeds.feedburner.com/zhihu-daily
[2025-09-28 08:01:54] ✘ 有 1 条订阅头像字段为空, 已使用默认头像:
[2025-09-28 08:01:54] - https://feed.cnblogs.com/blog/u/66551/rss/
[2025-09-28 08:01:54] ✘ 有 7 条订阅头像无法访问, 已使用默认头像:
[2025-09-28 08:01:54] - http://feeds.feedburner.com/ruanyifeng
[2025-09-28 08:01:54] - https://www.loyhome.com/feed
[2025-09-28 08:01:54] - https://a4.zyzhang.com/index.xml
[2025-09-28 08:01:54] - https://skywind.me/blog/feed
[2025-09-28 08:01:54] - https://laike9m.com/blog/rss/
[2025-09-28 08:01:54] - https://www.douban.com/feed/review/book
[2025-09-28 08:01:54] - https://www.mrhe.net/feed
[2025-09-28 10:01:51] 本次订阅抓取结果统计:
[2025-09-28 10:01:51] 共 60 条RSS, 成功抓取 54 条.
[2025-09-28 10:01:51] ✘ 有 5 条订阅解析失败:
[2025-09-28 10:01:51] - https://tumutanzi.com/feed
[2025-09-28 10:01:51] - https://tcxx.info/feed
[2025-09-28 10:01:51] - https://geekinney.com/index.xml
[2025-09-28 10:01:51] - https://yinwang1.substack.com/feed
[2025-09-28 10:01:51] - https://botanwang.com/rss.xml
[2025-09-28 10:01:51] ✘ 有 1 条订阅为空:
[2025-09-28 10:01:51] - http://feeds.feedburner.com/zhihu-daily
[2025-09-28 10:01:51] ✘ 有 1 条订阅头像字段为空, 已使用默认头像:
[2025-09-28 10:01:51] - https://feed.cnblogs.com/blog/u/66551/rss/
[2025-09-28 10:01:51] ✘ 有 7 条订阅头像无法访问, 已使用默认头像:
[2025-09-28 10:01:51] - http://feeds.feedburner.com/ruanyifeng
[2025-09-28 10:01:51] - https://www.loyhome.com/feed
[2025-09-28 10:01:51] - https://a4.zyzhang.com/index.xml
[2025-09-28 10:01:51] - https://laike9m.com/blog/rss/
[2025-09-28 10:01:51] - https://skywind.me/blog/feed
[2025-09-28 10:01:51] - https://www.mrhe.net/feed
[2025-09-28 10:01:51] - https://www.douban.com/feed/review/book
[2025-09-28 10:41:57] 本次订阅抓取结果统计:
[2025-09-28 10:41:57] 共 60 条RSS, 成功抓取 54 条.
[2025-09-28 10:41:57] ✘ 有 5 条订阅解析失败:
[2025-09-28 10:41:57] - https://tumutanzi.com/feed
[2025-09-28 10:41:57] - https://tcxx.info/feed
[2025-09-28 10:41:57] - https://geekinney.com/index.xml
[2025-09-28 10:41:57] - https://yinwang1.substack.com/feed
[2025-09-28 10:41:57] - https://botanwang.com/rss.xml
[2025-09-28 10:41:57] ✘ 有 1 条订阅为空:
[2025-09-28 10:41:57] - http://feeds.feedburner.com/zhihu-daily
[2025-09-28 10:41:57] ✘ 有 1 条订阅头像字段为空, 已使用默认头像:
[2025-09-28 10:41:57] - https://feed.cnblogs.com/blog/u/66551/rss/
[2025-09-28 10:41:57] ✘ 有 7 条订阅头像无法访问, 已使用默认头像:
[2025-09-28 10:41:57] - http://feeds.feedburner.com/ruanyifeng
[2025-09-28 10:41:57] - https://www.loyhome.com/feed
[2025-09-28 10:41:57] - https://a4.zyzhang.com/index.xml
[2025-09-28 10:41:57] - https://skywind.me/blog/feed
[2025-09-28 10:41:57] - https://laike9m.com/blog/rss/
[2025-09-28 10:41:57] - https://www.douban.com/feed/review/book
[2025-09-28 10:41:57] - https://www.mrhe.net/feed
[2025-09-28 11:01:43] 本次订阅抓取结果统计:
[2025-09-28 11:01:43] 共 60 条RSS, 成功抓取 53 条.
[2025-09-28 11:01:43] ✘ 有 6 条订阅解析失败:
[2025-09-28 11:01:43] - https://tcxx.info/feed
[2025-09-28 11:01:43] - https://tumutanzi.com/feed
[2025-09-28 11:01:43] - https://geekinney.com/index.xml
[2025-09-28 11:01:43] - https://yinwang1.substack.com/feed
[2025-09-28 11:01:43] - https://botanwang.com/rss.xml
[2025-09-28 11:01:43] - https://www.douban.com/feed/review/book
[2025-09-28 11:01:43] ✘ 有 1 条订阅为空:
[2025-09-28 11:01:43] - http://feeds.feedburner.com/zhihu-daily
[2025-09-28 11:01:43] ✘ 有 1 条订阅头像字段为空, 已使用默认头像:
[2025-09-28 11:01:43] - https://feed.cnblogs.com/blog/u/66551/rss/
[2025-09-28 11:01:43] ✘ 有 6 条订阅头像无法访问, 已使用默认头像:
[2025-09-28 11:01:43] - http://feeds.feedburner.com/ruanyifeng
[2025-09-28 11:01:43] - https://www.loyhome.com/feed
[2025-09-28 11:01:43] - https://a4.zyzhang.com/index.xml
[2025-09-28 11:01:43] - https://skywind.me/blog/feed
[2025-09-28 11:01:43] - https://laike9m.com/blog/rss/
[2025-09-28 11:01:43] - https://www.mrhe.net/feed
[2025-09-28 12:01:57] 抓取到的文章与现有数据相同，无需更新。
[2025-09-28 13:05:23] 本次订阅抓取结果统计:
[2025-09-28 13:05:23] 共 60 条RSS, 成功抓取 54 条.
[2025-09-28 13:05:23] ✘ 有 5 条订阅解析失败:
[2025-09-28 13:05:23] - https://tumutanzi.com/feed
[2025-09-28 13:05:23] - https://tcxx.info/feed
[2025-09-28 13:05:23] - https://geekinney.com/index.xml
[2025-09-28 13:05:23] - https://yinwang1.substack.com/feed
[2025-09-28 13:05:23] - https://botanwang.com/rss.xml
[2025-09-28 13:05:23] ✘ 有 1 条订阅为空:
[2025-09-28 13:05:23] - http://feeds.feedburner.com/zhihu-daily
[2025-09-28 13:05:23] ✘ 有 1 条订阅头像字段为空, 已使用默认头像:
[2025-09-28 13:05:23] - https://feed.cnblogs.com/blog/u/66551/rss/
[2025-09-28 13:05:23] ✘ 有 7 条订阅头像无法访问, 已使用默认头像:
[2025-09-28 13:05:23] - http://feeds.feedburner.com/ruanyifeng
[2025-09-28 13:05:23] - https://www.loyhome.com/feed
[2025-09-28 13:05:23] - https://a4.zyzhang.com/index.xml
[2025-09-28 13:05:23] - https://skywind.me/blog/feed
[2025-09-28 13:05:23] - https://laike9m.com/blog/rss/
[2025-09-28 13:05:23] - https://www.douban.com/feed/review/book
[2025-09-28 13:05:23] - https://www.mrhe.net/feed
[2025-09-28 14:01:42] 抓取到的文章与现有数据相同，无需更新。
[2025-09-28 15:01:45] 抓取到的文章与现有数据相同，无需更新。
[2025-09-28 16:01:52] 本次订阅抓取结果统计:
[2025-09-28 16:01:52] 共 60 条RSS, 成功抓取 53 条.
[2025-09-28 16:01:52] ✘ 有 6 条订阅解析失败:
[2025-09-28 16:01:52] - https://tcxx.info/feed
[2025-09-28 16:01:52] - https://tumutanzi.com/feed
[2025-09-28 16:01:52] - https://geekinney.com/index.xml
[2025-09-28 16:01:52] - https://yinwang1.substack.com/feed
[2025-09-28 16:01:52] - https://botanwang.com/rss.xml
[2025-09-28 16:01:52] - https://www.douban.com/feed/review/book
[2025-09-28 16:01:52] ✘ 有 1 条订阅为空:
[2025-09-28 16:01:52] - http://feeds.feedburner.com/zhihu-daily
[2025-09-28 16:01:52] ✘ 有 1 条订阅头像字段为空, 已使用默认头像:
[2025-09-28 16:01:52] - https://feed.cnblogs.com/blog/u/66551/rss/
[2025-09-28 16:01:52] ✘ 有 6 条订阅头像无法访问, 已使用默认头像:
[2025-09-28 16:01:52] - http://feeds.feedburner.com/ruanyifeng
[2025-09-28 16:01:52] - https://www.loyhome.com/feed
[2025-09-28 16:01:52] - https://a4.zyzhang.com/index.xml
[2025-09-28 16:01:52] - https://laike9m.com/blog/rss/
[2025-09-28 16:01:52] - https://skywind.me/blog/feed
[2025-09-28 16:01:52] - https://www.mrhe.net/feed
