[2025-03-14 01:14:42] 本次订阅抓取结果统计:
[2025-03-14 01:14:42] 共 28 条RSS, 成功抓取 27 条.
[2025-03-14 01:14:42] ✘ 有 1 条订阅解析失败:
[2025-03-14 01:14:42] - https://tcxx.info/feed
[2025-03-14 01:14:42] ✘ 有 2 条订阅头像无法访问, 已使用默认头像:
[2025-03-14 01:14:42] - https://www.loyhome.com/feed
[2025-03-14 01:14:42] - http://feeds.feedburner.com/ruanyifeng
[2025-03-14 02:53:09] 本次订阅抓取结果统计:
[2025-03-14 02:53:09] 共 28 条RSS, 成功抓取 27 条.
[2025-03-14 02:53:09] ✘ 有 1 条订阅解析失败:
[2025-03-14 02:53:09] - https://tcxx.info/feed
[2025-03-14 02:53:09] ✘ 有 2 条订阅头像无法访问, 已使用默认头像:
[2025-03-14 02:53:09] - http://feeds.feedburner.com/ruanyifeng
[2025-03-14 02:53:09] - https://www.loyhome.com/feed
[2025-03-14 03:26:22] 本次订阅抓取结果统计:
[2025-03-14 03:26:22] 共 28 条RSS, 成功抓取 27 条.
[2025-03-14 03:26:22] ✘ 有 1 条订阅解析失败:
[2025-03-14 03:26:22] - https://tcxx.info/feed
[2025-03-14 03:26:22] ✘ 有 2 条订阅头像无法访问, 已使用默认头像:
[2025-03-14 03:26:22] - http://feeds.feedburner.com/ruanyifeng
[2025-03-14 03:26:22] - https://www.loyhome.com/feed
[2025-03-14 04:19:28] 本次订阅抓取结果统计:
[2025-03-14 04:19:28] 共 28 条RSS, 成功抓取 27 条.
[2025-03-14 04:19:28] ✘ 有 1 条订阅解析失败:
[2025-03-14 04:19:28] - https://tcxx.info/feed
[2025-03-14 04:19:28] ✘ 有 2 条订阅头像无法访问, 已使用默认头像:
[2025-03-14 04:19:28] - http://feeds.feedburner.com/ruanyifeng
[2025-03-14 04:19:28] - https://www.loyhome.com/feed
[2025-03-14 05:15:46] 本次订阅抓取结果统计:
[2025-03-14 05:15:46] 共 28 条RSS, 成功抓取 27 条.
[2025-03-14 05:15:46] ✘ 有 1 条订阅解析失败:
[2025-03-14 05:15:46] - https://tcxx.info/feed
[2025-03-14 05:15:46] ✘ 有 2 条订阅头像无法访问, 已使用默认头像:
[2025-03-14 05:15:46] - http://feeds.feedburner.com/ruanyifeng
[2025-03-14 05:15:46] - https://www.loyhome.com/feed
[2025-03-14 06:22:28] 本次订阅抓取结果统计:
[2025-03-14 06:22:28] 共 28 条RSS, 成功抓取 27 条.
[2025-03-14 06:22:28] ✘ 有 1 条订阅解析失败:
[2025-03-14 06:22:28] - https://tcxx.info/feed
[2025-03-14 06:22:28] ✘ 有 2 条订阅头像无法访问, 已使用默认头像:
[2025-03-14 06:22:28] - http://feeds.feedburner.com/ruanyifeng
[2025-03-14 06:22:28] - https://www.loyhome.com/feed
[2025-03-14 07:15:57] 本次订阅抓取结果统计:
[2025-03-14 07:15:57] 共 28 条RSS, 成功抓取 27 条.
[2025-03-14 07:15:57] ✘ 有 1 条订阅解析失败:
[2025-03-14 07:15:57] - https://tcxx.info/feed
[2025-03-14 07:15:57] ✘ 有 2 条订阅头像无法访问, 已使用默认头像:
[2025-03-14 07:15:57] - http://feeds.feedburner.com/ruanyifeng
[2025-03-14 07:15:57] - https://www.loyhome.com/feed
[2025-03-14 08:20:51] 本次订阅抓取结果统计:
[2025-03-14 08:20:51] 共 28 条RSS, 成功抓取 27 条.
[2025-03-14 08:20:51] ✘ 有 1 条订阅解析失败:
[2025-03-14 08:20:51] - https://tcxx.info/feed
[2025-03-14 08:20:51] ✘ 有 2 条订阅头像无法访问, 已使用默认头像:
[2025-03-14 08:20:51] - http://feeds.feedburner.com/ruanyifeng
[2025-03-14 08:20:51] - https://www.loyhome.com/feed
[2025-03-14 09:17:37] 本次订阅抓取结果统计:
[2025-03-14 09:17:37] 共 28 条RSS, 成功抓取 27 条.
[2025-03-14 09:17:37] ✘ 有 1 条订阅解析失败:
[2025-03-14 09:17:37] - https://tcxx.info/feed
[2025-03-14 09:17:37] ✘ 有 2 条订阅头像无法访问, 已使用默认头像:
[2025-03-14 09:17:37] - http://feeds.feedburner.com/ruanyifeng
[2025-03-14 09:17:37] - https://www.loyhome.com/feed
[2025-03-14 10:17:44] 本次订阅抓取结果统计:
[2025-03-14 10:17:44] 共 28 条RSS, 成功抓取 27 条.
[2025-03-14 10:17:44] ✘ 有 1 条订阅解析失败:
[2025-03-14 10:17:44] - https://tcxx.info/feed
[2025-03-14 10:17:44] ✘ 有 2 条订阅头像无法访问, 已使用默认头像:
[2025-03-14 10:17:44] - http://feeds.feedburner.com/ruanyifeng
[2025-03-14 10:17:44] - https://www.loyhome.com/feed
[2025-03-14 11:13:54] 本次订阅抓取结果统计:
[2025-03-14 11:13:54] 共 28 条RSS, 成功抓取 27 条.
[2025-03-14 11:13:54] ✘ 有 1 条订阅解析失败:
[2025-03-14 11:13:54] - https://tcxx.info/feed
[2025-03-14 11:13:54] ✘ 有 2 条订阅头像无法访问, 已使用默认头像:
[2025-03-14 11:13:54] - http://feeds.feedburner.com/ruanyifeng
[2025-03-14 11:13:54] - https://www.loyhome.com/feed
[2025-03-14 12:31:10] 本次订阅抓取结果统计:
[2025-03-14 12:31:10] 共 28 条RSS, 成功抓取 27 条.
[2025-03-14 12:31:10] ✘ 有 1 条订阅解析失败:
[2025-03-14 12:31:10] - https://tcxx.info/feed
[2025-03-14 12:31:10] ✘ 有 2 条订阅头像无法访问, 已使用默认头像:
[2025-03-14 12:31:10] - http://feeds.feedburner.com/ruanyifeng
[2025-03-14 12:31:10] - https://www.loyhome.com/feed
[2025-03-14 13:22:48] 本次订阅抓取结果统计:
[2025-03-14 13:22:48] 共 28 条RSS, 成功抓取 27 条.
[2025-03-14 13:22:48] ✘ 有 1 条订阅解析失败:
[2025-03-14 13:22:48] - https://tcxx.info/feed
[2025-03-14 13:22:48] ✘ 有 2 条订阅头像无法访问, 已使用默认头像:
[2025-03-14 13:22:48] - https://www.loyhome.com/feed
[2025-03-14 13:22:48] - http://feeds.feedburner.com/ruanyifeng
[2025-03-14 14:15:02] 本次订阅抓取结果统计:
[2025-03-14 14:15:02] 共 28 条RSS, 成功抓取 27 条.
[2025-03-14 14:15:02] ✘ 有 1 条订阅解析失败:
[2025-03-14 14:15:02] - https://tcxx.info/feed
[2025-03-14 14:15:02] ✘ 有 2 条订阅头像无法访问, 已使用默认头像:
[2025-03-14 14:15:02] - http://feeds.feedburner.com/ruanyifeng
[2025-03-14 14:15:02] - https://www.loyhome.com/feed
[2025-03-14 15:16:43] 本次订阅抓取结果统计:
[2025-03-14 15:16:43] 共 28 条RSS, 成功抓取 27 条.
[2025-03-14 15:16:43] ✘ 有 1 条订阅解析失败:
[2025-03-14 15:16:43] - https://tcxx.info/feed
[2025-03-14 15:16:43] ✘ 有 2 条订阅头像无法访问, 已使用默认头像:
[2025-03-14 15:16:43] - https://www.loyhome.com/feed
[2025-03-14 15:16:43] - http://feeds.feedburner.com/ruanyifeng
[2025-03-14 16:20:53] 本次订阅抓取结果统计:
[2025-03-14 16:20:53] 共 28 条RSS, 成功抓取 26 条.
[2025-03-14 16:20:53] ✘ 有 2 条订阅解析失败:
[2025-03-14 16:20:53] - https://tcxx.info/feed
[2025-03-14 16:20:53] - https://blog.yanqingshan.com/feed
[2025-03-14 16:20:53] ✘ 有 2 条订阅头像无法访问, 已使用默认头像:
[2025-03-14 16:20:53] - http://feeds.feedburner.com/ruanyifeng
[2025-03-14 16:20:53] - https://www.loyhome.com/feed
[2025-03-14 17:12:52] 本次订阅抓取结果统计:
[2025-03-14 17:12:52] 共 28 条RSS, 成功抓取 27 条.
[2025-03-14 17:12:52] ✘ 有 1 条订阅解析失败:
[2025-03-14 17:12:52] - https://tcxx.info/feed
[2025-03-14 17:12:52] ✘ 有 2 条订阅头像无法访问, 已使用默认头像:
[2025-03-14 17:12:52] - http://feeds.feedburner.com/ruanyifeng
[2025-03-14 17:12:52] - https://www.loyhome.com/feed
[2025-03-14 18:21:37] 本次订阅抓取结果统计:
[2025-03-14 18:21:37] 共 28 条RSS, 成功抓取 27 条.
[2025-03-14 18:21:37] ✘ 有 1 条订阅解析失败:
[2025-03-14 18:21:37] - https://tcxx.info/feed
[2025-03-14 18:21:37] ✘ 有 2 条订阅头像无法访问, 已使用默认头像:
[2025-03-14 18:21:37] - http://feeds.feedburner.com/ruanyifeng
[2025-03-14 18:21:37] - https://www.loyhome.com/feed
