[2025-06-10 00:04:45] 本次订阅抓取结果统计:
[2025-06-10 00:04:45] 共 45 条RSS, 成功抓取 44 条.
[2025-06-10 00:04:45] ✘ 有 1 条订阅解析失败:
[2025-06-10 00:04:45] - https://tcxx.info/feed
[2025-06-10 00:04:45] ✘ 有 4 条订阅头像无法访问, 已使用默认头像:
[2025-06-10 00:04:45] - http://feeds.feedburner.com/ruanyifeng
[2025-06-10 00:04:45] - https://www.loyhome.com/feed
[2025-06-10 00:04:45] - https://www.douban.com/feed/review/book
[2025-06-10 00:04:45] - https://feeds.appinn.com/appinns/
[2025-06-10 01:29:45] 本次订阅抓取结果统计:
[2025-06-10 01:29:45] 共 45 条RSS, 成功抓取 44 条.
[2025-06-10 01:29:45] ✘ 有 1 条订阅解析失败:
[2025-06-10 01:29:45] - https://tcxx.info/feed
[2025-06-10 01:29:45] ✘ 有 4 条订阅头像无法访问, 已使用默认头像:
[2025-06-10 01:29:45] - http://feeds.feedburner.com/ruanyifeng
[2025-06-10 01:29:45] - https://www.loyhome.com/feed
[2025-06-10 01:29:45] - https://www.douban.com/feed/review/book
[2025-06-10 01:29:45] - https://feeds.appinn.com/appinns/
[2025-06-10 02:32:32] 本次订阅抓取结果统计:
[2025-06-10 02:32:32] 共 45 条RSS, 成功抓取 44 条.
[2025-06-10 02:32:32] ✘ 有 1 条订阅解析失败:
[2025-06-10 02:32:32] - https://tcxx.info/feed
[2025-06-10 02:32:32] ✘ 有 3 条订阅头像无法访问, 已使用默认头像:
[2025-06-10 02:32:32] - http://feeds.feedburner.com/ruanyifeng
[2025-06-10 02:32:32] - https://www.loyhome.com/feed
[2025-06-10 02:32:32] - https://www.douban.com/feed/review/book
[2025-06-10 03:24:03] 本次订阅抓取结果统计:
[2025-06-10 03:24:03] 共 45 条RSS, 成功抓取 44 条.
[2025-06-10 03:24:03] ✘ 有 1 条订阅解析失败:
[2025-06-10 03:24:03] - https://tcxx.info/feed
[2025-06-10 03:24:03] ✘ 有 3 条订阅头像无法访问, 已使用默认头像:
[2025-06-10 03:24:03] - http://feeds.feedburner.com/ruanyifeng
[2025-06-10 03:24:03] - https://www.loyhome.com/feed
[2025-06-10 03:24:03] - https://www.douban.com/feed/review/book
