[2025-10-26 00:04:44] 抓取到的文章与现有数据相同，无需更新。
[2025-10-26 01:29:49] 本次订阅抓取结果统计:
[2025-10-26 01:29:49] 共 63 条RSS, 成功抓取 55 条.
[2025-10-26 01:29:49] ✘ 有 7 条订阅解析失败:
[2025-10-26 01:29:49] - https://tcxx.info/feed
[2025-10-26 01:29:49] - https://tumutanzi.com/feed
[2025-10-26 01:29:49] - https://geekinney.com/index.xml
[2025-10-26 01:29:49] - https://suus.me/index.xml
[2025-10-26 01:29:49] - https://yinwang1.substack.com/feed
[2025-10-26 01:29:49] - https://botanwang.com/rss.xml
[2025-10-26 01:29:49] - https://www.douban.com/feed/review/book
[2025-10-26 01:29:49] ✘ 有 1 条订阅为空:
[2025-10-26 01:29:49] - http://feeds.feedburner.com/zhihu-daily
[2025-10-26 01:29:49] ✘ 有 1 条订阅头像字段为空, 已使用默认头像:
[2025-10-26 01:29:49] - https://feed.cnblogs.com/blog/u/66551/rss/
[2025-10-26 01:29:49] ✘ 有 2 条订阅头像无法访问, 已使用默认头像:
[2025-10-26 01:29:49] - http://feeds.feedburner.com/ruanyifeng
[2025-10-26 01:29:49] - https://skywind.me/blog/feed
[2025-10-26 02:31:12] 本次订阅抓取结果统计:
[2025-10-26 02:31:12] 共 63 条RSS, 成功抓取 55 条.
[2025-10-26 02:31:12] ✘ 有 7 条订阅解析失败:
[2025-10-26 02:31:12] - https://tcxx.info/feed
[2025-10-26 02:31:12] - https://tumutanzi.com/feed
[2025-10-26 02:31:12] - https://geekinney.com/index.xml
[2025-10-26 02:31:12] - https://suus.me/index.xml
[2025-10-26 02:31:12] - https://yinwang1.substack.com/feed
[2025-10-26 02:31:12] - https://botanwang.com/rss.xml
[2025-10-26 02:31:12] - https://www.douban.com/feed/review/book
[2025-10-26 02:31:12] ✘ 有 1 条订阅为空:
[2025-10-26 02:31:12] - http://feeds.feedburner.com/zhihu-daily
[2025-10-26 02:31:12] ✘ 有 1 条订阅头像字段为空, 已使用默认头像:
[2025-10-26 02:31:12] - https://feed.cnblogs.com/blog/u/66551/rss/
[2025-10-26 02:31:12] ✘ 有 2 条订阅头像无法访问, 已使用默认头像:
[2025-10-26 02:31:12] - http://feeds.feedburner.com/ruanyifeng
[2025-10-26 02:31:12] - https://skywind.me/blog/feed
[2025-10-26 03:19:18] 本次订阅抓取结果统计:
[2025-10-26 03:19:18] 共 63 条RSS, 成功抓取 56 条.
[2025-10-26 03:19:18] ✘ 有 6 条订阅解析失败:
[2025-10-26 03:19:18] - https://tcxx.info/feed
[2025-10-26 03:19:18] - https://tumutanzi.com/feed
[2025-10-26 03:19:18] - https://suus.me/index.xml
[2025-10-26 03:19:18] - https://geekinney.com/index.xml
[2025-10-26 03:19:18] - https://yinwang1.substack.com/feed
[2025-10-26 03:19:18] - https://botanwang.com/rss.xml
[2025-10-26 03:19:18] ✘ 有 1 条订阅为空:
[2025-10-26 03:19:18] - http://feeds.feedburner.com/zhihu-daily
[2025-10-26 03:19:18] ✘ 有 1 条订阅头像字段为空, 已使用默认头像:
[2025-10-26 03:19:18] - https://feed.cnblogs.com/blog/u/66551/rss/
[2025-10-26 03:19:18] ✘ 有 3 条订阅头像无法访问, 已使用默认头像:
[2025-10-26 03:19:18] - http://feeds.feedburner.com/ruanyifeng
[2025-10-26 03:19:18] - https://skywind.me/blog/feed
[2025-10-26 03:19:18] - https://www.douban.com/feed/review/book
