[2025-09-03 00:04:10] 抓取到的文章与现有数据相同，无需更新。
[2025-09-03 01:29:01] 抓取到的文章与现有数据相同，无需更新。
[2025-09-03 02:25:15] 本次订阅抓取结果统计:
[2025-09-03 02:25:15] 共 57 条RSS, 成功抓取 52 条.
[2025-09-03 02:25:15] ✘ 有 5 条订阅解析失败:
[2025-09-03 02:25:15] - https://tcxx.info/feed
[2025-09-03 02:25:15] - https://tumutanzi.com/feed
[2025-09-03 02:25:15] - https://geekinney.com/index.xml
[2025-09-03 02:25:15] - https://yinwang1.substack.com/feed
[2025-09-03 02:25:15] - https://botanwang.com/rss.xml
[2025-09-03 02:25:15] ✘ 有 1 条订阅头像字段为空, 已使用默认头像:
[2025-09-03 02:25:15] - https://feed.cnblogs.com/blog/u/66551/rss/
[2025-09-03 02:25:15] ✘ 有 8 条订阅头像无法访问, 已使用默认头像:
[2025-09-03 02:25:15] - https://www.loyhome.com/feed
[2025-09-03 02:25:15] - http://feeds.feedburner.com/ruanyifeng
[2025-09-03 02:25:15] - https://a4.zyzhang.com/index.xml
[2025-09-03 02:25:15] - https://xyzbz.cn/feed
[2025-09-03 02:25:15] - https://www.geedea.pro/index.xml
[2025-09-03 02:25:15] - https://skywind.me/blog/feed
[2025-09-03 02:25:15] - https://laike9m.com/blog/rss/
[2025-09-03 02:25:15] - https://www.douban.com/feed/review/book
[2025-09-03 03:09:43] 抓取到的文章与现有数据相同，无需更新。
[2025-09-03 04:01:53] 本次订阅抓取结果统计:
[2025-09-03 04:01:53] 共 57 条RSS, 成功抓取 52 条.
[2025-09-03 04:01:53] ✘ 有 5 条订阅解析失败:
[2025-09-03 04:01:53] - https://tumutanzi.com/feed
[2025-09-03 04:01:53] - https://tcxx.info/feed
[2025-09-03 04:01:53] - https://geekinney.com/index.xml
[2025-09-03 04:01:53] - https://yinwang1.substack.com/feed
[2025-09-03 04:01:53] - https://botanwang.com/rss.xml
[2025-09-03 04:01:53] ✘ 有 1 条订阅头像字段为空, 已使用默认头像:
[2025-09-03 04:01:53] - https://feed.cnblogs.com/blog/u/66551/rss/
[2025-09-03 04:01:53] ✘ 有 8 条订阅头像无法访问, 已使用默认头像:
[2025-09-03 04:01:53] - https://hwv430.blogspot.com/feeds/posts/default
[2025-09-03 04:01:53] - http://feeds.feedburner.com/ruanyifeng
[2025-09-03 04:01:53] - https://www.loyhome.com/feed
[2025-09-03 04:01:53] - https://a4.zyzhang.com/index.xml
[2025-09-03 04:01:53] - https://www.geedea.pro/index.xml
[2025-09-03 04:01:53] - https://skywind.me/blog/feed
[2025-09-03 04:01:53] - https://laike9m.com/blog/rss/
[2025-09-03 04:01:53] - https://www.douban.com/feed/review/book
[2025-09-03 05:01:46] 抓取到的文章与现有数据相同，无需更新。
[2025-09-03 06:03:40] 本次订阅抓取结果统计:
[2025-09-03 06:03:40] 共 57 条RSS, 成功抓取 52 条.
[2025-09-03 06:03:40] ✘ 有 5 条订阅解析失败:
[2025-09-03 06:03:40] - https://tumutanzi.com/feed
[2025-09-03 06:03:40] - https://tcxx.info/feed
[2025-09-03 06:03:40] - https://geekinney.com/index.xml
[2025-09-03 06:03:40] - https://yinwang1.substack.com/feed
[2025-09-03 06:03:40] - https://botanwang.com/rss.xml
[2025-09-03 06:03:40] ✘ 有 1 条订阅头像字段为空, 已使用默认头像:
[2025-09-03 06:03:40] - https://feed.cnblogs.com/blog/u/66551/rss/
[2025-09-03 06:03:40] ✘ 有 9 条订阅头像无法访问, 已使用默认头像:
[2025-09-03 06:03:40] - https://hwv430.blogspot.com/feeds/posts/default
[2025-09-03 06:03:40] - http://feeds.feedburner.com/ruanyifeng
[2025-09-03 06:03:40] - https://www.loyhome.com/feed
[2025-09-03 06:03:40] - https://a4.zyzhang.com/index.xml
[2025-09-03 06:03:40] - https://www.geedea.pro/index.xml
[2025-09-03 06:03:40] - https://skywind.me/blog/feed
[2025-09-03 06:03:40] - https://laike9m.com/blog/rss/
[2025-09-03 06:03:40] - https://www.douban.com/feed/review/book
[2025-09-03 06:03:40] - https://www.luzhaojun.com/feed
[2025-09-03 07:01:48] 抓取到的文章与现有数据相同，无需更新。
[2025-09-03 08:01:56] 抓取到的文章与现有数据相同，无需更新。
