[2025-05-03 01:18:39] 本次订阅抓取结果统计:
[2025-05-03 01:18:39] 共 28 条RSS, 成功抓取 27 条.
[2025-05-03 01:18:39] ✘ 有 1 条订阅解析失败:
[2025-05-03 01:18:39] - https://tcxx.info/feed
[2025-05-03 01:18:39] ✘ 有 2 条订阅头像无法访问, 已使用默认头像:
[2025-05-03 01:18:39] - http://feeds.feedburner.com/ruanyifeng
[2025-05-03 01:18:39] - https://www.loyhome.com/feed
[2025-05-03 03:02:11] 本次订阅抓取结果统计:
[2025-05-03 03:02:11] 共 28 条RSS, 成功抓取 27 条.
[2025-05-03 03:02:11] ✘ 有 1 条订阅解析失败:
[2025-05-03 03:02:11] - https://tcxx.info/feed
[2025-05-03 03:02:11] ✘ 有 2 条订阅头像无法访问, 已使用默认头像:
[2025-05-03 03:02:11] - http://feeds.feedburner.com/ruanyifeng
[2025-05-03 03:02:11] - https://www.loyhome.com/feed
[2025-05-03 04:19:44] 本次订阅抓取结果统计:
[2025-05-03 04:19:44] 共 28 条RSS, 成功抓取 27 条.
[2025-05-03 04:19:44] ✘ 有 1 条订阅解析失败:
[2025-05-03 04:19:44] - https://tcxx.info/feed
[2025-05-03 04:19:44] ✘ 有 2 条订阅头像无法访问, 已使用默认头像:
[2025-05-03 04:19:44] - http://feeds.feedburner.com/ruanyifeng
[2025-05-03 04:19:44] - https://www.loyhome.com/feed
[2025-05-03 05:17:41] 本次订阅抓取结果统计:
[2025-05-03 05:17:41] 共 28 条RSS, 成功抓取 27 条.
[2025-05-03 05:17:41] ✘ 有 1 条订阅解析失败:
[2025-05-03 05:17:41] - https://tcxx.info/feed
[2025-05-03 05:17:41] ✘ 有 2 条订阅头像无法访问, 已使用默认头像:
[2025-05-03 05:17:41] - http://feeds.feedburner.com/ruanyifeng
[2025-05-03 05:17:41] - https://www.loyhome.com/feed
[2025-05-03 06:23:01] 本次订阅抓取结果统计:
[2025-05-03 06:23:01] 共 28 条RSS, 成功抓取 27 条.
[2025-05-03 06:23:01] ✘ 有 1 条订阅解析失败:
[2025-05-03 06:23:01] - https://tcxx.info/feed
[2025-05-03 06:23:01] ✘ 有 2 条订阅头像无法访问, 已使用默认头像:
[2025-05-03 06:23:01] - http://feeds.feedburner.com/ruanyifeng
[2025-05-03 06:23:01] - https://www.loyhome.com/feed
[2025-05-03 07:15:38] 本次订阅抓取结果统计:
[2025-05-03 07:15:38] 共 28 条RSS, 成功抓取 27 条.
[2025-05-03 07:15:38] ✘ 有 1 条订阅解析失败:
[2025-05-03 07:15:38] - https://tcxx.info/feed
[2025-05-03 07:15:38] ✘ 有 2 条订阅头像无法访问, 已使用默认头像:
[2025-05-03 07:15:38] - http://feeds.feedburner.com/ruanyifeng
[2025-05-03 07:15:38] - https://www.loyhome.com/feed
[2025-05-03 08:19:58] 本次订阅抓取结果统计:
[2025-05-03 08:19:58] 共 28 条RSS, 成功抓取 27 条.
[2025-05-03 08:19:58] ✘ 有 1 条订阅解析失败:
[2025-05-03 08:19:58] - https://tcxx.info/feed
[2025-05-03 08:19:58] ✘ 有 2 条订阅头像无法访问, 已使用默认头像:
[2025-05-03 08:19:58] - http://feeds.feedburner.com/ruanyifeng
[2025-05-03 08:19:58] - https://www.loyhome.com/feed
[2025-05-03 09:16:24] 本次订阅抓取结果统计:
[2025-05-03 09:16:24] 共 28 条RSS, 成功抓取 27 条.
[2025-05-03 09:16:24] ✘ 有 1 条订阅解析失败:
[2025-05-03 09:16:24] - https://tcxx.info/feed
[2025-05-03 09:16:24] ✘ 有 2 条订阅头像无法访问, 已使用默认头像:
[2025-05-03 09:16:24] - http://feeds.feedburner.com/ruanyifeng
[2025-05-03 09:16:24] - https://www.loyhome.com/feed
[2025-05-03 10:16:31] 本次订阅抓取结果统计:
[2025-05-03 10:16:31] 共 28 条RSS, 成功抓取 27 条.
[2025-05-03 10:16:31] ✘ 有 1 条订阅解析失败:
[2025-05-03 10:16:31] - https://tcxx.info/feed
[2025-05-03 10:16:31] ✘ 有 2 条订阅头像无法访问, 已使用默认头像:
[2025-05-03 10:16:31] - http://feeds.feedburner.com/ruanyifeng
[2025-05-03 10:16:31] - https://www.loyhome.com/feed
[2025-05-03 11:13:33] 本次订阅抓取结果统计:
[2025-05-03 11:13:33] 共 28 条RSS, 成功抓取 27 条.
[2025-05-03 11:13:33] ✘ 有 1 条订阅解析失败:
[2025-05-03 11:13:33] - https://tcxx.info/feed
[2025-05-03 11:13:33] ✘ 有 2 条订阅头像无法访问, 已使用默认头像:
[2025-05-03 11:13:33] - http://feeds.feedburner.com/ruanyifeng
[2025-05-03 11:13:33] - https://www.loyhome.com/feed
[2025-05-03 12:31:37] 本次订阅抓取结果统计:
[2025-05-03 12:31:37] 共 28 条RSS, 成功抓取 27 条.
[2025-05-03 12:31:37] ✘ 有 1 条订阅解析失败:
[2025-05-03 12:31:37] - https://tcxx.info/feed
[2025-05-03 12:31:37] ✘ 有 2 条订阅头像无法访问, 已使用默认头像:
[2025-05-03 12:31:37] - https://www.loyhome.com/feed
[2025-05-03 12:31:37] - http://feeds.feedburner.com/ruanyifeng
[2025-05-03 13:23:12] 本次订阅抓取结果统计:
[2025-05-03 13:23:12] 共 28 条RSS, 成功抓取 27 条.
[2025-05-03 13:23:12] ✘ 有 1 条订阅解析失败:
[2025-05-03 13:23:12] - https://tcxx.info/feed
[2025-05-03 13:23:12] ✘ 有 2 条订阅头像无法访问, 已使用默认头像:
[2025-05-03 13:23:12] - http://feeds.feedburner.com/ruanyifeng
[2025-05-03 13:23:12] - https://www.loyhome.com/feed
[2025-05-03 14:15:13] 本次订阅抓取结果统计:
[2025-05-03 14:15:13] 共 28 条RSS, 成功抓取 27 条.
[2025-05-03 14:15:13] ✘ 有 1 条订阅解析失败:
[2025-05-03 14:15:13] - https://tcxx.info/feed
[2025-05-03 14:15:13] ✘ 有 2 条订阅头像无法访问, 已使用默认头像:
[2025-05-03 14:15:13] - http://feeds.feedburner.com/ruanyifeng
[2025-05-03 14:15:13] - https://www.loyhome.com/feed
[2025-05-03 15:16:07] 本次订阅抓取结果统计:
[2025-05-03 15:16:07] 共 28 条RSS, 成功抓取 27 条.
[2025-05-03 15:16:07] ✘ 有 1 条订阅解析失败:
[2025-05-03 15:16:07] - https://tcxx.info/feed
[2025-05-03 15:16:07] ✘ 有 3 条订阅头像无法访问, 已使用默认头像:
[2025-05-03 15:16:07] - http://feeds.feedburner.com/ruanyifeng
[2025-05-03 15:16:07] - https://www.loyhome.com/feed
[2025-05-03 15:16:07] - https://blog.zhheo.com/rss.xml
[2025-05-03 16:19:24] 本次订阅抓取结果统计:
[2025-05-03 16:19:24] 共 28 条RSS, 成功抓取 27 条.
[2025-05-03 16:19:24] ✘ 有 1 条订阅解析失败:
[2025-05-03 16:19:24] - https://tcxx.info/feed
[2025-05-03 16:19:24] ✘ 有 2 条订阅头像无法访问, 已使用默认头像:
[2025-05-03 16:19:24] - http://feeds.feedburner.com/ruanyifeng
[2025-05-03 16:19:24] - https://www.loyhome.com/feed
[2025-05-03 17:14:08] 本次订阅抓取结果统计:
[2025-05-03 17:14:08] 共 28 条RSS, 成功抓取 27 条.
[2025-05-03 17:14:08] ✘ 有 1 条订阅解析失败:
[2025-05-03 17:14:08] - https://tcxx.info/feed
[2025-05-03 17:14:08] ✘ 有 3 条订阅头像无法访问, 已使用默认头像:
[2025-05-03 17:14:08] - https://www.loyhome.com/feed
[2025-05-03 17:14:08] - http://feeds.feedburner.com/ruanyifeng
[2025-05-03 17:14:08] - https://ihaihe.cn/feed
[2025-05-03 18:21:45] 本次订阅抓取结果统计:
[2025-05-03 18:21:45] 共 28 条RSS, 成功抓取 27 条.
[2025-05-03 18:21:45] ✘ 有 1 条订阅解析失败:
[2025-05-03 18:21:45] - https://tcxx.info/feed
[2025-05-03 18:21:45] ✘ 有 3 条订阅头像无法访问, 已使用默认头像:
[2025-05-03 18:21:45] - http://feeds.feedburner.com/ruanyifeng
[2025-05-03 18:21:45] - https://www.loyhome.com/feed
[2025-05-03 18:21:45] - https://xyzbz.cn/feed
[2025-05-03 19:12:52] 本次订阅抓取结果统计:
[2025-05-03 19:12:52] 共 28 条RSS, 成功抓取 27 条.
[2025-05-03 19:12:52] ✘ 有 1 条订阅解析失败:
[2025-05-03 19:12:52] - https://tcxx.info/feed
[2025-05-03 19:12:52] ✘ 有 2 条订阅头像无法访问, 已使用默认头像:
[2025-05-03 19:12:52] - http://feeds.feedburner.com/ruanyifeng
[2025-05-03 19:12:52] - https://www.loyhome.com/feed
[2025-05-03 20:17:24] 本次订阅抓取结果统计:
[2025-05-03 20:17:24] 共 28 条RSS, 成功抓取 27 条.
[2025-05-03 20:17:24] ✘ 有 1 条订阅解析失败:
[2025-05-03 20:17:24] - https://tcxx.info/feed
[2025-05-03 20:17:24] ✘ 有 2 条订阅头像无法访问, 已使用默认头像:
[2025-05-03 20:17:24] - http://feeds.feedburner.com/ruanyifeng
[2025-05-03 20:17:24] - https://www.loyhome.com/feed
