[2025-09-19 00:04:34] 抓取到的文章与现有数据相同，无需更新。
[2025-09-19 01:29:23] 本次订阅抓取结果统计:
[2025-09-19 01:29:23] 共 59 条RSS, 成功抓取 53 条.
[2025-09-19 01:29:23] ✘ 有 5 条订阅解析失败:
[2025-09-19 01:29:23] - https://tcxx.info/feed
[2025-09-19 01:29:23] - https://tumutanzi.com/feed
[2025-09-19 01:29:23] - https://geekinney.com/index.xml
[2025-09-19 01:29:23] - https://yinwang1.substack.com/feed
[2025-09-19 01:29:23] - https://botanwang.com/rss.xml
[2025-09-19 01:29:23] ✘ 有 1 条订阅为空:
[2025-09-19 01:29:23] - http://feeds.feedburner.com/zhihu-daily
[2025-09-19 01:29:23] ✘ 有 1 条订阅头像字段为空, 已使用默认头像:
[2025-09-19 01:29:23] - https://feed.cnblogs.com/blog/u/66551/rss/
[2025-09-19 01:29:23] ✘ 有 8 条订阅头像无法访问, 已使用默认头像:
[2025-09-19 01:29:23] - http://feeds.feedburner.com/ruanyifeng
[2025-09-19 01:29:23] - https://www.loyhome.com/feed
[2025-09-19 01:29:23] - https://a4.zyzhang.com/index.xml
[2025-09-19 01:29:23] - https://laike9m.com/blog/rss/
[2025-09-19 01:29:23] - https://skywind.me/blog/feed
[2025-09-19 01:29:23] - https://www.douban.com/feed/review/book
[2025-09-19 01:29:23] - https://www.mrhe.net/feed
[2025-09-19 01:29:23] - https://lenciel.com/feed.xml
