[2025-09-24 00:04:11] 本次订阅抓取结果统计:
[2025-09-24 00:04:11] 共 60 条RSS, 成功抓取 53 条.
[2025-09-24 00:04:11] ✘ 有 6 条订阅解析失败:
[2025-09-24 00:04:11] - https://oba.by/feed
[2025-09-24 00:04:11] - https://tcxx.info/feed
[2025-09-24 00:04:11] - https://tumutanzi.com/feed
[2025-09-24 00:04:11] - https://geekinney.com/index.xml
[2025-09-24 00:04:11] - https://yinwang1.substack.com/feed
[2025-09-24 00:04:11] - https://botanwang.com/rss.xml
[2025-09-24 00:04:11] ✘ 有 1 条订阅为空:
[2025-09-24 00:04:11] - http://feeds.feedburner.com/zhihu-daily
[2025-09-24 00:04:11] ✘ 有 1 条订阅头像字段为空, 已使用默认头像:
[2025-09-24 00:04:11] - https://feed.cnblogs.com/blog/u/66551/rss/
[2025-09-24 00:04:11] ✘ 有 8 条订阅头像无法访问, 已使用默认头像:
[2025-09-24 00:04:11] - http://feeds.feedburner.com/ruanyifeng
[2025-09-24 00:04:11] - https://www.loyhome.com/feed
[2025-09-24 00:04:11] - https://a4.zyzhang.com/index.xml
[2025-09-24 00:04:11] - https://laike9m.com/blog/rss/
[2025-09-24 00:04:11] - https://skywind.me/blog/feed
[2025-09-24 00:04:11] - https://www.douban.com/feed/review/book
[2025-09-24 00:04:11] - https://www.mrhe.net/feed
[2025-09-24 00:04:11] - https://lenciel.com/feed.xml
[2025-09-24 01:29:15] 抓取到的文章与现有数据相同，无需更新。
[2025-09-24 02:26:41] 本次订阅抓取结果统计:
[2025-09-24 02:26:41] 共 60 条RSS, 成功抓取 53 条.
[2025-09-24 02:26:41] ✘ 有 6 条订阅解析失败:
[2025-09-24 02:26:41] - https://oba.by/feed
[2025-09-24 02:26:41] - https://tcxx.info/feed
[2025-09-24 02:26:41] - https://tumutanzi.com/feed
[2025-09-24 02:26:41] - https://geekinney.com/index.xml
[2025-09-24 02:26:41] - https://yinwang1.substack.com/feed
[2025-09-24 02:26:41] - https://botanwang.com/rss.xml
[2025-09-24 02:26:41] ✘ 有 1 条订阅为空:
[2025-09-24 02:26:41] - http://feeds.feedburner.com/zhihu-daily
[2025-09-24 02:26:41] ✘ 有 1 条订阅头像字段为空, 已使用默认头像:
[2025-09-24 02:26:41] - https://feed.cnblogs.com/blog/u/66551/rss/
[2025-09-24 02:26:41] ✘ 有 8 条订阅头像无法访问, 已使用默认头像:
[2025-09-24 02:26:41] - http://feeds.feedburner.com/ruanyifeng
[2025-09-24 02:26:41] - https://www.loyhome.com/feed
[2025-09-24 02:26:41] - https://a4.zyzhang.com/index.xml
[2025-09-24 02:26:41] - https://skywind.me/blog/feed
[2025-09-24 02:26:41] - https://laike9m.com/blog/rss/
[2025-09-24 02:26:41] - https://www.douban.com/feed/review/book
[2025-09-24 02:26:41] - https://www.mrhe.net/feed
[2025-09-24 02:26:41] - https://lenciel.com/feed.xml
[2025-09-24 03:13:35] 抓取到的文章与现有数据相同，无需更新。
[2025-09-24 04:01:52] 本次订阅抓取结果统计:
[2025-09-24 04:01:52] 共 60 条RSS, 成功抓取 52 条.
[2025-09-24 04:01:52] ✘ 有 6 条订阅解析失败:
[2025-09-24 04:01:52] - https://oba.by/feed
[2025-09-24 04:01:52] - https://tcxx.info/feed
[2025-09-24 04:01:52] - https://tumutanzi.com/feed
[2025-09-24 04:01:52] - https://geekinney.com/index.xml
[2025-09-24 04:01:52] - https://yinwang1.substack.com/feed
[2025-09-24 04:01:52] - https://botanwang.com/rss.xml
[2025-09-24 04:01:52] ✘ 有 2 条订阅为空:
[2025-09-24 04:01:52] - http://feeds.feedburner.com/zhihu-daily
[2025-09-24 04:01:52] - https://diygod.cc/feed
[2025-09-24 04:01:52] ✘ 有 1 条订阅头像字段为空, 已使用默认头像:
[2025-09-24 04:01:52] - https://feed.cnblogs.com/blog/u/66551/rss/
[2025-09-24 04:01:52] ✘ 有 8 条订阅头像无法访问, 已使用默认头像:
[2025-09-24 04:01:52] - https://www.loyhome.com/feed
[2025-09-24 04:01:52] - http://feeds.feedburner.com/ruanyifeng
[2025-09-24 04:01:52] - https://a4.zyzhang.com/index.xml
[2025-09-24 04:01:52] - https://laike9m.com/blog/rss/
[2025-09-24 04:01:52] - https://skywind.me/blog/feed
[2025-09-24 04:01:52] - https://www.mrhe.net/feed
[2025-09-24 04:01:52] - https://www.douban.com/feed/review/book
[2025-09-24 04:01:52] - https://lenciel.com/feed.xml
