[2025-03-19 01:16:24] 本次订阅抓取结果统计:
[2025-03-19 01:16:24] 共 28 条RSS, 成功抓取 26 条.
[2025-03-19 01:16:24] ✘ 有 2 条订阅解析失败:
[2025-03-19 01:16:24] - https://tcxx.info/feed
[2025-03-19 01:16:24] - https://geekinney.com/index.xml
[2025-03-19 01:16:24] ✘ 有 2 条订阅头像无法访问, 已使用默认头像:
[2025-03-19 01:16:24] - http://feeds.feedburner.com/ruanyifeng
[2025-03-19 01:16:24] - https://www.loyhome.com/feed
[2025-03-19 02:56:06] 本次订阅抓取结果统计:
[2025-03-19 02:56:06] 共 28 条RSS, 成功抓取 26 条.
[2025-03-19 02:56:06] ✘ 有 2 条订阅解析失败:
[2025-03-19 02:56:06] - https://tcxx.info/feed
[2025-03-19 02:56:06] - https://geekinney.com/index.xml
[2025-03-19 02:56:06] ✘ 有 2 条订阅头像无法访问, 已使用默认头像:
[2025-03-19 02:56:06] - https://www.loyhome.com/feed
[2025-03-19 02:56:06] - http://feeds.feedburner.com/ruanyifeng
[2025-03-19 03:29:13] 本次订阅抓取结果统计:
[2025-03-19 03:29:13] 共 28 条RSS, 成功抓取 26 条.
[2025-03-19 03:29:13] ✘ 有 2 条订阅解析失败:
[2025-03-19 03:29:13] - https://tcxx.info/feed
[2025-03-19 03:29:13] - https://geekinney.com/index.xml
[2025-03-19 03:29:13] ✘ 有 2 条订阅头像无法访问, 已使用默认头像:
[2025-03-19 03:29:13] - http://feeds.feedburner.com/ruanyifeng
[2025-03-19 03:29:13] - https://www.loyhome.com/feed
[2025-03-19 04:19:38] 本次订阅抓取结果统计:
[2025-03-19 04:19:38] 共 28 条RSS, 成功抓取 27 条.
[2025-03-19 04:19:38] ✘ 有 1 条订阅解析失败:
[2025-03-19 04:19:38] - https://geekinney.com/index.xml
[2025-03-19 04:19:38] ✘ 有 3 条订阅头像无法访问, 已使用默认头像:
[2025-03-19 04:19:38] - https://tcxx.info/feed
[2025-03-19 04:19:38] - http://feeds.feedburner.com/ruanyifeng
[2025-03-19 04:19:38] - https://www.loyhome.com/feed
[2025-03-19 05:16:23] 本次订阅抓取结果统计:
[2025-03-19 05:16:23] 共 28 条RSS, 成功抓取 27 条.
[2025-03-19 05:16:23] ✘ 有 1 条订阅解析失败:
[2025-03-19 05:16:23] - https://geekinney.com/index.xml
[2025-03-19 05:16:23] ✘ 有 3 条订阅头像无法访问, 已使用默认头像:
[2025-03-19 05:16:23] - http://feeds.feedburner.com/ruanyifeng
[2025-03-19 05:16:23] - https://www.loyhome.com/feed
[2025-03-19 05:16:23] - https://tcxx.info/feed
[2025-03-19 06:23:21] 本次订阅抓取结果统计:
[2025-03-19 06:23:21] 共 28 条RSS, 成功抓取 26 条.
[2025-03-19 06:23:21] ✘ 有 2 条订阅解析失败:
[2025-03-19 06:23:21] - https://geekinney.com/index.xml
[2025-03-19 06:23:21] - https://tcxx.info/feed
[2025-03-19 06:23:21] ✘ 有 2 条订阅头像无法访问, 已使用默认头像:
[2025-03-19 06:23:21] - http://feeds.feedburner.com/ruanyifeng
[2025-03-19 06:23:21] - https://www.loyhome.com/feed
[2025-03-19 07:16:21] 本次订阅抓取结果统计:
[2025-03-19 07:16:21] 共 28 条RSS, 成功抓取 26 条.
[2025-03-19 07:16:21] ✘ 有 2 条订阅解析失败:
[2025-03-19 07:16:21] - https://tcxx.info/feed
[2025-03-19 07:16:21] - https://geekinney.com/index.xml
[2025-03-19 07:16:21] ✘ 有 2 条订阅头像无法访问, 已使用默认头像:
[2025-03-19 07:16:21] - http://feeds.feedburner.com/ruanyifeng
[2025-03-19 07:16:21] - https://www.loyhome.com/feed
[2025-03-19 08:21:43] 本次订阅抓取结果统计:
[2025-03-19 08:21:43] 共 28 条RSS, 成功抓取 26 条.
[2025-03-19 08:21:43] ✘ 有 2 条订阅解析失败:
[2025-03-19 08:21:43] - https://tcxx.info/feed
[2025-03-19 08:21:43] - https://geekinney.com/index.xml
[2025-03-19 08:21:43] ✘ 有 2 条订阅头像无法访问, 已使用默认头像:
[2025-03-19 08:21:43] - http://feeds.feedburner.com/ruanyifeng
[2025-03-19 08:21:43] - https://www.loyhome.com/feed
[2025-03-19 09:18:12] 本次订阅抓取结果统计:
[2025-03-19 09:18:12] 共 28 条RSS, 成功抓取 26 条.
[2025-03-19 09:18:12] ✘ 有 2 条订阅解析失败:
[2025-03-19 09:18:12] - https://tcxx.info/feed
[2025-03-19 09:18:12] - https://geekinney.com/index.xml
[2025-03-19 09:18:12] ✘ 有 2 条订阅头像无法访问, 已使用默认头像:
[2025-03-19 09:18:12] - http://feeds.feedburner.com/ruanyifeng
[2025-03-19 09:18:12] - https://www.loyhome.com/feed
