[2025-07-17 00:04:08] 抓取到的文章与现有数据相同，无需更新。
[2025-07-17 01:30:04] 本次订阅抓取结果统计:
[2025-07-17 01:30:04] 共 50 条RSS, 成功抓取 47 条.
[2025-07-17 01:30:04] ✘ 有 2 条订阅解析失败:
[2025-07-17 01:30:04] - https://tcxx.info/feed
[2025-07-17 01:30:04] - https://yinwang1.substack.com/feed
[2025-07-17 01:30:04] ✘ 有 1 条订阅为空:
[2025-07-17 01:30:04] - https://diygod.cc/feed
[2025-07-17 01:30:04] ✘ 有 4 条订阅头像无法访问, 已使用默认头像:
[2025-07-17 01:30:04] - http://feeds.feedburner.com/ruanyifeng
[2025-07-17 01:30:04] - https://www.loyhome.com/feed
[2025-07-17 01:30:04] - https://a4.zyzhang.com/index.xml
[2025-07-17 01:30:04] - https://www.douban.com/feed/review/book
[2025-07-17 02:37:25] 本次订阅抓取结果统计:
[2025-07-17 02:37:25] 共 50 条RSS, 成功抓取 48 条.
[2025-07-17 02:37:25] ✘ 有 2 条订阅解析失败:
[2025-07-17 02:37:25] - https://tcxx.info/feed
[2025-07-17 02:37:25] - https://yinwang1.substack.com/feed
[2025-07-17 02:37:25] ✘ 有 5 条订阅头像无法访问, 已使用默认头像:
[2025-07-17 02:37:25] - http://feeds.feedburner.com/ruanyifeng
[2025-07-17 02:37:25] - https://www.loyhome.com/feed
[2025-07-17 02:37:25] - https://a4.zyzhang.com/index.xml
[2025-07-17 02:37:25] - https://www.douban.com/feed/review/book
[2025-07-17 02:37:25] - https://feeds.appinn.com/appinns/
[2025-07-17 03:29:07] 抓取到的文章与现有数据相同，无需更新。
[2025-07-17 04:13:31] 本次订阅抓取结果统计:
[2025-07-17 04:13:31] 共 50 条RSS, 成功抓取 47 条.
[2025-07-17 04:13:31] ✘ 有 2 条订阅解析失败:
[2025-07-17 04:13:31] - https://tcxx.info/feed
[2025-07-17 04:13:31] - https://yinwang1.substack.com/feed
[2025-07-17 04:13:31] ✘ 有 1 条订阅为空:
[2025-07-17 04:13:31] - https://diygod.cc/feed
[2025-07-17 04:13:31] ✘ 有 5 条订阅头像无法访问, 已使用默认头像:
[2025-07-17 04:13:31] - http://feeds.feedburner.com/ruanyifeng
[2025-07-17 04:13:31] - https://www.loyhome.com/feed
[2025-07-17 04:13:31] - https://a4.zyzhang.com/index.xml
[2025-07-17 04:13:31] - https://www.douban.com/feed/review/book
[2025-07-17 04:13:31] - https://feeds.appinn.com/appinns/
[2025-07-17 05:05:53] 本次订阅抓取结果统计:
[2025-07-17 05:05:53] 共 50 条RSS, 成功抓取 47 条.
[2025-07-17 05:05:53] ✘ 有 3 条订阅解析失败:
[2025-07-17 05:05:53] - https://tcxx.info/feed
[2025-07-17 05:05:53] - https://yinwang1.substack.com/feed
[2025-07-17 05:05:53] - https://blog.fooleap.org/atom.xml
[2025-07-17 05:05:53] ✘ 有 4 条订阅头像无法访问, 已使用默认头像:
[2025-07-17 05:05:53] - https://www.loyhome.com/feed
[2025-07-17 05:05:53] - http://feeds.feedburner.com/ruanyifeng
[2025-07-17 05:05:53] - https://a4.zyzhang.com/index.xml
[2025-07-17 05:05:53] - https://www.douban.com/feed/review/book
[2025-07-17 06:02:33] 本次订阅抓取结果统计:
[2025-07-17 06:02:33] 共 50 条RSS, 成功抓取 48 条.
[2025-07-17 06:02:33] ✘ 有 2 条订阅解析失败:
[2025-07-17 06:02:33] - https://tcxx.info/feed
[2025-07-17 06:02:33] - https://yinwang1.substack.com/feed
[2025-07-17 06:02:33] ✘ 有 4 条订阅头像无法访问, 已使用默认头像:
[2025-07-17 06:02:33] - http://feeds.feedburner.com/ruanyifeng
[2025-07-17 06:02:33] - https://www.loyhome.com/feed
[2025-07-17 06:02:33] - https://a4.zyzhang.com/index.xml
[2025-07-17 06:02:33] - https://www.douban.com/feed/review/book
[2025-07-17 07:03:51] 抓取到的文章与现有数据相同，无需更新。
[2025-07-17 08:02:07] 本次订阅抓取结果统计:
[2025-07-17 08:02:07] 共 50 条RSS, 成功抓取 48 条.
[2025-07-17 08:02:07] ✘ 有 2 条订阅解析失败:
[2025-07-17 08:02:07] - https://tcxx.info/feed
[2025-07-17 08:02:07] - https://yinwang1.substack.com/feed
[2025-07-17 08:02:07] ✘ 有 4 条订阅头像无法访问, 已使用默认头像:
[2025-07-17 08:02:07] - http://feeds.feedburner.com/ruanyifeng
[2025-07-17 08:02:07] - https://www.loyhome.com/feed
[2025-07-17 08:02:07] - https://a4.zyzhang.com/index.xml
[2025-07-17 08:02:07] - https://www.douban.com/feed/review/book
[2025-07-17 09:04:26] 本次订阅抓取结果统计:
[2025-07-17 09:04:26] 共 50 条RSS, 成功抓取 47 条.
[2025-07-17 09:04:26] ✘ 有 3 条订阅解析失败:
[2025-07-17 09:04:26] - https://tcxx.info/feed
[2025-07-17 09:04:26] - https://yinwang1.substack.com/feed
[2025-07-17 09:04:26] - https://diygod.cc/feed
[2025-07-17 09:04:26] ✘ 有 4 条订阅头像无法访问, 已使用默认头像:
[2025-07-17 09:04:26] - http://feeds.feedburner.com/ruanyifeng
[2025-07-17 09:04:26] - https://www.loyhome.com/feed
[2025-07-17 09:04:26] - https://a4.zyzhang.com/index.xml
[2025-07-17 09:04:26] - https://www.douban.com/feed/review/book
