[2025-06-26 00:04:16] 本次订阅抓取结果统计:
[2025-06-26 00:04:16] 共 45 条RSS, 成功抓取 44 条.
[2025-06-26 00:04:16] ✘ 有 1 条订阅解析失败:
[2025-06-26 00:04:16] - https://tcxx.info/feed
[2025-06-26 00:04:16] ✘ 有 3 条订阅头像无法访问, 已使用默认头像:
[2025-06-26 00:04:16] - http://feeds.feedburner.com/ruanyifeng
[2025-06-26 00:04:16] - https://www.loyhome.com/feed
[2025-06-26 00:04:16] - https://www.douban.com/feed/review/book
[2025-06-26 01:29:32] 本次订阅抓取结果统计:
[2025-06-26 01:29:32] 共 45 条RSS, 成功抓取 44 条.
[2025-06-26 01:29:32] ✘ 有 1 条订阅解析失败:
[2025-06-26 01:29:32] - https://tcxx.info/feed
[2025-06-26 01:29:32] ✘ 有 3 条订阅头像无法访问, 已使用默认头像:
[2025-06-26 01:29:32] - http://feeds.feedburner.com/ruanyifeng
[2025-06-26 01:29:32] - https://www.loyhome.com/feed
[2025-06-26 01:29:32] - https://www.douban.com/feed/review/book
[2025-06-26 02:32:50] 本次订阅抓取结果统计:
[2025-06-26 02:32:50] 共 45 条RSS, 成功抓取 44 条.
[2025-06-26 02:32:50] ✘ 有 1 条订阅解析失败:
[2025-06-26 02:32:50] - https://tcxx.info/feed
[2025-06-26 02:32:50] ✘ 有 3 条订阅头像无法访问, 已使用默认头像:
[2025-06-26 02:32:50] - http://feeds.feedburner.com/ruanyifeng
[2025-06-26 02:32:50] - https://www.loyhome.com/feed
[2025-06-26 02:32:50] - https://www.douban.com/feed/review/book
[2025-06-26 03:23:58] 本次订阅抓取结果统计:
[2025-06-26 03:23:58] 共 45 条RSS, 成功抓取 44 条.
[2025-06-26 03:23:58] ✘ 有 1 条订阅解析失败:
[2025-06-26 03:23:58] - https://tcxx.info/feed
[2025-06-26 03:23:58] ✘ 有 3 条订阅头像无法访问, 已使用默认头像:
[2025-06-26 03:23:58] - http://feeds.feedburner.com/ruanyifeng
[2025-06-26 03:23:58] - https://www.loyhome.com/feed
[2025-06-26 03:23:58] - https://www.douban.com/feed/review/book
[2025-06-26 04:06:48] 本次订阅抓取结果统计:
[2025-06-26 04:06:48] 共 45 条RSS, 成功抓取 44 条.
[2025-06-26 04:06:48] ✘ 有 1 条订阅解析失败:
[2025-06-26 04:06:48] - https://tcxx.info/feed
[2025-06-26 04:06:48] ✘ 有 3 条订阅头像无法访问, 已使用默认头像:
[2025-06-26 04:06:48] - http://feeds.feedburner.com/ruanyifeng
[2025-06-26 04:06:48] - https://www.loyhome.com/feed
[2025-06-26 04:06:48] - https://www.douban.com/feed/review/book
