[2025-04-30 01:20:07] 本次订阅抓取结果统计:
[2025-04-30 01:20:07] 共 28 条RSS, 成功抓取 27 条.
[2025-04-30 01:20:07] ✘ 有 1 条订阅解析失败:
[2025-04-30 01:20:07] - https://tcxx.info/feed
[2025-04-30 01:20:07] ✘ 有 2 条订阅头像无法访问, 已使用默认头像:
[2025-04-30 01:20:07] - http://feeds.feedburner.com/ruanyifeng
[2025-04-30 01:20:07] - https://www.loyhome.com/feed
[2025-04-30 03:04:33] 本次订阅抓取结果统计:
[2025-04-30 03:04:33] 共 28 条RSS, 成功抓取 27 条.
[2025-04-30 03:04:33] ✘ 有 1 条订阅解析失败:
[2025-04-30 03:04:33] - https://tcxx.info/feed
[2025-04-30 03:04:33] ✘ 有 3 条订阅头像无法访问, 已使用默认头像:
[2025-04-30 03:04:33] - http://feeds.feedburner.com/ruanyifeng
[2025-04-30 03:04:33] - https://www.loyhome.com/feed
[2025-04-30 03:04:33] - https://xyzbz.cn/feed
[2025-04-30 04:20:42] 本次订阅抓取结果统计:
[2025-04-30 04:20:42] 共 28 条RSS, 成功抓取 27 条.
[2025-04-30 04:20:42] ✘ 有 1 条订阅解析失败:
[2025-04-30 04:20:42] - https://tcxx.info/feed
[2025-04-30 04:20:42] ✘ 有 2 条订阅头像无法访问, 已使用默认头像:
[2025-04-30 04:20:42] - https://www.loyhome.com/feed
[2025-04-30 04:20:42] - http://feeds.feedburner.com/ruanyifeng
[2025-04-30 05:17:22] 本次订阅抓取结果统计:
[2025-04-30 05:17:22] 共 28 条RSS, 成功抓取 27 条.
[2025-04-30 05:17:22] ✘ 有 1 条订阅解析失败:
[2025-04-30 05:17:22] - https://tcxx.info/feed
[2025-04-30 05:17:22] ✘ 有 2 条订阅头像无法访问, 已使用默认头像:
[2025-04-30 05:17:22] - https://www.loyhome.com/feed
[2025-04-30 05:17:22] - http://feeds.feedburner.com/ruanyifeng
[2025-04-30 06:25:07] 本次订阅抓取结果统计:
[2025-04-30 06:25:07] 共 28 条RSS, 成功抓取 27 条.
[2025-04-30 06:25:07] ✘ 有 1 条订阅解析失败:
[2025-04-30 06:25:07] - https://tcxx.info/feed
[2025-04-30 06:25:07] ✘ 有 2 条订阅头像无法访问, 已使用默认头像:
[2025-04-30 06:25:07] - https://www.loyhome.com/feed
[2025-04-30 06:25:07] - http://feeds.feedburner.com/ruanyifeng
