[2025-04-13 02:45:40] 本次订阅抓取结果统计:
[2025-04-13 02:45:40] 共 28 条RSS, 成功抓取 27 条.
[2025-04-13 02:45:40] ✘ 有 1 条订阅解析失败:
[2025-04-13 02:45:40] - https://tcxx.info/feed
[2025-04-13 02:45:40] ✘ 有 2 条订阅头像无法访问, 已使用默认头像:
[2025-04-13 02:45:40] - https://www.loyhome.com/feed
[2025-04-13 02:45:40] - http://feeds.feedburner.com/ruanyifeng
[2025-04-13 04:24:51] 本次订阅抓取结果统计:
[2025-04-13 04:24:51] 共 28 条RSS, 成功抓取 27 条.
[2025-04-13 04:24:51] ✘ 有 1 条订阅解析失败:
[2025-04-13 04:24:51] - https://tcxx.info/feed
[2025-04-13 04:24:51] ✘ 有 2 条订阅头像无法访问, 已使用默认头像:
[2025-04-13 04:24:51] - http://feeds.feedburner.com/ruanyifeng
[2025-04-13 04:24:51] - https://www.loyhome.com/feed
[2025-04-13 05:22:08] 本次订阅抓取结果统计:
[2025-04-13 05:22:08] 共 28 条RSS, 成功抓取 27 条.
[2025-04-13 05:22:08] ✘ 有 1 条订阅解析失败:
[2025-04-13 05:22:08] - https://tcxx.info/feed
[2025-04-13 05:22:08] ✘ 有 2 条订阅头像无法访问, 已使用默认头像:
[2025-04-13 05:22:08] - https://www.loyhome.com/feed
[2025-04-13 05:22:08] - http://feeds.feedburner.com/ruanyifeng
[2025-04-13 06:23:07] 本次订阅抓取结果统计:
[2025-04-13 06:23:07] 共 28 条RSS, 成功抓取 27 条.
[2025-04-13 06:23:07] ✘ 有 1 条订阅解析失败:
[2025-04-13 06:23:07] - https://tcxx.info/feed
[2025-04-13 06:23:07] ✘ 有 2 条订阅头像无法访问, 已使用默认头像:
[2025-04-13 06:23:07] - http://feeds.feedburner.com/ruanyifeng
[2025-04-13 06:23:07] - https://www.loyhome.com/feed
