[2025-09-23 00:04:12] 本次订阅抓取结果统计:
[2025-09-23 00:04:12] 共 60 条RSS, 成功抓取 53 条.
[2025-09-23 00:04:12] ✘ 有 6 条订阅解析失败:
[2025-09-23 00:04:12] - https://oba.by/feed
[2025-09-23 00:04:12] - https://tcxx.info/feed
[2025-09-23 00:04:12] - https://tumutanzi.com/feed
[2025-09-23 00:04:12] - https://geekinney.com/index.xml
[2025-09-23 00:04:12] - https://yinwang1.substack.com/feed
[2025-09-23 00:04:12] - https://botanwang.com/rss.xml
[2025-09-23 00:04:12] ✘ 有 1 条订阅为空:
[2025-09-23 00:04:12] - http://feeds.feedburner.com/zhihu-daily
[2025-09-23 00:04:12] ✘ 有 1 条订阅头像字段为空, 已使用默认头像:
[2025-09-23 00:04:12] - https://feed.cnblogs.com/blog/u/66551/rss/
[2025-09-23 00:04:12] ✘ 有 8 条订阅头像无法访问, 已使用默认头像:
[2025-09-23 00:04:12] - http://feeds.feedburner.com/ruanyifeng
[2025-09-23 00:04:12] - https://www.loyhome.com/feed
[2025-09-23 00:04:12] - https://a4.zyzhang.com/index.xml
[2025-09-23 00:04:12] - https://laike9m.com/blog/rss/
[2025-09-23 00:04:12] - https://skywind.me/blog/feed
[2025-09-23 00:04:12] - https://www.mrhe.net/feed
[2025-09-23 00:04:12] - https://lenciel.com/feed.xml
[2025-09-23 00:04:12] - https://www.douban.com/feed/review/book
[2025-09-23 01:29:18] 本次订阅抓取结果统计:
[2025-09-23 01:29:18] 共 60 条RSS, 成功抓取 53 条.
[2025-09-23 01:29:18] ✘ 有 6 条订阅解析失败:
[2025-09-23 01:29:18] - https://oba.by/feed
[2025-09-23 01:29:18] - https://tumutanzi.com/feed
[2025-09-23 01:29:18] - https://tcxx.info/feed
[2025-09-23 01:29:18] - https://geekinney.com/index.xml
[2025-09-23 01:29:18] - https://yinwang1.substack.com/feed
[2025-09-23 01:29:18] - https://botanwang.com/rss.xml
[2025-09-23 01:29:18] ✘ 有 1 条订阅为空:
[2025-09-23 01:29:18] - http://feeds.feedburner.com/zhihu-daily
[2025-09-23 01:29:18] ✘ 有 1 条订阅头像字段为空, 已使用默认头像:
[2025-09-23 01:29:18] - https://feed.cnblogs.com/blog/u/66551/rss/
[2025-09-23 01:29:18] ✘ 有 8 条订阅头像无法访问, 已使用默认头像:
[2025-09-23 01:29:18] - https://www.loyhome.com/feed
[2025-09-23 01:29:18] - http://feeds.feedburner.com/ruanyifeng
[2025-09-23 01:29:18] - https://a4.zyzhang.com/index.xml
[2025-09-23 01:29:18] - https://skywind.me/blog/feed
[2025-09-23 01:29:18] - https://laike9m.com/blog/rss/
[2025-09-23 01:29:18] - https://www.douban.com/feed/review/book
[2025-09-23 01:29:18] - https://www.mrhe.net/feed
[2025-09-23 01:29:18] - https://lenciel.com/feed.xml
[2025-09-23 02:26:10] 抓取到的文章与现有数据相同，无需更新。
[2025-09-23 03:12:41] 抓取到的文章与现有数据相同，无需更新。
[2025-09-23 04:02:22] 抓取到的文章与现有数据相同，无需更新。
[2025-09-23 05:01:56] 本次订阅抓取结果统计:
[2025-09-23 05:01:56] 共 60 条RSS, 成功抓取 53 条.
[2025-09-23 05:01:56] ✘ 有 6 条订阅解析失败:
[2025-09-23 05:01:56] - https://oba.by/feed
[2025-09-23 05:01:56] - https://tcxx.info/feed
[2025-09-23 05:01:56] - https://tumutanzi.com/feed
[2025-09-23 05:01:56] - https://geekinney.com/index.xml
[2025-09-23 05:01:56] - https://yinwang1.substack.com/feed
[2025-09-23 05:01:56] - https://botanwang.com/rss.xml
[2025-09-23 05:01:56] ✘ 有 1 条订阅为空:
[2025-09-23 05:01:56] - http://feeds.feedburner.com/zhihu-daily
[2025-09-23 05:01:56] ✘ 有 1 条订阅头像字段为空, 已使用默认头像:
[2025-09-23 05:01:56] - https://feed.cnblogs.com/blog/u/66551/rss/
[2025-09-23 05:01:56] ✘ 有 7 条订阅头像无法访问, 已使用默认头像:
[2025-09-23 05:01:56] - https://www.loyhome.com/feed
[2025-09-23 05:01:56] - http://feeds.feedburner.com/ruanyifeng
[2025-09-23 05:01:56] - https://a4.zyzhang.com/index.xml
[2025-09-23 05:01:56] - https://laike9m.com/blog/rss/
[2025-09-23 05:01:56] - https://skywind.me/blog/feed
[2025-09-23 05:01:56] - https://www.douban.com/feed/review/book
[2025-09-23 05:01:56] - https://www.mrhe.net/feed
[2025-09-23 06:02:00] 抓取到的文章与现有数据相同，无需更新。
[2025-09-23 07:02:25] 抓取到的文章与现有数据相同，无需更新。
[2025-09-23 08:01:53] 本次订阅抓取结果统计:
[2025-09-23 08:01:53] 共 60 条RSS, 成功抓取 53 条.
[2025-09-23 08:01:53] ✘ 有 6 条订阅解析失败:
[2025-09-23 08:01:53] - https://tumutanzi.com/feed
[2025-09-23 08:01:53] - https://tcxx.info/feed
[2025-09-23 08:01:53] - https://oba.by/feed
[2025-09-23 08:01:53] - https://geekinney.com/index.xml
[2025-09-23 08:01:53] - https://yinwang1.substack.com/feed
[2025-09-23 08:01:53] - https://botanwang.com/rss.xml
[2025-09-23 08:01:53] ✘ 有 1 条订阅为空:
[2025-09-23 08:01:53] - http://feeds.feedburner.com/zhihu-daily
[2025-09-23 08:01:53] ✘ 有 1 条订阅头像字段为空, 已使用默认头像:
[2025-09-23 08:01:53] - https://feed.cnblogs.com/blog/u/66551/rss/
[2025-09-23 08:01:53] ✘ 有 8 条订阅头像无法访问, 已使用默认头像:
[2025-09-23 08:01:53] - http://feeds.feedburner.com/ruanyifeng
[2025-09-23 08:01:53] - https://www.loyhome.com/feed
[2025-09-23 08:01:53] - https://a4.zyzhang.com/index.xml
[2025-09-23 08:01:53] - https://laike9m.com/blog/rss/
[2025-09-23 08:01:53] - https://skywind.me/blog/feed
[2025-09-23 08:01:53] - https://www.douban.com/feed/review/book
[2025-09-23 08:01:53] - https://www.mrhe.net/feed
[2025-09-23 08:01:53] - https://lenciel.com/feed.xml
[2025-09-23 09:02:30] 抓取到的文章与现有数据相同，无需更新。
[2025-09-23 10:02:19] 本次订阅抓取结果统计:
[2025-09-23 10:02:19] 共 60 条RSS, 成功抓取 53 条.
[2025-09-23 10:02:19] ✘ 有 6 条订阅解析失败:
[2025-09-23 10:02:19] - https://oba.by/feed
[2025-09-23 10:02:19] - https://tcxx.info/feed
[2025-09-23 10:02:19] - https://tumutanzi.com/feed
[2025-09-23 10:02:19] - https://geekinney.com/index.xml
[2025-09-23 10:02:19] - https://yinwang1.substack.com/feed
[2025-09-23 10:02:19] - https://botanwang.com/rss.xml
[2025-09-23 10:02:19] ✘ 有 1 条订阅为空:
[2025-09-23 10:02:19] - http://feeds.feedburner.com/zhihu-daily
[2025-09-23 10:02:19] ✘ 有 1 条订阅头像字段为空, 已使用默认头像:
[2025-09-23 10:02:19] - https://feed.cnblogs.com/blog/u/66551/rss/
[2025-09-23 10:02:19] ✘ 有 8 条订阅头像无法访问, 已使用默认头像:
[2025-09-23 10:02:19] - http://feeds.feedburner.com/ruanyifeng
[2025-09-23 10:02:19] - https://www.loyhome.com/feed
[2025-09-23 10:02:19] - https://a4.zyzhang.com/index.xml
[2025-09-23 10:02:19] - https://skywind.me/blog/feed
[2025-09-23 10:02:19] - https://laike9m.com/blog/rss/
[2025-09-23 10:02:19] - https://lenciel.com/feed.xml
[2025-09-23 10:02:19] - https://www.mrhe.net/feed
[2025-09-23 10:02:19] - https://www.douban.com/feed/review/book
[2025-09-23 11:01:45] 抓取到的文章与现有数据相同，无需更新。
