[2025-04-19 01:15:47] 本次订阅抓取结果统计:
[2025-04-19 01:15:47] 共 28 条RSS, 成功抓取 27 条.
[2025-04-19 01:15:47] ✘ 有 1 条订阅解析失败:
[2025-04-19 01:15:47] - https://tcxx.info/feed
[2025-04-19 01:15:47] ✘ 有 2 条订阅头像无法访问, 已使用默认头像:
[2025-04-19 01:15:47] - http://feeds.feedburner.com/ruanyifeng
[2025-04-19 01:15:47] - https://www.loyhome.com/feed
[2025-04-19 02:55:13] 本次订阅抓取结果统计:
[2025-04-19 02:55:13] 共 28 条RSS, 成功抓取 27 条.
[2025-04-19 02:55:13] ✘ 有 1 条订阅解析失败:
[2025-04-19 02:55:13] - https://tcxx.info/feed
[2025-04-19 02:55:13] ✘ 有 2 条订阅头像无法访问, 已使用默认头像:
[2025-04-19 02:55:13] - http://feeds.feedburner.com/ruanyifeng
[2025-04-19 02:55:13] - https://www.loyhome.com/feed
[2025-04-19 03:28:23] 本次订阅抓取结果统计:
[2025-04-19 03:28:23] 共 28 条RSS, 成功抓取 27 条.
[2025-04-19 03:28:23] ✘ 有 1 条订阅解析失败:
[2025-04-19 03:28:23] - https://tcxx.info/feed
[2025-04-19 03:28:23] ✘ 有 2 条订阅头像无法访问, 已使用默认头像:
[2025-04-19 03:28:23] - http://feeds.feedburner.com/ruanyifeng
[2025-04-19 03:28:23] - https://www.loyhome.com/feed
[2025-04-19 04:19:23] 本次订阅抓取结果统计:
[2025-04-19 04:19:23] 共 28 条RSS, 成功抓取 27 条.
[2025-04-19 04:19:23] ✘ 有 1 条订阅解析失败:
[2025-04-19 04:19:23] - https://tcxx.info/feed
[2025-04-19 04:19:23] ✘ 有 2 条订阅头像无法访问, 已使用默认头像:
[2025-04-19 04:19:23] - http://feeds.feedburner.com/ruanyifeng
[2025-04-19 04:19:23] - https://www.loyhome.com/feed
[2025-04-19 05:16:58] 本次订阅抓取结果统计:
[2025-04-19 05:16:58] 共 28 条RSS, 成功抓取 27 条.
[2025-04-19 05:16:58] ✘ 有 1 条订阅解析失败:
[2025-04-19 05:16:58] - https://tcxx.info/feed
[2025-04-19 05:16:58] ✘ 有 2 条订阅头像无法访问, 已使用默认头像:
[2025-04-19 05:16:58] - http://feeds.feedburner.com/ruanyifeng
[2025-04-19 05:16:58] - https://www.loyhome.com/feed
[2025-04-19 06:22:34] 本次订阅抓取结果统计:
[2025-04-19 06:22:34] 共 28 条RSS, 成功抓取 27 条.
[2025-04-19 06:22:34] ✘ 有 1 条订阅解析失败:
[2025-04-19 06:22:34] - https://tcxx.info/feed
[2025-04-19 06:22:34] ✘ 有 2 条订阅头像无法访问, 已使用默认头像:
[2025-04-19 06:22:34] - https://www.loyhome.com/feed
[2025-04-19 06:22:34] - http://feeds.feedburner.com/ruanyifeng
[2025-04-19 07:14:28] 本次订阅抓取结果统计:
[2025-04-19 07:14:28] 共 28 条RSS, 成功抓取 27 条.
[2025-04-19 07:14:28] ✘ 有 1 条订阅解析失败:
[2025-04-19 07:14:28] - https://tcxx.info/feed
[2025-04-19 07:14:28] ✘ 有 2 条订阅头像无法访问, 已使用默认头像:
[2025-04-19 07:14:28] - http://feeds.feedburner.com/ruanyifeng
[2025-04-19 07:14:28] - https://www.loyhome.com/feed
[2025-04-19 08:19:32] 本次订阅抓取结果统计:
[2025-04-19 08:19:32] 共 28 条RSS, 成功抓取 27 条.
[2025-04-19 08:19:32] ✘ 有 1 条订阅解析失败:
[2025-04-19 08:19:32] - https://tcxx.info/feed
[2025-04-19 08:19:32] ✘ 有 2 条订阅头像无法访问, 已使用默认头像:
[2025-04-19 08:19:32] - http://feeds.feedburner.com/ruanyifeng
[2025-04-19 08:19:32] - https://www.loyhome.com/feed
[2025-04-19 09:15:54] 本次订阅抓取结果统计:
[2025-04-19 09:15:54] 共 28 条RSS, 成功抓取 27 条.
[2025-04-19 09:15:54] ✘ 有 1 条订阅解析失败:
[2025-04-19 09:15:54] - https://tcxx.info/feed
[2025-04-19 09:15:54] ✘ 有 2 条订阅头像无法访问, 已使用默认头像:
[2025-04-19 09:15:54] - http://feeds.feedburner.com/ruanyifeng
[2025-04-19 09:15:54] - https://www.loyhome.com/feed
[2025-04-19 10:16:02] 本次订阅抓取结果统计:
[2025-04-19 10:16:02] 共 28 条RSS, 成功抓取 27 条.
[2025-04-19 10:16:02] ✘ 有 1 条订阅解析失败:
[2025-04-19 10:16:02] - https://tcxx.info/feed
[2025-04-19 10:16:02] ✘ 有 2 条订阅头像无法访问, 已使用默认头像:
[2025-04-19 10:16:02] - http://feeds.feedburner.com/ruanyifeng
[2025-04-19 10:16:02] - https://www.loyhome.com/feed
[2025-04-19 11:13:47] 本次订阅抓取结果统计:
[2025-04-19 11:13:47] 共 28 条RSS, 成功抓取 27 条.
[2025-04-19 11:13:47] ✘ 有 1 条订阅解析失败:
[2025-04-19 11:13:47] - https://tcxx.info/feed
[2025-04-19 11:13:47] ✘ 有 2 条订阅头像无法访问, 已使用默认头像:
[2025-04-19 11:13:47] - https://www.loyhome.com/feed
[2025-04-19 11:13:47] - http://feeds.feedburner.com/ruanyifeng
[2025-04-19 12:30:13] 本次订阅抓取结果统计:
[2025-04-19 12:30:13] 共 28 条RSS, 成功抓取 27 条.
[2025-04-19 12:30:13] ✘ 有 1 条订阅解析失败:
[2025-04-19 12:30:13] - https://tcxx.info/feed
[2025-04-19 12:30:13] ✘ 有 2 条订阅头像无法访问, 已使用默认头像:
[2025-04-19 12:30:13] - http://feeds.feedburner.com/ruanyifeng
[2025-04-19 12:30:13] - https://www.loyhome.com/feed
[2025-04-19 13:21:55] 本次订阅抓取结果统计:
[2025-04-19 13:21:55] 共 28 条RSS, 成功抓取 27 条.
[2025-04-19 13:21:55] ✘ 有 1 条订阅解析失败:
[2025-04-19 13:21:55] - https://tcxx.info/feed
[2025-04-19 13:21:55] ✘ 有 2 条订阅头像无法访问, 已使用默认头像:
[2025-04-19 13:21:55] - http://feeds.feedburner.com/ruanyifeng
[2025-04-19 13:21:55] - https://www.loyhome.com/feed
[2025-04-19 14:14:15] 本次订阅抓取结果统计:
[2025-04-19 14:14:15] 共 28 条RSS, 成功抓取 27 条.
[2025-04-19 14:14:15] ✘ 有 1 条订阅解析失败:
[2025-04-19 14:14:15] - https://tcxx.info/feed
[2025-04-19 14:14:15] ✘ 有 2 条订阅头像无法访问, 已使用默认头像:
[2025-04-19 14:14:15] - http://feeds.feedburner.com/ruanyifeng
[2025-04-19 14:14:15] - https://www.loyhome.com/feed
[2025-04-19 15:15:40] 本次订阅抓取结果统计:
[2025-04-19 15:15:40] 共 28 条RSS, 成功抓取 27 条.
[2025-04-19 15:15:40] ✘ 有 1 条订阅解析失败:
[2025-04-19 15:15:40] - https://tcxx.info/feed
[2025-04-19 15:15:40] ✘ 有 2 条订阅头像无法访问, 已使用默认头像:
[2025-04-19 15:15:40] - http://feeds.feedburner.com/ruanyifeng
[2025-04-19 15:15:40] - https://www.loyhome.com/feed
[2025-04-19 16:20:05] 本次订阅抓取结果统计:
[2025-04-19 16:20:05] 共 28 条RSS, 成功抓取 27 条.
[2025-04-19 16:20:05] ✘ 有 1 条订阅解析失败:
[2025-04-19 16:20:05] - https://tcxx.info/feed
[2025-04-19 16:20:05] ✘ 有 2 条订阅头像无法访问, 已使用默认头像:
[2025-04-19 16:20:05] - http://feeds.feedburner.com/ruanyifeng
[2025-04-19 16:20:05] - https://www.loyhome.com/feed
[2025-04-19 17:17:30] 本次订阅抓取结果统计:
[2025-04-19 17:17:30] 共 28 条RSS, 成功抓取 27 条.
[2025-04-19 17:17:30] ✘ 有 1 条订阅解析失败:
[2025-04-19 17:17:30] - https://tcxx.info/feed
[2025-04-19 17:17:30] ✘ 有 2 条订阅头像无法访问, 已使用默认头像:
[2025-04-19 17:17:30] - http://feeds.feedburner.com/ruanyifeng
[2025-04-19 17:17:30] - https://www.loyhome.com/feed
[2025-04-19 18:20:59] 本次订阅抓取结果统计:
[2025-04-19 18:20:59] 共 28 条RSS, 成功抓取 27 条.
[2025-04-19 18:20:59] ✘ 有 1 条订阅解析失败:
[2025-04-19 18:20:59] - https://tcxx.info/feed
[2025-04-19 18:20:59] ✘ 有 4 条订阅头像无法访问, 已使用默认头像:
[2025-04-19 18:20:59] - https://www.loyhome.com/feed
[2025-04-19 18:20:59] - http://feeds.feedburner.com/ruanyifeng
[2025-04-19 18:20:59] - https://xyzbz.cn/feed
[2025-04-19 18:20:59] - https://ihaihe.cn/feed
[2025-04-19 19:13:48] 本次订阅抓取结果统计:
[2025-04-19 19:13:48] 共 28 条RSS, 成功抓取 27 条.
[2025-04-19 19:13:48] ✘ 有 1 条订阅解析失败:
[2025-04-19 19:13:48] - https://tcxx.info/feed
[2025-04-19 19:13:48] ✘ 有 2 条订阅头像无法访问, 已使用默认头像:
[2025-04-19 19:13:48] - http://feeds.feedburner.com/ruanyifeng
[2025-04-19 19:13:48] - https://www.loyhome.com/feed
[2025-04-19 20:17:19] 本次订阅抓取结果统计:
[2025-04-19 20:17:19] 共 28 条RSS, 成功抓取 27 条.
[2025-04-19 20:17:19] ✘ 有 1 条订阅解析失败:
[2025-04-19 20:17:19] - https://tcxx.info/feed
[2025-04-19 20:17:19] ✘ 有 2 条订阅头像无法访问, 已使用默认头像:
[2025-04-19 20:17:19] - http://feeds.feedburner.com/ruanyifeng
[2025-04-19 20:17:19] - https://www.loyhome.com/feed
[2025-04-19 21:14:09] 本次订阅抓取结果统计:
[2025-04-19 21:14:09] 共 28 条RSS, 成功抓取 27 条.
[2025-04-19 21:14:09] ✘ 有 1 条订阅解析失败:
[2025-04-19 21:14:09] - https://tcxx.info/feed
[2025-04-19 21:14:09] ✘ 有 2 条订阅头像无法访问, 已使用默认头像:
[2025-04-19 21:14:09] - http://feeds.feedburner.com/ruanyifeng
[2025-04-19 21:14:09] - https://www.loyhome.com/feed
[2025-04-19 22:15:19] 本次订阅抓取结果统计:
[2025-04-19 22:15:19] 共 28 条RSS, 成功抓取 27 条.
[2025-04-19 22:15:19] ✘ 有 1 条订阅解析失败:
[2025-04-19 22:15:19] - https://tcxx.info/feed
[2025-04-19 22:15:19] ✘ 有 2 条订阅头像无法访问, 已使用默认头像:
[2025-04-19 22:15:19] - http://feeds.feedburner.com/ruanyifeng
[2025-04-19 22:15:19] - https://www.loyhome.com/feed
