[2025-11-19 00:09:15] 抓取到的文章与现有数据相同，无需更新。
[2025-11-19 01:30:45] 抓取到的文章与现有数据相同，无需更新。
[2025-11-19 02:30:46] 本次订阅抓取结果统计:
[2025-11-19 02:30:46] 共 60 条RSS, 成功抓取 53 条.
[2025-11-19 02:30:46] ✘ 有 6 条订阅解析失败:
[2025-11-19 02:30:46] - https://tcxx.info/feed
[2025-11-19 02:30:46] - https://tumutanzi.com/feed
[2025-11-19 02:30:46] - https://geekinney.com/index.xml
[2025-11-19 02:30:46] - https://suus.me/atom.xml
[2025-11-19 02:30:46] - https://botanwang.com/rss.xml
[2025-11-19 02:30:46] - https://www.shephe.com/feed
[2025-11-19 02:30:46] ✘ 有 1 条订阅为空:
[2025-11-19 02:30:46] - http://feeds.feedburner.com/zhihu-daily
[2025-11-19 02:30:46] ✘ 有 1 条订阅头像字段为空, 已使用默认头像:
[2025-11-19 02:30:46] - https://feed.cnblogs.com/blog/u/66551/rss/
[2025-11-19 02:30:46] ✘ 有 3 条订阅头像无法访问, 已使用默认头像:
[2025-11-19 02:30:46] - http://feeds.feedburner.com/ruanyifeng
[2025-11-19 02:30:46] - https://wangpei.net/comments/feed/
[2025-11-19 02:30:46] - https://skywind.me/blog/feed
[2025-11-19 03:22:05] 抓取到的文章与现有数据相同，无需更新。
[2025-11-19 04:04:11] 本次订阅抓取结果统计:
[2025-11-19 04:04:11] 共 60 条RSS, 成功抓取 53 条.
[2025-11-19 04:04:11] ✘ 有 6 条订阅解析失败:
[2025-11-19 04:04:11] - https://tcxx.info/feed
[2025-11-19 04:04:11] - https://tumutanzi.com/feed
[2025-11-19 04:04:11] - https://geekinney.com/index.xml
[2025-11-19 04:04:11] - https://suus.me/atom.xml
[2025-11-19 04:04:11] - https://botanwang.com/rss.xml
[2025-11-19 04:04:11] - https://www.shephe.com/feed
[2025-11-19 04:04:11] ✘ 有 1 条订阅为空:
[2025-11-19 04:04:11] - http://feeds.feedburner.com/zhihu-daily
[2025-11-19 04:04:11] ✘ 有 1 条订阅头像字段为空, 已使用默认头像:
[2025-11-19 04:04:11] - https://feed.cnblogs.com/blog/u/66551/rss/
[2025-11-19 04:04:11] ✘ 有 3 条订阅头像无法访问, 已使用默认头像:
[2025-11-19 04:04:11] - https://wangpei.net/comments/feed/
[2025-11-19 04:04:11] - http://feeds.feedburner.com/ruanyifeng
[2025-11-19 04:04:11] - https://skywind.me/blog/feed
[2025-11-19 05:08:53] 抓取到的文章与现有数据相同，无需更新。
[2025-11-19 06:02:36] 抓取到的文章与现有数据相同，无需更新。
[2025-11-19 07:02:56] 抓取到的文章与现有数据相同，无需更新。
[2025-11-19 08:02:37] 本次订阅抓取结果统计:
[2025-11-19 08:02:37] 共 60 条RSS, 成功抓取 53 条.
[2025-11-19 08:02:37] ✘ 有 6 条订阅解析失败:
[2025-11-19 08:02:37] - https://tcxx.info/feed
[2025-11-19 08:02:37] - https://tumutanzi.com/feed
[2025-11-19 08:02:37] - https://geekinney.com/index.xml
[2025-11-19 08:02:37] - https://suus.me/atom.xml
[2025-11-19 08:02:37] - https://botanwang.com/rss.xml
[2025-11-19 08:02:37] - https://www.shephe.com/feed
[2025-11-19 08:02:37] ✘ 有 1 条订阅为空:
[2025-11-19 08:02:37] - http://feeds.feedburner.com/zhihu-daily
[2025-11-19 08:02:37] ✘ 有 1 条订阅头像字段为空, 已使用默认头像:
[2025-11-19 08:02:37] - https://feed.cnblogs.com/blog/u/66551/rss/
[2025-11-19 08:02:37] ✘ 有 3 条订阅头像无法访问, 已使用默认头像:
[2025-11-19 08:02:37] - https://wangpei.net/comments/feed/
[2025-11-19 08:02:37] - http://feeds.feedburner.com/ruanyifeng
[2025-11-19 08:02:37] - https://skywind.me/blog/feed
