[2025-05-26 00:00:02] 本次订阅抓取结果统计:
[2025-05-26 00:00:02] 共 29 条RSS, 成功抓取 25 条.
[2025-05-26 00:00:02] ✘ 有 4 条订阅解析失败:
[2025-05-26 00:00:02] - https://tcxx.info/feed
[2025-05-26 00:00:02] - http://feeds.kenengba.com/kenengbarss
[2025-05-26 00:00:02] - https://hwv430.blogspot.com/feeds/posts/default
[2025-05-26 00:00:02] - http://feeds.feedburner.com/ruanyifeng
[2025-05-26 00:00:02] ✘ 有 1 条订阅头像无法访问, 已使用默认头像:
[2025-05-26 00:00:02] - https://www.loyhome.com/feed
[2025-05-26 01:00:02] 本次订阅抓取结果统计:
[2025-05-26 01:00:02] 共 29 条RSS, 成功抓取 25 条.
[2025-05-26 01:00:02] ✘ 有 4 条订阅解析失败:
[2025-05-26 01:00:02] - https://tcxx.info/feed
[2025-05-26 01:00:02] - https://hwv430.blogspot.com/feeds/posts/default
[2025-05-26 01:00:02] - http://feeds.kenengba.com/kenengbarss
[2025-05-26 01:00:02] - http://feeds.feedburner.com/ruanyifeng
[2025-05-26 01:00:02] ✘ 有 1 条订阅头像无法访问, 已使用默认头像:
[2025-05-26 01:00:02] - https://www.loyhome.com/feed
[2025-05-26 02:01:32] 本次订阅抓取结果统计:
[2025-05-26 02:01:32] 共 29 条RSS, 成功抓取 25 条.
[2025-05-26 02:01:32] ✘ 有 4 条订阅解析失败:
[2025-05-26 02:01:32] - https://tcxx.info/feed
[2025-05-26 02:01:32] - https://hwv430.blogspot.com/feeds/posts/default
[2025-05-26 02:01:32] - http://feeds.kenengba.com/kenengbarss
[2025-05-26 02:01:32] - http://feeds.feedburner.com/ruanyifeng
[2025-05-26 02:01:32] ✘ 有 1 条订阅头像无法访问, 已使用默认头像:
[2025-05-26 02:01:32] - https://www.loyhome.com/feed
[2025-05-26 03:00:01] 本次订阅抓取结果统计:
[2025-05-26 03:00:01] 共 29 条RSS, 成功抓取 25 条.
[2025-05-26 03:00:01] ✘ 有 4 条订阅解析失败:
[2025-05-26 03:00:01] - https://tcxx.info/feed
[2025-05-26 03:00:01] - https://hwv430.blogspot.com/feeds/posts/default
[2025-05-26 03:00:01] - http://feeds.kenengba.com/kenengbarss
[2025-05-26 03:00:01] - http://feeds.feedburner.com/ruanyifeng
[2025-05-26 03:00:01] ✘ 有 1 条订阅头像无法访问, 已使用默认头像:
[2025-05-26 03:00:01] - https://www.loyhome.com/feed
[2025-05-26 04:00:00] 本次订阅抓取结果统计:
[2025-05-26 04:00:00] 共 29 条RSS, 成功抓取 25 条.
[2025-05-26 04:00:00] ✘ 有 4 条订阅解析失败:
[2025-05-26 04:00:00] - https://tcxx.info/feed
[2025-05-26 04:00:00] - https://hwv430.blogspot.com/feeds/posts/default
[2025-05-26 04:00:00] - http://feeds.kenengba.com/kenengbarss
[2025-05-26 04:00:00] - http://feeds.feedburner.com/ruanyifeng
[2025-05-26 04:00:00] ✘ 有 1 条订阅头像无法访问, 已使用默认头像:
[2025-05-26 04:00:00] - https://www.loyhome.com/feed
[2025-05-26 05:00:00] 本次订阅抓取结果统计:
[2025-05-26 05:00:00] 共 29 条RSS, 成功抓取 25 条.
[2025-05-26 05:00:00] ✘ 有 4 条订阅解析失败:
[2025-05-26 05:00:00] - https://tcxx.info/feed
[2025-05-26 05:00:00] - https://hwv430.blogspot.com/feeds/posts/default
[2025-05-26 05:00:00] - http://feeds.kenengba.com/kenengbarss
[2025-05-26 05:00:00] - http://feeds.feedburner.com/ruanyifeng
[2025-05-26 05:00:00] ✘ 有 1 条订阅头像无法访问, 已使用默认头像:
[2025-05-26 05:00:00] - https://www.loyhome.com/feed
[2025-05-26 06:00:02] 本次订阅抓取结果统计:
[2025-05-26 06:00:02] 共 29 条RSS, 成功抓取 25 条.
[2025-05-26 06:00:02] ✘ 有 4 条订阅解析失败:
[2025-05-26 06:00:02] - https://tcxx.info/feed
[2025-05-26 06:00:02] - https://hwv430.blogspot.com/feeds/posts/default
[2025-05-26 06:00:02] - http://feeds.kenengba.com/kenengbarss
[2025-05-26 06:00:02] - http://feeds.feedburner.com/ruanyifeng
[2025-05-26 06:00:02] ✘ 有 1 条订阅头像无法访问, 已使用默认头像:
[2025-05-26 06:00:02] - https://www.loyhome.com/feed
[2025-05-26 07:00:01] 本次订阅抓取结果统计:
[2025-05-26 07:00:01] 共 29 条RSS, 成功抓取 25 条.
[2025-05-26 07:00:01] ✘ 有 4 条订阅解析失败:
[2025-05-26 07:00:01] - https://tcxx.info/feed
[2025-05-26 07:00:01] - http://feeds.kenengba.com/kenengbarss
[2025-05-26 07:00:01] - https://hwv430.blogspot.com/feeds/posts/default
[2025-05-26 07:00:01] - http://feeds.feedburner.com/ruanyifeng
[2025-05-26 07:00:01] ✘ 有 1 条订阅头像无法访问, 已使用默认头像:
[2025-05-26 07:00:01] - https://www.loyhome.com/feed
[2025-05-26 08:00:00] 本次订阅抓取结果统计:
[2025-05-26 08:00:00] 共 29 条RSS, 成功抓取 25 条.
[2025-05-26 08:00:00] ✘ 有 4 条订阅解析失败:
[2025-05-26 08:00:00] - https://tcxx.info/feed
[2025-05-26 08:00:00] - https://hwv430.blogspot.com/feeds/posts/default
[2025-05-26 08:00:00] - http://feeds.kenengba.com/kenengbarss
[2025-05-26 08:00:00] - http://feeds.feedburner.com/ruanyifeng
[2025-05-26 08:00:00] ✘ 有 1 条订阅头像无法访问, 已使用默认头像:
[2025-05-26 08:00:00] - https://www.loyhome.com/feed
[2025-05-26 08:59:59] 本次订阅抓取结果统计:
[2025-05-26 08:59:59] 共 29 条RSS, 成功抓取 25 条.
[2025-05-26 08:59:59] ✘ 有 4 条订阅解析失败:
[2025-05-26 08:59:59] - https://tcxx.info/feed
[2025-05-26 08:59:59] - https://hwv430.blogspot.com/feeds/posts/default
[2025-05-26 08:59:59] - http://feeds.kenengba.com/kenengbarss
[2025-05-26 08:59:59] - http://feeds.feedburner.com/ruanyifeng
[2025-05-26 08:59:59] ✘ 有 1 条订阅头像无法访问, 已使用默认头像:
[2025-05-26 08:59:59] - https://www.loyhome.com/feed
[2025-05-26 10:00:00] 本次订阅抓取结果统计:
[2025-05-26 10:00:00] 共 29 条RSS, 成功抓取 25 条.
[2025-05-26 10:00:00] ✘ 有 4 条订阅解析失败:
[2025-05-26 10:00:00] - https://tcxx.info/feed
[2025-05-26 10:00:00] - https://hwv430.blogspot.com/feeds/posts/default
[2025-05-26 10:00:00] - http://feeds.kenengba.com/kenengbarss
[2025-05-26 10:00:00] - http://feeds.feedburner.com/ruanyifeng
[2025-05-26 10:00:00] ✘ 有 1 条订阅头像无法访问, 已使用默认头像:
[2025-05-26 10:00:00] - https://www.loyhome.com/feed
[2025-05-26 11:00:00] 本次订阅抓取结果统计:
[2025-05-26 11:00:00] 共 29 条RSS, 成功抓取 25 条.
[2025-05-26 11:00:00] ✘ 有 4 条订阅解析失败:
[2025-05-26 11:00:00] - https://tcxx.info/feed
[2025-05-26 11:00:00] - https://hwv430.blogspot.com/feeds/posts/default
[2025-05-26 11:00:00] - http://feeds.kenengba.com/kenengbarss
[2025-05-26 11:00:00] - http://feeds.feedburner.com/ruanyifeng
[2025-05-26 11:00:00] ✘ 有 1 条订阅头像无法访问, 已使用默认头像:
[2025-05-26 11:00:00] - https://www.loyhome.com/feed
[2025-05-26 12:00:17] 本次订阅抓取结果统计:
[2025-05-26 12:00:17] 共 29 条RSS, 成功抓取 25 条.
[2025-05-26 12:00:17] ✘ 有 4 条订阅解析失败:
[2025-05-26 12:00:17] - https://tcxx.info/feed
[2025-05-26 12:00:17] - https://hwv430.blogspot.com/feeds/posts/default
[2025-05-26 12:00:17] - http://feeds.kenengba.com/kenengbarss
[2025-05-26 12:00:17] - http://feeds.feedburner.com/ruanyifeng
[2025-05-26 12:00:17] ✘ 有 1 条订阅头像无法访问, 已使用默认头像:
[2025-05-26 12:00:17] - https://www.loyhome.com/feed
[2025-05-26 13:00:11] 本次订阅抓取结果统计:
[2025-05-26 13:00:11] 共 29 条RSS, 成功抓取 25 条.
[2025-05-26 13:00:11] ✘ 有 4 条订阅解析失败:
[2025-05-26 13:00:11] - https://tcxx.info/feed
[2025-05-26 13:00:11] - http://feeds.kenengba.com/kenengbarss
[2025-05-26 13:00:11] - https://hwv430.blogspot.com/feeds/posts/default
[2025-05-26 13:00:11] - http://feeds.feedburner.com/ruanyifeng
[2025-05-26 13:00:11] ✘ 有 1 条订阅头像无法访问, 已使用默认头像:
[2025-05-26 13:00:11] - https://www.loyhome.com/feed
[2025-05-26 14:00:01] 本次订阅抓取结果统计:
[2025-05-26 14:00:01] 共 29 条RSS, 成功抓取 25 条.
[2025-05-26 14:00:01] ✘ 有 4 条订阅解析失败:
[2025-05-26 14:00:01] - https://tcxx.info/feed
[2025-05-26 14:00:01] - https://hwv430.blogspot.com/feeds/posts/default
[2025-05-26 14:00:01] - http://feeds.kenengba.com/kenengbarss
[2025-05-26 14:00:01] - http://feeds.feedburner.com/ruanyifeng
[2025-05-26 14:00:01] ✘ 有 1 条订阅头像无法访问, 已使用默认头像:
[2025-05-26 14:00:01] - https://www.loyhome.com/feed
[2025-05-26 15:00:02] 本次订阅抓取结果统计:
[2025-05-26 15:00:02] 共 29 条RSS, 成功抓取 25 条.
[2025-05-26 15:00:02] ✘ 有 4 条订阅解析失败:
[2025-05-26 15:00:02] - https://tcxx.info/feed
[2025-05-26 15:00:02] - https://hwv430.blogspot.com/feeds/posts/default
[2025-05-26 15:00:02] - http://feeds.kenengba.com/kenengbarss
[2025-05-26 15:00:02] - http://feeds.feedburner.com/ruanyifeng
[2025-05-26 15:00:02] ✘ 有 1 条订阅头像无法访问, 已使用默认头像:
[2025-05-26 15:00:02] - https://www.loyhome.com/feed
[2025-05-26 18:00:08] 本次订阅抓取结果统计:
[2025-05-26 18:00:08] 共 29 条RSS, 成功抓取 25 条.
[2025-05-26 18:00:08] ✘ 有 4 条订阅解析失败:
[2025-05-26 18:00:08] - https://tcxx.info/feed
[2025-05-26 18:00:08] - https://hwv430.blogspot.com/feeds/posts/default
[2025-05-26 18:00:08] - http://feeds.kenengba.com/kenengbarss
[2025-05-26 18:00:08] - http://feeds.feedburner.com/ruanyifeng
[2025-05-26 18:00:08] ✘ 有 1 条订阅头像无法访问, 已使用默认头像:
[2025-05-26 18:00:08] - https://www.loyhome.com/feed
[2025-05-26 19:00:01] 本次订阅抓取结果统计:
[2025-05-26 19:00:01] 共 29 条RSS, 成功抓取 25 条.
[2025-05-26 19:00:01] ✘ 有 4 条订阅解析失败:
[2025-05-26 19:00:01] - https://tcxx.info/feed
[2025-05-26 19:00:01] - https://hwv430.blogspot.com/feeds/posts/default
[2025-05-26 19:00:01] - http://feeds.kenengba.com/kenengbarss
[2025-05-26 19:00:01] - http://feeds.feedburner.com/ruanyifeng
[2025-05-26 19:00:01] ✘ 有 1 条订阅头像无法访问, 已使用默认头像:
[2025-05-26 19:00:01] - https://www.loyhome.com/feed
[2025-05-26 20:00:02] 本次订阅抓取结果统计:
[2025-05-26 20:00:02] 共 29 条RSS, 成功抓取 25 条.
[2025-05-26 20:00:02] ✘ 有 4 条订阅解析失败:
[2025-05-26 20:00:02] - https://tcxx.info/feed
[2025-05-26 20:00:02] - https://hwv430.blogspot.com/feeds/posts/default
[2025-05-26 20:00:02] - http://feeds.kenengba.com/kenengbarss
[2025-05-26 20:00:02] - http://feeds.feedburner.com/ruanyifeng
[2025-05-26 20:00:02] ✘ 有 1 条订阅头像无法访问, 已使用默认头像:
[2025-05-26 20:00:02] - https://www.loyhome.com/feed
[2025-05-26 21:08:34] 本次订阅抓取结果统计:
[2025-05-26 21:08:34] 共 29 条RSS, 成功抓取 24 条.
[2025-05-26 21:08:34] ✘ 有 5 条订阅解析失败:
[2025-05-26 21:08:34] - https://tcxx.info/feed
[2025-05-26 21:08:34] - http://feeds.kenengba.com/kenengbarss
[2025-05-26 21:08:34] - https://hwv430.blogspot.com/feeds/posts/default
[2025-05-26 21:08:34] - http://feeds.feedburner.com/ruanyifeng
[2025-05-26 21:08:34] - https://lingxiankong.github.io/pages/rss.xml
[2025-05-26 21:08:34] ✘ 有 1 条订阅头像无法访问, 已使用默认头像:
[2025-05-26 21:08:34] - https://www.loyhome.com/feed
[2025-05-26 22:01:09] 本次订阅抓取结果统计:
[2025-05-26 22:01:09] 共 29 条RSS, 成功抓取 25 条.
[2025-05-26 22:01:09] ✘ 有 4 条订阅解析失败:
[2025-05-26 22:01:09] - https://tcxx.info/feed
[2025-05-26 22:01:09] - http://feeds.kenengba.com/kenengbarss
[2025-05-26 22:01:09] - https://hwv430.blogspot.com/feeds/posts/default
[2025-05-26 22:01:09] - http://feeds.feedburner.com/ruanyifeng
[2025-05-26 22:01:09] ✘ 有 1 条订阅头像无法访问, 已使用默认头像:
[2025-05-26 22:01:09] - https://www.loyhome.com/feed
[2025-05-26 23:01:53] 本次订阅抓取结果统计:
[2025-05-26 23:01:53] 共 29 条RSS, 成功抓取 25 条.
[2025-05-26 23:01:53] ✘ 有 4 条订阅解析失败:
[2025-05-26 23:01:53] - https://tcxx.info/feed
[2025-05-26 23:01:53] - https://hwv430.blogspot.com/feeds/posts/default
[2025-05-26 23:01:53] - http://feeds.kenengba.com/kenengbarss
[2025-05-26 23:01:53] - http://feeds.feedburner.com/ruanyifeng
[2025-05-26 23:01:53] ✘ 有 1 条订阅头像无法访问, 已使用默认头像:
[2025-05-26 23:01:53] - https://www.loyhome.com/feed
