[2025-10-12 00:04:24] 抓取到的文章与现有数据相同，无需更新。
[2025-10-12 01:29:24] 抓取到的文章与现有数据相同，无需更新。
[2025-10-12 02:28:15] 抓取到的文章与现有数据相同，无需更新。
[2025-10-12 03:15:16] 抓取到的文章与现有数据相同，无需更新。
[2025-10-12 04:01:58] 抓取到的文章与现有数据相同，无需更新。
[2025-10-12 05:01:46] 抓取到的文章与现有数据相同，无需更新。
[2025-10-12 06:02:01] 抓取到的文章与现有数据相同，无需更新。
[2025-10-12 07:01:41] 抓取到的文章与现有数据相同，无需更新。
[2025-10-12 08:01:52] 本次订阅抓取结果统计:
[2025-10-12 08:01:52] 共 60 条RSS, 成功抓取 52 条.
[2025-10-12 08:01:52] ✘ 有 7 条订阅解析失败:
[2025-10-12 08:01:52] - https://tumutanzi.com/feed
[2025-10-12 08:01:52] - https://tcxx.info/feed
[2025-10-12 08:01:52] - https://geekinney.com/index.xml
[2025-10-12 08:01:52] - https://suus.me/index.xml
[2025-10-12 08:01:52] - https://yinwang1.substack.com/feed
[2025-10-12 08:01:52] - https://botanwang.com/rss.xml
[2025-10-12 08:01:52] - https://skywind.me/blog/feed
[2025-10-12 08:01:52] ✘ 有 1 条订阅为空:
[2025-10-12 08:01:52] - http://feeds.feedburner.com/zhihu-daily
[2025-10-12 08:01:52] ✘ 有 1 条订阅头像字段为空, 已使用默认头像:
[2025-10-12 08:01:52] - https://feed.cnblogs.com/blog/u/66551/rss/
[2025-10-12 08:01:52] ✘ 有 6 条订阅头像无法访问, 已使用默认头像:
[2025-10-12 08:01:52] - http://feeds.feedburner.com/ruanyifeng
[2025-10-12 08:01:52] - https://www.loyhome.com/feed
[2025-10-12 08:01:52] - https://a4.zyzhang.com/index.xml
[2025-10-12 08:01:52] - https://laike9m.com/blog/rss/
[2025-10-12 08:01:52] - https://www.douban.com/feed/review/book
[2025-10-12 08:01:52] - https://www.mrhe.net/feed
[2025-10-12 09:01:48] 本次订阅抓取结果统计:
[2025-10-12 09:01:48] 共 60 条RSS, 成功抓取 52 条.
[2025-10-12 09:01:48] ✘ 有 7 条订阅解析失败:
[2025-10-12 09:01:48] - https://tcxx.info/feed
[2025-10-12 09:01:48] - https://tumutanzi.com/feed
[2025-10-12 09:01:48] - https://geekinney.com/index.xml
[2025-10-12 09:01:48] - https://suus.me/index.xml
[2025-10-12 09:01:48] - https://yinwang1.substack.com/feed
[2025-10-12 09:01:48] - https://skywind.me/blog/feed
[2025-10-12 09:01:48] - https://botanwang.com/rss.xml
[2025-10-12 09:01:48] ✘ 有 1 条订阅为空:
[2025-10-12 09:01:48] - http://feeds.feedburner.com/zhihu-daily
[2025-10-12 09:01:48] ✘ 有 1 条订阅头像字段为空, 已使用默认头像:
[2025-10-12 09:01:48] - https://feed.cnblogs.com/blog/u/66551/rss/
[2025-10-12 09:01:48] ✘ 有 6 条订阅头像无法访问, 已使用默认头像:
[2025-10-12 09:01:48] - https://www.loyhome.com/feed
[2025-10-12 09:01:48] - http://feeds.feedburner.com/ruanyifeng
[2025-10-12 09:01:48] - https://a4.zyzhang.com/index.xml
[2025-10-12 09:01:48] - https://laike9m.com/blog/rss/
[2025-10-12 09:01:48] - https://www.douban.com/feed/review/book
[2025-10-12 09:01:48] - https://www.mrhe.net/feed
