[2025-11-29 00:04:53] 抓取到的文章与现有数据相同，无需更新。
[2025-11-29 01:29:44] [WARN] 加载头像映射失败: failed to fetch avatar map: Get "https://cos.lhasa.icu/lhasaRSS/avatar.json": context deadline exceeded (Client.Timeout exceeded while awaiting headers)
[2025-11-29 01:30:46] 本次订阅抓取结果统计:
[2025-11-29 01:30:46] 共 31 条RSS, 成功抓取 22 条.
[2025-11-29 01:30:46] ✘ 有 9 条订阅解析失败:
[2025-11-29 01:30:46] - https://tumutanzi.com/feed
[2025-11-29 01:30:46] - https://geekinney.com/index.xml
[2025-11-29 01:30:46] - https://suus.me/atom.xml
[2025-11-29 01:30:46] - https://xyzbz.cn/feed
[2025-11-29 01:30:46] - https://oba.by/feed
[2025-11-29 01:30:46] - https://diygod.cc/feed
[2025-11-29 01:30:46] - https://www.laomuzhu.cn/feed/
[2025-11-29 01:30:46] - https://www.moraex.com/feed
[2025-11-29 01:30:46] - https://bluehe.cn/rss.xml
[2025-11-29 01:30:46] ✘ 有 4 条订阅头像无法访问, 已使用默认头像:
[2025-11-29 01:30:46] - https://laike9m.com/blog/rss/
[2025-11-29 01:30:46] - https://skywind.me/blog/feed
[2025-11-29 01:30:46] - https://www.mrhe.net/feed
[2025-11-29 01:30:46] - https://byvoid.com/zhs/feed.xml
[2025-11-29 02:30:05] 本次订阅抓取结果统计:
[2025-11-29 02:30:05] 共 31 条RSS, 成功抓取 27 条.
[2025-11-29 02:30:05] ✘ 有 4 条订阅解析失败:
[2025-11-29 02:30:05] - https://tumutanzi.com/feed
[2025-11-29 02:30:05] - https://suus.me/atom.xml
[2025-11-29 02:30:05] - https://geekinney.com/index.xml
[2025-11-29 02:30:05] - https://diygod.cc/feed
[2025-11-29 03:21:37] 本次订阅抓取结果统计:
[2025-11-29 03:21:37] 共 31 条RSS, 成功抓取 28 条.
[2025-11-29 03:21:37] ✘ 有 3 条订阅解析失败:
[2025-11-29 03:21:37] - https://tumutanzi.com/feed
[2025-11-29 03:21:37] - https://geekinney.com/index.xml
[2025-11-29 03:21:37] - https://suus.me/atom.xml
[2025-11-29 04:03:18] 本次订阅抓取结果统计:
[2025-11-29 04:03:18] 共 31 条RSS, 成功抓取 27 条.
[2025-11-29 04:03:18] ✘ 有 4 条订阅解析失败:
[2025-11-29 04:03:18] - https://tumutanzi.com/feed
[2025-11-29 04:03:18] - https://suus.me/atom.xml
[2025-11-29 04:03:18] - https://geekinney.com/index.xml
[2025-11-29 04:03:18] - https://diygod.cc/feed
[2025-11-29 05:02:12] 本次订阅抓取结果统计:
[2025-11-29 05:02:12] 共 31 条RSS, 成功抓取 28 条.
[2025-11-29 05:02:12] ✘ 有 3 条订阅解析失败:
[2025-11-29 05:02:12] - https://tumutanzi.com/feed
[2025-11-29 05:02:12] - https://suus.me/atom.xml
[2025-11-29 05:02:12] - https://geekinney.com/index.xml
[2025-11-29 06:02:22] 本次订阅抓取结果统计:
[2025-11-29 06:02:22] 共 31 条RSS, 成功抓取 27 条.
[2025-11-29 06:02:22] ✘ 有 4 条订阅解析失败:
[2025-11-29 06:02:22] - https://tumutanzi.com/feed
[2025-11-29 06:02:22] - https://geekinney.com/index.xml
[2025-11-29 06:02:22] - https://suus.me/atom.xml
[2025-11-29 06:02:22] - https://diygod.cc/feed
[2025-11-29 07:02:13] 抓取到的文章与现有数据相同，无需更新。
[2025-11-29 08:02:20] 本次订阅抓取结果统计:
[2025-11-29 08:02:20] 共 31 条RSS, 成功抓取 28 条.
[2025-11-29 08:02:20] ✘ 有 3 条订阅解析失败:
[2025-11-29 08:02:20] - https://tumutanzi.com/feed
[2025-11-29 08:02:20] - https://geekinney.com/index.xml
[2025-11-29 08:02:20] - https://suus.me/atom.xml
[2025-11-29 09:02:10] 抓取到的文章与现有数据相同，无需更新。
[2025-11-29 10:02:10] 抓取到的文章与现有数据相同，无需更新。
[2025-11-29 11:01:42] 抓取到的文章与现有数据相同，无需更新。
[2025-11-29 12:03:20] 本次订阅抓取结果统计:
[2025-11-29 12:03:20] 共 31 条RSS, 成功抓取 27 条.
[2025-11-29 12:03:20] ✘ 有 4 条订阅解析失败:
[2025-11-29 12:03:20] - https://tumutanzi.com/feed
[2025-11-29 12:03:20] - https://geekinney.com/index.xml
[2025-11-29 12:03:20] - https://suus.me/atom.xml
[2025-11-29 12:03:20] - https://diygod.cc/feed
