[2025-11-20 00:04:32] 抓取到的文章与现有数据相同，无需更新。
[2025-11-20 01:29:48] 本次订阅抓取结果统计:
[2025-11-20 01:29:48] 共 60 条RSS, 成功抓取 54 条.
[2025-11-20 01:29:48] ✘ 有 5 条订阅解析失败:
[2025-11-20 01:29:48] - https://tumutanzi.com/feed
[2025-11-20 01:29:48] - https://tcxx.info/feed
[2025-11-20 01:29:48] - https://geekinney.com/index.xml
[2025-11-20 01:29:48] - https://suus.me/atom.xml
[2025-11-20 01:29:48] - https://botanwang.com/rss.xml
[2025-11-20 01:29:48] ✘ 有 1 条订阅为空:
[2025-11-20 01:29:48] - http://feeds.feedburner.com/zhihu-daily
[2025-11-20 01:29:48] ✘ 有 1 条订阅头像字段为空, 已使用默认头像:
[2025-11-20 01:29:48] - https://feed.cnblogs.com/blog/u/66551/rss/
[2025-11-20 01:29:48] ✘ 有 3 条订阅头像无法访问, 已使用默认头像:
[2025-11-20 01:29:48] - http://feeds.feedburner.com/ruanyifeng
[2025-11-20 01:29:48] - https://wangpei.net/comments/feed/
[2025-11-20 01:29:48] - https://skywind.me/blog/feed
[2025-11-20 02:29:57] 本次订阅抓取结果统计:
[2025-11-20 02:29:57] 共 60 条RSS, 成功抓取 54 条.
[2025-11-20 02:29:57] ✘ 有 5 条订阅解析失败:
[2025-11-20 02:29:57] - https://tcxx.info/feed
[2025-11-20 02:29:57] - https://tumutanzi.com/feed
[2025-11-20 02:29:57] - https://geekinney.com/index.xml
[2025-11-20 02:29:57] - https://suus.me/atom.xml
[2025-11-20 02:29:57] - https://botanwang.com/rss.xml
[2025-11-20 02:29:57] ✘ 有 1 条订阅为空:
[2025-11-20 02:29:57] - http://feeds.feedburner.com/zhihu-daily
[2025-11-20 02:29:57] ✘ 有 1 条订阅头像字段为空, 已使用默认头像:
[2025-11-20 02:29:57] - https://feed.cnblogs.com/blog/u/66551/rss/
[2025-11-20 02:29:57] ✘ 有 3 条订阅头像无法访问, 已使用默认头像:
[2025-11-20 02:29:57] - http://feeds.feedburner.com/ruanyifeng
[2025-11-20 02:29:57] - https://wangpei.net/comments/feed/
[2025-11-20 02:29:57] - https://skywind.me/blog/feed
[2025-11-20 03:21:28] 本次订阅抓取结果统计:
[2025-11-20 03:21:28] 共 60 条RSS, 成功抓取 53 条.
[2025-11-20 03:21:28] ✘ 有 6 条订阅解析失败:
[2025-11-20 03:21:28] - https://tcxx.info/feed
[2025-11-20 03:21:28] - https://tumutanzi.com/feed
[2025-11-20 03:21:28] - https://geekinney.com/index.xml
[2025-11-20 03:21:28] - https://suus.me/atom.xml
[2025-11-20 03:21:28] - https://botanwang.com/rss.xml
[2025-11-20 03:21:28] - http://www.auiou.com/feed/
[2025-11-20 03:21:28] ✘ 有 1 条订阅为空:
[2025-11-20 03:21:28] - http://feeds.feedburner.com/zhihu-daily
[2025-11-20 03:21:28] ✘ 有 1 条订阅头像字段为空, 已使用默认头像:
[2025-11-20 03:21:28] - https://feed.cnblogs.com/blog/u/66551/rss/
[2025-11-20 03:21:28] ✘ 有 3 条订阅头像无法访问, 已使用默认头像:
[2025-11-20 03:21:28] - http://feeds.feedburner.com/ruanyifeng
[2025-11-20 03:21:28] - https://wangpei.net/comments/feed/
[2025-11-20 03:21:28] - https://skywind.me/blog/feed
[2025-11-20 04:02:58] 本次订阅抓取结果统计:
[2025-11-20 04:02:58] 共 60 条RSS, 成功抓取 54 条.
[2025-11-20 04:02:58] ✘ 有 5 条订阅解析失败:
[2025-11-20 04:02:58] - https://tcxx.info/feed
[2025-11-20 04:02:58] - https://tumutanzi.com/feed
[2025-11-20 04:02:58] - https://geekinney.com/index.xml
[2025-11-20 04:02:58] - https://suus.me/atom.xml
[2025-11-20 04:02:58] - https://botanwang.com/rss.xml
[2025-11-20 04:02:58] ✘ 有 1 条订阅为空:
[2025-11-20 04:02:58] - http://feeds.feedburner.com/zhihu-daily
[2025-11-20 04:02:58] ✘ 有 1 条订阅头像字段为空, 已使用默认头像:
[2025-11-20 04:02:58] - https://feed.cnblogs.com/blog/u/66551/rss/
[2025-11-20 04:02:58] ✘ 有 3 条订阅头像无法访问, 已使用默认头像:
[2025-11-20 04:02:58] - http://feeds.feedburner.com/ruanyifeng
[2025-11-20 04:02:58] - https://skywind.me/blog/feed
[2025-11-20 04:02:58] - https://wangpei.net/comments/feed/
[2025-11-20 05:01:52] 抓取到的文章与现有数据相同，无需更新。
[2025-11-20 06:02:37] 抓取到的文章与现有数据相同，无需更新。
[2025-11-20 07:01:54] 抓取到的文章与现有数据相同，无需更新。
[2025-11-20 08:02:00] 本次订阅抓取结果统计:
[2025-11-20 08:02:00] 共 60 条RSS, 成功抓取 54 条.
[2025-11-20 08:02:00] ✘ 有 5 条订阅解析失败:
[2025-11-20 08:02:00] - https://tcxx.info/feed
[2025-11-20 08:02:00] - https://tumutanzi.com/feed
[2025-11-20 08:02:00] - https://geekinney.com/index.xml
[2025-11-20 08:02:00] - https://suus.me/atom.xml
[2025-11-20 08:02:00] - https://botanwang.com/rss.xml
[2025-11-20 08:02:00] ✘ 有 1 条订阅为空:
[2025-11-20 08:02:00] - http://feeds.feedburner.com/zhihu-daily
[2025-11-20 08:02:00] ✘ 有 1 条订阅头像字段为空, 已使用默认头像:
[2025-11-20 08:02:00] - https://feed.cnblogs.com/blog/u/66551/rss/
[2025-11-20 08:02:00] ✘ 有 3 条订阅头像无法访问, 已使用默认头像:
[2025-11-20 08:02:00] - https://wangpei.net/comments/feed/
[2025-11-20 08:02:00] - http://feeds.feedburner.com/ruanyifeng
[2025-11-20 08:02:00] - https://skywind.me/blog/feed
[2025-11-20 09:02:08] 抓取到的文章与现有数据相同，无需更新。
[2025-11-20 10:01:55] 抓取到的文章与现有数据相同，无需更新。
[2025-11-20 11:01:52] 抓取到的文章与现有数据相同，无需更新。
[2025-11-20 12:02:18] 抓取到的文章与现有数据相同，无需更新。
[2025-11-20 13:10:58] 抓取到的文章与现有数据相同，无需更新。
[2025-11-20 14:01:51] 本次订阅抓取结果统计:
[2025-11-20 14:01:51] 共 60 条RSS, 成功抓取 54 条.
[2025-11-20 14:01:51] ✘ 有 5 条订阅解析失败:
[2025-11-20 14:01:51] - https://tcxx.info/feed
[2025-11-20 14:01:51] - https://tumutanzi.com/feed
[2025-11-20 14:01:51] - https://geekinney.com/index.xml
[2025-11-20 14:01:51] - https://suus.me/atom.xml
[2025-11-20 14:01:51] - https://botanwang.com/rss.xml
[2025-11-20 14:01:51] ✘ 有 1 条订阅为空:
[2025-11-20 14:01:51] - http://feeds.feedburner.com/zhihu-daily
[2025-11-20 14:01:51] ✘ 有 1 条订阅头像字段为空, 已使用默认头像:
[2025-11-20 14:01:51] - https://feed.cnblogs.com/blog/u/66551/rss/
[2025-11-20 14:01:51] ✘ 有 3 条订阅头像无法访问, 已使用默认头像:
[2025-11-20 14:01:51] - http://feeds.feedburner.com/ruanyifeng
[2025-11-20 14:01:51] - https://wangpei.net/comments/feed/
[2025-11-20 14:01:51] - https://skywind.me/blog/feed
[2025-11-20 15:02:13] 抓取到的文章与现有数据相同，无需更新。
[2025-11-20 16:02:01] 抓取到的文章与现有数据相同，无需更新。
[2025-11-20 17:03:41] 本次订阅抓取结果统计:
[2025-11-20 17:03:41] 共 60 条RSS, 成功抓取 53 条.
[2025-11-20 17:03:41] ✘ 有 6 条订阅解析失败:
[2025-11-20 17:03:41] - https://tcxx.info/feed
[2025-11-20 17:03:41] - https://tumutanzi.com/feed
[2025-11-20 17:03:41] - https://geekinney.com/index.xml
[2025-11-20 17:03:41] - https://suus.me/atom.xml
[2025-11-20 17:03:41] - https://botanwang.com/rss.xml
[2025-11-20 17:03:41] - http://www.auiou.com/feed/
[2025-11-20 17:03:41] ✘ 有 1 条订阅为空:
[2025-11-20 17:03:41] - http://feeds.feedburner.com/zhihu-daily
[2025-11-20 17:03:41] ✘ 有 1 条订阅头像字段为空, 已使用默认头像:
[2025-11-20 17:03:41] - https://feed.cnblogs.com/blog/u/66551/rss/
[2025-11-20 17:03:41] ✘ 有 3 条订阅头像无法访问, 已使用默认头像:
[2025-11-20 17:03:41] - http://feeds.feedburner.com/ruanyifeng
[2025-11-20 17:03:41] - https://wangpei.net/comments/feed/
[2025-11-20 17:03:41] - https://skywind.me/blog/feed
[2025-11-20 18:02:16] 本次订阅抓取结果统计:
[2025-11-20 18:02:16] 共 60 条RSS, 成功抓取 54 条.
[2025-11-20 18:02:16] ✘ 有 5 条订阅解析失败:
[2025-11-20 18:02:16] - https://tumutanzi.com/feed
[2025-11-20 18:02:16] - https://tcxx.info/feed
[2025-11-20 18:02:16] - https://geekinney.com/index.xml
[2025-11-20 18:02:16] - https://suus.me/atom.xml
[2025-11-20 18:02:16] - https://botanwang.com/rss.xml
[2025-11-20 18:02:16] ✘ 有 1 条订阅为空:
[2025-11-20 18:02:16] - http://feeds.feedburner.com/zhihu-daily
[2025-11-20 18:02:16] ✘ 有 1 条订阅头像字段为空, 已使用默认头像:
[2025-11-20 18:02:16] - https://feed.cnblogs.com/blog/u/66551/rss/
[2025-11-20 18:02:16] ✘ 有 3 条订阅头像无法访问, 已使用默认头像:
[2025-11-20 18:02:16] - https://wangpei.net/comments/feed/
[2025-11-20 18:02:16] - http://feeds.feedburner.com/ruanyifeng
[2025-11-20 18:02:16] - https://skywind.me/blog/feed
[2025-11-20 19:02:27] 本次订阅抓取结果统计:
[2025-11-20 19:02:27] 共 60 条RSS, 成功抓取 51 条.
[2025-11-20 19:02:27] ✘ 有 8 条订阅解析失败:
[2025-11-20 19:02:27] - https://tcxx.info/feed
[2025-11-20 19:02:27] - https://tumutanzi.com/feed
[2025-11-20 19:02:27] - https://geekinney.com/index.xml
[2025-11-20 19:02:27] - https://suus.me/atom.xml
[2025-11-20 19:02:27] - https://botanwang.com/rss.xml
[2025-11-20 19:02:27] - https://www.luzhaojun.com/feed
[2025-11-20 19:02:27] - https://leixus.cn/index.php/feed/
[2025-11-20 19:02:27] - https://freemind.pluskid.org/rss.xml
[2025-11-20 19:02:27] ✘ 有 1 条订阅为空:
[2025-11-20 19:02:27] - http://feeds.feedburner.com/zhihu-daily
[2025-11-20 19:02:27] ✘ 有 1 条订阅头像字段为空, 已使用默认头像:
[2025-11-20 19:02:27] - https://feed.cnblogs.com/blog/u/66551/rss/
[2025-11-20 19:02:27] ✘ 有 3 条订阅头像无法访问, 已使用默认头像:
[2025-11-20 19:02:27] - https://wangpei.net/comments/feed/
[2025-11-20 19:02:27] - http://feeds.feedburner.com/ruanyifeng
[2025-11-20 19:02:27] - https://skywind.me/blog/feed
[2025-11-20 20:01:51] 本次订阅抓取结果统计:
[2025-11-20 20:01:51] 共 60 条RSS, 成功抓取 54 条.
[2025-11-20 20:01:51] ✘ 有 5 条订阅解析失败:
[2025-11-20 20:01:51] - https://tcxx.info/feed
[2025-11-20 20:01:51] - https://tumutanzi.com/feed
[2025-11-20 20:01:51] - https://geekinney.com/index.xml
[2025-11-20 20:01:51] - https://suus.me/atom.xml
[2025-11-20 20:01:51] - https://botanwang.com/rss.xml
[2025-11-20 20:01:51] ✘ 有 1 条订阅为空:
[2025-11-20 20:01:51] - http://feeds.feedburner.com/zhihu-daily
[2025-11-20 20:01:51] ✘ 有 1 条订阅头像字段为空, 已使用默认头像:
[2025-11-20 20:01:51] - https://feed.cnblogs.com/blog/u/66551/rss/
[2025-11-20 20:01:51] ✘ 有 3 条订阅头像无法访问, 已使用默认头像:
[2025-11-20 20:01:51] - https://wangpei.net/comments/feed/
[2025-11-20 20:01:51] - http://feeds.feedburner.com/ruanyifeng
[2025-11-20 20:01:51] - https://skywind.me/blog/feed
[2025-11-20 21:02:10] 抓取到的文章与现有数据相同，无需更新。
[2025-11-20 22:01:57] 抓取到的文章与现有数据相同，无需更新。
[2025-11-20 23:01:39] 抓取到的文章与现有数据相同，无需更新。
