[2025-09-08 00:04:44] 本次订阅抓取结果统计:
[2025-09-08 00:04:44] 共 59 条RSS, 成功抓取 54 条.
[2025-09-08 00:04:44] ✘ 有 5 条订阅解析失败:
[2025-09-08 00:04:44] - https://tumutanzi.com/feed
[2025-09-08 00:04:44] - https://tcxx.info/feed
[2025-09-08 00:04:44] - https://geekinney.com/index.xml
[2025-09-08 00:04:44] - https://yinwang1.substack.com/feed
[2025-09-08 00:04:44] - https://botanwang.com/rss.xml
[2025-09-08 00:04:44] ✘ 有 1 条订阅头像字段为空, 已使用默认头像:
[2025-09-08 00:04:44] - https://feed.cnblogs.com/blog/u/66551/rss/
[2025-09-08 00:04:44] ✘ 有 8 条订阅头像无法访问, 已使用默认头像:
[2025-09-08 00:04:44] - https://hwv430.blogspot.com/feeds/posts/default
[2025-09-08 00:04:44] - https://www.loyhome.com/feed
[2025-09-08 00:04:44] - http://feeds.feedburner.com/ruanyifeng
[2025-09-08 00:04:44] - https://a4.zyzhang.com/index.xml
[2025-09-08 00:04:44] - https://laike9m.com/blog/rss/
[2025-09-08 00:04:44] - https://skywind.me/blog/feed
[2025-09-08 00:04:44] - https://www.mrhe.net/feed
[2025-09-08 00:04:44] - https://www.douban.com/feed/review/book
[2025-09-08 01:29:27] 本次订阅抓取结果统计:
[2025-09-08 01:29:27] 共 59 条RSS, 成功抓取 52 条.
[2025-09-08 01:29:27] ✘ 有 6 条订阅解析失败:
[2025-09-08 01:29:27] - https://tcxx.info/feed
[2025-09-08 01:29:27] - https://tumutanzi.com/feed
[2025-09-08 01:29:27] - https://geekinney.com/index.xml
[2025-09-08 01:29:27] - https://yinwang1.substack.com/feed
[2025-09-08 01:29:27] - https://botanwang.com/rss.xml
[2025-09-08 01:29:27] - https://www.douban.com/feed/review/book
[2025-09-08 01:29:27] ✘ 有 1 条订阅为空:
[2025-09-08 01:29:27] - https://diygod.cc/feed
[2025-09-08 01:29:27] ✘ 有 1 条订阅头像字段为空, 已使用默认头像:
[2025-09-08 01:29:27] - https://feed.cnblogs.com/blog/u/66551/rss/
[2025-09-08 01:29:27] ✘ 有 8 条订阅头像无法访问, 已使用默认头像:
[2025-09-08 01:29:27] - https://hwv430.blogspot.com/feeds/posts/default
[2025-09-08 01:29:27] - http://feeds.feedburner.com/ruanyifeng
[2025-09-08 01:29:27] - https://www.loyhome.com/feed
[2025-09-08 01:29:27] - https://a4.zyzhang.com/index.xml
[2025-09-08 01:29:27] - https://laike9m.com/blog/rss/
[2025-09-08 01:29:27] - https://skywind.me/blog/feed
[2025-09-08 01:29:27] - https://www.mrhe.net/feed
[2025-09-08 01:29:27] - https://lenciel.com/feed.xml
[2025-09-08 02:29:56] 本次订阅抓取结果统计:
[2025-09-08 02:29:56] 共 59 条RSS, 成功抓取 53 条.
[2025-09-08 02:29:56] ✘ 有 6 条订阅解析失败:
[2025-09-08 02:29:56] - https://tcxx.info/feed
[2025-09-08 02:29:56] - https://tumutanzi.com/feed
[2025-09-08 02:29:56] - https://geekinney.com/index.xml
[2025-09-08 02:29:56] - https://yinwang1.substack.com/feed
[2025-09-08 02:29:56] - https://botanwang.com/rss.xml
[2025-09-08 02:29:56] - https://www.douban.com/feed/review/book
[2025-09-08 02:29:56] ✘ 有 1 条订阅头像字段为空, 已使用默认头像:
[2025-09-08 02:29:56] - https://feed.cnblogs.com/blog/u/66551/rss/
[2025-09-08 02:29:56] ✘ 有 7 条订阅头像无法访问, 已使用默认头像:
[2025-09-08 02:29:56] - https://hwv430.blogspot.com/feeds/posts/default
[2025-09-08 02:29:56] - https://www.loyhome.com/feed
[2025-09-08 02:29:56] - http://feeds.feedburner.com/ruanyifeng
[2025-09-08 02:29:56] - https://a4.zyzhang.com/index.xml
[2025-09-08 02:29:56] - https://skywind.me/blog/feed
[2025-09-08 02:29:56] - https://laike9m.com/blog/rss/
[2025-09-08 02:29:56] - https://www.mrhe.net/feed
