[2025-10-14 00:04:25] 抓取到的文章与现有数据相同，无需更新。
[2025-10-14 01:29:25] 抓取到的文章与现有数据相同，无需更新。
[2025-10-14 02:27:15] 抓取到的文章与现有数据相同，无需更新。
[2025-10-14 03:15:05] 抓取到的文章与现有数据相同，无需更新。
[2025-10-14 04:01:48] 抓取到的文章与现有数据相同，无需更新。
[2025-10-14 05:02:16] 抓取到的文章与现有数据相同，无需更新。
[2025-10-14 06:02:07] 本次订阅抓取结果统计:
[2025-10-14 06:02:07] 共 60 条RSS, 成功抓取 52 条.
[2025-10-14 06:02:07] ✘ 有 7 条订阅解析失败:
[2025-10-14 06:02:07] - https://tcxx.info/feed
[2025-10-14 06:02:07] - https://tumutanzi.com/feed
[2025-10-14 06:02:07] - https://geekinney.com/index.xml
[2025-10-14 06:02:07] - https://suus.me/index.xml
[2025-10-14 06:02:07] - https://yinwang1.substack.com/feed
[2025-10-14 06:02:07] - https://skywind.me/blog/feed
[2025-10-14 06:02:07] - https://botanwang.com/rss.xml
[2025-10-14 06:02:07] ✘ 有 1 条订阅为空:
[2025-10-14 06:02:07] - http://feeds.feedburner.com/zhihu-daily
[2025-10-14 06:02:07] ✘ 有 1 条订阅头像字段为空, 已使用默认头像:
[2025-10-14 06:02:07] - https://feed.cnblogs.com/blog/u/66551/rss/
[2025-10-14 06:02:07] ✘ 有 2 条订阅头像无法访问, 已使用默认头像:
[2025-10-14 06:02:07] - http://feeds.feedburner.com/ruanyifeng
[2025-10-14 06:02:07] - https://www.douban.com/feed/review/book
[2025-10-14 07:01:57] 抓取到的文章与现有数据相同，无需更新。
[2025-10-14 08:01:56] 本次订阅抓取结果统计:
[2025-10-14 08:01:56] 共 60 条RSS, 成功抓取 51 条.
[2025-10-14 08:01:56] ✘ 有 8 条订阅解析失败:
[2025-10-14 08:01:56] - https://tcxx.info/feed
[2025-10-14 08:01:56] - https://tumutanzi.com/feed
[2025-10-14 08:01:56] - https://geekinney.com/index.xml
[2025-10-14 08:01:56] - https://suus.me/index.xml
[2025-10-14 08:01:56] - https://yinwang1.substack.com/feed
[2025-10-14 08:01:56] - https://skywind.me/blog/feed
[2025-10-14 08:01:56] - https://botanwang.com/rss.xml
[2025-10-14 08:01:56] - https://www.douban.com/feed/review/book
[2025-10-14 08:01:56] ✘ 有 1 条订阅为空:
[2025-10-14 08:01:56] - http://feeds.feedburner.com/zhihu-daily
[2025-10-14 08:01:56] ✘ 有 1 条订阅头像字段为空, 已使用默认头像:
[2025-10-14 08:01:56] - https://feed.cnblogs.com/blog/u/66551/rss/
[2025-10-14 08:01:56] ✘ 有 1 条订阅头像无法访问, 已使用默认头像:
[2025-10-14 08:01:56] - http://feeds.feedburner.com/ruanyifeng
[2025-10-14 09:01:56] 本次订阅抓取结果统计:
[2025-10-14 09:01:56] 共 60 条RSS, 成功抓取 52 条.
[2025-10-14 09:01:56] ✘ 有 7 条订阅解析失败:
[2025-10-14 09:01:56] - https://tcxx.info/feed
[2025-10-14 09:01:56] - https://tumutanzi.com/feed
[2025-10-14 09:01:56] - https://geekinney.com/index.xml
[2025-10-14 09:01:56] - https://suus.me/index.xml
[2025-10-14 09:01:56] - https://yinwang1.substack.com/feed
[2025-10-14 09:01:56] - https://skywind.me/blog/feed
[2025-10-14 09:01:56] - https://botanwang.com/rss.xml
[2025-10-14 09:01:56] ✘ 有 1 条订阅为空:
[2025-10-14 09:01:56] - http://feeds.feedburner.com/zhihu-daily
[2025-10-14 09:01:56] ✘ 有 1 条订阅头像字段为空, 已使用默认头像:
[2025-10-14 09:01:56] - https://feed.cnblogs.com/blog/u/66551/rss/
[2025-10-14 09:01:56] ✘ 有 2 条订阅头像无法访问, 已使用默认头像:
[2025-10-14 09:01:56] - http://feeds.feedburner.com/ruanyifeng
[2025-10-14 09:01:56] - https://www.douban.com/feed/review/book
[2025-10-14 10:01:49] 本次订阅抓取结果统计:
[2025-10-14 10:01:49] 共 60 条RSS, 成功抓取 52 条.
[2025-10-14 10:01:49] ✘ 有 7 条订阅解析失败:
[2025-10-14 10:01:49] - https://tcxx.info/feed
[2025-10-14 10:01:49] - https://tumutanzi.com/feed
[2025-10-14 10:01:49] - https://geekinney.com/index.xml
[2025-10-14 10:01:49] - https://suus.me/index.xml
[2025-10-14 10:01:49] - https://yinwang1.substack.com/feed
[2025-10-14 10:01:49] - https://skywind.me/blog/feed
[2025-10-14 10:01:49] - https://botanwang.com/rss.xml
[2025-10-14 10:01:49] ✘ 有 1 条订阅为空:
[2025-10-14 10:01:49] - http://feeds.feedburner.com/zhihu-daily
[2025-10-14 10:01:49] ✘ 有 1 条订阅头像字段为空, 已使用默认头像:
[2025-10-14 10:01:49] - https://feed.cnblogs.com/blog/u/66551/rss/
[2025-10-14 10:01:49] ✘ 有 2 条订阅头像无法访问, 已使用默认头像:
[2025-10-14 10:01:49] - http://feeds.feedburner.com/ruanyifeng
[2025-10-14 10:01:49] - https://www.douban.com/feed/review/book
[2025-10-14 11:01:49] 抓取到的文章与现有数据相同，无需更新。
[2025-10-14 12:02:31] 抓取到的文章与现有数据相同，无需更新。
[2025-10-14 13:10:44] 本次订阅抓取结果统计:
[2025-10-14 13:10:44] 共 60 条RSS, 成功抓取 51 条.
[2025-10-14 13:10:44] ✘ 有 8 条订阅解析失败:
[2025-10-14 13:10:44] - https://tcxx.info/feed
[2025-10-14 13:10:44] - https://tumutanzi.com/feed
[2025-10-14 13:10:44] - https://geekinney.com/index.xml
[2025-10-14 13:10:44] - https://suus.me/index.xml
[2025-10-14 13:10:44] - https://yinwang1.substack.com/feed
[2025-10-14 13:10:44] - https://skywind.me/blog/feed
[2025-10-14 13:10:44] - https://botanwang.com/rss.xml
[2025-10-14 13:10:44] - https://www.douban.com/feed/review/book
[2025-10-14 13:10:44] ✘ 有 1 条订阅为空:
[2025-10-14 13:10:44] - http://feeds.feedburner.com/zhihu-daily
[2025-10-14 13:10:44] ✘ 有 1 条订阅头像字段为空, 已使用默认头像:
[2025-10-14 13:10:44] - https://feed.cnblogs.com/blog/u/66551/rss/
[2025-10-14 13:10:44] ✘ 有 1 条订阅头像无法访问, 已使用默认头像:
[2025-10-14 13:10:44] - http://feeds.feedburner.com/ruanyifeng
[2025-10-14 14:01:59] 本次订阅抓取结果统计:
[2025-10-14 14:01:59] 共 60 条RSS, 成功抓取 52 条.
[2025-10-14 14:01:59] ✘ 有 7 条订阅解析失败:
[2025-10-14 14:01:59] - https://tumutanzi.com/feed
[2025-10-14 14:01:59] - https://tcxx.info/feed
[2025-10-14 14:01:59] - https://geekinney.com/index.xml
[2025-10-14 14:01:59] - https://suus.me/index.xml
[2025-10-14 14:01:59] - https://yinwang1.substack.com/feed
[2025-10-14 14:01:59] - https://botanwang.com/rss.xml
[2025-10-14 14:01:59] - https://skywind.me/blog/feed
[2025-10-14 14:01:59] ✘ 有 1 条订阅为空:
[2025-10-14 14:01:59] - http://feeds.feedburner.com/zhihu-daily
[2025-10-14 14:01:59] ✘ 有 1 条订阅头像字段为空, 已使用默认头像:
[2025-10-14 14:01:59] - https://feed.cnblogs.com/blog/u/66551/rss/
[2025-10-14 14:01:59] ✘ 有 2 条订阅头像无法访问, 已使用默认头像:
[2025-10-14 14:01:59] - http://feeds.feedburner.com/ruanyifeng
[2025-10-14 14:01:59] - https://www.douban.com/feed/review/book
[2025-10-14 15:02:08] 本次订阅抓取结果统计:
[2025-10-14 15:02:08] 共 60 条RSS, 成功抓取 52 条.
[2025-10-14 15:02:08] ✘ 有 7 条订阅解析失败:
[2025-10-14 15:02:08] - https://tumutanzi.com/feed
[2025-10-14 15:02:08] - https://tcxx.info/feed
[2025-10-14 15:02:08] - https://geekinney.com/index.xml
[2025-10-14 15:02:08] - https://suus.me/index.xml
[2025-10-14 15:02:08] - https://yinwang1.substack.com/feed
[2025-10-14 15:02:08] - https://skywind.me/blog/feed
[2025-10-14 15:02:08] - https://botanwang.com/rss.xml
[2025-10-14 15:02:08] ✘ 有 1 条订阅为空:
[2025-10-14 15:02:08] - http://feeds.feedburner.com/zhihu-daily
[2025-10-14 15:02:08] ✘ 有 1 条订阅头像字段为空, 已使用默认头像:
[2025-10-14 15:02:08] - https://feed.cnblogs.com/blog/u/66551/rss/
[2025-10-14 15:02:08] ✘ 有 2 条订阅头像无法访问, 已使用默认头像:
[2025-10-14 15:02:08] - http://feeds.feedburner.com/ruanyifeng
[2025-10-14 15:02:08] - https://www.douban.com/feed/review/book
[2025-10-14 16:01:53] 抓取到的文章与现有数据相同，无需更新。
[2025-10-14 17:01:59] 本次订阅抓取结果统计:
[2025-10-14 17:01:59] 共 60 条RSS, 成功抓取 52 条.
[2025-10-14 17:01:59] ✘ 有 7 条订阅解析失败:
[2025-10-14 17:01:59] - https://tcxx.info/feed
[2025-10-14 17:01:59] - https://tumutanzi.com/feed
[2025-10-14 17:01:59] - https://geekinney.com/index.xml
[2025-10-14 17:01:59] - https://suus.me/index.xml
[2025-10-14 17:01:59] - https://yinwang1.substack.com/feed
[2025-10-14 17:01:59] - https://botanwang.com/rss.xml
[2025-10-14 17:01:59] - https://skywind.me/blog/feed
[2025-10-14 17:01:59] ✘ 有 1 条订阅为空:
[2025-10-14 17:01:59] - http://feeds.feedburner.com/zhihu-daily
[2025-10-14 17:01:59] ✘ 有 1 条订阅头像字段为空, 已使用默认头像:
[2025-10-14 17:01:59] - https://feed.cnblogs.com/blog/u/66551/rss/
[2025-10-14 17:01:59] ✘ 有 2 条订阅头像无法访问, 已使用默认头像:
[2025-10-14 17:01:59] - http://feeds.feedburner.com/ruanyifeng
[2025-10-14 17:01:59] - https://www.douban.com/feed/review/book
[2025-10-14 18:01:55] 抓取到的文章与现有数据相同，无需更新。
[2025-10-14 19:01:47] 抓取到的文章与现有数据相同，无需更新。
[2025-10-14 20:01:55] 抓取到的文章与现有数据相同，无需更新。
