[2025-11-09 00:04:38] 抓取到的文章与现有数据相同，无需更新。
[2025-11-09 01:29:51] 抓取到的文章与现有数据相同，无需更新。
[2025-11-09 02:31:15] 本次订阅抓取结果统计:
[2025-11-09 02:31:15] 共 63 条RSS, 成功抓取 56 条.
[2025-11-09 02:31:15] ✘ 有 6 条订阅解析失败:
[2025-11-09 02:31:15] - https://tcxx.info/feed
[2025-11-09 02:31:15] - https://tumutanzi.com/feed
[2025-11-09 02:31:15] - https://geekinney.com/index.xml
[2025-11-09 02:31:15] - https://suus.me/index.xml
[2025-11-09 02:31:15] - https://yinwang1.substack.com/feed
[2025-11-09 02:31:15] - https://botanwang.com/rss.xml
[2025-11-09 02:31:15] ✘ 有 1 条订阅为空:
[2025-11-09 02:31:15] - http://feeds.feedburner.com/zhihu-daily
[2025-11-09 02:31:15] ✘ 有 1 条订阅头像字段为空, 已使用默认头像:
[2025-11-09 02:31:15] - https://feed.cnblogs.com/blog/u/66551/rss/
[2025-11-09 02:31:15] ✘ 有 3 条订阅头像无法访问, 已使用默认头像:
[2025-11-09 02:31:15] - http://feeds.feedburner.com/ruanyifeng
[2025-11-09 02:31:15] - https://skywind.me/blog/feed
[2025-11-09 02:31:15] - https://www.douban.com/feed/review/book
[2025-11-09 03:21:27] 抓取到的文章与现有数据相同，无需更新。
[2025-11-09 04:02:34] 本次订阅抓取结果统计:
[2025-11-09 04:02:34] 共 63 条RSS, 成功抓取 55 条.
[2025-11-09 04:02:34] ✘ 有 7 条订阅解析失败:
[2025-11-09 04:02:34] - https://tcxx.info/feed
[2025-11-09 04:02:34] - https://tumutanzi.com/feed
[2025-11-09 04:02:34] - https://geekinney.com/index.xml
[2025-11-09 04:02:34] - https://suus.me/index.xml
[2025-11-09 04:02:34] - https://yinwang1.substack.com/feed
[2025-11-09 04:02:34] - https://botanwang.com/rss.xml
[2025-11-09 04:02:34] - https://www.douban.com/feed/review/book
[2025-11-09 04:02:34] ✘ 有 1 条订阅为空:
[2025-11-09 04:02:34] - http://feeds.feedburner.com/zhihu-daily
[2025-11-09 04:02:34] ✘ 有 1 条订阅头像字段为空, 已使用默认头像:
[2025-11-09 04:02:34] - https://feed.cnblogs.com/blog/u/66551/rss/
[2025-11-09 04:02:34] ✘ 有 2 条订阅头像无法访问, 已使用默认头像:
[2025-11-09 04:02:34] - http://feeds.feedburner.com/ruanyifeng
[2025-11-09 04:02:34] - https://skywind.me/blog/feed
[2025-11-09 05:01:53] 本次订阅抓取结果统计:
[2025-11-09 05:01:53] 共 63 条RSS, 成功抓取 56 条.
[2025-11-09 05:01:53] ✘ 有 6 条订阅解析失败:
[2025-11-09 05:01:53] - https://tcxx.info/feed
[2025-11-09 05:01:53] - https://tumutanzi.com/feed
[2025-11-09 05:01:53] - https://geekinney.com/index.xml
[2025-11-09 05:01:53] - https://suus.me/index.xml
[2025-11-09 05:01:53] - https://yinwang1.substack.com/feed
[2025-11-09 05:01:53] - https://botanwang.com/rss.xml
[2025-11-09 05:01:53] ✘ 有 1 条订阅为空:
[2025-11-09 05:01:53] - http://feeds.feedburner.com/zhihu-daily
[2025-11-09 05:01:53] ✘ 有 1 条订阅头像字段为空, 已使用默认头像:
[2025-11-09 05:01:53] - https://feed.cnblogs.com/blog/u/66551/rss/
[2025-11-09 05:01:53] ✘ 有 3 条订阅头像无法访问, 已使用默认头像:
[2025-11-09 05:01:53] - http://feeds.feedburner.com/ruanyifeng
[2025-11-09 05:01:53] - https://skywind.me/blog/feed
[2025-11-09 05:01:53] - https://www.douban.com/feed/review/book
[2025-11-09 06:01:56] 本次订阅抓取结果统计:
[2025-11-09 06:01:56] 共 63 条RSS, 成功抓取 56 条.
[2025-11-09 06:01:56] ✘ 有 6 条订阅解析失败:
[2025-11-09 06:01:56] - https://tcxx.info/feed
[2025-11-09 06:01:56] - https://tumutanzi.com/feed
[2025-11-09 06:01:56] - https://geekinney.com/index.xml
[2025-11-09 06:01:56] - https://suus.me/index.xml
[2025-11-09 06:01:56] - https://yinwang1.substack.com/feed
[2025-11-09 06:01:56] - https://botanwang.com/rss.xml
[2025-11-09 06:01:56] ✘ 有 1 条订阅为空:
[2025-11-09 06:01:56] - http://feeds.feedburner.com/zhihu-daily
[2025-11-09 06:01:56] ✘ 有 1 条订阅头像字段为空, 已使用默认头像:
[2025-11-09 06:01:56] - https://feed.cnblogs.com/blog/u/66551/rss/
[2025-11-09 06:01:56] ✘ 有 3 条订阅头像无法访问, 已使用默认头像:
[2025-11-09 06:01:56] - http://feeds.feedburner.com/ruanyifeng
[2025-11-09 06:01:56] - https://skywind.me/blog/feed
[2025-11-09 06:01:56] - https://www.douban.com/feed/review/book
[2025-11-09 07:01:59] 本次订阅抓取结果统计:
[2025-11-09 07:01:59] 共 63 条RSS, 成功抓取 56 条.
[2025-11-09 07:01:59] ✘ 有 6 条订阅解析失败:
[2025-11-09 07:01:59] - https://tcxx.info/feed
[2025-11-09 07:01:59] - https://tumutanzi.com/feed
[2025-11-09 07:01:59] - https://geekinney.com/index.xml
[2025-11-09 07:01:59] - https://suus.me/index.xml
[2025-11-09 07:01:59] - https://yinwang1.substack.com/feed
[2025-11-09 07:01:59] - https://botanwang.com/rss.xml
[2025-11-09 07:01:59] ✘ 有 1 条订阅为空:
[2025-11-09 07:01:59] - http://feeds.feedburner.com/zhihu-daily
[2025-11-09 07:01:59] ✘ 有 1 条订阅头像字段为空, 已使用默认头像:
[2025-11-09 07:01:59] - https://feed.cnblogs.com/blog/u/66551/rss/
[2025-11-09 07:01:59] ✘ 有 3 条订阅头像无法访问, 已使用默认头像:
[2025-11-09 07:01:59] - http://feeds.feedburner.com/ruanyifeng
[2025-11-09 07:01:59] - https://skywind.me/blog/feed
[2025-11-09 07:01:59] - https://www.douban.com/feed/review/book
[2025-11-09 08:02:09] 本次订阅抓取结果统计:
[2025-11-09 08:02:09] 共 63 条RSS, 成功抓取 55 条.
[2025-11-09 08:02:09] ✘ 有 7 条订阅解析失败:
[2025-11-09 08:02:09] - https://tumutanzi.com/feed
[2025-11-09 08:02:09] - https://tcxx.info/feed
[2025-11-09 08:02:09] - https://geekinney.com/index.xml
[2025-11-09 08:02:09] - https://blog.twofei.com/rss
[2025-11-09 08:02:09] - https://suus.me/index.xml
[2025-11-09 08:02:09] - https://yinwang1.substack.com/feed
[2025-11-09 08:02:09] - https://botanwang.com/rss.xml
[2025-11-09 08:02:09] ✘ 有 1 条订阅为空:
[2025-11-09 08:02:09] - http://feeds.feedburner.com/zhihu-daily
[2025-11-09 08:02:09] ✘ 有 1 条订阅头像字段为空, 已使用默认头像:
[2025-11-09 08:02:09] - https://feed.cnblogs.com/blog/u/66551/rss/
[2025-11-09 08:02:09] ✘ 有 4 条订阅头像无法访问, 已使用默认头像:
[2025-11-09 08:02:09] - http://feeds.feedburner.com/ruanyifeng
[2025-11-09 08:02:09] - https://skywind.me/blog/feed
[2025-11-09 08:02:09] - https://www.douban.com/feed/review/book
[2025-11-09 08:02:09] - https://rss.utgd.net/feed
[2025-11-09 09:01:50] 本次订阅抓取结果统计:
[2025-11-09 09:01:50] 共 63 条RSS, 成功抓取 55 条.
[2025-11-09 09:01:50] ✘ 有 7 条订阅解析失败:
[2025-11-09 09:01:50] - https://tumutanzi.com/feed
[2025-11-09 09:01:50] - https://tcxx.info/feed
[2025-11-09 09:01:50] - https://geekinney.com/index.xml
[2025-11-09 09:01:50] - https://blog.twofei.com/rss
[2025-11-09 09:01:50] - https://suus.me/index.xml
[2025-11-09 09:01:50] - https://yinwang1.substack.com/feed
[2025-11-09 09:01:50] - https://botanwang.com/rss.xml
[2025-11-09 09:01:50] ✘ 有 1 条订阅为空:
[2025-11-09 09:01:50] - http://feeds.feedburner.com/zhihu-daily
[2025-11-09 09:01:50] ✘ 有 1 条订阅头像字段为空, 已使用默认头像:
[2025-11-09 09:01:50] - https://feed.cnblogs.com/blog/u/66551/rss/
[2025-11-09 09:01:50] ✘ 有 3 条订阅头像无法访问, 已使用默认头像:
[2025-11-09 09:01:50] - http://feeds.feedburner.com/ruanyifeng
[2025-11-09 09:01:50] - https://skywind.me/blog/feed
[2025-11-09 09:01:50] - https://www.douban.com/feed/review/book
[2025-11-09 10:01:47] 抓取到的文章与现有数据相同，无需更新。
[2025-11-09 11:01:47] 抓取到的文章与现有数据相同，无需更新。
[2025-11-09 12:02:04] 抓取到的文章与现有数据相同，无需更新。
[2025-11-09 13:06:51] 本次订阅抓取结果统计:
[2025-11-09 13:06:51] 共 63 条RSS, 成功抓取 55 条.
[2025-11-09 13:06:51] ✘ 有 7 条订阅解析失败:
[2025-11-09 13:06:51] - https://tumutanzi.com/feed
[2025-11-09 13:06:51] - https://tcxx.info/feed
[2025-11-09 13:06:51] - https://geekinney.com/index.xml
[2025-11-09 13:06:51] - https://suus.me/index.xml
[2025-11-09 13:06:51] - https://blog.twofei.com/rss
[2025-11-09 13:06:51] - https://yinwang1.substack.com/feed
[2025-11-09 13:06:51] - https://botanwang.com/rss.xml
[2025-11-09 13:06:51] ✘ 有 1 条订阅为空:
[2025-11-09 13:06:51] - http://feeds.feedburner.com/zhihu-daily
[2025-11-09 13:06:51] ✘ 有 1 条订阅头像字段为空, 已使用默认头像:
[2025-11-09 13:06:51] - https://feed.cnblogs.com/blog/u/66551/rss/
[2025-11-09 13:06:51] ✘ 有 3 条订阅头像无法访问, 已使用默认头像:
[2025-11-09 13:06:51] - http://feeds.feedburner.com/ruanyifeng
[2025-11-09 13:06:51] - https://skywind.me/blog/feed
[2025-11-09 13:06:51] - https://www.douban.com/feed/review/book
[2025-11-09 14:01:49] 本次订阅抓取结果统计:
[2025-11-09 14:01:49] 共 63 条RSS, 成功抓取 55 条.
[2025-11-09 14:01:49] ✘ 有 7 条订阅解析失败:
[2025-11-09 14:01:49] - https://tcxx.info/feed
[2025-11-09 14:01:49] - https://tumutanzi.com/feed
[2025-11-09 14:01:49] - https://geekinney.com/index.xml
[2025-11-09 14:01:49] - https://suus.me/index.xml
[2025-11-09 14:01:49] - https://blog.twofei.com/rss
[2025-11-09 14:01:49] - https://yinwang1.substack.com/feed
[2025-11-09 14:01:49] - https://botanwang.com/rss.xml
[2025-11-09 14:01:49] ✘ 有 1 条订阅为空:
[2025-11-09 14:01:49] - http://feeds.feedburner.com/zhihu-daily
[2025-11-09 14:01:49] ✘ 有 1 条订阅头像字段为空, 已使用默认头像:
[2025-11-09 14:01:49] - https://feed.cnblogs.com/blog/u/66551/rss/
[2025-11-09 14:01:49] ✘ 有 3 条订阅头像无法访问, 已使用默认头像:
[2025-11-09 14:01:49] - http://feeds.feedburner.com/ruanyifeng
[2025-11-09 14:01:49] - https://skywind.me/blog/feed
[2025-11-09 14:01:49] - https://www.douban.com/feed/review/book
[2025-11-09 15:03:22] 本次订阅抓取结果统计:
[2025-11-09 15:03:22] 共 63 条RSS, 成功抓取 55 条.
[2025-11-09 15:03:22] ✘ 有 7 条订阅解析失败:
[2025-11-09 15:03:22] - https://tcxx.info/feed
[2025-11-09 15:03:22] - https://tumutanzi.com/feed
[2025-11-09 15:03:22] - https://geekinney.com/index.xml
[2025-11-09 15:03:22] - https://blog.twofei.com/rss
[2025-11-09 15:03:22] - https://suus.me/index.xml
[2025-11-09 15:03:22] - https://yinwang1.substack.com/feed
[2025-11-09 15:03:22] - https://botanwang.com/rss.xml
[2025-11-09 15:03:22] ✘ 有 1 条订阅为空:
[2025-11-09 15:03:22] - http://feeds.feedburner.com/zhihu-daily
[2025-11-09 15:03:22] ✘ 有 1 条订阅头像字段为空, 已使用默认头像:
[2025-11-09 15:03:22] - https://feed.cnblogs.com/blog/u/66551/rss/
[2025-11-09 15:03:22] ✘ 有 4 条订阅头像无法访问, 已使用默认头像:
[2025-11-09 15:03:22] - http://feeds.feedburner.com/ruanyifeng
[2025-11-09 15:03:22] - https://skywind.me/blog/feed
[2025-11-09 15:03:22] - https://www.douban.com/feed/review/book
[2025-11-09 15:03:22] - https://chriszheng.science/atom.xml
[2025-11-09 16:01:49] 本次订阅抓取结果统计:
[2025-11-09 16:01:49] 共 63 条RSS, 成功抓取 55 条.
[2025-11-09 16:01:49] ✘ 有 7 条订阅解析失败:
[2025-11-09 16:01:49] - https://tcxx.info/feed
[2025-11-09 16:01:49] - https://tumutanzi.com/feed
[2025-11-09 16:01:49] - https://geekinney.com/index.xml
[2025-11-09 16:01:49] - https://blog.twofei.com/rss
[2025-11-09 16:01:49] - https://suus.me/index.xml
[2025-11-09 16:01:49] - https://yinwang1.substack.com/feed
[2025-11-09 16:01:49] - https://botanwang.com/rss.xml
[2025-11-09 16:01:49] ✘ 有 1 条订阅为空:
[2025-11-09 16:01:49] - http://feeds.feedburner.com/zhihu-daily
[2025-11-09 16:01:49] ✘ 有 1 条订阅头像字段为空, 已使用默认头像:
[2025-11-09 16:01:49] - https://feed.cnblogs.com/blog/u/66551/rss/
[2025-11-09 16:01:49] ✘ 有 3 条订阅头像无法访问, 已使用默认头像:
[2025-11-09 16:01:49] - http://feeds.feedburner.com/ruanyifeng
[2025-11-09 16:01:49] - https://skywind.me/blog/feed
[2025-11-09 16:01:49] - https://www.douban.com/feed/review/book
