[2025-09-13 00:03:53] 抓取到的文章与现有数据相同，无需更新。
[2025-09-13 01:29:10] 抓取到的文章与现有数据相同，无需更新。
[2025-09-13 02:20:48] 抓取到的文章与现有数据相同，无需更新。
[2025-09-13 03:05:55] 抓取到的文章与现有数据相同，无需更新。
[2025-09-13 04:01:51] 本次订阅抓取结果统计:
[2025-09-13 04:01:51] 共 59 条RSS, 成功抓取 51 条.
[2025-09-13 04:01:51] ✘ 有 7 条订阅解析失败:
[2025-09-13 04:01:51] - https://stephenleng.com/cn/rss
[2025-09-13 04:01:51] - https://tcxx.info/feed
[2025-09-13 04:01:51] - https://tumutanzi.com/feed
[2025-09-13 04:01:51] - https://geekinney.com/index.xml
[2025-09-13 04:01:51] - https://yinwang1.substack.com/feed
[2025-09-13 04:01:51] - https://botanwang.com/rss.xml
[2025-09-13 04:01:51] - https://www.douban.com/feed/review/book
[2025-09-13 04:01:51] ✘ 有 1 条订阅为空:
[2025-09-13 04:01:51] - http://feeds.feedburner.com/zhihu-daily
[2025-09-13 04:01:51] ✘ 有 1 条订阅头像字段为空, 已使用默认头像:
[2025-09-13 04:01:51] - https://feed.cnblogs.com/blog/u/66551/rss/
[2025-09-13 04:01:51] ✘ 有 6 条订阅头像无法访问, 已使用默认头像:
[2025-09-13 04:01:51] - http://feeds.feedburner.com/ruanyifeng
[2025-09-13 04:01:51] - https://www.loyhome.com/feed
[2025-09-13 04:01:51] - https://a4.zyzhang.com/index.xml
[2025-09-13 04:01:51] - https://laike9m.com/blog/rss/
[2025-09-13 04:01:51] - https://skywind.me/blog/feed
[2025-09-13 04:01:51] - https://www.mrhe.net/feed
[2025-09-13 05:01:37] 本次订阅抓取结果统计:
[2025-09-13 05:01:37] 共 59 条RSS, 成功抓取 52 条.
[2025-09-13 05:01:37] ✘ 有 6 条订阅解析失败:
[2025-09-13 05:01:37] - https://stephenleng.com/cn/rss
[2025-09-13 05:01:37] - https://tumutanzi.com/feed
[2025-09-13 05:01:37] - https://tcxx.info/feed
[2025-09-13 05:01:37] - https://geekinney.com/index.xml
[2025-09-13 05:01:37] - https://yinwang1.substack.com/feed
[2025-09-13 05:01:37] - https://botanwang.com/rss.xml
[2025-09-13 05:01:37] ✘ 有 1 条订阅为空:
[2025-09-13 05:01:37] - http://feeds.feedburner.com/zhihu-daily
[2025-09-13 05:01:37] ✘ 有 1 条订阅头像字段为空, 已使用默认头像:
[2025-09-13 05:01:37] - https://feed.cnblogs.com/blog/u/66551/rss/
[2025-09-13 05:01:37] ✘ 有 9 条订阅头像无法访问, 已使用默认头像:
[2025-09-13 05:01:37] - https://hwv430.blogspot.com/feeds/posts/default
[2025-09-13 05:01:37] - http://feeds.feedburner.com/ruanyifeng
[2025-09-13 05:01:37] - https://www.loyhome.com/feed
[2025-09-13 05:01:37] - https://a4.zyzhang.com/index.xml
[2025-09-13 05:01:37] - https://skywind.me/blog/feed
[2025-09-13 05:01:37] - https://laike9m.com/blog/rss/
[2025-09-13 05:01:37] - https://www.douban.com/feed/review/book
[2025-09-13 05:01:37] - https://lenciel.com/feed.xml
[2025-09-13 05:01:37] - https://www.mrhe.net/feed
[2025-09-13 06:02:13] 抓取到的文章与现有数据相同，无需更新。
[2025-09-13 07:01:58] 抓取到的文章与现有数据相同，无需更新。
[2025-09-13 08:04:21] 本次订阅抓取结果统计:
[2025-09-13 08:04:21] 共 59 条RSS, 成功抓取 53 条.
[2025-09-13 08:04:21] ✘ 有 5 条订阅解析失败:
[2025-09-13 08:04:21] - https://tcxx.info/feed
[2025-09-13 08:04:21] - https://tumutanzi.com/feed
[2025-09-13 08:04:21] - https://geekinney.com/index.xml
[2025-09-13 08:04:21] - https://yinwang1.substack.com/feed
[2025-09-13 08:04:21] - https://botanwang.com/rss.xml
[2025-09-13 08:04:21] ✘ 有 1 条订阅为空:
[2025-09-13 08:04:21] - http://feeds.feedburner.com/zhihu-daily
[2025-09-13 08:04:21] ✘ 有 1 条订阅头像字段为空, 已使用默认头像:
[2025-09-13 08:04:21] - https://feed.cnblogs.com/blog/u/66551/rss/
[2025-09-13 08:04:21] ✘ 有 7 条订阅头像无法访问, 已使用默认头像:
[2025-09-13 08:04:21] - http://feeds.feedburner.com/ruanyifeng
[2025-09-13 08:04:21] - https://www.loyhome.com/feed
[2025-09-13 08:04:21] - https://a4.zyzhang.com/index.xml
[2025-09-13 08:04:21] - https://skywind.me/blog/feed
[2025-09-13 08:04:21] - https://laike9m.com/blog/rss/
[2025-09-13 08:04:21] - https://www.douban.com/feed/review/book
[2025-09-13 08:04:21] - https://www.mrhe.net/feed
[2025-09-13 09:02:32] 本次订阅抓取结果统计:
[2025-09-13 09:02:32] 共 59 条RSS, 成功抓取 51 条.
[2025-09-13 09:02:32] ✘ 有 7 条订阅解析失败:
[2025-09-13 09:02:32] - https://stephenleng.com/cn/rss
[2025-09-13 09:02:32] - https://tcxx.info/feed
[2025-09-13 09:02:32] - https://tumutanzi.com/feed
[2025-09-13 09:02:32] - https://geekinney.com/index.xml
[2025-09-13 09:02:32] - https://yinwang1.substack.com/feed
[2025-09-13 09:02:32] - https://botanwang.com/rss.xml
[2025-09-13 09:02:32] - https://www.shephe.com/feed
[2025-09-13 09:02:32] ✘ 有 1 条订阅为空:
[2025-09-13 09:02:32] - http://feeds.feedburner.com/zhihu-daily
[2025-09-13 09:02:32] ✘ 有 1 条订阅头像字段为空, 已使用默认头像:
[2025-09-13 09:02:32] - https://feed.cnblogs.com/blog/u/66551/rss/
[2025-09-13 09:02:32] ✘ 有 8 条订阅头像无法访问, 已使用默认头像:
[2025-09-13 09:02:32] - https://hwv430.blogspot.com/feeds/posts/default
[2025-09-13 09:02:32] - https://www.loyhome.com/feed
[2025-09-13 09:02:32] - http://feeds.feedburner.com/ruanyifeng
[2025-09-13 09:02:32] - https://a4.zyzhang.com/index.xml
[2025-09-13 09:02:32] - https://laike9m.com/blog/rss/
[2025-09-13 09:02:32] - https://skywind.me/blog/feed
[2025-09-13 09:02:32] - https://www.douban.com/feed/review/book
[2025-09-13 09:02:32] - https://www.mrhe.net/feed
[2025-09-13 10:01:58] 本次订阅抓取结果统计:
[2025-09-13 10:01:58] 共 59 条RSS, 成功抓取 52 条.
[2025-09-13 10:01:58] ✘ 有 6 条订阅解析失败:
[2025-09-13 10:01:58] - https://www.shephe.com/feed
[2025-09-13 10:01:58] - https://tcxx.info/feed
[2025-09-13 10:01:58] - https://tumutanzi.com/feed
[2025-09-13 10:01:58] - https://geekinney.com/index.xml
[2025-09-13 10:01:58] - https://yinwang1.substack.com/feed
[2025-09-13 10:01:58] - https://botanwang.com/rss.xml
[2025-09-13 10:01:58] ✘ 有 1 条订阅为空:
[2025-09-13 10:01:58] - http://feeds.feedburner.com/zhihu-daily
[2025-09-13 10:01:58] ✘ 有 1 条订阅头像字段为空, 已使用默认头像:
[2025-09-13 10:01:58] - https://feed.cnblogs.com/blog/u/66551/rss/
[2025-09-13 10:01:58] ✘ 有 9 条订阅头像无法访问, 已使用默认头像:
[2025-09-13 10:01:58] - https://hwv430.blogspot.com/feeds/posts/default
[2025-09-13 10:01:58] - https://www.loyhome.com/feed
[2025-09-13 10:01:58] - http://feeds.feedburner.com/ruanyifeng
[2025-09-13 10:01:58] - https://a4.zyzhang.com/index.xml
[2025-09-13 10:01:58] - https://skywind.me/blog/feed
[2025-09-13 10:01:58] - https://laike9m.com/blog/rss/
[2025-09-13 10:01:58] - https://www.douban.com/feed/review/book
[2025-09-13 10:01:58] - https://lenciel.com/feed.xml
[2025-09-13 10:01:58] - https://www.mrhe.net/feed
[2025-09-13 11:01:41] 抓取到的文章与现有数据相同，无需更新。
[2025-09-13 12:02:01] 本次订阅抓取结果统计:
[2025-09-13 12:02:01] 共 59 条RSS, 成功抓取 52 条.
[2025-09-13 12:02:01] ✘ 有 6 条订阅解析失败:
[2025-09-13 12:02:01] - https://tumutanzi.com/feed
[2025-09-13 12:02:01] - https://tcxx.info/feed
[2025-09-13 12:02:01] - https://geekinney.com/index.xml
[2025-09-13 12:02:01] - https://yinwang1.substack.com/feed
[2025-09-13 12:02:01] - https://botanwang.com/rss.xml
[2025-09-13 12:02:01] - https://www.douban.com/feed/review/book
[2025-09-13 12:02:01] ✘ 有 1 条订阅为空:
[2025-09-13 12:02:01] - http://feeds.feedburner.com/zhihu-daily
[2025-09-13 12:02:01] ✘ 有 1 条订阅头像字段为空, 已使用默认头像:
[2025-09-13 12:02:01] - https://feed.cnblogs.com/blog/u/66551/rss/
[2025-09-13 12:02:01] ✘ 有 7 条订阅头像无法访问, 已使用默认头像:
[2025-09-13 12:02:01] - http://feeds.feedburner.com/ruanyifeng
[2025-09-13 12:02:01] - https://www.loyhome.com/feed
[2025-09-13 12:02:01] - https://a4.zyzhang.com/index.xml
[2025-09-13 12:02:01] - https://skywind.me/blog/feed
[2025-09-13 12:02:01] - https://laike9m.com/blog/rss/
[2025-09-13 12:02:01] - https://lenciel.com/feed.xml
[2025-09-13 12:02:01] - https://www.mrhe.net/feed
[2025-09-13 13:04:57] 本次订阅抓取结果统计:
[2025-09-13 13:04:57] 共 59 条RSS, 成功抓取 53 条.
[2025-09-13 13:04:57] ✘ 有 5 条订阅解析失败:
[2025-09-13 13:04:57] - https://tumutanzi.com/feed
[2025-09-13 13:04:57] - https://tcxx.info/feed
[2025-09-13 13:04:57] - https://geekinney.com/index.xml
[2025-09-13 13:04:57] - https://yinwang1.substack.com/feed
[2025-09-13 13:04:57] - https://botanwang.com/rss.xml
[2025-09-13 13:04:57] ✘ 有 1 条订阅为空:
[2025-09-13 13:04:57] - http://feeds.feedburner.com/zhihu-daily
[2025-09-13 13:04:57] ✘ 有 1 条订阅头像字段为空, 已使用默认头像:
[2025-09-13 13:04:57] - https://feed.cnblogs.com/blog/u/66551/rss/
[2025-09-13 13:04:57] ✘ 有 8 条订阅头像无法访问, 已使用默认头像:
[2025-09-13 13:04:57] - https://hwv430.blogspot.com/feeds/posts/default
[2025-09-13 13:04:57] - http://feeds.feedburner.com/ruanyifeng
[2025-09-13 13:04:57] - https://www.loyhome.com/feed
[2025-09-13 13:04:57] - https://a4.zyzhang.com/index.xml
[2025-09-13 13:04:57] - https://skywind.me/blog/feed
[2025-09-13 13:04:57] - https://laike9m.com/blog/rss/
[2025-09-13 13:04:57] - https://www.douban.com/feed/review/book
[2025-09-13 13:04:57] - https://www.mrhe.net/feed
[2025-09-13 14:01:46] 本次订阅抓取结果统计:
[2025-09-13 14:01:46] 共 59 条RSS, 成功抓取 52 条.
[2025-09-13 14:01:46] ✘ 有 6 条订阅解析失败:
[2025-09-13 14:01:46] - https://tcxx.info/feed
[2025-09-13 14:01:46] - https://tumutanzi.com/feed
[2025-09-13 14:01:46] - https://geekinney.com/index.xml
[2025-09-13 14:01:46] - https://yinwang1.substack.com/feed
[2025-09-13 14:01:46] - https://botanwang.com/rss.xml
[2025-09-13 14:01:46] - https://www.douban.com/feed/review/book
[2025-09-13 14:01:46] ✘ 有 1 条订阅为空:
[2025-09-13 14:01:46] - http://feeds.feedburner.com/zhihu-daily
[2025-09-13 14:01:46] ✘ 有 1 条订阅头像字段为空, 已使用默认头像:
[2025-09-13 14:01:46] - https://feed.cnblogs.com/blog/u/66551/rss/
[2025-09-13 14:01:46] ✘ 有 8 条订阅头像无法访问, 已使用默认头像:
[2025-09-13 14:01:46] - https://hwv430.blogspot.com/feeds/posts/default
[2025-09-13 14:01:46] - http://feeds.feedburner.com/ruanyifeng
[2025-09-13 14:01:46] - https://www.loyhome.com/feed
[2025-09-13 14:01:46] - https://a4.zyzhang.com/index.xml
[2025-09-13 14:01:46] - https://skywind.me/blog/feed
[2025-09-13 14:01:46] - https://laike9m.com/blog/rss/
[2025-09-13 14:01:46] - https://www.mrhe.net/feed
[2025-09-13 14:01:46] - https://lenciel.com/feed.xml
[2025-09-13 15:02:55] 本次订阅抓取结果统计:
[2025-09-13 15:02:55] 共 59 条RSS, 成功抓取 53 条.
[2025-09-13 15:02:55] ✘ 有 5 条订阅解析失败:
[2025-09-13 15:02:55] - https://tumutanzi.com/feed
[2025-09-13 15:02:55] - https://tcxx.info/feed
[2025-09-13 15:02:55] - https://geekinney.com/index.xml
[2025-09-13 15:02:55] - https://yinwang1.substack.com/feed
[2025-09-13 15:02:55] - https://botanwang.com/rss.xml
[2025-09-13 15:02:55] ✘ 有 1 条订阅为空:
[2025-09-13 15:02:55] - http://feeds.feedburner.com/zhihu-daily
[2025-09-13 15:02:55] ✘ 有 1 条订阅头像字段为空, 已使用默认头像:
[2025-09-13 15:02:55] - https://feed.cnblogs.com/blog/u/66551/rss/
[2025-09-13 15:02:55] ✘ 有 9 条订阅头像无法访问, 已使用默认头像:
[2025-09-13 15:02:55] - https://hwv430.blogspot.com/feeds/posts/default
[2025-09-13 15:02:55] - https://www.loyhome.com/feed
[2025-09-13 15:02:55] - http://feeds.feedburner.com/ruanyifeng
[2025-09-13 15:02:55] - https://a4.zyzhang.com/index.xml
[2025-09-13 15:02:55] - https://laike9m.com/blog/rss/
[2025-09-13 15:02:55] - https://skywind.me/blog/feed
[2025-09-13 15:02:55] - https://lenciel.com/feed.xml
[2025-09-13 15:02:55] - https://www.mrhe.net/feed
[2025-09-13 15:02:55] - https://www.douban.com/feed/review/book
