[2025-11-23 00:04:51] 本次订阅抓取结果统计:
[2025-11-23 00:04:51] 共 30 条RSS, 成功抓取 26 条.
[2025-11-23 00:04:51] ✘ 有 3 条订阅解析失败:
[2025-11-23 00:04:51] - https://tumutanzi.com/feed
[2025-11-23 00:04:51] - https://geekinney.com/index.xml
[2025-11-23 00:04:51] - https://suus.me/atom.xml
[2025-11-23 00:04:51] ✘ 有 1 条订阅为空:
[2025-11-23 00:04:51] - http://feeds.feedburner.com/zhihu-daily
[2025-11-23 01:30:11] 抓取到的文章与现有数据相同，无需更新。
[2025-11-23 02:37:29] 抓取到的文章与现有数据相同，无需更新。
[2025-11-23 03:29:14] 抓取到的文章与现有数据相同，无需更新。
[2025-11-23 04:11:50] 本次订阅抓取结果统计:
[2025-11-23 04:11:50] 共 30 条RSS, 成功抓取 25 条.
[2025-11-23 04:11:50] ✘ 有 4 条订阅解析失败:
[2025-11-23 04:11:50] - https://tumutanzi.com/feed
[2025-11-23 04:11:50] - https://suus.me/atom.xml
[2025-11-23 04:11:50] - https://geekinney.com/index.xml
[2025-11-23 04:11:50] - https://yusukeishida.jugem.jp/?mode=atom
[2025-11-23 04:11:50] ✘ 有 1 条订阅为空:
[2025-11-23 04:11:50] - http://feeds.feedburner.com/zhihu-daily
[2025-11-23 05:01:45] 本次订阅抓取结果统计:
[2025-11-23 05:01:45] 共 30 条RSS, 成功抓取 26 条.
[2025-11-23 05:01:45] ✘ 有 3 条订阅解析失败:
[2025-11-23 05:01:45] - https://tumutanzi.com/feed
[2025-11-23 05:01:45] - https://geekinney.com/index.xml
[2025-11-23 05:01:45] - https://suus.me/atom.xml
[2025-11-23 05:01:45] ✘ 有 1 条订阅为空:
[2025-11-23 05:01:45] - http://feeds.feedburner.com/zhihu-daily
[2025-11-23 06:02:06] 本次订阅抓取结果统计:
[2025-11-23 06:02:06] 共 30 条RSS, 成功抓取 26 条.
[2025-11-23 06:02:06] ✘ 有 3 条订阅解析失败:
[2025-11-23 06:02:06] - https://tumutanzi.com/feed
[2025-11-23 06:02:06] - https://geekinney.com/index.xml
[2025-11-23 06:02:06] - https://suus.me/atom.xml
[2025-11-23 06:02:06] ✘ 有 1 条订阅为空:
[2025-11-23 06:02:06] - http://feeds.feedburner.com/zhihu-daily
[2025-11-23 07:01:49] 抓取到的文章与现有数据相同，无需更新。
[2025-11-23 08:02:00] 抓取到的文章与现有数据相同，无需更新。
[2025-11-23 09:01:44] 抓取到的文章与现有数据相同，无需更新。
[2025-11-23 10:01:59] 抓取到的文章与现有数据相同，无需更新。
[2025-11-23 11:01:45] 抓取到的文章与现有数据相同，无需更新。
[2025-11-23 12:01:58] 抓取到的文章与现有数据相同，无需更新。
[2025-11-23 13:06:10] 抓取到的文章与现有数据相同，无需更新。
[2025-11-23 14:01:36] 抓取到的文章与现有数据相同，无需更新。
[2025-11-23 15:01:43] 抓取到的文章与现有数据相同，无需更新。
[2025-11-23 16:02:32] 本次订阅抓取结果统计:
[2025-11-23 16:02:32] 共 30 条RSS, 成功抓取 23 条.
[2025-11-23 16:02:32] ✘ 有 6 条订阅解析失败:
[2025-11-23 16:02:32] - https://tumutanzi.com/feed
[2025-11-23 16:02:32] - https://geekinney.com/index.xml
[2025-11-23 16:02:32] - https://suus.me/atom.xml
[2025-11-23 16:02:32] - https://leixus.cn/index.php/feed/
[2025-11-23 16:02:32] - https://www.luzhaojun.com/feed
[2025-11-23 16:02:32] - https://freemind.pluskid.org/rss.xml
[2025-11-23 16:02:32] ✘ 有 1 条订阅为空:
[2025-11-23 16:02:32] - http://feeds.feedburner.com/zhihu-daily
[2025-11-23 17:01:43] 本次订阅抓取结果统计:
[2025-11-23 17:01:43] 共 30 条RSS, 成功抓取 26 条.
[2025-11-23 17:01:43] ✘ 有 3 条订阅解析失败:
[2025-11-23 17:01:43] - https://tumutanzi.com/feed
[2025-11-23 17:01:43] - https://geekinney.com/index.xml
[2025-11-23 17:01:43] - https://suus.me/atom.xml
[2025-11-23 17:01:43] ✘ 有 1 条订阅为空:
[2025-11-23 17:01:43] - http://feeds.feedburner.com/zhihu-daily
[2025-11-23 18:01:51] 抓取到的文章与现有数据相同，无需更新。
[2025-11-23 19:01:36] 抓取到的文章与现有数据相同，无需更新。
[2025-11-23 20:02:38] 抓取到的文章与现有数据相同，无需更新。
