[2025-04-06 01:22:24] 本次订阅抓取结果统计:
[2025-04-06 01:22:24] 共 28 条RSS, 成功抓取 27 条.
[2025-04-06 01:22:24] ✘ 有 1 条订阅解析失败:
[2025-04-06 01:22:24] - https://geekinney.com/index.xml
[2025-04-06 01:22:24] ✘ 有 3 条订阅头像无法访问, 已使用默认头像:
[2025-04-06 01:22:24] - http://feeds.feedburner.com/ruanyifeng
[2025-04-06 01:22:24] - https://www.loyhome.com/feed
[2025-04-06 01:22:24] - https://tcxx.info/feed
[2025-04-06 03:02:31] 本次订阅抓取结果统计:
[2025-04-06 03:02:31] 共 28 条RSS, 成功抓取 27 条.
[2025-04-06 03:02:31] ✘ 有 1 条订阅解析失败:
[2025-04-06 03:02:31] - https://geekinney.com/index.xml
[2025-04-06 03:02:31] ✘ 有 2 条订阅头像无法访问, 已使用默认头像:
[2025-04-06 03:02:31] - http://feeds.feedburner.com/ruanyifeng
[2025-04-06 03:02:31] - https://www.loyhome.com/feed
[2025-04-06 04:20:00] 本次订阅抓取结果统计:
[2025-04-06 04:20:00] 共 28 条RSS, 成功抓取 27 条.
[2025-04-06 04:20:00] ✘ 有 1 条订阅解析失败:
[2025-04-06 04:20:00] - https://geekinney.com/index.xml
[2025-04-06 04:20:00] ✘ 有 2 条订阅头像无法访问, 已使用默认头像:
[2025-04-06 04:20:00] - http://feeds.feedburner.com/ruanyifeng
[2025-04-06 04:20:00] - https://www.loyhome.com/feed
[2025-04-06 05:15:47] 本次订阅抓取结果统计:
[2025-04-06 05:15:47] 共 28 条RSS, 成功抓取 27 条.
[2025-04-06 05:15:47] ✘ 有 1 条订阅解析失败:
[2025-04-06 05:15:47] - https://geekinney.com/index.xml
[2025-04-06 05:15:47] ✘ 有 3 条订阅头像无法访问, 已使用默认头像:
[2025-04-06 05:15:47] - http://feeds.feedburner.com/ruanyifeng
[2025-04-06 05:15:47] - https://www.loyhome.com/feed
[2025-04-06 05:15:47] - https://tcxx.info/feed
