[2025-04-04 01:17:36] 本次订阅抓取结果统计:
[2025-04-04 01:17:36] 共 28 条RSS, 成功抓取 27 条.
[2025-04-04 01:17:36] ✘ 有 1 条订阅解析失败:
[2025-04-04 01:17:36] - https://geekinney.com/index.xml
[2025-04-04 01:17:36] ✘ 有 3 条订阅头像无法访问, 已使用默认头像:
[2025-04-04 01:17:36] - https://www.loyhome.com/feed
[2025-04-04 01:17:36] - http://feeds.feedburner.com/ruanyifeng
[2025-04-04 01:17:36] - https://ihaihe.cn/feed
[2025-04-04 02:58:23] 本次订阅抓取结果统计:
[2025-04-04 02:58:23] 共 28 条RSS, 成功抓取 27 条.
[2025-04-04 02:58:23] ✘ 有 1 条订阅解析失败:
[2025-04-04 02:58:23] - https://geekinney.com/index.xml
[2025-04-04 02:58:23] ✘ 有 2 条订阅头像无法访问, 已使用默认头像:
[2025-04-04 02:58:23] - http://feeds.feedburner.com/ruanyifeng
[2025-04-04 02:58:23] - https://www.loyhome.com/feed
[2025-04-04 03:33:50] 本次订阅抓取结果统计:
[2025-04-04 03:33:50] 共 28 条RSS, 成功抓取 27 条.
[2025-04-04 03:33:50] ✘ 有 1 条订阅解析失败:
[2025-04-04 03:33:50] - https://geekinney.com/index.xml
[2025-04-04 03:33:50] ✘ 有 2 条订阅头像无法访问, 已使用默认头像:
[2025-04-04 03:33:50] - http://feeds.feedburner.com/ruanyifeng
[2025-04-04 03:33:50] - https://www.loyhome.com/feed
[2025-04-04 04:19:51] 本次订阅抓取结果统计:
[2025-04-04 04:19:51] 共 28 条RSS, 成功抓取 27 条.
[2025-04-04 04:19:51] ✘ 有 1 条订阅解析失败:
[2025-04-04 04:19:51] - https://geekinney.com/index.xml
[2025-04-04 04:19:51] ✘ 有 3 条订阅头像无法访问, 已使用默认头像:
[2025-04-04 04:19:51] - http://feeds.feedburner.com/ruanyifeng
[2025-04-04 04:19:51] - https://www.loyhome.com/feed
[2025-04-04 04:19:51] - https://tcxx.info/feed
[2025-04-04 05:17:12] 本次订阅抓取结果统计:
[2025-04-04 05:17:12] 共 28 条RSS, 成功抓取 27 条.
[2025-04-04 05:17:12] ✘ 有 1 条订阅解析失败:
[2025-04-04 05:17:12] - https://geekinney.com/index.xml
[2025-04-04 05:17:12] ✘ 有 3 条订阅头像无法访问, 已使用默认头像:
[2025-04-04 05:17:12] - http://feeds.feedburner.com/ruanyifeng
[2025-04-04 05:17:12] - https://www.loyhome.com/feed
[2025-04-04 05:17:12] - https://tcxx.info/feed
[2025-04-04 06:23:55] 本次订阅抓取结果统计:
[2025-04-04 06:23:55] 共 28 条RSS, 成功抓取 27 条.
[2025-04-04 06:23:55] ✘ 有 1 条订阅解析失败:
[2025-04-04 06:23:55] - https://geekinney.com/index.xml
[2025-04-04 06:23:55] ✘ 有 2 条订阅头像无法访问, 已使用默认头像:
[2025-04-04 06:23:55] - http://feeds.feedburner.com/ruanyifeng
[2025-04-04 06:23:55] - https://www.loyhome.com/feed
[2025-04-04 07:16:28] 本次订阅抓取结果统计:
[2025-04-04 07:16:28] 共 28 条RSS, 成功抓取 27 条.
[2025-04-04 07:16:28] ✘ 有 1 条订阅解析失败:
[2025-04-04 07:16:28] - https://geekinney.com/index.xml
[2025-04-04 07:16:28] ✘ 有 2 条订阅头像无法访问, 已使用默认头像:
[2025-04-04 07:16:28] - http://feeds.feedburner.com/ruanyifeng
[2025-04-04 07:16:28] - https://www.loyhome.com/feed
[2025-04-04 08:22:05] 本次订阅抓取结果统计:
[2025-04-04 08:22:05] 共 28 条RSS, 成功抓取 27 条.
[2025-04-04 08:22:05] ✘ 有 1 条订阅解析失败:
[2025-04-04 08:22:05] - https://geekinney.com/index.xml
[2025-04-04 08:22:05] ✘ 有 2 条订阅头像无法访问, 已使用默认头像:
[2025-04-04 08:22:05] - http://feeds.feedburner.com/ruanyifeng
[2025-04-04 08:22:05] - https://www.loyhome.com/feed
[2025-04-04 09:18:09] 本次订阅抓取结果统计:
[2025-04-04 09:18:09] 共 28 条RSS, 成功抓取 27 条.
[2025-04-04 09:18:09] ✘ 有 1 条订阅解析失败:
[2025-04-04 09:18:09] - https://geekinney.com/index.xml
[2025-04-04 09:18:09] ✘ 有 3 条订阅头像无法访问, 已使用默认头像:
[2025-04-04 09:18:09] - http://feeds.feedburner.com/ruanyifeng
[2025-04-04 09:18:09] - https://www.loyhome.com/feed
[2025-04-04 09:18:09] - https://tcxx.info/feed
[2025-04-04 10:18:25] 本次订阅抓取结果统计:
[2025-04-04 10:18:25] 共 28 条RSS, 成功抓取 27 条.
[2025-04-04 10:18:25] ✘ 有 1 条订阅解析失败:
[2025-04-04 10:18:25] - https://geekinney.com/index.xml
[2025-04-04 10:18:25] ✘ 有 2 条订阅头像无法访问, 已使用默认头像:
[2025-04-04 10:18:25] - http://feeds.feedburner.com/ruanyifeng
[2025-04-04 10:18:25] - https://www.loyhome.com/feed
[2025-04-04 11:15:36] 本次订阅抓取结果统计:
[2025-04-04 11:15:36] 共 28 条RSS, 成功抓取 27 条.
[2025-04-04 11:15:36] ✘ 有 1 条订阅解析失败:
[2025-04-04 11:15:36] - https://geekinney.com/index.xml
[2025-04-04 11:15:36] ✘ 有 2 条订阅头像无法访问, 已使用默认头像:
[2025-04-04 11:15:36] - https://www.loyhome.com/feed
[2025-04-04 11:15:36] - http://feeds.feedburner.com/ruanyifeng
[2025-04-04 12:33:10] 本次订阅抓取结果统计:
[2025-04-04 12:33:10] 共 28 条RSS, 成功抓取 27 条.
[2025-04-04 12:33:10] ✘ 有 1 条订阅解析失败:
[2025-04-04 12:33:10] - https://geekinney.com/index.xml
[2025-04-04 12:33:10] ✘ 有 2 条订阅头像无法访问, 已使用默认头像:
[2025-04-04 12:33:10] - http://feeds.feedburner.com/ruanyifeng
[2025-04-04 12:33:10] - https://www.loyhome.com/feed
[2025-04-04 13:25:36] 本次订阅抓取结果统计:
[2025-04-04 13:25:36] 共 28 条RSS, 成功抓取 27 条.
[2025-04-04 13:25:36] ✘ 有 1 条订阅解析失败:
[2025-04-04 13:25:36] - https://geekinney.com/index.xml
[2025-04-04 13:25:36] ✘ 有 2 条订阅头像无法访问, 已使用默认头像:
[2025-04-04 13:25:36] - http://feeds.feedburner.com/ruanyifeng
[2025-04-04 13:25:36] - https://www.loyhome.com/feed
[2025-04-04 14:15:57] 本次订阅抓取结果统计:
[2025-04-04 14:15:57] 共 28 条RSS, 成功抓取 27 条.
[2025-04-04 14:15:57] ✘ 有 1 条订阅解析失败:
[2025-04-04 14:15:57] - https://geekinney.com/index.xml
[2025-04-04 14:15:57] ✘ 有 2 条订阅头像无法访问, 已使用默认头像:
[2025-04-04 14:15:57] - http://feeds.feedburner.com/ruanyifeng
[2025-04-04 14:15:57] - https://www.loyhome.com/feed
[2025-04-04 15:17:40] 本次订阅抓取结果统计:
[2025-04-04 15:17:40] 共 28 条RSS, 成功抓取 27 条.
[2025-04-04 15:17:40] ✘ 有 1 条订阅解析失败:
[2025-04-04 15:17:40] - https://geekinney.com/index.xml
[2025-04-04 15:17:40] ✘ 有 2 条订阅头像无法访问, 已使用默认头像:
[2025-04-04 15:17:40] - https://www.loyhome.com/feed
[2025-04-04 15:17:40] - http://feeds.feedburner.com/ruanyifeng
[2025-04-04 16:20:07] [ERROR] 拉取RSS链接失败: /home/runner/work/lhasaRSS/lhasaRSS/feed_fetcher.go:53 => 无法获取RSS列表文件: https://lhasa-1253887673.cos.ap-shanghai.myqcloud.com/lhasaRSS/rss.txt | 原因: Get "https://lhasa-1253887673.cos.ap-shanghai.myqcloud.com/lhasaRSS/rss.txt": net/http: TLS handshake timeout
[2025-04-04 17:15:05] 本次订阅抓取结果统计:
[2025-04-04 17:15:05] 共 28 条RSS, 成功抓取 27 条.
[2025-04-04 17:15:05] ✘ 有 1 条订阅解析失败:
[2025-04-04 17:15:05] - https://geekinney.com/index.xml
[2025-04-04 17:15:05] ✘ 有 2 条订阅头像无法访问, 已使用默认头像:
[2025-04-04 17:15:05] - http://feeds.feedburner.com/ruanyifeng
[2025-04-04 17:15:05] - https://www.loyhome.com/feed
[2025-04-04 18:22:28] 本次订阅抓取结果统计:
[2025-04-04 18:22:28] 共 28 条RSS, 成功抓取 27 条.
[2025-04-04 18:22:28] ✘ 有 1 条订阅解析失败:
[2025-04-04 18:22:28] - https://geekinney.com/index.xml
[2025-04-04 18:22:28] ✘ 有 2 条订阅头像无法访问, 已使用默认头像:
[2025-04-04 18:22:28] - http://feeds.feedburner.com/ruanyifeng
[2025-04-04 18:22:28] - https://www.loyhome.com/feed
[2025-04-04 19:15:15] 本次订阅抓取结果统计:
[2025-04-04 19:15:15] 共 28 条RSS, 成功抓取 27 条.
[2025-04-04 19:15:15] ✘ 有 1 条订阅解析失败:
[2025-04-04 19:15:15] - https://geekinney.com/index.xml
[2025-04-04 19:15:15] ✘ 有 2 条订阅头像无法访问, 已使用默认头像:
[2025-04-04 19:15:15] - http://feeds.feedburner.com/ruanyifeng
[2025-04-04 19:15:15] - https://www.loyhome.com/feed
[2025-04-04 20:18:03] 本次订阅抓取结果统计:
[2025-04-04 20:18:03] 共 28 条RSS, 成功抓取 27 条.
[2025-04-04 20:18:03] ✘ 有 1 条订阅解析失败:
[2025-04-04 20:18:03] - https://geekinney.com/index.xml
[2025-04-04 20:18:03] ✘ 有 3 条订阅头像无法访问, 已使用默认头像:
[2025-04-04 20:18:03] - http://feeds.feedburner.com/ruanyifeng
[2025-04-04 20:18:03] - https://www.loyhome.com/feed
[2025-04-04 20:18:03] - https://xyzbz.cn/feed
