[2025-09-07 00:04:26] 抓取到的文章与现有数据相同，无需更新。
[2025-09-07 01:29:40] 抓取到的文章与现有数据相同，无需更新。
[2025-09-07 02:28:37] 本次订阅抓取结果统计:
[2025-09-07 02:28:37] 共 59 条RSS, 成功抓取 54 条.
[2025-09-07 02:28:37] ✘ 有 5 条订阅解析失败:
[2025-09-07 02:28:37] - https://tcxx.info/feed
[2025-09-07 02:28:37] - https://tumutanzi.com/feed
[2025-09-07 02:28:37] - https://geekinney.com/index.xml
[2025-09-07 02:28:37] - https://yinwang1.substack.com/feed
[2025-09-07 02:28:37] - https://botanwang.com/rss.xml
[2025-09-07 02:28:37] ✘ 有 1 条订阅头像字段为空, 已使用默认头像:
[2025-09-07 02:28:37] - https://feed.cnblogs.com/blog/u/66551/rss/
[2025-09-07 02:28:37] ✘ 有 8 条订阅头像无法访问, 已使用默认头像:
[2025-09-07 02:28:37] - https://hwv430.blogspot.com/feeds/posts/default
[2025-09-07 02:28:37] - http://feeds.feedburner.com/ruanyifeng
[2025-09-07 02:28:37] - https://www.loyhome.com/feed
[2025-09-07 02:28:37] - https://a4.zyzhang.com/index.xml
[2025-09-07 02:28:37] - https://laike9m.com/blog/rss/
[2025-09-07 02:28:37] - https://skywind.me/blog/feed
[2025-09-07 02:28:37] - https://www.douban.com/feed/review/book
[2025-09-07 02:28:37] - https://www.mrhe.net/feed
[2025-09-07 03:15:21] 本次订阅抓取结果统计:
[2025-09-07 03:15:21] 共 59 条RSS, 成功抓取 53 条.
[2025-09-07 03:15:21] ✘ 有 6 条订阅解析失败:
[2025-09-07 03:15:21] - https://tcxx.info/feed
[2025-09-07 03:15:21] - https://tumutanzi.com/feed
[2025-09-07 03:15:21] - https://geekinney.com/index.xml
[2025-09-07 03:15:21] - https://yinwang1.substack.com/feed
[2025-09-07 03:15:21] - https://botanwang.com/rss.xml
[2025-09-07 03:15:21] - https://www.douban.com/feed/review/book
[2025-09-07 03:15:21] ✘ 有 1 条订阅头像字段为空, 已使用默认头像:
[2025-09-07 03:15:21] - https://feed.cnblogs.com/blog/u/66551/rss/
[2025-09-07 03:15:21] ✘ 有 7 条订阅头像无法访问, 已使用默认头像:
[2025-09-07 03:15:21] - https://hwv430.blogspot.com/feeds/posts/default
[2025-09-07 03:15:21] - http://feeds.feedburner.com/ruanyifeng
[2025-09-07 03:15:21] - https://www.loyhome.com/feed
[2025-09-07 03:15:21] - https://a4.zyzhang.com/index.xml
[2025-09-07 03:15:21] - https://laike9m.com/blog/rss/
[2025-09-07 03:15:21] - https://skywind.me/blog/feed
[2025-09-07 03:15:21] - https://www.mrhe.net/feed
[2025-09-07 04:01:52] 本次订阅抓取结果统计:
[2025-09-07 04:01:52] 共 59 条RSS, 成功抓取 54 条.
[2025-09-07 04:01:52] ✘ 有 5 条订阅解析失败:
[2025-09-07 04:01:52] - https://tcxx.info/feed
[2025-09-07 04:01:52] - https://tumutanzi.com/feed
[2025-09-07 04:01:52] - https://geekinney.com/index.xml
[2025-09-07 04:01:52] - https://yinwang1.substack.com/feed
[2025-09-07 04:01:52] - https://botanwang.com/rss.xml
[2025-09-07 04:01:52] ✘ 有 1 条订阅头像字段为空, 已使用默认头像:
[2025-09-07 04:01:52] - https://feed.cnblogs.com/blog/u/66551/rss/
[2025-09-07 04:01:52] ✘ 有 8 条订阅头像无法访问, 已使用默认头像:
[2025-09-07 04:01:52] - https://hwv430.blogspot.com/feeds/posts/default
[2025-09-07 04:01:52] - http://feeds.feedburner.com/ruanyifeng
[2025-09-07 04:01:52] - https://www.loyhome.com/feed
[2025-09-07 04:01:52] - https://a4.zyzhang.com/index.xml
[2025-09-07 04:01:52] - https://skywind.me/blog/feed
[2025-09-07 04:01:52] - https://laike9m.com/blog/rss/
[2025-09-07 04:01:52] - https://www.douban.com/feed/review/book
[2025-09-07 04:01:52] - https://www.mrhe.net/feed
[2025-09-07 05:01:46] 抓取到的文章与现有数据相同，无需更新。
[2025-09-07 06:01:53] 抓取到的文章与现有数据相同，无需更新。
[2025-09-07 07:01:47] 抓取到的文章与现有数据相同，无需更新。
[2025-09-07 08:02:01] 本次订阅抓取结果统计:
[2025-09-07 08:02:01] 共 59 条RSS, 成功抓取 54 条.
[2025-09-07 08:02:01] ✘ 有 5 条订阅解析失败:
[2025-09-07 08:02:01] - https://tcxx.info/feed
[2025-09-07 08:02:01] - https://tumutanzi.com/feed
[2025-09-07 08:02:01] - https://geekinney.com/index.xml
[2025-09-07 08:02:01] - https://yinwang1.substack.com/feed
[2025-09-07 08:02:01] - https://botanwang.com/rss.xml
[2025-09-07 08:02:01] ✘ 有 1 条订阅头像字段为空, 已使用默认头像:
[2025-09-07 08:02:01] - https://feed.cnblogs.com/blog/u/66551/rss/
[2025-09-07 08:02:01] ✘ 有 8 条订阅头像无法访问, 已使用默认头像:
[2025-09-07 08:02:01] - https://hwv430.blogspot.com/feeds/posts/default
[2025-09-07 08:02:01] - https://www.loyhome.com/feed
[2025-09-07 08:02:01] - http://feeds.feedburner.com/ruanyifeng
[2025-09-07 08:02:01] - https://a4.zyzhang.com/index.xml
[2025-09-07 08:02:01] - https://laike9m.com/blog/rss/
[2025-09-07 08:02:01] - https://skywind.me/blog/feed
[2025-09-07 08:02:01] - https://www.douban.com/feed/review/book
[2025-09-07 08:02:01] - https://www.mrhe.net/feed
[2025-09-07 09:01:43] 抓取到的文章与现有数据相同，无需更新。
[2025-09-07 10:01:42] 抓取到的文章与现有数据相同，无需更新。
[2025-09-07 11:01:39] 抓取到的文章与现有数据相同，无需更新。
