[2025-03-13 01:16:42] 本次订阅抓取结果统计:
[2025-03-13 01:16:42] 共 28 条RSS, 成功抓取 26 条.
[2025-03-13 01:16:42] ✘ 有 2 条订阅解析失败:
[2025-03-13 01:16:42] - https://tcxx.info/feed
[2025-03-13 01:16:42] - https://1900.live/rss.xml
[2025-03-13 01:16:42] ✘ 有 2 条订阅头像无法访问, 已使用默认头像:
[2025-03-13 01:16:42] - http://feeds.feedburner.com/ruanyifeng
[2025-03-13 01:16:42] - https://www.loyhome.com/feed
[2025-03-13 02:55:12] 本次订阅抓取结果统计:
[2025-03-13 02:55:12] 共 28 条RSS, 成功抓取 27 条.
[2025-03-13 02:55:12] ✘ 有 1 条订阅解析失败:
[2025-03-13 02:55:12] - https://tcxx.info/feed
[2025-03-13 02:55:12] ✘ 有 2 条订阅头像无法访问, 已使用默认头像:
[2025-03-13 02:55:12] - http://feeds.feedburner.com/ruanyifeng
[2025-03-13 02:55:12] - https://www.loyhome.com/feed
[2025-03-13 03:27:27] 本次订阅抓取结果统计:
[2025-03-13 03:27:27] 共 28 条RSS, 成功抓取 27 条.
[2025-03-13 03:27:27] ✘ 有 1 条订阅解析失败:
[2025-03-13 03:27:27] - https://tcxx.info/feed
[2025-03-13 03:27:27] ✘ 有 2 条订阅头像无法访问, 已使用默认头像:
[2025-03-13 03:27:27] - http://feeds.feedburner.com/ruanyifeng
[2025-03-13 03:27:27] - https://www.loyhome.com/feed
[2025-03-13 04:20:00] 本次订阅抓取结果统计:
[2025-03-13 04:20:00] 共 28 条RSS, 成功抓取 27 条.
[2025-03-13 04:20:00] ✘ 有 1 条订阅解析失败:
[2025-03-13 04:20:00] - https://tcxx.info/feed
[2025-03-13 04:20:00] ✘ 有 2 条订阅头像无法访问, 已使用默认头像:
[2025-03-13 04:20:00] - http://feeds.feedburner.com/ruanyifeng
[2025-03-13 04:20:00] - https://www.loyhome.com/feed
[2025-03-13 05:16:25] 本次订阅抓取结果统计:
[2025-03-13 05:16:25] 共 28 条RSS, 成功抓取 27 条.
[2025-03-13 05:16:25] ✘ 有 1 条订阅解析失败:
[2025-03-13 05:16:25] - https://tcxx.info/feed
[2025-03-13 05:16:25] ✘ 有 2 条订阅头像无法访问, 已使用默认头像:
[2025-03-13 05:16:25] - https://www.loyhome.com/feed
[2025-03-13 05:16:25] - http://feeds.feedburner.com/ruanyifeng
[2025-03-13 06:23:04] 本次订阅抓取结果统计:
[2025-03-13 06:23:04] 共 28 条RSS, 成功抓取 27 条.
[2025-03-13 06:23:04] ✘ 有 1 条订阅解析失败:
[2025-03-13 06:23:04] - https://tcxx.info/feed
[2025-03-13 06:23:04] ✘ 有 3 条订阅头像无法访问, 已使用默认头像:
[2025-03-13 06:23:04] - http://feeds.feedburner.com/ruanyifeng
[2025-03-13 06:23:04] - https://www.loyhome.com/feed
[2025-03-13 06:23:04] - https://xyzbz.cn/feed
[2025-03-13 07:15:34] 本次订阅抓取结果统计:
[2025-03-13 07:15:34] 共 28 条RSS, 成功抓取 27 条.
[2025-03-13 07:15:34] ✘ 有 1 条订阅解析失败:
[2025-03-13 07:15:34] - https://tcxx.info/feed
[2025-03-13 07:15:34] ✘ 有 2 条订阅头像无法访问, 已使用默认头像:
[2025-03-13 07:15:34] - http://feeds.feedburner.com/ruanyifeng
[2025-03-13 07:15:34] - https://www.loyhome.com/feed
