[2025-11-30 00:05:08] 抓取到的文章与现有数据相同，无需更新。
[2025-11-30 01:30:46] 本次订阅抓取结果统计:
[2025-11-30 01:30:46] 共 31 条RSS, 成功抓取 27 条.
[2025-11-30 01:30:46] ✘ 有 4 条订阅解析失败:
[2025-11-30 01:30:46] - https://tumutanzi.com/feed
[2025-11-30 01:30:46] - https://suus.me/atom.xml
[2025-11-30 01:30:46] - https://geekinney.com/index.xml
[2025-11-30 01:30:46] - https://diygod.cc/feed
[2025-11-30 02:37:17] 本次订阅抓取结果统计:
[2025-11-30 02:37:17] 共 31 条RSS, 成功抓取 28 条.
[2025-11-30 02:37:17] ✘ 有 3 条订阅解析失败:
[2025-11-30 02:37:17] - https://tumutanzi.com/feed
[2025-11-30 02:37:17] - https://geekinney.com/index.xml
[2025-11-30 02:37:17] - https://suus.me/atom.xml
[2025-11-30 03:29:26] 抓取到的文章与现有数据相同，无需更新。
[2025-11-30 04:11:53] 抓取到的文章与现有数据相同，无需更新。
[2025-11-30 05:02:03] 抓取到的文章与现有数据相同，无需更新。
[2025-11-30 06:02:19] 抓取到的文章与现有数据相同，无需更新。
[2025-11-30 07:02:17] 本次订阅抓取结果统计:
[2025-11-30 07:02:17] 共 31 条RSS, 成功抓取 27 条.
[2025-11-30 07:02:17] ✘ 有 4 条订阅解析失败:
[2025-11-30 07:02:17] - https://tumutanzi.com/feed
[2025-11-30 07:02:17] - https://suus.me/atom.xml
[2025-11-30 07:02:17] - https://geekinney.com/index.xml
[2025-11-30 07:02:17] - https://diygod.cc/feed
[2025-11-30 08:02:13] 本次订阅抓取结果统计:
[2025-11-30 08:02:13] 共 31 条RSS, 成功抓取 28 条.
[2025-11-30 08:02:13] ✘ 有 3 条订阅解析失败:
[2025-11-30 08:02:13] - https://tumutanzi.com/feed
[2025-11-30 08:02:13] - https://geekinney.com/index.xml
[2025-11-30 08:02:13] - https://suus.me/atom.xml
[2025-11-30 09:02:00] 抓取到的文章与现有数据相同，无需更新。
[2025-11-30 10:02:13] 抓取到的文章与现有数据相同，无需更新。
[2025-11-30 11:02:10] 抓取到的文章与现有数据相同，无需更新。
[2025-11-30 12:02:34] 抓取到的文章与现有数据相同，无需更新。
[2025-11-30 13:08:10] 抓取到的文章与现有数据相同，无需更新。
[2025-11-30 14:01:57] 本次订阅抓取结果统计:
[2025-11-30 14:01:57] 共 31 条RSS, 成功抓取 26 条.
[2025-11-30 14:01:57] ✘ 有 5 条订阅解析失败:
[2025-11-30 14:01:57] - https://tumutanzi.com/feed
[2025-11-30 14:01:57] - https://geekinney.com/index.xml
[2025-11-30 14:01:57] - https://suus.me/atom.xml
[2025-11-30 14:01:57] - https://www.luzhaojun.com/feed
[2025-11-30 14:01:57] - https://leixus.cn/index.php/feed/
[2025-11-30 15:02:22] 本次订阅抓取结果统计:
[2025-11-30 15:02:22] 共 31 条RSS, 成功抓取 27 条.
[2025-11-30 15:02:22] ✘ 有 4 条订阅解析失败:
[2025-11-30 15:02:22] - https://tumutanzi.com/feed
[2025-11-30 15:02:22] - https://geekinney.com/index.xml
[2025-11-30 15:02:22] - https://suus.me/atom.xml
[2025-11-30 15:02:22] - https://diygod.cc/feed
[2025-11-30 16:02:31] 抓取到的文章与现有数据相同，无需更新。
[2025-11-30 17:02:25] 本次订阅抓取结果统计:
[2025-11-30 17:02:25] 共 31 条RSS, 成功抓取 28 条.
[2025-11-30 17:02:25] ✘ 有 3 条订阅解析失败:
[2025-11-30 17:02:25] - https://tumutanzi.com/feed
[2025-11-30 17:02:25] - https://geekinney.com/index.xml
[2025-11-30 17:02:25] - https://suus.me/atom.xml
[2025-11-30 18:02:13] 本次订阅抓取结果统计:
[2025-11-30 18:02:13] 共 31 条RSS, 成功抓取 27 条.
[2025-11-30 18:02:13] ✘ 有 4 条订阅解析失败:
[2025-11-30 18:02:13] - https://tumutanzi.com/feed
[2025-11-30 18:02:13] - https://geekinney.com/index.xml
[2025-11-30 18:02:13] - https://suus.me/atom.xml
[2025-11-30 18:02:13] - https://diygod.cc/feed
[2025-11-30 19:01:41] 本次订阅抓取结果统计:
[2025-11-30 19:01:41] 共 31 条RSS, 成功抓取 28 条.
[2025-11-30 19:01:41] ✘ 有 3 条订阅解析失败:
[2025-11-30 19:01:41] - https://tumutanzi.com/feed
[2025-11-30 19:01:41] - https://suus.me/atom.xml
[2025-11-30 19:01:41] - https://geekinney.com/index.xml
[2025-11-30 20:01:58] 本次订阅抓取结果统计:
[2025-11-30 20:01:58] 共 31 条RSS, 成功抓取 26 条.
[2025-11-30 20:01:58] ✘ 有 5 条订阅解析失败:
[2025-11-30 20:01:58] - https://tumutanzi.com/feed
[2025-11-30 20:01:58] - https://suus.me/atom.xml
[2025-11-30 20:01:58] - https://geekinney.com/index.xml
[2025-11-30 20:01:58] - https://www.luzhaojun.com/feed
[2025-11-30 20:01:58] - https://leixus.cn/index.php/feed/
[2025-11-30 21:02:07] 本次订阅抓取结果统计:
[2025-11-30 21:02:07] 共 31 条RSS, 成功抓取 28 条.
[2025-11-30 21:02:07] ✘ 有 3 条订阅解析失败:
[2025-11-30 21:02:07] - https://tumutanzi.com/feed
[2025-11-30 21:02:07] - https://geekinney.com/index.xml
[2025-11-30 21:02:07] - https://suus.me/atom.xml
[2025-11-30 22:02:22] 抓取到的文章与现有数据相同，无需更新。
[2025-11-30 23:02:50] 本次订阅抓取结果统计:
[2025-11-30 23:02:50] 共 31 条RSS, 成功抓取 27 条.
[2025-11-30 23:02:50] ✘ 有 4 条订阅解析失败:
[2025-11-30 23:02:50] - https://tumutanzi.com/feed
[2025-11-30 23:02:50] - https://geekinney.com/index.xml
[2025-11-30 23:02:50] - https://suus.me/atom.xml
[2025-11-30 23:02:50] - https://diygod.cc/feed
