[2025-10-22 00:04:46] 抓取到的文章与现有数据相同，无需更新。
[2025-10-22 01:29:53] 抓取到的文章与现有数据相同，无需更新。
[2025-10-22 02:30:06] 抓取到的文章与现有数据相同，无需更新。
[2025-10-22 03:20:34] 抓取到的文章与现有数据相同，无需更新。
[2025-10-22 04:02:23] 本次订阅抓取结果统计:
[2025-10-22 04:02:23] 共 63 条RSS, 成功抓取 56 条.
[2025-10-22 04:02:23] ✘ 有 6 条订阅解析失败:
[2025-10-22 04:02:23] - https://tumutanzi.com/feed
[2025-10-22 04:02:23] - https://tcxx.info/feed
[2025-10-22 04:02:23] - https://geekinney.com/index.xml
[2025-10-22 04:02:23] - https://suus.me/index.xml
[2025-10-22 04:02:23] - https://yinwang1.substack.com/feed
[2025-10-22 04:02:23] - https://botanwang.com/rss.xml
[2025-10-22 04:02:23] ✘ 有 1 条订阅为空:
[2025-10-22 04:02:23] - http://feeds.feedburner.com/zhihu-daily
[2025-10-22 04:02:23] ✘ 有 1 条订阅头像字段为空, 已使用默认头像:
[2025-10-22 04:02:23] - https://feed.cnblogs.com/blog/u/66551/rss/
[2025-10-22 04:02:23] ✘ 有 3 条订阅头像无法访问, 已使用默认头像:
[2025-10-22 04:02:23] - http://feeds.feedburner.com/ruanyifeng
[2025-10-22 04:02:23] - https://skywind.me/blog/feed
[2025-10-22 04:02:23] - https://www.douban.com/feed/review/book
[2025-10-22 05:01:54] 抓取到的文章与现有数据相同，无需更新。
[2025-10-22 06:02:15] 本次订阅抓取结果统计:
[2025-10-22 06:02:15] 共 63 条RSS, 成功抓取 56 条.
[2025-10-22 06:02:15] ✘ 有 6 条订阅解析失败:
[2025-10-22 06:02:15] - https://tcxx.info/feed
[2025-10-22 06:02:15] - https://tumutanzi.com/feed
[2025-10-22 06:02:15] - https://geekinney.com/index.xml
[2025-10-22 06:02:15] - https://suus.me/index.xml
[2025-10-22 06:02:15] - https://yinwang1.substack.com/feed
[2025-10-22 06:02:15] - https://botanwang.com/rss.xml
[2025-10-22 06:02:15] ✘ 有 1 条订阅为空:
[2025-10-22 06:02:15] - http://feeds.feedburner.com/zhihu-daily
[2025-10-22 06:02:15] ✘ 有 1 条订阅头像字段为空, 已使用默认头像:
[2025-10-22 06:02:15] - https://feed.cnblogs.com/blog/u/66551/rss/
[2025-10-22 06:02:15] ✘ 有 3 条订阅头像无法访问, 已使用默认头像:
[2025-10-22 06:02:15] - http://feeds.feedburner.com/ruanyifeng
[2025-10-22 06:02:15] - https://skywind.me/blog/feed
[2025-10-22 06:02:15] - https://www.douban.com/feed/review/book
[2025-10-22 07:01:57] 抓取到的文章与现有数据相同，无需更新。
[2025-10-22 08:02:04] 本次订阅抓取结果统计:
[2025-10-22 08:02:04] 共 63 条RSS, 成功抓取 55 条.
[2025-10-22 08:02:04] ✘ 有 7 条订阅解析失败:
[2025-10-22 08:02:04] - https://tcxx.info/feed
[2025-10-22 08:02:04] - https://tumutanzi.com/feed
[2025-10-22 08:02:04] - https://blog.yanqingshan.com/feed
[2025-10-22 08:02:04] - https://geekinney.com/index.xml
[2025-10-22 08:02:04] - https://suus.me/index.xml
[2025-10-22 08:02:04] - https://yinwang1.substack.com/feed
[2025-10-22 08:02:04] - https://botanwang.com/rss.xml
[2025-10-22 08:02:04] ✘ 有 1 条订阅为空:
[2025-10-22 08:02:04] - http://feeds.feedburner.com/zhihu-daily
[2025-10-22 08:02:04] ✘ 有 1 条订阅头像字段为空, 已使用默认头像:
[2025-10-22 08:02:04] - https://feed.cnblogs.com/blog/u/66551/rss/
[2025-10-22 08:02:04] ✘ 有 3 条订阅头像无法访问, 已使用默认头像:
[2025-10-22 08:02:04] - http://feeds.feedburner.com/ruanyifeng
[2025-10-22 08:02:04] - https://skywind.me/blog/feed
[2025-10-22 08:02:04] - https://www.douban.com/feed/review/book
[2025-10-22 09:02:36] 本次订阅抓取结果统计:
[2025-10-22 09:02:36] 共 63 条RSS, 成功抓取 56 条.
[2025-10-22 09:02:36] ✘ 有 6 条订阅解析失败:
[2025-10-22 09:02:36] - https://tcxx.info/feed
[2025-10-22 09:02:36] - https://tumutanzi.com/feed
[2025-10-22 09:02:36] - https://geekinney.com/index.xml
[2025-10-22 09:02:36] - https://suus.me/index.xml
[2025-10-22 09:02:36] - https://yinwang1.substack.com/feed
[2025-10-22 09:02:36] - https://botanwang.com/rss.xml
[2025-10-22 09:02:36] ✘ 有 1 条订阅为空:
[2025-10-22 09:02:36] - http://feeds.feedburner.com/zhihu-daily
[2025-10-22 09:02:36] ✘ 有 1 条订阅头像字段为空, 已使用默认头像:
[2025-10-22 09:02:36] - https://feed.cnblogs.com/blog/u/66551/rss/
[2025-10-22 09:02:36] ✘ 有 3 条订阅头像无法访问, 已使用默认头像:
[2025-10-22 09:02:36] - http://feeds.feedburner.com/ruanyifeng
[2025-10-22 09:02:36] - https://skywind.me/blog/feed
[2025-10-22 09:02:36] - https://www.douban.com/feed/review/book
[2025-10-22 10:02:14] 抓取到的文章与现有数据相同，无需更新。
[2025-10-22 11:02:00] 抓取到的文章与现有数据相同，无需更新。
[2025-10-22 12:02:23] 抓取到的文章与现有数据相同，无需更新。
[2025-10-22 13:12:04] 抓取到的文章与现有数据相同，无需更新。
[2025-10-22 14:02:02] 抓取到的文章与现有数据相同，无需更新。
