[2025-10-15 00:04:33] 抓取到的文章与现有数据相同，无需更新。
[2025-10-15 01:29:46] 抓取到的文章与现有数据相同，无需更新。
[2025-10-15 02:29:02] 本次订阅抓取结果统计:
[2025-10-15 02:29:02] 共 60 条RSS, 成功抓取 51 条.
[2025-10-15 02:29:02] ✘ 有 8 条订阅解析失败:
[2025-10-15 02:29:02] - https://tcxx.info/feed
[2025-10-15 02:29:02] - https://tumutanzi.com/feed
[2025-10-15 02:29:02] - https://geekinney.com/index.xml
[2025-10-15 02:29:02] - https://suus.me/index.xml
[2025-10-15 02:29:02] - https://yinwang1.substack.com/feed
[2025-10-15 02:29:02] - https://skywind.me/blog/feed
[2025-10-15 02:29:02] - https://botanwang.com/rss.xml
[2025-10-15 02:29:02] - https://www.douban.com/feed/review/book
[2025-10-15 02:29:02] ✘ 有 1 条订阅为空:
[2025-10-15 02:29:02] - http://feeds.feedburner.com/zhihu-daily
[2025-10-15 02:29:02] ✘ 有 1 条订阅头像字段为空, 已使用默认头像:
[2025-10-15 02:29:02] - https://feed.cnblogs.com/blog/u/66551/rss/
[2025-10-15 02:29:02] ✘ 有 1 条订阅头像无法访问, 已使用默认头像:
[2025-10-15 02:29:02] - http://feeds.feedburner.com/ruanyifeng
[2025-10-15 03:17:01] 本次订阅抓取结果统计:
[2025-10-15 03:17:01] 共 60 条RSS, 成功抓取 52 条.
[2025-10-15 03:17:01] ✘ 有 7 条订阅解析失败:
[2025-10-15 03:17:01] - https://tcxx.info/feed
[2025-10-15 03:17:01] - https://tumutanzi.com/feed
[2025-10-15 03:17:01] - https://geekinney.com/index.xml
[2025-10-15 03:17:01] - https://suus.me/index.xml
[2025-10-15 03:17:01] - https://yinwang1.substack.com/feed
[2025-10-15 03:17:01] - https://botanwang.com/rss.xml
[2025-10-15 03:17:01] - https://skywind.me/blog/feed
[2025-10-15 03:17:01] ✘ 有 1 条订阅为空:
[2025-10-15 03:17:01] - http://feeds.feedburner.com/zhihu-daily
[2025-10-15 03:17:01] ✘ 有 1 条订阅头像字段为空, 已使用默认头像:
[2025-10-15 03:17:01] - https://feed.cnblogs.com/blog/u/66551/rss/
[2025-10-15 03:17:01] ✘ 有 2 条订阅头像无法访问, 已使用默认头像:
[2025-10-15 03:17:01] - http://feeds.feedburner.com/ruanyifeng
[2025-10-15 03:17:01] - https://www.douban.com/feed/review/book
[2025-10-15 04:01:54] 抓取到的文章与现有数据相同，无需更新。
[2025-10-15 05:02:09] 抓取到的文章与现有数据相同，无需更新。
[2025-10-15 06:02:12] 本次订阅抓取结果统计:
[2025-10-15 06:02:12] 共 60 条RSS, 成功抓取 52 条.
[2025-10-15 06:02:12] ✘ 有 7 条订阅解析失败:
[2025-10-15 06:02:12] - https://tumutanzi.com/feed
[2025-10-15 06:02:12] - https://tcxx.info/feed
[2025-10-15 06:02:12] - https://geekinney.com/index.xml
[2025-10-15 06:02:12] - https://suus.me/index.xml
[2025-10-15 06:02:12] - https://yinwang1.substack.com/feed
[2025-10-15 06:02:12] - https://skywind.me/blog/feed
[2025-10-15 06:02:12] - https://botanwang.com/rss.xml
[2025-10-15 06:02:12] ✘ 有 1 条订阅为空:
[2025-10-15 06:02:12] - http://feeds.feedburner.com/zhihu-daily
[2025-10-15 06:02:12] ✘ 有 1 条订阅头像字段为空, 已使用默认头像:
[2025-10-15 06:02:12] - https://feed.cnblogs.com/blog/u/66551/rss/
[2025-10-15 06:02:12] ✘ 有 2 条订阅头像无法访问, 已使用默认头像:
[2025-10-15 06:02:12] - http://feeds.feedburner.com/ruanyifeng
[2025-10-15 06:02:12] - https://www.douban.com/feed/review/book
[2025-10-15 07:02:02] 本次订阅抓取结果统计:
[2025-10-15 07:02:02] 共 60 条RSS, 成功抓取 51 条.
[2025-10-15 07:02:02] ✘ 有 8 条订阅解析失败:
[2025-10-15 07:02:02] - https://tcxx.info/feed
[2025-10-15 07:02:02] - https://tumutanzi.com/feed
[2025-10-15 07:02:02] - https://geekinney.com/index.xml
[2025-10-15 07:02:02] - https://suus.me/index.xml
[2025-10-15 07:02:02] - https://yinwang1.substack.com/feed
[2025-10-15 07:02:02] - https://botanwang.com/rss.xml
[2025-10-15 07:02:02] - https://skywind.me/blog/feed
[2025-10-15 07:02:02] - https://www.douban.com/feed/review/book
[2025-10-15 07:02:02] ✘ 有 1 条订阅为空:
[2025-10-15 07:02:02] - http://feeds.feedburner.com/zhihu-daily
[2025-10-15 07:02:02] ✘ 有 1 条订阅头像字段为空, 已使用默认头像:
[2025-10-15 07:02:02] - https://feed.cnblogs.com/blog/u/66551/rss/
[2025-10-15 07:02:02] ✘ 有 1 条订阅头像无法访问, 已使用默认头像:
[2025-10-15 07:02:02] - http://feeds.feedburner.com/ruanyifeng
[2025-10-15 08:02:00] 本次订阅抓取结果统计:
[2025-10-15 08:02:00] 共 60 条RSS, 成功抓取 52 条.
[2025-10-15 08:02:00] ✘ 有 7 条订阅解析失败:
[2025-10-15 08:02:00] - https://tumutanzi.com/feed
[2025-10-15 08:02:00] - https://tcxx.info/feed
[2025-10-15 08:02:00] - https://geekinney.com/index.xml
[2025-10-15 08:02:00] - https://suus.me/index.xml
[2025-10-15 08:02:00] - https://yinwang1.substack.com/feed
[2025-10-15 08:02:00] - https://skywind.me/blog/feed
[2025-10-15 08:02:00] - https://botanwang.com/rss.xml
[2025-10-15 08:02:00] ✘ 有 1 条订阅为空:
[2025-10-15 08:02:00] - http://feeds.feedburner.com/zhihu-daily
[2025-10-15 08:02:00] ✘ 有 1 条订阅头像字段为空, 已使用默认头像:
[2025-10-15 08:02:00] - https://feed.cnblogs.com/blog/u/66551/rss/
[2025-10-15 08:02:00] ✘ 有 2 条订阅头像无法访问, 已使用默认头像:
[2025-10-15 08:02:00] - http://feeds.feedburner.com/ruanyifeng
[2025-10-15 08:02:00] - https://www.douban.com/feed/review/book
[2025-10-15 09:01:50] 本次订阅抓取结果统计:
[2025-10-15 09:01:50] 共 60 条RSS, 成功抓取 52 条.
[2025-10-15 09:01:50] ✘ 有 7 条订阅解析失败:
[2025-10-15 09:01:50] - https://tumutanzi.com/feed
[2025-10-15 09:01:50] - https://tcxx.info/feed
[2025-10-15 09:01:50] - https://geekinney.com/index.xml
[2025-10-15 09:01:50] - https://suus.me/index.xml
[2025-10-15 09:01:50] - https://yinwang1.substack.com/feed
[2025-10-15 09:01:50] - https://botanwang.com/rss.xml
[2025-10-15 09:01:50] - https://skywind.me/blog/feed
[2025-10-15 09:01:50] ✘ 有 1 条订阅为空:
[2025-10-15 09:01:50] - http://feeds.feedburner.com/zhihu-daily
[2025-10-15 09:01:50] ✘ 有 1 条订阅头像字段为空, 已使用默认头像:
[2025-10-15 09:01:50] - https://feed.cnblogs.com/blog/u/66551/rss/
[2025-10-15 09:01:50] ✘ 有 2 条订阅头像无法访问, 已使用默认头像:
[2025-10-15 09:01:50] - http://feeds.feedburner.com/ruanyifeng
[2025-10-15 09:01:50] - https://www.douban.com/feed/review/book
[2025-10-15 10:01:58] 抓取到的文章与现有数据相同，无需更新。
[2025-10-15 11:01:56] 抓取到的文章与现有数据相同，无需更新。
[2025-10-15 12:02:37] 抓取到的文章与现有数据相同，无需更新。
[2025-10-15 13:10:54] 抓取到的文章与现有数据相同，无需更新。
[2025-10-15 14:02:13] 抓取到的文章与现有数据相同，无需更新。
[2025-10-15 15:02:03] 本次订阅抓取结果统计:
[2025-10-15 15:02:03] 共 60 条RSS, 成功抓取 52 条.
[2025-10-15 15:02:03] ✘ 有 7 条订阅解析失败:
[2025-10-15 15:02:03] - https://tumutanzi.com/feed
[2025-10-15 15:02:03] - https://tcxx.info/feed
[2025-10-15 15:02:03] - https://geekinney.com/index.xml
[2025-10-15 15:02:03] - https://suus.me/index.xml
[2025-10-15 15:02:03] - https://yinwang1.substack.com/feed
[2025-10-15 15:02:03] - https://botanwang.com/rss.xml
[2025-10-15 15:02:03] - https://skywind.me/blog/feed
[2025-10-15 15:02:03] ✘ 有 1 条订阅为空:
[2025-10-15 15:02:03] - http://feeds.feedburner.com/zhihu-daily
[2025-10-15 15:02:03] ✘ 有 1 条订阅头像字段为空, 已使用默认头像:
[2025-10-15 15:02:03] - https://feed.cnblogs.com/blog/u/66551/rss/
[2025-10-15 15:02:03] ✘ 有 2 条订阅头像无法访问, 已使用默认头像:
[2025-10-15 15:02:03] - http://feeds.feedburner.com/ruanyifeng
[2025-10-15 15:02:03] - https://www.douban.com/feed/review/book
