[2025-10-10 00:04:57] 抓取到的文章与现有数据相同，无需更新。
[2025-10-10 01:29:24] 本次订阅抓取结果统计:
[2025-10-10 01:29:24] 共 60 条RSS, 成功抓取 53 条.
[2025-10-10 01:29:24] ✘ 有 6 条订阅解析失败:
[2025-10-10 01:29:24] - https://tumutanzi.com/feed
[2025-10-10 01:29:24] - https://tcxx.info/feed
[2025-10-10 01:29:24] - https://geekinney.com/index.xml
[2025-10-10 01:29:24] - https://suus.me/index.xml
[2025-10-10 01:29:24] - https://yinwang1.substack.com/feed
[2025-10-10 01:29:24] - https://botanwang.com/rss.xml
[2025-10-10 01:29:24] ✘ 有 1 条订阅为空:
[2025-10-10 01:29:24] - http://feeds.feedburner.com/zhihu-daily
[2025-10-10 01:29:24] ✘ 有 1 条订阅头像字段为空, 已使用默认头像:
[2025-10-10 01:29:24] - https://feed.cnblogs.com/blog/u/66551/rss/
[2025-10-10 01:29:24] ✘ 有 7 条订阅头像无法访问, 已使用默认头像:
[2025-10-10 01:29:24] - http://feeds.feedburner.com/ruanyifeng
[2025-10-10 01:29:24] - https://www.loyhome.com/feed
[2025-10-10 01:29:24] - https://a4.zyzhang.com/index.xml
[2025-10-10 01:29:24] - https://skywind.me/blog/feed
[2025-10-10 01:29:24] - https://laike9m.com/blog/rss/
[2025-10-10 01:29:24] - https://www.douban.com/feed/review/book
[2025-10-10 01:29:24] - https://www.mrhe.net/feed
[2025-10-10 02:27:16] 抓取到的文章与现有数据相同，无需更新。
[2025-10-10 03:14:31] 本次订阅抓取结果统计:
[2025-10-10 03:14:31] 共 60 条RSS, 成功抓取 53 条.
[2025-10-10 03:14:31] ✘ 有 6 条订阅解析失败:
[2025-10-10 03:14:31] - https://tcxx.info/feed
[2025-10-10 03:14:31] - https://tumutanzi.com/feed
[2025-10-10 03:14:31] - https://geekinney.com/index.xml
[2025-10-10 03:14:31] - https://suus.me/index.xml
[2025-10-10 03:14:31] - https://yinwang1.substack.com/feed
[2025-10-10 03:14:31] - https://botanwang.com/rss.xml
[2025-10-10 03:14:31] ✘ 有 1 条订阅为空:
[2025-10-10 03:14:31] - http://feeds.feedburner.com/zhihu-daily
[2025-10-10 03:14:31] ✘ 有 1 条订阅头像字段为空, 已使用默认头像:
[2025-10-10 03:14:31] - https://feed.cnblogs.com/blog/u/66551/rss/
[2025-10-10 03:14:31] ✘ 有 7 条订阅头像无法访问, 已使用默认头像:
[2025-10-10 03:14:31] - https://www.loyhome.com/feed
[2025-10-10 03:14:31] - http://feeds.feedburner.com/ruanyifeng
[2025-10-10 03:14:31] - https://a4.zyzhang.com/index.xml
[2025-10-10 03:14:31] - https://laike9m.com/blog/rss/
[2025-10-10 03:14:31] - https://skywind.me/blog/feed
[2025-10-10 03:14:31] - https://www.douban.com/feed/review/book
[2025-10-10 03:14:31] - https://www.mrhe.net/feed
[2025-10-10 04:02:04] 本次订阅抓取结果统计:
[2025-10-10 04:02:04] 共 60 条RSS, 成功抓取 51 条.
[2025-10-10 04:02:04] ✘ 有 8 条订阅解析失败:
[2025-10-10 04:02:04] - https://ihaihe.cn/feed
[2025-10-10 04:02:04] - https://tcxx.info/feed
[2025-10-10 04:02:04] - https://tumutanzi.com/feed
[2025-10-10 04:02:04] - https://geekinney.com/index.xml
[2025-10-10 04:02:04] - https://suus.me/index.xml
[2025-10-10 04:02:04] - https://yinwang1.substack.com/feed
[2025-10-10 04:02:04] - https://botanwang.com/rss.xml
[2025-10-10 04:02:04] - https://www.douban.com/feed/review/book
[2025-10-10 04:02:04] ✘ 有 1 条订阅为空:
[2025-10-10 04:02:04] - http://feeds.feedburner.com/zhihu-daily
[2025-10-10 04:02:04] ✘ 有 1 条订阅头像字段为空, 已使用默认头像:
[2025-10-10 04:02:04] - https://feed.cnblogs.com/blog/u/66551/rss/
[2025-10-10 04:02:04] ✘ 有 6 条订阅头像无法访问, 已使用默认头像:
[2025-10-10 04:02:04] - https://www.loyhome.com/feed
[2025-10-10 04:02:04] - http://feeds.feedburner.com/ruanyifeng
[2025-10-10 04:02:04] - https://a4.zyzhang.com/index.xml
[2025-10-10 04:02:04] - https://laike9m.com/blog/rss/
[2025-10-10 04:02:04] - https://skywind.me/blog/feed
[2025-10-10 04:02:04] - https://www.mrhe.net/feed
[2025-10-10 05:01:58] 本次订阅抓取结果统计:
[2025-10-10 05:01:58] 共 60 条RSS, 成功抓取 52 条.
[2025-10-10 05:01:58] ✘ 有 7 条订阅解析失败:
[2025-10-10 05:01:58] - https://tumutanzi.com/feed
[2025-10-10 05:01:58] - https://tcxx.info/feed
[2025-10-10 05:01:58] - https://ihaihe.cn/feed
[2025-10-10 05:01:58] - https://geekinney.com/index.xml
[2025-10-10 05:01:58] - https://suus.me/index.xml
[2025-10-10 05:01:58] - https://yinwang1.substack.com/feed
[2025-10-10 05:01:58] - https://botanwang.com/rss.xml
[2025-10-10 05:01:58] ✘ 有 1 条订阅为空:
[2025-10-10 05:01:58] - http://feeds.feedburner.com/zhihu-daily
[2025-10-10 05:01:58] ✘ 有 1 条订阅头像字段为空, 已使用默认头像:
[2025-10-10 05:01:58] - https://feed.cnblogs.com/blog/u/66551/rss/
[2025-10-10 05:01:58] ✘ 有 7 条订阅头像无法访问, 已使用默认头像:
[2025-10-10 05:01:58] - https://www.loyhome.com/feed
[2025-10-10 05:01:58] - http://feeds.feedburner.com/ruanyifeng
[2025-10-10 05:01:58] - https://a4.zyzhang.com/index.xml
[2025-10-10 05:01:58] - https://laike9m.com/blog/rss/
[2025-10-10 05:01:58] - https://skywind.me/blog/feed
[2025-10-10 05:01:58] - https://www.mrhe.net/feed
[2025-10-10 05:01:58] - https://www.douban.com/feed/review/book
