[2025-11-24 00:04:42] 抓取到的文章与现有数据相同，无需更新。
[2025-11-24 01:29:52] 抓取到的文章与现有数据相同，无需更新。
[2025-11-24 02:33:30] 本次订阅抓取结果统计:
[2025-11-24 02:33:30] 共 30 条RSS, 成功抓取 26 条.
[2025-11-24 02:33:30] ✘ 有 3 条订阅解析失败:
[2025-11-24 02:33:30] - https://tumutanzi.com/feed
[2025-11-24 02:33:30] - https://geekinney.com/index.xml
[2025-11-24 02:33:30] - https://suus.me/atom.xml
[2025-11-24 02:33:30] ✘ 有 1 条订阅为空:
[2025-11-24 02:33:30] - http://feeds.feedburner.com/zhihu-daily
[2025-11-24 03:28:56] 抓取到的文章与现有数据相同，无需更新。
[2025-11-24 04:10:58] 抓取到的文章与现有数据相同，无需更新。
[2025-11-24 05:02:20] 抓取到的文章与现有数据相同，无需更新。
[2025-11-24 06:02:23] 抓取到的文章与现有数据相同，无需更新。
[2025-11-24 07:01:46] 本次订阅抓取结果统计:
[2025-11-24 07:01:46] 共 30 条RSS, 成功抓取 26 条.
[2025-11-24 07:01:46] ✘ 有 3 条订阅解析失败:
[2025-11-24 07:01:46] - https://tumutanzi.com/feed
[2025-11-24 07:01:46] - https://geekinney.com/index.xml
[2025-11-24 07:01:46] - https://suus.me/atom.xml
[2025-11-24 07:01:46] ✘ 有 1 条订阅为空:
[2025-11-24 07:01:46] - http://feeds.feedburner.com/zhihu-daily
[2025-11-24 08:02:05] 抓取到的文章与现有数据相同，无需更新。
[2025-11-24 09:02:28] 本次订阅抓取结果统计:
[2025-11-24 09:02:28] 共 30 条RSS, 成功抓取 26 条.
[2025-11-24 09:02:28] ✘ 有 3 条订阅解析失败:
[2025-11-24 09:02:28] - https://tumutanzi.com/feed
[2025-11-24 09:02:28] - https://geekinney.com/index.xml
[2025-11-24 09:02:28] - https://suus.me/atom.xml
[2025-11-24 09:02:28] ✘ 有 1 条订阅为空:
[2025-11-24 09:02:28] - http://feeds.feedburner.com/zhihu-daily
[2025-11-24 10:01:56] 抓取到的文章与现有数据相同，无需更新。
[2025-11-24 11:07:08] 本次订阅抓取结果统计:
[2025-11-24 11:07:08] 共 30 条RSS, 成功抓取 25 条.
[2025-11-24 11:07:08] ✘ 有 4 条订阅解析失败:
[2025-11-24 11:07:08] - https://tumutanzi.com/feed
[2025-11-24 11:07:08] - https://geekinney.com/index.xml
[2025-11-24 11:07:08] - https://suus.me/atom.xml
[2025-11-24 11:07:08] - https://www.shephe.com/feed
[2025-11-24 11:07:08] ✘ 有 1 条订阅为空:
[2025-11-24 11:07:08] - http://feeds.feedburner.com/zhihu-daily
[2025-11-24 12:02:19] 抓取到的文章与现有数据相同，无需更新。
[2025-11-24 13:22:30] 抓取到的文章与现有数据相同，无需更新。
[2025-11-24 14:01:55] 本次订阅抓取结果统计:
[2025-11-24 14:01:55] 共 30 条RSS, 成功抓取 25 条.
[2025-11-24 14:01:55] ✘ 有 4 条订阅解析失败:
[2025-11-24 14:01:55] - https://tumutanzi.com/feed
[2025-11-24 14:01:55] - https://geekinney.com/index.xml
[2025-11-24 14:01:55] - https://suus.me/atom.xml
[2025-11-24 14:01:55] - https://www.shephe.com/feed
[2025-11-24 14:01:55] ✘ 有 1 条订阅为空:
[2025-11-24 14:01:55] - http://feeds.feedburner.com/zhihu-daily
[2025-11-24 15:02:05] 本次订阅抓取结果统计:
[2025-11-24 15:02:05] 共 30 条RSS, 成功抓取 26 条.
[2025-11-24 15:02:05] ✘ 有 3 条订阅解析失败:
[2025-11-24 15:02:05] - https://tumutanzi.com/feed
[2025-11-24 15:02:05] - https://geekinney.com/index.xml
[2025-11-24 15:02:05] - https://suus.me/atom.xml
[2025-11-24 15:02:05] ✘ 有 1 条订阅为空:
[2025-11-24 15:02:05] - http://feeds.feedburner.com/zhihu-daily
[2025-11-24 16:01:54] 抓取到的文章与现有数据相同，无需更新。
