[2025-09-01 00:05:12] 本次订阅抓取结果统计:
[2025-09-01 00:05:12] 共 57 条RSS, 成功抓取 52 条.
[2025-09-01 00:05:12] ✘ 有 5 条订阅解析失败:
[2025-09-01 00:05:12] - https://tcxx.info/feed
[2025-09-01 00:05:12] - https://tumutanzi.com/feed
[2025-09-01 00:05:12] - https://geekinney.com/index.xml
[2025-09-01 00:05:12] - https://yinwang1.substack.com/feed
[2025-09-01 00:05:12] - https://botanwang.com/rss.xml
[2025-09-01 00:05:12] ✘ 有 1 条订阅头像字段为空, 已使用默认头像:
[2025-09-01 00:05:12] - https://feed.cnblogs.com/blog/u/66551/rss/
[2025-09-01 00:05:12] ✘ 有 8 条订阅头像无法访问, 已使用默认头像:
[2025-09-01 00:05:12] - https://hwv430.blogspot.com/feeds/posts/default
[2025-09-01 00:05:12] - http://feeds.feedburner.com/ruanyifeng
[2025-09-01 00:05:12] - https://www.loyhome.com/feed
[2025-09-01 00:05:12] - https://a4.zyzhang.com/index.xml
[2025-09-01 00:05:12] - https://www.geedea.pro/index.xml
[2025-09-01 00:05:12] - https://skywind.me/blog/feed
[2025-09-01 00:05:12] - https://laike9m.com/blog/rss/
[2025-09-01 00:05:12] - https://www.douban.com/feed/review/book
[2025-09-01 01:30:04] 本次订阅抓取结果统计:
[2025-09-01 01:30:04] 共 57 条RSS, 成功抓取 52 条.
[2025-09-01 01:30:04] ✘ 有 5 条订阅解析失败:
[2025-09-01 01:30:04] - https://tcxx.info/feed
[2025-09-01 01:30:04] - https://tumutanzi.com/feed
[2025-09-01 01:30:04] - https://geekinney.com/index.xml
[2025-09-01 01:30:04] - https://yinwang1.substack.com/feed
[2025-09-01 01:30:04] - https://botanwang.com/rss.xml
[2025-09-01 01:30:04] ✘ 有 1 条订阅头像字段为空, 已使用默认头像:
[2025-09-01 01:30:04] - https://feed.cnblogs.com/blog/u/66551/rss/
[2025-09-01 01:30:04] ✘ 有 8 条订阅头像无法访问, 已使用默认头像:
[2025-09-01 01:30:04] - https://hwv430.blogspot.com/feeds/posts/default
[2025-09-01 01:30:04] - http://feeds.feedburner.com/ruanyifeng
[2025-09-01 01:30:04] - https://www.loyhome.com/feed
[2025-09-01 01:30:04] - https://a4.zyzhang.com/index.xml
[2025-09-01 01:30:04] - https://www.geedea.pro/index.xml
[2025-09-01 01:30:04] - https://skywind.me/blog/feed
[2025-09-01 01:30:04] - https://laike9m.com/blog/rss/
[2025-09-01 01:30:04] - https://www.douban.com/feed/review/book
