[2025-10-27 00:04:48] 抓取到的文章与现有数据相同，无需更新。
[2025-10-27 01:30:35] 本次订阅抓取结果统计:
[2025-10-27 01:30:35] 共 63 条RSS, 成功抓取 55 条.
[2025-10-27 01:30:35] ✘ 有 7 条订阅解析失败:
[2025-10-27 01:30:35] - https://tumutanzi.com/feed
[2025-10-27 01:30:35] - https://tcxx.info/feed
[2025-10-27 01:30:35] - https://suus.me/index.xml
[2025-10-27 01:30:35] - https://geekinney.com/index.xml
[2025-10-27 01:30:35] - https://yinwang1.substack.com/feed
[2025-10-27 01:30:35] - https://botanwang.com/rss.xml
[2025-10-27 01:30:35] - https://www.douban.com/feed/review/book
[2025-10-27 01:30:35] ✘ 有 1 条订阅为空:
[2025-10-27 01:30:35] - http://feeds.feedburner.com/zhihu-daily
[2025-10-27 01:30:35] ✘ 有 1 条订阅头像字段为空, 已使用默认头像:
[2025-10-27 01:30:35] - https://feed.cnblogs.com/blog/u/66551/rss/
[2025-10-27 01:30:35] ✘ 有 2 条订阅头像无法访问, 已使用默认头像:
[2025-10-27 01:30:35] - http://feeds.feedburner.com/ruanyifeng
[2025-10-27 01:30:35] - https://skywind.me/blog/feed
[2025-10-27 02:31:58] 本次订阅抓取结果统计:
[2025-10-27 02:31:58] 共 63 条RSS, 成功抓取 56 条.
[2025-10-27 02:31:58] ✘ 有 6 条订阅解析失败:
[2025-10-27 02:31:58] - https://tumutanzi.com/feed
[2025-10-27 02:31:58] - https://tcxx.info/feed
[2025-10-27 02:31:58] - https://suus.me/index.xml
[2025-10-27 02:31:58] - https://geekinney.com/index.xml
[2025-10-27 02:31:58] - https://yinwang1.substack.com/feed
[2025-10-27 02:31:58] - https://botanwang.com/rss.xml
[2025-10-27 02:31:58] ✘ 有 1 条订阅为空:
[2025-10-27 02:31:58] - http://feeds.feedburner.com/zhihu-daily
[2025-10-27 02:31:58] ✘ 有 1 条订阅头像字段为空, 已使用默认头像:
[2025-10-27 02:31:58] - https://feed.cnblogs.com/blog/u/66551/rss/
[2025-10-27 02:31:58] ✘ 有 3 条订阅头像无法访问, 已使用默认头像:
[2025-10-27 02:31:58] - http://feeds.feedburner.com/ruanyifeng
[2025-10-27 02:31:58] - https://skywind.me/blog/feed
[2025-10-27 02:31:58] - https://www.douban.com/feed/review/book
[2025-10-27 03:26:25] 抓取到的文章与现有数据相同，无需更新。
[2025-10-27 04:07:29] 本次订阅抓取结果统计:
[2025-10-27 04:07:29] 共 63 条RSS, 成功抓取 56 条.
[2025-10-27 04:07:29] ✘ 有 6 条订阅解析失败:
[2025-10-27 04:07:29] - https://tumutanzi.com/feed
[2025-10-27 04:07:29] - https://tcxx.info/feed
[2025-10-27 04:07:29] - https://geekinney.com/index.xml
[2025-10-27 04:07:29] - https://suus.me/index.xml
[2025-10-27 04:07:29] - https://yinwang1.substack.com/feed
[2025-10-27 04:07:29] - https://botanwang.com/rss.xml
[2025-10-27 04:07:29] ✘ 有 1 条订阅为空:
[2025-10-27 04:07:29] - http://feeds.feedburner.com/zhihu-daily
[2025-10-27 04:07:29] ✘ 有 1 条订阅头像字段为空, 已使用默认头像:
[2025-10-27 04:07:29] - https://feed.cnblogs.com/blog/u/66551/rss/
[2025-10-27 04:07:29] ✘ 有 3 条订阅头像无法访问, 已使用默认头像:
[2025-10-27 04:07:29] - http://feeds.feedburner.com/ruanyifeng
[2025-10-27 04:07:29] - https://skywind.me/blog/feed
[2025-10-27 04:07:29] - https://www.douban.com/feed/review/book
[2025-10-27 05:02:02] 抓取到的文章与现有数据相同，无需更新。
[2025-10-27 06:02:19] 本次订阅抓取结果统计:
[2025-10-27 06:02:19] 共 63 条RSS, 成功抓取 55 条.
[2025-10-27 06:02:19] ✘ 有 7 条订阅解析失败:
[2025-10-27 06:02:19] - https://tumutanzi.com/feed
[2025-10-27 06:02:19] - https://tcxx.info/feed
[2025-10-27 06:02:19] - https://geekinney.com/index.xml
[2025-10-27 06:02:19] - https://suus.me/index.xml
[2025-10-27 06:02:19] - https://yinwang1.substack.com/feed
[2025-10-27 06:02:19] - https://botanwang.com/rss.xml
[2025-10-27 06:02:19] - https://www.douban.com/feed/review/book
[2025-10-27 06:02:19] ✘ 有 1 条订阅为空:
[2025-10-27 06:02:19] - http://feeds.feedburner.com/zhihu-daily
[2025-10-27 06:02:19] ✘ 有 1 条订阅头像字段为空, 已使用默认头像:
[2025-10-27 06:02:19] - https://feed.cnblogs.com/blog/u/66551/rss/
[2025-10-27 06:02:19] ✘ 有 2 条订阅头像无法访问, 已使用默认头像:
[2025-10-27 06:02:19] - http://feeds.feedburner.com/ruanyifeng
[2025-10-27 06:02:19] - https://skywind.me/blog/feed
