[2025-05-04 01:27:50] 本次订阅抓取结果统计:
[2025-05-04 01:27:50] 共 28 条RSS, 成功抓取 27 条.
[2025-05-04 01:27:50] ✘ 有 1 条订阅解析失败:
[2025-05-04 01:27:50] - https://tcxx.info/feed
[2025-05-04 01:27:50] ✘ 有 2 条订阅头像无法访问, 已使用默认头像:
[2025-05-04 01:27:50] - http://feeds.feedburner.com/ruanyifeng
[2025-05-04 01:27:50] - https://www.loyhome.com/feed
[2025-05-04 03:15:07] 本次订阅抓取结果统计:
[2025-05-04 03:15:07] 共 28 条RSS, 成功抓取 27 条.
[2025-05-04 03:15:07] ✘ 有 1 条订阅解析失败:
[2025-05-04 03:15:07] - https://tcxx.info/feed
[2025-05-04 03:15:07] ✘ 有 2 条订阅头像无法访问, 已使用默认头像:
[2025-05-04 03:15:07] - http://feeds.feedburner.com/ruanyifeng
[2025-05-04 03:15:07] - https://www.loyhome.com/feed
[2025-05-04 04:20:52] 本次订阅抓取结果统计:
[2025-05-04 04:20:52] 共 28 条RSS, 成功抓取 27 条.
[2025-05-04 04:20:52] ✘ 有 1 条订阅解析失败:
[2025-05-04 04:20:52] - https://tcxx.info/feed
[2025-05-04 04:20:52] ✘ 有 2 条订阅头像无法访问, 已使用默认头像:
[2025-05-04 04:20:52] - http://feeds.feedburner.com/ruanyifeng
[2025-05-04 04:20:52] - https://www.loyhome.com/feed
[2025-05-04 05:16:37] 本次订阅抓取结果统计:
[2025-05-04 05:16:37] 共 28 条RSS, 成功抓取 27 条.
[2025-05-04 05:16:37] ✘ 有 1 条订阅解析失败:
[2025-05-04 05:16:37] - https://tcxx.info/feed
[2025-05-04 05:16:37] ✘ 有 2 条订阅头像无法访问, 已使用默认头像:
[2025-05-04 05:16:37] - http://feeds.feedburner.com/ruanyifeng
[2025-05-04 05:16:37] - https://www.loyhome.com/feed
[2025-05-04 06:23:14] 本次订阅抓取结果统计:
[2025-05-04 06:23:14] 共 28 条RSS, 成功抓取 27 条.
[2025-05-04 06:23:14] ✘ 有 1 条订阅解析失败:
[2025-05-04 06:23:14] - https://tcxx.info/feed
[2025-05-04 06:23:14] ✘ 有 2 条订阅头像无法访问, 已使用默认头像:
[2025-05-04 06:23:14] - http://feeds.feedburner.com/ruanyifeng
[2025-05-04 06:23:14] - https://www.loyhome.com/feed
[2025-05-04 07:15:24] 本次订阅抓取结果统计:
[2025-05-04 07:15:24] 共 28 条RSS, 成功抓取 27 条.
[2025-05-04 07:15:24] ✘ 有 1 条订阅解析失败:
[2025-05-04 07:15:24] - https://tcxx.info/feed
[2025-05-04 07:15:24] ✘ 有 2 条订阅头像无法访问, 已使用默认头像:
[2025-05-04 07:15:24] - http://feeds.feedburner.com/ruanyifeng
[2025-05-04 07:15:24] - https://www.loyhome.com/feed
[2025-05-04 08:20:14] 本次订阅抓取结果统计:
[2025-05-04 08:20:14] 共 28 条RSS, 成功抓取 26 条.
[2025-05-04 08:20:14] ✘ 有 2 条订阅解析失败:
[2025-05-04 08:20:14] - https://tcxx.info/feed
[2025-05-04 08:20:14] - https://limboy.me/index.xml
[2025-05-04 08:20:14] ✘ 有 2 条订阅头像无法访问, 已使用默认头像:
[2025-05-04 08:20:14] - http://feeds.feedburner.com/ruanyifeng
[2025-05-04 08:20:14] - https://www.loyhome.com/feed
