[2025-08-02 00:04:20] 抓取到的文章与现有数据相同，无需更新。
[2025-08-02 01:29:48] 本次订阅抓取结果统计:
[2025-08-02 01:29:48] 共 51 条RSS, 成功抓取 46 条.
[2025-08-02 01:29:48] ✘ 有 5 条订阅解析失败:
[2025-08-02 01:29:48] - https://tcxx.info/feed
[2025-08-02 01:29:48] - https://tumutanzi.com/feed
[2025-08-02 01:29:48] - https://www.williamlong.info/rss.xml
[2025-08-02 01:29:48] - https://yinwang1.substack.com/feed
[2025-08-02 01:29:48] - https://www.douban.com/feed/review/book
[2025-08-02 01:29:48] ✘ 有 5 条订阅头像无法访问, 已使用默认头像:
[2025-08-02 01:29:48] - http://feeds.feedburner.com/ruanyifeng
[2025-08-02 01:29:48] - https://www.loyhome.com/feed
[2025-08-02 01:29:48] - https://a4.zyzhang.com/index.xml
[2025-08-02 01:29:48] - https://www.geedea.pro/index.xml
[2025-08-02 01:29:48] - https://feeds.appinn.com/appinns/
[2025-08-02 02:36:07] 本次订阅抓取结果统计:
[2025-08-02 02:36:07] 共 51 条RSS, 成功抓取 46 条.
[2025-08-02 02:36:07] ✘ 有 5 条订阅解析失败:
[2025-08-02 02:36:07] - https://tumutanzi.com/feed
[2025-08-02 02:36:07] - https://tcxx.info/feed
[2025-08-02 02:36:07] - https://www.williamlong.info/rss.xml
[2025-08-02 02:36:07] - https://yinwang1.substack.com/feed
[2025-08-02 02:36:07] - https://wangpei.net/feed
[2025-08-02 02:36:07] ✘ 有 6 条订阅头像无法访问, 已使用默认头像:
[2025-08-02 02:36:07] - http://feeds.feedburner.com/ruanyifeng
[2025-08-02 02:36:07] - https://www.loyhome.com/feed
[2025-08-02 02:36:07] - https://a4.zyzhang.com/index.xml
[2025-08-02 02:36:07] - https://www.geedea.pro/index.xml
[2025-08-02 02:36:07] - https://feeds.appinn.com/appinns/
[2025-08-02 02:36:07] - https://www.douban.com/feed/review/book
[2025-08-02 03:28:43] 本次订阅抓取结果统计:
[2025-08-02 03:28:43] 共 51 条RSS, 成功抓取 47 条.
[2025-08-02 03:28:43] ✘ 有 4 条订阅解析失败:
[2025-08-02 03:28:43] - https://tcxx.info/feed
[2025-08-02 03:28:43] - https://tumutanzi.com/feed
[2025-08-02 03:28:43] - https://www.williamlong.info/rss.xml
[2025-08-02 03:28:43] - https://yinwang1.substack.com/feed
[2025-08-02 03:28:43] ✘ 有 6 条订阅头像无法访问, 已使用默认头像:
[2025-08-02 03:28:43] - http://feeds.feedburner.com/ruanyifeng
[2025-08-02 03:28:43] - https://www.loyhome.com/feed
[2025-08-02 03:28:43] - https://a4.zyzhang.com/index.xml
[2025-08-02 03:28:43] - https://www.geedea.pro/index.xml
[2025-08-02 03:28:43] - https://www.douban.com/feed/review/book
[2025-08-02 03:28:43] - https://feeds.appinn.com/appinns/
[2025-08-02 04:11:47] 本次订阅抓取结果统计:
[2025-08-02 04:11:47] 共 51 条RSS, 成功抓取 47 条.
[2025-08-02 04:11:47] ✘ 有 4 条订阅解析失败:
[2025-08-02 04:11:47] - https://tcxx.info/feed
[2025-08-02 04:11:47] - https://tumutanzi.com/feed
[2025-08-02 04:11:47] - https://www.williamlong.info/rss.xml
[2025-08-02 04:11:47] - https://yinwang1.substack.com/feed
[2025-08-02 04:11:47] ✘ 有 5 条订阅头像无法访问, 已使用默认头像:
[2025-08-02 04:11:47] - http://feeds.feedburner.com/ruanyifeng
[2025-08-02 04:11:47] - https://www.loyhome.com/feed
[2025-08-02 04:11:47] - https://a4.zyzhang.com/index.xml
[2025-08-02 04:11:47] - https://www.geedea.pro/index.xml
[2025-08-02 04:11:47] - https://www.douban.com/feed/review/book
[2025-08-02 05:04:19] 抓取到的文章与现有数据相同，无需更新。
[2025-08-02 06:01:56] 抓取到的文章与现有数据相同，无需更新。
[2025-08-02 07:02:07] 抓取到的文章与现有数据相同，无需更新。
[2025-08-02 08:02:04] 本次订阅抓取结果统计:
[2025-08-02 08:02:04] 共 51 条RSS, 成功抓取 47 条.
[2025-08-02 08:02:04] ✘ 有 4 条订阅解析失败:
[2025-08-02 08:02:04] - https://tcxx.info/feed
[2025-08-02 08:02:04] - https://tumutanzi.com/feed
[2025-08-02 08:02:04] - https://www.williamlong.info/rss.xml
[2025-08-02 08:02:04] - https://yinwang1.substack.com/feed
[2025-08-02 08:02:04] ✘ 有 5 条订阅头像无法访问, 已使用默认头像:
[2025-08-02 08:02:04] - http://feeds.feedburner.com/ruanyifeng
[2025-08-02 08:02:04] - https://www.loyhome.com/feed
[2025-08-02 08:02:04] - https://a4.zyzhang.com/index.xml
[2025-08-02 08:02:04] - https://www.geedea.pro/index.xml
[2025-08-02 08:02:04] - https://www.douban.com/feed/review/book
[2025-08-02 09:02:24] 抓取到的文章与现有数据相同，无需更新。
[2025-08-02 10:01:35] 本次订阅抓取结果统计:
[2025-08-02 10:01:35] 共 51 条RSS, 成功抓取 47 条.
[2025-08-02 10:01:35] ✘ 有 4 条订阅解析失败:
[2025-08-02 10:01:35] - https://tumutanzi.com/feed
[2025-08-02 10:01:35] - https://tcxx.info/feed
[2025-08-02 10:01:35] - https://www.williamlong.info/rss.xml
[2025-08-02 10:01:35] - https://yinwang1.substack.com/feed
[2025-08-02 10:01:35] ✘ 有 6 条订阅头像无法访问, 已使用默认头像:
[2025-08-02 10:01:35] - http://feeds.feedburner.com/ruanyifeng
[2025-08-02 10:01:35] - https://www.loyhome.com/feed
[2025-08-02 10:01:35] - https://a4.zyzhang.com/index.xml
[2025-08-02 10:01:35] - https://www.geedea.pro/index.xml
[2025-08-02 10:01:35] - https://feeds.appinn.com/appinns/
[2025-08-02 10:01:35] - https://www.douban.com/feed/review/book
[2025-08-02 11:01:41] 本次订阅抓取结果统计:
[2025-08-02 11:01:41] 共 51 条RSS, 成功抓取 47 条.
[2025-08-02 11:01:41] ✘ 有 4 条订阅解析失败:
[2025-08-02 11:01:41] - https://tcxx.info/feed
[2025-08-02 11:01:41] - https://tumutanzi.com/feed
[2025-08-02 11:01:41] - https://www.williamlong.info/rss.xml
[2025-08-02 11:01:41] - https://yinwang1.substack.com/feed
[2025-08-02 11:01:41] ✘ 有 5 条订阅头像无法访问, 已使用默认头像:
[2025-08-02 11:01:41] - http://feeds.feedburner.com/ruanyifeng
[2025-08-02 11:01:41] - https://www.loyhome.com/feed
[2025-08-02 11:01:41] - https://a4.zyzhang.com/index.xml
[2025-08-02 11:01:41] - https://www.geedea.pro/index.xml
[2025-08-02 11:01:41] - https://www.douban.com/feed/review/book
