[2025-11-26 00:04:34] 抓取到的文章与现有数据相同，无需更新。
[2025-11-26 01:29:27] 抓取到的文章与现有数据相同，无需更新。
[2025-11-26 02:31:12] 抓取到的文章与现有数据相同，无需更新。
[2025-11-26 03:22:54] 抓取到的文章与现有数据相同，无需更新。
[2025-11-26 04:05:26] [WARN] 加载头像映射失败: failed to fetch avatar map: Get "https://cos.lhasa.icu/lhasaRSS/avatar.json": context deadline exceeded (Client.Timeout exceeded while awaiting headers)
[2025-11-26 04:05:49] 本次订阅抓取结果统计:
[2025-11-26 04:05:49] 共 31 条RSS, 成功抓取 28 条.
[2025-11-26 04:05:49] ✘ 有 3 条订阅解析失败:
[2025-11-26 04:05:49] - https://tumutanzi.com/feed
[2025-11-26 04:05:49] - https://geekinney.com/index.xml
[2025-11-26 04:05:49] - https://suus.me/atom.xml
[2025-11-26 04:05:49] ✘ 有 4 条订阅头像无法访问, 已使用默认头像:
[2025-11-26 04:05:49] - https://laike9m.com/blog/rss/
[2025-11-26 04:05:49] - https://skywind.me/blog/feed
[2025-11-26 04:05:49] - https://byvoid.com/zhs/feed.xml
[2025-11-26 04:05:49] - https://www.mrhe.net/feed
[2025-11-26 05:01:42] 本次订阅抓取结果统计:
[2025-11-26 05:01:42] 共 31 条RSS, 成功抓取 28 条.
[2025-11-26 05:01:42] ✘ 有 3 条订阅解析失败:
[2025-11-26 05:01:42] - https://tumutanzi.com/feed
[2025-11-26 05:01:42] - https://geekinney.com/index.xml
[2025-11-26 05:01:42] - https://suus.me/atom.xml
[2025-11-26 06:02:02] 抓取到的文章与现有数据相同，无需更新。
[2025-11-26 07:01:54] 本次订阅抓取结果统计:
[2025-11-26 07:01:54] 共 31 条RSS, 成功抓取 28 条.
[2025-11-26 07:01:54] ✘ 有 3 条订阅解析失败:
[2025-11-26 07:01:54] - https://tumutanzi.com/feed
[2025-11-26 07:01:54] - https://geekinney.com/index.xml
[2025-11-26 07:01:54] - https://suus.me/atom.xml
[2025-11-26 08:01:54] 本次订阅抓取结果统计:
[2025-11-26 08:01:54] 共 31 条RSS, 成功抓取 28 条.
[2025-11-26 08:01:54] ✘ 有 3 条订阅解析失败:
[2025-11-26 08:01:54] - https://tumutanzi.com/feed
[2025-11-26 08:01:54] - https://geekinney.com/index.xml
[2025-11-26 08:01:54] - https://suus.me/atom.xml
[2025-11-26 09:02:18] 抓取到的文章与现有数据相同，无需更新。
[2025-11-26 10:01:53] 抓取到的文章与现有数据相同，无需更新。
[2025-11-26 11:01:39] 抓取到的文章与现有数据相同，无需更新。
[2025-11-26 12:02:06] 抓取到的文章与现有数据相同，无需更新。
[2025-11-26 13:13:07] 抓取到的文章与现有数据相同，无需更新。
[2025-11-26 14:01:43] 抓取到的文章与现有数据相同，无需更新。
[2025-11-26 15:01:49] 抓取到的文章与现有数据相同，无需更新。
[2025-11-26 16:01:41] 抓取到的文章与现有数据相同，无需更新。
[2025-11-26 17:02:07] 抓取到的文章与现有数据相同，无需更新。
