[2025-07-01 00:04:53] 本次订阅抓取结果统计:
[2025-07-01 00:04:53] 共 45 条RSS, 成功抓取 44 条.
[2025-07-01 00:04:53] ✘ 有 1 条订阅解析失败:
[2025-07-01 00:04:53] - https://tcxx.info/feed
[2025-07-01 00:04:53] ✘ 有 3 条订阅头像无法访问, 已使用默认头像:
[2025-07-01 00:04:53] - http://feeds.feedburner.com/ruanyifeng
[2025-07-01 00:04:53] - https://www.loyhome.com/feed
[2025-07-01 00:04:53] - https://www.douban.com/feed/review/book
[2025-07-01 01:30:15] 本次订阅抓取结果统计:
[2025-07-01 01:30:15] 共 45 条RSS, 成功抓取 43 条.
[2025-07-01 01:30:15] ✘ 有 2 条订阅解析失败:
[2025-07-01 01:30:15] - https://tcxx.info/feed
[2025-07-01 01:30:15] - https://www.douban.com/feed/review/book
[2025-07-01 01:30:15] ✘ 有 3 条订阅头像无法访问, 已使用默认头像:
[2025-07-01 01:30:15] - http://feeds.feedburner.com/ruanyifeng
[2025-07-01 01:30:15] - https://www.loyhome.com/feed
[2025-07-01 01:30:15] - https://feeds.appinn.com/appinns/
[2025-07-01 02:41:20] 本次订阅抓取结果统计:
[2025-07-01 02:41:20] 共 45 条RSS, 成功抓取 44 条.
[2025-07-01 02:41:20] ✘ 有 1 条订阅解析失败:
[2025-07-01 02:41:20] - https://tcxx.info/feed
[2025-07-01 02:41:20] ✘ 有 3 条订阅头像无法访问, 已使用默认头像:
[2025-07-01 02:41:20] - http://feeds.feedburner.com/ruanyifeng
[2025-07-01 02:41:20] - https://www.loyhome.com/feed
[2025-07-01 02:41:20] - https://www.douban.com/feed/review/book
[2025-07-01 03:29:39] 本次订阅抓取结果统计:
[2025-07-01 03:29:39] 共 45 条RSS, 成功抓取 44 条.
[2025-07-01 03:29:39] ✘ 有 1 条订阅解析失败:
[2025-07-01 03:29:39] - https://tcxx.info/feed
[2025-07-01 03:29:39] ✘ 有 3 条订阅头像无法访问, 已使用默认头像:
[2025-07-01 03:29:39] - http://feeds.feedburner.com/ruanyifeng
[2025-07-01 03:29:39] - https://www.loyhome.com/feed
[2025-07-01 03:29:39] - https://www.douban.com/feed/review/book
[2025-07-01 04:14:03] 本次订阅抓取结果统计:
[2025-07-01 04:14:03] 共 45 条RSS, 成功抓取 44 条.
[2025-07-01 04:14:03] ✘ 有 1 条订阅解析失败:
[2025-07-01 04:14:03] - https://tcxx.info/feed
[2025-07-01 04:14:03] ✘ 有 4 条订阅头像无法访问, 已使用默认头像:
[2025-07-01 04:14:03] - http://feeds.feedburner.com/ruanyifeng
[2025-07-01 04:14:03] - https://www.loyhome.com/feed
[2025-07-01 04:14:03] - https://www.douban.com/feed/review/book
[2025-07-01 04:14:03] - https://feeds.appinn.com/appinns/
