[2025-03-10 08:39:24] 本次订阅抓取结果统计如下：
[2025-03-10 08:39:24] ✅ 成功抓取 20 条订阅。
[2025-03-10 08:39:24] ❌ 有 5 条订阅解析失败/请求失败：
[2025-03-10 08:39:24] - https://wangpei.net/feed
[2025-03-10 08:39:24] - https://www.loyhome.com/feed
[2025-03-10 08:39:24] - https://tumutanzi.com/feed
[2025-03-10 08:39:24] - https://tcxx.info/feed
[2025-03-10 08:39:24] - https://xyzbz.cn/feed
[2025-03-10 09:12:52] 本次订阅抓取结果统计如下：
[2025-03-10 09:12:52] ✅ 成功抓取 21 条订阅。
[2025-03-10 09:12:52] ❌ 有 4 条订阅解析失败：
[2025-03-10 09:12:52] - https://wangpei.net/feed
[2025-03-10 09:12:52] - https://www.loyhome.com/feed
[2025-03-10 09:12:52] - https://tumutanzi.com/feed
[2025-03-10 09:12:52] - https://tcxx.info/feed
[2025-03-10 09:15:08] 本次订阅抓取结果统计如下：
[2025-03-10 09:15:08] ✅ 成功抓取 21 条订阅。
[2025-03-10 09:15:08] ❌ 有 4 条订阅解析失败：
[2025-03-10 09:15:08] - https://wangpei.net/feed
[2025-03-10 09:15:08] - https://www.loyhome.com/feed
[2025-03-10 09:15:08] - https://tcxx.info/feed
[2025-03-10 09:15:08] - https://tumutanzi.com/feed
[2025-03-10 09:20:22] 本次订阅抓取结果统计如下：
[2025-03-10 09:20:22] ✅ 成功抓取 22 条订阅。
[2025-03-10 09:20:22] ❌ 有 3 条订阅解析失败：
[2025-03-10 09:20:22] - https://lingxiankong.github.io/pages/rss.xml
[2025-03-10 09:20:22] - https://tcxx.info/feed
[2025-03-10 09:20:22] - https://tumutanzi.com/feed
[2025-03-10 09:20:22] 🖼️ 有 1 条订阅头像无法访问，已使用默认头像：
[2025-03-10 09:20:22] - https://www.loyhome.com/feed
[2025-03-10 10:15:29] 本次订阅抓取结果统计如下：
[2025-03-10 10:15:29] ✅ 成功抓取 22 条订阅。
[2025-03-10 10:15:29] ❌ 有 3 条订阅解析失败：
[2025-03-10 10:15:29] - https://lingxiankong.github.io/pages/rss.xml
[2025-03-10 10:15:29] - https://tcxx.info/feed
[2025-03-10 10:15:29] - https://tumutanzi.com/feed
[2025-03-10 10:15:29] 🖼️ 有 1 条订阅头像无法访问，已使用默认头像：
[2025-03-10 10:15:29] - https://www.loyhome.com/feed
[2025-03-10 11:11:30] 本次订阅抓取结果统计如下：
[2025-03-10 11:11:30] ✅ 成功抓取 23 条订阅。
[2025-03-10 11:11:30] ❌ 有 2 条订阅解析失败：
[2025-03-10 11:11:30] - https://lingxiankong.github.io/pages/rss.xml
[2025-03-10 11:11:30] - https://tumutanzi.com/feed
[2025-03-10 11:11:30] 🖼️ 有 1 条订阅头像无法访问，已使用默认头像：
[2025-03-10 11:11:30] - https://www.loyhome.com/feed
[2025-03-10 12:32:53] 本次订阅抓取结果统计如下：
[2025-03-10 12:32:53] ✅ 成功抓取 22 条订阅。
[2025-03-10 12:32:53] ❌ 有 3 条订阅解析失败：
[2025-03-10 12:32:53] - https://lingxiankong.github.io/pages/rss.xml
[2025-03-10 12:32:53] - https://tumutanzi.com/feed
[2025-03-10 12:32:53] - https://tcxx.info/feed
[2025-03-10 12:32:53] 🖼️ 有 1 条订阅头像无法访问，已使用默认头像：
[2025-03-10 12:32:53] - https://www.loyhome.com/feed
[2025-03-10 13:25:05] 本次订阅抓取结果统计如下：
[2025-03-10 13:25:05] ✅ 成功抓取 23 条订阅。
[2025-03-10 13:25:05] ❌ 有 2 条订阅解析失败：
[2025-03-10 13:25:05] - https://lingxiankong.github.io/pages/rss.xml
[2025-03-10 13:25:05] - https://tumutanzi.com/feed
[2025-03-10 13:25:05] 🖼️ 有 2 条订阅头像无法访问，已使用默认头像：
[2025-03-10 13:25:05] - https://www.loyhome.com/feed
[2025-03-10 13:25:05] - https://blog.zhheo.com/rss.xml
[2025-03-10 13:43:00] 本次订阅抓取结果统计:
[2025-03-10 13:43:00] 共 25 条RSS, 成功抓取 21 条.
[2025-03-10 13:43:00] ❌ 有 4 条订阅解析失败:
[2025-03-10 13:43:00] - https://lingxiankong.github.io/pages/rss.xml
[2025-03-10 13:43:00] - https://ihaihe.cn/feed
[2025-03-10 13:43:00] - https://tcxx.info/feed
[2025-03-10 13:43:00] - https://xyzbz.cn/feed
[2025-03-10 13:43:00] 🖼️ 有 1 条订阅头像无法访问, 已使用默认头像:
[2025-03-10 13:43:00] - https://www.loyhome.com/feed
[2025-03-10 13:51:48] 本次订阅抓取结果统计:
[2025-03-10 13:51:48] 共 25 条RSS, 成功抓取 22 条.
[2025-03-10 13:51:48] ❌ 有 3 条订阅解析失败:
[2025-03-10 13:51:48] - https://lingxiankong.github.io/pages/rss.xml
[2025-03-10 13:51:48] - https://ihaihe.cn/feed
[2025-03-10 13:51:48] - https://tcxx.info/feed
[2025-03-10 13:51:48] 🖼️ 有 1 条订阅头像无法访问, 已使用默认头像:
[2025-03-10 13:51:48] - https://www.loyhome.com/feed
[2025-03-10 14:02:55] 本次订阅抓取结果统计:
[2025-03-10 14:02:55] 共 25 条RSS, 成功抓取 22 条.
[2025-03-10 14:02:55] ❌ 有 3 条订阅解析失败:
[2025-03-10 14:02:55] - https://lingxiankong.github.io/pages/rss.xml
[2025-03-10 14:02:55] - https://tcxx.info/feed
[2025-03-10 14:02:55] - https://ihaihe.cn/feed
[2025-03-10 14:02:55] 🖼️ 有 1 条订阅头像无法访问, 已使用默认头像:
[2025-03-10 14:02:55] - https://www.loyhome.com/feed
[2025-03-10 14:16:38] 本次订阅抓取结果统计:
[2025-03-10 14:16:38] 共 25 条RSS, 成功抓取 24 条.
[2025-03-10 14:16:38] ❌ 有 1 条订阅解析失败:
[2025-03-10 14:16:38] - https://lingxiankong.github.io/pages/rss.xml
[2025-03-10 14:16:38] 🖼️ 有 1 条订阅头像无法访问, 已使用默认头像:
[2025-03-10 14:16:38] - https://www.loyhome.com/feed
[2025-03-10 15:18:44] 本次订阅抓取结果统计:
[2025-03-10 15:18:44] 共 25 条RSS, 成功抓取 24 条.
[2025-03-10 15:18:44] ❌ 有 1 条订阅解析失败:
[2025-03-10 15:18:44] - https://lingxiankong.github.io/pages/rss.xml
[2025-03-10 15:18:44] 🖼️ 有 1 条订阅头像无法访问, 已使用默认头像:
[2025-03-10 15:18:44] - https://www.loyhome.com/feed
[2025-03-10 15:29:21] 本次订阅抓取结果统计:
[2025-03-10 15:29:21] 共 25 条RSS, 成功抓取 21 条.
[2025-03-10 15:29:21] ❌ 有 4 条订阅解析失败:
[2025-03-10 15:29:21] - https://wangpei.net/feed
[2025-03-10 15:29:21] - https://www.loyhome.com/feed
[2025-03-10 15:29:21] - https://tcxx.info/feed
[2025-03-10 15:29:21] - https://tumutanzi.com/feed
[2025-03-10 15:29:21] 🖼️ 有 1 条订阅头像无法访问, 已使用默认头像:
[2025-03-10 15:29:21] - https://xyzbz.cn/feed
[2025-03-10 15:31:34] 本次订阅抓取结果统计:
[2025-03-10 15:31:34] 共 25 条RSS, 成功抓取 21 条.
[2025-03-10 15:31:34] ❌ 有 4 条订阅解析失败:
[2025-03-10 15:31:34] - https://www.loyhome.com/feed
[2025-03-10 15:31:34] - https://tcxx.info/feed
[2025-03-10 15:31:34] - https://tumutanzi.com/feed
[2025-03-10 15:31:34] - https://wangpei.net/feed
[2025-03-10 15:36:05] 本次订阅抓取结果统计:
[2025-03-10 15:36:05] 共 25 条RSS, 成功抓取 23 条.
[2025-03-10 15:36:05] ❌ 有 2 条订阅解析失败:
[2025-03-10 15:36:05] - https://lingxiankong.github.io/pages/rss.xml
[2025-03-10 15:36:05] - https://tcxx.info/feed
[2025-03-10 15:36:05] 🖼️ 有 1 条订阅头像无法访问, 已使用默认头像:
[2025-03-10 15:36:05] - https://www.loyhome.com/feed
[2025-03-10 15:42:05] 本次订阅抓取结果统计:
[2025-03-10 15:42:05] 共 25 条RSS, 成功抓取 24 条.
[2025-03-10 15:42:05] ❌ 有 1 条订阅解析失败:
[2025-03-10 15:42:05] - https://tcxx.info/feed
[2025-03-10 15:42:05] 🖼️ 有 1 条订阅头像无法访问, 已使用默认头像:
[2025-03-10 15:42:05] - https://www.loyhome.com/feed
[2025-03-10 16:19:10] 本次订阅抓取结果统计:
[2025-03-10 16:19:10] 共 25 条RSS, 成功抓取 24 条.
[2025-03-10 16:19:10] ❌ 有 1 条订阅解析失败:
[2025-03-10 16:19:10] - https://tcxx.info/feed
[2025-03-10 16:19:10] 🖼️ 有 1 条订阅头像无法访问, 已使用默认头像:
[2025-03-10 16:19:10] - https://www.loyhome.com/feed
[2025-03-10 16:42:08] 本次订阅抓取结果统计:
[2025-03-10 16:42:08] 共 25 条RSS, 成功抓取 24 条.
[2025-03-10 16:42:08] ❌ 有 1 条订阅解析失败:
[2025-03-10 16:42:08] - https://tcxx.info/feed
[2025-03-10 16:42:08] 🖼️ 有 1 条订阅头像无法访问, 已使用默认头像:
[2025-03-10 16:42:08] - https://www.loyhome.com/feed
[2025-03-10 17:15:27] 本次订阅抓取结果统计:
[2025-03-10 17:15:27] 共 25 条RSS, 成功抓取 24 条.
[2025-03-10 17:15:27] ❌ 有 1 条订阅解析失败:
[2025-03-10 17:15:27] - https://tcxx.info/feed
[2025-03-10 17:15:27] 🖼️ 有 2 条订阅头像无法访问, 已使用默认头像:
[2025-03-10 17:15:27] - https://www.loyhome.com/feed
[2025-03-10 17:15:27] - https://xyzbz.cn/feed
[2025-03-10 18:21:04] 本次订阅抓取结果统计:
[2025-03-10 18:21:04] 共 25 条RSS, 成功抓取 25 条.
[2025-03-10 18:21:04] 🖼️ 有 2 条订阅头像无法访问, 已使用默认头像:
[2025-03-10 18:21:04] - https://www.loyhome.com/feed
[2025-03-10 18:21:04] - https://xyzbz.cn/feed
[2025-03-10 19:14:22] 本次订阅抓取结果统计:
[2025-03-10 19:14:22] 共 25 条RSS, 成功抓取 24 条.
[2025-03-10 19:14:22] ❌ 有 1 条订阅解析失败:
[2025-03-10 19:14:22] - https://tcxx.info/feed
[2025-03-10 19:14:22] 🖼️ 有 1 条订阅头像无法访问, 已使用默认头像:
[2025-03-10 19:14:22] - https://www.loyhome.com/feed
[2025-03-10 20:18:09] 本次订阅抓取结果统计:
[2025-03-10 20:18:09] 共 25 条RSS, 成功抓取 25 条.
[2025-03-10 20:18:09] 🖼️ 有 1 条订阅头像无法访问, 已使用默认头像:
[2025-03-10 20:18:09] - https://www.loyhome.com/feed
[2025-03-10 21:15:40] 本次订阅抓取结果统计:
[2025-03-10 21:15:40] 共 25 条RSS, 成功抓取 25 条.
[2025-03-10 21:15:40] 🖼️ 有 1 条订阅头像无法访问, 已使用默认头像:
[2025-03-10 21:15:40] - https://www.loyhome.com/feed
