[2025-09-18 00:03:42] 本次订阅抓取结果统计:
[2025-09-18 00:03:42] 共 59 条RSS, 成功抓取 52 条.
[2025-09-18 00:03:42] ✘ 有 6 条订阅解析失败:
[2025-09-18 00:03:42] - https://tcxx.info/feed
[2025-09-18 00:03:42] - https://tumutanzi.com/feed
[2025-09-18 00:03:42] - https://geekinney.com/index.xml
[2025-09-18 00:03:42] - https://yinwang1.substack.com/feed
[2025-09-18 00:03:42] - https://botanwang.com/rss.xml
[2025-09-18 00:03:42] - https://www.douban.com/feed/review/book
[2025-09-18 00:03:42] ✘ 有 1 条订阅为空:
[2025-09-18 00:03:42] - http://feeds.feedburner.com/zhihu-daily
[2025-09-18 00:03:42] ✘ 有 1 条订阅头像字段为空, 已使用默认头像:
[2025-09-18 00:03:42] - https://feed.cnblogs.com/blog/u/66551/rss/
[2025-09-18 00:03:42] ✘ 有 7 条订阅头像无法访问, 已使用默认头像:
[2025-09-18 00:03:42] - https://www.loyhome.com/feed
[2025-09-18 00:03:42] - http://feeds.feedburner.com/ruanyifeng
[2025-09-18 00:03:42] - https://a4.zyzhang.com/index.xml
[2025-09-18 00:03:42] - https://laike9m.com/blog/rss/
[2025-09-18 00:03:42] - https://skywind.me/blog/feed
[2025-09-18 00:03:42] - https://www.mrhe.net/feed
[2025-09-18 00:03:42] - https://lenciel.com/feed.xml
[2025-09-18 01:29:15] 本次订阅抓取结果统计:
[2025-09-18 01:29:15] 共 59 条RSS, 成功抓取 53 条.
[2025-09-18 01:29:15] ✘ 有 5 条订阅解析失败:
[2025-09-18 01:29:15] - https://tumutanzi.com/feed
[2025-09-18 01:29:15] - https://tcxx.info/feed
[2025-09-18 01:29:15] - https://geekinney.com/index.xml
[2025-09-18 01:29:15] - https://yinwang1.substack.com/feed
[2025-09-18 01:29:15] - https://botanwang.com/rss.xml
[2025-09-18 01:29:15] ✘ 有 1 条订阅为空:
[2025-09-18 01:29:15] - http://feeds.feedburner.com/zhihu-daily
[2025-09-18 01:29:15] ✘ 有 1 条订阅头像字段为空, 已使用默认头像:
[2025-09-18 01:29:15] - https://feed.cnblogs.com/blog/u/66551/rss/
[2025-09-18 01:29:15] ✘ 有 8 条订阅头像无法访问, 已使用默认头像:
[2025-09-18 01:29:15] - https://hwv430.blogspot.com/feeds/posts/default
[2025-09-18 01:29:15] - http://feeds.feedburner.com/ruanyifeng
[2025-09-18 01:29:15] - https://www.loyhome.com/feed
[2025-09-18 01:29:15] - https://a4.zyzhang.com/index.xml
[2025-09-18 01:29:15] - https://skywind.me/blog/feed
[2025-09-18 01:29:15] - https://laike9m.com/blog/rss/
[2025-09-18 01:29:15] - https://www.douban.com/feed/review/book
[2025-09-18 01:29:15] - https://www.mrhe.net/feed
[2025-09-18 02:25:37] 本次订阅抓取结果统计:
[2025-09-18 02:25:37] 共 59 条RSS, 成功抓取 53 条.
[2025-09-18 02:25:37] ✘ 有 5 条订阅解析失败:
[2025-09-18 02:25:37] - https://tcxx.info/feed
[2025-09-18 02:25:37] - https://tumutanzi.com/feed
[2025-09-18 02:25:37] - https://geekinney.com/index.xml
[2025-09-18 02:25:37] - https://yinwang1.substack.com/feed
[2025-09-18 02:25:37] - https://botanwang.com/rss.xml
[2025-09-18 02:25:37] ✘ 有 1 条订阅为空:
[2025-09-18 02:25:37] - http://feeds.feedburner.com/zhihu-daily
[2025-09-18 02:25:37] ✘ 有 1 条订阅头像字段为空, 已使用默认头像:
[2025-09-18 02:25:37] - https://feed.cnblogs.com/blog/u/66551/rss/
[2025-09-18 02:25:37] ✘ 有 7 条订阅头像无法访问, 已使用默认头像:
[2025-09-18 02:25:37] - http://feeds.feedburner.com/ruanyifeng
[2025-09-18 02:25:37] - https://www.loyhome.com/feed
[2025-09-18 02:25:37] - https://a4.zyzhang.com/index.xml
[2025-09-18 02:25:37] - https://laike9m.com/blog/rss/
[2025-09-18 02:25:37] - https://skywind.me/blog/feed
[2025-09-18 02:25:37] - https://www.douban.com/feed/review/book
[2025-09-18 02:25:37] - https://www.mrhe.net/feed
[2025-09-18 03:11:41] 本次订阅抓取结果统计:
[2025-09-18 03:11:41] 共 59 条RSS, 成功抓取 52 条.
[2025-09-18 03:11:41] ✘ 有 6 条订阅解析失败:
[2025-09-18 03:11:41] - https://tcxx.info/feed
[2025-09-18 03:11:41] - https://tumutanzi.com/feed
[2025-09-18 03:11:41] - https://geekinney.com/index.xml
[2025-09-18 03:11:41] - https://yinwang1.substack.com/feed
[2025-09-18 03:11:41] - https://botanwang.com/rss.xml
[2025-09-18 03:11:41] - https://www.douban.com/feed/review/book
[2025-09-18 03:11:41] ✘ 有 1 条订阅为空:
[2025-09-18 03:11:41] - http://feeds.feedburner.com/zhihu-daily
[2025-09-18 03:11:41] ✘ 有 1 条订阅头像字段为空, 已使用默认头像:
[2025-09-18 03:11:41] - https://feed.cnblogs.com/blog/u/66551/rss/
[2025-09-18 03:11:41] ✘ 有 6 条订阅头像无法访问, 已使用默认头像:
[2025-09-18 03:11:41] - http://feeds.feedburner.com/ruanyifeng
[2025-09-18 03:11:41] - https://www.loyhome.com/feed
[2025-09-18 03:11:41] - https://a4.zyzhang.com/index.xml
[2025-09-18 03:11:41] - https://skywind.me/blog/feed
[2025-09-18 03:11:41] - https://laike9m.com/blog/rss/
[2025-09-18 03:11:41] - https://www.mrhe.net/feed
[2025-09-18 04:02:06] 本次订阅抓取结果统计:
[2025-09-18 04:02:06] 共 59 条RSS, 成功抓取 53 条.
[2025-09-18 04:02:06] ✘ 有 5 条订阅解析失败:
[2025-09-18 04:02:06] - https://tumutanzi.com/feed
[2025-09-18 04:02:06] - https://tcxx.info/feed
[2025-09-18 04:02:06] - https://geekinney.com/index.xml
[2025-09-18 04:02:06] - https://yinwang1.substack.com/feed
[2025-09-18 04:02:06] - https://botanwang.com/rss.xml
[2025-09-18 04:02:06] ✘ 有 1 条订阅为空:
[2025-09-18 04:02:06] - http://feeds.feedburner.com/zhihu-daily
[2025-09-18 04:02:06] ✘ 有 1 条订阅头像字段为空, 已使用默认头像:
[2025-09-18 04:02:06] - https://feed.cnblogs.com/blog/u/66551/rss/
[2025-09-18 04:02:06] ✘ 有 8 条订阅头像无法访问, 已使用默认头像:
[2025-09-18 04:02:06] - http://feeds.feedburner.com/ruanyifeng
[2025-09-18 04:02:06] - https://www.loyhome.com/feed
[2025-09-18 04:02:06] - https://a4.zyzhang.com/index.xml
[2025-09-18 04:02:06] - https://laike9m.com/blog/rss/
[2025-09-18 04:02:06] - https://skywind.me/blog/feed
[2025-09-18 04:02:06] - https://www.mrhe.net/feed
[2025-09-18 04:02:06] - https://lenciel.com/feed.xml
[2025-09-18 04:02:06] - https://www.douban.com/feed/review/book
[2025-09-18 05:01:56] 抓取到的文章与现有数据相同，无需更新。
[2025-09-18 06:02:01] 抓取到的文章与现有数据相同，无需更新。
[2025-09-18 07:01:41] 抓取到的文章与现有数据相同，无需更新。
[2025-09-18 08:01:59] 本次订阅抓取结果统计:
[2025-09-18 08:01:59] 共 59 条RSS, 成功抓取 53 条.
[2025-09-18 08:01:59] ✘ 有 5 条订阅解析失败:
[2025-09-18 08:01:59] - https://tcxx.info/feed
[2025-09-18 08:01:59] - https://tumutanzi.com/feed
[2025-09-18 08:01:59] - https://geekinney.com/index.xml
[2025-09-18 08:01:59] - https://yinwang1.substack.com/feed
[2025-09-18 08:01:59] - https://botanwang.com/rss.xml
[2025-09-18 08:01:59] ✘ 有 1 条订阅为空:
[2025-09-18 08:01:59] - http://feeds.feedburner.com/zhihu-daily
[2025-09-18 08:01:59] ✘ 有 1 条订阅头像字段为空, 已使用默认头像:
[2025-09-18 08:01:59] - https://feed.cnblogs.com/blog/u/66551/rss/
[2025-09-18 08:01:59] ✘ 有 7 条订阅头像无法访问, 已使用默认头像:
[2025-09-18 08:01:59] - http://feeds.feedburner.com/ruanyifeng
[2025-09-18 08:01:59] - https://www.loyhome.com/feed
[2025-09-18 08:01:59] - https://a4.zyzhang.com/index.xml
[2025-09-18 08:01:59] - https://laike9m.com/blog/rss/
[2025-09-18 08:01:59] - https://skywind.me/blog/feed
[2025-09-18 08:01:59] - https://www.douban.com/feed/review/book
[2025-09-18 08:01:59] - https://www.mrhe.net/feed
[2025-09-18 09:01:51] 本次订阅抓取结果统计:
[2025-09-18 09:01:51] 共 59 条RSS, 成功抓取 53 条.
[2025-09-18 09:01:51] ✘ 有 5 条订阅解析失败:
[2025-09-18 09:01:51] - https://tumutanzi.com/feed
[2025-09-18 09:01:51] - https://tcxx.info/feed
[2025-09-18 09:01:51] - https://geekinney.com/index.xml
[2025-09-18 09:01:51] - https://yinwang1.substack.com/feed
[2025-09-18 09:01:51] - https://botanwang.com/rss.xml
[2025-09-18 09:01:51] ✘ 有 1 条订阅为空:
[2025-09-18 09:01:51] - http://feeds.feedburner.com/zhihu-daily
[2025-09-18 09:01:51] ✘ 有 1 条订阅头像字段为空, 已使用默认头像:
[2025-09-18 09:01:51] - https://feed.cnblogs.com/blog/u/66551/rss/
[2025-09-18 09:01:51] ✘ 有 7 条订阅头像无法访问, 已使用默认头像:
[2025-09-18 09:01:51] - http://feeds.feedburner.com/ruanyifeng
[2025-09-18 09:01:51] - https://www.loyhome.com/feed
[2025-09-18 09:01:51] - https://a4.zyzhang.com/index.xml
[2025-09-18 09:01:51] - https://skywind.me/blog/feed
[2025-09-18 09:01:51] - https://laike9m.com/blog/rss/
[2025-09-18 09:01:51] - https://www.douban.com/feed/review/book
[2025-09-18 09:01:51] - https://www.mrhe.net/feed
[2025-09-18 10:01:50] 抓取到的文章与现有数据相同，无需更新。
[2025-09-18 11:01:57] 抓取到的文章与现有数据相同，无需更新。
[2025-09-18 12:02:05] 抓取到的文章与现有数据相同，无需更新。
[2025-09-18 13:08:53] 抓取到的文章与现有数据相同，无需更新。
[2025-09-18 14:02:05] 抓取到的文章与现有数据相同，无需更新。
