[2025-06-15 00:04:58] 本次订阅抓取结果统计:
[2025-06-15 00:04:58] 共 45 条RSS, 成功抓取 44 条.
[2025-06-15 00:04:58] ✘ 有 1 条订阅解析失败:
[2025-06-15 00:04:58] - https://tcxx.info/feed
[2025-06-15 00:04:58] ✘ 有 3 条订阅头像无法访问, 已使用默认头像:
[2025-06-15 00:04:58] - http://feeds.feedburner.com/ruanyifeng
[2025-06-15 00:04:58] - https://www.loyhome.com/feed
[2025-06-15 00:04:58] - https://www.douban.com/feed/review/book
[2025-06-15 01:30:11] 本次订阅抓取结果统计:
[2025-06-15 01:30:11] 共 45 条RSS, 成功抓取 44 条.
[2025-06-15 01:30:11] ✘ 有 1 条订阅解析失败:
[2025-06-15 01:30:11] - https://tcxx.info/feed
[2025-06-15 01:30:11] ✘ 有 4 条订阅头像无法访问, 已使用默认头像:
[2025-06-15 01:30:11] - http://feeds.feedburner.com/ruanyifeng
[2025-06-15 01:30:11] - https://www.loyhome.com/feed
[2025-06-15 01:30:11] - https://www.douban.com/feed/review/book
[2025-06-15 01:30:11] - https://feeds.appinn.com/appinns/
[2025-06-15 02:38:00] 本次订阅抓取结果统计:
[2025-06-15 02:38:00] 共 45 条RSS, 成功抓取 44 条.
[2025-06-15 02:38:00] ✘ 有 1 条订阅解析失败:
[2025-06-15 02:38:00] - https://tcxx.info/feed
[2025-06-15 02:38:00] ✘ 有 3 条订阅头像无法访问, 已使用默认头像:
[2025-06-15 02:38:00] - http://feeds.feedburner.com/ruanyifeng
[2025-06-15 02:38:00] - https://www.loyhome.com/feed
[2025-06-15 02:38:00] - https://www.douban.com/feed/review/book
[2025-06-15 03:27:47] 本次订阅抓取结果统计:
[2025-06-15 03:27:47] 共 45 条RSS, 成功抓取 44 条.
[2025-06-15 03:27:47] ✘ 有 1 条订阅解析失败:
[2025-06-15 03:27:47] - https://tcxx.info/feed
[2025-06-15 03:27:47] ✘ 有 4 条订阅头像无法访问, 已使用默认头像:
[2025-06-15 03:27:47] - http://feeds.feedburner.com/ruanyifeng
[2025-06-15 03:27:47] - https://www.loyhome.com/feed
[2025-06-15 03:27:47] - https://www.douban.com/feed/review/book
[2025-06-15 03:27:47] - https://feeds.appinn.com/appinns/
[2025-06-15 04:08:19] 本次订阅抓取结果统计:
[2025-06-15 04:08:19] 共 45 条RSS, 成功抓取 44 条.
[2025-06-15 04:08:19] ✘ 有 1 条订阅解析失败:
[2025-06-15 04:08:19] - https://tcxx.info/feed
[2025-06-15 04:08:19] ✘ 有 3 条订阅头像无法访问, 已使用默认头像:
[2025-06-15 04:08:19] - http://feeds.feedburner.com/ruanyifeng
[2025-06-15 04:08:19] - https://www.loyhome.com/feed
[2025-06-15 04:08:19] - https://www.douban.com/feed/review/book
[2025-06-15 05:01:51] 本次订阅抓取结果统计:
[2025-06-15 05:01:51] 共 45 条RSS, 成功抓取 44 条.
[2025-06-15 05:01:51] ✘ 有 1 条订阅解析失败:
[2025-06-15 05:01:51] - https://tcxx.info/feed
[2025-06-15 05:01:51] ✘ 有 3 条订阅头像无法访问, 已使用默认头像:
[2025-06-15 05:01:51] - http://feeds.feedburner.com/ruanyifeng
[2025-06-15 05:01:51] - https://www.loyhome.com/feed
[2025-06-15 05:01:51] - https://www.douban.com/feed/review/book
[2025-06-15 06:02:08] 本次订阅抓取结果统计:
[2025-06-15 06:02:08] 共 45 条RSS, 成功抓取 43 条.
[2025-06-15 06:02:08] ✘ 有 2 条订阅解析失败:
[2025-06-15 06:02:08] - https://ihaihe.cn/feed
[2025-06-15 06:02:08] - https://tcxx.info/feed
[2025-06-15 06:02:08] ✘ 有 3 条订阅头像无法访问, 已使用默认头像:
[2025-06-15 06:02:08] - http://feeds.feedburner.com/ruanyifeng
[2025-06-15 06:02:08] - https://www.loyhome.com/feed
[2025-06-15 06:02:08] - https://www.douban.com/feed/review/book
[2025-06-15 07:01:39] 本次订阅抓取结果统计:
[2025-06-15 07:01:39] 共 45 条RSS, 成功抓取 43 条.
[2025-06-15 07:01:39] ✘ 有 2 条订阅解析失败:
[2025-06-15 07:01:39] - https://ihaihe.cn/feed
[2025-06-15 07:01:39] - https://tcxx.info/feed
[2025-06-15 07:01:39] ✘ 有 3 条订阅头像无法访问, 已使用默认头像:
[2025-06-15 07:01:39] - http://feeds.feedburner.com/ruanyifeng
[2025-06-15 07:01:39] - https://www.loyhome.com/feed
[2025-06-15 07:01:39] - https://www.douban.com/feed/review/book
[2025-06-15 08:02:00] 本次订阅抓取结果统计:
[2025-06-15 08:02:00] 共 45 条RSS, 成功抓取 43 条.
[2025-06-15 08:02:00] ✘ 有 2 条订阅解析失败:
[2025-06-15 08:02:00] - https://tcxx.info/feed
[2025-06-15 08:02:00] - https://ihaihe.cn/feed
[2025-06-15 08:02:00] ✘ 有 4 条订阅头像无法访问, 已使用默认头像:
[2025-06-15 08:02:00] - http://feeds.feedburner.com/ruanyifeng
[2025-06-15 08:02:00] - https://www.loyhome.com/feed
[2025-06-15 08:02:00] - https://feeds.appinn.com/appinns/
[2025-06-15 08:02:00] - https://www.douban.com/feed/review/book
[2025-06-15 09:01:41] 本次订阅抓取结果统计:
[2025-06-15 09:01:41] 共 45 条RSS, 成功抓取 43 条.
[2025-06-15 09:01:41] ✘ 有 2 条订阅解析失败:
[2025-06-15 09:01:41] - https://ihaihe.cn/feed
[2025-06-15 09:01:41] - https://tcxx.info/feed
[2025-06-15 09:01:41] ✘ 有 4 条订阅头像无法访问, 已使用默认头像:
[2025-06-15 09:01:41] - http://feeds.feedburner.com/ruanyifeng
[2025-06-15 09:01:41] - https://www.loyhome.com/feed
[2025-06-15 09:01:41] - https://www.douban.com/feed/review/book
[2025-06-15 09:01:41] - https://feeds.appinn.com/appinns/
[2025-06-15 10:02:07] 本次订阅抓取结果统计:
[2025-06-15 10:02:07] 共 45 条RSS, 成功抓取 43 条.
[2025-06-15 10:02:07] ✘ 有 2 条订阅解析失败:
[2025-06-15 10:02:07] - https://ihaihe.cn/feed
[2025-06-15 10:02:07] - https://tcxx.info/feed
[2025-06-15 10:02:07] ✘ 有 3 条订阅头像无法访问, 已使用默认头像:
[2025-06-15 10:02:07] - http://feeds.feedburner.com/ruanyifeng
[2025-06-15 10:02:07] - https://www.loyhome.com/feed
[2025-06-15 10:02:07] - https://www.douban.com/feed/review/book
[2025-06-15 11:01:47] 本次订阅抓取结果统计:
[2025-06-15 11:01:47] 共 45 条RSS, 成功抓取 43 条.
[2025-06-15 11:01:47] ✘ 有 2 条订阅解析失败:
[2025-06-15 11:01:47] - https://ihaihe.cn/feed
[2025-06-15 11:01:47] - https://tcxx.info/feed
[2025-06-15 11:01:47] ✘ 有 3 条订阅头像无法访问, 已使用默认头像:
[2025-06-15 11:01:47] - http://feeds.feedburner.com/ruanyifeng
[2025-06-15 11:01:47] - https://www.loyhome.com/feed
[2025-06-15 11:01:47] - https://www.douban.com/feed/review/book
[2025-06-15 12:02:21] 本次订阅抓取结果统计:
[2025-06-15 12:02:21] 共 45 条RSS, 成功抓取 43 条.
[2025-06-15 12:02:21] ✘ 有 2 条订阅解析失败:
[2025-06-15 12:02:21] - https://ihaihe.cn/feed
[2025-06-15 12:02:21] - https://tcxx.info/feed
[2025-06-15 12:02:21] ✘ 有 4 条订阅头像无法访问, 已使用默认头像:
[2025-06-15 12:02:21] - http://feeds.feedburner.com/ruanyifeng
[2025-06-15 12:02:21] - https://www.loyhome.com/feed
[2025-06-15 12:02:21] - https://www.williamlong.info/rss.xml
[2025-06-15 12:02:21] - https://www.douban.com/feed/review/book
[2025-06-15 13:08:45] 本次订阅抓取结果统计:
[2025-06-15 13:08:45] 共 45 条RSS, 成功抓取 43 条.
[2025-06-15 13:08:45] ✘ 有 2 条订阅解析失败:
[2025-06-15 13:08:45] - https://tcxx.info/feed
[2025-06-15 13:08:45] - https://ihaihe.cn/feed
[2025-06-15 13:08:45] ✘ 有 4 条订阅头像无法访问, 已使用默认头像:
[2025-06-15 13:08:45] - http://feeds.feedburner.com/ruanyifeng
[2025-06-15 13:08:45] - https://www.loyhome.com/feed
[2025-06-15 13:08:45] - https://www.williamlong.info/rss.xml
[2025-06-15 13:08:45] - https://www.douban.com/feed/review/book
[2025-06-15 14:01:56] 本次订阅抓取结果统计:
[2025-06-15 14:01:56] 共 45 条RSS, 成功抓取 43 条.
[2025-06-15 14:01:56] ✘ 有 2 条订阅解析失败:
[2025-06-15 14:01:56] - https://tcxx.info/feed
[2025-06-15 14:01:56] - https://ihaihe.cn/feed
[2025-06-15 14:01:56] ✘ 有 4 条订阅头像无法访问, 已使用默认头像:
[2025-06-15 14:01:56] - http://feeds.feedburner.com/ruanyifeng
[2025-06-15 14:01:56] - https://www.loyhome.com/feed
[2025-06-15 14:01:56] - https://www.williamlong.info/rss.xml
[2025-06-15 14:01:56] - https://www.douban.com/feed/review/book
[2025-06-15 15:01:36] 本次订阅抓取结果统计:
[2025-06-15 15:01:36] 共 45 条RSS, 成功抓取 43 条.
[2025-06-15 15:01:36] ✘ 有 2 条订阅解析失败:
[2025-06-15 15:01:36] - https://ihaihe.cn/feed
[2025-06-15 15:01:36] - https://tcxx.info/feed
[2025-06-15 15:01:36] ✘ 有 4 条订阅头像无法访问, 已使用默认头像:
[2025-06-15 15:01:36] - http://feeds.feedburner.com/ruanyifeng
[2025-06-15 15:01:36] - https://www.loyhome.com/feed
[2025-06-15 15:01:36] - https://www.williamlong.info/rss.xml
[2025-06-15 15:01:36] - https://www.douban.com/feed/review/book
[2025-06-15 16:02:45] 本次订阅抓取结果统计:
[2025-06-15 16:02:45] 共 45 条RSS, 成功抓取 43 条.
[2025-06-15 16:02:45] ✘ 有 2 条订阅解析失败:
[2025-06-15 16:02:45] - https://ihaihe.cn/feed
[2025-06-15 16:02:45] - https://tcxx.info/feed
[2025-06-15 16:02:45] ✘ 有 4 条订阅头像无法访问, 已使用默认头像:
[2025-06-15 16:02:45] - http://feeds.feedburner.com/ruanyifeng
[2025-06-15 16:02:45] - https://www.loyhome.com/feed
[2025-06-15 16:02:45] - https://www.williamlong.info/rss.xml
[2025-06-15 16:02:45] - https://www.douban.com/feed/review/book
