[2025-06-25 00:04:17] 本次订阅抓取结果统计:
[2025-06-25 00:04:17] 共 45 条RSS, 成功抓取 44 条.
[2025-06-25 00:04:17] ✘ 有 1 条订阅解析失败:
[2025-06-25 00:04:17] - https://tcxx.info/feed
[2025-06-25 00:04:17] ✘ 有 3 条订阅头像无法访问, 已使用默认头像:
[2025-06-25 00:04:17] - http://feeds.feedburner.com/ruanyifeng
[2025-06-25 00:04:17] - https://www.loyhome.com/feed
[2025-06-25 00:04:17] - https://www.douban.com/feed/review/book
[2025-06-25 01:30:21] 本次订阅抓取结果统计:
[2025-06-25 01:30:21] 共 45 条RSS, 成功抓取 43 条.
[2025-06-25 01:30:21] ✘ 有 2 条订阅解析失败:
[2025-06-25 01:30:21] - https://tcxx.info/feed
[2025-06-25 01:30:21] - https://limboy.me/index.xml
[2025-06-25 01:30:21] ✘ 有 4 条订阅头像无法访问, 已使用默认头像:
[2025-06-25 01:30:21] - http://feeds.feedburner.com/ruanyifeng
[2025-06-25 01:30:21] - https://www.loyhome.com/feed
[2025-06-25 01:30:21] - https://www.douban.com/feed/review/book
[2025-06-25 01:30:21] - https://feeds.appinn.com/appinns/
[2025-06-25 02:33:14] 本次订阅抓取结果统计:
[2025-06-25 02:33:14] 共 45 条RSS, 成功抓取 44 条.
[2025-06-25 02:33:14] ✘ 有 1 条订阅解析失败:
[2025-06-25 02:33:14] - https://tcxx.info/feed
[2025-06-25 02:33:14] ✘ 有 4 条订阅头像无法访问, 已使用默认头像:
[2025-06-25 02:33:14] - https://www.loyhome.com/feed
[2025-06-25 02:33:14] - http://feeds.feedburner.com/ruanyifeng
[2025-06-25 02:33:14] - https://xyzbz.cn/feed
[2025-06-25 02:33:14] - https://www.douban.com/feed/review/book
[2025-06-25 03:25:24] 本次订阅抓取结果统计:
[2025-06-25 03:25:24] 共 45 条RSS, 成功抓取 44 条.
[2025-06-25 03:25:24] ✘ 有 1 条订阅解析失败:
[2025-06-25 03:25:24] - https://tcxx.info/feed
[2025-06-25 03:25:24] ✘ 有 3 条订阅头像无法访问, 已使用默认头像:
[2025-06-25 03:25:24] - http://feeds.feedburner.com/ruanyifeng
[2025-06-25 03:25:24] - https://www.loyhome.com/feed
[2025-06-25 03:25:24] - https://www.douban.com/feed/review/book
