[2025-09-15 00:04:40] 本次订阅抓取结果统计:
[2025-09-15 00:04:40] 共 59 条RSS, 成功抓取 53 条.
[2025-09-15 00:04:40] ✘ 有 5 条订阅解析失败:
[2025-09-15 00:04:40] - https://tumutanzi.com/feed
[2025-09-15 00:04:40] - https://tcxx.info/feed
[2025-09-15 00:04:40] - https://geekinney.com/index.xml
[2025-09-15 00:04:40] - https://yinwang1.substack.com/feed
[2025-09-15 00:04:40] - https://botanwang.com/rss.xml
[2025-09-15 00:04:40] ✘ 有 1 条订阅为空:
[2025-09-15 00:04:40] - http://feeds.feedburner.com/zhihu-daily
[2025-09-15 00:04:40] ✘ 有 1 条订阅头像字段为空, 已使用默认头像:
[2025-09-15 00:04:40] - https://feed.cnblogs.com/blog/u/66551/rss/
[2025-09-15 00:04:40] ✘ 有 9 条订阅头像无法访问, 已使用默认头像:
[2025-09-15 00:04:40] - https://hwv430.blogspot.com/feeds/posts/default
[2025-09-15 00:04:40] - http://feeds.feedburner.com/ruanyifeng
[2025-09-15 00:04:40] - https://www.loyhome.com/feed
[2025-09-15 00:04:40] - https://a4.zyzhang.com/index.xml
[2025-09-15 00:04:40] - https://skywind.me/blog/feed
[2025-09-15 00:04:40] - https://laike9m.com/blog/rss/
[2025-09-15 00:04:40] - https://www.douban.com/feed/review/book
[2025-09-15 00:04:40] - https://www.mrhe.net/feed
[2025-09-15 00:04:40] - https://lenciel.com/feed.xml
[2025-09-15 01:29:30] 抓取到的文章与现有数据相同，无需更新。
[2025-09-15 02:29:25] 抓取到的文章与现有数据相同，无需更新。
[2025-09-15 03:18:13] 本次订阅抓取结果统计:
[2025-09-15 03:18:13] 共 59 条RSS, 成功抓取 53 条.
[2025-09-15 03:18:13] ✘ 有 5 条订阅解析失败:
[2025-09-15 03:18:13] - https://tcxx.info/feed
[2025-09-15 03:18:13] - https://tumutanzi.com/feed
[2025-09-15 03:18:13] - https://geekinney.com/index.xml
[2025-09-15 03:18:13] - https://yinwang1.substack.com/feed
[2025-09-15 03:18:13] - https://botanwang.com/rss.xml
[2025-09-15 03:18:13] ✘ 有 1 条订阅为空:
[2025-09-15 03:18:13] - http://feeds.feedburner.com/zhihu-daily
[2025-09-15 03:18:13] ✘ 有 1 条订阅头像字段为空, 已使用默认头像:
[2025-09-15 03:18:13] - https://feed.cnblogs.com/blog/u/66551/rss/
[2025-09-15 03:18:13] ✘ 有 8 条订阅头像无法访问, 已使用默认头像:
[2025-09-15 03:18:13] - https://hwv430.blogspot.com/feeds/posts/default
[2025-09-15 03:18:13] - http://feeds.feedburner.com/ruanyifeng
[2025-09-15 03:18:13] - https://www.loyhome.com/feed
[2025-09-15 03:18:13] - https://a4.zyzhang.com/index.xml
[2025-09-15 03:18:13] - https://laike9m.com/blog/rss/
[2025-09-15 03:18:13] - https://skywind.me/blog/feed
[2025-09-15 03:18:13] - https://www.douban.com/feed/review/book
[2025-09-15 03:18:13] - https://www.mrhe.net/feed
[2025-09-15 04:02:14] 本次订阅抓取结果统计:
[2025-09-15 04:02:14] 共 59 条RSS, 成功抓取 52 条.
[2025-09-15 04:02:14] ✘ 有 6 条订阅解析失败:
[2025-09-15 04:02:14] - https://stephenleng.com/cn/rss
[2025-09-15 04:02:14] - https://tcxx.info/feed
[2025-09-15 04:02:14] - https://tumutanzi.com/feed
[2025-09-15 04:02:14] - https://geekinney.com/index.xml
[2025-09-15 04:02:14] - https://yinwang1.substack.com/feed
[2025-09-15 04:02:14] - https://botanwang.com/rss.xml
[2025-09-15 04:02:14] ✘ 有 1 条订阅为空:
[2025-09-15 04:02:14] - http://feeds.feedburner.com/zhihu-daily
[2025-09-15 04:02:14] ✘ 有 1 条订阅头像字段为空, 已使用默认头像:
[2025-09-15 04:02:14] - https://feed.cnblogs.com/blog/u/66551/rss/
[2025-09-15 04:02:14] ✘ 有 9 条订阅头像无法访问, 已使用默认头像:
[2025-09-15 04:02:14] - https://hwv430.blogspot.com/feeds/posts/default
[2025-09-15 04:02:14] - http://feeds.feedburner.com/ruanyifeng
[2025-09-15 04:02:14] - https://www.loyhome.com/feed
[2025-09-15 04:02:14] - https://a4.zyzhang.com/index.xml
[2025-09-15 04:02:14] - https://laike9m.com/blog/rss/
[2025-09-15 04:02:14] - https://skywind.me/blog/feed
[2025-09-15 04:02:14] - https://www.douban.com/feed/review/book
[2025-09-15 04:02:14] - https://www.mrhe.net/feed
[2025-09-15 04:02:14] - https://lenciel.com/feed.xml
[2025-09-15 05:01:55] 本次订阅抓取结果统计:
[2025-09-15 05:01:55] 共 59 条RSS, 成功抓取 53 条.
[2025-09-15 05:01:55] ✘ 有 5 条订阅解析失败:
[2025-09-15 05:01:55] - https://tumutanzi.com/feed
[2025-09-15 05:01:55] - https://tcxx.info/feed
[2025-09-15 05:01:55] - https://geekinney.com/index.xml
[2025-09-15 05:01:55] - https://yinwang1.substack.com/feed
[2025-09-15 05:01:55] - https://botanwang.com/rss.xml
[2025-09-15 05:01:55] ✘ 有 1 条订阅为空:
[2025-09-15 05:01:55] - http://feeds.feedburner.com/zhihu-daily
[2025-09-15 05:01:55] ✘ 有 1 条订阅头像字段为空, 已使用默认头像:
[2025-09-15 05:01:55] - https://feed.cnblogs.com/blog/u/66551/rss/
[2025-09-15 05:01:55] ✘ 有 8 条订阅头像无法访问, 已使用默认头像:
[2025-09-15 05:01:55] - http://feeds.feedburner.com/ruanyifeng
[2025-09-15 05:01:55] - https://www.loyhome.com/feed
[2025-09-15 05:01:55] - https://a4.zyzhang.com/index.xml
[2025-09-15 05:01:55] - https://laike9m.com/blog/rss/
[2025-09-15 05:01:55] - https://skywind.me/blog/feed
[2025-09-15 05:01:55] - https://lenciel.com/feed.xml
[2025-09-15 05:01:55] - https://www.mrhe.net/feed
[2025-09-15 05:01:55] - https://www.douban.com/feed/review/book
[2025-09-15 06:02:14] 抓取到的文章与现有数据相同，无需更新。
