[2025-03-24 01:18:31] 本次订阅抓取结果统计:
[2025-03-24 01:18:31] 共 28 条RSS, 成功抓取 26 条.
[2025-03-24 01:18:31] ✘ 有 2 条订阅解析失败:
[2025-03-24 01:18:31] - https://tcxx.info/feed
[2025-03-24 01:18:31] - https://geekinney.com/index.xml
[2025-03-24 01:18:31] ✘ 有 2 条订阅头像无法访问, 已使用默认头像:
[2025-03-24 01:18:31] - http://feeds.feedburner.com/ruanyifeng
[2025-03-24 01:18:31] - https://www.loyhome.com/feed
[2025-03-24 03:01:23] 本次订阅抓取结果统计:
[2025-03-24 03:01:23] 共 28 条RSS, 成功抓取 26 条.
[2025-03-24 03:01:23] ✘ 有 2 条订阅解析失败:
[2025-03-24 03:01:23] - https://tcxx.info/feed
[2025-03-24 03:01:23] - https://geekinney.com/index.xml
[2025-03-24 03:01:23] ✘ 有 3 条订阅头像无法访问, 已使用默认头像:
[2025-03-24 03:01:23] - http://feeds.feedburner.com/ruanyifeng
[2025-03-24 03:01:23] - https://www.loyhome.com/feed
[2025-03-24 03:01:23] - https://blog.yanqingshan.com/feed
[2025-03-24 04:20:39] 本次订阅抓取结果统计:
[2025-03-24 04:20:39] 共 28 条RSS, 成功抓取 26 条.
[2025-03-24 04:20:39] ✘ 有 2 条订阅解析失败:
[2025-03-24 04:20:39] - https://tcxx.info/feed
[2025-03-24 04:20:39] - https://geekinney.com/index.xml
[2025-03-24 04:20:39] ✘ 有 3 条订阅头像无法访问, 已使用默认头像:
[2025-03-24 04:20:39] - http://feeds.feedburner.com/ruanyifeng
[2025-03-24 04:20:39] - https://www.loyhome.com/feed
[2025-03-24 04:20:39] - https://xyzbz.cn/feed
[2025-03-24 05:17:16] 本次订阅抓取结果统计:
[2025-03-24 05:17:16] 共 28 条RSS, 成功抓取 26 条.
[2025-03-24 05:17:16] ✘ 有 2 条订阅解析失败:
[2025-03-24 05:17:16] - https://geekinney.com/index.xml
[2025-03-24 05:17:16] - https://tcxx.info/feed
[2025-03-24 05:17:16] ✘ 有 2 条订阅头像无法访问, 已使用默认头像:
[2025-03-24 05:17:16] - http://feeds.feedburner.com/ruanyifeng
[2025-03-24 05:17:16] - https://www.loyhome.com/feed
[2025-03-24 06:24:56] 本次订阅抓取结果统计:
[2025-03-24 06:24:56] 共 28 条RSS, 成功抓取 24 条.
[2025-03-24 06:24:56] ✘ 有 4 条订阅解析失败:
[2025-03-24 06:24:56] - https://tcxx.info/feed
[2025-03-24 06:24:56] - https://geekinney.com/index.xml
[2025-03-24 06:24:56] - https://xyzbz.cn/feed
[2025-03-24 06:24:56] - https://ihaihe.cn/feed
[2025-03-24 06:24:56] ✘ 有 2 条订阅头像无法访问, 已使用默认头像:
[2025-03-24 06:24:56] - http://feeds.feedburner.com/ruanyifeng
[2025-03-24 06:24:56] - https://www.loyhome.com/feed
[2025-03-24 07:17:40] 本次订阅抓取结果统计:
[2025-03-24 07:17:40] 共 28 条RSS, 成功抓取 26 条.
[2025-03-24 07:17:40] ✘ 有 2 条订阅解析失败:
[2025-03-24 07:17:40] - https://tcxx.info/feed
[2025-03-24 07:17:40] - https://geekinney.com/index.xml
[2025-03-24 07:17:40] ✘ 有 2 条订阅头像无法访问, 已使用默认头像:
[2025-03-24 07:17:40] - http://feeds.feedburner.com/ruanyifeng
[2025-03-24 07:17:40] - https://www.loyhome.com/feed
[2025-03-24 08:22:24] 本次订阅抓取结果统计:
[2025-03-24 08:22:24] 共 28 条RSS, 成功抓取 26 条.
[2025-03-24 08:22:24] ✘ 有 2 条订阅解析失败:
[2025-03-24 08:22:24] - https://tcxx.info/feed
[2025-03-24 08:22:24] - https://geekinney.com/index.xml
[2025-03-24 08:22:24] ✘ 有 2 条订阅头像无法访问, 已使用默认头像:
[2025-03-24 08:22:24] - http://feeds.feedburner.com/ruanyifeng
[2025-03-24 08:22:24] - https://www.loyhome.com/feed
[2025-03-24 09:19:05] 本次订阅抓取结果统计:
[2025-03-24 09:19:05] 共 28 条RSS, 成功抓取 26 条.
[2025-03-24 09:19:05] ✘ 有 2 条订阅解析失败:
[2025-03-24 09:19:05] - https://tcxx.info/feed
[2025-03-24 09:19:05] - https://geekinney.com/index.xml
[2025-03-24 09:19:05] ✘ 有 2 条订阅头像无法访问, 已使用默认头像:
[2025-03-24 09:19:05] - http://feeds.feedburner.com/ruanyifeng
[2025-03-24 09:19:05] - https://www.loyhome.com/feed
[2025-03-24 10:18:37] 本次订阅抓取结果统计:
[2025-03-24 10:18:37] 共 28 条RSS, 成功抓取 26 条.
[2025-03-24 10:18:37] ✘ 有 2 条订阅解析失败:
[2025-03-24 10:18:37] - https://tcxx.info/feed
[2025-03-24 10:18:37] - https://geekinney.com/index.xml
[2025-03-24 10:18:37] ✘ 有 2 条订阅头像无法访问, 已使用默认头像:
[2025-03-24 10:18:37] - http://feeds.feedburner.com/ruanyifeng
[2025-03-24 10:18:37] - https://www.loyhome.com/feed
[2025-03-24 11:14:40] 本次订阅抓取结果统计:
[2025-03-24 11:14:40] 共 28 条RSS, 成功抓取 26 条.
[2025-03-24 11:14:40] ✘ 有 2 条订阅解析失败:
[2025-03-24 11:14:40] - https://tcxx.info/feed
[2025-03-24 11:14:40] - https://geekinney.com/index.xml
[2025-03-24 11:14:40] ✘ 有 2 条订阅头像无法访问, 已使用默认头像:
[2025-03-24 11:14:40] - http://feeds.feedburner.com/ruanyifeng
[2025-03-24 11:14:40] - https://www.loyhome.com/feed
