[2025-07-24 00:04:17] 抓取到的文章与现有数据相同，无需更新。
[2025-07-24 01:29:50] 本次订阅抓取结果统计:
[2025-07-24 01:29:50] 共 51 条RSS, 成功抓取 49 条.
[2025-07-24 01:29:50] ✘ 有 2 条订阅解析失败:
[2025-07-24 01:29:50] - https://tcxx.info/feed
[2025-07-24 01:29:50] - https://yinwang1.substack.com/feed
[2025-07-24 01:29:50] ✘ 有 6 条订阅头像无法访问, 已使用默认头像:
[2025-07-24 01:29:50] - http://feeds.feedburner.com/ruanyifeng
[2025-07-24 01:29:50] - https://www.loyhome.com/feed
[2025-07-24 01:29:50] - https://a4.zyzhang.com/index.xml
[2025-07-24 01:29:50] - https://www.geedea.pro/index.xml
[2025-07-24 01:29:50] - https://www.douban.com/feed/review/book
[2025-07-24 01:29:50] - https://feeds.appinn.com/appinns/
[2025-07-24 02:38:52] 本次订阅抓取结果统计:
[2025-07-24 02:38:52] 共 51 条RSS, 成功抓取 49 条.
[2025-07-24 02:38:52] ✘ 有 2 条订阅解析失败:
[2025-07-24 02:38:52] - https://tcxx.info/feed
[2025-07-24 02:38:52] - https://yinwang1.substack.com/feed
[2025-07-24 02:38:52] ✘ 有 7 条订阅头像无法访问, 已使用默认头像:
[2025-07-24 02:38:52] - http://feeds.feedburner.com/ruanyifeng
[2025-07-24 02:38:52] - https://www.loyhome.com/feed
[2025-07-24 02:38:52] - https://a4.zyzhang.com/index.xml
[2025-07-24 02:38:52] - https://www.geedea.pro/index.xml
[2025-07-24 02:38:52] - https://www.douban.com/feed/review/book
[2025-07-24 02:38:52] - https://sspai.com/feed
[2025-07-24 02:38:52] - https://feeds.appinn.com/appinns/
[2025-07-24 03:29:29] 本次订阅抓取结果统计:
[2025-07-24 03:29:29] 共 51 条RSS, 成功抓取 49 条.
[2025-07-24 03:29:29] ✘ 有 2 条订阅解析失败:
[2025-07-24 03:29:29] - https://tcxx.info/feed
[2025-07-24 03:29:29] - https://yinwang1.substack.com/feed
[2025-07-24 03:29:29] ✘ 有 5 条订阅头像无法访问, 已使用默认头像:
[2025-07-24 03:29:29] - http://feeds.feedburner.com/ruanyifeng
[2025-07-24 03:29:29] - https://www.loyhome.com/feed
[2025-07-24 03:29:29] - https://a4.zyzhang.com/index.xml
[2025-07-24 03:29:29] - https://www.geedea.pro/index.xml
[2025-07-24 03:29:29] - https://www.douban.com/feed/review/book
[2025-07-24 04:14:30] 本次订阅抓取结果统计:
[2025-07-24 04:14:30] 共 51 条RSS, 成功抓取 49 条.
[2025-07-24 04:14:30] ✘ 有 2 条订阅解析失败:
[2025-07-24 04:14:30] - https://tcxx.info/feed
[2025-07-24 04:14:30] - https://yinwang1.substack.com/feed
[2025-07-24 04:14:30] ✘ 有 6 条订阅头像无法访问, 已使用默认头像:
[2025-07-24 04:14:30] - http://feeds.feedburner.com/ruanyifeng
[2025-07-24 04:14:30] - https://www.loyhome.com/feed
[2025-07-24 04:14:30] - https://a4.zyzhang.com/index.xml
[2025-07-24 04:14:30] - https://www.geedea.pro/index.xml
[2025-07-24 04:14:30] - https://www.douban.com/feed/review/book
[2025-07-24 04:14:30] - https://feeds.appinn.com/appinns/
