[2025-04-29 01:19:58] 本次订阅抓取结果统计:
[2025-04-29 01:19:58] 共 28 条RSS, 成功抓取 27 条.
[2025-04-29 01:19:58] ✘ 有 1 条订阅解析失败:
[2025-04-29 01:19:58] - https://tcxx.info/feed
[2025-04-29 01:19:58] ✘ 有 2 条订阅头像无法访问, 已使用默认头像:
[2025-04-29 01:19:58] - http://feeds.feedburner.com/ruanyifeng
[2025-04-29 01:19:58] - https://www.loyhome.com/feed
[2025-04-29 03:04:49] 本次订阅抓取结果统计:
[2025-04-29 03:04:49] 共 28 条RSS, 成功抓取 27 条.
[2025-04-29 03:04:49] ✘ 有 1 条订阅解析失败:
[2025-04-29 03:04:49] - https://tcxx.info/feed
[2025-04-29 03:04:49] ✘ 有 2 条订阅头像无法访问, 已使用默认头像:
[2025-04-29 03:04:49] - http://feeds.feedburner.com/ruanyifeng
[2025-04-29 03:04:49] - https://www.loyhome.com/feed
[2025-04-29 04:19:46] 本次订阅抓取结果统计:
[2025-04-29 04:19:46] 共 28 条RSS, 成功抓取 27 条.
[2025-04-29 04:19:46] ✘ 有 1 条订阅解析失败:
[2025-04-29 04:19:46] - https://tcxx.info/feed
[2025-04-29 04:19:46] ✘ 有 2 条订阅头像无法访问, 已使用默认头像:
[2025-04-29 04:19:46] - https://www.loyhome.com/feed
[2025-04-29 04:19:46] - http://feeds.feedburner.com/ruanyifeng
[2025-04-29 05:17:27] 本次订阅抓取结果统计:
[2025-04-29 05:17:27] 共 28 条RSS, 成功抓取 27 条.
[2025-04-29 05:17:27] ✘ 有 1 条订阅解析失败:
[2025-04-29 05:17:27] - https://tcxx.info/feed
[2025-04-29 05:17:27] ✘ 有 2 条订阅头像无法访问, 已使用默认头像:
[2025-04-29 05:17:27] - http://feeds.feedburner.com/ruanyifeng
[2025-04-29 05:17:27] - https://www.loyhome.com/feed
[2025-04-29 06:25:19] 本次订阅抓取结果统计:
[2025-04-29 06:25:19] 共 28 条RSS, 成功抓取 27 条.
[2025-04-29 06:25:19] ✘ 有 1 条订阅解析失败:
[2025-04-29 06:25:19] - https://tcxx.info/feed
[2025-04-29 06:25:19] ✘ 有 2 条订阅头像无法访问, 已使用默认头像:
[2025-04-29 06:25:19] - http://feeds.feedburner.com/ruanyifeng
[2025-04-29 06:25:19] - https://www.loyhome.com/feed
[2025-04-29 07:18:19] 本次订阅抓取结果统计:
[2025-04-29 07:18:19] 共 28 条RSS, 成功抓取 27 条.
[2025-04-29 07:18:19] ✘ 有 1 条订阅解析失败:
[2025-04-29 07:18:19] - https://tcxx.info/feed
[2025-04-29 07:18:19] ✘ 有 3 条订阅头像无法访问, 已使用默认头像:
[2025-04-29 07:18:19] - https://www.loyhome.com/feed
[2025-04-29 07:18:19] - http://feeds.feedburner.com/ruanyifeng
[2025-04-29 07:18:19] - https://ihaihe.cn/feed
