[2025-09-02 00:04:03] 抓取到的文章与现有数据相同，无需更新。
[2025-09-02 01:29:37] 抓取到的文章与现有数据相同，无需更新。
[2025-09-02 02:29:34] 本次订阅抓取结果统计:
[2025-09-02 02:29:34] 共 57 条RSS, 成功抓取 51 条.
[2025-09-02 02:29:34] ✘ 有 6 条订阅解析失败:
[2025-09-02 02:29:34] - https://tcxx.info/feed
[2025-09-02 02:29:34] - https://tumutanzi.com/feed
[2025-09-02 02:29:34] - https://geekinney.com/index.xml
[2025-09-02 02:29:34] - https://yinwang1.substack.com/feed
[2025-09-02 02:29:34] - https://botanwang.com/rss.xml
[2025-09-02 02:29:34] - https://www.douban.com/feed/review/book
[2025-09-02 02:29:34] ✘ 有 1 条订阅头像字段为空, 已使用默认头像:
[2025-09-02 02:29:34] - https://feed.cnblogs.com/blog/u/66551/rss/
[2025-09-02 02:29:34] ✘ 有 6 条订阅头像无法访问, 已使用默认头像:
[2025-09-02 02:29:34] - https://www.loyhome.com/feed
[2025-09-02 02:29:34] - http://feeds.feedburner.com/ruanyifeng
[2025-09-02 02:29:34] - https://a4.zyzhang.com/index.xml
[2025-09-02 02:29:34] - https://www.geedea.pro/index.xml
[2025-09-02 02:29:34] - https://laike9m.com/blog/rss/
[2025-09-02 02:29:34] - https://skywind.me/blog/feed
[2025-09-02 03:17:29] 本次订阅抓取结果统计:
[2025-09-02 03:17:29] 共 57 条RSS, 成功抓取 51 条.
[2025-09-02 03:17:29] ✘ 有 6 条订阅解析失败:
[2025-09-02 03:17:29] - https://tcxx.info/feed
[2025-09-02 03:17:29] - https://tumutanzi.com/feed
[2025-09-02 03:17:29] - https://geekinney.com/index.xml
[2025-09-02 03:17:29] - https://yinwang1.substack.com/feed
[2025-09-02 03:17:29] - https://botanwang.com/rss.xml
[2025-09-02 03:17:29] - https://www.douban.com/feed/review/book
[2025-09-02 03:17:29] ✘ 有 1 条订阅头像字段为空, 已使用默认头像:
[2025-09-02 03:17:29] - https://feed.cnblogs.com/blog/u/66551/rss/
[2025-09-02 03:17:29] ✘ 有 7 条订阅头像无法访问, 已使用默认头像:
[2025-09-02 03:17:29] - https://hwv430.blogspot.com/feeds/posts/default
[2025-09-02 03:17:29] - http://feeds.feedburner.com/ruanyifeng
[2025-09-02 03:17:29] - https://www.loyhome.com/feed
[2025-09-02 03:17:29] - https://a4.zyzhang.com/index.xml
[2025-09-02 03:17:29] - https://www.geedea.pro/index.xml
[2025-09-02 03:17:29] - https://laike9m.com/blog/rss/
[2025-09-02 03:17:29] - https://skywind.me/blog/feed
