[2025-06-02 00:04:28] 本次订阅抓取结果统计:
[2025-06-02 00:04:28] 共 45 条RSS, 成功抓取 43 条.
[2025-06-02 00:04:28] ✘ 有 2 条订阅解析失败:
[2025-06-02 00:04:28] - https://tcxx.info/feed
[2025-06-02 00:04:28] - https://www.shephe.com/feed
[2025-06-02 00:04:28] ✘ 有 3 条订阅头像无法访问, 已使用默认头像:
[2025-06-02 00:04:28] - http://feeds.feedburner.com/ruanyifeng
[2025-06-02 00:04:28] - https://www.loyhome.com/feed
[2025-06-02 00:04:28] - https://www.douban.com/feed/review/book
[2025-06-02 01:29:40] 本次订阅抓取结果统计:
[2025-06-02 01:29:40] 共 45 条RSS, 成功抓取 44 条.
[2025-06-02 01:29:40] ✘ 有 1 条订阅解析失败:
[2025-06-02 01:29:40] - https://tcxx.info/feed
[2025-06-02 01:29:40] ✘ 有 4 条订阅头像无法访问, 已使用默认头像:
[2025-06-02 01:29:40] - http://feeds.feedburner.com/ruanyifeng
[2025-06-02 01:29:40] - https://www.loyhome.com/feed
[2025-06-02 01:29:40] - https://www.douban.com/feed/review/book
[2025-06-02 01:29:40] - https://feeds.appinn.com/appinns/
[2025-06-02 02:33:44] 本次订阅抓取结果统计:
[2025-06-02 02:33:44] 共 45 条RSS, 成功抓取 44 条.
[2025-06-02 02:33:44] ✘ 有 1 条订阅解析失败:
[2025-06-02 02:33:44] - https://tcxx.info/feed
[2025-06-02 02:33:44] ✘ 有 3 条订阅头像无法访问, 已使用默认头像:
[2025-06-02 02:33:44] - http://feeds.feedburner.com/ruanyifeng
[2025-06-02 02:33:44] - https://www.loyhome.com/feed
[2025-06-02 02:33:44] - https://www.douban.com/feed/review/book
[2025-06-02 03:25:55] 本次订阅抓取结果统计:
[2025-06-02 03:25:55] 共 45 条RSS, 成功抓取 44 条.
[2025-06-02 03:25:55] ✘ 有 1 条订阅解析失败:
[2025-06-02 03:25:55] - https://tcxx.info/feed
[2025-06-02 03:25:55] ✘ 有 4 条订阅头像无法访问, 已使用默认头像:
[2025-06-02 03:25:55] - http://feeds.feedburner.com/ruanyifeng
[2025-06-02 03:25:55] - https://www.loyhome.com/feed
[2025-06-02 03:25:55] - https://yihui.org/index.xml
[2025-06-02 03:25:55] - https://www.douban.com/feed/review/book
[2025-06-02 04:08:09] 本次订阅抓取结果统计:
[2025-06-02 04:08:09] 共 45 条RSS, 成功抓取 44 条.
[2025-06-02 04:08:09] ✘ 有 1 条订阅解析失败:
[2025-06-02 04:08:09] - https://tcxx.info/feed
[2025-06-02 04:08:09] ✘ 有 5 条订阅头像无法访问, 已使用默认头像:
[2025-06-02 04:08:09] - http://feeds.feedburner.com/ruanyifeng
[2025-06-02 04:08:09] - https://www.loyhome.com/feed
[2025-06-02 04:08:09] - https://blog.yanqingshan.com/feed
[2025-06-02 04:08:09] - https://www.douban.com/feed/review/book
[2025-06-02 04:08:09] - https://feeds.appinn.com/appinns/
[2025-06-02 05:02:27] 本次订阅抓取结果统计:
[2025-06-02 05:02:27] 共 45 条RSS, 成功抓取 44 条.
[2025-06-02 05:02:27] ✘ 有 1 条订阅解析失败:
[2025-06-02 05:02:27] - https://tcxx.info/feed
[2025-06-02 05:02:27] ✘ 有 4 条订阅头像无法访问, 已使用默认头像:
[2025-06-02 05:02:27] - http://feeds.feedburner.com/ruanyifeng
[2025-06-02 05:02:27] - https://www.loyhome.com/feed
[2025-06-02 05:02:27] - https://xyzbz.cn/feed
[2025-06-02 05:02:27] - https://www.douban.com/feed/review/book
[2025-06-02 06:02:55] 本次订阅抓取结果统计:
[2025-06-02 06:02:55] 共 45 条RSS, 成功抓取 43 条.
[2025-06-02 06:02:55] ✘ 有 2 条订阅解析失败:
[2025-06-02 06:02:55] - https://tcxx.info/feed
[2025-06-02 06:02:55] - https://www.shephe.com/feed
[2025-06-02 06:02:55] ✘ 有 3 条订阅头像无法访问, 已使用默认头像:
[2025-06-02 06:02:55] - http://feeds.feedburner.com/ruanyifeng
[2025-06-02 06:02:55] - https://www.loyhome.com/feed
[2025-06-02 06:02:55] - https://www.douban.com/feed/review/book
[2025-06-02 07:02:26] 本次订阅抓取结果统计:
[2025-06-02 07:02:26] 共 45 条RSS, 成功抓取 44 条.
[2025-06-02 07:02:26] ✘ 有 1 条订阅解析失败:
[2025-06-02 07:02:26] - https://tcxx.info/feed
[2025-06-02 07:02:26] ✘ 有 3 条订阅头像无法访问, 已使用默认头像:
[2025-06-02 07:02:26] - http://feeds.feedburner.com/ruanyifeng
[2025-06-02 07:02:26] - https://www.loyhome.com/feed
[2025-06-02 07:02:26] - https://www.douban.com/feed/review/book
[2025-06-02 08:02:26] 本次订阅抓取结果统计:
[2025-06-02 08:02:26] 共 45 条RSS, 成功抓取 44 条.
[2025-06-02 08:02:26] ✘ 有 1 条订阅解析失败:
[2025-06-02 08:02:26] - https://tcxx.info/feed
[2025-06-02 08:02:26] ✘ 有 3 条订阅头像无法访问, 已使用默认头像:
[2025-06-02 08:02:26] - http://feeds.feedburner.com/ruanyifeng
[2025-06-02 08:02:26] - https://www.loyhome.com/feed
[2025-06-02 08:02:26] - https://www.douban.com/feed/review/book
