[2025-11-22 00:04:21] 抓取到的文章与现有数据相同，无需更新。
[2025-11-22 01:29:11] 抓取到的文章与现有数据相同，无需更新。
[2025-11-22 02:28:47] 抓取到的文章与现有数据相同，无需更新。
[2025-11-22 03:17:25] 抓取到的文章与现有数据相同，无需更新。
[2025-11-22 04:01:46] 抓取到的文章与现有数据相同，无需更新。
[2025-11-22 05:01:51] 抓取到的文章与现有数据相同，无需更新。
[2025-11-22 06:01:56] 本次订阅抓取结果统计:
[2025-11-22 06:01:56] 共 30 条RSS, 成功抓取 26 条.
[2025-11-22 06:01:56] ✘ 有 3 条订阅解析失败:
[2025-11-22 06:01:56] - https://tumutanzi.com/feed
[2025-11-22 06:01:56] - https://geekinney.com/index.xml
[2025-11-22 06:01:56] - https://suus.me/atom.xml
[2025-11-22 06:01:56] ✘ 有 1 条订阅为空:
[2025-11-22 06:01:56] - http://feeds.feedburner.com/zhihu-daily
[2025-11-22 06:01:56] ✘ 有 1 条订阅头像无法访问, 已使用默认头像:
[2025-11-22 06:01:56] - https://skywind.me/blog/feed
[2025-11-22 07:01:36] 抓取到的文章与现有数据相同，无需更新。
[2025-11-22 08:01:53] 抓取到的文章与现有数据相同，无需更新。
[2025-11-22 09:01:45] 抓取到的文章与现有数据相同，无需更新。
[2025-11-22 10:01:42] 抓取到的文章与现有数据相同，无需更新。
[2025-11-22 11:01:37] 抓取到的文章与现有数据相同，无需更新。
