[2025-11-25 00:03:33] 本次订阅抓取结果统计:
[2025-11-25 00:03:33] 共 31 条RSS, 成功抓取 28 条.
[2025-11-25 00:03:33] ✘ 有 3 条订阅解析失败:
[2025-11-25 00:03:33] - https://tumutanzi.com/feed
[2025-11-25 00:03:33] - https://geekinney.com/index.xml
[2025-11-25 00:03:33] - https://suus.me/atom.xml
[2025-11-25 01:29:45] 抓取到的文章与现有数据相同，无需更新。
[2025-11-25 02:30:43] 抓取到的文章与现有数据相同，无需更新。
[2025-11-25 03:22:51] 抓取到的文章与现有数据相同，无需更新。
[2025-11-25 04:04:59] 抓取到的文章与现有数据相同，无需更新。
[2025-11-25 05:01:41] 抓取到的文章与现有数据相同，无需更新。
[2025-11-25 06:01:44] 抓取到的文章与现有数据相同，无需更新。
[2025-11-25 07:02:14] 本次订阅抓取结果统计:
[2025-11-25 07:02:14] 共 31 条RSS, 成功抓取 28 条.
[2025-11-25 07:02:14] ✘ 有 3 条订阅解析失败:
[2025-11-25 07:02:14] - https://tumutanzi.com/feed
[2025-11-25 07:02:14] - https://geekinney.com/index.xml
[2025-11-25 07:02:14] - https://suus.me/atom.xml
[2025-11-25 08:02:08] 抓取到的文章与现有数据相同，无需更新。
[2025-11-25 09:02:47] 抓取到的文章与现有数据相同，无需更新。
[2025-11-25 10:01:47] 抓取到的文章与现有数据相同，无需更新。
[2025-11-25 11:01:50] 抓取到的文章与现有数据相同，无需更新。
[2025-11-25 12:02:13] 抓取到的文章与现有数据相同，无需更新。
[2025-11-25 13:11:51] 抓取到的文章与现有数据相同，无需更新。
[2025-11-25 14:01:45] 抓取到的文章与现有数据相同，无需更新。
[2025-11-25 15:01:51] 抓取到的文章与现有数据相同，无需更新。
[2025-11-25 16:01:51] 抓取到的文章与现有数据相同，无需更新。
[2025-11-25 17:03:09] 抓取到的文章与现有数据相同，无需更新。
[2025-11-25 18:01:46] 抓取到的文章与现有数据相同，无需更新。
[2025-11-25 19:01:48] 抓取到的文章与现有数据相同，无需更新。
[2025-11-25 20:01:38] 抓取到的文章与现有数据相同，无需更新。
