[2025-09-14 00:04:36] 本次订阅抓取结果统计:
[2025-09-14 00:04:36] 共 59 条RSS, 成功抓取 53 条.
[2025-09-14 00:04:36] ✘ 有 5 条订阅解析失败:
[2025-09-14 00:04:36] - https://tumutanzi.com/feed
[2025-09-14 00:04:36] - https://tcxx.info/feed
[2025-09-14 00:04:36] - https://geekinney.com/index.xml
[2025-09-14 00:04:36] - https://yinwang1.substack.com/feed
[2025-09-14 00:04:36] - https://botanwang.com/rss.xml
[2025-09-14 00:04:36] ✘ 有 1 条订阅为空:
[2025-09-14 00:04:36] - http://feeds.feedburner.com/zhihu-daily
[2025-09-14 00:04:36] ✘ 有 1 条订阅头像字段为空, 已使用默认头像:
[2025-09-14 00:04:36] - https://feed.cnblogs.com/blog/u/66551/rss/
[2025-09-14 00:04:36] ✘ 有 8 条订阅头像无法访问, 已使用默认头像:
[2025-09-14 00:04:36] - https://hwv430.blogspot.com/feeds/posts/default
[2025-09-14 00:04:36] - http://feeds.feedburner.com/ruanyifeng
[2025-09-14 00:04:36] - https://www.loyhome.com/feed
[2025-09-14 00:04:36] - https://a4.zyzhang.com/index.xml
[2025-09-14 00:04:36] - https://laike9m.com/blog/rss/
[2025-09-14 00:04:36] - https://skywind.me/blog/feed
[2025-09-14 00:04:36] - https://www.douban.com/feed/review/book
[2025-09-14 00:04:36] - https://www.mrhe.net/feed
[2025-09-14 01:29:40] 抓取到的文章与现有数据相同，无需更新。
[2025-09-14 02:28:46] 本次订阅抓取结果统计:
[2025-09-14 02:28:46] 共 59 条RSS, 成功抓取 52 条.
[2025-09-14 02:28:46] ✘ 有 5 条订阅解析失败:
[2025-09-14 02:28:46] - https://tcxx.info/feed
[2025-09-14 02:28:46] - https://tumutanzi.com/feed
[2025-09-14 02:28:46] - https://geekinney.com/index.xml
[2025-09-14 02:28:46] - https://yinwang1.substack.com/feed
[2025-09-14 02:28:46] - https://botanwang.com/rss.xml
[2025-09-14 02:28:46] ✘ 有 2 条订阅为空:
[2025-09-14 02:28:46] - http://feeds.feedburner.com/zhihu-daily
[2025-09-14 02:28:46] - https://diygod.cc/feed
[2025-09-14 02:28:46] ✘ 有 1 条订阅头像字段为空, 已使用默认头像:
[2025-09-14 02:28:46] - https://feed.cnblogs.com/blog/u/66551/rss/
[2025-09-14 02:28:46] ✘ 有 8 条订阅头像无法访问, 已使用默认头像:
[2025-09-14 02:28:46] - http://feeds.feedburner.com/ruanyifeng
[2025-09-14 02:28:46] - https://www.loyhome.com/feed
[2025-09-14 02:28:46] - https://a4.zyzhang.com/index.xml
[2025-09-14 02:28:46] - https://skywind.me/blog/feed
[2025-09-14 02:28:46] - https://laike9m.com/blog/rss/
[2025-09-14 02:28:46] - https://www.douban.com/feed/review/book
[2025-09-14 02:28:46] - https://www.mrhe.net/feed
[2025-09-14 02:28:46] - https://lenciel.com/feed.xml
[2025-09-14 03:14:53] 本次订阅抓取结果统计:
[2025-09-14 03:14:53] 共 59 条RSS, 成功抓取 53 条.
[2025-09-14 03:14:53] ✘ 有 5 条订阅解析失败:
[2025-09-14 03:14:53] - https://tcxx.info/feed
[2025-09-14 03:14:53] - https://tumutanzi.com/feed
[2025-09-14 03:14:53] - https://geekinney.com/index.xml
[2025-09-14 03:14:53] - https://yinwang1.substack.com/feed
[2025-09-14 03:14:53] - https://botanwang.com/rss.xml
[2025-09-14 03:14:53] ✘ 有 1 条订阅为空:
[2025-09-14 03:14:53] - http://feeds.feedburner.com/zhihu-daily
[2025-09-14 03:14:53] ✘ 有 1 条订阅头像字段为空, 已使用默认头像:
[2025-09-14 03:14:53] - https://feed.cnblogs.com/blog/u/66551/rss/
[2025-09-14 03:14:53] ✘ 有 8 条订阅头像无法访问, 已使用默认头像:
[2025-09-14 03:14:53] - https://hwv430.blogspot.com/feeds/posts/default
[2025-09-14 03:14:53] - http://feeds.feedburner.com/ruanyifeng
[2025-09-14 03:14:53] - https://www.loyhome.com/feed
[2025-09-14 03:14:53] - https://a4.zyzhang.com/index.xml
[2025-09-14 03:14:53] - https://skywind.me/blog/feed
[2025-09-14 03:14:53] - https://laike9m.com/blog/rss/
[2025-09-14 03:14:53] - https://www.douban.com/feed/review/book
[2025-09-14 03:14:53] - https://www.mrhe.net/feed
[2025-09-14 04:02:06] 抓取到的文章与现有数据相同，无需更新。
[2025-09-14 05:02:20] 本次订阅抓取结果统计:
[2025-09-14 05:02:20] 共 59 条RSS, 成功抓取 52 条.
[2025-09-14 05:02:20] ✘ 有 6 条订阅解析失败:
[2025-09-14 05:02:20] - https://tcxx.info/feed
[2025-09-14 05:02:20] - https://tumutanzi.com/feed
[2025-09-14 05:02:20] - https://geekinney.com/index.xml
[2025-09-14 05:02:20] - https://yinwang1.substack.com/feed
[2025-09-14 05:02:20] - https://botanwang.com/rss.xml
[2025-09-14 05:02:20] - https://www.douban.com/feed/review/book
[2025-09-14 05:02:20] ✘ 有 1 条订阅为空:
[2025-09-14 05:02:20] - http://feeds.feedburner.com/zhihu-daily
[2025-09-14 05:02:20] ✘ 有 1 条订阅头像字段为空, 已使用默认头像:
[2025-09-14 05:02:20] - https://feed.cnblogs.com/blog/u/66551/rss/
[2025-09-14 05:02:20] ✘ 有 6 条订阅头像无法访问, 已使用默认头像:
[2025-09-14 05:02:20] - http://feeds.feedburner.com/ruanyifeng
[2025-09-14 05:02:20] - https://www.loyhome.com/feed
[2025-09-14 05:02:20] - https://a4.zyzhang.com/index.xml
[2025-09-14 05:02:20] - https://laike9m.com/blog/rss/
[2025-09-14 05:02:20] - https://skywind.me/blog/feed
[2025-09-14 05:02:20] - https://www.mrhe.net/feed
[2025-09-14 06:02:04] 本次订阅抓取结果统计:
[2025-09-14 06:02:04] 共 59 条RSS, 成功抓取 53 条.
[2025-09-14 06:02:04] ✘ 有 5 条订阅解析失败:
[2025-09-14 06:02:04] - https://tumutanzi.com/feed
[2025-09-14 06:02:04] - https://tcxx.info/feed
[2025-09-14 06:02:04] - https://geekinney.com/index.xml
[2025-09-14 06:02:04] - https://yinwang1.substack.com/feed
[2025-09-14 06:02:04] - https://botanwang.com/rss.xml
[2025-09-14 06:02:04] ✘ 有 1 条订阅为空:
[2025-09-14 06:02:04] - http://feeds.feedburner.com/zhihu-daily
[2025-09-14 06:02:04] ✘ 有 1 条订阅头像字段为空, 已使用默认头像:
[2025-09-14 06:02:04] - https://feed.cnblogs.com/blog/u/66551/rss/
[2025-09-14 06:02:04] ✘ 有 8 条订阅头像无法访问, 已使用默认头像:
[2025-09-14 06:02:04] - https://hwv430.blogspot.com/feeds/posts/default
[2025-09-14 06:02:04] - http://feeds.feedburner.com/ruanyifeng
[2025-09-14 06:02:04] - https://www.loyhome.com/feed
[2025-09-14 06:02:04] - https://a4.zyzhang.com/index.xml
[2025-09-14 06:02:04] - https://skywind.me/blog/feed
[2025-09-14 06:02:04] - https://laike9m.com/blog/rss/
[2025-09-14 06:02:04] - https://www.douban.com/feed/review/book
[2025-09-14 06:02:04] - https://www.mrhe.net/feed
[2025-09-14 07:02:38] 本次订阅抓取结果统计:
[2025-09-14 07:02:38] 共 59 条RSS, 成功抓取 52 条.
[2025-09-14 07:02:38] ✘ 有 6 条订阅解析失败:
[2025-09-14 07:02:38] - https://tumutanzi.com/feed
[2025-09-14 07:02:38] - https://tcxx.info/feed
[2025-09-14 07:02:38] - https://geekinney.com/index.xml
[2025-09-14 07:02:38] - https://yinwang1.substack.com/feed
[2025-09-14 07:02:38] - https://botanwang.com/rss.xml
[2025-09-14 07:02:38] - https://www.douban.com/feed/review/book
[2025-09-14 07:02:38] ✘ 有 1 条订阅为空:
[2025-09-14 07:02:38] - http://feeds.feedburner.com/zhihu-daily
[2025-09-14 07:02:38] ✘ 有 1 条订阅头像字段为空, 已使用默认头像:
[2025-09-14 07:02:38] - https://feed.cnblogs.com/blog/u/66551/rss/
[2025-09-14 07:02:38] ✘ 有 7 条订阅头像无法访问, 已使用默认头像:
[2025-09-14 07:02:38] - http://feeds.feedburner.com/ruanyifeng
[2025-09-14 07:02:38] - https://www.loyhome.com/feed
[2025-09-14 07:02:38] - https://a4.zyzhang.com/index.xml
[2025-09-14 07:02:38] - https://skywind.me/blog/feed
[2025-09-14 07:02:38] - https://laike9m.com/blog/rss/
[2025-09-14 07:02:38] - https://lenciel.com/feed.xml
[2025-09-14 07:02:38] - https://www.mrhe.net/feed
[2025-09-14 08:02:36] 本次订阅抓取结果统计:
[2025-09-14 08:02:36] 共 59 条RSS, 成功抓取 51 条.
[2025-09-14 08:02:36] ✘ 有 7 条订阅解析失败:
[2025-09-14 08:02:36] - https://tcxx.info/feed
[2025-09-14 08:02:36] - https://tumutanzi.com/feed
[2025-09-14 08:02:36] - https://geekinney.com/index.xml
[2025-09-14 08:02:36] - https://diygod.cc/feed
[2025-09-14 08:02:36] - https://yinwang1.substack.com/feed
[2025-09-14 08:02:36] - https://botanwang.com/rss.xml
[2025-09-14 08:02:36] - https://www.shephe.com/feed
[2025-09-14 08:02:36] ✘ 有 1 条订阅为空:
[2025-09-14 08:02:36] - http://feeds.feedburner.com/zhihu-daily
[2025-09-14 08:02:36] ✘ 有 1 条订阅头像字段为空, 已使用默认头像:
[2025-09-14 08:02:36] - https://feed.cnblogs.com/blog/u/66551/rss/
[2025-09-14 08:02:36] ✘ 有 7 条订阅头像无法访问, 已使用默认头像:
[2025-09-14 08:02:36] - http://feeds.feedburner.com/ruanyifeng
[2025-09-14 08:02:36] - https://www.loyhome.com/feed
[2025-09-14 08:02:36] - https://a4.zyzhang.com/index.xml
[2025-09-14 08:02:36] - https://skywind.me/blog/feed
[2025-09-14 08:02:36] - https://laike9m.com/blog/rss/
[2025-09-14 08:02:36] - https://www.douban.com/feed/review/book
[2025-09-14 08:02:36] - https://www.mrhe.net/feed
[2025-09-14 09:01:48] 本次订阅抓取结果统计:
[2025-09-14 09:01:48] 共 59 条RSS, 成功抓取 53 条.
[2025-09-14 09:01:48] ✘ 有 5 条订阅解析失败:
[2025-09-14 09:01:48] - https://tumutanzi.com/feed
[2025-09-14 09:01:48] - https://tcxx.info/feed
[2025-09-14 09:01:48] - https://geekinney.com/index.xml
[2025-09-14 09:01:48] - https://yinwang1.substack.com/feed
[2025-09-14 09:01:48] - https://botanwang.com/rss.xml
[2025-09-14 09:01:48] ✘ 有 1 条订阅为空:
[2025-09-14 09:01:48] - http://feeds.feedburner.com/zhihu-daily
[2025-09-14 09:01:48] ✘ 有 1 条订阅头像字段为空, 已使用默认头像:
[2025-09-14 09:01:48] - https://feed.cnblogs.com/blog/u/66551/rss/
[2025-09-14 09:01:48] ✘ 有 7 条订阅头像无法访问, 已使用默认头像:
[2025-09-14 09:01:48] - http://feeds.feedburner.com/ruanyifeng
[2025-09-14 09:01:48] - https://www.loyhome.com/feed
[2025-09-14 09:01:48] - https://a4.zyzhang.com/index.xml
[2025-09-14 09:01:48] - https://laike9m.com/blog/rss/
[2025-09-14 09:01:48] - https://skywind.me/blog/feed
[2025-09-14 09:01:48] - https://www.douban.com/feed/review/book
[2025-09-14 09:01:48] - https://www.mrhe.net/feed
[2025-09-14 10:01:44] 抓取到的文章与现有数据相同，无需更新。
[2025-09-14 11:01:41] 本次订阅抓取结果统计:
[2025-09-14 11:01:41] 共 59 条RSS, 成功抓取 53 条.
[2025-09-14 11:01:41] ✘ 有 5 条订阅解析失败:
[2025-09-14 11:01:41] - https://tumutanzi.com/feed
[2025-09-14 11:01:41] - https://tcxx.info/feed
[2025-09-14 11:01:41] - https://geekinney.com/index.xml
[2025-09-14 11:01:41] - https://yinwang1.substack.com/feed
[2025-09-14 11:01:41] - https://botanwang.com/rss.xml
[2025-09-14 11:01:41] ✘ 有 1 条订阅为空:
[2025-09-14 11:01:41] - http://feeds.feedburner.com/zhihu-daily
[2025-09-14 11:01:41] ✘ 有 1 条订阅头像字段为空, 已使用默认头像:
[2025-09-14 11:01:41] - https://feed.cnblogs.com/blog/u/66551/rss/
[2025-09-14 11:01:41] ✘ 有 7 条订阅头像无法访问, 已使用默认头像:
[2025-09-14 11:01:41] - http://feeds.feedburner.com/ruanyifeng
[2025-09-14 11:01:41] - https://www.loyhome.com/feed
[2025-09-14 11:01:41] - https://a4.zyzhang.com/index.xml
[2025-09-14 11:01:41] - https://skywind.me/blog/feed
[2025-09-14 11:01:41] - https://laike9m.com/blog/rss/
[2025-09-14 11:01:41] - https://www.douban.com/feed/review/book
[2025-09-14 11:01:41] - https://www.mrhe.net/feed
[2025-09-14 12:01:56] 抓取到的文章与现有数据相同，无需更新。
[2025-09-14 13:04:25] 抓取到的文章与现有数据相同，无需更新。
[2025-09-14 14:02:08] 本次订阅抓取结果统计:
[2025-09-14 14:02:08] 共 59 条RSS, 成功抓取 51 条.
[2025-09-14 14:02:08] ✘ 有 7 条订阅解析失败:
[2025-09-14 14:02:08] - https://tcxx.info/feed
[2025-09-14 14:02:08] - https://tumutanzi.com/feed
[2025-09-14 14:02:08] - https://geekinney.com/index.xml
[2025-09-14 14:02:08] - https://yinwang1.substack.com/feed
[2025-09-14 14:02:08] - https://botanwang.com/rss.xml
[2025-09-14 14:02:08] - https://www.shephe.com/feed
[2025-09-14 14:02:08] - https://diygod.cc/feed
[2025-09-14 14:02:08] ✘ 有 1 条订阅为空:
[2025-09-14 14:02:08] - http://feeds.feedburner.com/zhihu-daily
[2025-09-14 14:02:08] ✘ 有 1 条订阅头像字段为空, 已使用默认头像:
[2025-09-14 14:02:08] - https://feed.cnblogs.com/blog/u/66551/rss/
[2025-09-14 14:02:08] ✘ 有 9 条订阅头像无法访问, 已使用默认头像:
[2025-09-14 14:02:08] - https://hwv430.blogspot.com/feeds/posts/default
[2025-09-14 14:02:08] - http://feeds.feedburner.com/ruanyifeng
[2025-09-14 14:02:08] - https://www.loyhome.com/feed
[2025-09-14 14:02:08] - https://a4.zyzhang.com/index.xml
[2025-09-14 14:02:08] - https://skywind.me/blog/feed
[2025-09-14 14:02:08] - https://laike9m.com/blog/rss/
[2025-09-14 14:02:08] - https://www.douban.com/feed/review/book
[2025-09-14 14:02:08] - https://lenciel.com/feed.xml
[2025-09-14 14:02:08] - https://www.mrhe.net/feed
[2025-09-14 15:01:51] 本次订阅抓取结果统计:
[2025-09-14 15:01:51] 共 59 条RSS, 成功抓取 53 条.
[2025-09-14 15:01:51] ✘ 有 5 条订阅解析失败:
[2025-09-14 15:01:51] - https://tcxx.info/feed
[2025-09-14 15:01:51] - https://tumutanzi.com/feed
[2025-09-14 15:01:51] - https://geekinney.com/index.xml
[2025-09-14 15:01:51] - https://yinwang1.substack.com/feed
[2025-09-14 15:01:51] - https://botanwang.com/rss.xml
[2025-09-14 15:01:51] ✘ 有 1 条订阅为空:
[2025-09-14 15:01:51] - http://feeds.feedburner.com/zhihu-daily
[2025-09-14 15:01:51] ✘ 有 1 条订阅头像字段为空, 已使用默认头像:
[2025-09-14 15:01:51] - https://feed.cnblogs.com/blog/u/66551/rss/
[2025-09-14 15:01:51] ✘ 有 9 条订阅头像无法访问, 已使用默认头像:
[2025-09-14 15:01:51] - https://hwv430.blogspot.com/feeds/posts/default
[2025-09-14 15:01:51] - https://www.loyhome.com/feed
[2025-09-14 15:01:51] - http://feeds.feedburner.com/ruanyifeng
[2025-09-14 15:01:51] - https://a4.zyzhang.com/index.xml
[2025-09-14 15:01:51] - https://laike9m.com/blog/rss/
[2025-09-14 15:01:51] - https://skywind.me/blog/feed
[2025-09-14 15:01:51] - https://www.douban.com/feed/review/book
[2025-09-14 15:01:51] - https://www.mrhe.net/feed
[2025-09-14 15:01:51] - https://lenciel.com/feed.xml
[2025-09-14 16:01:43] 抓取到的文章与现有数据相同，无需更新。
[2025-09-14 17:01:46] 本次订阅抓取结果统计:
[2025-09-14 17:01:46] 共 59 条RSS, 成功抓取 53 条.
[2025-09-14 17:01:46] ✘ 有 5 条订阅解析失败:
[2025-09-14 17:01:46] - https://tcxx.info/feed
[2025-09-14 17:01:46] - https://tumutanzi.com/feed
[2025-09-14 17:01:46] - https://geekinney.com/index.xml
[2025-09-14 17:01:46] - https://yinwang1.substack.com/feed
[2025-09-14 17:01:46] - https://botanwang.com/rss.xml
[2025-09-14 17:01:46] ✘ 有 1 条订阅为空:
[2025-09-14 17:01:46] - http://feeds.feedburner.com/zhihu-daily
[2025-09-14 17:01:46] ✘ 有 1 条订阅头像字段为空, 已使用默认头像:
[2025-09-14 17:01:46] - https://feed.cnblogs.com/blog/u/66551/rss/
[2025-09-14 17:01:46] ✘ 有 9 条订阅头像无法访问, 已使用默认头像:
[2025-09-14 17:01:46] - https://hwv430.blogspot.com/feeds/posts/default
[2025-09-14 17:01:46] - http://feeds.feedburner.com/ruanyifeng
[2025-09-14 17:01:46] - https://www.loyhome.com/feed
[2025-09-14 17:01:46] - https://a4.zyzhang.com/index.xml
[2025-09-14 17:01:46] - https://laike9m.com/blog/rss/
[2025-09-14 17:01:46] - https://skywind.me/blog/feed
[2025-09-14 17:01:46] - https://www.douban.com/feed/review/book
[2025-09-14 17:01:46] - https://www.mrhe.net/feed
[2025-09-14 17:01:46] - https://lenciel.com/feed.xml
[2025-09-14 18:02:06] 抓取到的文章与现有数据相同，无需更新。
[2025-09-14 19:02:11] 抓取到的文章与现有数据相同，无需更新。
[2025-09-14 20:02:24] 抓取到的文章与现有数据相同，无需更新。
