[2025-07-29 00:05:14] 抓取到的文章与现有数据相同，无需更新。
[2025-07-29 01:31:10] 本次订阅抓取结果统计:
[2025-07-29 01:31:10] 共 51 条RSS, 成功抓取 47 条.
[2025-07-29 01:31:10] ✘ 有 4 条订阅解析失败:
[2025-07-29 01:31:10] - https://tcxx.info/feed
[2025-07-29 01:31:10] - https://blog.ops-coffee.cn/feed.xml
[2025-07-29 01:31:10] - https://yinwang1.substack.com/feed
[2025-07-29 01:31:10] - https://www.douban.com/feed/review/book
[2025-07-29 01:31:10] ✘ 有 6 条订阅头像无法访问, 已使用默认头像:
[2025-07-29 01:31:10] - http://feeds.feedburner.com/ruanyifeng
[2025-07-29 01:31:10] - https://www.loyhome.com/feed
[2025-07-29 01:31:10] - https://a4.zyzhang.com/index.xml
[2025-07-29 01:31:10] - https://www.geedea.pro/index.xml
[2025-07-29 01:31:10] - https://feeds.appinn.com/appinns/
[2025-07-29 01:31:10] - https://sspai.com/feed
[2025-07-29 02:45:52] 本次订阅抓取结果统计:
[2025-07-29 02:45:52] 共 51 条RSS, 成功抓取 48 条.
[2025-07-29 02:45:52] ✘ 有 3 条订阅解析失败:
[2025-07-29 02:45:52] - https://tcxx.info/feed
[2025-07-29 02:45:52] - https://blog.ops-coffee.cn/feed.xml
[2025-07-29 02:45:52] - https://yinwang1.substack.com/feed
[2025-07-29 02:45:52] ✘ 有 6 条订阅头像无法访问, 已使用默认头像:
[2025-07-29 02:45:52] - http://feeds.feedburner.com/ruanyifeng
[2025-07-29 02:45:52] - https://www.loyhome.com/feed
[2025-07-29 02:45:52] - https://a4.zyzhang.com/index.xml
[2025-07-29 02:45:52] - https://www.geedea.pro/index.xml
[2025-07-29 02:45:52] - https://www.douban.com/feed/review/book
[2025-07-29 02:45:52] - https://feeds.appinn.com/appinns/
[2025-07-29 03:33:01] 抓取到的文章与现有数据相同，无需更新。
[2025-07-29 04:18:47] 本次订阅抓取结果统计:
[2025-07-29 04:18:47] 共 51 条RSS, 成功抓取 46 条.
[2025-07-29 04:18:47] ✘ 有 5 条订阅解析失败:
[2025-07-29 04:18:47] - https://tcxx.info/feed
[2025-07-29 04:18:47] - https://blog.ops-coffee.cn/feed.xml
[2025-07-29 04:18:47] - https://yinwang1.substack.com/feed
[2025-07-29 04:18:47] - https://www.douban.com/feed/review/book
[2025-07-29 04:18:47] - https://www.shephe.com/feed
[2025-07-29 04:18:47] ✘ 有 5 条订阅头像无法访问, 已使用默认头像:
[2025-07-29 04:18:47] - http://feeds.feedburner.com/ruanyifeng
[2025-07-29 04:18:47] - https://www.loyhome.com/feed
[2025-07-29 04:18:47] - https://a4.zyzhang.com/index.xml
[2025-07-29 04:18:47] - https://www.geedea.pro/index.xml
[2025-07-29 04:18:47] - https://feeds.appinn.com/appinns/
