[2025-06-01 00:05:17] 本次订阅抓取结果统计:
[2025-06-01 00:05:17] 共 45 条RSS, 成功抓取 44 条.
[2025-06-01 00:05:17] ✘ 有 1 条订阅解析失败:
[2025-06-01 00:05:17] - https://tcxx.info/feed
[2025-06-01 00:05:17] ✘ 有 4 条订阅头像无法访问, 已使用默认头像:
[2025-06-01 00:05:17] - http://feeds.feedburner.com/ruanyifeng
[2025-06-01 00:05:17] - https://www.loyhome.com/feed
[2025-06-01 00:05:17] - https://geekinney.com/index.xml
[2025-06-01 00:05:17] - https://www.douban.com/feed/review/book
[2025-06-01 01:30:30] 本次订阅抓取结果统计:
[2025-06-01 01:30:30] 共 45 条RSS, 成功抓取 43 条.
[2025-06-01 01:30:30] ✘ 有 2 条订阅解析失败:
[2025-06-01 01:30:30] - https://tcxx.info/feed
[2025-06-01 01:30:30] - https://www.douban.com/feed/review/book
[2025-06-01 01:30:30] ✘ 有 3 条订阅头像无法访问, 已使用默认头像:
[2025-06-01 01:30:30] - http://feeds.feedburner.com/ruanyifeng
[2025-06-01 01:30:30] - https://www.loyhome.com/feed
[2025-06-01 01:30:30] - https://geekinney.com/index.xml
[2025-06-01 02:43:29] 本次订阅抓取结果统计:
[2025-06-01 02:43:29] 共 45 条RSS, 成功抓取 44 条.
[2025-06-01 02:43:29] ✘ 有 1 条订阅解析失败:
[2025-06-01 02:43:29] - https://tcxx.info/feed
[2025-06-01 02:43:29] ✘ 有 4 条订阅头像无法访问, 已使用默认头像:
[2025-06-01 02:43:29] - http://feeds.feedburner.com/ruanyifeng
[2025-06-01 02:43:29] - https://www.loyhome.com/feed
[2025-06-01 02:43:29] - https://www.douban.com/feed/review/book
[2025-06-01 02:43:29] - https://feeds.appinn.com/appinns/
[2025-06-01 03:30:29] 本次订阅抓取结果统计:
[2025-06-01 03:30:29] 共 45 条RSS, 成功抓取 43 条.
[2025-06-01 03:30:29] ✘ 有 2 条订阅解析失败:
[2025-06-01 03:30:29] - https://tcxx.info/feed
[2025-06-01 03:30:29] - https://www.douban.com/feed/review/book
[2025-06-01 03:30:29] ✘ 有 2 条订阅头像无法访问, 已使用默认头像:
[2025-06-01 03:30:29] - http://feeds.feedburner.com/ruanyifeng
[2025-06-01 03:30:29] - https://www.loyhome.com/feed
[2025-06-01 04:13:21] 本次订阅抓取结果统计:
[2025-06-01 04:13:21] 共 45 条RSS, 成功抓取 44 条.
[2025-06-01 04:13:21] ✘ 有 1 条订阅解析失败:
[2025-06-01 04:13:21] - https://tcxx.info/feed
[2025-06-01 04:13:21] ✘ 有 4 条订阅头像无法访问, 已使用默认头像:
[2025-06-01 04:13:21] - http://feeds.feedburner.com/ruanyifeng
[2025-06-01 04:13:21] - https://www.loyhome.com/feed
[2025-06-01 04:13:21] - https://feeds.appinn.com/appinns/
[2025-06-01 04:13:21] - https://www.douban.com/feed/review/book
[2025-06-01 05:02:27] 本次订阅抓取结果统计:
[2025-06-01 05:02:27] 共 45 条RSS, 成功抓取 44 条.
[2025-06-01 05:02:27] ✘ 有 1 条订阅解析失败:
[2025-06-01 05:02:27] - https://tcxx.info/feed
[2025-06-01 05:02:27] ✘ 有 4 条订阅头像无法访问, 已使用默认头像:
[2025-06-01 05:02:27] - http://feeds.feedburner.com/ruanyifeng
[2025-06-01 05:02:27] - https://www.loyhome.com/feed
[2025-06-01 05:02:27] - https://www.douban.com/feed/review/book
[2025-06-01 05:02:27] - https://feeds.appinn.com/appinns/
[2025-06-01 06:02:02] 本次订阅抓取结果统计:
[2025-06-01 06:02:02] 共 45 条RSS, 成功抓取 44 条.
[2025-06-01 06:02:02] ✘ 有 1 条订阅解析失败:
[2025-06-01 06:02:02] - https://tcxx.info/feed
[2025-06-01 06:02:02] ✘ 有 4 条订阅头像无法访问, 已使用默认头像:
[2025-06-01 06:02:02] - http://feeds.feedburner.com/ruanyifeng
[2025-06-01 06:02:02] - https://www.loyhome.com/feed
[2025-06-01 06:02:02] - https://www.douban.com/feed/review/book
[2025-06-01 06:02:02] - https://feeds.appinn.com/appinns/
[2025-06-01 07:01:42] 本次订阅抓取结果统计:
[2025-06-01 07:01:42] 共 45 条RSS, 成功抓取 43 条.
[2025-06-01 07:01:42] ✘ 有 2 条订阅解析失败:
[2025-06-01 07:01:42] - https://tcxx.info/feed
[2025-06-01 07:01:42] - https://www.douban.com/feed/review/book
[2025-06-01 07:01:42] ✘ 有 2 条订阅头像无法访问, 已使用默认头像:
[2025-06-01 07:01:42] - http://feeds.feedburner.com/ruanyifeng
[2025-06-01 07:01:42] - https://www.loyhome.com/feed
[2025-06-01 08:02:07] 本次订阅抓取结果统计:
[2025-06-01 08:02:07] 共 45 条RSS, 成功抓取 44 条.
[2025-06-01 08:02:07] ✘ 有 1 条订阅解析失败:
[2025-06-01 08:02:07] - https://tcxx.info/feed
[2025-06-01 08:02:07] ✘ 有 4 条订阅头像无法访问, 已使用默认头像:
[2025-06-01 08:02:07] - http://feeds.feedburner.com/ruanyifeng
[2025-06-01 08:02:07] - https://www.loyhome.com/feed
[2025-06-01 08:02:07] - https://www.shephe.com/feed
[2025-06-01 08:02:07] - https://www.douban.com/feed/review/book
[2025-06-01 09:01:41] 本次订阅抓取结果统计:
[2025-06-01 09:01:41] 共 45 条RSS, 成功抓取 44 条.
[2025-06-01 09:01:41] ✘ 有 1 条订阅解析失败:
[2025-06-01 09:01:41] - https://tcxx.info/feed
[2025-06-01 09:01:41] ✘ 有 3 条订阅头像无法访问, 已使用默认头像:
[2025-06-01 09:01:41] - http://feeds.feedburner.com/ruanyifeng
[2025-06-01 09:01:41] - https://www.loyhome.com/feed
[2025-06-01 09:01:41] - https://www.douban.com/feed/review/book
[2025-06-01 10:02:04] 本次订阅抓取结果统计:
[2025-06-01 10:02:04] 共 45 条RSS, 成功抓取 44 条.
[2025-06-01 10:02:04] ✘ 有 1 条订阅解析失败:
[2025-06-01 10:02:04] - https://tcxx.info/feed
[2025-06-01 10:02:04] ✘ 有 3 条订阅头像无法访问, 已使用默认头像:
[2025-06-01 10:02:04] - http://feeds.feedburner.com/ruanyifeng
[2025-06-01 10:02:04] - https://www.loyhome.com/feed
[2025-06-01 10:02:04] - https://www.douban.com/feed/review/book
[2025-06-01 11:02:09] 本次订阅抓取结果统计:
[2025-06-01 11:02:09] 共 45 条RSS, 成功抓取 44 条.
[2025-06-01 11:02:09] ✘ 有 1 条订阅解析失败:
[2025-06-01 11:02:09] - https://tcxx.info/feed
[2025-06-01 11:02:09] ✘ 有 4 条订阅头像无法访问, 已使用默认头像:
[2025-06-01 11:02:09] - http://feeds.feedburner.com/ruanyifeng
[2025-06-01 11:02:09] - https://www.loyhome.com/feed
[2025-06-01 11:02:09] - https://www.shephe.com/feed
[2025-06-01 11:02:09] - https://www.douban.com/feed/review/book
[2025-06-01 12:02:18] 本次订阅抓取结果统计:
[2025-06-01 12:02:18] 共 45 条RSS, 成功抓取 44 条.
[2025-06-01 12:02:18] ✘ 有 1 条订阅解析失败:
[2025-06-01 12:02:18] - https://tcxx.info/feed
[2025-06-01 12:02:18] ✘ 有 3 条订阅头像无法访问, 已使用默认头像:
[2025-06-01 12:02:18] - http://feeds.feedburner.com/ruanyifeng
[2025-06-01 12:02:18] - https://www.loyhome.com/feed
[2025-06-01 12:02:18] - https://www.douban.com/feed/review/book
[2025-06-01 13:09:43] 本次订阅抓取结果统计:
[2025-06-01 13:09:43] 共 45 条RSS, 成功抓取 44 条.
[2025-06-01 13:09:43] ✘ 有 1 条订阅解析失败:
[2025-06-01 13:09:43] - https://tcxx.info/feed
[2025-06-01 13:09:43] ✘ 有 4 条订阅头像无法访问, 已使用默认头像:
[2025-06-01 13:09:43] - http://feeds.feedburner.com/ruanyifeng
[2025-06-01 13:09:43] - https://www.loyhome.com/feed
[2025-06-01 13:09:43] - https://www.douban.com/feed/review/book
[2025-06-01 13:09:43] - https://feeds.appinn.com/appinns/
[2025-06-01 14:01:45] 本次订阅抓取结果统计:
[2025-06-01 14:01:45] 共 45 条RSS, 成功抓取 44 条.
[2025-06-01 14:01:45] ✘ 有 1 条订阅解析失败:
[2025-06-01 14:01:45] - https://tcxx.info/feed
[2025-06-01 14:01:45] ✘ 有 4 条订阅头像无法访问, 已使用默认头像:
[2025-06-01 14:01:45] - http://feeds.feedburner.com/ruanyifeng
[2025-06-01 14:01:45] - https://www.loyhome.com/feed
[2025-06-01 14:01:45] - https://feeds.appinn.com/appinns/
[2025-06-01 14:01:45] - https://www.douban.com/feed/review/book
[2025-06-01 15:01:42] 本次订阅抓取结果统计:
[2025-06-01 15:01:42] 共 45 条RSS, 成功抓取 44 条.
[2025-06-01 15:01:42] ✘ 有 1 条订阅解析失败:
[2025-06-01 15:01:42] - https://tcxx.info/feed
[2025-06-01 15:01:42] ✘ 有 4 条订阅头像无法访问, 已使用默认头像:
[2025-06-01 15:01:42] - http://feeds.feedburner.com/ruanyifeng
[2025-06-01 15:01:42] - https://www.loyhome.com/feed
[2025-06-01 15:01:42] - https://www.douban.com/feed/review/book
[2025-06-01 15:01:42] - https://feeds.appinn.com/appinns/
[2025-06-01 16:02:10] 本次订阅抓取结果统计:
[2025-06-01 16:02:10] 共 45 条RSS, 成功抓取 44 条.
[2025-06-01 16:02:10] ✘ 有 1 条订阅解析失败:
[2025-06-01 16:02:10] - https://tcxx.info/feed
[2025-06-01 16:02:10] ✘ 有 4 条订阅头像无法访问, 已使用默认头像:
[2025-06-01 16:02:10] - http://feeds.feedburner.com/ruanyifeng
[2025-06-01 16:02:10] - https://www.loyhome.com/feed
[2025-06-01 16:02:10] - https://feeds.appinn.com/appinns/
[2025-06-01 16:02:10] - https://www.douban.com/feed/review/book
