[2025-06-11 00:04:15] 本次订阅抓取结果统计:
[2025-06-11 00:04:15] 共 45 条RSS, 成功抓取 44 条.
[2025-06-11 00:04:15] ✘ 有 1 条订阅解析失败:
[2025-06-11 00:04:15] - https://tcxx.info/feed
[2025-06-11 00:04:15] ✘ 有 3 条订阅头像无法访问, 已使用默认头像:
[2025-06-11 00:04:15] - http://feeds.feedburner.com/ruanyifeng
[2025-06-11 00:04:15] - https://www.loyhome.com/feed
[2025-06-11 00:04:15] - https://www.douban.com/feed/review/book
[2025-06-11 01:29:45] 本次订阅抓取结果统计:
[2025-06-11 01:29:45] 共 45 条RSS, 成功抓取 44 条.
[2025-06-11 01:29:45] ✘ 有 1 条订阅解析失败:
[2025-06-11 01:29:45] - https://tcxx.info/feed
[2025-06-11 01:29:45] ✘ 有 3 条订阅头像无法访问, 已使用默认头像:
[2025-06-11 01:29:45] - http://feeds.feedburner.com/ruanyifeng
[2025-06-11 01:29:45] - https://www.loyhome.com/feed
[2025-06-11 01:29:45] - https://www.douban.com/feed/review/book
[2025-06-11 02:31:57] 本次订阅抓取结果统计:
[2025-06-11 02:31:57] 共 45 条RSS, 成功抓取 44 条.
[2025-06-11 02:31:57] ✘ 有 1 条订阅解析失败:
[2025-06-11 02:31:57] - https://tcxx.info/feed
[2025-06-11 02:31:57] ✘ 有 4 条订阅头像无法访问, 已使用默认头像:
[2025-06-11 02:31:57] - http://feeds.feedburner.com/ruanyifeng
[2025-06-11 02:31:57] - https://www.loyhome.com/feed
[2025-06-11 02:31:57] - https://www.douban.com/feed/review/book
[2025-06-11 02:31:57] - https://feeds.appinn.com/appinns/
[2025-06-11 03:23:18] 本次订阅抓取结果统计:
[2025-06-11 03:23:18] 共 45 条RSS, 成功抓取 43 条.
[2025-06-11 03:23:18] ✘ 有 2 条订阅解析失败:
[2025-06-11 03:23:18] - https://tcxx.info/feed
[2025-06-11 03:23:18] - https://www.douban.com/feed/review/book
[2025-06-11 03:23:18] ✘ 有 2 条订阅头像无法访问, 已使用默认头像:
[2025-06-11 03:23:18] - http://feeds.feedburner.com/ruanyifeng
[2025-06-11 03:23:18] - https://www.loyhome.com/feed
[2025-06-11 04:07:22] 本次订阅抓取结果统计:
[2025-06-11 04:07:22] 共 45 条RSS, 成功抓取 44 条.
[2025-06-11 04:07:22] ✘ 有 1 条订阅解析失败:
[2025-06-11 04:07:22] - https://tcxx.info/feed
[2025-06-11 04:07:22] ✘ 有 4 条订阅头像无法访问, 已使用默认头像:
[2025-06-11 04:07:22] - http://feeds.feedburner.com/ruanyifeng
[2025-06-11 04:07:22] - https://www.loyhome.com/feed
[2025-06-11 04:07:22] - https://www.douban.com/feed/review/book
[2025-06-11 04:07:22] - https://feeds.appinn.com/appinns/
[2025-06-11 05:02:52] 本次订阅抓取结果统计:
[2025-06-11 05:02:52] 共 45 条RSS, 成功抓取 42 条.
[2025-06-11 05:02:52] ✘ 有 3 条订阅解析失败:
[2025-06-11 05:02:52] - https://tcxx.info/feed
[2025-06-11 05:02:52] - https://www.douban.com/feed/review/book
[2025-06-11 05:02:52] - https://diygod.cc/feed
[2025-06-11 05:02:52] ✘ 有 3 条订阅头像无法访问, 已使用默认头像:
[2025-06-11 05:02:52] - http://feeds.feedburner.com/ruanyifeng
[2025-06-11 05:02:52] - https://www.loyhome.com/feed
[2025-06-11 05:02:52] - https://feeds.appinn.com/appinns/
[2025-06-11 06:02:08] 本次订阅抓取结果统计:
[2025-06-11 06:02:08] 共 45 条RSS, 成功抓取 44 条.
[2025-06-11 06:02:08] ✘ 有 1 条订阅解析失败:
[2025-06-11 06:02:08] - https://tcxx.info/feed
[2025-06-11 06:02:08] ✘ 有 3 条订阅头像无法访问, 已使用默认头像:
[2025-06-11 06:02:08] - http://feeds.feedburner.com/ruanyifeng
[2025-06-11 06:02:08] - https://www.loyhome.com/feed
[2025-06-11 06:02:08] - https://www.douban.com/feed/review/book
[2025-06-11 07:02:05] 本次订阅抓取结果统计:
[2025-06-11 07:02:05] 共 45 条RSS, 成功抓取 44 条.
[2025-06-11 07:02:05] ✘ 有 1 条订阅解析失败:
[2025-06-11 07:02:05] - https://tcxx.info/feed
[2025-06-11 07:02:05] ✘ 有 3 条订阅头像无法访问, 已使用默认头像:
[2025-06-11 07:02:05] - http://feeds.feedburner.com/ruanyifeng
[2025-06-11 07:02:05] - https://www.loyhome.com/feed
[2025-06-11 07:02:05] - https://www.douban.com/feed/review/book
[2025-06-11 08:02:17] 本次订阅抓取结果统计:
[2025-06-11 08:02:17] 共 45 条RSS, 成功抓取 44 条.
[2025-06-11 08:02:17] ✘ 有 1 条订阅解析失败:
[2025-06-11 08:02:17] - https://tcxx.info/feed
[2025-06-11 08:02:17] ✘ 有 3 条订阅头像无法访问, 已使用默认头像:
[2025-06-11 08:02:17] - http://feeds.feedburner.com/ruanyifeng
[2025-06-11 08:02:17] - https://www.loyhome.com/feed
[2025-06-11 08:02:17] - https://www.douban.com/feed/review/book
[2025-06-11 09:02:35] 本次订阅抓取结果统计:
[2025-06-11 09:02:35] 共 45 条RSS, 成功抓取 43 条.
[2025-06-11 09:02:35] ✘ 有 1 条订阅解析失败:
[2025-06-11 09:02:35] - https://tcxx.info/feed
[2025-06-11 09:02:35] ✘ 有 1 条订阅为空:
[2025-06-11 09:02:35] - https://diygod.cc/feed
[2025-06-11 09:02:35] ✘ 有 3 条订阅头像无法访问, 已使用默认头像:
[2025-06-11 09:02:35] - http://feeds.feedburner.com/ruanyifeng
[2025-06-11 09:02:35] - https://www.loyhome.com/feed
[2025-06-11 09:02:35] - https://www.douban.com/feed/review/book
[2025-06-11 10:02:00] 本次订阅抓取结果统计:
[2025-06-11 10:02:00] 共 45 条RSS, 成功抓取 44 条.
[2025-06-11 10:02:00] ✘ 有 1 条订阅解析失败:
[2025-06-11 10:02:00] - https://tcxx.info/feed
[2025-06-11 10:02:00] ✘ 有 3 条订阅头像无法访问, 已使用默认头像:
[2025-06-11 10:02:00] - http://feeds.feedburner.com/ruanyifeng
[2025-06-11 10:02:00] - https://www.loyhome.com/feed
[2025-06-11 10:02:00] - https://www.douban.com/feed/review/book
[2025-06-11 11:01:59] 本次订阅抓取结果统计:
[2025-06-11 11:01:59] 共 45 条RSS, 成功抓取 44 条.
[2025-06-11 11:01:59] ✘ 有 1 条订阅解析失败:
[2025-06-11 11:01:59] - https://tcxx.info/feed
[2025-06-11 11:01:59] ✘ 有 4 条订阅头像无法访问, 已使用默认头像:
[2025-06-11 11:01:59] - http://feeds.feedburner.com/ruanyifeng
[2025-06-11 11:01:59] - https://www.loyhome.com/feed
[2025-06-11 11:01:59] - https://www.douban.com/feed/review/book
[2025-06-11 11:01:59] - https://feeds.appinn.com/appinns/
[2025-06-11 12:02:17] 本次订阅抓取结果统计:
[2025-06-11 12:02:17] 共 45 条RSS, 成功抓取 44 条.
[2025-06-11 12:02:17] ✘ 有 1 条订阅解析失败:
[2025-06-11 12:02:17] - https://tcxx.info/feed
[2025-06-11 12:02:17] ✘ 有 3 条订阅头像无法访问, 已使用默认头像:
[2025-06-11 12:02:17] - http://feeds.feedburner.com/ruanyifeng
[2025-06-11 12:02:17] - https://www.loyhome.com/feed
[2025-06-11 12:02:17] - https://www.douban.com/feed/review/book
[2025-06-11 13:11:48] 本次订阅抓取结果统计:
[2025-06-11 13:11:48] 共 45 条RSS, 成功抓取 44 条.
[2025-06-11 13:11:48] ✘ 有 1 条订阅解析失败:
[2025-06-11 13:11:48] - https://tcxx.info/feed
[2025-06-11 13:11:48] ✘ 有 4 条订阅头像无法访问, 已使用默认头像:
[2025-06-11 13:11:48] - http://feeds.feedburner.com/ruanyifeng
[2025-06-11 13:11:48] - https://www.loyhome.com/feed
[2025-06-11 13:11:48] - https://www.douban.com/feed/review/book
[2025-06-11 13:11:48] - https://feeds.appinn.com/appinns/
[2025-06-11 14:02:24] 本次订阅抓取结果统计:
[2025-06-11 14:02:24] 共 45 条RSS, 成功抓取 44 条.
[2025-06-11 14:02:24] ✘ 有 1 条订阅解析失败:
[2025-06-11 14:02:24] - https://tcxx.info/feed
[2025-06-11 14:02:24] ✘ 有 4 条订阅头像无法访问, 已使用默认头像:
[2025-06-11 14:02:24] - http://feeds.feedburner.com/ruanyifeng
[2025-06-11 14:02:24] - https://www.loyhome.com/feed
[2025-06-11 14:02:24] - https://feeds.appinn.com/appinns/
[2025-06-11 14:02:24] - https://www.douban.com/feed/review/book
[2025-06-11 15:02:07] 本次订阅抓取结果统计:
[2025-06-11 15:02:07] 共 45 条RSS, 成功抓取 44 条.
[2025-06-11 15:02:07] ✘ 有 1 条订阅解析失败:
[2025-06-11 15:02:07] - https://tcxx.info/feed
[2025-06-11 15:02:07] ✘ 有 4 条订阅头像无法访问, 已使用默认头像:
[2025-06-11 15:02:07] - http://feeds.feedburner.com/ruanyifeng
[2025-06-11 15:02:07] - https://www.loyhome.com/feed
[2025-06-11 15:02:07] - https://feeds.appinn.com/appinns/
[2025-06-11 15:02:07] - https://www.douban.com/feed/review/book
[2025-06-11 16:04:02] 本次订阅抓取结果统计:
[2025-06-11 16:04:02] 共 45 条RSS, 成功抓取 43 条.
[2025-06-11 16:04:02] ✘ 有 2 条订阅解析失败:
[2025-06-11 16:04:02] - https://tcxx.info/feed
[2025-06-11 16:04:02] - https://www.shephe.com/feed
[2025-06-11 16:04:02] ✘ 有 3 条订阅头像无法访问, 已使用默认头像:
[2025-06-11 16:04:02] - http://feeds.feedburner.com/ruanyifeng
[2025-06-11 16:04:02] - https://www.loyhome.com/feed
[2025-06-11 16:04:02] - https://www.douban.com/feed/review/book
[2025-06-11 17:02:03] 本次订阅抓取结果统计:
[2025-06-11 17:02:03] 共 45 条RSS, 成功抓取 44 条.
[2025-06-11 17:02:03] ✘ 有 1 条订阅解析失败:
[2025-06-11 17:02:03] - https://tcxx.info/feed
[2025-06-11 17:02:03] ✘ 有 3 条订阅头像无法访问, 已使用默认头像:
[2025-06-11 17:02:03] - http://feeds.feedburner.com/ruanyifeng
[2025-06-11 17:02:03] - https://www.loyhome.com/feed
[2025-06-11 17:02:03] - https://www.douban.com/feed/review/book
[2025-06-11 18:02:11] 本次订阅抓取结果统计:
[2025-06-11 18:02:11] 共 45 条RSS, 成功抓取 44 条.
[2025-06-11 18:02:11] ✘ 有 1 条订阅解析失败:
[2025-06-11 18:02:11] - https://tcxx.info/feed
[2025-06-11 18:02:11] ✘ 有 4 条订阅头像无法访问, 已使用默认头像:
[2025-06-11 18:02:11] - http://feeds.feedburner.com/ruanyifeng
[2025-06-11 18:02:11] - https://www.loyhome.com/feed
[2025-06-11 18:02:11] - https://www.douban.com/feed/review/book
[2025-06-11 18:02:11] - https://feeds.appinn.com/appinns/
