[2025-03-18 01:15:45] 本次订阅抓取结果统计:
[2025-03-18 01:15:45] 共 28 条RSS, 成功抓取 27 条.
[2025-03-18 01:15:45] ✘ 有 1 条订阅解析失败:
[2025-03-18 01:15:45] - https://tcxx.info/feed
[2025-03-18 01:15:45] ✘ 有 3 条订阅头像无法访问, 已使用默认头像:
[2025-03-18 01:15:45] - http://feeds.feedburner.com/ruanyifeng
[2025-03-18 01:15:45] - https://www.loyhome.com/feed
[2025-03-18 01:15:45] - https://xyzbz.cn/feed
[2025-03-18 02:56:53] 本次订阅抓取结果统计:
[2025-03-18 02:56:53] 共 28 条RSS, 成功抓取 27 条.
[2025-03-18 02:56:53] ✘ 有 1 条订阅解析失败:
[2025-03-18 02:56:53] - https://tcxx.info/feed
[2025-03-18 02:56:53] ✘ 有 3 条订阅头像无法访问, 已使用默认头像:
[2025-03-18 02:56:53] - http://feeds.feedburner.com/ruanyifeng
[2025-03-18 02:56:53] - https://www.loyhome.com/feed
[2025-03-18 02:56:53] - https://blog.zhheo.com/rss.xml
[2025-03-18 03:30:15] 本次订阅抓取结果统计:
[2025-03-18 03:30:15] 共 28 条RSS, 成功抓取 27 条.
[2025-03-18 03:30:15] ✘ 有 1 条订阅解析失败:
[2025-03-18 03:30:15] - https://tcxx.info/feed
[2025-03-18 03:30:15] ✘ 有 2 条订阅头像无法访问, 已使用默认头像:
[2025-03-18 03:30:15] - http://feeds.feedburner.com/ruanyifeng
[2025-03-18 03:30:15] - https://www.loyhome.com/feed
[2025-03-18 04:20:08] 本次订阅抓取结果统计:
[2025-03-18 04:20:08] 共 28 条RSS, 成功抓取 27 条.
[2025-03-18 04:20:08] ✘ 有 1 条订阅解析失败:
[2025-03-18 04:20:08] - https://tcxx.info/feed
[2025-03-18 04:20:08] ✘ 有 2 条订阅头像无法访问, 已使用默认头像:
[2025-03-18 04:20:08] - http://feeds.feedburner.com/ruanyifeng
[2025-03-18 04:20:08] - https://www.loyhome.com/feed
[2025-03-18 05:16:32] 本次订阅抓取结果统计:
[2025-03-18 05:16:32] 共 28 条RSS, 成功抓取 28 条.
[2025-03-18 05:16:32] ✘ 有 2 条订阅头像无法访问, 已使用默认头像:
[2025-03-18 05:16:32] - http://feeds.feedburner.com/ruanyifeng
[2025-03-18 05:16:32] - https://www.loyhome.com/feed
[2025-03-18 06:23:11] 本次订阅抓取结果统计:
[2025-03-18 06:23:11] 共 28 条RSS, 成功抓取 28 条.
[2025-03-18 06:23:11] ✘ 有 2 条订阅头像无法访问, 已使用默认头像:
[2025-03-18 06:23:11] - http://feeds.feedburner.com/ruanyifeng
[2025-03-18 06:23:11] - https://www.loyhome.com/feed
[2025-03-18 07:17:18] 本次订阅抓取结果统计:
[2025-03-18 07:17:18] 共 28 条RSS, 成功抓取 27 条.
[2025-03-18 07:17:18] ✘ 有 1 条订阅解析失败:
[2025-03-18 07:17:18] - https://tcxx.info/feed
[2025-03-18 07:17:18] ✘ 有 2 条订阅头像无法访问, 已使用默认头像:
[2025-03-18 07:17:18] - http://feeds.feedburner.com/ruanyifeng
[2025-03-18 07:17:18] - https://www.loyhome.com/feed
[2025-03-18 08:21:32] 本次订阅抓取结果统计:
[2025-03-18 08:21:32] 共 28 条RSS, 成功抓取 27 条.
[2025-03-18 08:21:32] ✘ 有 1 条订阅解析失败:
[2025-03-18 08:21:32] - https://tcxx.info/feed
[2025-03-18 08:21:32] ✘ 有 2 条订阅头像无法访问, 已使用默认头像:
[2025-03-18 08:21:32] - http://feeds.feedburner.com/ruanyifeng
[2025-03-18 08:21:32] - https://www.loyhome.com/feed
[2025-03-18 09:18:36] 本次订阅抓取结果统计:
[2025-03-18 09:18:36] 共 28 条RSS, 成功抓取 26 条.
[2025-03-18 09:18:36] ✘ 有 2 条订阅解析失败:
[2025-03-18 09:18:36] - https://tcxx.info/feed
[2025-03-18 09:18:36] - https://geekinney.com/index.xml
[2025-03-18 09:18:36] ✘ 有 2 条订阅头像无法访问, 已使用默认头像:
[2025-03-18 09:18:36] - http://feeds.feedburner.com/ruanyifeng
[2025-03-18 09:18:36] - https://www.loyhome.com/feed
[2025-03-18 10:17:51] 本次订阅抓取结果统计:
[2025-03-18 10:17:51] 共 28 条RSS, 成功抓取 26 条.
[2025-03-18 10:17:51] ✘ 有 2 条订阅解析失败:
[2025-03-18 10:17:51] - https://tcxx.info/feed
[2025-03-18 10:17:51] - https://geekinney.com/index.xml
[2025-03-18 10:17:51] ✘ 有 2 条订阅头像无法访问, 已使用默认头像:
[2025-03-18 10:17:51] - http://feeds.feedburner.com/ruanyifeng
[2025-03-18 10:17:51] - https://www.loyhome.com/feed
[2025-03-18 11:13:47] 本次订阅抓取结果统计:
[2025-03-18 11:13:47] 共 28 条RSS, 成功抓取 27 条.
[2025-03-18 11:13:47] ✘ 有 1 条订阅解析失败:
[2025-03-18 11:13:47] - https://geekinney.com/index.xml
[2025-03-18 11:13:47] ✘ 有 3 条订阅头像无法访问, 已使用默认头像:
[2025-03-18 11:13:47] - http://feeds.feedburner.com/ruanyifeng
[2025-03-18 11:13:47] - https://www.loyhome.com/feed
[2025-03-18 11:13:47] - https://blog.yanqingshan.com/feed
[2025-03-18 12:33:10] 本次订阅抓取结果统计:
[2025-03-18 12:33:10] 共 28 条RSS, 成功抓取 27 条.
[2025-03-18 12:33:10] ✘ 有 1 条订阅解析失败:
[2025-03-18 12:33:10] - https://geekinney.com/index.xml
[2025-03-18 12:33:10] ✘ 有 2 条订阅头像无法访问, 已使用默认头像:
[2025-03-18 12:33:10] - http://feeds.feedburner.com/ruanyifeng
[2025-03-18 12:33:10] - https://www.loyhome.com/feed
[2025-03-18 13:25:15] 本次订阅抓取结果统计:
[2025-03-18 13:25:15] 共 28 条RSS, 成功抓取 27 条.
[2025-03-18 13:25:15] ✘ 有 1 条订阅解析失败:
[2025-03-18 13:25:15] - https://geekinney.com/index.xml
[2025-03-18 13:25:15] ✘ 有 2 条订阅头像无法访问, 已使用默认头像:
[2025-03-18 13:25:15] - http://feeds.feedburner.com/ruanyifeng
[2025-03-18 13:25:15] - https://www.loyhome.com/feed
[2025-03-18 14:16:18] 本次订阅抓取结果统计:
[2025-03-18 14:16:18] 共 28 条RSS, 成功抓取 26 条.
[2025-03-18 14:16:18] ✘ 有 2 条订阅解析失败:
[2025-03-18 14:16:18] - https://tcxx.info/feed
[2025-03-18 14:16:18] - https://geekinney.com/index.xml
[2025-03-18 14:16:18] ✘ 有 2 条订阅头像无法访问, 已使用默认头像:
[2025-03-18 14:16:18] - http://feeds.feedburner.com/ruanyifeng
[2025-03-18 14:16:18] - https://www.loyhome.com/feed
[2025-03-18 15:18:35] 本次订阅抓取结果统计:
[2025-03-18 15:18:35] 共 28 条RSS, 成功抓取 26 条.
[2025-03-18 15:18:35] ✘ 有 2 条订阅解析失败:
[2025-03-18 15:18:35] - https://tcxx.info/feed
[2025-03-18 15:18:35] - https://geekinney.com/index.xml
[2025-03-18 15:18:35] ✘ 有 2 条订阅头像无法访问, 已使用默认头像:
[2025-03-18 15:18:35] - http://feeds.feedburner.com/ruanyifeng
[2025-03-18 15:18:35] - https://www.loyhome.com/feed
[2025-03-18 16:21:24] 本次订阅抓取结果统计:
[2025-03-18 16:21:24] 共 28 条RSS, 成功抓取 26 条.
[2025-03-18 16:21:24] ✘ 有 2 条订阅解析失败:
[2025-03-18 16:21:24] - https://tcxx.info/feed
[2025-03-18 16:21:24] - https://geekinney.com/index.xml
[2025-03-18 16:21:24] ✘ 有 2 条订阅头像无法访问, 已使用默认头像:
[2025-03-18 16:21:24] - http://feeds.feedburner.com/ruanyifeng
[2025-03-18 16:21:24] - https://www.loyhome.com/feed
