[2025-06-05 00:06:40] 本次订阅抓取结果统计:
[2025-06-05 00:06:40] 共 45 条RSS, 成功抓取 42 条.
[2025-06-05 00:06:40] ✘ 有 3 条订阅解析失败:
[2025-06-05 00:06:40] - https://tcxx.info/feed
[2025-06-05 00:06:40] - https://sspai.com/feed
[2025-06-05 00:06:40] - https://www.shephe.com/feed
[2025-06-05 00:06:40] ✘ 有 3 条订阅头像无法访问, 已使用默认头像:
[2025-06-05 00:06:40] - http://feeds.feedburner.com/ruanyifeng
[2025-06-05 00:06:40] - https://www.loyhome.com/feed
[2025-06-05 00:06:40] - https://www.douban.com/feed/review/book
[2025-06-05 01:33:42] 本次订阅抓取结果统计:
[2025-06-05 01:33:42] 共 45 条RSS, 成功抓取 42 条.
[2025-06-05 01:33:42] ✘ 有 3 条订阅解析失败:
[2025-06-05 01:33:42] - https://tcxx.info/feed
[2025-06-05 01:33:42] - https://sspai.com/feed
[2025-06-05 01:33:42] - https://www.shephe.com/feed
[2025-06-05 01:33:42] ✘ 有 4 条订阅头像无法访问, 已使用默认头像:
[2025-06-05 01:33:42] - http://feeds.feedburner.com/ruanyifeng
[2025-06-05 01:33:42] - https://www.loyhome.com/feed
[2025-06-05 01:33:42] - https://www.douban.com/feed/review/book
[2025-06-05 01:33:42] - https://feeds.appinn.com/appinns/
[2025-06-05 02:34:02] 本次订阅抓取结果统计:
[2025-06-05 02:34:02] 共 45 条RSS, 成功抓取 42 条.
[2025-06-05 02:34:02] ✘ 有 3 条订阅解析失败:
[2025-06-05 02:34:02] - https://tcxx.info/feed
[2025-06-05 02:34:02] - https://sspai.com/feed
[2025-06-05 02:34:02] - https://www.shephe.com/feed
[2025-06-05 02:34:02] ✘ 有 4 条订阅头像无法访问, 已使用默认头像:
[2025-06-05 02:34:02] - http://feeds.feedburner.com/ruanyifeng
[2025-06-05 02:34:02] - https://www.loyhome.com/feed
[2025-06-05 02:34:02] - https://www.douban.com/feed/review/book
[2025-06-05 02:34:02] - https://feeds.appinn.com/appinns/
[2025-06-05 03:28:19] 本次订阅抓取结果统计:
[2025-06-05 03:28:19] 共 45 条RSS, 成功抓取 41 条.
[2025-06-05 03:28:19] ✘ 有 4 条订阅解析失败:
[2025-06-05 03:28:19] - https://tcxx.info/feed
[2025-06-05 03:28:19] - https://www.douban.com/feed/review/book
[2025-06-05 03:28:19] - https://sspai.com/feed
[2025-06-05 03:28:19] - https://www.shephe.com/feed
[2025-06-05 03:28:19] ✘ 有 3 条订阅头像无法访问, 已使用默认头像:
[2025-06-05 03:28:19] - http://feeds.feedburner.com/ruanyifeng
[2025-06-05 03:28:19] - https://www.loyhome.com/feed
[2025-06-05 03:28:19] - https://feeds.appinn.com/appinns/
[2025-06-05 04:09:57] 本次订阅抓取结果统计:
[2025-06-05 04:09:57] 共 45 条RSS, 成功抓取 43 条.
[2025-06-05 04:09:57] ✘ 有 2 条订阅解析失败:
[2025-06-05 04:09:57] - https://tcxx.info/feed
[2025-06-05 04:09:57] - https://www.shephe.com/feed
[2025-06-05 04:09:57] ✘ 有 4 条订阅头像无法访问, 已使用默认头像:
[2025-06-05 04:09:57] - http://feeds.feedburner.com/ruanyifeng
[2025-06-05 04:09:57] - https://www.loyhome.com/feed
[2025-06-05 04:09:57] - https://www.douban.com/feed/review/book
[2025-06-05 04:09:57] - https://feeds.appinn.com/appinns/
[2025-06-05 05:06:58] 本次订阅抓取结果统计:
[2025-06-05 05:06:58] 共 45 条RSS, 成功抓取 42 条.
[2025-06-05 05:06:58] ✘ 有 3 条订阅解析失败:
[2025-06-05 05:06:58] - https://tcxx.info/feed
[2025-06-05 05:06:58] - https://sspai.com/feed
[2025-06-05 05:06:58] - https://www.shephe.com/feed
[2025-06-05 05:06:58] ✘ 有 4 条订阅头像无法访问, 已使用默认头像:
[2025-06-05 05:06:58] - http://feeds.feedburner.com/ruanyifeng
[2025-06-05 05:06:58] - https://www.loyhome.com/feed
[2025-06-05 05:06:58] - https://www.douban.com/feed/review/book
[2025-06-05 05:06:58] - https://feeds.appinn.com/appinns/
[2025-06-05 06:07:27] 本次订阅抓取结果统计:
[2025-06-05 06:07:27] 共 45 条RSS, 成功抓取 42 条.
[2025-06-05 06:07:27] ✘ 有 3 条订阅解析失败:
[2025-06-05 06:07:27] - https://tcxx.info/feed
[2025-06-05 06:07:27] - https://sspai.com/feed
[2025-06-05 06:07:27] - https://www.shephe.com/feed
[2025-06-05 06:07:27] ✘ 有 4 条订阅头像无法访问, 已使用默认头像:
[2025-06-05 06:07:27] - http://feeds.feedburner.com/ruanyifeng
[2025-06-05 06:07:27] - https://www.loyhome.com/feed
[2025-06-05 06:07:27] - https://xyzbz.cn/feed
[2025-06-05 06:07:27] - https://www.douban.com/feed/review/book
[2025-06-05 07:03:57] 本次订阅抓取结果统计:
[2025-06-05 07:03:57] 共 45 条RSS, 成功抓取 42 条.
[2025-06-05 07:03:57] ✘ 有 3 条订阅解析失败:
[2025-06-05 07:03:57] - https://tcxx.info/feed
[2025-06-05 07:03:57] - https://sspai.com/feed
[2025-06-05 07:03:57] - https://www.shephe.com/feed
[2025-06-05 07:03:57] ✘ 有 3 条订阅头像无法访问, 已使用默认头像:
[2025-06-05 07:03:57] - http://feeds.feedburner.com/ruanyifeng
[2025-06-05 07:03:57] - https://www.loyhome.com/feed
[2025-06-05 07:03:57] - https://www.douban.com/feed/review/book
[2025-06-05 08:07:27] 本次订阅抓取结果统计:
[2025-06-05 08:07:27] 共 45 条RSS, 成功抓取 42 条.
[2025-06-05 08:07:27] ✘ 有 3 条订阅解析失败:
[2025-06-05 08:07:27] - https://tcxx.info/feed
[2025-06-05 08:07:27] - https://sspai.com/feed
[2025-06-05 08:07:27] - https://www.shephe.com/feed
[2025-06-05 08:07:27] ✘ 有 4 条订阅头像无法访问, 已使用默认头像:
[2025-06-05 08:07:27] - http://feeds.feedburner.com/ruanyifeng
[2025-06-05 08:07:27] - https://www.loyhome.com/feed
[2025-06-05 08:07:27] - https://feeds.appinn.com/appinns/
[2025-06-05 08:07:27] - https://www.douban.com/feed/review/book
[2025-06-05 09:06:58] 本次订阅抓取结果统计:
[2025-06-05 09:06:58] 共 45 条RSS, 成功抓取 42 条.
[2025-06-05 09:06:58] ✘ 有 3 条订阅解析失败:
[2025-06-05 09:06:58] - https://tcxx.info/feed
[2025-06-05 09:06:58] - https://sspai.com/feed
[2025-06-05 09:06:58] - https://www.shephe.com/feed
[2025-06-05 09:06:58] ✘ 有 4 条订阅头像无法访问, 已使用默认头像:
[2025-06-05 09:06:58] - https://www.loyhome.com/feed
[2025-06-05 09:06:58] - http://feeds.feedburner.com/ruanyifeng
[2025-06-05 09:06:58] - https://feeds.appinn.com/appinns/
[2025-06-05 09:06:58] - https://www.douban.com/feed/review/book
[2025-06-05 10:03:58] 本次订阅抓取结果统计:
[2025-06-05 10:03:58] 共 45 条RSS, 成功抓取 43 条.
[2025-06-05 10:03:58] ✘ 有 2 条订阅解析失败:
[2025-06-05 10:03:58] - https://tcxx.info/feed
[2025-06-05 10:03:58] - https://www.shephe.com/feed
[2025-06-05 10:03:58] ✘ 有 3 条订阅头像无法访问, 已使用默认头像:
[2025-06-05 10:03:58] - http://feeds.feedburner.com/ruanyifeng
[2025-06-05 10:03:58] - https://www.loyhome.com/feed
[2025-06-05 10:03:58] - https://www.douban.com/feed/review/book
[2025-06-05 11:03:38] 本次订阅抓取结果统计:
[2025-06-05 11:03:38] 共 45 条RSS, 成功抓取 43 条.
[2025-06-05 11:03:38] ✘ 有 2 条订阅解析失败:
[2025-06-05 11:03:38] - https://tcxx.info/feed
[2025-06-05 11:03:38] - https://www.shephe.com/feed
[2025-06-05 11:03:38] ✘ 有 3 条订阅头像无法访问, 已使用默认头像:
[2025-06-05 11:03:38] - http://feeds.feedburner.com/ruanyifeng
[2025-06-05 11:03:38] - https://www.loyhome.com/feed
[2025-06-05 11:03:38] - https://www.douban.com/feed/review/book
[2025-06-05 12:06:39] 本次订阅抓取结果统计:
[2025-06-05 12:06:39] 共 45 条RSS, 成功抓取 43 条.
[2025-06-05 12:06:39] ✘ 有 2 条订阅解析失败:
[2025-06-05 12:06:39] - https://tcxx.info/feed
[2025-06-05 12:06:39] - https://www.shephe.com/feed
[2025-06-05 12:06:39] ✘ 有 4 条订阅头像无法访问, 已使用默认头像:
[2025-06-05 12:06:39] - http://feeds.feedburner.com/ruanyifeng
[2025-06-05 12:06:39] - https://www.loyhome.com/feed
[2025-06-05 12:06:39] - https://www.douban.com/feed/review/book
[2025-06-05 12:06:39] - https://feeds.appinn.com/appinns/
[2025-06-05 13:13:31] 本次订阅抓取结果统计:
[2025-06-05 13:13:31] 共 45 条RSS, 成功抓取 43 条.
[2025-06-05 13:13:31] ✘ 有 2 条订阅解析失败:
[2025-06-05 13:13:31] - https://tcxx.info/feed
[2025-06-05 13:13:31] - https://www.shephe.com/feed
[2025-06-05 13:13:31] ✘ 有 3 条订阅头像无法访问, 已使用默认头像:
[2025-06-05 13:13:31] - http://feeds.feedburner.com/ruanyifeng
[2025-06-05 13:13:31] - https://www.loyhome.com/feed
[2025-06-05 13:13:31] - https://www.douban.com/feed/review/book
[2025-06-05 14:03:40] 本次订阅抓取结果统计:
[2025-06-05 14:03:40] 共 45 条RSS, 成功抓取 43 条.
[2025-06-05 14:03:40] ✘ 有 2 条订阅解析失败:
[2025-06-05 14:03:40] - https://tcxx.info/feed
[2025-06-05 14:03:40] - https://www.shephe.com/feed
[2025-06-05 14:03:40] ✘ 有 4 条订阅头像无法访问, 已使用默认头像:
[2025-06-05 14:03:40] - http://feeds.feedburner.com/ruanyifeng
[2025-06-05 14:03:40] - https://www.loyhome.com/feed
[2025-06-05 14:03:40] - https://www.douban.com/feed/review/book
[2025-06-05 14:03:40] - https://feeds.appinn.com/appinns/
[2025-06-05 15:06:41] 本次订阅抓取结果统计:
[2025-06-05 15:06:41] 共 45 条RSS, 成功抓取 43 条.
[2025-06-05 15:06:41] ✘ 有 2 条订阅解析失败:
[2025-06-05 15:06:41] - https://tcxx.info/feed
[2025-06-05 15:06:41] - https://www.shephe.com/feed
[2025-06-05 15:06:41] ✘ 有 4 条订阅头像无法访问, 已使用默认头像:
[2025-06-05 15:06:41] - http://feeds.feedburner.com/ruanyifeng
[2025-06-05 15:06:41] - https://www.loyhome.com/feed
[2025-06-05 15:06:41] - https://www.douban.com/feed/review/book
[2025-06-05 15:06:41] - https://feeds.appinn.com/appinns/
[2025-06-05 16:01:57] 本次订阅抓取结果统计:
[2025-06-05 16:01:57] 共 45 条RSS, 成功抓取 44 条.
[2025-06-05 16:01:57] ✘ 有 1 条订阅解析失败:
[2025-06-05 16:01:57] - https://tcxx.info/feed
[2025-06-05 16:01:57] ✘ 有 4 条订阅头像无法访问, 已使用默认头像:
[2025-06-05 16:01:57] - http://feeds.feedburner.com/ruanyifeng
[2025-06-05 16:01:57] - https://www.loyhome.com/feed
[2025-06-05 16:01:57] - https://www.douban.com/feed/review/book
[2025-06-05 16:01:57] - https://feeds.appinn.com/appinns/
[2025-06-05 17:01:43] 本次订阅抓取结果统计:
[2025-06-05 17:01:43] 共 45 条RSS, 成功抓取 44 条.
[2025-06-05 17:01:43] ✘ 有 1 条订阅解析失败:
[2025-06-05 17:01:43] - https://tcxx.info/feed
[2025-06-05 17:01:43] ✘ 有 4 条订阅头像无法访问, 已使用默认头像:
[2025-06-05 17:01:43] - http://feeds.feedburner.com/ruanyifeng
[2025-06-05 17:01:43] - https://www.loyhome.com/feed
[2025-06-05 17:01:43] - https://www.douban.com/feed/review/book
[2025-06-05 17:01:43] - https://feeds.appinn.com/appinns/
[2025-06-05 19:02:06] 本次订阅抓取结果统计:
[2025-06-05 19:02:06] 共 45 条RSS, 成功抓取 44 条.
[2025-06-05 19:02:06] ✘ 有 1 条订阅解析失败:
[2025-06-05 19:02:06] - https://tcxx.info/feed
[2025-06-05 19:02:06] ✘ 有 4 条订阅头像无法访问, 已使用默认头像:
[2025-06-05 19:02:06] - http://feeds.feedburner.com/ruanyifeng
[2025-06-05 19:02:06] - https://www.loyhome.com/feed
[2025-06-05 19:02:06] - https://www.douban.com/feed/review/book
[2025-06-05 19:02:06] - https://feeds.appinn.com/appinns/
[2025-06-05 20:02:11] 本次订阅抓取结果统计:
[2025-06-05 20:02:11] 共 45 条RSS, 成功抓取 44 条.
[2025-06-05 20:02:11] ✘ 有 1 条订阅解析失败:
[2025-06-05 20:02:11] - https://tcxx.info/feed
[2025-06-05 20:02:11] ✘ 有 4 条订阅头像无法访问, 已使用默认头像:
[2025-06-05 20:02:11] - http://feeds.feedburner.com/ruanyifeng
[2025-06-05 20:02:11] - https://www.loyhome.com/feed
[2025-06-05 20:02:11] - https://www.douban.com/feed/review/book
[2025-06-05 20:02:11] - https://feeds.appinn.com/appinns/
[2025-06-05 21:01:54] 抓取到的文章与现有数据相同，无需更新。
[2025-06-05 22:01:42] 抓取到的文章与现有数据相同，无需更新。
[2025-06-05 23:02:10] 本次订阅抓取结果统计:
[2025-06-05 23:02:10] 共 45 条RSS, 成功抓取 44 条.
[2025-06-05 23:02:10] ✘ 有 1 条订阅解析失败:
[2025-06-05 23:02:10] - https://tcxx.info/feed
[2025-06-05 23:02:10] ✘ 有 4 条订阅头像无法访问, 已使用默认头像:
[2025-06-05 23:02:10] - http://feeds.feedburner.com/ruanyifeng
[2025-06-05 23:02:10] - https://www.loyhome.com/feed
[2025-06-05 23:02:10] - https://www.douban.com/feed/review/book
[2025-06-05 23:02:10] - https://feeds.appinn.com/appinns/
