[2025-07-13 00:04:47] 本次订阅抓取结果统计:
[2025-07-13 00:04:47] 共 49 条RSS, 成功抓取 48 条.
[2025-07-13 00:04:47] ✘ 有 1 条订阅解析失败:
[2025-07-13 00:04:47] - https://tcxx.info/feed
[2025-07-13 00:04:47] ✘ 有 4 条订阅头像无法访问, 已使用默认头像:
[2025-07-13 00:04:47] - http://feeds.feedburner.com/ruanyifeng
[2025-07-13 00:04:47] - https://www.loyhome.com/feed
[2025-07-13 00:04:47] - https://a4.zyzhang.com/index.xml
[2025-07-13 00:04:47] - https://www.douban.com/feed/review/book
[2025-07-13 01:30:23] 本次订阅抓取结果统计:
[2025-07-13 01:30:23] 共 49 条RSS, 成功抓取 47 条.
[2025-07-13 01:30:23] ✘ 有 2 条订阅解析失败:
[2025-07-13 01:30:23] - https://tcxx.info/feed
[2025-07-13 01:30:23] - https://www.douban.com/feed/review/book
[2025-07-13 01:30:23] ✘ 有 3 条订阅头像无法访问, 已使用默认头像:
[2025-07-13 01:30:23] - http://feeds.feedburner.com/ruanyifeng
[2025-07-13 01:30:23] - https://www.loyhome.com/feed
[2025-07-13 01:30:23] - https://a4.zyzhang.com/index.xml
[2025-07-13 02:42:45] 本次订阅抓取结果统计:
[2025-07-13 02:42:45] 共 49 条RSS, 成功抓取 48 条.
[2025-07-13 02:42:45] ✘ 有 1 条订阅解析失败:
[2025-07-13 02:42:45] - https://tcxx.info/feed
[2025-07-13 02:42:45] ✘ 有 4 条订阅头像无法访问, 已使用默认头像:
[2025-07-13 02:42:45] - http://feeds.feedburner.com/ruanyifeng
[2025-07-13 02:42:45] - https://www.loyhome.com/feed
[2025-07-13 02:42:45] - https://a4.zyzhang.com/index.xml
[2025-07-13 02:42:45] - https://www.douban.com/feed/review/book
[2025-07-13 03:29:53] 本次订阅抓取结果统计:
[2025-07-13 03:29:53] 共 49 条RSS, 成功抓取 48 条.
[2025-07-13 03:29:53] ✘ 有 1 条订阅解析失败:
[2025-07-13 03:29:53] - https://tcxx.info/feed
[2025-07-13 03:29:53] ✘ 有 4 条订阅头像无法访问, 已使用默认头像:
[2025-07-13 03:29:53] - http://feeds.feedburner.com/ruanyifeng
[2025-07-13 03:29:53] - https://www.loyhome.com/feed
[2025-07-13 03:29:53] - https://a4.zyzhang.com/index.xml
[2025-07-13 03:29:53] - https://www.douban.com/feed/review/book
