[2025-11-16 00:05:18] 本次订阅抓取结果统计:
[2025-11-16 00:05:18] 共 63 条RSS, 成功抓取 54 条.
[2025-11-16 00:05:18] ✘ 有 8 条订阅解析失败:
[2025-11-16 00:05:18] - https://tcxx.info/feed
[2025-11-16 00:05:18] - https://tumutanzi.com/feed
[2025-11-16 00:05:18] - https://geekinney.com/index.xml
[2025-11-16 00:05:18] - https://blog.twofei.com/rss
[2025-11-16 00:05:18] - https://suus.me/index.xml
[2025-11-16 00:05:18] - https://yinwang1.substack.com/feed
[2025-11-16 00:05:18] - https://botanwang.com/rss.xml
[2025-11-16 00:05:18] - https://www.shephe.com/feed
[2025-11-16 00:05:18] ✘ 有 1 条订阅为空:
[2025-11-16 00:05:18] - http://feeds.feedburner.com/zhihu-daily
[2025-11-16 00:05:18] ✘ 有 1 条订阅头像字段为空, 已使用默认头像:
[2025-11-16 00:05:18] - https://feed.cnblogs.com/blog/u/66551/rss/
[2025-11-16 00:05:18] ✘ 有 3 条订阅头像无法访问, 已使用默认头像:
[2025-11-16 00:05:18] - http://feeds.feedburner.com/ruanyifeng
[2025-11-16 00:05:18] - https://skywind.me/blog/feed
[2025-11-16 00:05:18] - https://www.douban.com/feed/review/book
[2025-11-16 01:39:24] 本次订阅抓取结果统计:
[2025-11-16 01:39:24] 共 63 条RSS, 成功抓取 53 条.
[2025-11-16 01:39:24] ✘ 有 9 条订阅解析失败:
[2025-11-16 01:39:24] - https://tcxx.info/feed
[2025-11-16 01:39:24] - https://tumutanzi.com/feed
[2025-11-16 01:39:24] - https://geekinney.com/index.xml
[2025-11-16 01:39:24] - https://blog.twofei.com/rss
[2025-11-16 01:39:24] - https://suus.me/index.xml
[2025-11-16 01:39:24] - https://yinwang1.substack.com/feed
[2025-11-16 01:39:24] - https://botanwang.com/rss.xml
[2025-11-16 01:39:24] - https://www.douban.com/feed/review/book
[2025-11-16 01:39:24] - https://www.shephe.com/feed
[2025-11-16 01:39:24] ✘ 有 1 条订阅为空:
[2025-11-16 01:39:24] - http://feeds.feedburner.com/zhihu-daily
[2025-11-16 01:39:24] ✘ 有 1 条订阅头像字段为空, 已使用默认头像:
[2025-11-16 01:39:24] - https://feed.cnblogs.com/blog/u/66551/rss/
[2025-11-16 01:39:24] ✘ 有 2 条订阅头像无法访问, 已使用默认头像:
[2025-11-16 01:39:24] - http://feeds.feedburner.com/ruanyifeng
[2025-11-16 01:39:24] - https://skywind.me/blog/feed
[2025-11-16 02:33:00] 本次订阅抓取结果统计:
[2025-11-16 02:33:00] 共 63 条RSS, 成功抓取 54 条.
[2025-11-16 02:33:00] ✘ 有 8 条订阅解析失败:
[2025-11-16 02:33:00] - https://tcxx.info/feed
[2025-11-16 02:33:00] - https://tumutanzi.com/feed
[2025-11-16 02:33:00] - https://geekinney.com/index.xml
[2025-11-16 02:33:00] - https://blog.twofei.com/rss
[2025-11-16 02:33:00] - https://suus.me/index.xml
[2025-11-16 02:33:00] - https://yinwang1.substack.com/feed
[2025-11-16 02:33:00] - https://botanwang.com/rss.xml
[2025-11-16 02:33:00] - https://www.shephe.com/feed
[2025-11-16 02:33:00] ✘ 有 1 条订阅为空:
[2025-11-16 02:33:00] - http://feeds.feedburner.com/zhihu-daily
[2025-11-16 02:33:00] ✘ 有 1 条订阅头像字段为空, 已使用默认头像:
[2025-11-16 02:33:00] - https://feed.cnblogs.com/blog/u/66551/rss/
[2025-11-16 02:33:00] ✘ 有 3 条订阅头像无法访问, 已使用默认头像:
[2025-11-16 02:33:00] - http://feeds.feedburner.com/ruanyifeng
[2025-11-16 02:33:00] - https://skywind.me/blog/feed
[2025-11-16 02:33:00] - https://www.douban.com/feed/review/book
[2025-11-16 03:25:34] 抓取到的文章与现有数据相同，无需更新。
