[2025-11-03 00:04:52] 抓取到的文章与现有数据相同，无需更新。
[2025-11-03 01:29:55] 本次订阅抓取结果统计:
[2025-11-03 01:29:55] 共 63 条RSS, 成功抓取 56 条.
[2025-11-03 01:29:55] ✘ 有 6 条订阅解析失败:
[2025-11-03 01:29:55] - https://tcxx.info/feed
[2025-11-03 01:29:55] - https://tumutanzi.com/feed
[2025-11-03 01:29:55] - https://geekinney.com/index.xml
[2025-11-03 01:29:55] - https://suus.me/index.xml
[2025-11-03 01:29:55] - https://yinwang1.substack.com/feed
[2025-11-03 01:29:55] - https://botanwang.com/rss.xml
[2025-11-03 01:29:55] ✘ 有 1 条订阅为空:
[2025-11-03 01:29:55] - http://feeds.feedburner.com/zhihu-daily
[2025-11-03 01:29:55] ✘ 有 1 条订阅头像字段为空, 已使用默认头像:
[2025-11-03 01:29:55] - https://feed.cnblogs.com/blog/u/66551/rss/
[2025-11-03 01:29:55] ✘ 有 3 条订阅头像无法访问, 已使用默认头像:
[2025-11-03 01:29:55] - http://feeds.feedburner.com/ruanyifeng
[2025-11-03 01:29:55] - https://skywind.me/blog/feed
[2025-11-03 01:29:55] - https://www.douban.com/feed/review/book
[2025-11-03 02:31:38] 抓取到的文章与现有数据相同，无需更新。
[2025-11-03 03:24:32] 抓取到的文章与现有数据相同，无需更新。
[2025-11-03 04:06:33] 抓取到的文章与现有数据相同，无需更新。
[2025-11-03 05:01:49] 本次订阅抓取结果统计:
[2025-11-03 05:01:49] 共 63 条RSS, 成功抓取 55 条.
[2025-11-03 05:01:49] ✘ 有 7 条订阅解析失败:
[2025-11-03 05:01:49] - https://tumutanzi.com/feed
[2025-11-03 05:01:49] - https://tcxx.info/feed
[2025-11-03 05:01:49] - https://geekinney.com/index.xml
[2025-11-03 05:01:49] - https://suus.me/index.xml
[2025-11-03 05:01:49] - https://yinwang1.substack.com/feed
[2025-11-03 05:01:49] - https://botanwang.com/rss.xml
[2025-11-03 05:01:49] - https://www.douban.com/feed/review/book
[2025-11-03 05:01:49] ✘ 有 1 条订阅为空:
[2025-11-03 05:01:49] - http://feeds.feedburner.com/zhihu-daily
[2025-11-03 05:01:49] ✘ 有 1 条订阅头像字段为空, 已使用默认头像:
[2025-11-03 05:01:49] - https://feed.cnblogs.com/blog/u/66551/rss/
[2025-11-03 05:01:49] ✘ 有 2 条订阅头像无法访问, 已使用默认头像:
[2025-11-03 05:01:49] - http://feeds.feedburner.com/ruanyifeng
[2025-11-03 05:01:49] - https://skywind.me/blog/feed
[2025-11-03 06:02:25] 抓取到的文章与现有数据相同，无需更新。
[2025-11-03 07:02:09] 本次订阅抓取结果统计:
[2025-11-03 07:02:09] 共 63 条RSS, 成功抓取 56 条.
[2025-11-03 07:02:09] ✘ 有 6 条订阅解析失败:
[2025-11-03 07:02:09] - https://tumutanzi.com/feed
[2025-11-03 07:02:09] - https://tcxx.info/feed
[2025-11-03 07:02:09] - https://geekinney.com/index.xml
[2025-11-03 07:02:09] - https://suus.me/index.xml
[2025-11-03 07:02:09] - https://yinwang1.substack.com/feed
[2025-11-03 07:02:09] - https://botanwang.com/rss.xml
[2025-11-03 07:02:09] ✘ 有 1 条订阅为空:
[2025-11-03 07:02:09] - http://feeds.feedburner.com/zhihu-daily
[2025-11-03 07:02:09] ✘ 有 1 条订阅头像字段为空, 已使用默认头像:
[2025-11-03 07:02:09] - https://feed.cnblogs.com/blog/u/66551/rss/
[2025-11-03 07:02:09] ✘ 有 3 条订阅头像无法访问, 已使用默认头像:
[2025-11-03 07:02:09] - http://feeds.feedburner.com/ruanyifeng
[2025-11-03 07:02:09] - https://skywind.me/blog/feed
[2025-11-03 07:02:09] - https://www.douban.com/feed/review/book
[2025-11-03 08:02:30] 本次订阅抓取结果统计:
[2025-11-03 08:02:30] 共 63 条RSS, 成功抓取 56 条.
[2025-11-03 08:02:30] ✘ 有 6 条订阅解析失败:
[2025-11-03 08:02:30] - https://tumutanzi.com/feed
[2025-11-03 08:02:30] - https://tcxx.info/feed
[2025-11-03 08:02:30] - https://geekinney.com/index.xml
[2025-11-03 08:02:30] - https://suus.me/index.xml
[2025-11-03 08:02:30] - https://yinwang1.substack.com/feed
[2025-11-03 08:02:30] - https://botanwang.com/rss.xml
[2025-11-03 08:02:30] ✘ 有 1 条订阅为空:
[2025-11-03 08:02:30] - http://feeds.feedburner.com/zhihu-daily
[2025-11-03 08:02:30] ✘ 有 1 条订阅头像字段为空, 已使用默认头像:
[2025-11-03 08:02:30] - https://feed.cnblogs.com/blog/u/66551/rss/
[2025-11-03 08:02:30] ✘ 有 3 条订阅头像无法访问, 已使用默认头像:
[2025-11-03 08:02:30] - http://feeds.feedburner.com/ruanyifeng
[2025-11-03 08:02:30] - https://skywind.me/blog/feed
[2025-11-03 08:02:30] - https://www.douban.com/feed/review/book
[2025-11-03 09:02:01] 本次订阅抓取结果统计:
[2025-11-03 09:02:01] 共 63 条RSS, 成功抓取 56 条.
[2025-11-03 09:02:01] ✘ 有 6 条订阅解析失败:
[2025-11-03 09:02:01] - https://tumutanzi.com/feed
[2025-11-03 09:02:01] - https://tcxx.info/feed
[2025-11-03 09:02:01] - https://geekinney.com/index.xml
[2025-11-03 09:02:01] - https://suus.me/index.xml
[2025-11-03 09:02:01] - https://yinwang1.substack.com/feed
[2025-11-03 09:02:01] - https://botanwang.com/rss.xml
[2025-11-03 09:02:01] ✘ 有 1 条订阅为空:
[2025-11-03 09:02:01] - http://feeds.feedburner.com/zhihu-daily
[2025-11-03 09:02:01] ✘ 有 1 条订阅头像字段为空, 已使用默认头像:
[2025-11-03 09:02:01] - https://feed.cnblogs.com/blog/u/66551/rss/
[2025-11-03 09:02:01] ✘ 有 3 条订阅头像无法访问, 已使用默认头像:
[2025-11-03 09:02:01] - http://feeds.feedburner.com/ruanyifeng
[2025-11-03 09:02:01] - https://skywind.me/blog/feed
[2025-11-03 09:02:01] - https://www.douban.com/feed/review/book
[2025-11-03 10:01:53] 本次订阅抓取结果统计:
[2025-11-03 10:01:53] 共 63 条RSS, 成功抓取 56 条.
[2025-11-03 10:01:53] ✘ 有 6 条订阅解析失败:
[2025-11-03 10:01:53] - https://tumutanzi.com/feed
[2025-11-03 10:01:53] - https://tcxx.info/feed
[2025-11-03 10:01:53] - https://geekinney.com/index.xml
[2025-11-03 10:01:53] - https://suus.me/index.xml
[2025-11-03 10:01:53] - https://yinwang1.substack.com/feed
[2025-11-03 10:01:53] - https://botanwang.com/rss.xml
[2025-11-03 10:01:53] ✘ 有 1 条订阅为空:
[2025-11-03 10:01:53] - http://feeds.feedburner.com/zhihu-daily
[2025-11-03 10:01:53] ✘ 有 1 条订阅头像字段为空, 已使用默认头像:
[2025-11-03 10:01:53] - https://feed.cnblogs.com/blog/u/66551/rss/
[2025-11-03 10:01:53] ✘ 有 3 条订阅头像无法访问, 已使用默认头像:
[2025-11-03 10:01:53] - http://feeds.feedburner.com/ruanyifeng
[2025-11-03 10:01:53] - https://skywind.me/blog/feed
[2025-11-03 10:01:53] - https://www.douban.com/feed/review/book
[2025-11-03 11:01:49] 抓取到的文章与现有数据相同，无需更新。
[2025-11-03 12:02:11] 抓取到的文章与现有数据相同，无需更新。
[2025-11-03 12:23:05] 抓取到的文章与现有数据相同，无需更新。
[2025-11-03 12:24:42] 本次订阅抓取结果统计:
[2025-11-03 12:24:42] 共 63 条RSS, 成功抓取 56 条.
[2025-11-03 12:24:42] ✘ 有 6 条订阅解析失败:
[2025-11-03 12:24:42] - https://tcxx.info/feed
[2025-11-03 12:24:42] - https://tumutanzi.com/feed
[2025-11-03 12:24:42] - https://suus.me/index.xml
[2025-11-03 12:24:42] - https://geekinney.com/index.xml
[2025-11-03 12:24:42] - https://yinwang1.substack.com/feed
[2025-11-03 12:24:42] - https://botanwang.com/rss.xml
[2025-11-03 12:24:42] ✘ 有 1 条订阅为空:
[2025-11-03 12:24:42] - http://feeds.feedburner.com/zhihu-daily
[2025-11-03 12:24:42] ✘ 有 1 条订阅头像字段为空, 已使用默认头像:
[2025-11-03 12:24:42] - https://feed.cnblogs.com/blog/u/66551/rss/
[2025-11-03 12:24:42] ✘ 有 3 条订阅头像无法访问, 已使用默认头像:
[2025-11-03 12:24:42] - http://feeds.feedburner.com/ruanyifeng
[2025-11-03 12:24:42] - https://skywind.me/blog/feed
[2025-11-03 12:24:42] - https://www.douban.com/feed/review/book
