[2025-03-15 01:13:45] 本次订阅抓取结果统计:
[2025-03-15 01:13:45] 共 28 条RSS, 成功抓取 27 条.
[2025-03-15 01:13:45] ✘ 有 1 条订阅解析失败:
[2025-03-15 01:13:45] - https://tcxx.info/feed
[2025-03-15 01:13:45] ✘ 有 2 条订阅头像无法访问, 已使用默认头像:
[2025-03-15 01:13:45] - http://feeds.feedburner.com/ruanyifeng
[2025-03-15 01:13:45] - https://www.loyhome.com/feed
[2025-03-15 02:50:55] 本次订阅抓取结果统计:
[2025-03-15 02:50:55] 共 28 条RSS, 成功抓取 28 条.
[2025-03-15 02:50:55] ✘ 有 2 条订阅头像无法访问, 已使用默认头像:
[2025-03-15 02:50:55] - http://feeds.feedburner.com/ruanyifeng
[2025-03-15 02:50:55] - https://www.loyhome.com/feed
[2025-03-15 03:23:26] 本次订阅抓取结果统计:
[2025-03-15 03:23:26] 共 28 条RSS, 成功抓取 27 条.
[2025-03-15 03:23:26] ✘ 有 1 条订阅解析失败:
[2025-03-15 03:23:26] - https://tcxx.info/feed
[2025-03-15 03:23:26] ✘ 有 2 条订阅头像无法访问, 已使用默认头像:
[2025-03-15 03:23:26] - http://feeds.feedburner.com/ruanyifeng
[2025-03-15 03:23:26] - https://www.loyhome.com/feed
[2025-03-15 04:19:11] 本次订阅抓取结果统计:
[2025-03-15 04:19:11] 共 28 条RSS, 成功抓取 26 条.
[2025-03-15 04:19:11] ✘ 有 2 条订阅解析失败:
[2025-03-15 04:19:11] - https://tcxx.info/feed
[2025-03-15 04:19:11] - https://ihaihe.cn/feed
[2025-03-15 04:19:11] ✘ 有 2 条订阅头像无法访问, 已使用默认头像:
[2025-03-15 04:19:11] - http://feeds.feedburner.com/ruanyifeng
[2025-03-15 04:19:11] - https://www.loyhome.com/feed
[2025-03-15 05:15:35] 本次订阅抓取结果统计:
[2025-03-15 05:15:35] 共 28 条RSS, 成功抓取 27 条.
[2025-03-15 05:15:35] ✘ 有 1 条订阅解析失败:
[2025-03-15 05:15:35] - https://tcxx.info/feed
[2025-03-15 05:15:35] ✘ 有 3 条订阅头像无法访问, 已使用默认头像:
[2025-03-15 05:15:35] - http://feeds.feedburner.com/ruanyifeng
[2025-03-15 05:15:35] - https://www.loyhome.com/feed
[2025-03-15 05:15:35] - https://ihaihe.cn/feed
