[2025-07-04 00:04:04] 本次订阅抓取结果统计:
[2025-07-04 00:04:04] 共 46 条RSS, 成功抓取 45 条.
[2025-07-04 00:04:04] ✘ 有 1 条订阅解析失败:
[2025-07-04 00:04:04] - https://tcxx.info/feed
[2025-07-04 00:04:04] ✘ 有 4 条订阅头像无法访问, 已使用默认头像:
[2025-07-04 00:04:04] - http://feeds.feedburner.com/ruanyifeng
[2025-07-04 00:04:04] - https://www.loyhome.com/feed
[2025-07-04 00:04:04] - https://a4.zyzhang.com/index.xml
[2025-07-04 00:04:04] - https://www.douban.com/feed/review/book
[2025-07-04 01:29:34] 本次订阅抓取结果统计:
[2025-07-04 01:29:34] 共 46 条RSS, 成功抓取 45 条.
[2025-07-04 01:29:34] ✘ 有 1 条订阅解析失败:
[2025-07-04 01:29:34] - https://tcxx.info/feed
[2025-07-04 01:29:34] ✘ 有 4 条订阅头像无法访问, 已使用默认头像:
[2025-07-04 01:29:34] - http://feeds.feedburner.com/ruanyifeng
[2025-07-04 01:29:34] - https://www.loyhome.com/feed
[2025-07-04 01:29:34] - https://a4.zyzhang.com/index.xml
[2025-07-04 01:29:34] - https://www.douban.com/feed/review/book
[2025-07-04 02:32:24] 本次订阅抓取结果统计:
[2025-07-04 02:32:24] 共 46 条RSS, 成功抓取 45 条.
[2025-07-04 02:32:24] ✘ 有 1 条订阅解析失败:
[2025-07-04 02:32:24] - https://tcxx.info/feed
[2025-07-04 02:32:24] ✘ 有 5 条订阅头像无法访问, 已使用默认头像:
[2025-07-04 02:32:24] - http://feeds.feedburner.com/ruanyifeng
[2025-07-04 02:32:24] - https://www.loyhome.com/feed
[2025-07-04 02:32:24] - https://a4.zyzhang.com/index.xml
[2025-07-04 02:32:24] - https://feeds.appinn.com/appinns/
[2025-07-04 02:32:24] - https://www.douban.com/feed/review/book
[2025-07-04 03:23:53] 本次订阅抓取结果统计:
[2025-07-04 03:23:53] 共 46 条RSS, 成功抓取 45 条.
[2025-07-04 03:23:53] ✘ 有 1 条订阅解析失败:
[2025-07-04 03:23:53] - https://tcxx.info/feed
[2025-07-04 03:23:53] ✘ 有 5 条订阅头像无法访问, 已使用默认头像:
[2025-07-04 03:23:53] - http://feeds.feedburner.com/ruanyifeng
[2025-07-04 03:23:53] - https://www.loyhome.com/feed
[2025-07-04 03:23:53] - https://a4.zyzhang.com/index.xml
[2025-07-04 03:23:53] - https://www.douban.com/feed/review/book
[2025-07-04 03:23:53] - https://feeds.appinn.com/appinns/
[2025-07-04 04:07:17] 本次订阅抓取结果统计:
[2025-07-04 04:07:17] 共 46 条RSS, 成功抓取 45 条.
[2025-07-04 04:07:17] ✘ 有 1 条订阅解析失败:
[2025-07-04 04:07:17] - https://tcxx.info/feed
[2025-07-04 04:07:17] ✘ 有 4 条订阅头像无法访问, 已使用默认头像:
[2025-07-04 04:07:17] - http://feeds.feedburner.com/ruanyifeng
[2025-07-04 04:07:17] - https://www.loyhome.com/feed
[2025-07-04 04:07:17] - https://a4.zyzhang.com/index.xml
[2025-07-04 04:07:17] - https://www.douban.com/feed/review/book
[2025-07-04 05:03:47] 本次订阅抓取结果统计:
[2025-07-04 05:03:47] 共 46 条RSS, 成功抓取 45 条.
[2025-07-04 05:03:47] ✘ 有 1 条订阅解析失败:
[2025-07-04 05:03:47] - https://tcxx.info/feed
[2025-07-04 05:03:47] ✘ 有 4 条订阅头像无法访问, 已使用默认头像:
[2025-07-04 05:03:47] - http://feeds.feedburner.com/ruanyifeng
[2025-07-04 05:03:47] - https://www.loyhome.com/feed
[2025-07-04 05:03:47] - https://a4.zyzhang.com/index.xml
[2025-07-04 05:03:47] - https://www.douban.com/feed/review/book
[2025-07-04 06:02:03] 本次订阅抓取结果统计:
[2025-07-04 06:02:03] 共 46 条RSS, 成功抓取 45 条.
[2025-07-04 06:02:03] ✘ 有 1 条订阅解析失败:
[2025-07-04 06:02:03] - https://tcxx.info/feed
[2025-07-04 06:02:03] ✘ 有 4 条订阅头像无法访问, 已使用默认头像:
[2025-07-04 06:02:03] - http://feeds.feedburner.com/ruanyifeng
[2025-07-04 06:02:03] - https://www.loyhome.com/feed
[2025-07-04 06:02:03] - https://a4.zyzhang.com/index.xml
[2025-07-04 06:02:03] - https://www.douban.com/feed/review/book
[2025-07-04 07:02:49] 本次订阅抓取结果统计:
[2025-07-04 07:02:49] 共 46 条RSS, 成功抓取 45 条.
[2025-07-04 07:02:49] ✘ 有 1 条订阅解析失败:
[2025-07-04 07:02:49] - https://tcxx.info/feed
[2025-07-04 07:02:49] ✘ 有 5 条订阅头像无法访问, 已使用默认头像:
[2025-07-04 07:02:49] - http://feeds.feedburner.com/ruanyifeng
[2025-07-04 07:02:49] - https://www.loyhome.com/feed
[2025-07-04 07:02:49] - https://a4.zyzhang.com/index.xml
[2025-07-04 07:02:49] - https://feeds.appinn.com/appinns/
[2025-07-04 07:02:49] - https://www.douban.com/feed/review/book
[2025-07-04 08:02:01] 本次订阅抓取结果统计:
[2025-07-04 08:02:01] 共 46 条RSS, 成功抓取 45 条.
[2025-07-04 08:02:01] ✘ 有 1 条订阅解析失败:
[2025-07-04 08:02:01] - https://tcxx.info/feed
[2025-07-04 08:02:01] ✘ 有 4 条订阅头像无法访问, 已使用默认头像:
[2025-07-04 08:02:01] - http://feeds.feedburner.com/ruanyifeng
[2025-07-04 08:02:01] - https://www.loyhome.com/feed
[2025-07-04 08:02:01] - https://a4.zyzhang.com/index.xml
[2025-07-04 08:02:01] - https://www.douban.com/feed/review/book
[2025-07-04 09:02:14] 本次订阅抓取结果统计:
[2025-07-04 09:02:14] 共 46 条RSS, 成功抓取 45 条.
[2025-07-04 09:02:14] ✘ 有 1 条订阅解析失败:
[2025-07-04 09:02:14] - https://tcxx.info/feed
[2025-07-04 09:02:14] ✘ 有 5 条订阅头像无法访问, 已使用默认头像:
[2025-07-04 09:02:14] - http://feeds.feedburner.com/ruanyifeng
[2025-07-04 09:02:14] - https://www.loyhome.com/feed
[2025-07-04 09:02:14] - https://a4.zyzhang.com/index.xml
[2025-07-04 09:02:14] - https://www.douban.com/feed/review/book
[2025-07-04 09:02:14] - https://sspai.com/feed
[2025-07-04 10:01:43] 本次订阅抓取结果统计:
[2025-07-04 10:01:43] 共 46 条RSS, 成功抓取 45 条.
[2025-07-04 10:01:43] ✘ 有 1 条订阅解析失败:
[2025-07-04 10:01:43] - https://tcxx.info/feed
[2025-07-04 10:01:43] ✘ 有 5 条订阅头像无法访问, 已使用默认头像:
[2025-07-04 10:01:43] - http://feeds.feedburner.com/ruanyifeng
[2025-07-04 10:01:43] - https://www.loyhome.com/feed
[2025-07-04 10:01:43] - https://a4.zyzhang.com/index.xml
[2025-07-04 10:01:43] - https://feeds.appinn.com/appinns/
[2025-07-04 10:01:43] - https://www.douban.com/feed/review/book
[2025-07-04 11:01:35] 本次订阅抓取结果统计:
[2025-07-04 11:01:35] 共 46 条RSS, 成功抓取 45 条.
[2025-07-04 11:01:35] ✘ 有 1 条订阅解析失败:
[2025-07-04 11:01:35] - https://tcxx.info/feed
[2025-07-04 11:01:35] ✘ 有 4 条订阅头像无法访问, 已使用默认头像:
[2025-07-04 11:01:35] - http://feeds.feedburner.com/ruanyifeng
[2025-07-04 11:01:35] - https://www.loyhome.com/feed
[2025-07-04 11:01:35] - https://a4.zyzhang.com/index.xml
[2025-07-04 11:01:35] - https://www.douban.com/feed/review/book
[2025-07-04 12:02:04] 本次订阅抓取结果统计:
[2025-07-04 12:02:04] 共 46 条RSS, 成功抓取 45 条.
[2025-07-04 12:02:04] ✘ 有 1 条订阅解析失败:
[2025-07-04 12:02:04] - https://tcxx.info/feed
[2025-07-04 12:02:04] ✘ 有 4 条订阅头像无法访问, 已使用默认头像:
[2025-07-04 12:02:04] - http://feeds.feedburner.com/ruanyifeng
[2025-07-04 12:02:04] - https://www.loyhome.com/feed
[2025-07-04 12:02:04] - https://a4.zyzhang.com/index.xml
[2025-07-04 12:02:04] - https://www.douban.com/feed/review/book
[2025-07-04 13:10:35] 本次订阅抓取结果统计:
[2025-07-04 13:10:35] 共 46 条RSS, 成功抓取 45 条.
[2025-07-04 13:10:35] ✘ 有 1 条订阅解析失败:
[2025-07-04 13:10:35] - https://tcxx.info/feed
[2025-07-04 13:10:35] ✘ 有 4 条订阅头像无法访问, 已使用默认头像:
[2025-07-04 13:10:35] - http://feeds.feedburner.com/ruanyifeng
[2025-07-04 13:10:35] - https://www.loyhome.com/feed
[2025-07-04 13:10:35] - https://a4.zyzhang.com/index.xml
[2025-07-04 13:10:35] - https://www.douban.com/feed/review/book
[2025-07-04 14:01:35] 本次订阅抓取结果统计:
[2025-07-04 14:01:35] 共 46 条RSS, 成功抓取 45 条.
[2025-07-04 14:01:35] ✘ 有 1 条订阅解析失败:
[2025-07-04 14:01:35] - https://tcxx.info/feed
[2025-07-04 14:01:35] ✘ 有 5 条订阅头像无法访问, 已使用默认头像:
[2025-07-04 14:01:35] - http://feeds.feedburner.com/ruanyifeng
[2025-07-04 14:01:35] - https://www.loyhome.com/feed
[2025-07-04 14:01:35] - https://a4.zyzhang.com/index.xml
[2025-07-04 14:01:35] - https://www.douban.com/feed/review/book
[2025-07-04 14:01:35] - https://feeds.appinn.com/appinns/
[2025-07-04 15:02:07] 本次订阅抓取结果统计:
[2025-07-04 15:02:07] 共 46 条RSS, 成功抓取 45 条.
[2025-07-04 15:02:07] ✘ 有 1 条订阅解析失败:
[2025-07-04 15:02:07] - https://tcxx.info/feed
[2025-07-04 15:02:07] ✘ 有 4 条订阅头像无法访问, 已使用默认头像:
[2025-07-04 15:02:07] - http://feeds.feedburner.com/ruanyifeng
[2025-07-04 15:02:07] - https://www.loyhome.com/feed
[2025-07-04 15:02:07] - https://a4.zyzhang.com/index.xml
[2025-07-04 15:02:07] - https://www.douban.com/feed/review/book
[2025-07-04 16:01:58] 本次订阅抓取结果统计:
[2025-07-04 16:01:58] 共 46 条RSS, 成功抓取 45 条.
[2025-07-04 16:01:58] ✘ 有 1 条订阅解析失败:
[2025-07-04 16:01:58] - https://tcxx.info/feed
[2025-07-04 16:01:58] ✘ 有 4 条订阅头像无法访问, 已使用默认头像:
[2025-07-04 16:01:58] - http://feeds.feedburner.com/ruanyifeng
[2025-07-04 16:01:58] - https://www.loyhome.com/feed
[2025-07-04 16:01:58] - https://a4.zyzhang.com/index.xml
[2025-07-04 16:01:58] - https://www.douban.com/feed/review/book
[2025-07-04 17:01:45] 本次订阅抓取结果统计:
[2025-07-04 17:01:45] 共 46 条RSS, 成功抓取 45 条.
[2025-07-04 17:01:45] ✘ 有 1 条订阅解析失败:
[2025-07-04 17:01:45] - https://tcxx.info/feed
[2025-07-04 17:01:45] ✘ 有 4 条订阅头像无法访问, 已使用默认头像:
[2025-07-04 17:01:45] - https://www.loyhome.com/feed
[2025-07-04 17:01:45] - http://feeds.feedburner.com/ruanyifeng
[2025-07-04 17:01:45] - https://a4.zyzhang.com/index.xml
[2025-07-04 17:01:45] - https://www.douban.com/feed/review/book
[2025-07-04 18:02:03] 本次订阅抓取结果统计:
[2025-07-04 18:02:03] 共 46 条RSS, 成功抓取 45 条.
[2025-07-04 18:02:03] ✘ 有 1 条订阅解析失败:
[2025-07-04 18:02:03] - https://tcxx.info/feed
[2025-07-04 18:02:03] ✘ 有 4 条订阅头像无法访问, 已使用默认头像:
[2025-07-04 18:02:03] - http://feeds.feedburner.com/ruanyifeng
[2025-07-04 18:02:03] - https://www.loyhome.com/feed
[2025-07-04 18:02:03] - https://a4.zyzhang.com/index.xml
[2025-07-04 18:02:03] - https://www.douban.com/feed/review/book
[2025-07-04 19:01:32] 抓取到的文章与现有数据相同，无需更新。
[2025-07-04 20:01:42] 抓取到的文章与现有数据相同，无需更新。
