[2025-06-07 00:04:17] 本次订阅抓取结果统计:
[2025-06-07 00:04:17] 共 45 条RSS, 成功抓取 44 条.
[2025-06-07 00:04:17] ✘ 有 1 条订阅解析失败:
[2025-06-07 00:04:17] - https://tcxx.info/feed
[2025-06-07 00:04:17] ✘ 有 4 条订阅头像无法访问, 已使用默认头像:
[2025-06-07 00:04:17] - http://feeds.feedburner.com/ruanyifeng
[2025-06-07 00:04:17] - https://www.loyhome.com/feed
[2025-06-07 00:04:17] - https://www.douban.com/feed/review/book
[2025-06-07 00:04:17] - https://feeds.appinn.com/appinns/
[2025-06-07 01:29:29] 本次订阅抓取结果统计:
[2025-06-07 01:29:29] 共 45 条RSS, 成功抓取 44 条.
[2025-06-07 01:29:29] ✘ 有 1 条订阅解析失败:
[2025-06-07 01:29:29] - https://tcxx.info/feed
[2025-06-07 01:29:29] ✘ 有 3 条订阅头像无法访问, 已使用默认头像:
[2025-06-07 01:29:29] - http://feeds.feedburner.com/ruanyifeng
[2025-06-07 01:29:29] - https://www.loyhome.com/feed
[2025-06-07 01:29:29] - https://www.douban.com/feed/review/book
[2025-06-07 02:31:10] 本次订阅抓取结果统计:
[2025-06-07 02:31:10] 共 45 条RSS, 成功抓取 44 条.
[2025-06-07 02:31:10] ✘ 有 1 条订阅解析失败:
[2025-06-07 02:31:10] - https://tcxx.info/feed
[2025-06-07 02:31:10] ✘ 有 4 条订阅头像无法访问, 已使用默认头像:
[2025-06-07 02:31:10] - http://feeds.feedburner.com/ruanyifeng
[2025-06-07 02:31:10] - https://www.loyhome.com/feed
[2025-06-07 02:31:10] - https://www.douban.com/feed/review/book
[2025-06-07 02:31:10] - https://feeds.appinn.com/appinns/
[2025-06-07 03:20:59] 本次订阅抓取结果统计:
[2025-06-07 03:20:59] 共 45 条RSS, 成功抓取 44 条.
[2025-06-07 03:20:59] ✘ 有 1 条订阅解析失败:
[2025-06-07 03:20:59] - https://tcxx.info/feed
[2025-06-07 03:20:59] ✘ 有 4 条订阅头像无法访问, 已使用默认头像:
[2025-06-07 03:20:59] - http://feeds.feedburner.com/ruanyifeng
[2025-06-07 03:20:59] - https://www.loyhome.com/feed
[2025-06-07 03:20:59] - https://feeds.appinn.com/appinns/
[2025-06-07 03:20:59] - https://www.douban.com/feed/review/book
[2025-06-07 04:03:00] 本次订阅抓取结果统计:
[2025-06-07 04:03:00] 共 45 条RSS, 成功抓取 44 条.
[2025-06-07 04:03:00] ✘ 有 1 条订阅解析失败:
[2025-06-07 04:03:00] - https://tcxx.info/feed
[2025-06-07 04:03:00] ✘ 有 4 条订阅头像无法访问, 已使用默认头像:
[2025-06-07 04:03:00] - http://feeds.feedburner.com/ruanyifeng
[2025-06-07 04:03:00] - https://www.loyhome.com/feed
[2025-06-07 04:03:00] - https://www.douban.com/feed/review/book
[2025-06-07 04:03:00] - https://feeds.appinn.com/appinns/
[2025-06-07 05:01:44] 本次订阅抓取结果统计:
[2025-06-07 05:01:44] 共 45 条RSS, 成功抓取 44 条.
[2025-06-07 05:01:44] ✘ 有 1 条订阅解析失败:
[2025-06-07 05:01:44] - https://tcxx.info/feed
[2025-06-07 05:01:44] ✘ 有 3 条订阅头像无法访问, 已使用默认头像:
[2025-06-07 05:01:44] - http://feeds.feedburner.com/ruanyifeng
[2025-06-07 05:01:44] - https://www.loyhome.com/feed
[2025-06-07 05:01:44] - https://www.douban.com/feed/review/book
[2025-06-07 06:02:00] 本次订阅抓取结果统计:
[2025-06-07 06:02:00] 共 45 条RSS, 成功抓取 44 条.
[2025-06-07 06:02:00] ✘ 有 1 条订阅解析失败:
[2025-06-07 06:02:00] - https://tcxx.info/feed
[2025-06-07 06:02:00] ✘ 有 3 条订阅头像无法访问, 已使用默认头像:
[2025-06-07 06:02:00] - http://feeds.feedburner.com/ruanyifeng
[2025-06-07 06:02:00] - https://www.loyhome.com/feed
[2025-06-07 06:02:00] - https://www.douban.com/feed/review/book
[2025-06-07 07:01:49] 本次订阅抓取结果统计:
[2025-06-07 07:01:49] 共 45 条RSS, 成功抓取 44 条.
[2025-06-07 07:01:49] ✘ 有 1 条订阅解析失败:
[2025-06-07 07:01:49] - https://tcxx.info/feed
[2025-06-07 07:01:49] ✘ 有 3 条订阅头像无法访问, 已使用默认头像:
[2025-06-07 07:01:49] - http://feeds.feedburner.com/ruanyifeng
[2025-06-07 07:01:49] - https://www.loyhome.com/feed
[2025-06-07 07:01:49] - https://www.douban.com/feed/review/book
[2025-06-07 08:01:56] 本次订阅抓取结果统计:
[2025-06-07 08:01:56] 共 45 条RSS, 成功抓取 44 条.
[2025-06-07 08:01:56] ✘ 有 1 条订阅解析失败:
[2025-06-07 08:01:56] - https://tcxx.info/feed
[2025-06-07 08:01:56] ✘ 有 4 条订阅头像无法访问, 已使用默认头像:
[2025-06-07 08:01:56] - http://feeds.feedburner.com/ruanyifeng
[2025-06-07 08:01:56] - https://www.loyhome.com/feed
[2025-06-07 08:01:56] - https://www.douban.com/feed/review/book
[2025-06-07 08:01:56] - https://feeds.appinn.com/appinns/
[2025-06-07 09:01:45] 本次订阅抓取结果统计:
[2025-06-07 09:01:45] 共 45 条RSS, 成功抓取 44 条.
[2025-06-07 09:01:45] ✘ 有 1 条订阅解析失败:
[2025-06-07 09:01:45] - https://tcxx.info/feed
[2025-06-07 09:01:45] ✘ 有 3 条订阅头像无法访问, 已使用默认头像:
[2025-06-07 09:01:45] - https://www.loyhome.com/feed
[2025-06-07 09:01:45] - http://feeds.feedburner.com/ruanyifeng
[2025-06-07 09:01:45] - https://www.douban.com/feed/review/book
[2025-06-07 10:01:41] 本次订阅抓取结果统计:
[2025-06-07 10:01:41] 共 45 条RSS, 成功抓取 44 条.
[2025-06-07 10:01:41] ✘ 有 1 条订阅解析失败:
[2025-06-07 10:01:41] - https://tcxx.info/feed
[2025-06-07 10:01:41] ✘ 有 4 条订阅头像无法访问, 已使用默认头像:
[2025-06-07 10:01:41] - https://www.loyhome.com/feed
[2025-06-07 10:01:41] - http://feeds.feedburner.com/ruanyifeng
[2025-06-07 10:01:41] - https://www.douban.com/feed/review/book
[2025-06-07 10:01:41] - https://feeds.appinn.com/appinns/
[2025-06-07 11:01:50] 本次订阅抓取结果统计:
[2025-06-07 11:01:50] 共 45 条RSS, 成功抓取 44 条.
[2025-06-07 11:01:50] ✘ 有 1 条订阅解析失败:
[2025-06-07 11:01:50] - https://tcxx.info/feed
[2025-06-07 11:01:50] ✘ 有 4 条订阅头像无法访问, 已使用默认头像:
[2025-06-07 11:01:50] - http://feeds.feedburner.com/ruanyifeng
[2025-06-07 11:01:50] - https://www.loyhome.com/feed
[2025-06-07 11:01:50] - https://www.douban.com/feed/review/book
[2025-06-07 11:01:50] - https://feeds.appinn.com/appinns/
[2025-06-07 12:02:33] 本次订阅抓取结果统计:
[2025-06-07 12:02:33] 共 45 条RSS, 成功抓取 44 条.
[2025-06-07 12:02:33] ✘ 有 1 条订阅解析失败:
[2025-06-07 12:02:33] - https://tcxx.info/feed
[2025-06-07 12:02:33] ✘ 有 4 条订阅头像无法访问, 已使用默认头像:
[2025-06-07 12:02:33] - http://feeds.feedburner.com/ruanyifeng
[2025-06-07 12:02:33] - https://www.loyhome.com/feed
[2025-06-07 12:02:33] - https://www.shephe.com/feed
[2025-06-07 12:02:33] - https://www.douban.com/feed/review/book
[2025-06-07 13:08:06] 本次订阅抓取结果统计:
[2025-06-07 13:08:06] 共 45 条RSS, 成功抓取 44 条.
[2025-06-07 13:08:06] ✘ 有 1 条订阅解析失败:
[2025-06-07 13:08:06] - https://tcxx.info/feed
[2025-06-07 13:08:06] ✘ 有 3 条订阅头像无法访问, 已使用默认头像:
[2025-06-07 13:08:06] - https://www.loyhome.com/feed
[2025-06-07 13:08:06] - http://feeds.feedburner.com/ruanyifeng
[2025-06-07 13:08:06] - https://www.douban.com/feed/review/book
[2025-06-07 14:01:48] 本次订阅抓取结果统计:
[2025-06-07 14:01:48] 共 45 条RSS, 成功抓取 44 条.
[2025-06-07 14:01:48] ✘ 有 1 条订阅解析失败:
[2025-06-07 14:01:48] - https://tcxx.info/feed
[2025-06-07 14:01:48] ✘ 有 3 条订阅头像无法访问, 已使用默认头像:
[2025-06-07 14:01:48] - http://feeds.feedburner.com/ruanyifeng
[2025-06-07 14:01:48] - https://www.loyhome.com/feed
[2025-06-07 14:01:48] - https://www.douban.com/feed/review/book
[2025-06-07 15:02:03] 本次订阅抓取结果统计:
[2025-06-07 15:02:03] 共 45 条RSS, 成功抓取 44 条.
[2025-06-07 15:02:03] ✘ 有 1 条订阅解析失败:
[2025-06-07 15:02:03] - https://tcxx.info/feed
[2025-06-07 15:02:03] ✘ 有 3 条订阅头像无法访问, 已使用默认头像:
[2025-06-07 15:02:03] - http://feeds.feedburner.com/ruanyifeng
[2025-06-07 15:02:03] - https://www.loyhome.com/feed
[2025-06-07 15:02:03] - https://www.douban.com/feed/review/book
[2025-06-07 16:02:00] 本次订阅抓取结果统计:
[2025-06-07 16:02:00] 共 45 条RSS, 成功抓取 44 条.
[2025-06-07 16:02:00] ✘ 有 1 条订阅解析失败:
[2025-06-07 16:02:00] - https://tcxx.info/feed
[2025-06-07 16:02:00] ✘ 有 4 条订阅头像无法访问, 已使用默认头像:
[2025-06-07 16:02:00] - http://feeds.feedburner.com/ruanyifeng
[2025-06-07 16:02:00] - https://www.loyhome.com/feed
[2025-06-07 16:02:00] - https://feeds.appinn.com/appinns/
[2025-06-07 16:02:00] - https://www.douban.com/feed/review/book
[2025-06-07 17:01:44] 本次订阅抓取结果统计:
[2025-06-07 17:01:44] 共 45 条RSS, 成功抓取 43 条.
[2025-06-07 17:01:44] ✘ 有 2 条订阅解析失败:
[2025-06-07 17:01:44] - https://tcxx.info/feed
[2025-06-07 17:01:44] - https://www.douban.com/feed/review/book
[2025-06-07 17:01:44] ✘ 有 2 条订阅头像无法访问, 已使用默认头像:
[2025-06-07 17:01:44] - http://feeds.feedburner.com/ruanyifeng
[2025-06-07 17:01:44] - https://www.loyhome.com/feed
