[2025-06-09 00:04:15] 本次订阅抓取结果统计:
[2025-06-09 00:04:15] 共 45 条RSS, 成功抓取 44 条.
[2025-06-09 00:04:15] ✘ 有 1 条订阅解析失败:
[2025-06-09 00:04:15] - https://tcxx.info/feed
[2025-06-09 00:04:15] ✘ 有 3 条订阅头像无法访问, 已使用默认头像:
[2025-06-09 00:04:15] - http://feeds.feedburner.com/ruanyifeng
[2025-06-09 00:04:15] - https://www.loyhome.com/feed
[2025-06-09 00:04:15] - https://www.douban.com/feed/review/book
[2025-06-09 01:29:46] 本次订阅抓取结果统计:
[2025-06-09 01:29:46] 共 45 条RSS, 成功抓取 44 条.
[2025-06-09 01:29:46] ✘ 有 1 条订阅解析失败:
[2025-06-09 01:29:46] - https://tcxx.info/feed
[2025-06-09 01:29:46] ✘ 有 4 条订阅头像无法访问, 已使用默认头像:
[2025-06-09 01:29:46] - http://feeds.feedburner.com/ruanyifeng
[2025-06-09 01:29:46] - https://www.loyhome.com/feed
[2025-06-09 01:29:46] - https://www.douban.com/feed/review/book
[2025-06-09 01:29:46] - https://feeds.appinn.com/appinns/
[2025-06-09 02:35:38] 本次订阅抓取结果统计:
[2025-06-09 02:35:38] 共 45 条RSS, 成功抓取 44 条.
[2025-06-09 02:35:38] ✘ 有 1 条订阅解析失败:
[2025-06-09 02:35:38] - https://tcxx.info/feed
[2025-06-09 02:35:38] ✘ 有 3 条订阅头像无法访问, 已使用默认头像:
[2025-06-09 02:35:38] - http://feeds.feedburner.com/ruanyifeng
[2025-06-09 02:35:38] - https://www.loyhome.com/feed
[2025-06-09 02:35:38] - https://www.douban.com/feed/review/book
[2025-06-09 03:26:49] 本次订阅抓取结果统计:
[2025-06-09 03:26:49] 共 45 条RSS, 成功抓取 44 条.
[2025-06-09 03:26:49] ✘ 有 1 条订阅解析失败:
[2025-06-09 03:26:49] - https://tcxx.info/feed
[2025-06-09 03:26:49] ✘ 有 3 条订阅头像无法访问, 已使用默认头像:
[2025-06-09 03:26:49] - http://feeds.feedburner.com/ruanyifeng
[2025-06-09 03:26:49] - https://www.loyhome.com/feed
[2025-06-09 03:26:49] - https://www.douban.com/feed/review/book
[2025-06-09 04:08:24] 本次订阅抓取结果统计:
[2025-06-09 04:08:24] 共 45 条RSS, 成功抓取 44 条.
[2025-06-09 04:08:24] ✘ 有 1 条订阅解析失败:
[2025-06-09 04:08:24] - https://tcxx.info/feed
[2025-06-09 04:08:24] ✘ 有 4 条订阅头像无法访问, 已使用默认头像:
[2025-06-09 04:08:24] - http://feeds.feedburner.com/ruanyifeng
[2025-06-09 04:08:24] - https://www.loyhome.com/feed
[2025-06-09 04:08:24] - https://www.douban.com/feed/review/book
[2025-06-09 04:08:24] - https://feeds.appinn.com/appinns/
[2025-06-09 05:02:28] 本次订阅抓取结果统计:
[2025-06-09 05:02:28] 共 45 条RSS, 成功抓取 44 条.
[2025-06-09 05:02:28] ✘ 有 1 条订阅解析失败:
[2025-06-09 05:02:28] - https://tcxx.info/feed
[2025-06-09 05:02:28] ✘ 有 4 条订阅头像无法访问, 已使用默认头像:
[2025-06-09 05:02:28] - http://feeds.feedburner.com/ruanyifeng
[2025-06-09 05:02:28] - https://www.loyhome.com/feed
[2025-06-09 05:02:28] - https://www.douban.com/feed/review/book
[2025-06-09 05:02:28] - https://feeds.appinn.com/appinns/
[2025-06-09 06:02:56] 本次订阅抓取结果统计:
[2025-06-09 06:02:56] 共 45 条RSS, 成功抓取 44 条.
[2025-06-09 06:02:56] ✘ 有 1 条订阅解析失败:
[2025-06-09 06:02:56] - https://tcxx.info/feed
[2025-06-09 06:02:56] ✘ 有 4 条订阅头像无法访问, 已使用默认头像:
[2025-06-09 06:02:56] - http://feeds.feedburner.com/ruanyifeng
[2025-06-09 06:02:56] - https://www.loyhome.com/feed
[2025-06-09 06:02:56] - https://www.douban.com/feed/review/book
[2025-06-09 06:02:56] - https://feeds.appinn.com/appinns/
[2025-06-09 07:02:12] 本次订阅抓取结果统计:
[2025-06-09 07:02:12] 共 45 条RSS, 成功抓取 44 条.
[2025-06-09 07:02:12] ✘ 有 1 条订阅解析失败:
[2025-06-09 07:02:12] - https://tcxx.info/feed
[2025-06-09 07:02:12] ✘ 有 3 条订阅头像无法访问, 已使用默认头像:
[2025-06-09 07:02:12] - http://feeds.feedburner.com/ruanyifeng
[2025-06-09 07:02:12] - https://www.loyhome.com/feed
[2025-06-09 07:02:12] - https://www.douban.com/feed/review/book
[2025-06-09 08:02:55] 本次订阅抓取结果统计:
[2025-06-09 08:02:55] 共 45 条RSS, 成功抓取 44 条.
[2025-06-09 08:02:55] ✘ 有 1 条订阅解析失败:
[2025-06-09 08:02:55] - https://tcxx.info/feed
[2025-06-09 08:02:55] ✘ 有 4 条订阅头像无法访问, 已使用默认头像:
[2025-06-09 08:02:55] - http://feeds.feedburner.com/ruanyifeng
[2025-06-09 08:02:55] - https://www.loyhome.com/feed
[2025-06-09 08:02:55] - https://www.douban.com/feed/review/book
[2025-06-09 08:02:55] - https://feeds.appinn.com/appinns/
[2025-06-09 09:01:57] 本次订阅抓取结果统计:
[2025-06-09 09:01:57] 共 45 条RSS, 成功抓取 44 条.
[2025-06-09 09:01:57] ✘ 有 1 条订阅解析失败:
[2025-06-09 09:01:57] - https://tcxx.info/feed
[2025-06-09 09:01:57] ✘ 有 4 条订阅头像无法访问, 已使用默认头像:
[2025-06-09 09:01:57] - http://feeds.feedburner.com/ruanyifeng
[2025-06-09 09:01:57] - https://www.loyhome.com/feed
[2025-06-09 09:01:57] - https://www.douban.com/feed/review/book
[2025-06-09 09:01:57] - https://feeds.appinn.com/appinns/
[2025-06-09 10:02:05] 本次订阅抓取结果统计:
[2025-06-09 10:02:05] 共 45 条RSS, 成功抓取 44 条.
[2025-06-09 10:02:05] ✘ 有 1 条订阅解析失败:
[2025-06-09 10:02:05] - https://tcxx.info/feed
[2025-06-09 10:02:05] ✘ 有 4 条订阅头像无法访问, 已使用默认头像:
[2025-06-09 10:02:05] - http://feeds.feedburner.com/ruanyifeng
[2025-06-09 10:02:05] - https://www.loyhome.com/feed
[2025-06-09 10:02:05] - https://www.douban.com/feed/review/book
[2025-06-09 10:02:05] - https://feeds.appinn.com/appinns/
[2025-06-09 11:01:57] 本次订阅抓取结果统计:
[2025-06-09 11:01:57] 共 45 条RSS, 成功抓取 44 条.
[2025-06-09 11:01:57] ✘ 有 1 条订阅解析失败:
[2025-06-09 11:01:57] - https://tcxx.info/feed
[2025-06-09 11:01:57] ✘ 有 3 条订阅头像无法访问, 已使用默认头像:
[2025-06-09 11:01:57] - https://www.loyhome.com/feed
[2025-06-09 11:01:57] - http://feeds.feedburner.com/ruanyifeng
[2025-06-09 11:01:57] - https://www.douban.com/feed/review/book
[2025-06-09 12:02:21] 本次订阅抓取结果统计:
[2025-06-09 12:02:21] 共 45 条RSS, 成功抓取 44 条.
[2025-06-09 12:02:21] ✘ 有 1 条订阅解析失败:
[2025-06-09 12:02:21] - https://tcxx.info/feed
[2025-06-09 12:02:21] ✘ 有 4 条订阅头像无法访问, 已使用默认头像:
[2025-06-09 12:02:21] - http://feeds.feedburner.com/ruanyifeng
[2025-06-09 12:02:21] - https://www.loyhome.com/feed
[2025-06-09 12:02:21] - https://feeds.appinn.com/appinns/
[2025-06-09 12:02:21] - https://www.douban.com/feed/review/book
[2025-06-09 13:11:33] 本次订阅抓取结果统计:
[2025-06-09 13:11:33] 共 45 条RSS, 成功抓取 44 条.
[2025-06-09 13:11:33] ✘ 有 1 条订阅解析失败:
[2025-06-09 13:11:33] - https://tcxx.info/feed
[2025-06-09 13:11:33] ✘ 有 4 条订阅头像无法访问, 已使用默认头像:
[2025-06-09 13:11:33] - https://www.loyhome.com/feed
[2025-06-09 13:11:33] - http://feeds.feedburner.com/ruanyifeng
[2025-06-09 13:11:33] - https://feeds.appinn.com/appinns/
[2025-06-09 13:11:33] - https://www.douban.com/feed/review/book
[2025-06-09 14:01:47] 本次订阅抓取结果统计:
[2025-06-09 14:01:47] 共 45 条RSS, 成功抓取 44 条.
[2025-06-09 14:01:47] ✘ 有 1 条订阅解析失败:
[2025-06-09 14:01:47] - https://tcxx.info/feed
[2025-06-09 14:01:47] ✘ 有 5 条订阅头像无法访问, 已使用默认头像:
[2025-06-09 14:01:47] - http://feeds.feedburner.com/ruanyifeng
[2025-06-09 14:01:47] - https://www.loyhome.com/feed
[2025-06-09 14:01:47] - https://sspai.com/feed
[2025-06-09 14:01:47] - https://feeds.appinn.com/appinns/
[2025-06-09 14:01:47] - https://www.douban.com/feed/review/book
[2025-06-09 15:02:09] [ERROR] 拉取RSS链接失败: /home/runner/work/lhasaRSS/lhasaRSS/feed_fetcher.go:53 => 无法获取RSS列表文件: https://lhasa-1253887673.cos.ap-shanghai.myqcloud.com/lhasaRSS/rss.txt | 原因: Get "https://lhasa-1253887673.cos.ap-shanghai.myqcloud.com/lhasaRSS/rss.txt": net/http: TLS handshake timeout
[2025-06-09 16:01:57] 本次订阅抓取结果统计:
[2025-06-09 16:01:57] 共 45 条RSS, 成功抓取 44 条.
[2025-06-09 16:01:57] ✘ 有 1 条订阅解析失败:
[2025-06-09 16:01:57] - https://tcxx.info/feed
[2025-06-09 16:01:57] ✘ 有 4 条订阅头像无法访问, 已使用默认头像:
[2025-06-09 16:01:57] - https://www.loyhome.com/feed
[2025-06-09 16:01:57] - http://feeds.feedburner.com/ruanyifeng
[2025-06-09 16:01:57] - https://feeds.appinn.com/appinns/
[2025-06-09 16:01:57] - https://www.douban.com/feed/review/book
[2025-06-09 17:02:28] 本次订阅抓取结果统计:
[2025-06-09 17:02:28] 共 45 条RSS, 成功抓取 44 条.
[2025-06-09 17:02:28] ✘ 有 1 条订阅解析失败:
[2025-06-09 17:02:28] - https://tcxx.info/feed
[2025-06-09 17:02:28] ✘ 有 5 条订阅头像无法访问, 已使用默认头像:
[2025-06-09 17:02:28] - http://feeds.feedburner.com/ruanyifeng
[2025-06-09 17:02:28] - https://www.loyhome.com/feed
[2025-06-09 17:02:28] - https://suus.me/index.xml
[2025-06-09 17:02:28] - https://feeds.appinn.com/appinns/
[2025-06-09 17:02:28] - https://www.douban.com/feed/review/book
[2025-06-09 18:02:07] 本次订阅抓取结果统计:
[2025-06-09 18:02:07] 共 45 条RSS, 成功抓取 44 条.
[2025-06-09 18:02:07] ✘ 有 1 条订阅解析失败:
[2025-06-09 18:02:07] - https://tcxx.info/feed
[2025-06-09 18:02:07] ✘ 有 4 条订阅头像无法访问, 已使用默认头像:
[2025-06-09 18:02:07] - http://feeds.feedburner.com/ruanyifeng
[2025-06-09 18:02:07] - https://www.loyhome.com/feed
[2025-06-09 18:02:07] - https://www.douban.com/feed/review/book
[2025-06-09 18:02:07] - https://feeds.appinn.com/appinns/
[2025-06-09 19:01:55] 本次订阅抓取结果统计:
[2025-06-09 19:01:55] 共 45 条RSS, 成功抓取 44 条.
[2025-06-09 19:01:55] ✘ 有 1 条订阅解析失败:
[2025-06-09 19:01:55] - https://tcxx.info/feed
[2025-06-09 19:01:55] ✘ 有 4 条订阅头像无法访问, 已使用默认头像:
[2025-06-09 19:01:55] - http://feeds.feedburner.com/ruanyifeng
[2025-06-09 19:01:55] - https://www.loyhome.com/feed
[2025-06-09 19:01:55] - https://feeds.appinn.com/appinns/
[2025-06-09 19:01:55] - https://www.douban.com/feed/review/book
[2025-06-09 20:02:09] 本次订阅抓取结果统计:
[2025-06-09 20:02:09] 共 45 条RSS, 成功抓取 44 条.
[2025-06-09 20:02:09] ✘ 有 1 条订阅解析失败:
[2025-06-09 20:02:09] - https://tcxx.info/feed
[2025-06-09 20:02:09] ✘ 有 3 条订阅头像无法访问, 已使用默认头像:
[2025-06-09 20:02:09] - http://feeds.feedburner.com/ruanyifeng
[2025-06-09 20:02:09] - https://www.loyhome.com/feed
[2025-06-09 20:02:09] - https://www.douban.com/feed/review/book
