[2025-06-04 00:07:29] 抓取到的文章与现有数据相同，无需更新。
[2025-06-04 01:33:59] 本次订阅抓取结果统计:
[2025-06-04 01:33:59] 共 45 条RSS, 成功抓取 42 条.
[2025-06-04 01:33:59] ✘ 有 3 条订阅解析失败:
[2025-06-04 01:33:59] - https://tcxx.info/feed
[2025-06-04 01:33:59] - https://blog.twofei.com/rss
[2025-06-04 01:33:59] - https://www.shephe.com/feed
[2025-06-04 01:33:59] ✘ 有 4 条订阅头像无法访问, 已使用默认头像:
[2025-06-04 01:33:59] - http://feeds.feedburner.com/ruanyifeng
[2025-06-04 01:33:59] - https://www.loyhome.com/feed
[2025-06-04 01:33:59] - https://www.douban.com/feed/review/book
[2025-06-04 01:33:59] - https://feeds.appinn.com/appinns/
[2025-06-04 02:33:40] 本次订阅抓取结果统计:
[2025-06-04 02:33:40] 共 45 条RSS, 成功抓取 43 条.
[2025-06-04 02:33:40] ✘ 有 2 条订阅解析失败:
[2025-06-04 02:33:40] - https://tcxx.info/feed
[2025-06-04 02:33:40] - https://www.shephe.com/feed
[2025-06-04 02:33:40] ✘ 有 4 条订阅头像无法访问, 已使用默认头像:
[2025-06-04 02:33:40] - http://feeds.feedburner.com/ruanyifeng
[2025-06-04 02:33:40] - https://www.loyhome.com/feed
[2025-06-04 02:33:40] - https://www.douban.com/feed/review/book
[2025-06-04 02:33:40] - https://feeds.appinn.com/appinns/
[2025-06-04 03:24:45] 本次订阅抓取结果统计:
[2025-06-04 03:24:45] 共 45 条RSS, 成功抓取 43 条.
[2025-06-04 03:24:45] ✘ 有 2 条订阅解析失败:
[2025-06-04 03:24:45] - https://tcxx.info/feed
[2025-06-04 03:24:45] - https://www.shephe.com/feed
[2025-06-04 03:24:45] ✘ 有 4 条订阅头像无法访问, 已使用默认头像:
[2025-06-04 03:24:45] - http://feeds.feedburner.com/ruanyifeng
[2025-06-04 03:24:45] - https://www.loyhome.com/feed
[2025-06-04 03:24:45] - https://www.douban.com/feed/review/book
[2025-06-04 03:24:45] - https://feeds.appinn.com/appinns/
[2025-06-04 04:07:30] 本次订阅抓取结果统计:
[2025-06-04 04:07:30] 共 45 条RSS, 成功抓取 43 条.
[2025-06-04 04:07:30] ✘ 有 2 条订阅解析失败:
[2025-06-04 04:07:30] - https://tcxx.info/feed
[2025-06-04 04:07:30] - https://www.shephe.com/feed
[2025-06-04 04:07:30] ✘ 有 3 条订阅头像无法访问, 已使用默认头像:
[2025-06-04 04:07:30] - http://feeds.feedburner.com/ruanyifeng
[2025-06-04 04:07:30] - https://www.loyhome.com/feed
[2025-06-04 04:07:30] - https://www.douban.com/feed/review/book
[2025-06-04 05:04:30] 本次订阅抓取结果统计:
[2025-06-04 05:04:30] 共 45 条RSS, 成功抓取 43 条.
[2025-06-04 05:04:30] ✘ 有 2 条订阅解析失败:
[2025-06-04 05:04:30] - https://tcxx.info/feed
[2025-06-04 05:04:30] - https://www.shephe.com/feed
[2025-06-04 05:04:30] ✘ 有 4 条订阅头像无法访问, 已使用默认头像:
[2025-06-04 05:04:30] - http://feeds.feedburner.com/ruanyifeng
[2025-06-04 05:04:30] - https://www.loyhome.com/feed
[2025-06-04 05:04:30] - https://xyzbz.cn/feed
[2025-06-04 05:04:30] - https://www.douban.com/feed/review/book
[2025-06-04 06:04:01] 本次订阅抓取结果统计:
[2025-06-04 06:04:01] 共 45 条RSS, 成功抓取 43 条.
[2025-06-04 06:04:01] ✘ 有 2 条订阅解析失败:
[2025-06-04 06:04:01] - https://tcxx.info/feed
[2025-06-04 06:04:01] - https://www.shephe.com/feed
[2025-06-04 06:04:01] ✘ 有 4 条订阅头像无法访问, 已使用默认头像:
[2025-06-04 06:04:01] - http://feeds.feedburner.com/ruanyifeng
[2025-06-04 06:04:01] - https://www.loyhome.com/feed
[2025-06-04 06:04:01] - https://feeds.appinn.com/appinns/
[2025-06-04 06:04:01] - https://www.douban.com/feed/review/book
[2025-06-04 07:07:26] 本次订阅抓取结果统计:
[2025-06-04 07:07:26] 共 45 条RSS, 成功抓取 43 条.
[2025-06-04 07:07:26] ✘ 有 2 条订阅解析失败:
[2025-06-04 07:07:26] - https://tcxx.info/feed
[2025-06-04 07:07:26] - https://www.shephe.com/feed
[2025-06-04 07:07:26] ✘ 有 4 条订阅头像无法访问, 已使用默认头像:
[2025-06-04 07:07:26] - http://feeds.feedburner.com/ruanyifeng
[2025-06-04 07:07:26] - https://www.loyhome.com/feed
[2025-06-04 07:07:26] - https://www.douban.com/feed/review/book
[2025-06-04 07:07:26] - https://feeds.appinn.com/appinns/
[2025-06-04 08:06:47] 本次订阅抓取结果统计:
[2025-06-04 08:06:47] 共 45 条RSS, 成功抓取 43 条.
[2025-06-04 08:06:47] ✘ 有 2 条订阅解析失败:
[2025-06-04 08:06:47] - https://tcxx.info/feed
[2025-06-04 08:06:47] - https://www.shephe.com/feed
[2025-06-04 08:06:47] ✘ 有 4 条订阅头像无法访问, 已使用默认头像:
[2025-06-04 08:06:47] - http://feeds.feedburner.com/ruanyifeng
[2025-06-04 08:06:47] - https://www.loyhome.com/feed
[2025-06-04 08:06:47] - https://www.douban.com/feed/review/book
[2025-06-04 08:06:47] - https://feeds.appinn.com/appinns/
[2025-06-04 09:04:26] 本次订阅抓取结果统计:
[2025-06-04 09:04:26] 共 45 条RSS, 成功抓取 43 条.
[2025-06-04 09:04:26] ✘ 有 2 条订阅解析失败:
[2025-06-04 09:04:26] - https://tcxx.info/feed
[2025-06-04 09:04:26] - https://www.shephe.com/feed
[2025-06-04 09:04:26] ✘ 有 3 条订阅头像无法访问, 已使用默认头像:
[2025-06-04 09:04:26] - https://www.loyhome.com/feed
[2025-06-04 09:04:26] - http://feeds.feedburner.com/ruanyifeng
[2025-06-04 09:04:26] - https://www.douban.com/feed/review/book
[2025-06-04 10:06:57] 本次订阅抓取结果统计:
[2025-06-04 10:06:57] 共 45 条RSS, 成功抓取 43 条.
[2025-06-04 10:06:57] ✘ 有 2 条订阅解析失败:
[2025-06-04 10:06:57] - https://tcxx.info/feed
[2025-06-04 10:06:57] - https://www.shephe.com/feed
[2025-06-04 10:06:57] ✘ 有 3 条订阅头像无法访问, 已使用默认头像:
[2025-06-04 10:06:57] - http://feeds.feedburner.com/ruanyifeng
[2025-06-04 10:06:57] - https://www.loyhome.com/feed
[2025-06-04 10:06:57] - https://www.douban.com/feed/review/book
[2025-06-04 11:07:27] 本次订阅抓取结果统计:
[2025-06-04 11:07:27] 共 45 条RSS, 成功抓取 43 条.
[2025-06-04 11:07:27] ✘ 有 2 条订阅解析失败:
[2025-06-04 11:07:27] - https://tcxx.info/feed
[2025-06-04 11:07:27] - https://www.shephe.com/feed
[2025-06-04 11:07:27] ✘ 有 5 条订阅头像无法访问, 已使用默认头像:
[2025-06-04 11:07:27] - http://feeds.feedburner.com/ruanyifeng
[2025-06-04 11:07:27] - https://www.loyhome.com/feed
[2025-06-04 11:07:27] - https://xyzbz.cn/feed
[2025-06-04 11:07:27] - https://www.douban.com/feed/review/book
[2025-06-04 11:07:27] - https://feeds.appinn.com/appinns/
[2025-06-04 12:06:40] 本次订阅抓取结果统计:
[2025-06-04 12:06:40] 共 45 条RSS, 成功抓取 43 条.
[2025-06-04 12:06:40] ✘ 有 2 条订阅解析失败:
[2025-06-04 12:06:40] - https://tcxx.info/feed
[2025-06-04 12:06:40] - https://www.shephe.com/feed
[2025-06-04 12:06:40] ✘ 有 4 条订阅头像无法访问, 已使用默认头像:
[2025-06-04 12:06:40] - http://feeds.feedburner.com/ruanyifeng
[2025-06-04 12:06:40] - https://www.loyhome.com/feed
[2025-06-04 12:06:40] - https://www.douban.com/feed/review/book
[2025-06-04 12:06:40] - https://feeds.appinn.com/appinns/
[2025-06-04 13:15:59] 本次订阅抓取结果统计:
[2025-06-04 13:15:59] 共 45 条RSS, 成功抓取 42 条.
[2025-06-04 13:15:59] ✘ 有 3 条订阅解析失败:
[2025-06-04 13:15:59] - https://tcxx.info/feed
[2025-06-04 13:15:59] - https://sspai.com/feed
[2025-06-04 13:15:59] - https://www.shephe.com/feed
[2025-06-04 13:15:59] ✘ 有 4 条订阅头像无法访问, 已使用默认头像:
[2025-06-04 13:15:59] - https://www.loyhome.com/feed
[2025-06-04 13:15:59] - http://feeds.feedburner.com/ruanyifeng
[2025-06-04 13:15:59] - https://feeds.appinn.com/appinns/
[2025-06-04 13:15:59] - https://www.douban.com/feed/review/book
[2025-06-04 14:06:39] 本次订阅抓取结果统计:
[2025-06-04 14:06:39] 共 45 条RSS, 成功抓取 42 条.
[2025-06-04 14:06:39] ✘ 有 3 条订阅解析失败:
[2025-06-04 14:06:39] - https://tcxx.info/feed
[2025-06-04 14:06:39] - https://sspai.com/feed
[2025-06-04 14:06:39] - https://www.shephe.com/feed
[2025-06-04 14:06:39] ✘ 有 5 条订阅头像无法访问, 已使用默认头像:
[2025-06-04 14:06:39] - http://feeds.feedburner.com/ruanyifeng
[2025-06-04 14:06:39] - https://www.loyhome.com/feed
[2025-06-04 14:06:39] - https://xyzbz.cn/feed
[2025-06-04 14:06:39] - https://feeds.appinn.com/appinns/
[2025-06-04 14:06:39] - https://www.douban.com/feed/review/book
[2025-06-04 15:15:59] 本次订阅抓取结果统计:
[2025-06-04 15:15:59] 共 45 条RSS, 成功抓取 42 条.
[2025-06-04 15:15:59] ✘ 有 3 条订阅解析失败:
[2025-06-04 15:15:59] - https://tcxx.info/feed
[2025-06-04 15:15:59] - https://sspai.com/feed
[2025-06-04 15:15:59] - https://www.shephe.com/feed
[2025-06-04 15:15:59] ✘ 有 3 条订阅头像无法访问, 已使用默认头像:
[2025-06-04 15:15:59] - https://www.loyhome.com/feed
[2025-06-04 15:15:59] - http://feeds.feedburner.com/ruanyifeng
[2025-06-04 15:15:59] - https://www.douban.com/feed/review/book
[2025-06-04 16:05:13] 本次订阅抓取结果统计:
[2025-06-04 16:05:13] 共 45 条RSS, 成功抓取 42 条.
[2025-06-04 16:05:13] ✘ 有 3 条订阅解析失败:
[2025-06-04 16:05:13] - https://tcxx.info/feed
[2025-06-04 16:05:13] - https://sspai.com/feed
[2025-06-04 16:05:13] - https://www.shephe.com/feed
[2025-06-04 16:05:13] ✘ 有 5 条订阅头像无法访问, 已使用默认头像:
[2025-06-04 16:05:13] - http://feeds.feedburner.com/ruanyifeng
[2025-06-04 16:05:13] - https://www.loyhome.com/feed
[2025-06-04 16:05:13] - https://xyzbz.cn/feed
[2025-06-04 16:05:13] - https://feeds.appinn.com/appinns/
[2025-06-04 16:05:13] - https://www.douban.com/feed/review/book
[2025-06-04 17:03:41] 本次订阅抓取结果统计:
[2025-06-04 17:03:41] 共 45 条RSS, 成功抓取 43 条.
[2025-06-04 17:03:41] ✘ 有 2 条订阅解析失败:
[2025-06-04 17:03:41] - https://tcxx.info/feed
[2025-06-04 17:03:41] - https://www.shephe.com/feed
[2025-06-04 17:03:41] ✘ 有 4 条订阅头像无法访问, 已使用默认头像:
[2025-06-04 17:03:41] - https://www.loyhome.com/feed
[2025-06-04 17:03:41] - http://feeds.feedburner.com/ruanyifeng
[2025-06-04 17:03:41] - https://www.douban.com/feed/review/book
[2025-06-04 17:03:41] - https://feeds.appinn.com/appinns/
[2025-06-04 18:03:39] 本次订阅抓取结果统计:
[2025-06-04 18:03:39] 共 45 条RSS, 成功抓取 43 条.
[2025-06-04 18:03:39] ✘ 有 2 条订阅解析失败:
[2025-06-04 18:03:39] - https://tcxx.info/feed
[2025-06-04 18:03:39] - https://www.shephe.com/feed
[2025-06-04 18:03:39] ✘ 有 4 条订阅头像无法访问, 已使用默认头像:
[2025-06-04 18:03:39] - https://www.loyhome.com/feed
[2025-06-04 18:03:39] - http://feeds.feedburner.com/ruanyifeng
[2025-06-04 18:03:39] - https://www.douban.com/feed/review/book
[2025-06-04 18:03:39] - https://feeds.appinn.com/appinns/
[2025-06-04 19:04:31] 本次订阅抓取结果统计:
[2025-06-04 19:04:31] 共 45 条RSS, 成功抓取 42 条.
[2025-06-04 19:04:31] ✘ 有 3 条订阅解析失败:
[2025-06-04 19:04:31] - https://tcxx.info/feed
[2025-06-04 19:04:31] - https://sspai.com/feed
[2025-06-04 19:04:31] - https://www.shephe.com/feed
[2025-06-04 19:04:31] ✘ 有 3 条订阅头像无法访问, 已使用默认头像:
[2025-06-04 19:04:31] - http://feeds.feedburner.com/ruanyifeng
[2025-06-04 19:04:31] - https://www.loyhome.com/feed
[2025-06-04 19:04:31] - https://www.douban.com/feed/review/book
