[2025-05-07 01:21:25] 本次订阅抓取结果统计:
[2025-05-07 01:21:25] 共 28 条RSS, 成功抓取 27 条.
[2025-05-07 01:21:25] ✘ 有 1 条订阅解析失败:
[2025-05-07 01:21:25] - https://tcxx.info/feed
[2025-05-07 01:21:25] ✘ 有 3 条订阅头像无法访问, 已使用默认头像:
[2025-05-07 01:21:25] - http://feeds.feedburner.com/ruanyifeng
[2025-05-07 01:21:25] - https://www.loyhome.com/feed
[2025-05-07 01:21:25] - https://blog.yanqingshan.com/feed
[2025-05-07 03:08:31] 本次订阅抓取结果统计:
[2025-05-07 03:08:31] 共 28 条RSS, 成功抓取 27 条.
[2025-05-07 03:08:31] ✘ 有 1 条订阅解析失败:
[2025-05-07 03:08:31] - https://tcxx.info/feed
[2025-05-07 03:08:31] ✘ 有 2 条订阅头像无法访问, 已使用默认头像:
[2025-05-07 03:08:31] - http://feeds.feedburner.com/ruanyifeng
[2025-05-07 03:08:31] - https://www.loyhome.com/feed
[2025-05-07 04:20:38] 本次订阅抓取结果统计:
[2025-05-07 04:20:38] 共 28 条RSS, 成功抓取 27 条.
[2025-05-07 04:20:38] ✘ 有 1 条订阅解析失败:
[2025-05-07 04:20:38] - https://tcxx.info/feed
[2025-05-07 04:20:38] ✘ 有 2 条订阅头像无法访问, 已使用默认头像:
[2025-05-07 04:20:38] - http://feeds.feedburner.com/ruanyifeng
[2025-05-07 04:20:38] - https://www.loyhome.com/feed
[2025-05-07 05:17:49] 本次订阅抓取结果统计:
[2025-05-07 05:17:49] 共 28 条RSS, 成功抓取 27 条.
[2025-05-07 05:17:49] ✘ 有 1 条订阅解析失败:
[2025-05-07 05:17:49] - https://tcxx.info/feed
[2025-05-07 05:17:49] ✘ 有 2 条订阅头像无法访问, 已使用默认头像:
[2025-05-07 05:17:49] - http://feeds.feedburner.com/ruanyifeng
[2025-05-07 05:17:49] - https://www.loyhome.com/feed
[2025-05-07 06:25:19] 本次订阅抓取结果统计:
[2025-05-07 06:25:19] 共 28 条RSS, 成功抓取 27 条.
[2025-05-07 06:25:19] ✘ 有 1 条订阅解析失败:
[2025-05-07 06:25:19] - https://tcxx.info/feed
[2025-05-07 06:25:19] ✘ 有 2 条订阅头像无法访问, 已使用默认头像:
[2025-05-07 06:25:19] - http://feeds.feedburner.com/ruanyifeng
[2025-05-07 06:25:19] - https://www.loyhome.com/feed
[2025-05-07 07:17:30] 本次订阅抓取结果统计:
[2025-05-07 07:17:30] 共 28 条RSS, 成功抓取 27 条.
[2025-05-07 07:17:30] ✘ 有 1 条订阅解析失败:
[2025-05-07 07:17:30] - https://tcxx.info/feed
[2025-05-07 07:17:30] ✘ 有 2 条订阅头像无法访问, 已使用默认头像:
[2025-05-07 07:17:30] - http://feeds.feedburner.com/ruanyifeng
[2025-05-07 07:17:30] - https://www.loyhome.com/feed
[2025-05-07 08:24:38] 本次订阅抓取结果统计:
[2025-05-07 08:24:38] 共 28 条RSS, 成功抓取 27 条.
[2025-05-07 08:24:38] ✘ 有 1 条订阅解析失败:
[2025-05-07 08:24:38] - https://tcxx.info/feed
[2025-05-07 08:24:38] ✘ 有 2 条订阅头像无法访问, 已使用默认头像:
[2025-05-07 08:24:38] - http://feeds.feedburner.com/ruanyifeng
[2025-05-07 08:24:38] - https://www.loyhome.com/feed
[2025-05-07 09:19:21] 本次订阅抓取结果统计:
[2025-05-07 09:19:21] 共 28 条RSS, 成功抓取 27 条.
[2025-05-07 09:19:21] ✘ 有 1 条订阅解析失败:
[2025-05-07 09:19:21] - https://tcxx.info/feed
[2025-05-07 09:19:21] ✘ 有 2 条订阅头像无法访问, 已使用默认头像:
[2025-05-07 09:19:21] - http://feeds.feedburner.com/ruanyifeng
[2025-05-07 09:19:21] - https://www.loyhome.com/feed
[2025-05-07 10:19:09] 本次订阅抓取结果统计:
[2025-05-07 10:19:09] 共 28 条RSS, 成功抓取 27 条.
[2025-05-07 10:19:09] ✘ 有 1 条订阅解析失败:
[2025-05-07 10:19:09] - https://tcxx.info/feed
[2025-05-07 10:19:09] ✘ 有 2 条订阅头像无法访问, 已使用默认头像:
[2025-05-07 10:19:09] - http://feeds.feedburner.com/ruanyifeng
[2025-05-07 10:19:09] - https://www.loyhome.com/feed
[2025-05-07 11:15:21] 本次订阅抓取结果统计:
[2025-05-07 11:15:21] 共 28 条RSS, 成功抓取 27 条.
[2025-05-07 11:15:21] ✘ 有 1 条订阅解析失败:
[2025-05-07 11:15:21] - https://tcxx.info/feed
[2025-05-07 11:15:21] ✘ 有 2 条订阅头像无法访问, 已使用默认头像:
[2025-05-07 11:15:21] - http://feeds.feedburner.com/ruanyifeng
[2025-05-07 11:15:21] - https://www.loyhome.com/feed
[2025-05-07 12:36:49] 本次订阅抓取结果统计:
[2025-05-07 12:36:49] 共 28 条RSS, 成功抓取 27 条.
[2025-05-07 12:36:49] ✘ 有 1 条订阅解析失败:
[2025-05-07 12:36:49] - https://tcxx.info/feed
[2025-05-07 12:36:49] ✘ 有 2 条订阅头像无法访问, 已使用默认头像:
[2025-05-07 12:36:49] - http://feeds.feedburner.com/ruanyifeng
[2025-05-07 12:36:49] - https://www.loyhome.com/feed
[2025-05-07 13:30:56] 本次订阅抓取结果统计:
[2025-05-07 13:30:56] 共 28 条RSS, 成功抓取 27 条.
[2025-05-07 13:30:56] ✘ 有 1 条订阅解析失败:
[2025-05-07 13:30:56] - https://tcxx.info/feed
[2025-05-07 13:30:56] ✘ 有 2 条订阅头像无法访问, 已使用默认头像:
[2025-05-07 13:30:56] - http://feeds.feedburner.com/ruanyifeng
[2025-05-07 13:30:56] - https://www.loyhome.com/feed
[2025-05-07 14:18:19] 本次订阅抓取结果统计:
[2025-05-07 14:18:19] 共 28 条RSS, 成功抓取 27 条.
[2025-05-07 14:18:19] ✘ 有 1 条订阅解析失败:
[2025-05-07 14:18:19] - https://tcxx.info/feed
[2025-05-07 14:18:19] ✘ 有 2 条订阅头像无法访问, 已使用默认头像:
[2025-05-07 14:18:19] - http://feeds.feedburner.com/ruanyifeng
[2025-05-07 14:18:19] - https://www.loyhome.com/feed
[2025-05-07 15:22:14] 本次订阅抓取结果统计:
[2025-05-07 15:22:14] 共 28 条RSS, 成功抓取 27 条.
[2025-05-07 15:22:14] ✘ 有 1 条订阅解析失败:
[2025-05-07 15:22:14] - https://tcxx.info/feed
[2025-05-07 15:22:14] ✘ 有 2 条订阅头像无法访问, 已使用默认头像:
[2025-05-07 15:22:14] - http://feeds.feedburner.com/ruanyifeng
[2025-05-07 15:22:14] - https://www.loyhome.com/feed
[2025-05-07 16:23:10] 本次订阅抓取结果统计:
[2025-05-07 16:23:10] 共 28 条RSS, 成功抓取 27 条.
[2025-05-07 16:23:10] ✘ 有 1 条订阅解析失败:
[2025-05-07 16:23:10] - https://tcxx.info/feed
[2025-05-07 16:23:10] ✘ 有 2 条订阅头像无法访问, 已使用默认头像:
[2025-05-07 16:23:10] - http://feeds.feedburner.com/ruanyifeng
[2025-05-07 16:23:10] - https://www.loyhome.com/feed
[2025-05-07 17:16:04] 本次订阅抓取结果统计:
[2025-05-07 17:16:04] 共 28 条RSS, 成功抓取 27 条.
[2025-05-07 17:16:04] ✘ 有 1 条订阅解析失败:
[2025-05-07 17:16:04] - https://tcxx.info/feed
[2025-05-07 17:16:04] ✘ 有 2 条订阅头像无法访问, 已使用默认头像:
[2025-05-07 17:16:04] - http://feeds.feedburner.com/ruanyifeng
[2025-05-07 17:16:04] - https://www.loyhome.com/feed
[2025-05-07 18:24:38] 本次订阅抓取结果统计:
[2025-05-07 18:24:38] 共 28 条RSS, 成功抓取 27 条.
[2025-05-07 18:24:38] ✘ 有 1 条订阅解析失败:
[2025-05-07 18:24:38] - https://tcxx.info/feed
[2025-05-07 18:24:38] ✘ 有 2 条订阅头像无法访问, 已使用默认头像:
[2025-05-07 18:24:38] - http://feeds.feedburner.com/ruanyifeng
[2025-05-07 18:24:38] - https://www.loyhome.com/feed
