[2025-08-03 00:04:55] 本次订阅抓取结果统计:
[2025-08-03 00:04:55] 共 51 条RSS, 成功抓取 46 条.
[2025-08-03 00:04:55] ✘ 有 5 条订阅解析失败:
[2025-08-03 00:04:55] - https://tumutanzi.com/feed
[2025-08-03 00:04:55] - https://tcxx.info/feed
[2025-08-03 00:04:55] - https://www.williamlong.info/rss.xml
[2025-08-03 00:04:55] - https://yinwang1.substack.com/feed
[2025-08-03 00:04:55] - https://www.douban.com/feed/review/book
[2025-08-03 00:04:55] ✘ 有 5 条订阅头像无法访问, 已使用默认头像:
[2025-08-03 00:04:55] - http://feeds.feedburner.com/ruanyifeng
[2025-08-03 00:04:55] - https://www.loyhome.com/feed
[2025-08-03 00:04:55] - https://a4.zyzhang.com/index.xml
[2025-08-03 00:04:55] - https://www.geedea.pro/index.xml
[2025-08-03 00:04:55] - https://feeds.appinn.com/appinns/
[2025-08-03 01:30:30] 抓取到的文章与现有数据相同，无需更新。
[2025-08-03 02:46:24] 本次订阅抓取结果统计:
[2025-08-03 02:46:24] 共 51 条RSS, 成功抓取 47 条.
[2025-08-03 02:46:24] ✘ 有 4 条订阅解析失败:
[2025-08-03 02:46:24] - https://tumutanzi.com/feed
[2025-08-03 02:46:24] - https://tcxx.info/feed
[2025-08-03 02:46:24] - https://www.williamlong.info/rss.xml
[2025-08-03 02:46:24] - https://yinwang1.substack.com/feed
[2025-08-03 02:46:24] ✘ 有 6 条订阅头像无法访问, 已使用默认头像:
[2025-08-03 02:46:24] - http://feeds.feedburner.com/ruanyifeng
[2025-08-03 02:46:24] - https://www.loyhome.com/feed
[2025-08-03 02:46:24] - https://a4.zyzhang.com/index.xml
[2025-08-03 02:46:24] - https://www.geedea.pro/index.xml
[2025-08-03 02:46:24] - https://feeds.appinn.com/appinns/
[2025-08-03 02:46:24] - https://www.douban.com/feed/review/book
[2025-08-03 03:33:58] 抓取到的文章与现有数据相同，无需更新。
[2025-08-03 04:20:03] 本次订阅抓取结果统计:
[2025-08-03 04:20:03] 共 51 条RSS, 成功抓取 47 条.
[2025-08-03 04:20:03] ✘ 有 4 条订阅解析失败:
[2025-08-03 04:20:03] - https://tcxx.info/feed
[2025-08-03 04:20:03] - https://tumutanzi.com/feed
[2025-08-03 04:20:03] - https://www.williamlong.info/rss.xml
[2025-08-03 04:20:03] - https://yinwang1.substack.com/feed
[2025-08-03 04:20:03] ✘ 有 5 条订阅头像无法访问, 已使用默认头像:
[2025-08-03 04:20:03] - http://feeds.feedburner.com/ruanyifeng
[2025-08-03 04:20:03] - https://www.loyhome.com/feed
[2025-08-03 04:20:03] - https://a4.zyzhang.com/index.xml
[2025-08-03 04:20:03] - https://www.geedea.pro/index.xml
[2025-08-03 04:20:03] - https://www.douban.com/feed/review/book
[2025-08-03 05:07:53] 抓取到的文章与现有数据相同，无需更新。
[2025-08-03 06:02:20] 抓取到的文章与现有数据相同，无需更新。
[2025-08-03 07:02:32] 抓取到的文章与现有数据相同，无需更新。
