[2025-04-22 01:18:51] 本次订阅抓取结果统计:
[2025-04-22 01:18:51] 共 28 条RSS, 成功抓取 27 条.
[2025-04-22 01:18:51] ✘ 有 1 条订阅解析失败:
[2025-04-22 01:18:51] - https://tcxx.info/feed
[2025-04-22 01:18:51] ✘ 有 2 条订阅头像无法访问, 已使用默认头像:
[2025-04-22 01:18:51] - http://feeds.feedburner.com/ruanyifeng
[2025-04-22 01:18:51] - https://www.loyhome.com/feed
[2025-04-22 03:01:56] 本次订阅抓取结果统计:
[2025-04-22 03:01:56] 共 28 条RSS, 成功抓取 27 条.
[2025-04-22 03:01:56] ✘ 有 1 条订阅解析失败:
[2025-04-22 03:01:56] - https://tcxx.info/feed
[2025-04-22 03:01:56] ✘ 有 2 条订阅头像无法访问, 已使用默认头像:
[2025-04-22 03:01:56] - http://feeds.feedburner.com/ruanyifeng
[2025-04-22 03:01:56] - https://www.loyhome.com/feed
[2025-04-22 04:20:06] 本次订阅抓取结果统计:
[2025-04-22 04:20:06] 共 28 条RSS, 成功抓取 27 条.
[2025-04-22 04:20:06] ✘ 有 1 条订阅解析失败:
[2025-04-22 04:20:06] - https://tcxx.info/feed
[2025-04-22 04:20:06] ✘ 有 2 条订阅头像无法访问, 已使用默认头像:
[2025-04-22 04:20:06] - http://feeds.feedburner.com/ruanyifeng
[2025-04-22 04:20:06] - https://www.loyhome.com/feed
[2025-04-22 05:17:27] 本次订阅抓取结果统计:
[2025-04-22 05:17:27] 共 28 条RSS, 成功抓取 27 条.
[2025-04-22 05:17:27] ✘ 有 1 条订阅解析失败:
[2025-04-22 05:17:27] - https://tcxx.info/feed
[2025-04-22 05:17:27] ✘ 有 2 条订阅头像无法访问, 已使用默认头像:
[2025-04-22 05:17:27] - https://www.loyhome.com/feed
[2025-04-22 05:17:27] - http://feeds.feedburner.com/ruanyifeng
[2025-04-22 06:24:47] 本次订阅抓取结果统计:
[2025-04-22 06:24:47] 共 28 条RSS, 成功抓取 27 条.
[2025-04-22 06:24:47] ✘ 有 1 条订阅解析失败:
[2025-04-22 06:24:47] - https://tcxx.info/feed
[2025-04-22 06:24:47] ✘ 有 2 条订阅头像无法访问, 已使用默认头像:
[2025-04-22 06:24:47] - http://feeds.feedburner.com/ruanyifeng
[2025-04-22 06:24:47] - https://www.loyhome.com/feed
[2025-04-22 07:17:31] 本次订阅抓取结果统计:
[2025-04-22 07:17:31] 共 28 条RSS, 成功抓取 27 条.
[2025-04-22 07:17:31] ✘ 有 1 条订阅解析失败:
[2025-04-22 07:17:31] - https://tcxx.info/feed
[2025-04-22 07:17:31] ✘ 有 2 条订阅头像无法访问, 已使用默认头像:
[2025-04-22 07:17:31] - http://feeds.feedburner.com/ruanyifeng
[2025-04-22 07:17:31] - https://www.loyhome.com/feed
[2025-04-22 08:26:03] 本次订阅抓取结果统计:
[2025-04-22 08:26:03] 共 28 条RSS, 成功抓取 27 条.
[2025-04-22 08:26:03] ✘ 有 1 条订阅解析失败:
[2025-04-22 08:26:03] - https://tcxx.info/feed
[2025-04-22 08:26:03] ✘ 有 2 条订阅头像无法访问, 已使用默认头像:
[2025-04-22 08:26:03] - https://www.loyhome.com/feed
[2025-04-22 08:26:03] - http://feeds.feedburner.com/ruanyifeng
[2025-04-22 09:18:28] 本次订阅抓取结果统计:
[2025-04-22 09:18:28] 共 28 条RSS, 成功抓取 27 条.
[2025-04-22 09:18:28] ✘ 有 1 条订阅解析失败:
[2025-04-22 09:18:28] - https://tcxx.info/feed
[2025-04-22 09:18:28] ✘ 有 2 条订阅头像无法访问, 已使用默认头像:
[2025-04-22 09:18:28] - http://feeds.feedburner.com/ruanyifeng
[2025-04-22 09:18:28] - https://www.loyhome.com/feed
[2025-04-22 10:18:14] 本次订阅抓取结果统计:
[2025-04-22 10:18:14] 共 28 条RSS, 成功抓取 27 条.
[2025-04-22 10:18:14] ✘ 有 1 条订阅解析失败:
[2025-04-22 10:18:14] - https://tcxx.info/feed
[2025-04-22 10:18:14] ✘ 有 2 条订阅头像无法访问, 已使用默认头像:
[2025-04-22 10:18:14] - http://feeds.feedburner.com/ruanyifeng
[2025-04-22 10:18:14] - https://www.loyhome.com/feed
[2025-04-22 11:14:53] 本次订阅抓取结果统计:
[2025-04-22 11:14:53] 共 28 条RSS, 成功抓取 27 条.
[2025-04-22 11:14:53] ✘ 有 1 条订阅解析失败:
[2025-04-22 11:14:53] - https://tcxx.info/feed
[2025-04-22 11:14:53] ✘ 有 2 条订阅头像无法访问, 已使用默认头像:
[2025-04-22 11:14:53] - http://feeds.feedburner.com/ruanyifeng
[2025-04-22 11:14:53] - https://www.loyhome.com/feed
[2025-04-22 12:34:22] 本次订阅抓取结果统计:
[2025-04-22 12:34:22] 共 28 条RSS, 成功抓取 27 条.
[2025-04-22 12:34:22] ✘ 有 1 条订阅解析失败:
[2025-04-22 12:34:22] - https://tcxx.info/feed
[2025-04-22 12:34:22] ✘ 有 3 条订阅头像无法访问, 已使用默认头像:
[2025-04-22 12:34:22] - http://feeds.feedburner.com/ruanyifeng
[2025-04-22 12:34:22] - https://www.loyhome.com/feed
[2025-04-22 12:34:22] - https://xyzbz.cn/feed
[2025-04-22 13:27:17] 本次订阅抓取结果统计:
[2025-04-22 13:27:17] 共 28 条RSS, 成功抓取 27 条.
[2025-04-22 13:27:17] ✘ 有 1 条订阅解析失败:
[2025-04-22 13:27:17] - https://tcxx.info/feed
[2025-04-22 13:27:17] ✘ 有 3 条订阅头像无法访问, 已使用默认头像:
[2025-04-22 13:27:17] - http://feeds.feedburner.com/ruanyifeng
[2025-04-22 13:27:17] - https://www.loyhome.com/feed
[2025-04-22 13:27:17] - https://blog.yanqingshan.com/feed
[2025-04-22 14:17:37] 本次订阅抓取结果统计:
[2025-04-22 14:17:37] 共 28 条RSS, 成功抓取 27 条.
[2025-04-22 14:17:37] ✘ 有 1 条订阅解析失败:
[2025-04-22 14:17:37] - https://tcxx.info/feed
[2025-04-22 14:17:37] ✘ 有 2 条订阅头像无法访问, 已使用默认头像:
[2025-04-22 14:17:37] - http://feeds.feedburner.com/ruanyifeng
[2025-04-22 14:17:37] - https://www.loyhome.com/feed
