[2025-08-15 00:04:24] 抓取到的文章与现有数据相同，无需更新。
[2025-08-15 01:29:35] 本次订阅抓取结果统计:
[2025-08-15 01:29:35] 共 53 条RSS, 成功抓取 50 条.
[2025-08-15 01:29:35] ✘ 有 3 条订阅解析失败:
[2025-08-15 01:29:35] - https://tcxx.info/feed
[2025-08-15 01:29:35] - https://tumutanzi.com/feed
[2025-08-15 01:29:35] - https://yinwang1.substack.com/feed
[2025-08-15 01:29:35] ✘ 有 1 条订阅头像字段为空, 已使用默认头像:
[2025-08-15 01:29:35] - https://feed.cnblogs.com/blog/u/66551/rss/
[2025-08-15 01:29:35] ✘ 有 6 条订阅头像无法访问, 已使用默认头像:
[2025-08-15 01:29:35] - http://feeds.feedburner.com/ruanyifeng
[2025-08-15 01:29:35] - https://www.loyhome.com/feed
[2025-08-15 01:29:35] - https://a4.zyzhang.com/index.xml
[2025-08-15 01:29:35] - https://www.geedea.pro/index.xml
[2025-08-15 01:29:35] - https://skywind.me/blog/feed
[2025-08-15 01:29:35] - https://www.douban.com/feed/review/book
[2025-08-15 02:34:28] 抓取到的文章与现有数据相同，无需更新。
[2025-08-15 03:26:32] 本次订阅抓取结果统计:
[2025-08-15 03:26:32] 共 53 条RSS, 成功抓取 50 条.
[2025-08-15 03:26:32] ✘ 有 3 条订阅解析失败:
[2025-08-15 03:26:32] - https://tcxx.info/feed
[2025-08-15 03:26:32] - https://tumutanzi.com/feed
[2025-08-15 03:26:32] - https://yinwang1.substack.com/feed
[2025-08-15 03:26:32] ✘ 有 1 条订阅头像字段为空, 已使用默认头像:
[2025-08-15 03:26:32] - https://feed.cnblogs.com/blog/u/66551/rss/
[2025-08-15 03:26:32] ✘ 有 6 条订阅头像无法访问, 已使用默认头像:
[2025-08-15 03:26:32] - http://feeds.feedburner.com/ruanyifeng
[2025-08-15 03:26:32] - https://www.loyhome.com/feed
[2025-08-15 03:26:32] - https://a4.zyzhang.com/index.xml
[2025-08-15 03:26:32] - https://www.geedea.pro/index.xml
[2025-08-15 03:26:32] - https://skywind.me/blog/feed
[2025-08-15 03:26:32] - https://www.douban.com/feed/review/book
[2025-08-15 04:08:10] 本次订阅抓取结果统计:
[2025-08-15 04:08:10] 共 53 条RSS, 成功抓取 50 条.
[2025-08-15 04:08:10] ✘ 有 3 条订阅解析失败:
[2025-08-15 04:08:10] - https://tumutanzi.com/feed
[2025-08-15 04:08:10] - https://tcxx.info/feed
[2025-08-15 04:08:10] - https://yinwang1.substack.com/feed
[2025-08-15 04:08:10] ✘ 有 1 条订阅头像字段为空, 已使用默认头像:
[2025-08-15 04:08:10] - https://feed.cnblogs.com/blog/u/66551/rss/
[2025-08-15 04:08:10] ✘ 有 8 条订阅头像无法访问, 已使用默认头像:
[2025-08-15 04:08:10] - http://feeds.feedburner.com/ruanyifeng
[2025-08-15 04:08:10] - https://www.loyhome.com/feed
[2025-08-15 04:08:10] - https://a4.zyzhang.com/index.xml
[2025-08-15 04:08:10] - https://www.geedea.pro/index.xml
[2025-08-15 04:08:10] - https://xyzbz.cn/feed
[2025-08-15 04:08:10] - https://skywind.me/blog/feed
[2025-08-15 04:08:10] - https://feeds.appinn.com/appinns/
[2025-08-15 04:08:10] - https://www.douban.com/feed/review/book
[2025-08-15 05:02:24] 抓取到的文章与现有数据相同，无需更新。
[2025-08-15 06:02:08] 抓取到的文章与现有数据相同，无需更新。
[2025-08-15 07:02:28] 本次订阅抓取结果统计:
[2025-08-15 07:02:28] 共 53 条RSS, 成功抓取 50 条.
[2025-08-15 07:02:28] ✘ 有 3 条订阅解析失败:
[2025-08-15 07:02:28] - https://tcxx.info/feed
[2025-08-15 07:02:28] - https://tumutanzi.com/feed
[2025-08-15 07:02:28] - https://yinwang1.substack.com/feed
[2025-08-15 07:02:28] ✘ 有 1 条订阅头像字段为空, 已使用默认头像:
[2025-08-15 07:02:28] - https://feed.cnblogs.com/blog/u/66551/rss/
[2025-08-15 07:02:28] ✘ 有 6 条订阅头像无法访问, 已使用默认头像:
[2025-08-15 07:02:28] - http://feeds.feedburner.com/ruanyifeng
[2025-08-15 07:02:28] - https://www.loyhome.com/feed
[2025-08-15 07:02:28] - https://a4.zyzhang.com/index.xml
[2025-08-15 07:02:28] - https://www.geedea.pro/index.xml
[2025-08-15 07:02:28] - https://skywind.me/blog/feed
[2025-08-15 07:02:28] - https://www.douban.com/feed/review/book
[2025-08-15 08:02:02] 本次订阅抓取结果统计:
[2025-08-15 08:02:02] 共 53 条RSS, 成功抓取 50 条.
[2025-08-15 08:02:02] ✘ 有 3 条订阅解析失败:
[2025-08-15 08:02:02] - https://tcxx.info/feed
[2025-08-15 08:02:02] - https://tumutanzi.com/feed
[2025-08-15 08:02:02] - https://yinwang1.substack.com/feed
[2025-08-15 08:02:02] ✘ 有 1 条订阅头像字段为空, 已使用默认头像:
[2025-08-15 08:02:02] - https://feed.cnblogs.com/blog/u/66551/rss/
[2025-08-15 08:02:02] ✘ 有 6 条订阅头像无法访问, 已使用默认头像:
[2025-08-15 08:02:02] - http://feeds.feedburner.com/ruanyifeng
[2025-08-15 08:02:02] - https://www.loyhome.com/feed
[2025-08-15 08:02:02] - https://a4.zyzhang.com/index.xml
[2025-08-15 08:02:02] - https://www.geedea.pro/index.xml
[2025-08-15 08:02:02] - https://skywind.me/blog/feed
[2025-08-15 08:02:02] - https://www.douban.com/feed/review/book
[2025-08-15 09:01:37] 本次订阅抓取结果统计:
[2025-08-15 09:01:37] 共 53 条RSS, 成功抓取 50 条.
[2025-08-15 09:01:37] ✘ 有 3 条订阅解析失败:
[2025-08-15 09:01:37] - https://tcxx.info/feed
[2025-08-15 09:01:37] - https://tumutanzi.com/feed
[2025-08-15 09:01:37] - https://yinwang1.substack.com/feed
[2025-08-15 09:01:37] ✘ 有 1 条订阅头像字段为空, 已使用默认头像:
[2025-08-15 09:01:37] - https://feed.cnblogs.com/blog/u/66551/rss/
[2025-08-15 09:01:37] ✘ 有 7 条订阅头像无法访问, 已使用默认头像:
[2025-08-15 09:01:37] - http://feeds.feedburner.com/ruanyifeng
[2025-08-15 09:01:37] - https://www.loyhome.com/feed
[2025-08-15 09:01:37] - https://a4.zyzhang.com/index.xml
[2025-08-15 09:01:37] - https://www.geedea.pro/index.xml
[2025-08-15 09:01:37] - https://skywind.me/blog/feed
[2025-08-15 09:01:37] - https://xyzbz.cn/feed
[2025-08-15 09:01:37] - https://www.douban.com/feed/review/book
[2025-08-15 10:02:12] 抓取到的文章与现有数据相同，无需更新。
[2025-08-15 11:01:36] 本次订阅抓取结果统计:
[2025-08-15 11:01:36] 共 53 条RSS, 成功抓取 50 条.
[2025-08-15 11:01:36] ✘ 有 3 条订阅解析失败:
[2025-08-15 11:01:36] - https://tumutanzi.com/feed
[2025-08-15 11:01:36] - https://tcxx.info/feed
[2025-08-15 11:01:36] - https://yinwang1.substack.com/feed
[2025-08-15 11:01:36] ✘ 有 1 条订阅头像字段为空, 已使用默认头像:
[2025-08-15 11:01:36] - https://feed.cnblogs.com/blog/u/66551/rss/
[2025-08-15 11:01:36] ✘ 有 7 条订阅头像无法访问, 已使用默认头像:
[2025-08-15 11:01:36] - http://feeds.feedburner.com/ruanyifeng
[2025-08-15 11:01:36] - https://www.loyhome.com/feed
[2025-08-15 11:01:36] - https://www.geedea.pro/index.xml
[2025-08-15 11:01:36] - https://a4.zyzhang.com/index.xml
[2025-08-15 11:01:36] - https://skywind.me/blog/feed
[2025-08-15 11:01:36] - https://feeds.appinn.com/appinns/
[2025-08-15 11:01:36] - https://www.douban.com/feed/review/book
[2025-08-15 12:02:12] 本次订阅抓取结果统计:
[2025-08-15 12:02:12] 共 53 条RSS, 成功抓取 50 条.
[2025-08-15 12:02:12] ✘ 有 3 条订阅解析失败:
[2025-08-15 12:02:12] - https://tcxx.info/feed
[2025-08-15 12:02:12] - https://tumutanzi.com/feed
[2025-08-15 12:02:12] - https://yinwang1.substack.com/feed
[2025-08-15 12:02:12] ✘ 有 1 条订阅头像字段为空, 已使用默认头像:
[2025-08-15 12:02:12] - https://feed.cnblogs.com/blog/u/66551/rss/
[2025-08-15 12:02:12] ✘ 有 6 条订阅头像无法访问, 已使用默认头像:
[2025-08-15 12:02:12] - http://feeds.feedburner.com/ruanyifeng
[2025-08-15 12:02:12] - https://www.loyhome.com/feed
[2025-08-15 12:02:12] - https://a4.zyzhang.com/index.xml
[2025-08-15 12:02:12] - https://www.geedea.pro/index.xml
[2025-08-15 12:02:12] - https://skywind.me/blog/feed
[2025-08-15 12:02:12] - https://www.douban.com/feed/review/book
[2025-08-15 13:10:32] 抓取到的文章与现有数据相同，无需更新。
[2025-08-15 14:01:47] 抓取到的文章与现有数据相同，无需更新。
[2025-08-15 15:01:38] 抓取到的文章与现有数据相同，无需更新。
[2025-08-15 16:01:44] 抓取到的文章与现有数据相同，无需更新。
[2025-08-15 17:01:45] 抓取到的文章与现有数据相同，无需更新。
[2025-08-15 18:02:37] 本次订阅抓取结果统计:
[2025-08-15 18:02:37] 共 53 条RSS, 成功抓取 49 条.
[2025-08-15 18:02:37] ✘ 有 4 条订阅解析失败:
[2025-08-15 18:02:37] - https://tcxx.info/feed
[2025-08-15 18:02:37] - https://tumutanzi.com/feed
[2025-08-15 18:02:37] - https://yinwang1.substack.com/feed
[2025-08-15 18:02:37] - https://diygod.cc/feed
[2025-08-15 18:02:37] ✘ 有 1 条订阅头像字段为空, 已使用默认头像:
[2025-08-15 18:02:37] - https://feed.cnblogs.com/blog/u/66551/rss/
[2025-08-15 18:02:37] ✘ 有 6 条订阅头像无法访问, 已使用默认头像:
[2025-08-15 18:02:37] - http://feeds.feedburner.com/ruanyifeng
[2025-08-15 18:02:37] - https://www.loyhome.com/feed
[2025-08-15 18:02:37] - https://a4.zyzhang.com/index.xml
[2025-08-15 18:02:37] - https://www.geedea.pro/index.xml
[2025-08-15 18:02:37] - https://skywind.me/blog/feed
[2025-08-15 18:02:37] - https://www.douban.com/feed/review/book
[2025-08-15 19:01:49] 本次订阅抓取结果统计:
[2025-08-15 19:01:49] 共 53 条RSS, 成功抓取 50 条.
[2025-08-15 19:01:49] ✘ 有 3 条订阅解析失败:
[2025-08-15 19:01:49] - https://tcxx.info/feed
[2025-08-15 19:01:49] - https://tumutanzi.com/feed
[2025-08-15 19:01:49] - https://yinwang1.substack.com/feed
[2025-08-15 19:01:49] ✘ 有 1 条订阅头像字段为空, 已使用默认头像:
[2025-08-15 19:01:49] - https://feed.cnblogs.com/blog/u/66551/rss/
[2025-08-15 19:01:49] ✘ 有 6 条订阅头像无法访问, 已使用默认头像:
[2025-08-15 19:01:49] - http://feeds.feedburner.com/ruanyifeng
[2025-08-15 19:01:49] - https://www.loyhome.com/feed
[2025-08-15 19:01:49] - https://a4.zyzhang.com/index.xml
[2025-08-15 19:01:49] - https://www.geedea.pro/index.xml
[2025-08-15 19:01:49] - https://skywind.me/blog/feed
[2025-08-15 19:01:49] - https://www.douban.com/feed/review/book
