[2025-08-01 00:04:56] 抓取到的文章与现有数据相同，无需更新。
[2025-08-01 01:30:36] 本次订阅抓取结果统计:
[2025-08-01 01:30:36] 共 51 条RSS, 成功抓取 48 条.
[2025-08-01 01:30:36] ✘ 有 3 条订阅解析失败:
[2025-08-01 01:30:36] - https://tcxx.info/feed
[2025-08-01 01:30:36] - https://yinwang1.substack.com/feed
[2025-08-01 01:30:36] - https://www.douban.com/feed/review/book
[2025-08-01 01:30:36] ✘ 有 4 条订阅头像无法访问, 已使用默认头像:
[2025-08-01 01:30:36] - http://feeds.feedburner.com/ruanyifeng
[2025-08-01 01:30:36] - https://www.loyhome.com/feed
[2025-08-01 01:30:36] - https://a4.zyzhang.com/index.xml
[2025-08-01 01:30:36] - https://www.geedea.pro/index.xml
[2025-08-01 02:47:43] 本次订阅抓取结果统计:
[2025-08-01 02:47:43] 共 51 条RSS, 成功抓取 49 条.
[2025-08-01 02:47:43] ✘ 有 2 条订阅解析失败:
[2025-08-01 02:47:43] - https://tcxx.info/feed
[2025-08-01 02:47:43] - https://yinwang1.substack.com/feed
[2025-08-01 02:47:43] ✘ 有 5 条订阅头像无法访问, 已使用默认头像:
[2025-08-01 02:47:43] - http://feeds.feedburner.com/ruanyifeng
[2025-08-01 02:47:43] - https://www.loyhome.com/feed
[2025-08-01 02:47:43] - https://a4.zyzhang.com/index.xml
[2025-08-01 02:47:43] - https://www.geedea.pro/index.xml
[2025-08-01 02:47:43] - https://www.douban.com/feed/review/book
[2025-08-01 03:36:13] 本次订阅抓取结果统计:
[2025-08-01 03:36:13] 共 51 条RSS, 成功抓取 49 条.
[2025-08-01 03:36:13] ✘ 有 2 条订阅解析失败:
[2025-08-01 03:36:13] - https://tcxx.info/feed
[2025-08-01 03:36:13] - https://yinwang1.substack.com/feed
[2025-08-01 03:36:13] ✘ 有 5 条订阅头像无法访问, 已使用默认头像:
[2025-08-01 03:36:13] - http://feeds.feedburner.com/ruanyifeng
[2025-08-01 03:36:13] - https://www.loyhome.com/feed
[2025-08-01 03:36:13] - https://a4.zyzhang.com/index.xml
[2025-08-01 03:36:13] - https://www.geedea.pro/index.xml
[2025-08-01 03:36:13] - https://www.douban.com/feed/review/book
[2025-08-01 04:23:05] 本次订阅抓取结果统计:
[2025-08-01 04:23:05] 共 51 条RSS, 成功抓取 49 条.
[2025-08-01 04:23:05] ✘ 有 2 条订阅解析失败:
[2025-08-01 04:23:05] - https://tcxx.info/feed
[2025-08-01 04:23:05] - https://yinwang1.substack.com/feed
[2025-08-01 04:23:05] ✘ 有 6 条订阅头像无法访问, 已使用默认头像:
[2025-08-01 04:23:05] - http://feeds.feedburner.com/ruanyifeng
[2025-08-01 04:23:05] - https://www.loyhome.com/feed
[2025-08-01 04:23:05] - https://a4.zyzhang.com/index.xml
[2025-08-01 04:23:05] - https://www.geedea.pro/index.xml
[2025-08-01 04:23:05] - https://www.douban.com/feed/review/book
[2025-08-01 04:23:05] - https://feeds.appinn.com/appinns/
[2025-08-01 05:10:03] 本次订阅抓取结果统计:
[2025-08-01 05:10:03] 共 51 条RSS, 成功抓取 47 条.
[2025-08-01 05:10:03] ✘ 有 4 条订阅解析失败:
[2025-08-01 05:10:03] - https://tcxx.info/feed
[2025-08-01 05:10:03] - https://tumutanzi.com/feed
[2025-08-01 05:10:03] - https://www.williamlong.info/rss.xml
[2025-08-01 05:10:03] - https://yinwang1.substack.com/feed
[2025-08-01 05:10:03] ✘ 有 6 条订阅头像无法访问, 已使用默认头像:
[2025-08-01 05:10:03] - http://feeds.feedburner.com/ruanyifeng
[2025-08-01 05:10:03] - https://www.loyhome.com/feed
[2025-08-01 05:10:03] - https://a4.zyzhang.com/index.xml
[2025-08-01 05:10:03] - https://www.geedea.pro/index.xml
[2025-08-01 05:10:03] - https://www.douban.com/feed/review/book
[2025-08-01 05:10:03] - https://feeds.appinn.com/appinns/
[2025-08-01 06:03:32] 抓取到的文章与现有数据相同，无需更新。
[2025-08-01 07:05:09] 抓取到的文章与现有数据相同，无需更新。
[2025-08-01 08:02:13] 本次订阅抓取结果统计:
[2025-08-01 08:02:13] 共 51 条RSS, 成功抓取 47 条.
[2025-08-01 08:02:13] ✘ 有 4 条订阅解析失败:
[2025-08-01 08:02:13] - https://tumutanzi.com/feed
[2025-08-01 08:02:13] - https://tcxx.info/feed
[2025-08-01 08:02:13] - https://www.williamlong.info/rss.xml
[2025-08-01 08:02:13] - https://yinwang1.substack.com/feed
[2025-08-01 08:02:13] ✘ 有 6 条订阅头像无法访问, 已使用默认头像:
[2025-08-01 08:02:13] - http://feeds.feedburner.com/ruanyifeng
[2025-08-01 08:02:13] - https://www.loyhome.com/feed
[2025-08-01 08:02:13] - https://a4.zyzhang.com/index.xml
[2025-08-01 08:02:13] - https://www.geedea.pro/index.xml
[2025-08-01 08:02:13] - https://feeds.appinn.com/appinns/
[2025-08-01 08:02:13] - https://www.douban.com/feed/review/book
[2025-08-01 09:04:11] 本次订阅抓取结果统计:
[2025-08-01 09:04:11] 共 51 条RSS, 成功抓取 47 条.
[2025-08-01 09:04:11] ✘ 有 4 条订阅解析失败:
[2025-08-01 09:04:11] - https://tumutanzi.com/feed
[2025-08-01 09:04:11] - https://tcxx.info/feed
[2025-08-01 09:04:11] - https://www.williamlong.info/rss.xml
[2025-08-01 09:04:11] - https://yinwang1.substack.com/feed
[2025-08-01 09:04:11] ✘ 有 5 条订阅头像无法访问, 已使用默认头像:
[2025-08-01 09:04:11] - http://feeds.feedburner.com/ruanyifeng
[2025-08-01 09:04:11] - https://www.loyhome.com/feed
[2025-08-01 09:04:11] - https://a4.zyzhang.com/index.xml
[2025-08-01 09:04:11] - https://www.geedea.pro/index.xml
[2025-08-01 09:04:11] - https://www.douban.com/feed/review/book
[2025-08-01 10:02:02] 本次订阅抓取结果统计:
[2025-08-01 10:02:02] 共 51 条RSS, 成功抓取 47 条.
[2025-08-01 10:02:02] ✘ 有 4 条订阅解析失败:
[2025-08-01 10:02:02] - https://tumutanzi.com/feed
[2025-08-01 10:02:02] - https://tcxx.info/feed
[2025-08-01 10:02:02] - https://www.williamlong.info/rss.xml
[2025-08-01 10:02:02] - https://yinwang1.substack.com/feed
[2025-08-01 10:02:02] ✘ 有 6 条订阅头像无法访问, 已使用默认头像:
[2025-08-01 10:02:02] - http://feeds.feedburner.com/ruanyifeng
[2025-08-01 10:02:02] - https://www.loyhome.com/feed
[2025-08-01 10:02:02] - https://a4.zyzhang.com/index.xml
[2025-08-01 10:02:02] - https://www.geedea.pro/index.xml
[2025-08-01 10:02:02] - https://www.douban.com/feed/review/book
[2025-08-01 10:02:02] - https://feeds.appinn.com/appinns/
[2025-08-01 11:01:59] 抓取到的文章与现有数据相同，无需更新。
[2025-08-01 12:02:19] 本次订阅抓取结果统计:
[2025-08-01 12:02:19] 共 51 条RSS, 成功抓取 47 条.
[2025-08-01 12:02:19] ✘ 有 4 条订阅解析失败:
[2025-08-01 12:02:19] - https://tcxx.info/feed
[2025-08-01 12:02:19] - https://tumutanzi.com/feed
[2025-08-01 12:02:19] - https://www.williamlong.info/rss.xml
[2025-08-01 12:02:19] - https://yinwang1.substack.com/feed
[2025-08-01 12:02:19] ✘ 有 6 条订阅头像无法访问, 已使用默认头像:
[2025-08-01 12:02:19] - http://feeds.feedburner.com/ruanyifeng
[2025-08-01 12:02:19] - https://www.loyhome.com/feed
[2025-08-01 12:02:19] - https://a4.zyzhang.com/index.xml
[2025-08-01 12:02:19] - https://www.geedea.pro/index.xml
[2025-08-01 12:02:19] - https://xyzbz.cn/feed
[2025-08-01 12:02:19] - https://www.douban.com/feed/review/book
[2025-08-01 13:13:51] 抓取到的文章与现有数据相同，无需更新。
