[2025-09-05 00:04:17] 抓取到的文章与现有数据相同，无需更新。
[2025-09-05 01:29:18] 本次订阅抓取结果统计:
[2025-09-05 01:29:18] 共 59 条RSS, 成功抓取 53 条.
[2025-09-05 01:29:18] ✘ 有 6 条订阅解析失败:
[2025-09-05 01:29:18] - https://tumutanzi.com/feed
[2025-09-05 01:29:18] - https://tcxx.info/feed
[2025-09-05 01:29:18] - https://geekinney.com/index.xml
[2025-09-05 01:29:18] - https://yinwang1.substack.com/feed
[2025-09-05 01:29:18] - https://botanwang.com/rss.xml
[2025-09-05 01:29:18] - https://www.douban.com/feed/review/book
[2025-09-05 01:29:18] ✘ 有 1 条订阅头像字段为空, 已使用默认头像:
[2025-09-05 01:29:18] - https://feed.cnblogs.com/blog/u/66551/rss/
[2025-09-05 01:29:18] ✘ 有 9 条订阅头像无法访问, 已使用默认头像:
[2025-09-05 01:29:18] - https://hwv430.blogspot.com/feeds/posts/default
[2025-09-05 01:29:18] - http://feeds.feedburner.com/ruanyifeng
[2025-09-05 01:29:18] - https://www.loyhome.com/feed
[2025-09-05 01:29:18] - https://www.shephe.com/feed
[2025-09-05 01:29:18] - https://a4.zyzhang.com/index.xml
[2025-09-05 01:29:18] - https://www.geedea.pro/index.xml
[2025-09-05 01:29:18] - https://skywind.me/blog/feed
[2025-09-05 01:29:18] - https://laike9m.com/blog/rss/
[2025-09-05 01:29:18] - https://www.mrhe.net/feed
[2025-09-05 02:27:00] 本次订阅抓取结果统计:
[2025-09-05 02:27:00] 共 59 条RSS, 成功抓取 53 条.
[2025-09-05 02:27:00] ✘ 有 6 条订阅解析失败:
[2025-09-05 02:27:00] - https://www.shephe.com/feed
[2025-09-05 02:27:00] - https://tcxx.info/feed
[2025-09-05 02:27:00] - https://tumutanzi.com/feed
[2025-09-05 02:27:00] - https://geekinney.com/index.xml
[2025-09-05 02:27:00] - https://yinwang1.substack.com/feed
[2025-09-05 02:27:00] - https://botanwang.com/rss.xml
[2025-09-05 02:27:00] ✘ 有 1 条订阅头像字段为空, 已使用默认头像:
[2025-09-05 02:27:00] - https://feed.cnblogs.com/blog/u/66551/rss/
[2025-09-05 02:27:00] ✘ 有 9 条订阅头像无法访问, 已使用默认头像:
[2025-09-05 02:27:00] - https://hwv430.blogspot.com/feeds/posts/default
[2025-09-05 02:27:00] - https://www.loyhome.com/feed
[2025-09-05 02:27:00] - http://feeds.feedburner.com/ruanyifeng
[2025-09-05 02:27:00] - https://a4.zyzhang.com/index.xml
[2025-09-05 02:27:00] - https://www.geedea.pro/index.xml
[2025-09-05 02:27:00] - https://laike9m.com/blog/rss/
[2025-09-05 02:27:00] - https://skywind.me/blog/feed
[2025-09-05 02:27:00] - https://www.douban.com/feed/review/book
[2025-09-05 02:27:00] - https://www.mrhe.net/feed
[2025-09-05 03:12:39] 本次订阅抓取结果统计:
[2025-09-05 03:12:39] 共 59 条RSS, 成功抓取 54 条.
[2025-09-05 03:12:39] ✘ 有 5 条订阅解析失败:
[2025-09-05 03:12:39] - https://tcxx.info/feed
[2025-09-05 03:12:39] - https://tumutanzi.com/feed
[2025-09-05 03:12:39] - https://geekinney.com/index.xml
[2025-09-05 03:12:39] - https://yinwang1.substack.com/feed
[2025-09-05 03:12:39] - https://botanwang.com/rss.xml
[2025-09-05 03:12:39] ✘ 有 1 条订阅头像字段为空, 已使用默认头像:
[2025-09-05 03:12:39] - https://feed.cnblogs.com/blog/u/66551/rss/
[2025-09-05 03:12:39] ✘ 有 9 条订阅头像无法访问, 已使用默认头像:
[2025-09-05 03:12:39] - http://feeds.feedburner.com/ruanyifeng
[2025-09-05 03:12:39] - https://www.loyhome.com/feed
[2025-09-05 03:12:39] - https://www.shephe.com/feed
[2025-09-05 03:12:39] - https://a4.zyzhang.com/index.xml
[2025-09-05 03:12:39] - https://www.geedea.pro/index.xml
[2025-09-05 03:12:39] - https://skywind.me/blog/feed
[2025-09-05 03:12:39] - https://laike9m.com/blog/rss/
[2025-09-05 03:12:39] - https://www.mrhe.net/feed
[2025-09-05 03:12:39] - https://www.douban.com/feed/review/book
