[2025-04-14 01:20:47] 本次订阅抓取结果统计:
[2025-04-14 01:20:47] 共 28 条RSS, 成功抓取 27 条.
[2025-04-14 01:20:47] ✘ 有 1 条订阅解析失败:
[2025-04-14 01:20:47] - https://tcxx.info/feed
[2025-04-14 01:20:47] ✘ 有 2 条订阅头像无法访问, 已使用默认头像:
[2025-04-14 01:20:47] - http://feeds.feedburner.com/ruanyifeng
[2025-04-14 01:20:47] - https://www.loyhome.com/feed
[2025-04-14 03:05:21] 本次订阅抓取结果统计:
[2025-04-14 03:05:21] 共 28 条RSS, 成功抓取 27 条.
[2025-04-14 03:05:21] ✘ 有 1 条订阅解析失败:
[2025-04-14 03:05:21] - https://tcxx.info/feed
[2025-04-14 03:05:21] ✘ 有 2 条订阅头像无法访问, 已使用默认头像:
[2025-04-14 03:05:21] - http://feeds.feedburner.com/ruanyifeng
[2025-04-14 03:05:21] - https://www.loyhome.com/feed
[2025-04-14 04:20:14] 本次订阅抓取结果统计:
[2025-04-14 04:20:14] 共 28 条RSS, 成功抓取 27 条.
[2025-04-14 04:20:14] ✘ 有 1 条订阅解析失败:
[2025-04-14 04:20:14] - https://tcxx.info/feed
[2025-04-14 04:20:14] ✘ 有 2 条订阅头像无法访问, 已使用默认头像:
[2025-04-14 04:20:14] - https://www.loyhome.com/feed
[2025-04-14 04:20:14] - http://feeds.feedburner.com/ruanyifeng
