[2025-07-23 00:04:34] 本次订阅抓取结果统计:
[2025-07-23 00:04:34] 共 51 条RSS, 成功抓取 49 条.
[2025-07-23 00:04:34] ✘ 有 2 条订阅解析失败:
[2025-07-23 00:04:34] - https://tcxx.info/feed
[2025-07-23 00:04:34] - https://yinwang1.substack.com/feed
[2025-07-23 00:04:34] ✘ 有 6 条订阅头像无法访问, 已使用默认头像:
[2025-07-23 00:04:34] - http://feeds.feedburner.com/ruanyifeng
[2025-07-23 00:04:34] - https://www.loyhome.com/feed
[2025-07-23 00:04:34] - https://a4.zyzhang.com/index.xml
[2025-07-23 00:04:34] - https://www.geedea.pro/index.xml
[2025-07-23 00:04:34] - https://feeds.appinn.com/appinns/
[2025-07-23 00:04:34] - https://www.douban.com/feed/review/book
[2025-07-23 01:30:14] 本次订阅抓取结果统计:
[2025-07-23 01:30:14] 共 51 条RSS, 成功抓取 48 条.
[2025-07-23 01:30:14] ✘ 有 3 条订阅解析失败:
[2025-07-23 01:30:14] - https://tcxx.info/feed
[2025-07-23 01:30:14] - https://yinwang1.substack.com/feed
[2025-07-23 01:30:14] - https://www.douban.com/feed/review/book
[2025-07-23 01:30:14] ✘ 有 4 条订阅头像无法访问, 已使用默认头像:
[2025-07-23 01:30:14] - http://feeds.feedburner.com/ruanyifeng
[2025-07-23 01:30:14] - https://www.loyhome.com/feed
[2025-07-23 01:30:14] - https://a4.zyzhang.com/index.xml
[2025-07-23 01:30:14] - https://www.geedea.pro/index.xml
[2025-07-23 02:38:58] 本次订阅抓取结果统计:
[2025-07-23 02:38:58] 共 51 条RSS, 成功抓取 49 条.
[2025-07-23 02:38:58] ✘ 有 2 条订阅解析失败:
[2025-07-23 02:38:58] - https://tcxx.info/feed
[2025-07-23 02:38:58] - https://yinwang1.substack.com/feed
[2025-07-23 02:38:58] ✘ 有 6 条订阅头像无法访问, 已使用默认头像:
[2025-07-23 02:38:58] - http://feeds.feedburner.com/ruanyifeng
[2025-07-23 02:38:58] - https://www.loyhome.com/feed
[2025-07-23 02:38:58] - https://a4.zyzhang.com/index.xml
[2025-07-23 02:38:58] - https://www.geedea.pro/index.xml
[2025-07-23 02:38:58] - https://www.douban.com/feed/review/book
[2025-07-23 02:38:58] - https://feeds.appinn.com/appinns/
[2025-07-23 03:29:44] 抓取到的文章与现有数据相同，无需更新。
[2025-07-23 04:15:05] 本次订阅抓取结果统计:
[2025-07-23 04:15:05] 共 51 条RSS, 成功抓取 49 条.
[2025-07-23 04:15:05] ✘ 有 2 条订阅解析失败:
[2025-07-23 04:15:05] - https://tcxx.info/feed
[2025-07-23 04:15:05] - https://yinwang1.substack.com/feed
[2025-07-23 04:15:05] ✘ 有 5 条订阅头像无法访问, 已使用默认头像:
[2025-07-23 04:15:05] - http://feeds.feedburner.com/ruanyifeng
[2025-07-23 04:15:05] - https://www.loyhome.com/feed
[2025-07-23 04:15:05] - https://a4.zyzhang.com/index.xml
[2025-07-23 04:15:05] - https://www.geedea.pro/index.xml
[2025-07-23 04:15:05] - https://www.douban.com/feed/review/book
[2025-07-23 05:07:27] 抓取到的文章与现有数据相同，无需更新。
[2025-07-23 06:02:32] 抓取到的文章与现有数据相同，无需更新。
[2025-07-23 07:04:10] 抓取到的文章与现有数据相同，无需更新。
[2025-07-23 08:02:35] 本次订阅抓取结果统计:
[2025-07-23 08:02:35] 共 51 条RSS, 成功抓取 49 条.
[2025-07-23 08:02:35] ✘ 有 2 条订阅解析失败:
[2025-07-23 08:02:35] - https://tcxx.info/feed
[2025-07-23 08:02:35] - https://yinwang1.substack.com/feed
[2025-07-23 08:02:35] ✘ 有 6 条订阅头像无法访问, 已使用默认头像:
[2025-07-23 08:02:35] - https://www.loyhome.com/feed
[2025-07-23 08:02:35] - http://feeds.feedburner.com/ruanyifeng
[2025-07-23 08:02:35] - https://a4.zyzhang.com/index.xml
[2025-07-23 08:02:35] - https://www.geedea.pro/index.xml
[2025-07-23 08:02:35] - https://www.douban.com/feed/review/book
[2025-07-23 08:02:35] - https://feeds.appinn.com/appinns/
[2025-07-23 09:04:17] 本次订阅抓取结果统计:
[2025-07-23 09:04:17] 共 51 条RSS, 成功抓取 49 条.
[2025-07-23 09:04:17] ✘ 有 2 条订阅解析失败:
[2025-07-23 09:04:17] - https://tcxx.info/feed
[2025-07-23 09:04:17] - https://yinwang1.substack.com/feed
[2025-07-23 09:04:17] ✘ 有 6 条订阅头像无法访问, 已使用默认头像:
[2025-07-23 09:04:17] - http://feeds.feedburner.com/ruanyifeng
[2025-07-23 09:04:17] - https://www.loyhome.com/feed
[2025-07-23 09:04:17] - https://a4.zyzhang.com/index.xml
[2025-07-23 09:04:17] - https://www.geedea.pro/index.xml
[2025-07-23 09:04:17] - https://www.douban.com/feed/review/book
[2025-07-23 09:04:17] - https://feeds.appinn.com/appinns/
[2025-07-23 10:02:05] 抓取到的文章与现有数据相同，无需更新。
[2025-07-23 11:01:53] 本次订阅抓取结果统计:
[2025-07-23 11:01:53] 共 51 条RSS, 成功抓取 49 条.
[2025-07-23 11:01:53] ✘ 有 2 条订阅解析失败:
[2025-07-23 11:01:53] - https://tcxx.info/feed
[2025-07-23 11:01:53] - https://yinwang1.substack.com/feed
[2025-07-23 11:01:53] ✘ 有 6 条订阅头像无法访问, 已使用默认头像:
[2025-07-23 11:01:53] - http://feeds.feedburner.com/ruanyifeng
[2025-07-23 11:01:53] - https://www.loyhome.com/feed
[2025-07-23 11:01:53] - https://a4.zyzhang.com/index.xml
[2025-07-23 11:01:53] - https://www.geedea.pro/index.xml
[2025-07-23 11:01:53] - https://feeds.appinn.com/appinns/
[2025-07-23 11:01:53] - https://www.douban.com/feed/review/book
[2025-07-23 12:02:13] 抓取到的文章与现有数据相同，无需更新。
[2025-07-23 13:13:56] 抓取到的文章与现有数据相同，无需更新。
[2025-07-23 14:02:52] 抓取到的文章与现有数据相同，无需更新。
[2025-07-23 15:02:54] 本次订阅抓取结果统计:
[2025-07-23 15:02:54] 共 51 条RSS, 成功抓取 48 条.
[2025-07-23 15:02:54] ✘ 有 3 条订阅解析失败:
[2025-07-23 15:02:54] - https://tcxx.info/feed
[2025-07-23 15:02:54] - https://yinwang1.substack.com/feed
[2025-07-23 15:02:54] - https://www.douban.com/feed/review/book
[2025-07-23 15:02:54] ✘ 有 4 条订阅头像无法访问, 已使用默认头像:
[2025-07-23 15:02:54] - http://feeds.feedburner.com/ruanyifeng
[2025-07-23 15:02:54] - https://www.loyhome.com/feed
[2025-07-23 15:02:54] - https://a4.zyzhang.com/index.xml
[2025-07-23 15:02:54] - https://www.geedea.pro/index.xml
