[2025-10-08 00:04:31] 本次订阅抓取结果统计:
[2025-10-08 00:04:31] 共 60 条RSS, 成功抓取 53 条.
[2025-10-08 00:04:31] ✘ 有 6 条订阅解析失败:
[2025-10-08 00:04:31] - https://tcxx.info/feed
[2025-10-08 00:04:31] - https://tumutanzi.com/feed
[2025-10-08 00:04:31] - https://geekinney.com/index.xml
[2025-10-08 00:04:31] - https://suus.me/index.xml
[2025-10-08 00:04:31] - https://yinwang1.substack.com/feed
[2025-10-08 00:04:31] - https://botanwang.com/rss.xml
[2025-10-08 00:04:31] ✘ 有 1 条订阅为空:
[2025-10-08 00:04:31] - http://feeds.feedburner.com/zhihu-daily
[2025-10-08 00:04:31] ✘ 有 1 条订阅头像字段为空, 已使用默认头像:
[2025-10-08 00:04:31] - https://feed.cnblogs.com/blog/u/66551/rss/
[2025-10-08 00:04:31] ✘ 有 7 条订阅头像无法访问, 已使用默认头像:
[2025-10-08 00:04:31] - http://feeds.feedburner.com/ruanyifeng
[2025-10-08 00:04:31] - https://www.loyhome.com/feed
[2025-10-08 00:04:31] - https://a4.zyzhang.com/index.xml
[2025-10-08 00:04:31] - https://laike9m.com/blog/rss/
[2025-10-08 00:04:31] - https://skywind.me/blog/feed
[2025-10-08 00:04:31] - https://www.mrhe.net/feed
[2025-10-08 00:04:31] - https://www.douban.com/feed/review/book
[2025-10-08 01:29:20] 抓取到的文章与现有数据相同，无需更新。
[2025-10-08 02:25:55] 抓取到的文章与现有数据相同，无需更新。
[2025-10-08 03:12:30] 本次订阅抓取结果统计:
[2025-10-08 03:12:30] 共 60 条RSS, 成功抓取 52 条.
[2025-10-08 03:12:30] ✘ 有 7 条订阅解析失败:
[2025-10-08 03:12:30] - https://tumutanzi.com/feed
[2025-10-08 03:12:30] - https://tcxx.info/feed
[2025-10-08 03:12:30] - https://geekinney.com/index.xml
[2025-10-08 03:12:30] - https://diygod.cc/feed
[2025-10-08 03:12:30] - https://suus.me/index.xml
[2025-10-08 03:12:30] - https://yinwang1.substack.com/feed
[2025-10-08 03:12:30] - https://botanwang.com/rss.xml
[2025-10-08 03:12:30] ✘ 有 1 条订阅为空:
[2025-10-08 03:12:30] - http://feeds.feedburner.com/zhihu-daily
[2025-10-08 03:12:30] ✘ 有 1 条订阅头像字段为空, 已使用默认头像:
[2025-10-08 03:12:30] - https://feed.cnblogs.com/blog/u/66551/rss/
[2025-10-08 03:12:30] ✘ 有 7 条订阅头像无法访问, 已使用默认头像:
[2025-10-08 03:12:30] - http://feeds.feedburner.com/ruanyifeng
[2025-10-08 03:12:30] - https://www.loyhome.com/feed
[2025-10-08 03:12:30] - https://a4.zyzhang.com/index.xml
[2025-10-08 03:12:30] - https://skywind.me/blog/feed
[2025-10-08 03:12:30] - https://laike9m.com/blog/rss/
[2025-10-08 03:12:30] - https://www.douban.com/feed/review/book
[2025-10-08 03:12:30] - https://www.mrhe.net/feed
[2025-10-08 04:02:03] 本次订阅抓取结果统计:
[2025-10-08 04:02:03] 共 60 条RSS, 成功抓取 52 条.
[2025-10-08 04:02:03] ✘ 有 7 条订阅解析失败:
[2025-10-08 04:02:03] - https://tcxx.info/feed
[2025-10-08 04:02:03] - https://tumutanzi.com/feed
[2025-10-08 04:02:03] - https://geekinney.com/index.xml
[2025-10-08 04:02:03] - https://diygod.cc/feed
[2025-10-08 04:02:03] - https://suus.me/index.xml
[2025-10-08 04:02:03] - https://yinwang1.substack.com/feed
[2025-10-08 04:02:03] - https://botanwang.com/rss.xml
[2025-10-08 04:02:03] ✘ 有 1 条订阅为空:
[2025-10-08 04:02:03] - http://feeds.feedburner.com/zhihu-daily
[2025-10-08 04:02:03] ✘ 有 1 条订阅头像字段为空, 已使用默认头像:
[2025-10-08 04:02:03] - https://feed.cnblogs.com/blog/u/66551/rss/
[2025-10-08 04:02:03] ✘ 有 7 条订阅头像无法访问, 已使用默认头像:
[2025-10-08 04:02:03] - https://www.loyhome.com/feed
[2025-10-08 04:02:03] - http://feeds.feedburner.com/ruanyifeng
[2025-10-08 04:02:03] - https://a4.zyzhang.com/index.xml
[2025-10-08 04:02:03] - https://laike9m.com/blog/rss/
[2025-10-08 04:02:03] - https://skywind.me/blog/feed
[2025-10-08 04:02:03] - https://www.douban.com/feed/review/book
[2025-10-08 04:02:03] - https://www.mrhe.net/feed
[2025-10-08 05:01:53] 本次订阅抓取结果统计:
[2025-10-08 05:01:53] 共 60 条RSS, 成功抓取 52 条.
[2025-10-08 05:01:53] ✘ 有 7 条订阅解析失败:
[2025-10-08 05:01:53] - https://tcxx.info/feed
[2025-10-08 05:01:53] - https://tumutanzi.com/feed
[2025-10-08 05:01:53] - https://geekinney.com/index.xml
[2025-10-08 05:01:53] - https://suus.me/index.xml
[2025-10-08 05:01:53] - https://yinwang1.substack.com/feed
[2025-10-08 05:01:53] - https://botanwang.com/rss.xml
[2025-10-08 05:01:53] - https://www.douban.com/feed/review/book
[2025-10-08 05:01:53] ✘ 有 1 条订阅为空:
[2025-10-08 05:01:53] - http://feeds.feedburner.com/zhihu-daily
[2025-10-08 05:01:53] ✘ 有 1 条订阅头像字段为空, 已使用默认头像:
[2025-10-08 05:01:53] - https://feed.cnblogs.com/blog/u/66551/rss/
[2025-10-08 05:01:53] ✘ 有 6 条订阅头像无法访问, 已使用默认头像:
[2025-10-08 05:01:53] - http://feeds.feedburner.com/ruanyifeng
[2025-10-08 05:01:53] - https://www.loyhome.com/feed
[2025-10-08 05:01:53] - https://a4.zyzhang.com/index.xml
[2025-10-08 05:01:53] - https://laike9m.com/blog/rss/
[2025-10-08 05:01:53] - https://skywind.me/blog/feed
[2025-10-08 05:01:53] - https://www.mrhe.net/feed
[2025-10-08 06:02:12] 本次订阅抓取结果统计:
[2025-10-08 06:02:12] 共 60 条RSS, 成功抓取 53 条.
[2025-10-08 06:02:12] ✘ 有 6 条订阅解析失败:
[2025-10-08 06:02:12] - https://tumutanzi.com/feed
[2025-10-08 06:02:12] - https://tcxx.info/feed
[2025-10-08 06:02:12] - https://geekinney.com/index.xml
[2025-10-08 06:02:12] - https://suus.me/index.xml
[2025-10-08 06:02:12] - https://yinwang1.substack.com/feed
[2025-10-08 06:02:12] - https://botanwang.com/rss.xml
[2025-10-08 06:02:12] ✘ 有 1 条订阅为空:
[2025-10-08 06:02:12] - http://feeds.feedburner.com/zhihu-daily
[2025-10-08 06:02:12] ✘ 有 1 条订阅头像字段为空, 已使用默认头像:
[2025-10-08 06:02:12] - https://feed.cnblogs.com/blog/u/66551/rss/
[2025-10-08 06:02:12] ✘ 有 7 条订阅头像无法访问, 已使用默认头像:
[2025-10-08 06:02:12] - http://feeds.feedburner.com/ruanyifeng
[2025-10-08 06:02:12] - https://www.loyhome.com/feed
[2025-10-08 06:02:12] - https://a4.zyzhang.com/index.xml
[2025-10-08 06:02:12] - https://laike9m.com/blog/rss/
[2025-10-08 06:02:12] - https://skywind.me/blog/feed
[2025-10-08 06:02:12] - https://www.douban.com/feed/review/book
[2025-10-08 06:02:12] - https://www.mrhe.net/feed
[2025-10-08 07:01:54] 抓取到的文章与现有数据相同，无需更新。
[2025-10-08 08:02:01] 抓取到的文章与现有数据相同，无需更新。
[2025-10-08 09:01:56] 抓取到的文章与现有数据相同，无需更新。
[2025-10-08 10:01:58] 抓取到的文章与现有数据相同，无需更新。
[2025-10-08 11:01:55] 本次订阅抓取结果统计:
[2025-10-08 11:01:55] 共 60 条RSS, 成功抓取 52 条.
[2025-10-08 11:01:55] ✘ 有 7 条订阅解析失败:
[2025-10-08 11:01:55] - https://tumutanzi.com/feed
[2025-10-08 11:01:55] - https://tcxx.info/feed
[2025-10-08 11:01:55] - https://geekinney.com/index.xml
[2025-10-08 11:01:55] - https://diygod.cc/feed
[2025-10-08 11:01:55] - https://suus.me/index.xml
[2025-10-08 11:01:55] - https://yinwang1.substack.com/feed
[2025-10-08 11:01:55] - https://botanwang.com/rss.xml
[2025-10-08 11:01:55] ✘ 有 1 条订阅为空:
[2025-10-08 11:01:55] - http://feeds.feedburner.com/zhihu-daily
[2025-10-08 11:01:55] ✘ 有 1 条订阅头像字段为空, 已使用默认头像:
[2025-10-08 11:01:55] - https://feed.cnblogs.com/blog/u/66551/rss/
[2025-10-08 11:01:55] ✘ 有 7 条订阅头像无法访问, 已使用默认头像:
[2025-10-08 11:01:55] - http://feeds.feedburner.com/ruanyifeng
[2025-10-08 11:01:55] - https://www.loyhome.com/feed
[2025-10-08 11:01:55] - https://a4.zyzhang.com/index.xml
[2025-10-08 11:01:55] - https://skywind.me/blog/feed
[2025-10-08 11:01:55] - https://laike9m.com/blog/rss/
[2025-10-08 11:01:55] - https://www.douban.com/feed/review/book
[2025-10-08 11:01:55] - https://www.mrhe.net/feed
[2025-10-08 12:02:14] [ERROR] 拉取RSS链接失败: /home/runner/work/lhasaRSS/lhasaRSS/feed_fetcher.go:53 => 无法获取RSS列表文件: https://lhasa-1253887673.cos.ap-shanghai.myqcloud.com/lhasaRSS/rss.txt | 原因: Get "https://lhasa-1253887673.cos.ap-shanghai.myqcloud.com/lhasaRSS/rss.txt": net/http: TLS handshake timeout
[2025-10-08 13:10:08] 本次订阅抓取结果统计:
[2025-10-08 13:10:08] 共 60 条RSS, 成功抓取 53 条.
[2025-10-08 13:10:08] ✘ 有 6 条订阅解析失败:
[2025-10-08 13:10:08] - https://tumutanzi.com/feed
[2025-10-08 13:10:08] - https://tcxx.info/feed
[2025-10-08 13:10:08] - https://geekinney.com/index.xml
[2025-10-08 13:10:08] - https://suus.me/index.xml
[2025-10-08 13:10:08] - https://yinwang1.substack.com/feed
[2025-10-08 13:10:08] - https://botanwang.com/rss.xml
[2025-10-08 13:10:08] ✘ 有 1 条订阅为空:
[2025-10-08 13:10:08] - http://feeds.feedburner.com/zhihu-daily
[2025-10-08 13:10:08] ✘ 有 1 条订阅头像字段为空, 已使用默认头像:
[2025-10-08 13:10:08] - https://feed.cnblogs.com/blog/u/66551/rss/
[2025-10-08 13:10:08] ✘ 有 7 条订阅头像无法访问, 已使用默认头像:
[2025-10-08 13:10:08] - http://feeds.feedburner.com/ruanyifeng
[2025-10-08 13:10:08] - https://www.loyhome.com/feed
[2025-10-08 13:10:08] - https://a4.zyzhang.com/index.xml
[2025-10-08 13:10:08] - https://laike9m.com/blog/rss/
[2025-10-08 13:10:08] - https://skywind.me/blog/feed
[2025-10-08 13:10:08] - https://www.mrhe.net/feed
[2025-10-08 13:10:08] - https://www.douban.com/feed/review/book
[2025-10-08 14:01:55] 抓取到的文章与现有数据相同，无需更新。
