[2025-08-17 00:04:27] 抓取到的文章与现有数据相同，无需更新。
[2025-08-17 01:29:52] 抓取到的文章与现有数据相同，无需更新。
[2025-08-17 02:37:29] 本次订阅抓取结果统计:
[2025-08-17 02:37:29] 共 55 条RSS, 成功抓取 50 条.
[2025-08-17 02:37:29] ✘ 有 5 条订阅解析失败:
[2025-08-17 02:37:29] - https://tcxx.info/feed
[2025-08-17 02:37:29] - https://tumutanzi.com/feed
[2025-08-17 02:37:29] - https://yinwang1.substack.com/feed
[2025-08-17 02:37:29] - https://botanwang.com/rss.xml
[2025-08-17 02:37:29] - https://www.douban.com/feed/review/book
[2025-08-17 02:37:29] ✘ 有 1 条订阅头像字段为空, 已使用默认头像:
[2025-08-17 02:37:29] - https://feed.cnblogs.com/blog/u/66551/rss/
[2025-08-17 02:37:29] ✘ 有 6 条订阅头像无法访问, 已使用默认头像:
[2025-08-17 02:37:29] - http://feeds.feedburner.com/ruanyifeng
[2025-08-17 02:37:29] - https://www.loyhome.com/feed
[2025-08-17 02:37:29] - https://a4.zyzhang.com/index.xml
[2025-08-17 02:37:29] - https://www.geedea.pro/index.xml
[2025-08-17 02:37:29] - https://skywind.me/blog/feed
[2025-08-17 02:37:29] - https://feeds.appinn.com/appinns/
[2025-08-17 03:28:35] 本次订阅抓取结果统计:
[2025-08-17 03:28:35] 共 55 条RSS, 成功抓取 51 条.
[2025-08-17 03:28:35] ✘ 有 4 条订阅解析失败:
[2025-08-17 03:28:35] - https://tcxx.info/feed
[2025-08-17 03:28:35] - https://tumutanzi.com/feed
[2025-08-17 03:28:35] - https://yinwang1.substack.com/feed
[2025-08-17 03:28:35] - https://botanwang.com/rss.xml
[2025-08-17 03:28:35] ✘ 有 1 条订阅头像字段为空, 已使用默认头像:
[2025-08-17 03:28:35] - https://feed.cnblogs.com/blog/u/66551/rss/
[2025-08-17 03:28:35] ✘ 有 6 条订阅头像无法访问, 已使用默认头像:
[2025-08-17 03:28:35] - http://feeds.feedburner.com/ruanyifeng
[2025-08-17 03:28:35] - https://www.loyhome.com/feed
[2025-08-17 03:28:35] - https://a4.zyzhang.com/index.xml
[2025-08-17 03:28:35] - https://www.geedea.pro/index.xml
[2025-08-17 03:28:35] - https://skywind.me/blog/feed
[2025-08-17 03:28:35] - https://www.douban.com/feed/review/book
