[2025-11-10 00:05:32] 本次订阅抓取结果统计:
[2025-11-10 00:05:32] 共 63 条RSS, 成功抓取 54 条.
[2025-11-10 00:05:32] ✘ 有 8 条订阅解析失败:
[2025-11-10 00:05:32] - https://tumutanzi.com/feed
[2025-11-10 00:05:32] - https://tcxx.info/feed
[2025-11-10 00:05:32] - https://blog.twofei.com/rss
[2025-11-10 00:05:32] - https://suus.me/index.xml
[2025-11-10 00:05:32] - https://geekinney.com/index.xml
[2025-11-10 00:05:32] - https://yinwang1.substack.com/feed
[2025-11-10 00:05:32] - https://botanwang.com/rss.xml
[2025-11-10 00:05:32] - http://www.auiou.com/feed/
[2025-11-10 00:05:32] ✘ 有 1 条订阅为空:
[2025-11-10 00:05:32] - http://feeds.feedburner.com/zhihu-daily
[2025-11-10 00:05:32] ✘ 有 1 条订阅头像字段为空, 已使用默认头像:
[2025-11-10 00:05:32] - https://feed.cnblogs.com/blog/u/66551/rss/
[2025-11-10 00:05:32] ✘ 有 3 条订阅头像无法访问, 已使用默认头像:
[2025-11-10 00:05:32] - http://feeds.feedburner.com/ruanyifeng
[2025-11-10 00:05:32] - https://skywind.me/blog/feed
[2025-11-10 00:05:32] - https://www.douban.com/feed/review/book
[2025-11-10 01:29:58] 本次订阅抓取结果统计:
[2025-11-10 01:29:58] 共 63 条RSS, 成功抓取 55 条.
[2025-11-10 01:29:58] ✘ 有 7 条订阅解析失败:
[2025-11-10 01:29:58] - https://tumutanzi.com/feed
[2025-11-10 01:29:58] - https://tcxx.info/feed
[2025-11-10 01:29:58] - https://geekinney.com/index.xml
[2025-11-10 01:29:58] - https://blog.twofei.com/rss
[2025-11-10 01:29:58] - https://suus.me/index.xml
[2025-11-10 01:29:58] - https://yinwang1.substack.com/feed
[2025-11-10 01:29:58] - https://botanwang.com/rss.xml
[2025-11-10 01:29:58] ✘ 有 1 条订阅为空:
[2025-11-10 01:29:58] - http://feeds.feedburner.com/zhihu-daily
[2025-11-10 01:29:58] ✘ 有 1 条订阅头像字段为空, 已使用默认头像:
[2025-11-10 01:29:58] - https://feed.cnblogs.com/blog/u/66551/rss/
[2025-11-10 01:29:58] ✘ 有 3 条订阅头像无法访问, 已使用默认头像:
[2025-11-10 01:29:58] - http://feeds.feedburner.com/ruanyifeng
[2025-11-10 01:29:58] - https://skywind.me/blog/feed
[2025-11-10 01:29:58] - https://www.douban.com/feed/review/book
[2025-11-10 02:31:38] 本次订阅抓取结果统计:
[2025-11-10 02:31:38] 共 63 条RSS, 成功抓取 55 条.
[2025-11-10 02:31:38] ✘ 有 7 条订阅解析失败:
[2025-11-10 02:31:38] - https://tumutanzi.com/feed
[2025-11-10 02:31:38] - https://tcxx.info/feed
[2025-11-10 02:31:38] - https://geekinney.com/index.xml
[2025-11-10 02:31:38] - https://blog.twofei.com/rss
[2025-11-10 02:31:38] - https://suus.me/index.xml
[2025-11-10 02:31:38] - https://yinwang1.substack.com/feed
[2025-11-10 02:31:38] - https://botanwang.com/rss.xml
[2025-11-10 02:31:38] ✘ 有 1 条订阅为空:
[2025-11-10 02:31:38] - http://feeds.feedburner.com/zhihu-daily
[2025-11-10 02:31:38] ✘ 有 1 条订阅头像字段为空, 已使用默认头像:
[2025-11-10 02:31:38] - https://feed.cnblogs.com/blog/u/66551/rss/
[2025-11-10 02:31:38] ✘ 有 3 条订阅头像无法访问, 已使用默认头像:
[2025-11-10 02:31:38] - http://feeds.feedburner.com/ruanyifeng
[2025-11-10 02:31:38] - https://skywind.me/blog/feed
[2025-11-10 02:31:38] - https://www.douban.com/feed/review/book
[2025-11-10 03:25:43] 本次订阅抓取结果统计:
[2025-11-10 03:25:43] 共 63 条RSS, 成功抓取 55 条.
[2025-11-10 03:25:43] ✘ 有 7 条订阅解析失败:
[2025-11-10 03:25:43] - https://tumutanzi.com/feed
[2025-11-10 03:25:43] - https://tcxx.info/feed
[2025-11-10 03:25:43] - https://geekinney.com/index.xml
[2025-11-10 03:25:43] - https://blog.twofei.com/rss
[2025-11-10 03:25:43] - https://suus.me/index.xml
[2025-11-10 03:25:43] - https://yinwang1.substack.com/feed
[2025-11-10 03:25:43] - https://botanwang.com/rss.xml
[2025-11-10 03:25:43] ✘ 有 1 条订阅为空:
[2025-11-10 03:25:43] - http://feeds.feedburner.com/zhihu-daily
[2025-11-10 03:25:43] ✘ 有 1 条订阅头像字段为空, 已使用默认头像:
[2025-11-10 03:25:43] - https://feed.cnblogs.com/blog/u/66551/rss/
[2025-11-10 03:25:43] ✘ 有 3 条订阅头像无法访问, 已使用默认头像:
[2025-11-10 03:25:43] - http://feeds.feedburner.com/ruanyifeng
[2025-11-10 03:25:43] - https://skywind.me/blog/feed
[2025-11-10 03:25:43] - https://www.douban.com/feed/review/book
[2025-11-10 04:06:33] 本次订阅抓取结果统计:
[2025-11-10 04:06:33] 共 63 条RSS, 成功抓取 55 条.
[2025-11-10 04:06:33] ✘ 有 7 条订阅解析失败:
[2025-11-10 04:06:33] - https://tcxx.info/feed
[2025-11-10 04:06:33] - https://tumutanzi.com/feed
[2025-11-10 04:06:33] - https://geekinney.com/index.xml
[2025-11-10 04:06:33] - https://blog.twofei.com/rss
[2025-11-10 04:06:33] - https://suus.me/index.xml
[2025-11-10 04:06:33] - https://yinwang1.substack.com/feed
[2025-11-10 04:06:33] - https://botanwang.com/rss.xml
[2025-11-10 04:06:33] ✘ 有 1 条订阅为空:
[2025-11-10 04:06:33] - http://feeds.feedburner.com/zhihu-daily
[2025-11-10 04:06:33] ✘ 有 1 条订阅头像字段为空, 已使用默认头像:
[2025-11-10 04:06:33] - https://feed.cnblogs.com/blog/u/66551/rss/
[2025-11-10 04:06:33] ✘ 有 3 条订阅头像无法访问, 已使用默认头像:
[2025-11-10 04:06:33] - http://feeds.feedburner.com/ruanyifeng
[2025-11-10 04:06:33] - https://skywind.me/blog/feed
[2025-11-10 04:06:33] - https://www.douban.com/feed/review/book
[2025-11-10 05:02:02] 本次订阅抓取结果统计:
[2025-11-10 05:02:02] 共 63 条RSS, 成功抓取 55 条.
[2025-11-10 05:02:02] ✘ 有 7 条订阅解析失败:
[2025-11-10 05:02:02] - https://tcxx.info/feed
[2025-11-10 05:02:02] - https://tumutanzi.com/feed
[2025-11-10 05:02:02] - https://geekinney.com/index.xml
[2025-11-10 05:02:02] - https://blog.twofei.com/rss
[2025-11-10 05:02:02] - https://suus.me/index.xml
[2025-11-10 05:02:02] - https://yinwang1.substack.com/feed
[2025-11-10 05:02:02] - https://botanwang.com/rss.xml
[2025-11-10 05:02:02] ✘ 有 1 条订阅为空:
[2025-11-10 05:02:02] - http://feeds.feedburner.com/zhihu-daily
[2025-11-10 05:02:02] ✘ 有 1 条订阅头像字段为空, 已使用默认头像:
[2025-11-10 05:02:02] - https://feed.cnblogs.com/blog/u/66551/rss/
[2025-11-10 05:02:02] ✘ 有 3 条订阅头像无法访问, 已使用默认头像:
[2025-11-10 05:02:02] - http://feeds.feedburner.com/ruanyifeng
[2025-11-10 05:02:02] - https://skywind.me/blog/feed
[2025-11-10 05:02:02] - https://www.douban.com/feed/review/book
[2025-11-10 06:02:11] 抓取到的文章与现有数据相同，无需更新。
[2025-11-10 07:01:49] 本次订阅抓取结果统计:
[2025-11-10 07:01:49] 共 63 条RSS, 成功抓取 55 条.
[2025-11-10 07:01:49] ✘ 有 7 条订阅解析失败:
[2025-11-10 07:01:49] - https://tcxx.info/feed
[2025-11-10 07:01:49] - https://tumutanzi.com/feed
[2025-11-10 07:01:49] - https://geekinney.com/index.xml
[2025-11-10 07:01:49] - https://blog.twofei.com/rss
[2025-11-10 07:01:49] - https://yinwang1.substack.com/feed
[2025-11-10 07:01:49] - https://botanwang.com/rss.xml
[2025-11-10 07:01:49] - https://suus.me/index.xml
[2025-11-10 07:01:49] ✘ 有 1 条订阅为空:
[2025-11-10 07:01:49] - http://feeds.feedburner.com/zhihu-daily
[2025-11-10 07:01:49] ✘ 有 1 条订阅头像字段为空, 已使用默认头像:
[2025-11-10 07:01:49] - https://feed.cnblogs.com/blog/u/66551/rss/
[2025-11-10 07:01:49] ✘ 有 3 条订阅头像无法访问, 已使用默认头像:
[2025-11-10 07:01:49] - http://feeds.feedburner.com/ruanyifeng
[2025-11-10 07:01:49] - https://skywind.me/blog/feed
[2025-11-10 07:01:49] - https://www.douban.com/feed/review/book
[2025-11-10 08:02:01] 本次订阅抓取结果统计:
[2025-11-10 08:02:01] 共 63 条RSS, 成功抓取 55 条.
[2025-11-10 08:02:01] ✘ 有 7 条订阅解析失败:
[2025-11-10 08:02:01] - https://tcxx.info/feed
[2025-11-10 08:02:01] - https://tumutanzi.com/feed
[2025-11-10 08:02:01] - https://blog.twofei.com/rss
[2025-11-10 08:02:01] - https://geekinney.com/index.xml
[2025-11-10 08:02:01] - https://suus.me/index.xml
[2025-11-10 08:02:01] - https://yinwang1.substack.com/feed
[2025-11-10 08:02:01] - https://botanwang.com/rss.xml
[2025-11-10 08:02:01] ✘ 有 1 条订阅为空:
[2025-11-10 08:02:01] - http://feeds.feedburner.com/zhihu-daily
[2025-11-10 08:02:01] ✘ 有 1 条订阅头像字段为空, 已使用默认头像:
[2025-11-10 08:02:01] - https://feed.cnblogs.com/blog/u/66551/rss/
[2025-11-10 08:02:01] ✘ 有 3 条订阅头像无法访问, 已使用默认头像:
[2025-11-10 08:02:01] - http://feeds.feedburner.com/ruanyifeng
[2025-11-10 08:02:01] - https://skywind.me/blog/feed
[2025-11-10 08:02:01] - https://www.douban.com/feed/review/book
[2025-11-10 09:02:02] 本次订阅抓取结果统计:
[2025-11-10 09:02:02] 共 63 条RSS, 成功抓取 55 条.
[2025-11-10 09:02:02] ✘ 有 7 条订阅解析失败:
[2025-11-10 09:02:02] - https://tcxx.info/feed
[2025-11-10 09:02:02] - https://tumutanzi.com/feed
[2025-11-10 09:02:02] - https://geekinney.com/index.xml
[2025-11-10 09:02:02] - https://blog.twofei.com/rss
[2025-11-10 09:02:02] - https://suus.me/index.xml
[2025-11-10 09:02:02] - https://yinwang1.substack.com/feed
[2025-11-10 09:02:02] - https://botanwang.com/rss.xml
[2025-11-10 09:02:02] ✘ 有 1 条订阅为空:
[2025-11-10 09:02:02] - http://feeds.feedburner.com/zhihu-daily
[2025-11-10 09:02:02] ✘ 有 1 条订阅头像字段为空, 已使用默认头像:
[2025-11-10 09:02:02] - https://feed.cnblogs.com/blog/u/66551/rss/
[2025-11-10 09:02:02] ✘ 有 3 条订阅头像无法访问, 已使用默认头像:
[2025-11-10 09:02:02] - http://feeds.feedburner.com/ruanyifeng
[2025-11-10 09:02:02] - https://skywind.me/blog/feed
[2025-11-10 09:02:02] - https://www.douban.com/feed/review/book
