[2025-06-20 00:04:09] 本次订阅抓取结果统计:
[2025-06-20 00:04:09] 共 45 条RSS, 成功抓取 44 条.
[2025-06-20 00:04:09] ✘ 有 1 条订阅解析失败:
[2025-06-20 00:04:09] - https://tcxx.info/feed
[2025-06-20 00:04:09] ✘ 有 3 条订阅头像无法访问, 已使用默认头像:
[2025-06-20 00:04:09] - http://feeds.feedburner.com/ruanyifeng
[2025-06-20 00:04:09] - https://www.loyhome.com/feed
[2025-06-20 00:04:09] - https://www.douban.com/feed/review/book
[2025-06-20 01:29:25] 本次订阅抓取结果统计:
[2025-06-20 01:29:25] 共 45 条RSS, 成功抓取 44 条.
[2025-06-20 01:29:25] ✘ 有 1 条订阅解析失败:
[2025-06-20 01:29:25] - https://tcxx.info/feed
[2025-06-20 01:29:25] ✘ 有 4 条订阅头像无法访问, 已使用默认头像:
[2025-06-20 01:29:25] - http://feeds.feedburner.com/ruanyifeng
[2025-06-20 01:29:25] - https://www.loyhome.com/feed
[2025-06-20 01:29:25] - https://www.douban.com/feed/review/book
[2025-06-20 01:29:25] - https://feeds.appinn.com/appinns/
[2025-06-20 02:31:56] [ERROR] 拉取RSS链接失败: /home/runner/work/lhasaRSS/lhasaRSS/feed_fetcher.go:53 => 无法获取RSS列表文件: https://lhasa-1253887673.cos.ap-shanghai.myqcloud.com/lhasaRSS/rss.txt | 原因: Get "https://lhasa-1253887673.cos.ap-shanghai.myqcloud.com/lhasaRSS/rss.txt": dial tcp 117.68.20.85:443: i/o timeout
[2025-06-20 03:22:37] 本次订阅抓取结果统计:
[2025-06-20 03:22:37] 共 45 条RSS, 成功抓取 44 条.
[2025-06-20 03:22:37] ✘ 有 1 条订阅解析失败:
[2025-06-20 03:22:37] - https://tcxx.info/feed
[2025-06-20 03:22:37] ✘ 有 3 条订阅头像无法访问, 已使用默认头像:
[2025-06-20 03:22:37] - http://feeds.feedburner.com/ruanyifeng
[2025-06-20 03:22:37] - https://www.loyhome.com/feed
[2025-06-20 03:22:37] - https://www.douban.com/feed/review/book
[2025-06-20 04:05:44] 本次订阅抓取结果统计:
[2025-06-20 04:05:44] 共 45 条RSS, 成功抓取 44 条.
[2025-06-20 04:05:44] ✘ 有 1 条订阅解析失败:
[2025-06-20 04:05:44] - https://tcxx.info/feed
[2025-06-20 04:05:44] ✘ 有 4 条订阅头像无法访问, 已使用默认头像:
[2025-06-20 04:05:44] - http://feeds.feedburner.com/ruanyifeng
[2025-06-20 04:05:44] - https://www.loyhome.com/feed
[2025-06-20 04:05:44] - https://www.douban.com/feed/review/book
[2025-06-20 04:05:44] - https://feeds.appinn.com/appinns/
[2025-06-20 05:02:20] 本次订阅抓取结果统计:
[2025-06-20 05:02:20] 共 45 条RSS, 成功抓取 44 条.
[2025-06-20 05:02:20] ✘ 有 1 条订阅解析失败:
[2025-06-20 05:02:20] - https://tcxx.info/feed
[2025-06-20 05:02:20] ✘ 有 4 条订阅头像无法访问, 已使用默认头像:
[2025-06-20 05:02:20] - http://feeds.feedburner.com/ruanyifeng
[2025-06-20 05:02:20] - https://www.loyhome.com/feed
[2025-06-20 05:02:20] - https://www.douban.com/feed/review/book
[2025-06-20 05:02:20] - https://feeds.appinn.com/appinns/
