[2025-06-24 00:04:07] 抓取到的文章与现有数据相同，无需更新。
[2025-06-24 01:29:40] 本次订阅抓取结果统计:
[2025-06-24 01:29:40] 共 45 条RSS, 成功抓取 43 条.
[2025-06-24 01:29:40] ✘ 有 2 条订阅解析失败:
[2025-06-24 01:29:40] - https://tcxx.info/feed
[2025-06-24 01:29:40] - https://limboy.me/index.xml
[2025-06-24 01:29:40] ✘ 有 4 条订阅头像无法访问, 已使用默认头像:
[2025-06-24 01:29:40] - http://feeds.feedburner.com/ruanyifeng
[2025-06-24 01:29:40] - https://www.loyhome.com/feed
[2025-06-24 01:29:40] - https://feeds.appinn.com/appinns/
[2025-06-24 01:29:40] - https://www.douban.com/feed/review/book
[2025-06-24 02:33:00] 本次订阅抓取结果统计:
[2025-06-24 02:33:00] 共 45 条RSS, 成功抓取 44 条.
[2025-06-24 02:33:00] ✘ 有 1 条订阅解析失败:
[2025-06-24 02:33:00] - https://tcxx.info/feed
[2025-06-24 02:33:00] ✘ 有 5 条订阅头像无法访问, 已使用默认头像:
[2025-06-24 02:33:00] - http://feeds.feedburner.com/ruanyifeng
[2025-06-24 02:33:00] - https://www.loyhome.com/feed
[2025-06-24 02:33:00] - https://www.shephe.com/feed
[2025-06-24 02:33:00] - https://feeds.appinn.com/appinns/
[2025-06-24 02:33:00] - https://www.douban.com/feed/review/book
