[2025-06-18 00:04:33] 本次订阅抓取结果统计:
[2025-06-18 00:04:33] 共 45 条RSS, 成功抓取 44 条.
[2025-06-18 00:04:33] ✘ 有 1 条订阅解析失败:
[2025-06-18 00:04:33] - https://tcxx.info/feed
[2025-06-18 00:04:33] ✘ 有 4 条订阅头像无法访问, 已使用默认头像:
[2025-06-18 00:04:33] - http://feeds.feedburner.com/ruanyifeng
[2025-06-18 00:04:33] - https://www.loyhome.com/feed
[2025-06-18 00:04:33] - https://www.williamlong.info/rss.xml
[2025-06-18 00:04:33] - https://www.douban.com/feed/review/book
[2025-06-18 01:29:27] 本次订阅抓取结果统计:
[2025-06-18 01:29:27] 共 45 条RSS, 成功抓取 44 条.
[2025-06-18 01:29:27] ✘ 有 1 条订阅解析失败:
[2025-06-18 01:29:27] - https://tcxx.info/feed
[2025-06-18 01:29:27] ✘ 有 5 条订阅头像无法访问, 已使用默认头像:
[2025-06-18 01:29:27] - http://feeds.feedburner.com/ruanyifeng
[2025-06-18 01:29:27] - https://www.loyhome.com/feed
[2025-06-18 01:29:27] - https://www.williamlong.info/rss.xml
[2025-06-18 01:29:27] - https://www.douban.com/feed/review/book
[2025-06-18 01:29:27] - https://feeds.appinn.com/appinns/
[2025-06-18 02:31:42] 本次订阅抓取结果统计:
[2025-06-18 02:31:42] 共 45 条RSS, 成功抓取 44 条.
[2025-06-18 02:31:42] ✘ 有 1 条订阅解析失败:
[2025-06-18 02:31:42] - https://tcxx.info/feed
[2025-06-18 02:31:42] ✘ 有 4 条订阅头像无法访问, 已使用默认头像:
[2025-06-18 02:31:42] - http://feeds.feedburner.com/ruanyifeng
[2025-06-18 02:31:42] - https://www.loyhome.com/feed
[2025-06-18 02:31:42] - https://www.williamlong.info/rss.xml
[2025-06-18 02:31:42] - https://www.douban.com/feed/review/book
[2025-06-18 03:24:01] 本次订阅抓取结果统计:
[2025-06-18 03:24:01] 共 45 条RSS, 成功抓取 43 条.
[2025-06-18 03:24:01] ✘ 有 2 条订阅解析失败:
[2025-06-18 03:24:01] - https://tcxx.info/feed
[2025-06-18 03:24:01] - https://diygod.cc/feed
[2025-06-18 03:24:01] ✘ 有 4 条订阅头像无法访问, 已使用默认头像:
[2025-06-18 03:24:01] - http://feeds.feedburner.com/ruanyifeng
[2025-06-18 03:24:01] - https://www.loyhome.com/feed
[2025-06-18 03:24:01] - https://www.williamlong.info/rss.xml
[2025-06-18 03:24:01] - https://www.douban.com/feed/review/book
[2025-06-18 04:06:52] 本次订阅抓取结果统计:
[2025-06-18 04:06:52] 共 45 条RSS, 成功抓取 44 条.
[2025-06-18 04:06:52] ✘ 有 1 条订阅解析失败:
[2025-06-18 04:06:52] - https://tcxx.info/feed
[2025-06-18 04:06:52] ✘ 有 5 条订阅头像无法访问, 已使用默认头像:
[2025-06-18 04:06:52] - http://feeds.feedburner.com/ruanyifeng
[2025-06-18 04:06:52] - https://www.loyhome.com/feed
[2025-06-18 04:06:52] - https://www.williamlong.info/rss.xml
[2025-06-18 04:06:52] - https://www.douban.com/feed/review/book
[2025-06-18 04:06:52] - https://feeds.appinn.com/appinns/
[2025-06-18 05:02:15] 本次订阅抓取结果统计:
[2025-06-18 05:02:15] 共 45 条RSS, 成功抓取 44 条.
[2025-06-18 05:02:15] ✘ 有 1 条订阅解析失败:
[2025-06-18 05:02:15] - https://tcxx.info/feed
[2025-06-18 05:02:15] ✘ 有 4 条订阅头像无法访问, 已使用默认头像:
[2025-06-18 05:02:15] - http://feeds.feedburner.com/ruanyifeng
[2025-06-18 05:02:15] - https://www.loyhome.com/feed
[2025-06-18 05:02:15] - https://www.williamlong.info/rss.xml
[2025-06-18 05:02:15] - https://www.douban.com/feed/review/book
[2025-06-18 06:02:36] 本次订阅抓取结果统计:
[2025-06-18 06:02:36] 共 45 条RSS, 成功抓取 43 条.
[2025-06-18 06:02:36] ✘ 有 2 条订阅解析失败:
[2025-06-18 06:02:36] - https://tcxx.info/feed
[2025-06-18 06:02:36] - https://ihaihe.cn/feed
[2025-06-18 06:02:36] ✘ 有 4 条订阅头像无法访问, 已使用默认头像:
[2025-06-18 06:02:36] - http://feeds.feedburner.com/ruanyifeng
[2025-06-18 06:02:36] - https://www.loyhome.com/feed
[2025-06-18 06:02:36] - https://www.williamlong.info/rss.xml
[2025-06-18 06:02:36] - https://www.douban.com/feed/review/book
[2025-06-18 07:02:09] 本次订阅抓取结果统计:
[2025-06-18 07:02:09] 共 45 条RSS, 成功抓取 44 条.
[2025-06-18 07:02:09] ✘ 有 1 条订阅解析失败:
[2025-06-18 07:02:09] - https://tcxx.info/feed
[2025-06-18 07:02:09] ✘ 有 4 条订阅头像无法访问, 已使用默认头像:
[2025-06-18 07:02:09] - http://feeds.feedburner.com/ruanyifeng
[2025-06-18 07:02:09] - https://www.loyhome.com/feed
[2025-06-18 07:02:09] - https://www.williamlong.info/rss.xml
[2025-06-18 07:02:09] - https://www.douban.com/feed/review/book
