[2025-10-29 00:04:44] 抓取到的文章与现有数据相同，无需更新。
[2025-10-29 01:29:58] 本次订阅抓取结果统计:
[2025-10-29 01:29:58] 共 63 条RSS, 成功抓取 56 条.
[2025-10-29 01:29:58] ✘ 有 6 条订阅解析失败:
[2025-10-29 01:29:58] - https://tumutanzi.com/feed
[2025-10-29 01:29:58] - https://tcxx.info/feed
[2025-10-29 01:29:58] - https://geekinney.com/index.xml
[2025-10-29 01:29:58] - https://suus.me/index.xml
[2025-10-29 01:29:58] - https://yinwang1.substack.com/feed
[2025-10-29 01:29:58] - https://botanwang.com/rss.xml
[2025-10-29 01:29:58] ✘ 有 1 条订阅为空:
[2025-10-29 01:29:58] - http://feeds.feedburner.com/zhihu-daily
[2025-10-29 01:29:58] ✘ 有 1 条订阅头像字段为空, 已使用默认头像:
[2025-10-29 01:29:58] - https://feed.cnblogs.com/blog/u/66551/rss/
[2025-10-29 01:29:58] ✘ 有 3 条订阅头像无法访问, 已使用默认头像:
[2025-10-29 01:29:58] - http://feeds.feedburner.com/ruanyifeng
[2025-10-29 01:29:58] - https://skywind.me/blog/feed
[2025-10-29 01:29:58] - https://www.douban.com/feed/review/book
[2025-10-29 02:31:33] [WARN] 加载头像映射失败: failed to fetch avatar map: Get "https://cos.lhasa.icu/lhasaRSS/avatar.json": context deadline exceeded (Client.Timeout exceeded while awaiting headers)
[2025-10-29 02:32:42] 本次订阅抓取结果统计:
[2025-10-29 02:32:42] 共 63 条RSS, 成功抓取 52 条.
[2025-10-29 02:32:42] ✘ 有 10 条订阅解析失败:
[2025-10-29 02:32:42] - https://tcxx.info/feed
[2025-10-29 02:32:42] - https://tumutanzi.com/feed
[2025-10-29 02:32:42] - https://geekinney.com/index.xml
[2025-10-29 02:32:42] - https://suus.me/index.xml
[2025-10-29 02:32:42] - https://yinwang1.substack.com/feed
[2025-10-29 02:32:42] - https://botanwang.com/rss.xml
[2025-10-29 02:32:42] - https://xyzbz.cn/feed
[2025-10-29 02:32:42] - https://oba.by/feed
[2025-10-29 02:32:42] - https://www.douban.com/feed/review/book
[2025-10-29 02:32:42] - https://www.laomuzhu.cn/feed/
[2025-10-29 02:32:42] ✘ 有 1 条订阅为空:
[2025-10-29 02:32:42] - http://feeds.feedburner.com/zhihu-daily
[2025-10-29 02:32:42] ✘ 有 1 条订阅头像字段为空, 已使用默认头像:
[2025-10-29 02:32:42] - https://feed.cnblogs.com/blog/u/66551/rss/
[2025-10-29 02:32:42] ✘ 有 6 条订阅头像无法访问, 已使用默认头像:
[2025-10-29 02:32:42] - http://feeds.feedburner.com/ruanyifeng
[2025-10-29 02:32:42] - https://www.loyhome.com/feed
[2025-10-29 02:32:42] - https://a4.zyzhang.com/index.xml
[2025-10-29 02:32:42] - https://skywind.me/blog/feed
[2025-10-29 02:32:42] - https://laike9m.com/blog/rss/
[2025-10-29 02:32:42] - https://www.mrhe.net/feed
[2025-10-29 03:23:17] 本次订阅抓取结果统计:
[2025-10-29 03:23:17] 共 63 条RSS, 成功抓取 56 条.
[2025-10-29 03:23:17] ✘ 有 6 条订阅解析失败:
[2025-10-29 03:23:17] - https://tcxx.info/feed
[2025-10-29 03:23:17] - https://tumutanzi.com/feed
[2025-10-29 03:23:17] - https://geekinney.com/index.xml
[2025-10-29 03:23:17] - https://suus.me/index.xml
[2025-10-29 03:23:17] - https://yinwang1.substack.com/feed
[2025-10-29 03:23:17] - https://botanwang.com/rss.xml
[2025-10-29 03:23:17] ✘ 有 1 条订阅为空:
[2025-10-29 03:23:17] - http://feeds.feedburner.com/zhihu-daily
[2025-10-29 03:23:17] ✘ 有 1 条订阅头像字段为空, 已使用默认头像:
[2025-10-29 03:23:17] - https://feed.cnblogs.com/blog/u/66551/rss/
[2025-10-29 03:23:17] ✘ 有 4 条订阅头像无法访问, 已使用默认头像:
[2025-10-29 03:23:17] - http://feeds.feedburner.com/ruanyifeng
[2025-10-29 03:23:17] - https://skywind.me/blog/feed
[2025-10-29 03:23:17] - https://www.douban.com/feed/review/book
[2025-10-29 03:23:17] - https://rss.utgd.net/feed
[2025-10-29 04:05:01] 抓取到的文章与现有数据相同，无需更新。
[2025-10-29 05:01:54] 抓取到的文章与现有数据相同，无需更新。
[2025-10-29 06:02:18] 抓取到的文章与现有数据相同，无需更新。
[2025-10-29 07:01:58] 抓取到的文章与现有数据相同，无需更新。
[2025-10-29 08:02:14] 抓取到的文章与现有数据相同，无需更新。
[2025-10-29 09:02:48] 本次订阅抓取结果统计:
[2025-10-29 09:02:48] 共 63 条RSS, 成功抓取 55 条.
[2025-10-29 09:02:48] ✘ 有 7 条订阅解析失败:
[2025-10-29 09:02:48] - https://tumutanzi.com/feed
[2025-10-29 09:02:48] - https://tcxx.info/feed
[2025-10-29 09:02:48] - https://geekinney.com/index.xml
[2025-10-29 09:02:48] - https://suus.me/index.xml
[2025-10-29 09:02:48] - https://yinwang1.substack.com/feed
[2025-10-29 09:02:48] - https://botanwang.com/rss.xml
[2025-10-29 09:02:48] - http://www.auiou.com/feed/
[2025-10-29 09:02:48] ✘ 有 1 条订阅为空:
[2025-10-29 09:02:48] - http://feeds.feedburner.com/zhihu-daily
[2025-10-29 09:02:48] ✘ 有 1 条订阅头像字段为空, 已使用默认头像:
[2025-10-29 09:02:48] - https://feed.cnblogs.com/blog/u/66551/rss/
[2025-10-29 09:02:48] ✘ 有 3 条订阅头像无法访问, 已使用默认头像:
[2025-10-29 09:02:48] - http://feeds.feedburner.com/ruanyifeng
[2025-10-29 09:02:48] - https://skywind.me/blog/feed
[2025-10-29 09:02:48] - https://www.douban.com/feed/review/book
