[2025-04-28 01:22:05] 本次订阅抓取结果统计:
[2025-04-28 01:22:05] 共 28 条RSS, 成功抓取 27 条.
[2025-04-28 01:22:05] ✘ 有 1 条订阅解析失败:
[2025-04-28 01:22:05] - https://tcxx.info/feed
[2025-04-28 01:22:05] ✘ 有 2 条订阅头像无法访问, 已使用默认头像:
[2025-04-28 01:22:05] - http://feeds.feedburner.com/ruanyifeng
[2025-04-28 01:22:05] - https://www.loyhome.com/feed
[2025-04-28 03:09:01] 本次订阅抓取结果统计:
[2025-04-28 03:09:01] 共 28 条RSS, 成功抓取 27 条.
[2025-04-28 03:09:01] ✘ 有 1 条订阅解析失败:
[2025-04-28 03:09:01] - https://tcxx.info/feed
[2025-04-28 03:09:01] ✘ 有 2 条订阅头像无法访问, 已使用默认头像:
[2025-04-28 03:09:01] - http://feeds.feedburner.com/ruanyifeng
[2025-04-28 03:09:01] - https://www.loyhome.com/feed
[2025-04-28 04:20:50] 本次订阅抓取结果统计:
[2025-04-28 04:20:50] 共 28 条RSS, 成功抓取 27 条.
[2025-04-28 04:20:50] ✘ 有 1 条订阅解析失败:
[2025-04-28 04:20:50] - https://tcxx.info/feed
[2025-04-28 04:20:50] ✘ 有 2 条订阅头像无法访问, 已使用默认头像:
[2025-04-28 04:20:50] - http://feeds.feedburner.com/ruanyifeng
[2025-04-28 04:20:50] - https://www.loyhome.com/feed
[2025-04-28 05:23:13] 本次订阅抓取结果统计:
[2025-04-28 05:23:13] 共 28 条RSS, 成功抓取 27 条.
[2025-04-28 05:23:13] ✘ 有 1 条订阅解析失败:
[2025-04-28 05:23:13] - https://tcxx.info/feed
[2025-04-28 05:23:13] ✘ 有 2 条订阅头像无法访问, 已使用默认头像:
[2025-04-28 05:23:13] - http://feeds.feedburner.com/ruanyifeng
[2025-04-28 05:23:13] - https://www.loyhome.com/feed
[2025-04-28 06:31:40] 本次订阅抓取结果统计:
[2025-04-28 06:31:40] 共 28 条RSS, 成功抓取 27 条.
[2025-04-28 06:31:40] ✘ 有 1 条订阅解析失败:
[2025-04-28 06:31:40] - https://tcxx.info/feed
[2025-04-28 06:31:40] ✘ 有 2 条订阅头像无法访问, 已使用默认头像:
[2025-04-28 06:31:40] - http://feeds.feedburner.com/ruanyifeng
[2025-04-28 06:31:40] - https://www.loyhome.com/feed
[2025-04-28 07:42:24] 本次订阅抓取结果统计:
[2025-04-28 07:42:24] 共 28 条RSS, 成功抓取 27 条.
[2025-04-28 07:42:24] ✘ 有 1 条订阅解析失败:
[2025-04-28 07:42:24] - https://tcxx.info/feed
[2025-04-28 07:42:24] ✘ 有 2 条订阅头像无法访问, 已使用默认头像:
[2025-04-28 07:42:24] - http://feeds.feedburner.com/ruanyifeng
[2025-04-28 07:42:24] - https://www.loyhome.com/feed
[2025-04-28 09:02:35] 本次订阅抓取结果统计:
[2025-04-28 09:02:35] 共 28 条RSS, 成功抓取 27 条.
[2025-04-28 09:02:35] ✘ 有 1 条订阅解析失败:
[2025-04-28 09:02:35] - https://tcxx.info/feed
[2025-04-28 09:02:35] ✘ 有 2 条订阅头像无法访问, 已使用默认头像:
[2025-04-28 09:02:35] - http://feeds.feedburner.com/ruanyifeng
[2025-04-28 09:02:35] - https://www.loyhome.com/feed
[2025-04-28 09:03:56] 本次订阅抓取结果统计:
[2025-04-28 09:03:56] 共 28 条RSS, 成功抓取 27 条.
[2025-04-28 09:03:56] ✘ 有 1 条订阅解析失败:
[2025-04-28 09:03:56] - https://tcxx.info/feed
[2025-04-28 09:03:56] ✘ 有 2 条订阅头像无法访问, 已使用默认头像:
[2025-04-28 09:03:56] - http://feeds.feedburner.com/ruanyifeng
[2025-04-28 09:03:56] - https://www.loyhome.com/feed
[2025-04-28 11:04:41] 本次订阅抓取结果统计:
[2025-04-28 11:04:41] 共 28 条RSS, 成功抓取 27 条.
[2025-04-28 11:04:41] ✘ 有 1 条订阅解析失败:
[2025-04-28 11:04:41] - https://tcxx.info/feed
[2025-04-28 11:04:41] ✘ 有 2 条订阅头像无法访问, 已使用默认头像:
[2025-04-28 11:04:41] - http://feeds.feedburner.com/ruanyifeng
[2025-04-28 11:04:41] - https://www.loyhome.com/feed
[2025-04-28 12:36:09] 本次订阅抓取结果统计:
[2025-04-28 12:36:09] 共 28 条RSS, 成功抓取 27 条.
[2025-04-28 12:36:09] ✘ 有 1 条订阅解析失败:
[2025-04-28 12:36:09] - https://tcxx.info/feed
[2025-04-28 12:36:09] ✘ 有 2 条订阅头像无法访问, 已使用默认头像:
[2025-04-28 12:36:09] - http://feeds.feedburner.com/ruanyifeng
[2025-04-28 12:36:09] - https://www.loyhome.com/feed
[2025-04-28 13:38:18] 本次订阅抓取结果统计:
[2025-04-28 13:38:18] 共 28 条RSS, 成功抓取 27 条.
[2025-04-28 13:38:18] ✘ 有 1 条订阅解析失败:
[2025-04-28 13:38:18] - https://tcxx.info/feed
[2025-04-28 13:38:18] ✘ 有 2 条订阅头像无法访问, 已使用默认头像:
[2025-04-28 13:38:18] - https://www.loyhome.com/feed
[2025-04-28 13:38:18] - http://feeds.feedburner.com/ruanyifeng
[2025-04-28 14:19:36] 本次订阅抓取结果统计:
[2025-04-28 14:19:36] 共 28 条RSS, 成功抓取 27 条.
[2025-04-28 14:19:36] ✘ 有 1 条订阅解析失败:
[2025-04-28 14:19:36] - https://tcxx.info/feed
[2025-04-28 14:19:36] ✘ 有 2 条订阅头像无法访问, 已使用默认头像:
[2025-04-28 14:19:36] - http://feeds.feedburner.com/ruanyifeng
[2025-04-28 14:19:36] - https://www.loyhome.com/feed
[2025-04-28 15:18:46] 本次订阅抓取结果统计:
[2025-04-28 15:18:46] 共 28 条RSS, 成功抓取 27 条.
[2025-04-28 15:18:46] ✘ 有 1 条订阅解析失败:
[2025-04-28 15:18:46] - https://tcxx.info/feed
[2025-04-28 15:18:46] ✘ 有 2 条订阅头像无法访问, 已使用默认头像:
[2025-04-28 15:18:46] - https://www.loyhome.com/feed
[2025-04-28 15:18:46] - http://feeds.feedburner.com/ruanyifeng
[2025-04-28 16:20:33] 本次订阅抓取结果统计:
[2025-04-28 16:20:33] 共 28 条RSS, 成功抓取 27 条.
[2025-04-28 16:20:33] ✘ 有 1 条订阅解析失败:
[2025-04-28 16:20:33] - https://tcxx.info/feed
[2025-04-28 16:20:33] ✘ 有 2 条订阅头像无法访问, 已使用默认头像:
[2025-04-28 16:20:33] - https://www.loyhome.com/feed
[2025-04-28 16:20:33] - http://feeds.feedburner.com/ruanyifeng
[2025-04-28 17:15:12] [ERROR] 拉取RSS链接失败: /home/runner/work/lhasaRSS/lhasaRSS/feed_fetcher.go:53 => 无法获取RSS列表文件: https://lhasa-1253887673.cos.ap-shanghai.myqcloud.com/lhasaRSS/rss.txt | 原因: Get "https://lhasa-1253887673.cos.ap-shanghai.myqcloud.com/lhasaRSS/rss.txt": net/http: TLS handshake timeout
[2025-04-28 18:24:34] 本次订阅抓取结果统计:
[2025-04-28 18:24:34] 共 28 条RSS, 成功抓取 27 条.
[2025-04-28 18:24:34] ✘ 有 1 条订阅解析失败:
[2025-04-28 18:24:34] - https://tcxx.info/feed
[2025-04-28 18:24:34] ✘ 有 2 条订阅头像无法访问, 已使用默认头像:
[2025-04-28 18:24:34] - http://feeds.feedburner.com/ruanyifeng
[2025-04-28 18:24:34] - https://www.loyhome.com/feed
[2025-04-28 19:13:57] 本次订阅抓取结果统计:
[2025-04-28 19:13:57] 共 28 条RSS, 成功抓取 27 条.
[2025-04-28 19:13:57] ✘ 有 1 条订阅解析失败:
[2025-04-28 19:13:57] - https://tcxx.info/feed
[2025-04-28 19:13:57] ✘ 有 2 条订阅头像无法访问, 已使用默认头像:
[2025-04-28 19:13:57] - http://feeds.feedburner.com/ruanyifeng
[2025-04-28 19:13:57] - https://www.loyhome.com/feed
