[2025-12-05 00:05:07] 抓取到的文章与现有数据相同，无需更新。
[2025-12-05 01:30:02] 本次订阅抓取结果统计:
[2025-12-05 01:30:02] 共 31 条RSS, 成功抓取 28 条.
[2025-12-05 01:30:02] ✘ 有 3 条订阅解析失败:
[2025-12-05 01:30:02] - https://tumutanzi.com/feed
[2025-12-05 01:30:02] - https://suus.me/atom.xml
[2025-12-05 01:30:02] - https://geekinney.com/index.xml
[2025-12-05 02:31:46] 抓取到的文章与现有数据相同，无需更新。
[2025-12-05 03:25:44] 本次订阅抓取结果统计:
[2025-12-05 03:25:44] 共 31 条RSS, 成功抓取 28 条.
[2025-12-05 03:25:44] ✘ 有 3 条订阅解析失败:
[2025-12-05 03:25:44] - https://tumutanzi.com/feed
[2025-12-05 03:25:44] - https://suus.me/atom.xml
[2025-12-05 03:25:44] - https://geekinney.com/index.xml
[2025-12-05 04:07:01] 本次订阅抓取结果统计:
[2025-12-05 04:07:01] 共 31 条RSS, 成功抓取 27 条.
[2025-12-05 04:07:01] ✘ 有 4 条订阅解析失败:
[2025-12-05 04:07:01] - https://tumutanzi.com/feed
[2025-12-05 04:07:01] - https://geekinney.com/index.xml
[2025-12-05 04:07:01] - https://suus.me/atom.xml
[2025-12-05 04:07:01] - https://www.moraex.com/feed
[2025-12-05 05:01:50] 本次订阅抓取结果统计:
[2025-12-05 05:01:50] 共 31 条RSS, 成功抓取 28 条.
[2025-12-05 05:01:50] ✘ 有 3 条订阅解析失败:
[2025-12-05 05:01:50] - https://tumutanzi.com/feed
[2025-12-05 05:01:50] - https://geekinney.com/index.xml
[2025-12-05 05:01:50] - https://suus.me/atom.xml
[2025-12-05 06:02:04] 抓取到的文章与现有数据相同，无需更新。
[2025-12-05 07:02:37] 抓取到的文章与现有数据相同，无需更新。
[2025-12-05 08:01:55] 本次订阅抓取结果统计:
[2025-12-05 08:01:55] 共 31 条RSS, 成功抓取 28 条.
[2025-12-05 08:01:55] ✘ 有 3 条订阅解析失败:
[2025-12-05 08:01:55] - https://tumutanzi.com/feed
[2025-12-05 08:01:55] - https://suus.me/atom.xml
[2025-12-05 08:01:55] - https://geekinney.com/index.xml
[2025-12-05 09:02:17] 抓取到的文章与现有数据相同，无需更新。
[2025-12-05 10:01:58] 抓取到的文章与现有数据相同，无需更新。
[2025-12-05 11:01:43] 抓取到的文章与现有数据相同，无需更新。
[2025-12-05 12:01:57] 抓取到的文章与现有数据相同，无需更新。
[2025-12-05 13:11:34] 抓取到的文章与现有数据相同，无需更新。
[2025-12-05 14:01:52] 抓取到的文章与现有数据相同，无需更新。
[2025-12-05 15:01:54] 抓取到的文章与现有数据相同，无需更新。
[2025-12-05 16:01:43] 抓取到的文章与现有数据相同，无需更新。
[2025-12-05 17:02:34] 抓取到的文章与现有数据相同，无需更新。
[2025-12-05 18:01:59] 抓取到的文章与现有数据相同，无需更新。
[2025-12-05 19:01:34] 抓取到的文章与现有数据相同，无需更新。
[2025-12-05 20:02:30] 本次订阅抓取结果统计:
[2025-12-05 20:02:30] 共 31 条RSS, 成功抓取 25 条.
[2025-12-05 20:02:30] ✘ 有 6 条订阅解析失败:
[2025-12-05 20:02:30] - https://tumutanzi.com/feed
[2025-12-05 20:02:30] - https://geekinney.com/index.xml
[2025-12-05 20:02:30] - https://suus.me/atom.xml
[2025-12-05 20:02:30] - https://www.luzhaojun.com/feed
[2025-12-05 20:02:30] - https://leixus.cn/index.php/feed/
[2025-12-05 20:02:30] - https://freemind.pluskid.org/rss.xml
[2025-12-05 21:01:45] 本次订阅抓取结果统计:
[2025-12-05 21:01:45] 共 31 条RSS, 成功抓取 28 条.
[2025-12-05 21:01:45] ✘ 有 3 条订阅解析失败:
[2025-12-05 21:01:45] - https://tumutanzi.com/feed
[2025-12-05 21:01:45] - https://geekinney.com/index.xml
[2025-12-05 21:01:45] - https://suus.me/atom.xml
[2025-12-05 22:01:37] 抓取到的文章与现有数据相同，无需更新。
