[2025-03-08 01:00:10] [WARN] 以下订阅拉取失败：
[2025-03-08 01:00:10] - 订阅链接: https://lingxiankong.github.io/pages/rss.xml，错误: XML syntax error on line 4580: illegal character code U+0008
[2025-03-08 01:00:10] - 订阅链接: https://tumutanzi.com/feed，错误: http error: 403 Forbidden
[2025-03-08 02:00:45] [WARN] 以下订阅拉取失败：
[2025-03-08 02:00:45] - 订阅链接: https://lingxiankong.github.io/pages/rss.xml，错误: XML syntax error on line 4580: illegal character code U+0008
[2025-03-08 02:00:45] - 订阅链接: https://tcxx.info/feed，错误: http error: 403 Forbidden
[2025-03-08 02:00:45] - 订阅链接: https://tumutanzi.com/feed，错误: http error: 403 Forbidden
[2025-03-08 02:34:04] [WARN] 以下订阅拉取失败：
[2025-03-08 02:34:04] - 订阅链接: https://lingxiankong.github.io/pages/rss.xml，错误: XML syntax error on line 4580: illegal character code U+0008
[2025-03-08 02:34:04] - 订阅链接: https://tcxx.info/feed，错误: http error: 403 Forbidden
[2025-03-08 02:34:04] - 订阅链接: https://tumutanzi.com/feed，错误: http error: 403 Forbidden
[2025-03-08 03:15:21] [WARN] 以下订阅拉取失败：
[2025-03-08 03:15:21] - 订阅链接: https://lingxiankong.github.io/pages/rss.xml，错误: XML syntax error on line 4580: illegal character code U+0008
[2025-03-08 03:15:21] - 订阅链接: https://tcxx.info/feed，错误: http error: 403 Forbidden
[2025-03-08 03:15:21] - 订阅链接: https://tumutanzi.com/feed，错误: http error: 403 Forbidden
[2025-03-08 04:16:04] [WARN] 以下订阅拉取失败：
[2025-03-08 04:16:04] - 订阅链接: https://lingxiankong.github.io/pages/rss.xml，错误: XML syntax error on line 4580: illegal character code U+0008
[2025-03-08 04:16:04] - 订阅链接: https://tcxx.info/feed，错误: http error: 403 Forbidden
[2025-03-08 04:16:04] - 订阅链接: https://tumutanzi.com/feed，错误: http error: 403 Forbidden
[2025-03-08 05:12:50] [WARN] 以下订阅拉取失败：
[2025-03-08 05:12:50] - 订阅链接: https://lingxiankong.github.io/pages/rss.xml，错误: XML syntax error on line 4580: illegal character code U+0008
[2025-03-08 05:12:50] - 订阅链接: https://tcxx.info/feed，错误: http error: 403 Forbidden
[2025-03-08 05:12:50] - 订阅链接: https://tumutanzi.com/feed，错误: http error: 403 Forbidden
[2025-03-08 06:18:15] [WARN] 以下订阅拉取失败：
[2025-03-08 06:18:15] - 订阅链接: https://lingxiankong.github.io/pages/rss.xml，错误: XML syntax error on line 4580: illegal character code U+0008
[2025-03-08 06:18:15] - 订阅链接: https://tcxx.info/feed，错误: http error: 403 Forbidden
[2025-03-08 06:18:15] - 订阅链接: https://tumutanzi.com/feed，错误: http error: 403 Forbidden
[2025-03-08 07:13:05] [WARN] 以下订阅拉取失败：
[2025-03-08 07:13:05] - 订阅链接: https://lingxiankong.github.io/pages/rss.xml，错误: XML syntax error on line 4580: illegal character code U+0008
[2025-03-08 07:13:05] - 订阅链接: https://xyzbz.cn/feed，错误: Get "https://xyzbz.cn/feed": net/http: TLS handshake timeout
[2025-03-08 07:13:05] - 订阅链接: https://tcxx.info/feed，错误: http error: 403 Forbidden
[2025-03-08 07:13:05] - 订阅链接: https://tumutanzi.com/feed，错误: http error: 403 Forbidden
[2025-03-08 08:16:57] [WARN] 以下订阅拉取失败：
[2025-03-08 08:16:57] - 订阅链接: https://lingxiankong.github.io/pages/rss.xml，错误: XML syntax error on line 4580: illegal character code U+0008
[2025-03-08 08:16:57] - 订阅链接: https://tumutanzi.com/feed，错误: http error: 403 Forbidden
[2025-03-08 09:13:43] [WARN] 以下订阅拉取失败：
[2025-03-08 09:13:43] - 订阅链接: https://lingxiankong.github.io/pages/rss.xml，错误: XML syntax error on line 4580: illegal character code U+0008
[2025-03-08 09:13:43] - 订阅链接: https://tcxx.info/feed，错误: http error: 403 Forbidden
[2025-03-08 09:13:43] - 订阅链接: https://tumutanzi.com/feed，错误: http error: 403 Forbidden
[2025-03-08 10:14:15] [WARN] 以下订阅拉取失败：
[2025-03-08 10:14:15] - 订阅链接: https://lingxiankong.github.io/pages/rss.xml，错误: XML syntax error on line 4580: illegal character code U+0008
[2025-03-08 10:14:15] - 订阅链接: https://tcxx.info/feed，错误: http error: 403 Forbidden
[2025-03-08 10:14:15] - 订阅链接: https://tumutanzi.com/feed，错误: http error: 403 Forbidden
[2025-03-08 11:12:20] [WARN] 以下订阅拉取失败：
[2025-03-08 11:12:20] - 订阅链接: https://lingxiankong.github.io/pages/rss.xml，错误: XML syntax error on line 4580: illegal character code U+0008
[2025-03-08 11:12:20] - 订阅链接: https://xyzbz.cn/feed，错误: Get "https://xyzbz.cn/feed": net/http: TLS handshake timeout
[2025-03-08 11:12:20] - 订阅链接: https://tumutanzi.com/feed，错误: http error: 403 Forbidden
[2025-03-08 12:23:23] [WARN] 以下订阅拉取失败：
[2025-03-08 12:23:23] - 订阅链接: https://lingxiankong.github.io/pages/rss.xml，错误: XML syntax error on line 4580: illegal character code U+0008
[2025-03-08 12:23:23] - 订阅链接: https://tcxx.info/feed，错误: http error: 403 Forbidden
[2025-03-08 12:23:23] - 订阅链接: https://tumutanzi.com/feed，错误: http error: 403 Forbidden
[2025-03-08 13:14:45] [WARN] 以下订阅拉取失败：
[2025-03-08 13:14:45] - 订阅链接: https://lingxiankong.github.io/pages/rss.xml，错误: XML syntax error on line 4580: illegal character code U+0008
[2025-03-08 13:14:45] - 订阅链接: https://tcxx.info/feed，错误: http error: 403 Forbidden
[2025-03-08 13:14:45] - 订阅链接: https://tumutanzi.com/feed，错误: http error: 403 Forbidden
[2025-03-08 14:11:32] [WARN] 以下订阅拉取失败：
[2025-03-08 14:11:32] - 订阅链接: https://lingxiankong.github.io/pages/rss.xml，错误: XML syntax error on line 4580: illegal character code U+0008
[2025-03-08 14:11:32] - 订阅链接: https://tcxx.info/feed，错误: http error: 403 Forbidden
[2025-03-08 14:11:32] - 订阅链接: https://tumutanzi.com/feed，错误: http error: 403 Forbidden
[2025-03-08 15:13:24] [WARN] 以下订阅拉取失败：
[2025-03-08 15:13:24] - 订阅链接: https://lingxiankong.github.io/pages/rss.xml，错误: XML syntax error on line 4580: illegal character code U+0008
[2025-03-08 15:13:24] - 订阅链接: https://tcxx.info/feed，错误: http error: 403 Forbidden
[2025-03-08 15:13:24] - 订阅链接: https://tumutanzi.com/feed，错误: http error: 403 Forbidden
[2025-03-08 16:15:35] [WARN] 以下订阅拉取失败：
[2025-03-08 16:15:35] - 订阅链接: https://lingxiankong.github.io/pages/rss.xml，错误: XML syntax error on line 4580: illegal character code U+0008
[2025-03-08 16:15:35] - 订阅链接: https://tcxx.info/feed，错误: http error: 403 Forbidden
[2025-03-08 16:15:35] - 订阅链接: https://tumutanzi.com/feed，错误: http error: 403 Forbidden
[2025-03-08 17:53:49] [WARN] 以下订阅拉取失败：
[2025-03-08 17:53:49] - 订阅链接: https://lingxiankong.github.io/pages/rss.xml，错误: XML syntax error on line 4580: illegal character code U+0008
[2025-03-08 17:53:49] - 订阅链接: https://ihaihe.cn/feed，错误: Failed to detect feed type
[2025-03-08 17:53:49] - 订阅链接: https://tcxx.info/feed，错误: http error: 403 Forbidden
[2025-03-08 17:53:49] - 订阅链接: https://tumutanzi.com/feed，错误: http error: 403 Forbidden
[2025-03-08 18:17:15] [WARN] 以下订阅拉取失败：
[2025-03-08 18:17:15] - 订阅链接: https://lingxiankong.github.io/pages/rss.xml，错误: XML syntax error on line 4580: illegal character code U+0008
[2025-03-08 18:17:15] - 订阅链接: https://tcxx.info/feed，错误: http error: 403 Forbidden
[2025-03-08 18:17:15] - 订阅链接: https://tumutanzi.com/feed，错误: http error: 403 Forbidden
[2025-03-08 19:12:06] [WARN] 以下订阅拉取失败：
[2025-03-08 19:12:06] - 订阅链接: https://lingxiankong.github.io/pages/rss.xml，错误: XML syntax error on line 4580: illegal character code U+0008
[2025-03-08 19:12:06] - 订阅链接: https://tumutanzi.com/feed，错误: http error: 403 Forbidden
[2025-03-08 20:13:31] [WARN] 以下订阅拉取失败：
[2025-03-08 20:13:31] - 订阅链接: https://lingxiankong.github.io/pages/rss.xml，错误: XML syntax error on line 4580: illegal character code U+0008
[2025-03-08 20:13:31] - 订阅链接: https://tcxx.info/feed，错误: http error: 403 Forbidden
[2025-03-08 20:13:31] - 订阅链接: https://tumutanzi.com/feed，错误: http error: 403 Forbidden
[2025-03-08 21:13:36] [WARN] 以下订阅拉取失败：
[2025-03-08 21:13:36] - 订阅链接: https://lingxiankong.github.io/pages/rss.xml，错误: XML syntax error on line 4580: illegal character code U+0008
[2025-03-08 21:13:36] - 订阅链接: https://tcxx.info/feed，错误: http error: 403 Forbidden
[2025-03-08 21:13:36] - 订阅链接: https://tumutanzi.com/feed，错误: http error: 403 Forbidden
[2025-03-08 22:12:38] [WARN] 以下订阅拉取失败：
[2025-03-08 22:12:38] - 订阅链接: https://lingxiankong.github.io/pages/rss.xml，错误: XML syntax error on line 4580: illegal character code U+0008
[2025-03-08 22:12:38] - 订阅链接: https://tcxx.info/feed，错误: http error: 403 Forbidden
[2025-03-08 22:12:38] - 订阅链接: https://tumutanzi.com/feed，错误: http error: 403 Forbidden
