[2025-09-16 00:03:55] 抓取到的文章与现有数据相同，无需更新。
[2025-09-16 01:29:41] 抓取到的文章与现有数据相同，无需更新。
[2025-09-16 02:25:46] 抓取到的文章与现有数据相同，无需更新。
[2025-09-16 03:11:29] 抓取到的文章与现有数据相同，无需更新。
[2025-09-16 04:01:52] 本次订阅抓取结果统计:
[2025-09-16 04:01:52] 共 59 条RSS, 成功抓取 52 条.
[2025-09-16 04:01:52] ✘ 有 6 条订阅解析失败:
[2025-09-16 04:01:52] - https://tcxx.info/feed
[2025-09-16 04:01:52] - https://tumutanzi.com/feed
[2025-09-16 04:01:52] - https://geekinney.com/index.xml
[2025-09-16 04:01:52] - https://yinwang1.substack.com/feed
[2025-09-16 04:01:52] - https://botanwang.com/rss.xml
[2025-09-16 04:01:52] - https://www.douban.com/feed/review/book
[2025-09-16 04:01:52] ✘ 有 1 条订阅为空:
[2025-09-16 04:01:52] - http://feeds.feedburner.com/zhihu-daily
[2025-09-16 04:01:52] ✘ 有 1 条订阅头像字段为空, 已使用默认头像:
[2025-09-16 04:01:52] - https://feed.cnblogs.com/blog/u/66551/rss/
[2025-09-16 04:01:52] ✘ 有 7 条订阅头像无法访问, 已使用默认头像:
[2025-09-16 04:01:52] - https://hwv430.blogspot.com/feeds/posts/default
[2025-09-16 04:01:52] - http://feeds.feedburner.com/ruanyifeng
[2025-09-16 04:01:52] - https://www.loyhome.com/feed
[2025-09-16 04:01:52] - https://a4.zyzhang.com/index.xml
[2025-09-16 04:01:52] - https://skywind.me/blog/feed
[2025-09-16 04:01:52] - https://laike9m.com/blog/rss/
[2025-09-16 04:01:52] - https://www.mrhe.net/feed
[2025-09-16 05:02:04] 本次订阅抓取结果统计:
[2025-09-16 05:02:04] 共 59 条RSS, 成功抓取 53 条.
[2025-09-16 05:02:04] ✘ 有 5 条订阅解析失败:
[2025-09-16 05:02:04] - https://tumutanzi.com/feed
[2025-09-16 05:02:04] - https://tcxx.info/feed
[2025-09-16 05:02:04] - https://geekinney.com/index.xml
[2025-09-16 05:02:04] - https://yinwang1.substack.com/feed
[2025-09-16 05:02:04] - https://botanwang.com/rss.xml
[2025-09-16 05:02:04] ✘ 有 1 条订阅为空:
[2025-09-16 05:02:04] - http://feeds.feedburner.com/zhihu-daily
[2025-09-16 05:02:04] ✘ 有 1 条订阅头像字段为空, 已使用默认头像:
[2025-09-16 05:02:04] - https://feed.cnblogs.com/blog/u/66551/rss/
[2025-09-16 05:02:04] ✘ 有 8 条订阅头像无法访问, 已使用默认头像:
[2025-09-16 05:02:04] - https://hwv430.blogspot.com/feeds/posts/default
[2025-09-16 05:02:04] - http://feeds.feedburner.com/ruanyifeng
[2025-09-16 05:02:04] - https://www.loyhome.com/feed
[2025-09-16 05:02:04] - https://a4.zyzhang.com/index.xml
[2025-09-16 05:02:04] - https://laike9m.com/blog/rss/
[2025-09-16 05:02:04] - https://skywind.me/blog/feed
[2025-09-16 05:02:04] - https://www.douban.com/feed/review/book
[2025-09-16 05:02:04] - https://www.mrhe.net/feed
[2025-09-16 06:01:58] 本次订阅抓取结果统计:
[2025-09-16 06:01:58] 共 59 条RSS, 成功抓取 53 条.
[2025-09-16 06:01:58] ✘ 有 5 条订阅解析失败:
[2025-09-16 06:01:58] - https://tcxx.info/feed
[2025-09-16 06:01:58] - https://tumutanzi.com/feed
[2025-09-16 06:01:58] - https://geekinney.com/index.xml
[2025-09-16 06:01:58] - https://yinwang1.substack.com/feed
[2025-09-16 06:01:58] - https://botanwang.com/rss.xml
[2025-09-16 06:01:58] ✘ 有 1 条订阅为空:
[2025-09-16 06:01:58] - http://feeds.feedburner.com/zhihu-daily
[2025-09-16 06:01:58] ✘ 有 1 条订阅头像字段为空, 已使用默认头像:
[2025-09-16 06:01:58] - https://feed.cnblogs.com/blog/u/66551/rss/
[2025-09-16 06:01:58] ✘ 有 9 条订阅头像无法访问, 已使用默认头像:
[2025-09-16 06:01:58] - https://hwv430.blogspot.com/feeds/posts/default
[2025-09-16 06:01:58] - http://feeds.feedburner.com/ruanyifeng
[2025-09-16 06:01:58] - https://www.loyhome.com/feed
[2025-09-16 06:01:58] - https://a4.zyzhang.com/index.xml
[2025-09-16 06:01:58] - https://skywind.me/blog/feed
[2025-09-16 06:01:58] - https://laike9m.com/blog/rss/
[2025-09-16 06:01:58] - https://www.douban.com/feed/review/book
[2025-09-16 06:01:58] - https://www.mrhe.net/feed
[2025-09-16 06:01:58] - https://lenciel.com/feed.xml
[2025-09-16 07:02:09] 本次订阅抓取结果统计:
[2025-09-16 07:02:09] 共 59 条RSS, 成功抓取 53 条.
[2025-09-16 07:02:09] ✘ 有 5 条订阅解析失败:
[2025-09-16 07:02:09] - https://tcxx.info/feed
[2025-09-16 07:02:09] - https://tumutanzi.com/feed
[2025-09-16 07:02:09] - https://geekinney.com/index.xml
[2025-09-16 07:02:09] - https://yinwang1.substack.com/feed
[2025-09-16 07:02:09] - https://botanwang.com/rss.xml
[2025-09-16 07:02:09] ✘ 有 1 条订阅为空:
[2025-09-16 07:02:09] - http://feeds.feedburner.com/zhihu-daily
[2025-09-16 07:02:09] ✘ 有 1 条订阅头像字段为空, 已使用默认头像:
[2025-09-16 07:02:09] - https://feed.cnblogs.com/blog/u/66551/rss/
[2025-09-16 07:02:09] ✘ 有 9 条订阅头像无法访问, 已使用默认头像:
[2025-09-16 07:02:09] - https://hwv430.blogspot.com/feeds/posts/default
[2025-09-16 07:02:09] - http://feeds.feedburner.com/ruanyifeng
[2025-09-16 07:02:09] - https://www.loyhome.com/feed
[2025-09-16 07:02:09] - https://a4.zyzhang.com/index.xml
[2025-09-16 07:02:09] - https://laike9m.com/blog/rss/
[2025-09-16 07:02:09] - https://skywind.me/blog/feed
[2025-09-16 07:02:09] - https://www.douban.com/feed/review/book
[2025-09-16 07:02:09] - https://www.mrhe.net/feed
[2025-09-16 07:02:09] - https://lenciel.com/feed.xml
[2025-09-16 08:02:05] 本次订阅抓取结果统计:
[2025-09-16 08:02:05] 共 59 条RSS, 成功抓取 53 条.
[2025-09-16 08:02:05] ✘ 有 5 条订阅解析失败:
[2025-09-16 08:02:05] - https://tcxx.info/feed
[2025-09-16 08:02:05] - https://tumutanzi.com/feed
[2025-09-16 08:02:05] - https://geekinney.com/index.xml
[2025-09-16 08:02:05] - https://yinwang1.substack.com/feed
[2025-09-16 08:02:05] - https://botanwang.com/rss.xml
[2025-09-16 08:02:05] ✘ 有 1 条订阅为空:
[2025-09-16 08:02:05] - http://feeds.feedburner.com/zhihu-daily
[2025-09-16 08:02:05] ✘ 有 1 条订阅头像字段为空, 已使用默认头像:
[2025-09-16 08:02:05] - https://feed.cnblogs.com/blog/u/66551/rss/
[2025-09-16 08:02:05] ✘ 有 7 条订阅头像无法访问, 已使用默认头像:
[2025-09-16 08:02:05] - http://feeds.feedburner.com/ruanyifeng
[2025-09-16 08:02:05] - https://www.loyhome.com/feed
[2025-09-16 08:02:05] - https://a4.zyzhang.com/index.xml
[2025-09-16 08:02:05] - https://laike9m.com/blog/rss/
[2025-09-16 08:02:05] - https://skywind.me/blog/feed
[2025-09-16 08:02:05] - https://www.douban.com/feed/review/book
[2025-09-16 08:02:05] - https://www.mrhe.net/feed
[2025-09-16 09:02:04] 本次订阅抓取结果统计:
[2025-09-16 09:02:04] 共 59 条RSS, 成功抓取 53 条.
[2025-09-16 09:02:04] ✘ 有 5 条订阅解析失败:
[2025-09-16 09:02:04] - https://tcxx.info/feed
[2025-09-16 09:02:04] - https://tumutanzi.com/feed
[2025-09-16 09:02:04] - https://geekinney.com/index.xml
[2025-09-16 09:02:04] - https://yinwang1.substack.com/feed
[2025-09-16 09:02:04] - https://botanwang.com/rss.xml
[2025-09-16 09:02:04] ✘ 有 1 条订阅为空:
[2025-09-16 09:02:04] - http://feeds.feedburner.com/zhihu-daily
[2025-09-16 09:02:04] ✘ 有 1 条订阅头像字段为空, 已使用默认头像:
[2025-09-16 09:02:04] - https://feed.cnblogs.com/blog/u/66551/rss/
[2025-09-16 09:02:04] ✘ 有 7 条订阅头像无法访问, 已使用默认头像:
[2025-09-16 09:02:04] - http://feeds.feedburner.com/ruanyifeng
[2025-09-16 09:02:04] - https://a4.zyzhang.com/index.xml
[2025-09-16 09:02:04] - https://skywind.me/blog/feed
[2025-09-16 09:02:04] - https://laike9m.com/blog/rss/
[2025-09-16 09:02:04] - https://www.douban.com/feed/review/book
[2025-09-16 09:02:04] - https://www.mrhe.net/feed
[2025-09-16 09:02:04] - https://www.loyhome.com/feed
[2025-09-16 10:02:03] 本次订阅抓取结果统计:
[2025-09-16 10:02:03] 共 59 条RSS, 成功抓取 52 条.
[2025-09-16 10:02:03] ✘ 有 6 条订阅解析失败:
[2025-09-16 10:02:03] - https://tumutanzi.com/feed
[2025-09-16 10:02:03] - https://tcxx.info/feed
[2025-09-16 10:02:03] - https://geekinney.com/index.xml
[2025-09-16 10:02:03] - https://yinwang1.substack.com/feed
[2025-09-16 10:02:03] - https://botanwang.com/rss.xml
[2025-09-16 10:02:03] - https://www.douban.com/feed/review/book
[2025-09-16 10:02:03] ✘ 有 1 条订阅为空:
[2025-09-16 10:02:03] - http://feeds.feedburner.com/zhihu-daily
[2025-09-16 10:02:03] ✘ 有 1 条订阅头像字段为空, 已使用默认头像:
[2025-09-16 10:02:03] - https://feed.cnblogs.com/blog/u/66551/rss/
[2025-09-16 10:02:03] ✘ 有 7 条订阅头像无法访问, 已使用默认头像:
[2025-09-16 10:02:03] - https://hwv430.blogspot.com/feeds/posts/default
[2025-09-16 10:02:03] - http://feeds.feedburner.com/ruanyifeng
[2025-09-16 10:02:03] - https://www.loyhome.com/feed
[2025-09-16 10:02:03] - https://a4.zyzhang.com/index.xml
[2025-09-16 10:02:03] - https://skywind.me/blog/feed
[2025-09-16 10:02:03] - https://laike9m.com/blog/rss/
[2025-09-16 10:02:03] - https://www.mrhe.net/feed
[2025-09-16 11:01:51] 本次订阅抓取结果统计:
[2025-09-16 11:01:51] 共 59 条RSS, 成功抓取 53 条.
[2025-09-16 11:01:51] ✘ 有 5 条订阅解析失败:
[2025-09-16 11:01:51] - https://tcxx.info/feed
[2025-09-16 11:01:51] - https://tumutanzi.com/feed
[2025-09-16 11:01:51] - https://geekinney.com/index.xml
[2025-09-16 11:01:51] - https://yinwang1.substack.com/feed
[2025-09-16 11:01:51] - https://botanwang.com/rss.xml
[2025-09-16 11:01:51] ✘ 有 1 条订阅为空:
[2025-09-16 11:01:51] - http://feeds.feedburner.com/zhihu-daily
[2025-09-16 11:01:51] ✘ 有 1 条订阅头像字段为空, 已使用默认头像:
[2025-09-16 11:01:51] - https://feed.cnblogs.com/blog/u/66551/rss/
[2025-09-16 11:01:51] ✘ 有 9 条订阅头像无法访问, 已使用默认头像:
[2025-09-16 11:01:51] - https://hwv430.blogspot.com/feeds/posts/default
[2025-09-16 11:01:51] - http://feeds.feedburner.com/ruanyifeng
[2025-09-16 11:01:51] - https://www.loyhome.com/feed
[2025-09-16 11:01:51] - https://a4.zyzhang.com/index.xml
[2025-09-16 11:01:51] - https://skywind.me/blog/feed
[2025-09-16 11:01:51] - https://laike9m.com/blog/rss/
[2025-09-16 11:01:51] - https://www.douban.com/feed/review/book
[2025-09-16 11:01:51] - https://lenciel.com/feed.xml
[2025-09-16 11:01:51] - https://www.mrhe.net/feed
[2025-09-16 12:02:16] 抓取到的文章与现有数据相同，无需更新。
[2025-09-16 13:09:50] 本次订阅抓取结果统计:
[2025-09-16 13:09:50] 共 59 条RSS, 成功抓取 49 条.
[2025-09-16 13:09:50] ✘ 有 9 条订阅解析失败:
[2025-09-16 13:09:50] - https://tcxx.info/feed
[2025-09-16 13:09:50] - https://tumutanzi.com/feed
[2025-09-16 13:09:50] - https://geekinney.com/index.xml
[2025-09-16 13:09:50] - https://yinwang1.substack.com/feed
[2025-09-16 13:09:50] - https://botanwang.com/rss.xml
[2025-09-16 13:09:50] - https://xyzbz.cn/feed
[2025-09-16 13:09:50] - https://oba.by/feed
[2025-09-16 13:09:50] - https://blog.yanqingshan.com/feed
[2025-09-16 13:09:50] - https://www.douban.com/feed/review/book
[2025-09-16 13:09:50] ✘ 有 1 条订阅为空:
[2025-09-16 13:09:50] - http://feeds.feedburner.com/zhihu-daily
[2025-09-16 13:09:50] ✘ 有 1 条订阅头像字段为空, 已使用默认头像:
[2025-09-16 13:09:50] - https://feed.cnblogs.com/blog/u/66551/rss/
[2025-09-16 13:09:50] ✘ 有 8 条订阅头像无法访问, 已使用默认头像:
[2025-09-16 13:09:50] - https://hwv430.blogspot.com/feeds/posts/default
[2025-09-16 13:09:50] - https://www.loyhome.com/feed
[2025-09-16 13:09:50] - http://feeds.feedburner.com/ruanyifeng
[2025-09-16 13:09:50] - https://a4.zyzhang.com/index.xml
[2025-09-16 13:09:50] - https://skywind.me/blog/feed
[2025-09-16 13:09:50] - https://laike9m.com/blog/rss/
[2025-09-16 13:09:50] - https://lenciel.com/feed.xml
[2025-09-16 13:09:50] - https://www.mrhe.net/feed
[2025-09-16 14:01:58] 本次订阅抓取结果统计:
[2025-09-16 14:01:58] 共 59 条RSS, 成功抓取 52 条.
[2025-09-16 14:01:58] ✘ 有 6 条订阅解析失败:
[2025-09-16 14:01:58] - https://tcxx.info/feed
[2025-09-16 14:01:58] - https://tumutanzi.com/feed
[2025-09-16 14:01:58] - https://diygod.cc/feed
[2025-09-16 14:01:58] - https://geekinney.com/index.xml
[2025-09-16 14:01:58] - https://yinwang1.substack.com/feed
[2025-09-16 14:01:58] - https://botanwang.com/rss.xml
[2025-09-16 14:01:58] ✘ 有 1 条订阅为空:
[2025-09-16 14:01:58] - http://feeds.feedburner.com/zhihu-daily
[2025-09-16 14:01:58] ✘ 有 1 条订阅头像字段为空, 已使用默认头像:
[2025-09-16 14:01:58] - https://feed.cnblogs.com/blog/u/66551/rss/
[2025-09-16 14:01:58] ✘ 有 9 条订阅头像无法访问, 已使用默认头像:
[2025-09-16 14:01:58] - https://hwv430.blogspot.com/feeds/posts/default
[2025-09-16 14:01:58] - http://feeds.feedburner.com/ruanyifeng
[2025-09-16 14:01:58] - https://www.loyhome.com/feed
[2025-09-16 14:01:58] - https://a4.zyzhang.com/index.xml
[2025-09-16 14:01:58] - https://skywind.me/blog/feed
[2025-09-16 14:01:58] - https://laike9m.com/blog/rss/
[2025-09-16 14:01:58] - https://www.douban.com/feed/review/book
[2025-09-16 14:01:58] - https://www.mrhe.net/feed
[2025-09-16 14:01:58] - https://lenciel.com/feed.xml
[2025-09-16 15:01:55] 本次订阅抓取结果统计:
[2025-09-16 15:01:55] 共 59 条RSS, 成功抓取 53 条.
[2025-09-16 15:01:55] ✘ 有 5 条订阅解析失败:
[2025-09-16 15:01:55] - https://tcxx.info/feed
[2025-09-16 15:01:55] - https://tumutanzi.com/feed
[2025-09-16 15:01:55] - https://geekinney.com/index.xml
[2025-09-16 15:01:55] - https://yinwang1.substack.com/feed
[2025-09-16 15:01:55] - https://botanwang.com/rss.xml
[2025-09-16 15:01:55] ✘ 有 1 条订阅为空:
[2025-09-16 15:01:55] - http://feeds.feedburner.com/zhihu-daily
[2025-09-16 15:01:55] ✘ 有 1 条订阅头像字段为空, 已使用默认头像:
[2025-09-16 15:01:55] - https://feed.cnblogs.com/blog/u/66551/rss/
[2025-09-16 15:01:55] ✘ 有 9 条订阅头像无法访问, 已使用默认头像:
[2025-09-16 15:01:55] - https://hwv430.blogspot.com/feeds/posts/default
[2025-09-16 15:01:55] - https://www.loyhome.com/feed
[2025-09-16 15:01:55] - http://feeds.feedburner.com/ruanyifeng
[2025-09-16 15:01:55] - https://a4.zyzhang.com/index.xml
[2025-09-16 15:01:55] - https://skywind.me/blog/feed
[2025-09-16 15:01:55] - https://laike9m.com/blog/rss/
[2025-09-16 15:01:55] - https://lenciel.com/feed.xml
[2025-09-16 15:01:55] - https://www.mrhe.net/feed
[2025-09-16 15:01:55] - https://www.douban.com/feed/review/book
[2025-09-16 16:02:03] 本次订阅抓取结果统计:
[2025-09-16 16:02:03] 共 59 条RSS, 成功抓取 53 条.
[2025-09-16 16:02:03] ✘ 有 5 条订阅解析失败:
[2025-09-16 16:02:03] - https://tumutanzi.com/feed
[2025-09-16 16:02:03] - https://tcxx.info/feed
[2025-09-16 16:02:03] - https://geekinney.com/index.xml
[2025-09-16 16:02:03] - https://yinwang1.substack.com/feed
[2025-09-16 16:02:03] - https://botanwang.com/rss.xml
[2025-09-16 16:02:03] ✘ 有 1 条订阅为空:
[2025-09-16 16:02:03] - http://feeds.feedburner.com/zhihu-daily
[2025-09-16 16:02:03] ✘ 有 1 条订阅头像字段为空, 已使用默认头像:
[2025-09-16 16:02:03] - https://feed.cnblogs.com/blog/u/66551/rss/
[2025-09-16 16:02:03] ✘ 有 9 条订阅头像无法访问, 已使用默认头像:
[2025-09-16 16:02:03] - https://hwv430.blogspot.com/feeds/posts/default
[2025-09-16 16:02:03] - http://feeds.feedburner.com/ruanyifeng
[2025-09-16 16:02:03] - https://www.loyhome.com/feed
[2025-09-16 16:02:03] - https://a4.zyzhang.com/index.xml
[2025-09-16 16:02:03] - https://skywind.me/blog/feed
[2025-09-16 16:02:03] - https://laike9m.com/blog/rss/
[2025-09-16 16:02:03] - https://lenciel.com/feed.xml
[2025-09-16 16:02:03] - https://www.mrhe.net/feed
[2025-09-16 16:02:03] - https://www.douban.com/feed/review/book
[2025-09-16 17:01:54] 本次订阅抓取结果统计:
[2025-09-16 17:01:54] 共 59 条RSS, 成功抓取 53 条.
[2025-09-16 17:01:54] ✘ 有 5 条订阅解析失败:
[2025-09-16 17:01:54] - https://tumutanzi.com/feed
[2025-09-16 17:01:54] - https://tcxx.info/feed
[2025-09-16 17:01:54] - https://geekinney.com/index.xml
[2025-09-16 17:01:54] - https://yinwang1.substack.com/feed
[2025-09-16 17:01:54] - https://botanwang.com/rss.xml
[2025-09-16 17:01:54] ✘ 有 1 条订阅为空:
[2025-09-16 17:01:54] - http://feeds.feedburner.com/zhihu-daily
[2025-09-16 17:01:54] ✘ 有 1 条订阅头像字段为空, 已使用默认头像:
[2025-09-16 17:01:54] - https://feed.cnblogs.com/blog/u/66551/rss/
[2025-09-16 17:01:54] ✘ 有 8 条订阅头像无法访问, 已使用默认头像:
[2025-09-16 17:01:54] - https://hwv430.blogspot.com/feeds/posts/default
[2025-09-16 17:01:54] - https://www.loyhome.com/feed
[2025-09-16 17:01:54] - http://feeds.feedburner.com/ruanyifeng
[2025-09-16 17:01:54] - https://a4.zyzhang.com/index.xml
[2025-09-16 17:01:54] - https://laike9m.com/blog/rss/
[2025-09-16 17:01:54] - https://skywind.me/blog/feed
[2025-09-16 17:01:54] - https://www.douban.com/feed/review/book
[2025-09-16 17:01:54] - https://www.mrhe.net/feed
[2025-09-16 18:02:38] 抓取到的文章与现有数据相同，无需更新。
[2025-09-16 19:01:56] 抓取到的文章与现有数据相同，无需更新。
