[2025-09-26 00:04:42] 本次订阅抓取结果统计:
[2025-09-26 00:04:42] 共 60 条RSS, 成功抓取 54 条.
[2025-09-26 00:04:42] ✘ 有 5 条订阅解析失败:
[2025-09-26 00:04:42] - https://tumutanzi.com/feed
[2025-09-26 00:04:42] - https://tcxx.info/feed
[2025-09-26 00:04:42] - https://geekinney.com/index.xml
[2025-09-26 00:04:42] - https://yinwang1.substack.com/feed
[2025-09-26 00:04:42] - https://botanwang.com/rss.xml
[2025-09-26 00:04:42] ✘ 有 1 条订阅为空:
[2025-09-26 00:04:42] - http://feeds.feedburner.com/zhihu-daily
[2025-09-26 00:04:42] ✘ 有 1 条订阅头像字段为空, 已使用默认头像:
[2025-09-26 00:04:42] - https://feed.cnblogs.com/blog/u/66551/rss/
[2025-09-26 00:04:42] ✘ 有 8 条订阅头像无法访问, 已使用默认头像:
[2025-09-26 00:04:42] - http://feeds.feedburner.com/ruanyifeng
[2025-09-26 00:04:42] - https://www.loyhome.com/feed
[2025-09-26 00:04:42] - https://a4.zyzhang.com/index.xml
[2025-09-26 00:04:42] - https://skywind.me/blog/feed
[2025-09-26 00:04:42] - https://laike9m.com/blog/rss/
[2025-09-26 00:04:42] - https://www.douban.com/feed/review/book
[2025-09-26 00:04:42] - https://lenciel.com/feed.xml
[2025-09-26 00:04:42] - https://www.mrhe.net/feed
[2025-09-26 01:29:41] 本次订阅抓取结果统计:
[2025-09-26 01:29:41] 共 60 条RSS, 成功抓取 53 条.
[2025-09-26 01:29:41] ✘ 有 5 条订阅解析失败:
[2025-09-26 01:29:41] - https://tumutanzi.com/feed
[2025-09-26 01:29:41] - https://tcxx.info/feed
[2025-09-26 01:29:41] - https://geekinney.com/index.xml
[2025-09-26 01:29:41] - https://yinwang1.substack.com/feed
[2025-09-26 01:29:41] - https://botanwang.com/rss.xml
[2025-09-26 01:29:41] ✘ 有 2 条订阅为空:
[2025-09-26 01:29:41] - http://feeds.feedburner.com/zhihu-daily
[2025-09-26 01:29:41] - https://diygod.cc/feed
[2025-09-26 01:29:41] ✘ 有 1 条订阅头像字段为空, 已使用默认头像:
[2025-09-26 01:29:41] - https://feed.cnblogs.com/blog/u/66551/rss/
[2025-09-26 01:29:41] ✘ 有 9 条订阅头像无法访问, 已使用默认头像:
[2025-09-26 01:29:41] - http://feeds.feedburner.com/ruanyifeng
[2025-09-26 01:29:41] - https://www.loyhome.com/feed
[2025-09-26 01:29:41] - https://a4.zyzhang.com/index.xml
[2025-09-26 01:29:41] - https://skywind.me/blog/feed
[2025-09-26 01:29:41] - https://laike9m.com/blog/rss/
[2025-09-26 01:29:41] - https://www.douban.com/feed/review/book
[2025-09-26 01:29:41] - https://lenciel.com/feed.xml
[2025-09-26 01:29:41] - https://www.mrhe.net/feed
[2025-09-26 01:29:41] - https://xyzbz.cn/feed
[2025-09-26 02:27:04] 本次订阅抓取结果统计:
[2025-09-26 02:27:04] 共 60 条RSS, 成功抓取 54 条.
[2025-09-26 02:27:04] ✘ 有 5 条订阅解析失败:
[2025-09-26 02:27:04] - https://tumutanzi.com/feed
[2025-09-26 02:27:04] - https://tcxx.info/feed
[2025-09-26 02:27:04] - https://geekinney.com/index.xml
[2025-09-26 02:27:04] - https://yinwang1.substack.com/feed
[2025-09-26 02:27:04] - https://botanwang.com/rss.xml
[2025-09-26 02:27:04] ✘ 有 1 条订阅为空:
[2025-09-26 02:27:04] - http://feeds.feedburner.com/zhihu-daily
[2025-09-26 02:27:04] ✘ 有 1 条订阅头像字段为空, 已使用默认头像:
[2025-09-26 02:27:04] - https://feed.cnblogs.com/blog/u/66551/rss/
[2025-09-26 02:27:04] ✘ 有 8 条订阅头像无法访问, 已使用默认头像:
[2025-09-26 02:27:04] - https://www.loyhome.com/feed
[2025-09-26 02:27:04] - http://feeds.feedburner.com/ruanyifeng
[2025-09-26 02:27:04] - https://a4.zyzhang.com/index.xml
[2025-09-26 02:27:04] - https://laike9m.com/blog/rss/
[2025-09-26 02:27:04] - https://skywind.me/blog/feed
[2025-09-26 02:27:04] - https://www.douban.com/feed/review/book
[2025-09-26 02:27:04] - https://lenciel.com/feed.xml
[2025-09-26 02:27:04] - https://www.mrhe.net/feed
[2025-09-26 03:13:56] 本次订阅抓取结果统计:
[2025-09-26 03:13:56] 共 60 条RSS, 成功抓取 53 条.
[2025-09-26 03:13:56] ✘ 有 5 条订阅解析失败:
[2025-09-26 03:13:56] - https://tcxx.info/feed
[2025-09-26 03:13:56] - https://tumutanzi.com/feed
[2025-09-26 03:13:56] - https://geekinney.com/index.xml
[2025-09-26 03:13:56] - https://yinwang1.substack.com/feed
[2025-09-26 03:13:56] - https://botanwang.com/rss.xml
[2025-09-26 03:13:56] ✘ 有 2 条订阅为空:
[2025-09-26 03:13:56] - http://feeds.feedburner.com/zhihu-daily
[2025-09-26 03:13:56] - https://diygod.cc/feed
[2025-09-26 03:13:56] ✘ 有 1 条订阅头像字段为空, 已使用默认头像:
[2025-09-26 03:13:56] - https://feed.cnblogs.com/blog/u/66551/rss/
[2025-09-26 03:13:56] ✘ 有 7 条订阅头像无法访问, 已使用默认头像:
[2025-09-26 03:13:56] - http://feeds.feedburner.com/ruanyifeng
[2025-09-26 03:13:56] - https://www.loyhome.com/feed
[2025-09-26 03:13:56] - https://a4.zyzhang.com/index.xml
[2025-09-26 03:13:56] - https://laike9m.com/blog/rss/
[2025-09-26 03:13:56] - https://skywind.me/blog/feed
[2025-09-26 03:13:56] - https://www.mrhe.net/feed
[2025-09-26 03:13:56] - https://www.douban.com/feed/review/book
[2025-09-26 04:01:54] 本次订阅抓取结果统计:
[2025-09-26 04:01:54] 共 60 条RSS, 成功抓取 54 条.
[2025-09-26 04:01:54] ✘ 有 5 条订阅解析失败:
[2025-09-26 04:01:54] - https://tcxx.info/feed
[2025-09-26 04:01:54] - https://tumutanzi.com/feed
[2025-09-26 04:01:54] - https://geekinney.com/index.xml
[2025-09-26 04:01:54] - https://yinwang1.substack.com/feed
[2025-09-26 04:01:54] - https://botanwang.com/rss.xml
[2025-09-26 04:01:54] ✘ 有 1 条订阅为空:
[2025-09-26 04:01:54] - http://feeds.feedburner.com/zhihu-daily
[2025-09-26 04:01:54] ✘ 有 1 条订阅头像字段为空, 已使用默认头像:
[2025-09-26 04:01:54] - https://feed.cnblogs.com/blog/u/66551/rss/
[2025-09-26 04:01:54] ✘ 有 8 条订阅头像无法访问, 已使用默认头像:
[2025-09-26 04:01:54] - http://feeds.feedburner.com/ruanyifeng
[2025-09-26 04:01:54] - https://www.loyhome.com/feed
[2025-09-26 04:01:54] - https://a4.zyzhang.com/index.xml
[2025-09-26 04:01:54] - https://laike9m.com/blog/rss/
[2025-09-26 04:01:54] - https://skywind.me/blog/feed
[2025-09-26 04:01:54] - https://www.douban.com/feed/review/book
[2025-09-26 04:01:54] - https://www.mrhe.net/feed
[2025-09-26 04:01:54] - https://lenciel.com/feed.xml
[2025-09-26 05:01:47] 本次订阅抓取结果统计:
[2025-09-26 05:01:47] 共 60 条RSS, 成功抓取 54 条.
[2025-09-26 05:01:47] ✘ 有 5 条订阅解析失败:
[2025-09-26 05:01:47] - https://tcxx.info/feed
[2025-09-26 05:01:47] - https://tumutanzi.com/feed
[2025-09-26 05:01:47] - https://geekinney.com/index.xml
[2025-09-26 05:01:47] - https://yinwang1.substack.com/feed
[2025-09-26 05:01:47] - https://botanwang.com/rss.xml
[2025-09-26 05:01:47] ✘ 有 1 条订阅为空:
[2025-09-26 05:01:47] - http://feeds.feedburner.com/zhihu-daily
[2025-09-26 05:01:47] ✘ 有 1 条订阅头像字段为空, 已使用默认头像:
[2025-09-26 05:01:47] - https://feed.cnblogs.com/blog/u/66551/rss/
[2025-09-26 05:01:47] ✘ 有 8 条订阅头像无法访问, 已使用默认头像:
[2025-09-26 05:01:47] - http://feeds.feedburner.com/ruanyifeng
[2025-09-26 05:01:47] - https://www.loyhome.com/feed
[2025-09-26 05:01:47] - https://a4.zyzhang.com/index.xml
[2025-09-26 05:01:47] - https://skywind.me/blog/feed
[2025-09-26 05:01:47] - https://laike9m.com/blog/rss/
[2025-09-26 05:01:47] - https://lenciel.com/feed.xml
[2025-09-26 05:01:47] - https://www.douban.com/feed/review/book
[2025-09-26 05:01:47] - https://www.mrhe.net/feed
[2025-09-26 06:01:53] 抓取到的文章与现有数据相同，无需更新。
[2025-09-26 07:02:05] 抓取到的文章与现有数据相同，无需更新。
