[2025-10-02 00:04:25] 抓取到的文章与现有数据相同，无需更新。
[2025-10-02 01:29:13] 抓取到的文章与现有数据相同，无需更新。
[2025-10-02 02:26:14] 本次订阅抓取结果统计:
[2025-10-02 02:26:14] 共 60 条RSS, 成功抓取 53 条.
[2025-10-02 02:26:14] ✘ 有 6 条订阅解析失败:
[2025-10-02 02:26:14] - https://tumutanzi.com/feed
[2025-10-02 02:26:14] - https://tcxx.info/feed
[2025-10-02 02:26:14] - https://geekinney.com/index.xml
[2025-10-02 02:26:14] - https://suus.me/index.xml
[2025-10-02 02:26:14] - https://yinwang1.substack.com/feed
[2025-10-02 02:26:14] - https://botanwang.com/rss.xml
[2025-10-02 02:26:14] ✘ 有 1 条订阅为空:
[2025-10-02 02:26:14] - http://feeds.feedburner.com/zhihu-daily
[2025-10-02 02:26:14] ✘ 有 1 条订阅头像字段为空, 已使用默认头像:
[2025-10-02 02:26:14] - https://feed.cnblogs.com/blog/u/66551/rss/
[2025-10-02 02:26:14] ✘ 有 7 条订阅头像无法访问, 已使用默认头像:
[2025-10-02 02:26:14] - http://feeds.feedburner.com/ruanyifeng
[2025-10-02 02:26:14] - https://www.loyhome.com/feed
[2025-10-02 02:26:14] - https://a4.zyzhang.com/index.xml
[2025-10-02 02:26:14] - https://laike9m.com/blog/rss/
[2025-10-02 02:26:14] - https://skywind.me/blog/feed
[2025-10-02 02:26:14] - https://www.mrhe.net/feed
[2025-10-02 02:26:14] - https://www.douban.com/feed/review/book
[2025-10-02 03:11:36] 抓取到的文章与现有数据相同，无需更新。
[2025-10-02 04:02:00] 抓取到的文章与现有数据相同，无需更新。
[2025-10-02 05:02:00] 抓取到的文章与现有数据相同，无需更新。
[2025-10-02 06:01:53] 抓取到的文章与现有数据相同，无需更新。
[2025-10-02 07:01:47] 抓取到的文章与现有数据相同，无需更新。
[2025-10-02 08:01:46] 抓取到的文章与现有数据相同，无需更新。
[2025-10-02 09:02:02] 本次订阅抓取结果统计:
[2025-10-02 09:02:02] 共 60 条RSS, 成功抓取 51 条.
[2025-10-02 09:02:02] ✘ 有 7 条订阅解析失败:
[2025-10-02 09:02:02] - https://blog.ursb.me/feed.xml
[2025-10-02 09:02:02] - https://tcxx.info/feed
[2025-10-02 09:02:02] - https://tumutanzi.com/feed
[2025-10-02 09:02:02] - https://geekinney.com/index.xml
[2025-10-02 09:02:02] - https://suus.me/index.xml
[2025-10-02 09:02:02] - https://yinwang1.substack.com/feed
[2025-10-02 09:02:02] - https://botanwang.com/rss.xml
[2025-10-02 09:02:02] ✘ 有 2 条订阅为空:
[2025-10-02 09:02:02] - http://feeds.feedburner.com/zhihu-daily
[2025-10-02 09:02:02] - https://diygod.cc/feed
[2025-10-02 09:02:02] ✘ 有 1 条订阅头像字段为空, 已使用默认头像:
[2025-10-02 09:02:02] - https://feed.cnblogs.com/blog/u/66551/rss/
[2025-10-02 09:02:02] ✘ 有 7 条订阅头像无法访问, 已使用默认头像:
[2025-10-02 09:02:02] - https://www.loyhome.com/feed
[2025-10-02 09:02:02] - http://feeds.feedburner.com/ruanyifeng
[2025-10-02 09:02:02] - https://a4.zyzhang.com/index.xml
[2025-10-02 09:02:02] - https://laike9m.com/blog/rss/
[2025-10-02 09:02:02] - https://skywind.me/blog/feed
[2025-10-02 09:02:02] - https://www.mrhe.net/feed
[2025-10-02 09:02:02] - https://www.douban.com/feed/review/book
[2025-10-02 10:02:07] 本次订阅抓取结果统计:
[2025-10-02 10:02:07] 共 60 条RSS, 成功抓取 52 条.
[2025-10-02 10:02:07] ✘ 有 7 条订阅解析失败:
[2025-10-02 10:02:07] - https://blog.ursb.me/feed.xml
[2025-10-02 10:02:07] - https://tcxx.info/feed
[2025-10-02 10:02:07] - https://tumutanzi.com/feed
[2025-10-02 10:02:07] - https://geekinney.com/index.xml
[2025-10-02 10:02:07] - https://suus.me/index.xml
[2025-10-02 10:02:07] - https://yinwang1.substack.com/feed
[2025-10-02 10:02:07] - https://botanwang.com/rss.xml
[2025-10-02 10:02:07] ✘ 有 1 条订阅为空:
[2025-10-02 10:02:07] - http://feeds.feedburner.com/zhihu-daily
[2025-10-02 10:02:07] ✘ 有 1 条订阅头像字段为空, 已使用默认头像:
[2025-10-02 10:02:07] - https://feed.cnblogs.com/blog/u/66551/rss/
[2025-10-02 10:02:07] ✘ 有 7 条订阅头像无法访问, 已使用默认头像:
[2025-10-02 10:02:07] - https://www.loyhome.com/feed
[2025-10-02 10:02:07] - http://feeds.feedburner.com/ruanyifeng
[2025-10-02 10:02:07] - https://a4.zyzhang.com/index.xml
[2025-10-02 10:02:07] - https://laike9m.com/blog/rss/
[2025-10-02 10:02:07] - https://skywind.me/blog/feed
[2025-10-02 10:02:07] - https://www.mrhe.net/feed
[2025-10-02 10:02:07] - https://www.douban.com/feed/review/book
[2025-10-02 11:02:03] 抓取到的文章与现有数据相同，无需更新。
[2025-10-02 12:02:13] 本次订阅抓取结果统计:
[2025-10-02 12:02:13] 共 60 条RSS, 成功抓取 52 条.
[2025-10-02 12:02:13] ✘ 有 7 条订阅解析失败:
[2025-10-02 12:02:13] - https://blog.ursb.me/feed.xml
[2025-10-02 12:02:13] - https://tcxx.info/feed
[2025-10-02 12:02:13] - https://tumutanzi.com/feed
[2025-10-02 12:02:13] - https://geekinney.com/index.xml
[2025-10-02 12:02:13] - https://suus.me/index.xml
[2025-10-02 12:02:13] - https://yinwang1.substack.com/feed
[2025-10-02 12:02:13] - https://botanwang.com/rss.xml
[2025-10-02 12:02:13] ✘ 有 1 条订阅为空:
[2025-10-02 12:02:13] - http://feeds.feedburner.com/zhihu-daily
[2025-10-02 12:02:13] ✘ 有 1 条订阅头像字段为空, 已使用默认头像:
[2025-10-02 12:02:13] - https://feed.cnblogs.com/blog/u/66551/rss/
[2025-10-02 12:02:13] ✘ 有 7 条订阅头像无法访问, 已使用默认头像:
[2025-10-02 12:02:13] - http://feeds.feedburner.com/ruanyifeng
[2025-10-02 12:02:13] - https://www.loyhome.com/feed
[2025-10-02 12:02:13] - https://a4.zyzhang.com/index.xml
[2025-10-02 12:02:13] - https://skywind.me/blog/feed
[2025-10-02 12:02:13] - https://laike9m.com/blog/rss/
[2025-10-02 12:02:13] - https://www.douban.com/feed/review/book
[2025-10-02 12:02:13] - https://www.mrhe.net/feed
[2025-10-02 13:07:52] 抓取到的文章与现有数据相同，无需更新。
[2025-10-02 14:02:30] 本次订阅抓取结果统计:
[2025-10-02 14:02:30] 共 60 条RSS, 成功抓取 51 条.
[2025-10-02 14:02:30] ✘ 有 8 条订阅解析失败:
[2025-10-02 14:02:30] - https://blog.ursb.me/feed.xml
[2025-10-02 14:02:30] - https://tcxx.info/feed
[2025-10-02 14:02:30] - https://tumutanzi.com/feed
[2025-10-02 14:02:30] - https://geekinney.com/index.xml
[2025-10-02 14:02:30] - https://suus.me/index.xml
[2025-10-02 14:02:30] - https://yinwang1.substack.com/feed
[2025-10-02 14:02:30] - https://botanwang.com/rss.xml
[2025-10-02 14:02:30] - https://www.williamlong.info/rss.xml
[2025-10-02 14:02:30] ✘ 有 1 条订阅为空:
[2025-10-02 14:02:30] - http://feeds.feedburner.com/zhihu-daily
[2025-10-02 14:02:30] ✘ 有 1 条订阅头像字段为空, 已使用默认头像:
[2025-10-02 14:02:30] - https://feed.cnblogs.com/blog/u/66551/rss/
[2025-10-02 14:02:30] ✘ 有 7 条订阅头像无法访问, 已使用默认头像:
[2025-10-02 14:02:30] - https://www.loyhome.com/feed
[2025-10-02 14:02:30] - http://feeds.feedburner.com/ruanyifeng
[2025-10-02 14:02:30] - https://a4.zyzhang.com/index.xml
[2025-10-02 14:02:30] - https://skywind.me/blog/feed
[2025-10-02 14:02:30] - https://laike9m.com/blog/rss/
[2025-10-02 14:02:30] - https://www.douban.com/feed/review/book
[2025-10-02 14:02:30] - https://www.mrhe.net/feed
