[2025-09-27 00:03:39] 抓取到的文章与现有数据相同，无需更新。
[2025-09-27 01:28:55] 抓取到的文章与现有数据相同，无需更新。
[2025-09-27 02:24:09] 抓取到的文章与现有数据相同，无需更新。
[2025-09-27 03:10:01] 抓取到的文章与现有数据相同，无需更新。
[2025-09-27 04:01:59] 抓取到的文章与现有数据相同，无需更新。
[2025-09-27 05:01:53] 本次订阅抓取结果统计:
[2025-09-27 05:01:53] 共 60 条RSS, 成功抓取 53 条.
[2025-09-27 05:01:53] ✘ 有 6 条订阅解析失败:
[2025-09-27 05:01:53] - https://tcxx.info/feed
[2025-09-27 05:01:53] - https://tumutanzi.com/feed
[2025-09-27 05:01:53] - https://geekinney.com/index.xml
[2025-09-27 05:01:53] - https://yinwang1.substack.com/feed
[2025-09-27 05:01:53] - https://botanwang.com/rss.xml
[2025-09-27 05:01:53] - https://www.douban.com/feed/review/book
[2025-09-27 05:01:53] ✘ 有 1 条订阅为空:
[2025-09-27 05:01:53] - http://feeds.feedburner.com/zhihu-daily
[2025-09-27 05:01:53] ✘ 有 1 条订阅头像字段为空, 已使用默认头像:
[2025-09-27 05:01:53] - https://feed.cnblogs.com/blog/u/66551/rss/
[2025-09-27 05:01:53] ✘ 有 6 条订阅头像无法访问, 已使用默认头像:
[2025-09-27 05:01:53] - http://feeds.feedburner.com/ruanyifeng
[2025-09-27 05:01:53] - https://www.loyhome.com/feed
[2025-09-27 05:01:53] - https://a4.zyzhang.com/index.xml
[2025-09-27 05:01:53] - https://skywind.me/blog/feed
[2025-09-27 05:01:53] - https://laike9m.com/blog/rss/
[2025-09-27 05:01:53] - https://www.mrhe.net/feed
[2025-09-27 06:01:51] 本次订阅抓取结果统计:
[2025-09-27 06:01:51] 共 60 条RSS, 成功抓取 54 条.
[2025-09-27 06:01:51] ✘ 有 5 条订阅解析失败:
[2025-09-27 06:01:51] - https://tcxx.info/feed
[2025-09-27 06:01:51] - https://tumutanzi.com/feed
[2025-09-27 06:01:51] - https://geekinney.com/index.xml
[2025-09-27 06:01:51] - https://yinwang1.substack.com/feed
[2025-09-27 06:01:51] - https://botanwang.com/rss.xml
[2025-09-27 06:01:51] ✘ 有 1 条订阅为空:
[2025-09-27 06:01:51] - http://feeds.feedburner.com/zhihu-daily
[2025-09-27 06:01:51] ✘ 有 1 条订阅头像字段为空, 已使用默认头像:
[2025-09-27 06:01:51] - https://feed.cnblogs.com/blog/u/66551/rss/
[2025-09-27 06:01:51] ✘ 有 7 条订阅头像无法访问, 已使用默认头像:
[2025-09-27 06:01:51] - http://feeds.feedburner.com/ruanyifeng
[2025-09-27 06:01:51] - https://www.loyhome.com/feed
[2025-09-27 06:01:51] - https://a4.zyzhang.com/index.xml
[2025-09-27 06:01:51] - https://laike9m.com/blog/rss/
[2025-09-27 06:01:51] - https://skywind.me/blog/feed
[2025-09-27 06:01:51] - https://www.mrhe.net/feed
[2025-09-27 06:01:51] - https://www.douban.com/feed/review/book
[2025-09-27 07:01:57] 抓取到的文章与现有数据相同，无需更新。
[2025-09-27 08:01:50] 本次订阅抓取结果统计:
[2025-09-27 08:01:50] 共 60 条RSS, 成功抓取 53 条.
[2025-09-27 08:01:50] ✘ 有 6 条订阅解析失败:
[2025-09-27 08:01:50] - https://tumutanzi.com/feed
[2025-09-27 08:01:50] - https://tcxx.info/feed
[2025-09-27 08:01:50] - https://geekinney.com/index.xml
[2025-09-27 08:01:50] - https://diygod.cc/feed
[2025-09-27 08:01:50] - https://yinwang1.substack.com/feed
[2025-09-27 08:01:50] - https://botanwang.com/rss.xml
[2025-09-27 08:01:50] ✘ 有 1 条订阅为空:
[2025-09-27 08:01:50] - http://feeds.feedburner.com/zhihu-daily
[2025-09-27 08:01:50] ✘ 有 1 条订阅头像字段为空, 已使用默认头像:
[2025-09-27 08:01:50] - https://feed.cnblogs.com/blog/u/66551/rss/
[2025-09-27 08:01:50] ✘ 有 7 条订阅头像无法访问, 已使用默认头像:
[2025-09-27 08:01:50] - http://feeds.feedburner.com/ruanyifeng
[2025-09-27 08:01:50] - https://www.loyhome.com/feed
[2025-09-27 08:01:50] - https://a4.zyzhang.com/index.xml
[2025-09-27 08:01:50] - https://laike9m.com/blog/rss/
[2025-09-27 08:01:50] - https://skywind.me/blog/feed
[2025-09-27 08:01:50] - https://www.douban.com/feed/review/book
[2025-09-27 08:01:50] - https://www.mrhe.net/feed
[2025-09-27 09:01:53] 本次订阅抓取结果统计:
[2025-09-27 09:01:53] 共 60 条RSS, 成功抓取 54 条.
[2025-09-27 09:01:53] ✘ 有 5 条订阅解析失败:
[2025-09-27 09:01:53] - https://tumutanzi.com/feed
[2025-09-27 09:01:53] - https://tcxx.info/feed
[2025-09-27 09:01:53] - https://geekinney.com/index.xml
[2025-09-27 09:01:53] - https://yinwang1.substack.com/feed
[2025-09-27 09:01:53] - https://botanwang.com/rss.xml
[2025-09-27 09:01:53] ✘ 有 1 条订阅为空:
[2025-09-27 09:01:53] - http://feeds.feedburner.com/zhihu-daily
[2025-09-27 09:01:53] ✘ 有 1 条订阅头像字段为空, 已使用默认头像:
[2025-09-27 09:01:53] - https://feed.cnblogs.com/blog/u/66551/rss/
[2025-09-27 09:01:53] ✘ 有 7 条订阅头像无法访问, 已使用默认头像:
[2025-09-27 09:01:53] - http://feeds.feedburner.com/ruanyifeng
[2025-09-27 09:01:53] - https://www.loyhome.com/feed
[2025-09-27 09:01:53] - https://a4.zyzhang.com/index.xml
[2025-09-27 09:01:53] - https://laike9m.com/blog/rss/
[2025-09-27 09:01:53] - https://skywind.me/blog/feed
[2025-09-27 09:01:53] - https://www.mrhe.net/feed
[2025-09-27 09:01:53] - https://www.douban.com/feed/review/book
[2025-09-27 10:01:56] 抓取到的文章与现有数据相同，无需更新。
[2025-09-27 11:01:54] 抓取到的文章与现有数据相同，无需更新。
[2025-09-27 12:02:04] 抓取到的文章与现有数据相同，无需更新。
[2025-09-27 13:04:58] 抓取到的文章与现有数据相同，无需更新。
[2025-09-27 14:01:42] 本次订阅抓取结果统计:
[2025-09-27 14:01:42] 共 60 条RSS, 成功抓取 54 条.
[2025-09-27 14:01:42] ✘ 有 5 条订阅解析失败:
[2025-09-27 14:01:42] - https://tcxx.info/feed
[2025-09-27 14:01:42] - https://tumutanzi.com/feed
[2025-09-27 14:01:42] - https://geekinney.com/index.xml
[2025-09-27 14:01:42] - https://yinwang1.substack.com/feed
[2025-09-27 14:01:42] - https://botanwang.com/rss.xml
[2025-09-27 14:01:42] ✘ 有 1 条订阅为空:
[2025-09-27 14:01:42] - http://feeds.feedburner.com/zhihu-daily
[2025-09-27 14:01:42] ✘ 有 1 条订阅头像字段为空, 已使用默认头像:
[2025-09-27 14:01:42] - https://feed.cnblogs.com/blog/u/66551/rss/
[2025-09-27 14:01:42] ✘ 有 7 条订阅头像无法访问, 已使用默认头像:
[2025-09-27 14:01:42] - http://feeds.feedburner.com/ruanyifeng
[2025-09-27 14:01:42] - https://www.loyhome.com/feed
[2025-09-27 14:01:42] - https://a4.zyzhang.com/index.xml
[2025-09-27 14:01:42] - https://skywind.me/blog/feed
[2025-09-27 14:01:42] - https://laike9m.com/blog/rss/
[2025-09-27 14:01:42] - https://www.douban.com/feed/review/book
[2025-09-27 14:01:42] - https://www.mrhe.net/feed
[2025-09-27 15:01:46] 抓取到的文章与现有数据相同，无需更新。
[2025-09-27 16:01:57] 抓取到的文章与现有数据相同，无需更新。
[2025-09-27 17:01:49] 本次订阅抓取结果统计:
[2025-09-27 17:01:49] 共 60 条RSS, 成功抓取 54 条.
[2025-09-27 17:01:49] ✘ 有 5 条订阅解析失败:
[2025-09-27 17:01:49] - https://tumutanzi.com/feed
[2025-09-27 17:01:49] - https://tcxx.info/feed
[2025-09-27 17:01:49] - https://geekinney.com/index.xml
[2025-09-27 17:01:49] - https://yinwang1.substack.com/feed
[2025-09-27 17:01:49] - https://botanwang.com/rss.xml
[2025-09-27 17:01:49] ✘ 有 1 条订阅为空:
[2025-09-27 17:01:49] - http://feeds.feedburner.com/zhihu-daily
[2025-09-27 17:01:49] ✘ 有 1 条订阅头像字段为空, 已使用默认头像:
[2025-09-27 17:01:49] - https://feed.cnblogs.com/blog/u/66551/rss/
[2025-09-27 17:01:49] ✘ 有 7 条订阅头像无法访问, 已使用默认头像:
[2025-09-27 17:01:49] - http://feeds.feedburner.com/ruanyifeng
[2025-09-27 17:01:49] - https://www.loyhome.com/feed
[2025-09-27 17:01:49] - https://a4.zyzhang.com/index.xml
[2025-09-27 17:01:49] - https://skywind.me/blog/feed
[2025-09-27 17:01:49] - https://laike9m.com/blog/rss/
[2025-09-27 17:01:49] - https://www.douban.com/feed/review/book
[2025-09-27 17:01:49] - https://www.mrhe.net/feed
[2025-09-27 18:01:56] 抓取到的文章与现有数据相同，无需更新。
[2025-09-27 19:02:01] 本次订阅抓取结果统计:
[2025-09-27 19:02:01] 共 60 条RSS, 成功抓取 52 条.
[2025-09-27 19:02:01] ✘ 有 7 条订阅解析失败:
[2025-09-27 19:02:01] - https://tumutanzi.com/feed
[2025-09-27 19:02:01] - https://tcxx.info/feed
[2025-09-27 19:02:01] - https://geekinney.com/index.xml
[2025-09-27 19:02:01] - https://yinwang1.substack.com/feed
[2025-09-27 19:02:01] - https://botanwang.com/rss.xml
[2025-09-27 19:02:01] - https://www.douban.com/feed/review/book
[2025-09-27 19:02:01] - https://blog.yanqingshan.com/feed
[2025-09-27 19:02:01] ✘ 有 1 条订阅为空:
[2025-09-27 19:02:01] - http://feeds.feedburner.com/zhihu-daily
[2025-09-27 19:02:01] ✘ 有 1 条订阅头像字段为空, 已使用默认头像:
[2025-09-27 19:02:01] - https://feed.cnblogs.com/blog/u/66551/rss/
[2025-09-27 19:02:01] ✘ 有 6 条订阅头像无法访问, 已使用默认头像:
[2025-09-27 19:02:01] - http://feeds.feedburner.com/ruanyifeng
[2025-09-27 19:02:01] - https://www.loyhome.com/feed
[2025-09-27 19:02:01] - https://a4.zyzhang.com/index.xml
[2025-09-27 19:02:01] - https://skywind.me/blog/feed
[2025-09-27 19:02:01] - https://laike9m.com/blog/rss/
[2025-09-27 19:02:01] - https://www.mrhe.net/feed
[2025-09-27 20:01:56] 本次订阅抓取结果统计:
[2025-09-27 20:01:56] 共 60 条RSS, 成功抓取 54 条.
[2025-09-27 20:01:56] ✘ 有 5 条订阅解析失败:
[2025-09-27 20:01:56] - https://tcxx.info/feed
[2025-09-27 20:01:56] - https://tumutanzi.com/feed
[2025-09-27 20:01:56] - https://geekinney.com/index.xml
[2025-09-27 20:01:56] - https://yinwang1.substack.com/feed
[2025-09-27 20:01:56] - https://botanwang.com/rss.xml
[2025-09-27 20:01:56] ✘ 有 1 条订阅为空:
[2025-09-27 20:01:56] - http://feeds.feedburner.com/zhihu-daily
[2025-09-27 20:01:56] ✘ 有 1 条订阅头像字段为空, 已使用默认头像:
[2025-09-27 20:01:56] - https://feed.cnblogs.com/blog/u/66551/rss/
[2025-09-27 20:01:56] ✘ 有 7 条订阅头像无法访问, 已使用默认头像:
[2025-09-27 20:01:56] - http://feeds.feedburner.com/ruanyifeng
[2025-09-27 20:01:56] - https://www.loyhome.com/feed
[2025-09-27 20:01:56] - https://a4.zyzhang.com/index.xml
[2025-09-27 20:01:56] - https://laike9m.com/blog/rss/
[2025-09-27 20:01:56] - https://skywind.me/blog/feed
[2025-09-27 20:01:56] - https://www.mrhe.net/feed
[2025-09-27 20:01:56] - https://www.douban.com/feed/review/book
[2025-09-27 21:01:57] 本次订阅抓取结果统计:
[2025-09-27 21:01:57] 共 60 条RSS, 成功抓取 54 条.
[2025-09-27 21:01:57] ✘ 有 5 条订阅解析失败:
[2025-09-27 21:01:57] - https://tumutanzi.com/feed
[2025-09-27 21:01:57] - https://tcxx.info/feed
[2025-09-27 21:01:57] - https://geekinney.com/index.xml
[2025-09-27 21:01:57] - https://yinwang1.substack.com/feed
[2025-09-27 21:01:57] - https://botanwang.com/rss.xml
[2025-09-27 21:01:57] ✘ 有 1 条订阅为空:
[2025-09-27 21:01:57] - http://feeds.feedburner.com/zhihu-daily
[2025-09-27 21:01:57] ✘ 有 1 条订阅头像字段为空, 已使用默认头像:
[2025-09-27 21:01:57] - https://feed.cnblogs.com/blog/u/66551/rss/
[2025-09-27 21:01:57] ✘ 有 7 条订阅头像无法访问, 已使用默认头像:
[2025-09-27 21:01:57] - http://feeds.feedburner.com/ruanyifeng
[2025-09-27 21:01:57] - https://www.loyhome.com/feed
[2025-09-27 21:01:57] - https://a4.zyzhang.com/index.xml
[2025-09-27 21:01:57] - https://laike9m.com/blog/rss/
[2025-09-27 21:01:57] - https://skywind.me/blog/feed
[2025-09-27 21:01:57] - https://www.mrhe.net/feed
[2025-09-27 21:01:57] - https://www.douban.com/feed/review/book
