[2025-10-13 00:04:35] 抓取到的文章与现有数据相同，无需更新。
[2025-10-13 01:29:28] 本次订阅抓取结果统计:
[2025-10-13 01:29:28] 共 60 条RSS, 成功抓取 52 条.
[2025-10-13 01:29:28] ✘ 有 7 条订阅解析失败:
[2025-10-13 01:29:28] - https://tumutanzi.com/feed
[2025-10-13 01:29:28] - https://tcxx.info/feed
[2025-10-13 01:29:28] - https://geekinney.com/index.xml
[2025-10-13 01:29:28] - https://suus.me/index.xml
[2025-10-13 01:29:28] - https://yinwang1.substack.com/feed
[2025-10-13 01:29:28] - https://skywind.me/blog/feed
[2025-10-13 01:29:28] - https://botanwang.com/rss.xml
[2025-10-13 01:29:28] ✘ 有 1 条订阅为空:
[2025-10-13 01:29:28] - http://feeds.feedburner.com/zhihu-daily
[2025-10-13 01:29:28] ✘ 有 1 条订阅头像字段为空, 已使用默认头像:
[2025-10-13 01:29:28] - https://feed.cnblogs.com/blog/u/66551/rss/
[2025-10-13 01:29:28] ✘ 有 6 条订阅头像无法访问, 已使用默认头像:
[2025-10-13 01:29:28] - http://feeds.feedburner.com/ruanyifeng
[2025-10-13 01:29:28] - https://www.loyhome.com/feed
[2025-10-13 01:29:28] - https://a4.zyzhang.com/index.xml
[2025-10-13 01:29:28] - https://laike9m.com/blog/rss/
[2025-10-13 01:29:28] - https://www.douban.com/feed/review/book
[2025-10-13 01:29:28] - https://www.mrhe.net/feed
[2025-10-13 02:30:02] 抓取到的文章与现有数据相同，无需更新。
[2025-10-13 03:19:42] 本次订阅抓取结果统计:
[2025-10-13 03:19:42] 共 60 条RSS, 成功抓取 52 条.
[2025-10-13 03:19:42] ✘ 有 7 条订阅解析失败:
[2025-10-13 03:19:42] - https://tumutanzi.com/feed
[2025-10-13 03:19:42] - https://tcxx.info/feed
[2025-10-13 03:19:42] - https://geekinney.com/index.xml
[2025-10-13 03:19:42] - https://suus.me/index.xml
[2025-10-13 03:19:42] - https://yinwang1.substack.com/feed
[2025-10-13 03:19:42] - https://skywind.me/blog/feed
[2025-10-13 03:19:42] - https://botanwang.com/rss.xml
[2025-10-13 03:19:42] ✘ 有 1 条订阅为空:
[2025-10-13 03:19:42] - http://feeds.feedburner.com/zhihu-daily
[2025-10-13 03:19:42] ✘ 有 1 条订阅头像字段为空, 已使用默认头像:
[2025-10-13 03:19:42] - https://feed.cnblogs.com/blog/u/66551/rss/
[2025-10-13 03:19:42] ✘ 有 6 条订阅头像无法访问, 已使用默认头像:
[2025-10-13 03:19:42] - http://feeds.feedburner.com/ruanyifeng
[2025-10-13 03:19:42] - https://www.loyhome.com/feed
[2025-10-13 03:19:42] - https://a4.zyzhang.com/index.xml
[2025-10-13 03:19:42] - https://laike9m.com/blog/rss/
[2025-10-13 03:19:42] - https://www.douban.com/feed/review/book
[2025-10-13 03:19:42] - https://www.mrhe.net/feed
[2025-10-13 04:02:16] 抓取到的文章与现有数据相同，无需更新。
[2025-10-13 05:02:00] 本次订阅抓取结果统计:
[2025-10-13 05:02:00] 共 60 条RSS, 成功抓取 51 条.
[2025-10-13 05:02:00] ✘ 有 8 条订阅解析失败:
[2025-10-13 05:02:00] - https://tcxx.info/feed
[2025-10-13 05:02:00] - https://tumutanzi.com/feed
[2025-10-13 05:02:00] - https://geekinney.com/index.xml
[2025-10-13 05:02:00] - https://suus.me/index.xml
[2025-10-13 05:02:00] - https://yinwang1.substack.com/feed
[2025-10-13 05:02:00] - https://skywind.me/blog/feed
[2025-10-13 05:02:00] - https://botanwang.com/rss.xml
[2025-10-13 05:02:00] - https://www.douban.com/feed/review/book
[2025-10-13 05:02:00] ✘ 有 1 条订阅为空:
[2025-10-13 05:02:00] - http://feeds.feedburner.com/zhihu-daily
[2025-10-13 05:02:00] ✘ 有 1 条订阅头像字段为空, 已使用默认头像:
[2025-10-13 05:02:00] - https://feed.cnblogs.com/blog/u/66551/rss/
[2025-10-13 05:02:00] ✘ 有 5 条订阅头像无法访问, 已使用默认头像:
[2025-10-13 05:02:00] - http://feeds.feedburner.com/ruanyifeng
[2025-10-13 05:02:00] - https://www.loyhome.com/feed
[2025-10-13 05:02:00] - https://a4.zyzhang.com/index.xml
[2025-10-13 05:02:00] - https://laike9m.com/blog/rss/
[2025-10-13 05:02:00] - https://www.mrhe.net/feed
[2025-10-13 06:02:09] 本次订阅抓取结果统计:
[2025-10-13 06:02:09] 共 60 条RSS, 成功抓取 52 条.
[2025-10-13 06:02:09] ✘ 有 7 条订阅解析失败:
[2025-10-13 06:02:09] - https://tcxx.info/feed
[2025-10-13 06:02:09] - https://tumutanzi.com/feed
[2025-10-13 06:02:09] - https://geekinney.com/index.xml
[2025-10-13 06:02:09] - https://suus.me/index.xml
[2025-10-13 06:02:09] - https://yinwang1.substack.com/feed
[2025-10-13 06:02:09] - https://botanwang.com/rss.xml
[2025-10-13 06:02:09] - https://skywind.me/blog/feed
[2025-10-13 06:02:09] ✘ 有 1 条订阅为空:
[2025-10-13 06:02:09] - http://feeds.feedburner.com/zhihu-daily
[2025-10-13 06:02:09] ✘ 有 1 条订阅头像字段为空, 已使用默认头像:
[2025-10-13 06:02:09] - https://feed.cnblogs.com/blog/u/66551/rss/
[2025-10-13 06:02:09] ✘ 有 6 条订阅头像无法访问, 已使用默认头像:
[2025-10-13 06:02:09] - http://feeds.feedburner.com/ruanyifeng
[2025-10-13 06:02:09] - https://www.loyhome.com/feed
[2025-10-13 06:02:09] - https://a4.zyzhang.com/index.xml
[2025-10-13 06:02:09] - https://laike9m.com/blog/rss/
[2025-10-13 06:02:09] - https://www.douban.com/feed/review/book
[2025-10-13 06:02:09] - https://www.mrhe.net/feed
[2025-10-13 07:01:55] 本次订阅抓取结果统计:
[2025-10-13 07:01:55] 共 60 条RSS, 成功抓取 52 条.
[2025-10-13 07:01:55] ✘ 有 7 条订阅解析失败:
[2025-10-13 07:01:55] - https://tcxx.info/feed
[2025-10-13 07:01:55] - https://tumutanzi.com/feed
[2025-10-13 07:01:55] - https://geekinney.com/index.xml
[2025-10-13 07:01:55] - https://suus.me/index.xml
[2025-10-13 07:01:55] - https://yinwang1.substack.com/feed
[2025-10-13 07:01:55] - https://botanwang.com/rss.xml
[2025-10-13 07:01:55] - https://skywind.me/blog/feed
[2025-10-13 07:01:55] ✘ 有 1 条订阅为空:
[2025-10-13 07:01:55] - http://feeds.feedburner.com/zhihu-daily
[2025-10-13 07:01:55] ✘ 有 1 条订阅头像字段为空, 已使用默认头像:
[2025-10-13 07:01:55] - https://feed.cnblogs.com/blog/u/66551/rss/
[2025-10-13 07:01:55] ✘ 有 6 条订阅头像无法访问, 已使用默认头像:
[2025-10-13 07:01:55] - http://feeds.feedburner.com/ruanyifeng
[2025-10-13 07:01:55] - https://www.loyhome.com/feed
[2025-10-13 07:01:55] - https://a4.zyzhang.com/index.xml
[2025-10-13 07:01:55] - https://laike9m.com/blog/rss/
[2025-10-13 07:01:55] - https://www.douban.com/feed/review/book
[2025-10-13 07:01:55] - https://www.mrhe.net/feed
[2025-10-13 08:01:55] 抓取到的文章与现有数据相同，无需更新。
[2025-10-13 09:02:01] 本次订阅抓取结果统计:
[2025-10-13 09:02:01] 共 60 条RSS, 成功抓取 52 条.
[2025-10-13 09:02:01] ✘ 有 7 条订阅解析失败:
[2025-10-13 09:02:01] - https://tcxx.info/feed
[2025-10-13 09:02:01] - https://tumutanzi.com/feed
[2025-10-13 09:02:01] - https://suus.me/index.xml
[2025-10-13 09:02:01] - https://geekinney.com/index.xml
[2025-10-13 09:02:01] - https://yinwang1.substack.com/feed
[2025-10-13 09:02:01] - https://skywind.me/blog/feed
[2025-10-13 09:02:01] - https://botanwang.com/rss.xml
[2025-10-13 09:02:01] ✘ 有 1 条订阅为空:
[2025-10-13 09:02:01] - http://feeds.feedburner.com/zhihu-daily
[2025-10-13 09:02:01] ✘ 有 1 条订阅头像字段为空, 已使用默认头像:
[2025-10-13 09:02:01] - https://feed.cnblogs.com/blog/u/66551/rss/
[2025-10-13 09:02:01] ✘ 有 6 条订阅头像无法访问, 已使用默认头像:
[2025-10-13 09:02:01] - http://feeds.feedburner.com/ruanyifeng
[2025-10-13 09:02:01] - https://www.loyhome.com/feed
[2025-10-13 09:02:01] - https://a4.zyzhang.com/index.xml
[2025-10-13 09:02:01] - https://laike9m.com/blog/rss/
[2025-10-13 09:02:01] - https://www.douban.com/feed/review/book
[2025-10-13 09:02:01] - https://www.mrhe.net/feed
[2025-10-13 10:02:05] 本次订阅抓取结果统计:
[2025-10-13 10:02:05] 共 60 条RSS, 成功抓取 51 条.
[2025-10-13 10:02:05] ✘ 有 8 条订阅解析失败:
[2025-10-13 10:02:05] - https://tcxx.info/feed
[2025-10-13 10:02:05] - https://tumutanzi.com/feed
[2025-10-13 10:02:05] - https://geekinney.com/index.xml
[2025-10-13 10:02:05] - https://suus.me/index.xml
[2025-10-13 10:02:05] - https://yinwang1.substack.com/feed
[2025-10-13 10:02:05] - https://botanwang.com/rss.xml
[2025-10-13 10:02:05] - https://skywind.me/blog/feed
[2025-10-13 10:02:05] - https://www.laomuzhu.cn/feed/
[2025-10-13 10:02:05] ✘ 有 1 条订阅为空:
[2025-10-13 10:02:05] - http://feeds.feedburner.com/zhihu-daily
[2025-10-13 10:02:05] ✘ 有 1 条订阅头像字段为空, 已使用默认头像:
[2025-10-13 10:02:05] - https://feed.cnblogs.com/blog/u/66551/rss/
[2025-10-13 10:02:05] ✘ 有 6 条订阅头像无法访问, 已使用默认头像:
[2025-10-13 10:02:05] - http://feeds.feedburner.com/ruanyifeng
[2025-10-13 10:02:05] - https://www.loyhome.com/feed
[2025-10-13 10:02:05] - https://a4.zyzhang.com/index.xml
[2025-10-13 10:02:05] - https://laike9m.com/blog/rss/
[2025-10-13 10:02:05] - https://www.mrhe.net/feed
[2025-10-13 10:02:05] - https://www.douban.com/feed/review/book
[2025-10-13 11:01:39] 本次订阅抓取结果统计:
[2025-10-13 11:01:39] 共 60 条RSS, 成功抓取 52 条.
[2025-10-13 11:01:39] ✘ 有 7 条订阅解析失败:
[2025-10-13 11:01:39] - https://tcxx.info/feed
[2025-10-13 11:01:39] - https://tumutanzi.com/feed
[2025-10-13 11:01:39] - https://geekinney.com/index.xml
[2025-10-13 11:01:39] - https://suus.me/index.xml
[2025-10-13 11:01:39] - https://yinwang1.substack.com/feed
[2025-10-13 11:01:39] - https://skywind.me/blog/feed
[2025-10-13 11:01:39] - https://botanwang.com/rss.xml
[2025-10-13 11:01:39] ✘ 有 1 条订阅为空:
[2025-10-13 11:01:39] - http://feeds.feedburner.com/zhihu-daily
[2025-10-13 11:01:39] ✘ 有 1 条订阅头像字段为空, 已使用默认头像:
[2025-10-13 11:01:39] - https://feed.cnblogs.com/blog/u/66551/rss/
[2025-10-13 11:01:39] ✘ 有 6 条订阅头像无法访问, 已使用默认头像:
[2025-10-13 11:01:39] - http://feeds.feedburner.com/ruanyifeng
[2025-10-13 11:01:39] - https://www.loyhome.com/feed
[2025-10-13 11:01:39] - https://a4.zyzhang.com/index.xml
[2025-10-13 11:01:39] - https://laike9m.com/blog/rss/
[2025-10-13 11:01:39] - https://www.mrhe.net/feed
[2025-10-13 11:01:39] - https://www.douban.com/feed/review/book
[2025-10-13 12:02:04] 抓取到的文章与现有数据相同，无需更新。
[2025-10-13 13:11:03] 本次订阅抓取结果统计:
[2025-10-13 13:11:03] 共 60 条RSS, 成功抓取 48 条.
[2025-10-13 13:11:03] ✘ 有 11 条订阅解析失败:
[2025-10-13 13:11:03] - https://tumutanzi.com/feed
[2025-10-13 13:11:03] - https://tcxx.info/feed
[2025-10-13 13:11:03] - https://geekinney.com/index.xml
[2025-10-13 13:11:03] - https://suus.me/index.xml
[2025-10-13 13:11:03] - https://yinwang1.substack.com/feed
[2025-10-13 13:11:03] - https://skywind.me/blog/feed
[2025-10-13 13:11:03] - https://botanwang.com/rss.xml
[2025-10-13 13:11:03] - https://xyzbz.cn/feed
[2025-10-13 13:11:03] - https://oba.by/feed
[2025-10-13 13:11:03] - https://www.douban.com/feed/review/book
[2025-10-13 13:11:03] - https://www.laomuzhu.cn/feed/
[2025-10-13 13:11:03] ✘ 有 1 条订阅为空:
[2025-10-13 13:11:03] - http://feeds.feedburner.com/zhihu-daily
[2025-10-13 13:11:03] ✘ 有 1 条订阅头像字段为空, 已使用默认头像:
[2025-10-13 13:11:03] - https://feed.cnblogs.com/blog/u/66551/rss/
[2025-10-13 13:11:03] ✘ 有 5 条订阅头像无法访问, 已使用默认头像:
[2025-10-13 13:11:03] - https://www.loyhome.com/feed
[2025-10-13 13:11:03] - http://feeds.feedburner.com/ruanyifeng
[2025-10-13 13:11:03] - https://a4.zyzhang.com/index.xml
[2025-10-13 13:11:03] - https://laike9m.com/blog/rss/
[2025-10-13 13:11:03] - https://www.mrhe.net/feed
[2025-10-13 14:01:56] 本次订阅抓取结果统计:
[2025-10-13 14:01:56] 共 60 条RSS, 成功抓取 52 条.
[2025-10-13 14:01:56] ✘ 有 7 条订阅解析失败:
[2025-10-13 14:01:56] - https://tcxx.info/feed
[2025-10-13 14:01:56] - https://tumutanzi.com/feed
[2025-10-13 14:01:56] - https://geekinney.com/index.xml
[2025-10-13 14:01:56] - https://suus.me/index.xml
[2025-10-13 14:01:56] - https://yinwang1.substack.com/feed
[2025-10-13 14:01:56] - https://skywind.me/blog/feed
[2025-10-13 14:01:56] - https://botanwang.com/rss.xml
[2025-10-13 14:01:56] ✘ 有 1 条订阅为空:
[2025-10-13 14:01:56] - http://feeds.feedburner.com/zhihu-daily
[2025-10-13 14:01:56] ✘ 有 1 条订阅头像字段为空, 已使用默认头像:
[2025-10-13 14:01:56] - https://feed.cnblogs.com/blog/u/66551/rss/
[2025-10-13 14:01:56] ✘ 有 6 条订阅头像无法访问, 已使用默认头像:
[2025-10-13 14:01:56] - https://www.loyhome.com/feed
[2025-10-13 14:01:56] - http://feeds.feedburner.com/ruanyifeng
[2025-10-13 14:01:56] - https://a4.zyzhang.com/index.xml
[2025-10-13 14:01:56] - https://laike9m.com/blog/rss/
[2025-10-13 14:01:56] - https://www.mrhe.net/feed
[2025-10-13 14:01:56] - https://www.douban.com/feed/review/book
