[2025-07-09 00:04:14] 本次订阅抓取结果统计:
[2025-07-09 00:04:14] 共 48 条RSS, 成功抓取 47 条.
[2025-07-09 00:04:14] ✘ 有 1 条订阅解析失败:
[2025-07-09 00:04:14] - https://tcxx.info/feed
[2025-07-09 00:04:14] ✘ 有 5 条订阅头像无法访问, 已使用默认头像:
[2025-07-09 00:04:14] - http://feeds.feedburner.com/ruanyifeng
[2025-07-09 00:04:14] - https://www.loyhome.com/feed
[2025-07-09 00:04:14] - https://a4.zyzhang.com/index.xml
[2025-07-09 00:04:14] - https://www.douban.com/feed/review/book
[2025-07-09 00:04:14] - https://feeds.appinn.com/appinns/
[2025-07-09 01:29:36] 本次订阅抓取结果统计:
[2025-07-09 01:29:36] 共 48 条RSS, 成功抓取 47 条.
[2025-07-09 01:29:36] ✘ 有 1 条订阅解析失败:
[2025-07-09 01:29:36] - https://tcxx.info/feed
[2025-07-09 01:29:36] ✘ 有 4 条订阅头像无法访问, 已使用默认头像:
[2025-07-09 01:29:36] - http://feeds.feedburner.com/ruanyifeng
[2025-07-09 01:29:36] - https://www.loyhome.com/feed
[2025-07-09 01:29:36] - https://a4.zyzhang.com/index.xml
[2025-07-09 01:29:36] - https://www.douban.com/feed/review/book
[2025-07-09 02:34:23] 本次订阅抓取结果统计:
[2025-07-09 02:34:23] 共 48 条RSS, 成功抓取 47 条.
[2025-07-09 02:34:23] ✘ 有 1 条订阅解析失败:
[2025-07-09 02:34:23] - https://tcxx.info/feed
[2025-07-09 02:34:23] ✘ 有 5 条订阅头像无法访问, 已使用默认头像:
[2025-07-09 02:34:23] - http://feeds.feedburner.com/ruanyifeng
[2025-07-09 02:34:23] - https://www.loyhome.com/feed
[2025-07-09 02:34:23] - https://a4.zyzhang.com/index.xml
[2025-07-09 02:34:23] - https://www.douban.com/feed/review/book
[2025-07-09 02:34:23] - https://feeds.appinn.com/appinns/
[2025-07-09 03:26:52] 本次订阅抓取结果统计:
[2025-07-09 03:26:52] 共 48 条RSS, 成功抓取 47 条.
[2025-07-09 03:26:52] ✘ 有 1 条订阅解析失败:
[2025-07-09 03:26:52] - https://tcxx.info/feed
[2025-07-09 03:26:52] ✘ 有 4 条订阅头像无法访问, 已使用默认头像:
[2025-07-09 03:26:52] - http://feeds.feedburner.com/ruanyifeng
[2025-07-09 03:26:52] - https://www.loyhome.com/feed
[2025-07-09 03:26:52] - https://a4.zyzhang.com/index.xml
[2025-07-09 03:26:52] - https://www.douban.com/feed/review/book
[2025-07-09 04:10:10] 本次订阅抓取结果统计:
[2025-07-09 04:10:10] 共 48 条RSS, 成功抓取 46 条.
[2025-07-09 04:10:10] ✘ 有 2 条订阅解析失败:
[2025-07-09 04:10:10] - https://blog.fooleap.org/atom.xml
[2025-07-09 04:10:10] - https://tcxx.info/feed
[2025-07-09 04:10:10] ✘ 有 5 条订阅头像无法访问, 已使用默认头像:
[2025-07-09 04:10:10] - https://www.shephe.com/feed
[2025-07-09 04:10:10] - http://feeds.feedburner.com/ruanyifeng
[2025-07-09 04:10:10] - https://www.loyhome.com/feed
[2025-07-09 04:10:10] - https://a4.zyzhang.com/index.xml
[2025-07-09 04:10:10] - https://www.douban.com/feed/review/book
[2025-07-09 05:05:00] 本次订阅抓取结果统计:
[2025-07-09 05:05:00] 共 48 条RSS, 成功抓取 46 条.
[2025-07-09 05:05:00] ✘ 有 2 条订阅解析失败:
[2025-07-09 05:05:00] - https://blog.fooleap.org/atom.xml
[2025-07-09 05:05:00] - https://tcxx.info/feed
[2025-07-09 05:05:00] ✘ 有 5 条订阅头像无法访问, 已使用默认头像:
[2025-07-09 05:05:00] - https://www.shephe.com/feed
[2025-07-09 05:05:00] - http://feeds.feedburner.com/ruanyifeng
[2025-07-09 05:05:00] - https://www.loyhome.com/feed
[2025-07-09 05:05:00] - https://a4.zyzhang.com/index.xml
[2025-07-09 05:05:00] - https://www.douban.com/feed/review/book
