[2025-03-31 01:20:43] 本次订阅抓取结果统计:
[2025-03-31 01:20:43] 共 28 条RSS, 成功抓取 25 条.
[2025-03-31 01:20:43] ✘ 有 3 条订阅解析失败:
[2025-03-31 01:20:43] - https://tcxx.info/feed
[2025-03-31 01:20:43] - https://geekinney.com/index.xml
[2025-03-31 01:20:43] - https://limboy.me/index.xml
[2025-03-31 01:20:43] ✘ 有 2 条订阅头像无法访问, 已使用默认头像:
[2025-03-31 01:20:43] - http://feeds.feedburner.com/ruanyifeng
[2025-03-31 01:20:43] - https://www.loyhome.com/feed
[2025-03-31 03:04:21] 本次订阅抓取结果统计:
[2025-03-31 03:04:21] 共 28 条RSS, 成功抓取 26 条.
[2025-03-31 03:04:21] ✘ 有 2 条订阅解析失败:
[2025-03-31 03:04:21] - https://geekinney.com/index.xml
[2025-03-31 03:04:21] - https://limboy.me/index.xml
[2025-03-31 03:04:21] ✘ 有 2 条订阅头像无法访问, 已使用默认头像:
[2025-03-31 03:04:21] - http://feeds.feedburner.com/ruanyifeng
[2025-03-31 03:04:21] - https://www.loyhome.com/feed
[2025-03-31 04:20:34] 本次订阅抓取结果统计:
[2025-03-31 04:20:34] 共 28 条RSS, 成功抓取 26 条.
[2025-03-31 04:20:34] ✘ 有 2 条订阅解析失败:
[2025-03-31 04:20:34] - https://geekinney.com/index.xml
[2025-03-31 04:20:34] - https://limboy.me/index.xml
[2025-03-31 04:20:34] ✘ 有 2 条订阅头像无法访问, 已使用默认头像:
[2025-03-31 04:20:34] - https://www.loyhome.com/feed
[2025-03-31 04:20:34] - http://feeds.feedburner.com/ruanyifeng
[2025-03-31 05:17:35] 本次订阅抓取结果统计:
[2025-03-31 05:17:35] 共 28 条RSS, 成功抓取 25 条.
[2025-03-31 05:17:35] ✘ 有 3 条订阅解析失败:
[2025-03-31 05:17:35] - https://tcxx.info/feed
[2025-03-31 05:17:35] - https://limboy.me/index.xml
[2025-03-31 05:17:35] - https://geekinney.com/index.xml
[2025-03-31 05:17:35] ✘ 有 2 条订阅头像无法访问, 已使用默认头像:
[2025-03-31 05:17:35] - http://feeds.feedburner.com/ruanyifeng
[2025-03-31 05:17:35] - https://www.loyhome.com/feed
