[2025-06-03 00:04:15] 抓取到的文章与现有数据相同，无需更新。
[2025-06-03 01:29:41] 本次订阅抓取结果统计:
[2025-06-03 01:29:41] 共 45 条RSS, 成功抓取 43 条.
[2025-06-03 01:29:41] ✘ 有 2 条订阅解析失败:
[2025-06-03 01:29:41] - https://www.shephe.com/feed
[2025-06-03 01:29:41] - https://tcxx.info/feed
[2025-06-03 01:29:41] ✘ 有 3 条订阅头像无法访问, 已使用默认头像:
[2025-06-03 01:29:41] - https://www.loyhome.com/feed
[2025-06-03 01:29:41] - http://feeds.feedburner.com/ruanyifeng
[2025-06-03 01:29:41] - https://www.douban.com/feed/review/book
[2025-06-03 02:31:42] 本次订阅抓取结果统计:
[2025-06-03 02:31:42] 共 45 条RSS, 成功抓取 42 条.
[2025-06-03 02:31:42] ✘ 有 3 条订阅解析失败:
[2025-06-03 02:31:42] - https://www.shephe.com/feed
[2025-06-03 02:31:42] - https://oba.by/feed
[2025-06-03 02:31:42] - https://tcxx.info/feed
[2025-06-03 02:31:42] ✘ 有 4 条订阅头像无法访问, 已使用默认头像:
[2025-06-03 02:31:42] - https://www.loyhome.com/feed
[2025-06-03 02:31:42] - http://feeds.feedburner.com/ruanyifeng
[2025-06-03 02:31:42] - https://www.douban.com/feed/review/book
[2025-06-03 02:31:42] - https://feeds.appinn.com/appinns/
[2025-06-03 03:22:08] 本次订阅抓取结果统计:
[2025-06-03 03:22:08] 共 45 条RSS, 成功抓取 43 条.
[2025-06-03 03:22:08] ✘ 有 2 条订阅解析失败:
[2025-06-03 03:22:08] - https://www.shephe.com/feed
[2025-06-03 03:22:08] - https://tcxx.info/feed
[2025-06-03 03:22:08] ✘ 有 5 条订阅头像无法访问, 已使用默认头像:
[2025-06-03 03:22:08] - http://feeds.feedburner.com/ruanyifeng
[2025-06-03 03:22:08] - https://www.loyhome.com/feed
[2025-06-03 03:22:08] - https://oba.by/feed
[2025-06-03 03:22:08] - https://www.douban.com/feed/review/book
[2025-06-03 03:22:08] - https://feeds.appinn.com/appinns/
[2025-06-03 04:09:15] 本次订阅抓取结果统计:
[2025-06-03 04:09:15] 共 45 条RSS, 成功抓取 43 条.
[2025-06-03 04:09:15] ✘ 有 2 条订阅解析失败:
[2025-06-03 04:09:15] - https://tcxx.info/feed
[2025-06-03 04:09:15] - https://www.shephe.com/feed
[2025-06-03 04:09:15] ✘ 有 4 条订阅头像无法访问, 已使用默认头像:
[2025-06-03 04:09:15] - http://feeds.feedburner.com/ruanyifeng
[2025-06-03 04:09:15] - https://www.loyhome.com/feed
[2025-06-03 04:09:15] - https://oba.by/feed
[2025-06-03 04:09:15] - https://www.douban.com/feed/review/book
[2025-06-03 05:02:36] 本次订阅抓取结果统计:
[2025-06-03 05:02:36] 共 45 条RSS, 成功抓取 43 条.
[2025-06-03 05:02:36] ✘ 有 2 条订阅解析失败:
[2025-06-03 05:02:36] - https://tcxx.info/feed
[2025-06-03 05:02:36] - https://www.shephe.com/feed
[2025-06-03 05:02:36] ✘ 有 5 条订阅头像无法访问, 已使用默认头像:
[2025-06-03 05:02:36] - https://www.loyhome.com/feed
[2025-06-03 05:02:36] - https://oba.by/feed
[2025-06-03 05:02:36] - http://feeds.feedburner.com/ruanyifeng
[2025-06-03 05:02:36] - https://www.douban.com/feed/review/book
[2025-06-03 05:02:36] - https://feeds.appinn.com/appinns/
[2025-06-03 06:03:01] 本次订阅抓取结果统计:
[2025-06-03 06:03:01] 共 45 条RSS, 成功抓取 43 条.
[2025-06-03 06:03:01] ✘ 有 2 条订阅解析失败:
[2025-06-03 06:03:01] - https://tcxx.info/feed
[2025-06-03 06:03:01] - https://www.shephe.com/feed
[2025-06-03 06:03:01] ✘ 有 5 条订阅头像无法访问, 已使用默认头像:
[2025-06-03 06:03:01] - http://feeds.feedburner.com/ruanyifeng
[2025-06-03 06:03:01] - https://www.loyhome.com/feed
[2025-06-03 06:03:01] - https://oba.by/feed
[2025-06-03 06:03:01] - https://www.douban.com/feed/review/book
[2025-06-03 06:03:01] - https://feeds.appinn.com/appinns/
[2025-06-03 07:02:49] 本次订阅抓取结果统计:
[2025-06-03 07:02:49] 共 45 条RSS, 成功抓取 43 条.
[2025-06-03 07:02:49] ✘ 有 2 条订阅解析失败:
[2025-06-03 07:02:49] - https://tcxx.info/feed
[2025-06-03 07:02:49] - https://www.shephe.com/feed
[2025-06-03 07:02:49] ✘ 有 5 条订阅头像无法访问, 已使用默认头像:
[2025-06-03 07:02:49] - https://www.loyhome.com/feed
[2025-06-03 07:02:49] - http://feeds.feedburner.com/ruanyifeng
[2025-06-03 07:02:49] - https://oba.by/feed
[2025-06-03 07:02:49] - https://www.douban.com/feed/review/book
[2025-06-03 07:02:49] - https://feeds.appinn.com/appinns/
[2025-06-03 08:03:01] 本次订阅抓取结果统计:
[2025-06-03 08:03:01] 共 45 条RSS, 成功抓取 43 条.
[2025-06-03 08:03:01] ✘ 有 2 条订阅解析失败:
[2025-06-03 08:03:01] - https://tcxx.info/feed
[2025-06-03 08:03:01] - https://www.shephe.com/feed
[2025-06-03 08:03:01] ✘ 有 5 条订阅头像无法访问, 已使用默认头像:
[2025-06-03 08:03:01] - https://www.loyhome.com/feed
[2025-06-03 08:03:01] - http://feeds.feedburner.com/ruanyifeng
[2025-06-03 08:03:01] - https://oba.by/feed
[2025-06-03 08:03:01] - https://feeds.appinn.com/appinns/
[2025-06-03 08:03:01] - https://www.douban.com/feed/review/book
[2025-06-03 09:02:55] 本次订阅抓取结果统计:
[2025-06-03 09:02:55] 共 45 条RSS, 成功抓取 43 条.
[2025-06-03 09:02:55] ✘ 有 2 条订阅解析失败:
[2025-06-03 09:02:55] - https://tcxx.info/feed
[2025-06-03 09:02:55] - https://www.shephe.com/feed
[2025-06-03 09:02:55] ✘ 有 4 条订阅头像无法访问, 已使用默认头像:
[2025-06-03 09:02:55] - http://feeds.feedburner.com/ruanyifeng
[2025-06-03 09:02:55] - https://www.loyhome.com/feed
[2025-06-03 09:02:55] - https://www.douban.com/feed/review/book
[2025-06-03 09:02:55] - https://feeds.appinn.com/appinns/
[2025-06-03 10:02:39] 本次订阅抓取结果统计:
[2025-06-03 10:02:39] 共 45 条RSS, 成功抓取 43 条.
[2025-06-03 10:02:39] ✘ 有 2 条订阅解析失败:
[2025-06-03 10:02:39] - https://tcxx.info/feed
[2025-06-03 10:02:39] - https://www.shephe.com/feed
[2025-06-03 10:02:39] ✘ 有 3 条订阅头像无法访问, 已使用默认头像:
[2025-06-03 10:02:39] - https://www.loyhome.com/feed
[2025-06-03 10:02:39] - http://feeds.feedburner.com/ruanyifeng
[2025-06-03 10:02:39] - https://www.douban.com/feed/review/book
[2025-06-03 11:02:54] 本次订阅抓取结果统计:
[2025-06-03 11:02:54] 共 45 条RSS, 成功抓取 43 条.
[2025-06-03 11:02:54] ✘ 有 2 条订阅解析失败:
[2025-06-03 11:02:54] - https://tcxx.info/feed
[2025-06-03 11:02:54] - https://www.shephe.com/feed
[2025-06-03 11:02:54] ✘ 有 4 条订阅头像无法访问, 已使用默认头像:
[2025-06-03 11:02:54] - http://feeds.feedburner.com/ruanyifeng
[2025-06-03 11:02:54] - https://www.loyhome.com/feed
[2025-06-03 11:02:54] - https://www.douban.com/feed/review/book
[2025-06-03 11:02:54] - https://feeds.appinn.com/appinns/
[2025-06-03 12:03:11] 本次订阅抓取结果统计:
[2025-06-03 12:03:11] 共 45 条RSS, 成功抓取 43 条.
[2025-06-03 12:03:11] ✘ 有 2 条订阅解析失败:
[2025-06-03 12:03:11] - https://tcxx.info/feed
[2025-06-03 12:03:11] - https://www.shephe.com/feed
[2025-06-03 12:03:11] ✘ 有 4 条订阅头像无法访问, 已使用默认头像:
[2025-06-03 12:03:11] - http://feeds.feedburner.com/ruanyifeng
[2025-06-03 12:03:11] - https://www.douban.com/feed/review/book
[2025-06-03 12:03:11] - https://feeds.appinn.com/appinns/
[2025-06-03 12:03:11] - https://www.loyhome.com/feed
[2025-06-03 13:12:41] 本次订阅抓取结果统计:
[2025-06-03 13:12:41] 共 45 条RSS, 成功抓取 43 条.
[2025-06-03 13:12:41] ✘ 有 2 条订阅解析失败:
[2025-06-03 13:12:41] - https://tcxx.info/feed
[2025-06-03 13:12:41] - https://www.shephe.com/feed
[2025-06-03 13:12:41] ✘ 有 3 条订阅头像无法访问, 已使用默认头像:
[2025-06-03 13:12:41] - http://feeds.feedburner.com/ruanyifeng
[2025-06-03 13:12:41] - https://www.loyhome.com/feed
[2025-06-03 13:12:41] - https://www.douban.com/feed/review/book
[2025-06-03 14:16:25] 本次订阅抓取结果统计:
[2025-06-03 14:16:25] 共 45 条RSS, 成功抓取 43 条.
[2025-06-03 14:16:25] ✘ 有 2 条订阅解析失败:
[2025-06-03 14:16:25] - https://tcxx.info/feed
[2025-06-03 14:16:25] - https://www.shephe.com/feed
[2025-06-03 14:16:25] ✘ 有 4 条订阅头像无法访问, 已使用默认头像:
[2025-06-03 14:16:25] - http://feeds.feedburner.com/ruanyifeng
[2025-06-03 14:16:25] - https://www.loyhome.com/feed
[2025-06-03 14:16:25] - https://www.douban.com/feed/review/book
[2025-06-03 14:16:25] - https://feeds.appinn.com/appinns/
[2025-06-03 15:03:38] 本次订阅抓取结果统计:
[2025-06-03 15:03:38] 共 45 条RSS, 成功抓取 43 条.
[2025-06-03 15:03:38] ✘ 有 2 条订阅解析失败:
[2025-06-03 15:03:38] - https://tcxx.info/feed
[2025-06-03 15:03:38] - https://www.shephe.com/feed
[2025-06-03 15:03:38] ✘ 有 4 条订阅头像无法访问, 已使用默认头像:
[2025-06-03 15:03:38] - http://feeds.feedburner.com/ruanyifeng
[2025-06-03 15:03:38] - https://www.loyhome.com/feed
[2025-06-03 15:03:38] - https://www.douban.com/feed/review/book
[2025-06-03 15:03:38] - https://feeds.appinn.com/appinns/
