[2025-08-27 00:04:29] 抓取到的文章与现有数据相同，无需更新。
[2025-08-27 01:29:21] 本次订阅抓取结果统计:
[2025-08-27 01:29:21] 共 57 条RSS, 成功抓取 52 条.
[2025-08-27 01:29:21] ✘ 有 5 条订阅解析失败:
[2025-08-27 01:29:21] - https://tcxx.info/feed
[2025-08-27 01:29:21] - https://tumutanzi.com/feed
[2025-08-27 01:29:21] - https://geekinney.com/index.xml
[2025-08-27 01:29:21] - https://yinwang1.substack.com/feed
[2025-08-27 01:29:21] - https://botanwang.com/rss.xml
[2025-08-27 01:29:21] ✘ 有 1 条订阅头像字段为空, 已使用默认头像:
[2025-08-27 01:29:21] - https://feed.cnblogs.com/blog/u/66551/rss/
[2025-08-27 01:29:21] ✘ 有 7 条订阅头像无法访问, 已使用默认头像:
[2025-08-27 01:29:21] - https://www.loyhome.com/feed
[2025-08-27 01:29:21] - http://feeds.feedburner.com/ruanyifeng
[2025-08-27 01:29:21] - https://a4.zyzhang.com/index.xml
[2025-08-27 01:29:21] - https://www.geedea.pro/index.xml
[2025-08-27 01:29:21] - https://skywind.me/blog/feed
[2025-08-27 01:29:21] - https://laike9m.com/blog/rss/
[2025-08-27 01:29:21] - https://www.douban.com/feed/review/book
[2025-08-27 02:28:46] 本次订阅抓取结果统计:
[2025-08-27 02:28:46] 共 57 条RSS, 成功抓取 52 条.
[2025-08-27 02:28:46] ✘ 有 5 条订阅解析失败:
[2025-08-27 02:28:46] - https://tumutanzi.com/feed
[2025-08-27 02:28:46] - https://tcxx.info/feed
[2025-08-27 02:28:46] - https://geekinney.com/index.xml
[2025-08-27 02:28:46] - https://yinwang1.substack.com/feed
[2025-08-27 02:28:46] - https://botanwang.com/rss.xml
[2025-08-27 02:28:46] ✘ 有 1 条订阅头像字段为空, 已使用默认头像:
[2025-08-27 02:28:46] - https://feed.cnblogs.com/blog/u/66551/rss/
[2025-08-27 02:28:46] ✘ 有 7 条订阅头像无法访问, 已使用默认头像:
[2025-08-27 02:28:46] - https://www.loyhome.com/feed
[2025-08-27 02:28:46] - http://feeds.feedburner.com/ruanyifeng
[2025-08-27 02:28:46] - https://a4.zyzhang.com/index.xml
[2025-08-27 02:28:46] - https://www.geedea.pro/index.xml
[2025-08-27 02:28:46] - https://skywind.me/blog/feed
[2025-08-27 02:28:46] - https://laike9m.com/blog/rss/
[2025-08-27 02:28:46] - https://www.douban.com/feed/review/book
[2025-08-27 03:16:03] 抓取到的文章与现有数据相同，无需更新。
[2025-08-27 04:02:33] 本次订阅抓取结果统计:
[2025-08-27 04:02:33] 共 57 条RSS, 成功抓取 51 条.
[2025-08-27 04:02:33] ✘ 有 6 条订阅解析失败:
[2025-08-27 04:02:33] - https://tcxx.info/feed
[2025-08-27 04:02:33] - https://tumutanzi.com/feed
[2025-08-27 04:02:33] - https://geekinney.com/index.xml
[2025-08-27 04:02:33] - https://yinwang1.substack.com/feed
[2025-08-27 04:02:33] - https://botanwang.com/rss.xml
[2025-08-27 04:02:33] - https://diygod.cc/feed
[2025-08-27 04:02:33] ✘ 有 1 条订阅头像字段为空, 已使用默认头像:
[2025-08-27 04:02:33] - https://feed.cnblogs.com/blog/u/66551/rss/
[2025-08-27 04:02:33] ✘ 有 7 条订阅头像无法访问, 已使用默认头像:
[2025-08-27 04:02:33] - http://feeds.feedburner.com/ruanyifeng
[2025-08-27 04:02:33] - https://www.loyhome.com/feed
[2025-08-27 04:02:33] - https://a4.zyzhang.com/index.xml
[2025-08-27 04:02:33] - https://www.geedea.pro/index.xml
[2025-08-27 04:02:33] - https://skywind.me/blog/feed
[2025-08-27 04:02:33] - https://laike9m.com/blog/rss/
[2025-08-27 04:02:33] - https://www.douban.com/feed/review/book
[2025-08-27 05:02:08] 本次订阅抓取结果统计:
[2025-08-27 05:02:08] 共 57 条RSS, 成功抓取 52 条.
[2025-08-27 05:02:08] ✘ 有 5 条订阅解析失败:
[2025-08-27 05:02:08] - https://tcxx.info/feed
[2025-08-27 05:02:08] - https://tumutanzi.com/feed
[2025-08-27 05:02:08] - https://geekinney.com/index.xml
[2025-08-27 05:02:08] - https://yinwang1.substack.com/feed
[2025-08-27 05:02:08] - https://botanwang.com/rss.xml
[2025-08-27 05:02:08] ✘ 有 1 条订阅头像字段为空, 已使用默认头像:
[2025-08-27 05:02:08] - https://feed.cnblogs.com/blog/u/66551/rss/
[2025-08-27 05:02:08] ✘ 有 7 条订阅头像无法访问, 已使用默认头像:
[2025-08-27 05:02:08] - http://feeds.feedburner.com/ruanyifeng
[2025-08-27 05:02:08] - https://www.loyhome.com/feed
[2025-08-27 05:02:08] - https://a4.zyzhang.com/index.xml
[2025-08-27 05:02:08] - https://www.geedea.pro/index.xml
[2025-08-27 05:02:08] - https://laike9m.com/blog/rss/
[2025-08-27 05:02:08] - https://skywind.me/blog/feed
[2025-08-27 05:02:08] - https://www.douban.com/feed/review/book
[2025-08-27 06:02:28] 抓取到的文章与现有数据相同，无需更新。
[2025-08-27 07:01:43] 抓取到的文章与现有数据相同，无需更新。
[2025-08-27 08:01:51] 本次订阅抓取结果统计:
[2025-08-27 08:01:51] 共 57 条RSS, 成功抓取 51 条.
[2025-08-27 08:01:51] ✘ 有 5 条订阅解析失败:
[2025-08-27 08:01:51] - https://tcxx.info/feed
[2025-08-27 08:01:51] - https://tumutanzi.com/feed
[2025-08-27 08:01:51] - https://geekinney.com/index.xml
[2025-08-27 08:01:51] - https://yinwang1.substack.com/feed
[2025-08-27 08:01:51] - https://botanwang.com/rss.xml
[2025-08-27 08:01:51] ✘ 有 1 条订阅为空:
[2025-08-27 08:01:51] - https://diygod.cc/feed
[2025-08-27 08:01:51] ✘ 有 1 条订阅头像字段为空, 已使用默认头像:
[2025-08-27 08:01:51] - https://feed.cnblogs.com/blog/u/66551/rss/
[2025-08-27 08:01:51] ✘ 有 7 条订阅头像无法访问, 已使用默认头像:
[2025-08-27 08:01:51] - http://feeds.feedburner.com/ruanyifeng
[2025-08-27 08:01:51] - https://www.loyhome.com/feed
[2025-08-27 08:01:51] - https://a4.zyzhang.com/index.xml
[2025-08-27 08:01:51] - https://www.geedea.pro/index.xml
[2025-08-27 08:01:51] - https://skywind.me/blog/feed
[2025-08-27 08:01:51] - https://laike9m.com/blog/rss/
[2025-08-27 08:01:51] - https://www.douban.com/feed/review/book
[2025-08-27 09:02:17] 本次订阅抓取结果统计:
[2025-08-27 09:02:17] 共 57 条RSS, 成功抓取 52 条.
[2025-08-27 09:02:17] ✘ 有 5 条订阅解析失败:
[2025-08-27 09:02:17] - https://tumutanzi.com/feed
[2025-08-27 09:02:17] - https://geekinney.com/index.xml
[2025-08-27 09:02:17] - https://tcxx.info/feed
[2025-08-27 09:02:17] - https://yinwang1.substack.com/feed
[2025-08-27 09:02:17] - https://botanwang.com/rss.xml
[2025-08-27 09:02:17] ✘ 有 1 条订阅头像字段为空, 已使用默认头像:
[2025-08-27 09:02:17] - https://feed.cnblogs.com/blog/u/66551/rss/
[2025-08-27 09:02:17] ✘ 有 7 条订阅头像无法访问, 已使用默认头像:
[2025-08-27 09:02:17] - http://feeds.feedburner.com/ruanyifeng
[2025-08-27 09:02:17] - https://a4.zyzhang.com/index.xml
[2025-08-27 09:02:17] - https://www.geedea.pro/index.xml
[2025-08-27 09:02:17] - https://laike9m.com/blog/rss/
[2025-08-27 09:02:17] - https://skywind.me/blog/feed
[2025-08-27 09:02:17] - https://www.douban.com/feed/review/book
[2025-08-27 09:02:17] - https://www.loyhome.com/feed
[2025-08-27 10:01:47] 抓取到的文章与现有数据相同，无需更新。
[2025-08-27 11:01:42] 抓取到的文章与现有数据相同，无需更新。
[2025-08-27 12:01:59] 抓取到的文章与现有数据相同，无需更新。
[2025-08-27 13:10:45] 抓取到的文章与现有数据相同，无需更新。
[2025-08-27 14:02:09] 抓取到的文章与现有数据相同，无需更新。
[2025-08-27 15:02:10] 本次订阅抓取结果统计:
[2025-08-27 15:02:10] 共 57 条RSS, 成功抓取 52 条.
[2025-08-27 15:02:10] ✘ 有 5 条订阅解析失败:
[2025-08-27 15:02:10] - https://tumutanzi.com/feed
[2025-08-27 15:02:10] - https://tcxx.info/feed
[2025-08-27 15:02:10] - https://geekinney.com/index.xml
[2025-08-27 15:02:10] - https://yinwang1.substack.com/feed
[2025-08-27 15:02:10] - https://botanwang.com/rss.xml
[2025-08-27 15:02:10] ✘ 有 1 条订阅头像字段为空, 已使用默认头像:
[2025-08-27 15:02:10] - https://feed.cnblogs.com/blog/u/66551/rss/
[2025-08-27 15:02:10] ✘ 有 7 条订阅头像无法访问, 已使用默认头像:
[2025-08-27 15:02:10] - http://feeds.feedburner.com/ruanyifeng
[2025-08-27 15:02:10] - https://a4.zyzhang.com/index.xml
[2025-08-27 15:02:10] - https://www.geedea.pro/index.xml
[2025-08-27 15:02:10] - https://laike9m.com/blog/rss/
[2025-08-27 15:02:10] - https://skywind.me/blog/feed
[2025-08-27 15:02:10] - https://www.douban.com/feed/review/book
[2025-08-27 15:02:10] - https://www.loyhome.com/feed
[2025-08-27 16:01:52] 本次订阅抓取结果统计:
[2025-08-27 16:01:52] 共 57 条RSS, 成功抓取 52 条.
[2025-08-27 16:01:52] ✘ 有 5 条订阅解析失败:
[2025-08-27 16:01:52] - https://tcxx.info/feed
[2025-08-27 16:01:52] - https://tumutanzi.com/feed
[2025-08-27 16:01:52] - https://geekinney.com/index.xml
[2025-08-27 16:01:52] - https://yinwang1.substack.com/feed
[2025-08-27 16:01:52] - https://botanwang.com/rss.xml
[2025-08-27 16:01:52] ✘ 有 1 条订阅头像字段为空, 已使用默认头像:
[2025-08-27 16:01:52] - https://feed.cnblogs.com/blog/u/66551/rss/
[2025-08-27 16:01:52] ✘ 有 7 条订阅头像无法访问, 已使用默认头像:
[2025-08-27 16:01:52] - http://feeds.feedburner.com/ruanyifeng
[2025-08-27 16:01:52] - https://a4.zyzhang.com/index.xml
[2025-08-27 16:01:52] - https://www.geedea.pro/index.xml
[2025-08-27 16:01:52] - https://skywind.me/blog/feed
[2025-08-27 16:01:52] - https://laike9m.com/blog/rss/
[2025-08-27 16:01:52] - https://www.loyhome.com/feed
[2025-08-27 16:01:52] - https://www.douban.com/feed/review/book
[2025-08-27 17:01:48] 本次订阅抓取结果统计:
[2025-08-27 17:01:48] 共 57 条RSS, 成功抓取 52 条.
[2025-08-27 17:01:48] ✘ 有 5 条订阅解析失败:
[2025-08-27 17:01:48] - https://tcxx.info/feed
[2025-08-27 17:01:48] - https://tumutanzi.com/feed
[2025-08-27 17:01:48] - https://geekinney.com/index.xml
[2025-08-27 17:01:48] - https://yinwang1.substack.com/feed
[2025-08-27 17:01:48] - https://botanwang.com/rss.xml
[2025-08-27 17:01:48] ✘ 有 1 条订阅头像字段为空, 已使用默认头像:
[2025-08-27 17:01:48] - https://feed.cnblogs.com/blog/u/66551/rss/
[2025-08-27 17:01:48] ✘ 有 7 条订阅头像无法访问, 已使用默认头像:
[2025-08-27 17:01:48] - https://www.loyhome.com/feed
[2025-08-27 17:01:48] - http://feeds.feedburner.com/ruanyifeng
[2025-08-27 17:01:48] - https://a4.zyzhang.com/index.xml
[2025-08-27 17:01:48] - https://www.geedea.pro/index.xml
[2025-08-27 17:01:48] - https://skywind.me/blog/feed
[2025-08-27 17:01:48] - https://laike9m.com/blog/rss/
[2025-08-27 17:01:48] - https://www.douban.com/feed/review/book
