[2025-11-05 00:04:47] 抓取到的文章与现有数据相同，无需更新。
[2025-11-05 01:30:01] 抓取到的文章与现有数据相同，无需更新。
[2025-11-05 02:30:52] 抓取到的文章与现有数据相同，无需更新。
[2025-11-05 03:20:41] 抓取到的文章与现有数据相同，无需更新。
[2025-11-05 04:02:50] 本次订阅抓取结果统计:
[2025-11-05 04:02:50] 共 63 条RSS, 成功抓取 56 条.
[2025-11-05 04:02:50] ✘ 有 6 条订阅解析失败:
[2025-11-05 04:02:50] - https://tumutanzi.com/feed
[2025-11-05 04:02:50] - https://tcxx.info/feed
[2025-11-05 04:02:50] - https://geekinney.com/index.xml
[2025-11-05 04:02:50] - https://suus.me/index.xml
[2025-11-05 04:02:50] - https://yinwang1.substack.com/feed
[2025-11-05 04:02:50] - https://botanwang.com/rss.xml
[2025-11-05 04:02:50] ✘ 有 1 条订阅为空:
[2025-11-05 04:02:50] - http://feeds.feedburner.com/zhihu-daily
[2025-11-05 04:02:50] ✘ 有 1 条订阅头像字段为空, 已使用默认头像:
[2025-11-05 04:02:50] - https://feed.cnblogs.com/blog/u/66551/rss/
[2025-11-05 04:02:50] ✘ 有 3 条订阅头像无法访问, 已使用默认头像:
[2025-11-05 04:02:50] - http://feeds.feedburner.com/ruanyifeng
[2025-11-05 04:02:50] - https://skywind.me/blog/feed
[2025-11-05 04:02:50] - https://www.douban.com/feed/review/book
[2025-11-05 05:02:03] 本次订阅抓取结果统计:
[2025-11-05 05:02:03] 共 63 条RSS, 成功抓取 55 条.
[2025-11-05 05:02:03] ✘ 有 7 条订阅解析失败:
[2025-11-05 05:02:03] - https://tcxx.info/feed
[2025-11-05 05:02:03] - https://tumutanzi.com/feed
[2025-11-05 05:02:03] - https://geekinney.com/index.xml
[2025-11-05 05:02:03] - https://suus.me/index.xml
[2025-11-05 05:02:03] - https://yinwang1.substack.com/feed
[2025-11-05 05:02:03] - https://botanwang.com/rss.xml
[2025-11-05 05:02:03] - https://www.douban.com/feed/review/book
[2025-11-05 05:02:03] ✘ 有 1 条订阅为空:
[2025-11-05 05:02:03] - http://feeds.feedburner.com/zhihu-daily
[2025-11-05 05:02:03] ✘ 有 1 条订阅头像字段为空, 已使用默认头像:
[2025-11-05 05:02:03] - https://feed.cnblogs.com/blog/u/66551/rss/
[2025-11-05 05:02:03] ✘ 有 2 条订阅头像无法访问, 已使用默认头像:
[2025-11-05 05:02:03] - http://feeds.feedburner.com/ruanyifeng
[2025-11-05 05:02:03] - https://skywind.me/blog/feed
