[2025-05-11 01:26:19] 本次订阅抓取结果统计:
[2025-05-11 01:26:19] 共 28 条RSS, 成功抓取 27 条.
[2025-05-11 01:26:19] ✘ 有 1 条订阅解析失败:
[2025-05-11 01:26:19] - https://tcxx.info/feed
[2025-05-11 01:26:19] ✘ 有 2 条订阅头像无法访问, 已使用默认头像:
[2025-05-11 01:26:19] - http://feeds.feedburner.com/ruanyifeng
[2025-05-11 01:26:19] - https://www.loyhome.com/feed
[2025-05-11 03:13:10] 本次订阅抓取结果统计:
[2025-05-11 03:13:10] 共 28 条RSS, 成功抓取 27 条.
[2025-05-11 03:13:10] ✘ 有 1 条订阅解析失败:
[2025-05-11 03:13:10] - https://tcxx.info/feed
[2025-05-11 03:13:10] ✘ 有 2 条订阅头像无法访问, 已使用默认头像:
[2025-05-11 03:13:10] - http://feeds.feedburner.com/ruanyifeng
[2025-05-11 03:13:10] - https://www.loyhome.com/feed
[2025-05-11 04:20:17] 本次订阅抓取结果统计:
[2025-05-11 04:20:17] 共 28 条RSS, 成功抓取 27 条.
[2025-05-11 04:20:17] ✘ 有 1 条订阅解析失败:
[2025-05-11 04:20:17] - https://tcxx.info/feed
[2025-05-11 04:20:17] ✘ 有 2 条订阅头像无法访问, 已使用默认头像:
[2025-05-11 04:20:17] - http://feeds.feedburner.com/ruanyifeng
[2025-05-11 04:20:17] - https://www.loyhome.com/feed
[2025-05-11 05:16:15] 本次订阅抓取结果统计:
[2025-05-11 05:16:15] 共 28 条RSS, 成功抓取 27 条.
[2025-05-11 05:16:15] ✘ 有 1 条订阅解析失败:
[2025-05-11 05:16:15] - https://tcxx.info/feed
[2025-05-11 05:16:15] ✘ 有 2 条订阅头像无法访问, 已使用默认头像:
[2025-05-11 05:16:15] - http://feeds.feedburner.com/ruanyifeng
[2025-05-11 05:16:15] - https://www.loyhome.com/feed
[2025-05-11 06:23:23] 本次订阅抓取结果统计:
[2025-05-11 06:23:23] 共 28 条RSS, 成功抓取 27 条.
[2025-05-11 06:23:23] ✘ 有 1 条订阅解析失败:
[2025-05-11 06:23:23] - https://tcxx.info/feed
[2025-05-11 06:23:23] ✘ 有 4 条订阅头像无法访问, 已使用默认头像:
[2025-05-11 06:23:23] - https://www.loyhome.com/feed
[2025-05-11 06:23:23] - http://feeds.feedburner.com/ruanyifeng
[2025-05-11 06:23:23] - https://xyzbz.cn/feed
[2025-05-11 06:23:23] - https://www.shephe.com/feed
[2025-05-11 07:16:07] 本次订阅抓取结果统计:
[2025-05-11 07:16:07] 共 28 条RSS, 成功抓取 27 条.
[2025-05-11 07:16:07] ✘ 有 1 条订阅解析失败:
[2025-05-11 07:16:07] - https://tcxx.info/feed
[2025-05-11 07:16:07] ✘ 有 2 条订阅头像无法访问, 已使用默认头像:
[2025-05-11 07:16:07] - http://feeds.feedburner.com/ruanyifeng
[2025-05-11 07:16:07] - https://www.loyhome.com/feed
[2025-05-11 08:20:35] 本次订阅抓取结果统计:
[2025-05-11 08:20:35] 共 28 条RSS, 成功抓取 27 条.
[2025-05-11 08:20:35] ✘ 有 1 条订阅解析失败:
[2025-05-11 08:20:35] - https://tcxx.info/feed
[2025-05-11 08:20:35] ✘ 有 2 条订阅头像无法访问, 已使用默认头像:
[2025-05-11 08:20:35] - http://feeds.feedburner.com/ruanyifeng
[2025-05-11 08:20:35] - https://www.loyhome.com/feed
[2025-05-11 09:16:50] 本次订阅抓取结果统计:
[2025-05-11 09:16:50] 共 28 条RSS, 成功抓取 27 条.
[2025-05-11 09:16:50] ✘ 有 1 条订阅解析失败:
[2025-05-11 09:16:50] - https://tcxx.info/feed
[2025-05-11 09:16:50] ✘ 有 2 条订阅头像无法访问, 已使用默认头像:
[2025-05-11 09:16:50] - https://www.loyhome.com/feed
[2025-05-11 09:16:50] - http://feeds.feedburner.com/ruanyifeng
