[2025-07-12 00:04:08] 本次订阅抓取结果统计:
[2025-07-12 00:04:08] 共 49 条RSS, 成功抓取 48 条.
[2025-07-12 00:04:08] ✘ 有 1 条订阅解析失败:
[2025-07-12 00:04:08] - https://tcxx.info/feed
[2025-07-12 00:04:08] ✘ 有 4 条订阅头像无法访问, 已使用默认头像:
[2025-07-12 00:04:08] - http://feeds.feedburner.com/ruanyifeng
[2025-07-12 00:04:08] - https://www.loyhome.com/feed
[2025-07-12 00:04:08] - https://a4.zyzhang.com/index.xml
[2025-07-12 00:04:08] - https://www.douban.com/feed/review/book
[2025-07-12 01:29:44] 本次订阅抓取结果统计:
[2025-07-12 01:29:44] 共 49 条RSS, 成功抓取 48 条.
[2025-07-12 01:29:44] ✘ 有 1 条订阅解析失败:
[2025-07-12 01:29:44] - https://tcxx.info/feed
[2025-07-12 01:29:44] ✘ 有 4 条订阅头像无法访问, 已使用默认头像:
[2025-07-12 01:29:44] - http://feeds.feedburner.com/ruanyifeng
[2025-07-12 01:29:44] - https://www.loyhome.com/feed
[2025-07-12 01:29:44] - https://a4.zyzhang.com/index.xml
[2025-07-12 01:29:44] - https://www.douban.com/feed/review/book
[2025-07-12 02:36:14] 本次订阅抓取结果统计:
[2025-07-12 02:36:14] 共 49 条RSS, 成功抓取 48 条.
[2025-07-12 02:36:14] ✘ 有 1 条订阅解析失败:
[2025-07-12 02:36:14] - https://tcxx.info/feed
[2025-07-12 02:36:14] ✘ 有 5 条订阅头像无法访问, 已使用默认头像:
[2025-07-12 02:36:14] - http://feeds.feedburner.com/ruanyifeng
[2025-07-12 02:36:14] - https://www.loyhome.com/feed
[2025-07-12 02:36:14] - https://a4.zyzhang.com/index.xml
[2025-07-12 02:36:14] - https://www.douban.com/feed/review/book
[2025-07-12 02:36:14] - https://feeds.appinn.com/appinns/
[2025-07-12 03:28:31] 本次订阅抓取结果统计:
[2025-07-12 03:28:31] 共 49 条RSS, 成功抓取 48 条.
[2025-07-12 03:28:31] ✘ 有 1 条订阅解析失败:
[2025-07-12 03:28:31] - https://tcxx.info/feed
[2025-07-12 03:28:31] ✘ 有 4 条订阅头像无法访问, 已使用默认头像:
[2025-07-12 03:28:31] - http://feeds.feedburner.com/ruanyifeng
[2025-07-12 03:28:31] - https://www.loyhome.com/feed
[2025-07-12 03:28:31] - https://a4.zyzhang.com/index.xml
[2025-07-12 03:28:31] - https://www.douban.com/feed/review/book
[2025-07-12 04:09:13] 本次订阅抓取结果统计:
[2025-07-12 04:09:13] 共 49 条RSS, 成功抓取 48 条.
[2025-07-12 04:09:13] ✘ 有 1 条订阅解析失败:
[2025-07-12 04:09:13] - https://tcxx.info/feed
[2025-07-12 04:09:13] ✘ 有 4 条订阅头像无法访问, 已使用默认头像:
[2025-07-12 04:09:13] - http://feeds.feedburner.com/ruanyifeng
[2025-07-12 04:09:13] - https://www.loyhome.com/feed
[2025-07-12 04:09:13] - https://a4.zyzhang.com/index.xml
[2025-07-12 04:09:13] - https://www.douban.com/feed/review/book
[2025-07-12 05:02:28] 本次订阅抓取结果统计:
[2025-07-12 05:02:28] 共 49 条RSS, 成功抓取 48 条.
[2025-07-12 05:02:28] ✘ 有 1 条订阅解析失败:
[2025-07-12 05:02:28] - https://tcxx.info/feed
[2025-07-12 05:02:28] ✘ 有 5 条订阅头像无法访问, 已使用默认头像:
[2025-07-12 05:02:28] - http://feeds.feedburner.com/ruanyifeng
[2025-07-12 05:02:28] - https://www.loyhome.com/feed
[2025-07-12 05:02:28] - https://a4.zyzhang.com/index.xml
[2025-07-12 05:02:28] - https://feeds.appinn.com/appinns/
[2025-07-12 05:02:28] - https://www.douban.com/feed/review/book
[2025-07-12 06:01:57] 本次订阅抓取结果统计:
[2025-07-12 06:01:57] 共 49 条RSS, 成功抓取 48 条.
[2025-07-12 06:01:57] ✘ 有 1 条订阅解析失败:
[2025-07-12 06:01:57] - https://tcxx.info/feed
[2025-07-12 06:01:57] ✘ 有 5 条订阅头像无法访问, 已使用默认头像:
[2025-07-12 06:01:57] - http://feeds.feedburner.com/ruanyifeng
[2025-07-12 06:01:57] - https://www.loyhome.com/feed
[2025-07-12 06:01:57] - https://a4.zyzhang.com/index.xml
[2025-07-12 06:01:57] - https://www.douban.com/feed/review/book
[2025-07-12 06:01:57] - https://feeds.appinn.com/appinns/
[2025-07-12 07:02:19] 本次订阅抓取结果统计:
[2025-07-12 07:02:19] 共 49 条RSS, 成功抓取 48 条.
[2025-07-12 07:02:19] ✘ 有 1 条订阅解析失败:
[2025-07-12 07:02:19] - https://tcxx.info/feed
[2025-07-12 07:02:19] ✘ 有 4 条订阅头像无法访问, 已使用默认头像:
[2025-07-12 07:02:19] - https://www.loyhome.com/feed
[2025-07-12 07:02:19] - http://feeds.feedburner.com/ruanyifeng
[2025-07-12 07:02:19] - https://a4.zyzhang.com/index.xml
[2025-07-12 07:02:19] - https://www.douban.com/feed/review/book
[2025-07-12 08:01:52] 本次订阅抓取结果统计:
[2025-07-12 08:01:52] 共 49 条RSS, 成功抓取 48 条.
[2025-07-12 08:01:52] ✘ 有 1 条订阅解析失败:
[2025-07-12 08:01:52] - https://tcxx.info/feed
[2025-07-12 08:01:52] ✘ 有 5 条订阅头像无法访问, 已使用默认头像:
[2025-07-12 08:01:52] - http://feeds.feedburner.com/ruanyifeng
[2025-07-12 08:01:52] - https://www.loyhome.com/feed
[2025-07-12 08:01:52] - https://a4.zyzhang.com/index.xml
[2025-07-12 08:01:52] - https://xyzbz.cn/feed
[2025-07-12 08:01:52] - https://www.douban.com/feed/review/book
