[2025-05-14 01:21:21] 本次订阅抓取结果统计:
[2025-05-14 01:21:21] 共 28 条RSS, 成功抓取 27 条.
[2025-05-14 01:21:21] ✘ 有 1 条订阅解析失败:
[2025-05-14 01:21:21] - https://tcxx.info/feed
[2025-05-14 01:21:21] ✘ 有 2 条订阅头像无法访问, 已使用默认头像:
[2025-05-14 01:21:21] - http://feeds.feedburner.com/ruanyifeng
[2025-05-14 01:21:21] - https://www.loyhome.com/feed
[2025-05-14 03:08:58] 本次订阅抓取结果统计:
[2025-05-14 03:08:58] 共 28 条RSS, 成功抓取 27 条.
[2025-05-14 03:08:58] ✘ 有 1 条订阅解析失败:
[2025-05-14 03:08:58] - https://tcxx.info/feed
[2025-05-14 03:08:58] ✘ 有 2 条订阅头像无法访问, 已使用默认头像:
[2025-05-14 03:08:58] - http://feeds.feedburner.com/ruanyifeng
[2025-05-14 03:08:58] - https://www.loyhome.com/feed
[2025-05-14 04:21:28] 本次订阅抓取结果统计:
[2025-05-14 04:21:28] 共 28 条RSS, 成功抓取 27 条.
[2025-05-14 04:21:28] ✘ 有 1 条订阅解析失败:
[2025-05-14 04:21:28] - https://tcxx.info/feed
[2025-05-14 04:21:28] ✘ 有 2 条订阅头像无法访问, 已使用默认头像:
[2025-05-14 04:21:28] - https://www.loyhome.com/feed
[2025-05-14 04:21:28] - http://feeds.feedburner.com/ruanyifeng
[2025-05-14 05:17:39] 本次订阅抓取结果统计:
[2025-05-14 05:17:39] 共 28 条RSS, 成功抓取 27 条.
[2025-05-14 05:17:39] ✘ 有 1 条订阅解析失败:
[2025-05-14 05:17:39] - https://tcxx.info/feed
[2025-05-14 05:17:39] ✘ 有 2 条订阅头像无法访问, 已使用默认头像:
[2025-05-14 05:17:39] - http://feeds.feedburner.com/ruanyifeng
[2025-05-14 05:17:39] - https://www.loyhome.com/feed
[2025-05-14 06:25:31] 本次订阅抓取结果统计:
[2025-05-14 06:25:31] 共 28 条RSS, 成功抓取 27 条.
[2025-05-14 06:25:31] ✘ 有 1 条订阅解析失败:
[2025-05-14 06:25:31] - https://tcxx.info/feed
[2025-05-14 06:25:31] ✘ 有 2 条订阅头像无法访问, 已使用默认头像:
[2025-05-14 06:25:31] - http://feeds.feedburner.com/ruanyifeng
[2025-05-14 06:25:31] - https://www.loyhome.com/feed
