[2025-11-07 00:04:40] 本次订阅抓取结果统计:
[2025-11-07 00:04:40] 共 63 条RSS, 成功抓取 56 条.
[2025-11-07 00:04:40] ✘ 有 6 条订阅解析失败:
[2025-11-07 00:04:40] - https://tcxx.info/feed
[2025-11-07 00:04:40] - https://tumutanzi.com/feed
[2025-11-07 00:04:40] - https://geekinney.com/index.xml
[2025-11-07 00:04:40] - https://suus.me/index.xml
[2025-11-07 00:04:40] - https://yinwang1.substack.com/feed
[2025-11-07 00:04:40] - https://botanwang.com/rss.xml
[2025-11-07 00:04:40] ✘ 有 1 条订阅为空:
[2025-11-07 00:04:40] - http://feeds.feedburner.com/zhihu-daily
[2025-11-07 00:04:40] ✘ 有 1 条订阅头像字段为空, 已使用默认头像:
[2025-11-07 00:04:40] - https://feed.cnblogs.com/blog/u/66551/rss/
[2025-11-07 00:04:40] ✘ 有 3 条订阅头像无法访问, 已使用默认头像:
[2025-11-07 00:04:40] - http://feeds.feedburner.com/ruanyifeng
[2025-11-07 00:04:40] - https://skywind.me/blog/feed
[2025-11-07 00:04:40] - https://www.douban.com/feed/review/book
[2025-11-07 01:29:35] 本次订阅抓取结果统计:
[2025-11-07 01:29:35] 共 63 条RSS, 成功抓取 56 条.
[2025-11-07 01:29:35] ✘ 有 6 条订阅解析失败:
[2025-11-07 01:29:35] - https://tcxx.info/feed
[2025-11-07 01:29:35] - https://tumutanzi.com/feed
[2025-11-07 01:29:35] - https://geekinney.com/index.xml
[2025-11-07 01:29:35] - https://suus.me/index.xml
[2025-11-07 01:29:35] - https://yinwang1.substack.com/feed
[2025-11-07 01:29:35] - https://botanwang.com/rss.xml
[2025-11-07 01:29:35] ✘ 有 1 条订阅为空:
[2025-11-07 01:29:35] - http://feeds.feedburner.com/zhihu-daily
[2025-11-07 01:29:35] ✘ 有 1 条订阅头像字段为空, 已使用默认头像:
[2025-11-07 01:29:35] - https://feed.cnblogs.com/blog/u/66551/rss/
[2025-11-07 01:29:35] ✘ 有 3 条订阅头像无法访问, 已使用默认头像:
[2025-11-07 01:29:35] - http://feeds.feedburner.com/ruanyifeng
[2025-11-07 01:29:35] - https://skywind.me/blog/feed
[2025-11-07 01:29:35] - https://www.douban.com/feed/review/book
[2025-11-07 02:30:24] 本次订阅抓取结果统计:
[2025-11-07 02:30:24] 共 63 条RSS, 成功抓取 55 条.
[2025-11-07 02:30:24] ✘ 有 7 条订阅解析失败:
[2025-11-07 02:30:24] - https://tcxx.info/feed
[2025-11-07 02:30:24] - https://tumutanzi.com/feed
[2025-11-07 02:30:24] - https://geekinney.com/index.xml
[2025-11-07 02:30:24] - https://suus.me/index.xml
[2025-11-07 02:30:24] - https://yinwang1.substack.com/feed
[2025-11-07 02:30:24] - https://botanwang.com/rss.xml
[2025-11-07 02:30:24] - https://www.douban.com/feed/review/book
[2025-11-07 02:30:24] ✘ 有 1 条订阅为空:
[2025-11-07 02:30:24] - http://feeds.feedburner.com/zhihu-daily
[2025-11-07 02:30:24] ✘ 有 1 条订阅头像字段为空, 已使用默认头像:
[2025-11-07 02:30:24] - https://feed.cnblogs.com/blog/u/66551/rss/
[2025-11-07 02:30:24] ✘ 有 2 条订阅头像无法访问, 已使用默认头像:
[2025-11-07 02:30:24] - http://feeds.feedburner.com/ruanyifeng
[2025-11-07 02:30:24] - https://skywind.me/blog/feed
[2025-11-07 03:21:23] 本次订阅抓取结果统计:
[2025-11-07 03:21:23] 共 63 条RSS, 成功抓取 55 条.
[2025-11-07 03:21:23] ✘ 有 7 条订阅解析失败:
[2025-11-07 03:21:23] - https://tumutanzi.com/feed
[2025-11-07 03:21:23] - https://tcxx.info/feed
[2025-11-07 03:21:23] - https://suus.me/index.xml
[2025-11-07 03:21:23] - https://geekinney.com/index.xml
[2025-11-07 03:21:23] - https://yinwang1.substack.com/feed
[2025-11-07 03:21:23] - https://botanwang.com/rss.xml
[2025-11-07 03:21:23] - http://www.auiou.com/feed/
[2025-11-07 03:21:23] ✘ 有 1 条订阅为空:
[2025-11-07 03:21:23] - http://feeds.feedburner.com/zhihu-daily
[2025-11-07 03:21:23] ✘ 有 1 条订阅头像字段为空, 已使用默认头像:
[2025-11-07 03:21:23] - https://feed.cnblogs.com/blog/u/66551/rss/
[2025-11-07 03:21:23] ✘ 有 3 条订阅头像无法访问, 已使用默认头像:
[2025-11-07 03:21:23] - http://feeds.feedburner.com/ruanyifeng
[2025-11-07 03:21:23] - https://skywind.me/blog/feed
[2025-11-07 03:21:23] - https://www.douban.com/feed/review/book
[2025-11-07 04:02:18] 本次订阅抓取结果统计:
[2025-11-07 04:02:18] 共 63 条RSS, 成功抓取 56 条.
[2025-11-07 04:02:18] ✘ 有 6 条订阅解析失败:
[2025-11-07 04:02:18] - https://tcxx.info/feed
[2025-11-07 04:02:18] - https://tumutanzi.com/feed
[2025-11-07 04:02:18] - https://suus.me/index.xml
[2025-11-07 04:02:18] - https://geekinney.com/index.xml
[2025-11-07 04:02:18] - https://yinwang1.substack.com/feed
[2025-11-07 04:02:18] - https://botanwang.com/rss.xml
[2025-11-07 04:02:18] ✘ 有 1 条订阅为空:
[2025-11-07 04:02:18] - http://feeds.feedburner.com/zhihu-daily
[2025-11-07 04:02:18] ✘ 有 1 条订阅头像字段为空, 已使用默认头像:
[2025-11-07 04:02:18] - https://feed.cnblogs.com/blog/u/66551/rss/
[2025-11-07 04:02:18] ✘ 有 3 条订阅头像无法访问, 已使用默认头像:
[2025-11-07 04:02:18] - http://feeds.feedburner.com/ruanyifeng
[2025-11-07 04:02:18] - https://skywind.me/blog/feed
[2025-11-07 04:02:18] - https://www.douban.com/feed/review/book
[2025-11-07 05:02:39] 抓取到的文章与现有数据相同，无需更新。
[2025-11-07 06:02:02] 抓取到的文章与现有数据相同，无需更新。
