[2025-03-25 01:19:03] 本次订阅抓取结果统计:
[2025-03-25 01:19:03] 共 28 条RSS, 成功抓取 25 条.
[2025-03-25 01:19:03] ✘ 有 3 条订阅解析失败:
[2025-03-25 01:19:03] - https://tcxx.info/feed
[2025-03-25 01:19:03] - https://geekinney.com/index.xml
[2025-03-25 01:19:03] - https://xyzbz.cn/feed
[2025-03-25 01:19:03] ✘ 有 2 条订阅头像无法访问, 已使用默认头像:
[2025-03-25 01:19:03] - http://feeds.feedburner.com/ruanyifeng
[2025-03-25 01:19:03] - https://www.loyhome.com/feed
[2025-03-25 02:58:00] 本次订阅抓取结果统计:
[2025-03-25 02:58:00] 共 28 条RSS, 成功抓取 26 条.
[2025-03-25 02:58:00] ✘ 有 2 条订阅解析失败:
[2025-03-25 02:58:00] - https://tcxx.info/feed
[2025-03-25 02:58:00] - https://geekinney.com/index.xml
[2025-03-25 02:58:00] ✘ 有 2 条订阅头像无法访问, 已使用默认头像:
[2025-03-25 02:58:00] - https://www.loyhome.com/feed
[2025-03-25 02:58:00] - http://feeds.feedburner.com/ruanyifeng
[2025-03-25 03:33:32] 本次订阅抓取结果统计:
[2025-03-25 03:33:32] 共 28 条RSS, 成功抓取 26 条.
[2025-03-25 03:33:32] ✘ 有 2 条订阅解析失败:
[2025-03-25 03:33:32] - https://tcxx.info/feed
[2025-03-25 03:33:32] - https://geekinney.com/index.xml
[2025-03-25 03:33:32] ✘ 有 2 条订阅头像无法访问, 已使用默认头像:
[2025-03-25 03:33:32] - http://feeds.feedburner.com/ruanyifeng
[2025-03-25 03:33:32] - https://www.loyhome.com/feed
[2025-03-25 04:19:40] 本次订阅抓取结果统计:
[2025-03-25 04:19:40] 共 28 条RSS, 成功抓取 26 条.
[2025-03-25 04:19:40] ✘ 有 2 条订阅解析失败:
[2025-03-25 04:19:40] - https://tcxx.info/feed
[2025-03-25 04:19:40] - https://geekinney.com/index.xml
[2025-03-25 04:19:40] ✘ 有 2 条订阅头像无法访问, 已使用默认头像:
[2025-03-25 04:19:40] - http://feeds.feedburner.com/ruanyifeng
[2025-03-25 04:19:40] - https://www.loyhome.com/feed
