[2025-08-31 00:04:12] 抓取到的文章与现有数据相同，无需更新。
[2025-08-31 01:29:34] 抓取到的文章与现有数据相同，无需更新。
[2025-08-31 02:29:40] 抓取到的文章与现有数据相同，无需更新。
[2025-08-31 03:16:59] 抓取到的文章与现有数据相同，无需更新。
[2025-08-31 04:01:58] 抓取到的文章与现有数据相同，无需更新。
[2025-08-31 05:01:43] 抓取到的文章与现有数据相同，无需更新。
[2025-08-31 06:02:17] 本次订阅抓取结果统计:
[2025-08-31 06:02:17] 共 57 条RSS, 成功抓取 52 条.
[2025-08-31 06:02:17] ✘ 有 5 条订阅解析失败:
[2025-08-31 06:02:17] - https://tumutanzi.com/feed
[2025-08-31 06:02:17] - https://tcxx.info/feed
[2025-08-31 06:02:17] - https://geekinney.com/index.xml
[2025-08-31 06:02:17] - https://yinwang1.substack.com/feed
[2025-08-31 06:02:17] - https://botanwang.com/rss.xml
[2025-08-31 06:02:17] ✘ 有 1 条订阅头像字段为空, 已使用默认头像:
[2025-08-31 06:02:17] - https://feed.cnblogs.com/blog/u/66551/rss/
[2025-08-31 06:02:17] ✘ 有 8 条订阅头像无法访问, 已使用默认头像:
[2025-08-31 06:02:17] - https://hwv430.blogspot.com/feeds/posts/default
[2025-08-31 06:02:17] - http://feeds.feedburner.com/ruanyifeng
[2025-08-31 06:02:17] - https://www.loyhome.com/feed
[2025-08-31 06:02:17] - https://a4.zyzhang.com/index.xml
[2025-08-31 06:02:17] - https://www.geedea.pro/index.xml
[2025-08-31 06:02:17] - https://skywind.me/blog/feed
[2025-08-31 06:02:17] - https://laike9m.com/blog/rss/
[2025-08-31 06:02:17] - https://www.douban.com/feed/review/book
[2025-08-31 07:01:54] 抓取到的文章与现有数据相同，无需更新。
[2025-08-31 08:01:50] 本次订阅抓取结果统计:
[2025-08-31 08:01:50] 共 57 条RSS, 成功抓取 52 条.
[2025-08-31 08:01:50] ✘ 有 5 条订阅解析失败:
[2025-08-31 08:01:50] - https://tcxx.info/feed
[2025-08-31 08:01:50] - https://tumutanzi.com/feed
[2025-08-31 08:01:50] - https://geekinney.com/index.xml
[2025-08-31 08:01:50] - https://yinwang1.substack.com/feed
[2025-08-31 08:01:50] - https://botanwang.com/rss.xml
[2025-08-31 08:01:50] ✘ 有 1 条订阅头像字段为空, 已使用默认头像:
[2025-08-31 08:01:50] - https://feed.cnblogs.com/blog/u/66551/rss/
[2025-08-31 08:01:50] ✘ 有 8 条订阅头像无法访问, 已使用默认头像:
[2025-08-31 08:01:50] - https://hwv430.blogspot.com/feeds/posts/default
[2025-08-31 08:01:50] - http://feeds.feedburner.com/ruanyifeng
[2025-08-31 08:01:50] - https://www.loyhome.com/feed
[2025-08-31 08:01:50] - https://www.geedea.pro/index.xml
[2025-08-31 08:01:50] - https://a4.zyzhang.com/index.xml
[2025-08-31 08:01:50] - https://skywind.me/blog/feed
[2025-08-31 08:01:50] - https://laike9m.com/blog/rss/
[2025-08-31 08:01:50] - https://www.douban.com/feed/review/book
[2025-08-31 09:01:44] 本次订阅抓取结果统计:
[2025-08-31 09:01:44] 共 57 条RSS, 成功抓取 52 条.
[2025-08-31 09:01:44] ✘ 有 5 条订阅解析失败:
[2025-08-31 09:01:44] - https://tumutanzi.com/feed
[2025-08-31 09:01:44] - https://tcxx.info/feed
[2025-08-31 09:01:44] - https://geekinney.com/index.xml
[2025-08-31 09:01:44] - https://yinwang1.substack.com/feed
[2025-08-31 09:01:44] - https://botanwang.com/rss.xml
[2025-08-31 09:01:44] ✘ 有 1 条订阅头像字段为空, 已使用默认头像:
[2025-08-31 09:01:44] - https://feed.cnblogs.com/blog/u/66551/rss/
[2025-08-31 09:01:44] ✘ 有 8 条订阅头像无法访问, 已使用默认头像:
[2025-08-31 09:01:44] - https://hwv430.blogspot.com/feeds/posts/default
[2025-08-31 09:01:44] - http://feeds.feedburner.com/ruanyifeng
[2025-08-31 09:01:44] - https://www.loyhome.com/feed
[2025-08-31 09:01:44] - https://a4.zyzhang.com/index.xml
[2025-08-31 09:01:44] - https://www.geedea.pro/index.xml
[2025-08-31 09:01:44] - https://skywind.me/blog/feed
[2025-08-31 09:01:44] - https://laike9m.com/blog/rss/
[2025-08-31 09:01:44] - https://www.douban.com/feed/review/book
[2025-08-31 10:01:52] 抓取到的文章与现有数据相同，无需更新。
[2025-08-31 11:01:33] 本次订阅抓取结果统计:
[2025-08-31 11:01:33] 共 57 条RSS, 成功抓取 52 条.
[2025-08-31 11:01:33] ✘ 有 5 条订阅解析失败:
[2025-08-31 11:01:33] - https://tcxx.info/feed
[2025-08-31 11:01:33] - https://tumutanzi.com/feed
[2025-08-31 11:01:33] - https://geekinney.com/index.xml
[2025-08-31 11:01:33] - https://yinwang1.substack.com/feed
[2025-08-31 11:01:33] - https://botanwang.com/rss.xml
[2025-08-31 11:01:33] ✘ 有 1 条订阅头像字段为空, 已使用默认头像:
[2025-08-31 11:01:33] - https://feed.cnblogs.com/blog/u/66551/rss/
[2025-08-31 11:01:33] ✘ 有 8 条订阅头像无法访问, 已使用默认头像:
[2025-08-31 11:01:33] - https://hwv430.blogspot.com/feeds/posts/default
[2025-08-31 11:01:33] - http://feeds.feedburner.com/ruanyifeng
[2025-08-31 11:01:33] - https://www.loyhome.com/feed
[2025-08-31 11:01:33] - https://a4.zyzhang.com/index.xml
[2025-08-31 11:01:33] - https://www.geedea.pro/index.xml
[2025-08-31 11:01:33] - https://laike9m.com/blog/rss/
[2025-08-31 11:01:33] - https://skywind.me/blog/feed
[2025-08-31 11:01:33] - https://www.douban.com/feed/review/book
[2025-08-31 12:02:24] 抓取到的文章与现有数据相同，无需更新。
[2025-08-31 13:06:13] 抓取到的文章与现有数据相同，无需更新。
[2025-08-31 14:01:44] 本次订阅抓取结果统计:
[2025-08-31 14:01:44] 共 57 条RSS, 成功抓取 52 条.
[2025-08-31 14:01:44] ✘ 有 5 条订阅解析失败:
[2025-08-31 14:01:44] - https://tcxx.info/feed
[2025-08-31 14:01:44] - https://tumutanzi.com/feed
[2025-08-31 14:01:44] - https://geekinney.com/index.xml
[2025-08-31 14:01:44] - https://yinwang1.substack.com/feed
[2025-08-31 14:01:44] - https://botanwang.com/rss.xml
[2025-08-31 14:01:44] ✘ 有 1 条订阅头像字段为空, 已使用默认头像:
[2025-08-31 14:01:44] - https://feed.cnblogs.com/blog/u/66551/rss/
[2025-08-31 14:01:44] ✘ 有 7 条订阅头像无法访问, 已使用默认头像:
[2025-08-31 14:01:44] - http://feeds.feedburner.com/ruanyifeng
[2025-08-31 14:01:44] - https://www.loyhome.com/feed
[2025-08-31 14:01:44] - https://a4.zyzhang.com/index.xml
[2025-08-31 14:01:44] - https://www.geedea.pro/index.xml
[2025-08-31 14:01:44] - https://skywind.me/blog/feed
[2025-08-31 14:01:44] - https://laike9m.com/blog/rss/
[2025-08-31 14:01:44] - https://www.douban.com/feed/review/book
[2025-08-31 15:01:42] 抓取到的文章与现有数据相同，无需更新。
[2025-08-31 16:01:42] 本次订阅抓取结果统计:
[2025-08-31 16:01:42] 共 57 条RSS, 成功抓取 52 条.
[2025-08-31 16:01:42] ✘ 有 5 条订阅解析失败:
[2025-08-31 16:01:42] - https://tcxx.info/feed
[2025-08-31 16:01:42] - https://tumutanzi.com/feed
[2025-08-31 16:01:42] - https://geekinney.com/index.xml
[2025-08-31 16:01:42] - https://yinwang1.substack.com/feed
[2025-08-31 16:01:42] - https://botanwang.com/rss.xml
[2025-08-31 16:01:42] ✘ 有 1 条订阅头像字段为空, 已使用默认头像:
[2025-08-31 16:01:42] - https://feed.cnblogs.com/blog/u/66551/rss/
[2025-08-31 16:01:42] ✘ 有 8 条订阅头像无法访问, 已使用默认头像:
[2025-08-31 16:01:42] - https://hwv430.blogspot.com/feeds/posts/default
[2025-08-31 16:01:42] - http://feeds.feedburner.com/ruanyifeng
[2025-08-31 16:01:42] - https://www.loyhome.com/feed
[2025-08-31 16:01:42] - https://a4.zyzhang.com/index.xml
[2025-08-31 16:01:42] - https://www.geedea.pro/index.xml
[2025-08-31 16:01:42] - https://skywind.me/blog/feed
[2025-08-31 16:01:42] - https://laike9m.com/blog/rss/
[2025-08-31 16:01:42] - https://www.douban.com/feed/review/book
[2025-08-31 17:01:43] 本次订阅抓取结果统计:
[2025-08-31 17:01:43] 共 57 条RSS, 成功抓取 52 条.
[2025-08-31 17:01:43] ✘ 有 5 条订阅解析失败:
[2025-08-31 17:01:43] - https://tcxx.info/feed
[2025-08-31 17:01:43] - https://tumutanzi.com/feed
[2025-08-31 17:01:43] - https://geekinney.com/index.xml
[2025-08-31 17:01:43] - https://yinwang1.substack.com/feed
[2025-08-31 17:01:43] - https://botanwang.com/rss.xml
[2025-08-31 17:01:43] ✘ 有 1 条订阅头像字段为空, 已使用默认头像:
[2025-08-31 17:01:43] - https://feed.cnblogs.com/blog/u/66551/rss/
[2025-08-31 17:01:43] ✘ 有 9 条订阅头像无法访问, 已使用默认头像:
[2025-08-31 17:01:43] - https://hwv430.blogspot.com/feeds/posts/default
[2025-08-31 17:01:43] - https://www.loyhome.com/feed
[2025-08-31 17:01:43] - http://feeds.feedburner.com/ruanyifeng
[2025-08-31 17:01:43] - https://a4.zyzhang.com/index.xml
[2025-08-31 17:01:43] - https://www.geedea.pro/index.xml
[2025-08-31 17:01:43] - https://laike9m.com/blog/rss/
[2025-08-31 17:01:43] - https://skywind.me/blog/feed
[2025-08-31 17:01:43] - https://www.douban.com/feed/review/book
[2025-08-31 17:01:43] - https://rss.utgd.net/feed
[2025-08-31 18:01:40] 抓取到的文章与现有数据相同，无需更新。
