[2025-03-09 01:05:26] [WARN] 以下订阅拉取失败：
[2025-03-09 01:05:26] - 订阅链接: https://lingxiankong.github.io/pages/rss.xml，错误: XML syntax error on line 4580: illegal character code U+0008
[2025-03-09 01:05:26] - 订阅链接: https://tcxx.info/feed，错误: http error: 403 Forbidden
[2025-03-09 01:05:26] - 订阅链接: https://tumutanzi.com/feed，错误: http error: 403 Forbidden
[2025-03-09 02:31:23] [WARN] 以下订阅拉取失败：
[2025-03-09 02:31:23] - 订阅链接: https://lingxiankong.github.io/pages/rss.xml，错误: XML syntax error on line 4580: illegal character code U+0008
[2025-03-09 02:31:23] - 订阅链接: https://tcxx.info/feed，错误: http error: 403 Forbidden
[2025-03-09 02:31:23] - 订阅链接: https://tumutanzi.com/feed，错误: http error: 403 Forbidden
[2025-03-09 03:15:50] [WARN] 以下订阅拉取失败：
[2025-03-09 03:15:50] - 订阅链接: https://lingxiankong.github.io/pages/rss.xml，错误: XML syntax error on line 4580: illegal character code U+0008
[2025-03-09 03:15:50] - 订阅链接: https://tcxx.info/feed，错误: http error: 403 Forbidden
[2025-03-09 03:15:50] - 订阅链接: https://tumutanzi.com/feed，错误: http error: 403 Forbidden
[2025-03-09 04:16:23] [WARN] 以下订阅拉取失败：
[2025-03-09 04:16:23] - 订阅链接: https://blog.fooleap.org/atom.xml，错误: Get "https://blog.fooleap.org/atom.xml": net/http: TLS handshake timeout
[2025-03-09 04:16:23] - 订阅链接: https://lingxiankong.github.io/pages/rss.xml，错误: XML syntax error on line 4580: illegal character code U+0008
[2025-03-09 04:16:23] - 订阅链接: https://tcxx.info/feed，错误: http error: 403 Forbidden
[2025-03-09 04:16:23] - 订阅链接: https://tumutanzi.com/feed，错误: http error: 403 Forbidden
[2025-03-09 05:13:20] [WARN] 以下订阅拉取失败：
[2025-03-09 05:13:20] - 订阅链接: https://lingxiankong.github.io/pages/rss.xml，错误: XML syntax error on line 4580: illegal character code U+0008
[2025-03-09 05:13:20] - 订阅链接: https://tcxx.info/feed，错误: http error: 403 Forbidden
[2025-03-09 05:13:20] - 订阅链接: https://tumutanzi.com/feed，错误: http error: 403 Forbidden
[2025-03-09 06:17:59] [WARN] 以下订阅拉取失败：
[2025-03-09 06:17:59] - 订阅链接: https://lingxiankong.github.io/pages/rss.xml，错误: XML syntax error on line 4580: illegal character code U+0008
[2025-03-09 06:17:59] - 订阅链接: https://tcxx.info/feed，错误: http error: 403 Forbidden
[2025-03-09 06:17:59] - 订阅链接: https://tumutanzi.com/feed，错误: http error: 403 Forbidden
[2025-03-09 07:12:45] [WARN] 以下订阅拉取失败：
[2025-03-09 07:12:45] - 订阅链接: https://lingxiankong.github.io/pages/rss.xml，错误: XML syntax error on line 4580: illegal character code U+0008
[2025-03-09 07:12:45] - 订阅链接: https://tcxx.info/feed，错误: http error: 403 Forbidden
[2025-03-09 07:12:45] - 订阅链接: https://tumutanzi.com/feed，错误: http error: 403 Forbidden
[2025-03-09 08:17:30] [WARN] 以下订阅拉取失败：
[2025-03-09 08:17:30] - 订阅链接: https://lingxiankong.github.io/pages/rss.xml，错误: XML syntax error on line 4580: illegal character code U+0008
[2025-03-09 08:17:30] - 订阅链接: https://xyzbz.cn/feed，错误: Get "https://xyzbz.cn/feed": net/http: TLS handshake timeout
[2025-03-09 08:17:30] - 订阅链接: https://tcxx.info/feed，错误: http error: 403 Forbidden
[2025-03-09 08:17:30] - 订阅链接: https://tumutanzi.com/feed，错误: http error: 403 Forbidden
[2025-03-09 09:13:17] [WARN] 以下订阅拉取失败：
[2025-03-09 09:13:17] - 订阅链接: https://lingxiankong.github.io/pages/rss.xml，错误: XML syntax error on line 4580: illegal character code U+0008
[2025-03-09 09:13:17] - 订阅链接: https://xyzbz.cn/feed，错误: Get "https://xyzbz.cn/feed": net/http: TLS handshake timeout
[2025-03-09 09:13:17] - 订阅链接: https://tcxx.info/feed，错误: http error: 403 Forbidden
[2025-03-09 09:13:17] - 订阅链接: https://tumutanzi.com/feed，错误: http error: 403 Forbidden
[2025-03-09 10:15:20] [WARN] 以下订阅拉取失败：
[2025-03-09 10:15:20] - 订阅链接: https://lingxiankong.github.io/pages/rss.xml，错误: XML syntax error on line 4580: illegal character code U+0008
[2025-03-09 10:15:20] - 订阅链接: https://tcxx.info/feed，错误: http error: 403 Forbidden
[2025-03-09 10:15:20] - 订阅链接: https://tumutanzi.com/feed，错误: http error: 403 Forbidden
[2025-03-09 11:12:15] [WARN] 以下订阅拉取失败：
[2025-03-09 11:12:15] - 订阅链接: https://lingxiankong.github.io/pages/rss.xml，错误: XML syntax error on line 4580: illegal character code U+0008
[2025-03-09 11:12:15] - 订阅链接: https://tcxx.info/feed，错误: http error: 403 Forbidden
[2025-03-09 11:12:15] - 订阅链接: https://tumutanzi.com/feed，错误: http error: 403 Forbidden
[2025-03-09 12:23:28] [WARN] 以下订阅拉取失败：
[2025-03-09 12:23:28] - 订阅链接: https://lingxiankong.github.io/pages/rss.xml，错误: XML syntax error on line 4580: illegal character code U+0008
[2025-03-09 12:23:28] - 订阅链接: https://tumutanzi.com/feed，错误: http error: 403 Forbidden
[2025-03-09 13:14:39] [WARN] 以下订阅拉取失败：
[2025-03-09 13:14:39] - 订阅链接: https://lingxiankong.github.io/pages/rss.xml，错误: XML syntax error on line 4580: illegal character code U+0008
[2025-03-09 13:14:39] - 订阅链接: https://ihaihe.cn/feed，错误: Failed to detect feed type
[2025-03-09 13:14:39] - 订阅链接: https://tcxx.info/feed，错误: http error: 403 Forbidden
[2025-03-09 13:14:39] - 订阅链接: https://tumutanzi.com/feed，错误: http error: 403 Forbidden
[2025-03-09 14:12:59] [WARN] 以下订阅拉取失败：
[2025-03-09 14:12:59] - 订阅链接: https://lingxiankong.github.io/pages/rss.xml，错误: XML syntax error on line 4580: illegal character code U+0008
[2025-03-09 14:12:59] - 订阅链接: https://tcxx.info/feed，错误: http error: 403 Forbidden
[2025-03-09 14:12:59] - 订阅链接: https://tumutanzi.com/feed，错误: http error: 403 Forbidden
[2025-03-09 15:14:24] [WARN] 以下订阅拉取失败：
[2025-03-09 15:14:24] - 订阅链接: https://lingxiankong.github.io/pages/rss.xml，错误: XML syntax error on line 4580: illegal character code U+0008
[2025-03-09 15:14:24] - 订阅链接: https://tcxx.info/feed，错误: http error: 403 Forbidden
[2025-03-09 15:14:24] - 订阅链接: https://tumutanzi.com/feed，错误: http error: 403 Forbidden
[2025-03-09 16:15:55] [WARN] 以下订阅拉取失败：
[2025-03-09 16:15:55] - 订阅链接: https://lingxiankong.github.io/pages/rss.xml，错误: XML syntax error on line 4580: illegal character code U+0008
[2025-03-09 16:15:55] - 订阅链接: https://xyzbz.cn/feed，错误: Get "https://xyzbz.cn/feed": net/http: TLS handshake timeout
[2025-03-09 16:15:55] - 订阅链接: https://tcxx.info/feed，错误: http error: 403 Forbidden
[2025-03-09 16:15:55] - 订阅链接: https://tumutanzi.com/feed，错误: http error: 403 Forbidden
