[2025-07-19 00:04:57] 本次订阅抓取结果统计:
[2025-07-19 00:04:57] 共 50 条RSS, 成功抓取 48 条.
[2025-07-19 00:04:57] ✘ 有 2 条订阅解析失败:
[2025-07-19 00:04:57] - https://tcxx.info/feed
[2025-07-19 00:04:57] - https://yinwang1.substack.com/feed
[2025-07-19 00:04:57] ✘ 有 4 条订阅头像无法访问, 已使用默认头像:
[2025-07-19 00:04:57] - http://feeds.feedburner.com/ruanyifeng
[2025-07-19 00:04:57] - https://www.loyhome.com/feed
[2025-07-19 00:04:57] - https://a4.zyzhang.com/index.xml
[2025-07-19 00:04:57] - https://www.douban.com/feed/review/book
[2025-07-19 01:29:38] 抓取到的文章与现有数据相同，无需更新。
[2025-07-19 02:34:58] 本次订阅抓取结果统计:
[2025-07-19 02:34:58] 共 50 条RSS, 成功抓取 46 条.
[2025-07-19 02:34:58] ✘ 有 4 条订阅解析失败:
[2025-07-19 02:34:58] - https://tcxx.info/feed
[2025-07-19 02:34:58] - https://yinwang1.substack.com/feed
[2025-07-19 02:34:58] - https://www.douban.com/feed/review/book
[2025-07-19 02:34:58] - https://blog.fooleap.org/atom.xml
[2025-07-19 02:34:58] ✘ 有 3 条订阅头像无法访问, 已使用默认头像:
[2025-07-19 02:34:58] - http://feeds.feedburner.com/ruanyifeng
[2025-07-19 02:34:58] - https://www.loyhome.com/feed
[2025-07-19 02:34:58] - https://a4.zyzhang.com/index.xml
[2025-07-19 03:27:22] 本次订阅抓取结果统计:
[2025-07-19 03:27:22] 共 50 条RSS, 成功抓取 48 条.
[2025-07-19 03:27:22] ✘ 有 2 条订阅解析失败:
[2025-07-19 03:27:22] - https://tcxx.info/feed
[2025-07-19 03:27:22] - https://yinwang1.substack.com/feed
[2025-07-19 03:27:22] ✘ 有 5 条订阅头像无法访问, 已使用默认头像:
[2025-07-19 03:27:22] - http://feeds.feedburner.com/ruanyifeng
[2025-07-19 03:27:22] - https://www.loyhome.com/feed
[2025-07-19 03:27:22] - https://a4.zyzhang.com/index.xml
[2025-07-19 03:27:22] - https://www.douban.com/feed/review/book
[2025-07-19 03:27:22] - https://feeds.appinn.com/appinns/
[2025-07-19 04:08:41] 本次订阅抓取结果统计:
[2025-07-19 04:08:41] 共 50 条RSS, 成功抓取 48 条.
[2025-07-19 04:08:41] ✘ 有 2 条订阅解析失败:
[2025-07-19 04:08:41] - https://tcxx.info/feed
[2025-07-19 04:08:41] - https://yinwang1.substack.com/feed
[2025-07-19 04:08:41] ✘ 有 5 条订阅头像无法访问, 已使用默认头像:
[2025-07-19 04:08:41] - http://feeds.feedburner.com/ruanyifeng
[2025-07-19 04:08:41] - https://www.loyhome.com/feed
[2025-07-19 04:08:41] - https://a4.zyzhang.com/index.xml
[2025-07-19 04:08:41] - https://feeds.appinn.com/appinns/
[2025-07-19 04:08:41] - https://www.douban.com/feed/review/book
[2025-07-19 05:03:54] 抓取到的文章与现有数据相同，无需更新。
[2025-07-19 06:01:55] 抓取到的文章与现有数据相同，无需更新。
[2025-07-19 07:01:55] 抓取到的文章与现有数据相同，无需更新。
[2025-07-19 08:02:02] 抓取到的文章与现有数据相同，无需更新。
[2025-07-19 09:01:47] 抓取到的文章与现有数据相同，无需更新。
[2025-07-19 10:01:56] 本次订阅抓取结果统计:
[2025-07-19 10:01:56] 共 50 条RSS, 成功抓取 48 条.
[2025-07-19 10:01:56] ✘ 有 2 条订阅解析失败:
[2025-07-19 10:01:56] - https://tcxx.info/feed
[2025-07-19 10:01:56] - https://yinwang1.substack.com/feed
[2025-07-19 10:01:56] ✘ 有 4 条订阅头像无法访问, 已使用默认头像:
[2025-07-19 10:01:56] - http://feeds.feedburner.com/ruanyifeng
[2025-07-19 10:01:56] - https://www.loyhome.com/feed
[2025-07-19 10:01:56] - https://a4.zyzhang.com/index.xml
[2025-07-19 10:01:56] - https://www.douban.com/feed/review/book
[2025-07-19 11:02:27] 本次订阅抓取结果统计:
[2025-07-19 11:02:27] 共 50 条RSS, 成功抓取 47 条.
[2025-07-19 11:02:27] ✘ 有 3 条订阅解析失败:
[2025-07-19 11:02:27] - https://tcxx.info/feed
[2025-07-19 11:02:27] - https://yinwang1.substack.com/feed
[2025-07-19 11:02:27] - https://diygod.cc/feed
[2025-07-19 11:02:27] ✘ 有 4 条订阅头像无法访问, 已使用默认头像:
[2025-07-19 11:02:27] - http://feeds.feedburner.com/ruanyifeng
[2025-07-19 11:02:27] - https://www.loyhome.com/feed
[2025-07-19 11:02:27] - https://a4.zyzhang.com/index.xml
[2025-07-19 11:02:27] - https://www.douban.com/feed/review/book
[2025-07-19 12:02:14] 本次订阅抓取结果统计:
[2025-07-19 12:02:14] 共 50 条RSS, 成功抓取 48 条.
[2025-07-19 12:02:14] ✘ 有 2 条订阅解析失败:
[2025-07-19 12:02:14] - https://tcxx.info/feed
[2025-07-19 12:02:14] - https://yinwang1.substack.com/feed
[2025-07-19 12:02:14] ✘ 有 4 条订阅头像无法访问, 已使用默认头像:
[2025-07-19 12:02:14] - http://feeds.feedburner.com/ruanyifeng
[2025-07-19 12:02:14] - https://www.loyhome.com/feed
[2025-07-19 12:02:14] - https://a4.zyzhang.com/index.xml
[2025-07-19 12:02:14] - https://www.douban.com/feed/review/book
[2025-07-19 13:10:04] 本次订阅抓取结果统计:
[2025-07-19 13:10:04] 共 50 条RSS, 成功抓取 48 条.
[2025-07-19 13:10:04] ✘ 有 2 条订阅解析失败:
[2025-07-19 13:10:04] - https://tcxx.info/feed
[2025-07-19 13:10:04] - https://yinwang1.substack.com/feed
[2025-07-19 13:10:04] ✘ 有 4 条订阅头像无法访问, 已使用默认头像:
[2025-07-19 13:10:04] - http://feeds.feedburner.com/ruanyifeng
[2025-07-19 13:10:04] - https://www.loyhome.com/feed
[2025-07-19 13:10:04] - https://a4.zyzhang.com/index.xml
[2025-07-19 13:10:04] - https://www.douban.com/feed/review/book
[2025-07-19 14:02:23] 本次订阅抓取结果统计:
[2025-07-19 14:02:23] 共 50 条RSS, 成功抓取 47 条.
[2025-07-19 14:02:23] ✘ 有 3 条订阅解析失败:
[2025-07-19 14:02:23] - https://tcxx.info/feed
[2025-07-19 14:02:23] - https://yinwang1.substack.com/feed
[2025-07-19 14:02:23] - https://diygod.cc/feed
[2025-07-19 14:02:23] ✘ 有 5 条订阅头像无法访问, 已使用默认头像:
[2025-07-19 14:02:23] - http://feeds.feedburner.com/ruanyifeng
[2025-07-19 14:02:23] - https://www.loyhome.com/feed
[2025-07-19 14:02:23] - https://a4.zyzhang.com/index.xml
[2025-07-19 14:02:23] - https://www.douban.com/feed/review/book
[2025-07-19 14:02:23] - https://feeds.appinn.com/appinns/
[2025-07-19 15:01:44] 本次订阅抓取结果统计:
[2025-07-19 15:01:44] 共 50 条RSS, 成功抓取 48 条.
[2025-07-19 15:01:44] ✘ 有 2 条订阅解析失败:
[2025-07-19 15:01:44] - https://tcxx.info/feed
[2025-07-19 15:01:44] - https://yinwang1.substack.com/feed
[2025-07-19 15:01:44] ✘ 有 4 条订阅头像无法访问, 已使用默认头像:
[2025-07-19 15:01:44] - http://feeds.feedburner.com/ruanyifeng
[2025-07-19 15:01:44] - https://www.loyhome.com/feed
[2025-07-19 15:01:44] - https://a4.zyzhang.com/index.xml
[2025-07-19 15:01:44] - https://www.douban.com/feed/review/book
[2025-07-19 16:01:56] 本次订阅抓取结果统计:
[2025-07-19 16:01:56] 共 50 条RSS, 成功抓取 47 条.
[2025-07-19 16:01:56] ✘ 有 2 条订阅解析失败:
[2025-07-19 16:01:56] - https://tcxx.info/feed
[2025-07-19 16:01:56] - https://yinwang1.substack.com/feed
[2025-07-19 16:01:56] ✘ 有 1 条订阅为空:
[2025-07-19 16:01:56] - https://diygod.cc/feed
[2025-07-19 16:01:56] ✘ 有 5 条订阅头像无法访问, 已使用默认头像:
[2025-07-19 16:01:56] - http://feeds.feedburner.com/ruanyifeng
[2025-07-19 16:01:56] - https://www.loyhome.com/feed
[2025-07-19 16:01:56] - https://a4.zyzhang.com/index.xml
[2025-07-19 16:01:56] - https://www.douban.com/feed/review/book
[2025-07-19 16:01:56] - https://feeds.appinn.com/appinns/
