[2025-06-19 00:04:12] 本次订阅抓取结果统计:
[2025-06-19 00:04:12] 共 45 条RSS, 成功抓取 44 条.
[2025-06-19 00:04:12] ✘ 有 1 条订阅解析失败:
[2025-06-19 00:04:12] - https://tcxx.info/feed
[2025-06-19 00:04:12] ✘ 有 4 条订阅头像无法访问, 已使用默认头像:
[2025-06-19 00:04:12] - http://feeds.feedburner.com/ruanyifeng
[2025-06-19 00:04:12] - https://www.loyhome.com/feed
[2025-06-19 00:04:12] - https://www.williamlong.info/rss.xml
[2025-06-19 00:04:12] - https://www.douban.com/feed/review/book
[2025-06-19 01:29:35] 本次订阅抓取结果统计:
[2025-06-19 01:29:35] 共 45 条RSS, 成功抓取 44 条.
[2025-06-19 01:29:35] ✘ 有 1 条订阅解析失败:
[2025-06-19 01:29:35] - https://tcxx.info/feed
[2025-06-19 01:29:35] ✘ 有 5 条订阅头像无法访问, 已使用默认头像:
[2025-06-19 01:29:35] - http://feeds.feedburner.com/ruanyifeng
[2025-06-19 01:29:35] - https://www.loyhome.com/feed
[2025-06-19 01:29:35] - https://www.williamlong.info/rss.xml
[2025-06-19 01:29:35] - https://www.douban.com/feed/review/book
[2025-06-19 01:29:35] - https://feeds.appinn.com/appinns/
[2025-06-19 02:32:06] 本次订阅抓取结果统计:
[2025-06-19 02:32:06] 共 45 条RSS, 成功抓取 44 条.
[2025-06-19 02:32:06] ✘ 有 1 条订阅解析失败:
[2025-06-19 02:32:06] - https://tcxx.info/feed
[2025-06-19 02:32:06] ✘ 有 5 条订阅头像无法访问, 已使用默认头像:
[2025-06-19 02:32:06] - http://feeds.feedburner.com/ruanyifeng
[2025-06-19 02:32:06] - https://www.loyhome.com/feed
[2025-06-19 02:32:06] - https://www.williamlong.info/rss.xml
[2025-06-19 02:32:06] - https://www.douban.com/feed/review/book
[2025-06-19 02:32:06] - https://feeds.appinn.com/appinns/
