[2025-06-29 00:04:51] 本次订阅抓取结果统计:
[2025-06-29 00:04:51] 共 45 条RSS, 成功抓取 44 条.
[2025-06-29 00:04:51] ✘ 有 1 条订阅解析失败:
[2025-06-29 00:04:51] - https://tcxx.info/feed
[2025-06-29 00:04:51] ✘ 有 3 条订阅头像无法访问, 已使用默认头像:
[2025-06-29 00:04:51] - http://feeds.feedburner.com/ruanyifeng
[2025-06-29 00:04:51] - https://www.loyhome.com/feed
[2025-06-29 00:04:51] - https://www.douban.com/feed/review/book
[2025-06-29 01:30:15] 本次订阅抓取结果统计:
[2025-06-29 01:30:15] 共 45 条RSS, 成功抓取 43 条.
[2025-06-29 01:30:15] ✘ 有 2 条订阅解析失败:
[2025-06-29 01:30:15] - https://tcxx.info/feed
[2025-06-29 01:30:15] - https://diygod.cc/feed
[2025-06-29 01:30:15] ✘ 有 3 条订阅头像无法访问, 已使用默认头像:
[2025-06-29 01:30:15] - http://feeds.feedburner.com/ruanyifeng
[2025-06-29 01:30:15] - https://www.loyhome.com/feed
[2025-06-29 01:30:15] - https://www.douban.com/feed/review/book
[2025-06-29 02:40:15] 本次订阅抓取结果统计:
[2025-06-29 02:40:15] 共 45 条RSS, 成功抓取 44 条.
[2025-06-29 02:40:15] ✘ 有 1 条订阅解析失败:
[2025-06-29 02:40:15] - https://tcxx.info/feed
[2025-06-29 02:40:15] ✘ 有 3 条订阅头像无法访问, 已使用默认头像:
[2025-06-29 02:40:15] - http://feeds.feedburner.com/ruanyifeng
[2025-06-29 02:40:15] - https://www.loyhome.com/feed
[2025-06-29 02:40:15] - https://www.douban.com/feed/review/book
[2025-06-29 03:29:26] 本次订阅抓取结果统计:
[2025-06-29 03:29:26] 共 45 条RSS, 成功抓取 44 条.
[2025-06-29 03:29:26] ✘ 有 1 条订阅解析失败:
[2025-06-29 03:29:26] - https://tcxx.info/feed
[2025-06-29 03:29:26] ✘ 有 3 条订阅头像无法访问, 已使用默认头像:
[2025-06-29 03:29:26] - http://feeds.feedburner.com/ruanyifeng
[2025-06-29 03:29:26] - https://www.loyhome.com/feed
[2025-06-29 03:29:26] - https://www.douban.com/feed/review/book
[2025-06-29 04:11:59] 本次订阅抓取结果统计:
[2025-06-29 04:11:59] 共 45 条RSS, 成功抓取 44 条.
[2025-06-29 04:11:59] ✘ 有 1 条订阅解析失败:
[2025-06-29 04:11:59] - https://tcxx.info/feed
[2025-06-29 04:11:59] ✘ 有 4 条订阅头像无法访问, 已使用默认头像:
[2025-06-29 04:11:59] - http://feeds.feedburner.com/ruanyifeng
[2025-06-29 04:11:59] - https://www.loyhome.com/feed
[2025-06-29 04:11:59] - https://www.douban.com/feed/review/book
[2025-06-29 04:11:59] - https://sspai.com/feed
[2025-06-29 05:04:50] 本次订阅抓取结果统计:
[2025-06-29 05:04:50] 共 45 条RSS, 成功抓取 44 条.
[2025-06-29 05:04:50] ✘ 有 1 条订阅解析失败:
[2025-06-29 05:04:50] - https://tcxx.info/feed
[2025-06-29 05:04:50] ✘ 有 3 条订阅头像无法访问, 已使用默认头像:
[2025-06-29 05:04:50] - http://feeds.feedburner.com/ruanyifeng
[2025-06-29 05:04:50] - https://www.loyhome.com/feed
[2025-06-29 05:04:50] - https://www.douban.com/feed/review/book
