[2025-11-08 00:04:31] 本次订阅抓取结果统计:
[2025-11-08 00:04:31] 共 63 条RSS, 成功抓取 56 条.
[2025-11-08 00:04:31] ✘ 有 6 条订阅解析失败:
[2025-11-08 00:04:31] - https://tumutanzi.com/feed
[2025-11-08 00:04:31] - https://tcxx.info/feed
[2025-11-08 00:04:31] - https://geekinney.com/index.xml
[2025-11-08 00:04:31] - https://suus.me/index.xml
[2025-11-08 00:04:31] - https://yinwang1.substack.com/feed
[2025-11-08 00:04:31] - https://botanwang.com/rss.xml
[2025-11-08 00:04:31] ✘ 有 1 条订阅为空:
[2025-11-08 00:04:31] - http://feeds.feedburner.com/zhihu-daily
[2025-11-08 00:04:31] ✘ 有 1 条订阅头像字段为空, 已使用默认头像:
[2025-11-08 00:04:31] - https://feed.cnblogs.com/blog/u/66551/rss/
[2025-11-08 00:04:31] ✘ 有 3 条订阅头像无法访问, 已使用默认头像:
[2025-11-08 00:04:31] - http://feeds.feedburner.com/ruanyifeng
[2025-11-08 00:04:31] - https://skywind.me/blog/feed
[2025-11-08 00:04:31] - https://www.douban.com/feed/review/book
[2025-11-08 01:29:23] 抓取到的文章与现有数据相同，无需更新。
[2025-11-08 02:27:44] 本次订阅抓取结果统计:
[2025-11-08 02:27:44] 共 63 条RSS, 成功抓取 56 条.
[2025-11-08 02:27:44] ✘ 有 6 条订阅解析失败:
[2025-11-08 02:27:44] - https://tcxx.info/feed
[2025-11-08 02:27:44] - https://tumutanzi.com/feed
[2025-11-08 02:27:44] - https://geekinney.com/index.xml
[2025-11-08 02:27:44] - https://suus.me/index.xml
[2025-11-08 02:27:44] - https://yinwang1.substack.com/feed
[2025-11-08 02:27:44] - https://botanwang.com/rss.xml
[2025-11-08 02:27:44] ✘ 有 1 条订阅为空:
[2025-11-08 02:27:44] - http://feeds.feedburner.com/zhihu-daily
[2025-11-08 02:27:44] ✘ 有 1 条订阅头像字段为空, 已使用默认头像:
[2025-11-08 02:27:44] - https://feed.cnblogs.com/blog/u/66551/rss/
[2025-11-08 02:27:44] ✘ 有 3 条订阅头像无法访问, 已使用默认头像:
[2025-11-08 02:27:44] - http://feeds.feedburner.com/ruanyifeng
[2025-11-08 02:27:44] - https://skywind.me/blog/feed
[2025-11-08 02:27:44] - https://www.douban.com/feed/review/book
[2025-11-08 03:16:28] 抓取到的文章与现有数据相同，无需更新。
[2025-11-08 04:01:59] 抓取到的文章与现有数据相同，无需更新。
[2025-11-08 05:01:59] 抓取到的文章与现有数据相同，无需更新。
[2025-11-08 06:02:29] 抓取到的文章与现有数据相同，无需更新。
[2025-11-08 07:02:22] 抓取到的文章与现有数据相同，无需更新。
[2025-11-08 08:02:02] 抓取到的文章与现有数据相同，无需更新。
[2025-11-08 09:02:34] 本次订阅抓取结果统计:
[2025-11-08 09:02:34] 共 63 条RSS, 成功抓取 55 条.
[2025-11-08 09:02:34] ✘ 有 7 条订阅解析失败:
[2025-11-08 09:02:34] - https://tumutanzi.com/feed
[2025-11-08 09:02:34] - https://tcxx.info/feed
[2025-11-08 09:02:34] - https://geekinney.com/index.xml
[2025-11-08 09:02:34] - https://suus.me/index.xml
[2025-11-08 09:02:34] - https://yinwang1.substack.com/feed
[2025-11-08 09:02:34] - https://botanwang.com/rss.xml
[2025-11-08 09:02:34] - http://www.auiou.com/feed/
[2025-11-08 09:02:34] ✘ 有 1 条订阅为空:
[2025-11-08 09:02:34] - http://feeds.feedburner.com/zhihu-daily
[2025-11-08 09:02:34] ✘ 有 1 条订阅头像字段为空, 已使用默认头像:
[2025-11-08 09:02:34] - https://feed.cnblogs.com/blog/u/66551/rss/
[2025-11-08 09:02:34] ✘ 有 3 条订阅头像无法访问, 已使用默认头像:
[2025-11-08 09:02:34] - http://feeds.feedburner.com/ruanyifeng
[2025-11-08 09:02:34] - https://skywind.me/blog/feed
[2025-11-08 09:02:34] - https://www.douban.com/feed/review/book
[2025-11-08 10:01:50] 本次订阅抓取结果统计:
[2025-11-08 10:01:50] 共 63 条RSS, 成功抓取 56 条.
[2025-11-08 10:01:50] ✘ 有 6 条订阅解析失败:
[2025-11-08 10:01:50] - https://tcxx.info/feed
[2025-11-08 10:01:50] - https://tumutanzi.com/feed
[2025-11-08 10:01:50] - https://suus.me/index.xml
[2025-11-08 10:01:50] - https://geekinney.com/index.xml
[2025-11-08 10:01:50] - https://yinwang1.substack.com/feed
[2025-11-08 10:01:50] - https://botanwang.com/rss.xml
[2025-11-08 10:01:50] ✘ 有 1 条订阅为空:
[2025-11-08 10:01:50] - http://feeds.feedburner.com/zhihu-daily
[2025-11-08 10:01:50] ✘ 有 1 条订阅头像字段为空, 已使用默认头像:
[2025-11-08 10:01:50] - https://feed.cnblogs.com/blog/u/66551/rss/
[2025-11-08 10:01:50] ✘ 有 3 条订阅头像无法访问, 已使用默认头像:
[2025-11-08 10:01:50] - http://feeds.feedburner.com/ruanyifeng
[2025-11-08 10:01:50] - https://skywind.me/blog/feed
[2025-11-08 10:01:50] - https://www.douban.com/feed/review/book
[2025-11-08 11:01:42] 抓取到的文章与现有数据相同，无需更新。
[2025-11-08 12:02:05] 本次订阅抓取结果统计:
[2025-11-08 12:02:05] 共 63 条RSS, 成功抓取 56 条.
[2025-11-08 12:02:05] ✘ 有 6 条订阅解析失败:
[2025-11-08 12:02:05] - https://tcxx.info/feed
[2025-11-08 12:02:05] - https://tumutanzi.com/feed
[2025-11-08 12:02:05] - https://geekinney.com/index.xml
[2025-11-08 12:02:05] - https://suus.me/index.xml
[2025-11-08 12:02:05] - https://yinwang1.substack.com/feed
[2025-11-08 12:02:05] - https://botanwang.com/rss.xml
[2025-11-08 12:02:05] ✘ 有 1 条订阅为空:
[2025-11-08 12:02:05] - http://feeds.feedburner.com/zhihu-daily
[2025-11-08 12:02:05] ✘ 有 1 条订阅头像字段为空, 已使用默认头像:
[2025-11-08 12:02:05] - https://feed.cnblogs.com/blog/u/66551/rss/
[2025-11-08 12:02:05] ✘ 有 3 条订阅头像无法访问, 已使用默认头像:
[2025-11-08 12:02:05] - http://feeds.feedburner.com/ruanyifeng
[2025-11-08 12:02:05] - https://skywind.me/blog/feed
[2025-11-08 12:02:05] - https://www.douban.com/feed/review/book
[2025-11-08 13:06:56] 本次订阅抓取结果统计:
[2025-11-08 13:06:56] 共 63 条RSS, 成功抓取 54 条.
[2025-11-08 13:06:56] ✘ 有 8 条订阅解析失败:
[2025-11-08 13:06:56] - https://tcxx.info/feed
[2025-11-08 13:06:56] - https://tumutanzi.com/feed
[2025-11-08 13:06:56] - https://geekinney.com/index.xml
[2025-11-08 13:06:56] - https://suus.me/index.xml
[2025-11-08 13:06:56] - https://yinwang1.substack.com/feed
[2025-11-08 13:06:56] - https://botanwang.com/rss.xml
[2025-11-08 13:06:56] - https://www.luzhaojun.com/feed
[2025-11-08 13:06:56] - https://leixus.cn/index.php/feed/
[2025-11-08 13:06:56] ✘ 有 1 条订阅为空:
[2025-11-08 13:06:56] - http://feeds.feedburner.com/zhihu-daily
[2025-11-08 13:06:56] ✘ 有 1 条订阅头像字段为空, 已使用默认头像:
[2025-11-08 13:06:56] - https://feed.cnblogs.com/blog/u/66551/rss/
[2025-11-08 13:06:56] ✘ 有 3 条订阅头像无法访问, 已使用默认头像:
[2025-11-08 13:06:56] - http://feeds.feedburner.com/ruanyifeng
[2025-11-08 13:06:56] - https://skywind.me/blog/feed
[2025-11-08 13:06:56] - https://www.douban.com/feed/review/book
[2025-11-08 14:01:43] 本次订阅抓取结果统计:
[2025-11-08 14:01:43] 共 63 条RSS, 成功抓取 56 条.
[2025-11-08 14:01:43] ✘ 有 6 条订阅解析失败:
[2025-11-08 14:01:43] - https://tcxx.info/feed
[2025-11-08 14:01:43] - https://tumutanzi.com/feed
[2025-11-08 14:01:43] - https://geekinney.com/index.xml
[2025-11-08 14:01:43] - https://suus.me/index.xml
[2025-11-08 14:01:43] - https://yinwang1.substack.com/feed
[2025-11-08 14:01:43] - https://botanwang.com/rss.xml
[2025-11-08 14:01:43] ✘ 有 1 条订阅为空:
[2025-11-08 14:01:43] - http://feeds.feedburner.com/zhihu-daily
[2025-11-08 14:01:43] ✘ 有 1 条订阅头像字段为空, 已使用默认头像:
[2025-11-08 14:01:43] - https://feed.cnblogs.com/blog/u/66551/rss/
[2025-11-08 14:01:43] ✘ 有 3 条订阅头像无法访问, 已使用默认头像:
[2025-11-08 14:01:43] - http://feeds.feedburner.com/ruanyifeng
[2025-11-08 14:01:43] - https://skywind.me/blog/feed
[2025-11-08 14:01:43] - https://www.douban.com/feed/review/book
[2025-11-08 15:01:48] 抓取到的文章与现有数据相同，无需更新。
[2025-11-08 16:02:48] 本次订阅抓取结果统计:
[2025-11-08 16:02:48] 共 63 条RSS, 成功抓取 56 条.
[2025-11-08 16:02:48] ✘ 有 6 条订阅解析失败:
[2025-11-08 16:02:48] - https://tcxx.info/feed
[2025-11-08 16:02:48] - https://tumutanzi.com/feed
[2025-11-08 16:02:48] - https://geekinney.com/index.xml
[2025-11-08 16:02:48] - https://suus.me/index.xml
[2025-11-08 16:02:48] - https://yinwang1.substack.com/feed
[2025-11-08 16:02:48] - https://botanwang.com/rss.xml
[2025-11-08 16:02:48] ✘ 有 1 条订阅为空:
[2025-11-08 16:02:48] - http://feeds.feedburner.com/zhihu-daily
[2025-11-08 16:02:48] ✘ 有 1 条订阅头像字段为空, 已使用默认头像:
[2025-11-08 16:02:48] - https://feed.cnblogs.com/blog/u/66551/rss/
[2025-11-08 16:02:48] ✘ 有 3 条订阅头像无法访问, 已使用默认头像:
[2025-11-08 16:02:48] - http://feeds.feedburner.com/ruanyifeng
[2025-11-08 16:02:48] - https://skywind.me/blog/feed
[2025-11-08 16:02:48] - https://www.douban.com/feed/review/book
[2025-11-08 17:01:46] 本次订阅抓取结果统计:
[2025-11-08 17:01:46] 共 63 条RSS, 成功抓取 56 条.
[2025-11-08 17:01:46] ✘ 有 6 条订阅解析失败:
[2025-11-08 17:01:46] - https://tumutanzi.com/feed
[2025-11-08 17:01:46] - https://tcxx.info/feed
[2025-11-08 17:01:46] - https://geekinney.com/index.xml
[2025-11-08 17:01:46] - https://suus.me/index.xml
[2025-11-08 17:01:46] - https://yinwang1.substack.com/feed
[2025-11-08 17:01:46] - https://botanwang.com/rss.xml
[2025-11-08 17:01:46] ✘ 有 1 条订阅为空:
[2025-11-08 17:01:46] - http://feeds.feedburner.com/zhihu-daily
[2025-11-08 17:01:46] ✘ 有 1 条订阅头像字段为空, 已使用默认头像:
[2025-11-08 17:01:46] - https://feed.cnblogs.com/blog/u/66551/rss/
[2025-11-08 17:01:46] ✘ 有 3 条订阅头像无法访问, 已使用默认头像:
[2025-11-08 17:01:46] - http://feeds.feedburner.com/ruanyifeng
[2025-11-08 17:01:46] - https://skywind.me/blog/feed
[2025-11-08 17:01:46] - https://www.douban.com/feed/review/book
