[2025-07-08 00:04:07] 本次订阅抓取结果统计:
[2025-07-08 00:04:07] 共 48 条RSS, 成功抓取 47 条.
[2025-07-08 00:04:07] ✘ 有 1 条订阅解析失败:
[2025-07-08 00:04:07] - https://tcxx.info/feed
[2025-07-08 00:04:07] ✘ 有 4 条订阅头像无法访问, 已使用默认头像:
[2025-07-08 00:04:07] - http://feeds.feedburner.com/ruanyifeng
[2025-07-08 00:04:07] - https://www.loyhome.com/feed
[2025-07-08 00:04:07] - https://a4.zyzhang.com/index.xml
[2025-07-08 00:04:07] - https://www.douban.com/feed/review/book
[2025-07-08 01:29:43] 本次订阅抓取结果统计:
[2025-07-08 01:29:43] 共 48 条RSS, 成功抓取 47 条.
[2025-07-08 01:29:43] ✘ 有 1 条订阅解析失败:
[2025-07-08 01:29:43] - https://tcxx.info/feed
[2025-07-08 01:29:43] ✘ 有 4 条订阅头像无法访问, 已使用默认头像:
[2025-07-08 01:29:43] - http://feeds.feedburner.com/ruanyifeng
[2025-07-08 01:29:43] - https://www.loyhome.com/feed
[2025-07-08 01:29:43] - https://a4.zyzhang.com/index.xml
[2025-07-08 01:29:43] - https://www.douban.com/feed/review/book
[2025-07-08 02:33:33] 本次订阅抓取结果统计:
[2025-07-08 02:33:33] 共 48 条RSS, 成功抓取 47 条.
[2025-07-08 02:33:33] ✘ 有 1 条订阅解析失败:
[2025-07-08 02:33:33] - https://tcxx.info/feed
[2025-07-08 02:33:33] ✘ 有 6 条订阅头像无法访问, 已使用默认头像:
[2025-07-08 02:33:33] - http://feeds.feedburner.com/ruanyifeng
[2025-07-08 02:33:33] - https://www.loyhome.com/feed
[2025-07-08 02:33:33] - https://blog.pursuitus.com/feed
[2025-07-08 02:33:33] - https://a4.zyzhang.com/index.xml
[2025-07-08 02:33:33] - https://www.douban.com/feed/review/book
[2025-07-08 02:33:33] - https://feeds.appinn.com/appinns/
[2025-07-08 03:25:07] 本次订阅抓取结果统计:
[2025-07-08 03:25:07] 共 48 条RSS, 成功抓取 47 条.
[2025-07-08 03:25:07] ✘ 有 1 条订阅解析失败:
[2025-07-08 03:25:07] - https://tcxx.info/feed
[2025-07-08 03:25:07] ✘ 有 5 条订阅头像无法访问, 已使用默认头像:
[2025-07-08 03:25:07] - http://feeds.feedburner.com/ruanyifeng
[2025-07-08 03:25:07] - https://www.loyhome.com/feed
[2025-07-08 03:25:07] - https://www.shephe.com/feed
[2025-07-08 03:25:07] - https://a4.zyzhang.com/index.xml
[2025-07-08 03:25:07] - https://www.douban.com/feed/review/book
[2025-07-08 04:08:00] 本次订阅抓取结果统计:
[2025-07-08 04:08:00] 共 48 条RSS, 成功抓取 47 条.
[2025-07-08 04:08:00] ✘ 有 1 条订阅解析失败:
[2025-07-08 04:08:00] - https://tcxx.info/feed
[2025-07-08 04:08:00] ✘ 有 4 条订阅头像无法访问, 已使用默认头像:
[2025-07-08 04:08:00] - http://feeds.feedburner.com/ruanyifeng
[2025-07-08 04:08:00] - https://www.loyhome.com/feed
[2025-07-08 04:08:00] - https://a4.zyzhang.com/index.xml
[2025-07-08 04:08:00] - https://www.douban.com/feed/review/book
[2025-07-08 05:02:28] 本次订阅抓取结果统计:
[2025-07-08 05:02:28] 共 48 条RSS, 成功抓取 47 条.
[2025-07-08 05:02:28] ✘ 有 1 条订阅解析失败:
[2025-07-08 05:02:28] - https://tcxx.info/feed
[2025-07-08 05:02:28] ✘ 有 4 条订阅头像无法访问, 已使用默认头像:
[2025-07-08 05:02:28] - http://feeds.feedburner.com/ruanyifeng
[2025-07-08 05:02:28] - https://www.loyhome.com/feed
[2025-07-08 05:02:28] - https://a4.zyzhang.com/index.xml
[2025-07-08 05:02:28] - https://www.douban.com/feed/review/book
[2025-07-08 06:03:36] 本次订阅抓取结果统计:
[2025-07-08 06:03:36] 共 48 条RSS, 成功抓取 47 条.
[2025-07-08 06:03:36] ✘ 有 1 条订阅解析失败:
[2025-07-08 06:03:36] - https://tcxx.info/feed
[2025-07-08 06:03:36] ✘ 有 4 条订阅头像无法访问, 已使用默认头像:
[2025-07-08 06:03:36] - http://feeds.feedburner.com/ruanyifeng
[2025-07-08 06:03:36] - https://www.loyhome.com/feed
[2025-07-08 06:03:36] - https://a4.zyzhang.com/index.xml
[2025-07-08 06:03:36] - https://www.douban.com/feed/review/book
