[2025-04-17 01:18:32] 本次订阅抓取结果统计:
[2025-04-17 01:18:32] 共 28 条RSS, 成功抓取 27 条.
[2025-04-17 01:18:32] ✘ 有 1 条订阅解析失败:
[2025-04-17 01:18:32] - https://tcxx.info/feed
[2025-04-17 01:18:32] ✘ 有 3 条订阅头像无法访问, 已使用默认头像:
[2025-04-17 01:18:32] - http://feeds.feedburner.com/ruanyifeng
[2025-04-17 01:18:32] - https://www.loyhome.com/feed
[2025-04-17 01:18:32] - https://xyzbz.cn/feed
[2025-04-17 03:01:44] 本次订阅抓取结果统计:
[2025-04-17 03:01:44] 共 28 条RSS, 成功抓取 27 条.
[2025-04-17 03:01:44] ✘ 有 1 条订阅解析失败:
[2025-04-17 03:01:44] - https://tcxx.info/feed
[2025-04-17 03:01:44] ✘ 有 3 条订阅头像无法访问, 已使用默认头像:
[2025-04-17 03:01:44] - http://feeds.feedburner.com/ruanyifeng
[2025-04-17 03:01:44] - https://www.loyhome.com/feed
[2025-04-17 03:01:44] - https://yihui.org/index.xml
[2025-04-17 04:20:27] 本次订阅抓取结果统计:
[2025-04-17 04:20:27] 共 28 条RSS, 成功抓取 27 条.
[2025-04-17 04:20:27] ✘ 有 1 条订阅解析失败:
[2025-04-17 04:20:27] - https://tcxx.info/feed
[2025-04-17 04:20:27] ✘ 有 2 条订阅头像无法访问, 已使用默认头像:
[2025-04-17 04:20:27] - http://feeds.feedburner.com/ruanyifeng
[2025-04-17 04:20:27] - https://www.loyhome.com/feed
[2025-04-17 05:17:38] [ERROR] 拉取RSS链接失败: /home/runner/work/lhasaRSS/lhasaRSS/feed_fetcher.go:53 => 无法获取RSS列表文件: https://lhasa-1253887673.cos.ap-shanghai.myqcloud.com/lhasaRSS/rss.txt | 原因: Get "https://lhasa-1253887673.cos.ap-shanghai.myqcloud.com/lhasaRSS/rss.txt": dial tcp 117.68.20.84:443: i/o timeout
[2025-04-17 06:24:31] 本次订阅抓取结果统计:
[2025-04-17 06:24:31] 共 28 条RSS, 成功抓取 27 条.
[2025-04-17 06:24:31] ✘ 有 1 条订阅解析失败:
[2025-04-17 06:24:31] - https://tcxx.info/feed
[2025-04-17 06:24:31] ✘ 有 2 条订阅头像无法访问, 已使用默认头像:
[2025-04-17 06:24:31] - http://feeds.feedburner.com/ruanyifeng
[2025-04-17 06:24:31] - https://www.loyhome.com/feed
[2025-04-17 07:17:44] 本次订阅抓取结果统计:
[2025-04-17 07:17:44] 共 28 条RSS, 成功抓取 27 条.
[2025-04-17 07:17:44] ✘ 有 1 条订阅解析失败:
[2025-04-17 07:17:44] - https://tcxx.info/feed
[2025-04-17 07:17:44] ✘ 有 2 条订阅头像无法访问, 已使用默认头像:
[2025-04-17 07:17:44] - https://www.loyhome.com/feed
[2025-04-17 07:17:44] - http://feeds.feedburner.com/ruanyifeng
[2025-04-17 08:23:15] 本次订阅抓取结果统计:
[2025-04-17 08:23:15] 共 28 条RSS, 成功抓取 27 条.
[2025-04-17 08:23:15] ✘ 有 1 条订阅解析失败:
[2025-04-17 08:23:15] - https://tcxx.info/feed
[2025-04-17 08:23:15] ✘ 有 2 条订阅头像无法访问, 已使用默认头像:
[2025-04-17 08:23:15] - http://feeds.feedburner.com/ruanyifeng
[2025-04-17 08:23:15] - https://www.loyhome.com/feed
[2025-04-17 09:18:42] 本次订阅抓取结果统计:
[2025-04-17 09:18:42] 共 28 条RSS, 成功抓取 27 条.
[2025-04-17 09:18:42] ✘ 有 1 条订阅解析失败:
[2025-04-17 09:18:42] - https://tcxx.info/feed
[2025-04-17 09:18:42] ✘ 有 2 条订阅头像无法访问, 已使用默认头像:
[2025-04-17 09:18:42] - http://feeds.feedburner.com/ruanyifeng
[2025-04-17 09:18:42] - https://www.loyhome.com/feed
[2025-04-17 10:18:39] 本次订阅抓取结果统计:
[2025-04-17 10:18:39] 共 28 条RSS, 成功抓取 27 条.
[2025-04-17 10:18:39] ✘ 有 1 条订阅解析失败:
[2025-04-17 10:18:39] - https://tcxx.info/feed
[2025-04-17 10:18:39] ✘ 有 2 条订阅头像无法访问, 已使用默认头像:
[2025-04-17 10:18:39] - http://feeds.feedburner.com/ruanyifeng
[2025-04-17 10:18:39] - https://www.loyhome.com/feed
[2025-04-17 11:13:59] 本次订阅抓取结果统计:
[2025-04-17 11:13:59] 共 28 条RSS, 成功抓取 27 条.
[2025-04-17 11:13:59] ✘ 有 1 条订阅解析失败:
[2025-04-17 11:13:59] - https://tcxx.info/feed
[2025-04-17 11:13:59] ✘ 有 2 条订阅头像无法访问, 已使用默认头像:
[2025-04-17 11:13:59] - http://feeds.feedburner.com/ruanyifeng
[2025-04-17 11:13:59] - https://www.loyhome.com/feed
[2025-04-17 12:33:38] 本次订阅抓取结果统计:
[2025-04-17 12:33:38] 共 28 条RSS, 成功抓取 27 条.
[2025-04-17 12:33:38] ✘ 有 1 条订阅解析失败:
[2025-04-17 12:33:38] - https://tcxx.info/feed
[2025-04-17 12:33:38] ✘ 有 2 条订阅头像无法访问, 已使用默认头像:
[2025-04-17 12:33:38] - http://feeds.feedburner.com/ruanyifeng
[2025-04-17 12:33:38] - https://www.loyhome.com/feed
[2025-04-17 13:26:22] 本次订阅抓取结果统计:
[2025-04-17 13:26:22] 共 28 条RSS, 成功抓取 27 条.
[2025-04-17 13:26:22] ✘ 有 1 条订阅解析失败:
[2025-04-17 13:26:22] - https://tcxx.info/feed
[2025-04-17 13:26:22] ✘ 有 2 条订阅头像无法访问, 已使用默认头像:
[2025-04-17 13:26:22] - http://feeds.feedburner.com/ruanyifeng
[2025-04-17 13:26:22] - https://www.loyhome.com/feed
[2025-04-17 14:16:23] 本次订阅抓取结果统计:
[2025-04-17 14:16:23] 共 28 条RSS, 成功抓取 27 条.
[2025-04-17 14:16:23] ✘ 有 1 条订阅解析失败:
[2025-04-17 14:16:23] - https://tcxx.info/feed
[2025-04-17 14:16:23] ✘ 有 2 条订阅头像无法访问, 已使用默认头像:
[2025-04-17 14:16:23] - http://feeds.feedburner.com/ruanyifeng
[2025-04-17 14:16:23] - https://www.loyhome.com/feed
[2025-04-17 15:18:00] 本次订阅抓取结果统计:
[2025-04-17 15:18:00] 共 28 条RSS, 成功抓取 27 条.
[2025-04-17 15:18:00] ✘ 有 1 条订阅解析失败:
[2025-04-17 15:18:00] - https://tcxx.info/feed
[2025-04-17 15:18:00] ✘ 有 2 条订阅头像无法访问, 已使用默认头像:
[2025-04-17 15:18:00] - http://feeds.feedburner.com/ruanyifeng
[2025-04-17 15:18:00] - https://www.loyhome.com/feed
[2025-04-17 16:22:15] 本次订阅抓取结果统计:
[2025-04-17 16:22:15] 共 28 条RSS, 成功抓取 27 条.
[2025-04-17 16:22:15] ✘ 有 1 条订阅解析失败:
[2025-04-17 16:22:15] - https://tcxx.info/feed
[2025-04-17 16:22:15] ✘ 有 3 条订阅头像无法访问, 已使用默认头像:
[2025-04-17 16:22:15] - http://feeds.feedburner.com/ruanyifeng
[2025-04-17 16:22:15] - https://www.loyhome.com/feed
[2025-04-17 16:22:15] - https://1900.live/rss.xml
[2025-04-17 17:15:03] 本次订阅抓取结果统计:
[2025-04-17 17:15:03] 共 28 条RSS, 成功抓取 27 条.
[2025-04-17 17:15:03] ✘ 有 1 条订阅解析失败:
[2025-04-17 17:15:03] - https://tcxx.info/feed
[2025-04-17 17:15:03] ✘ 有 3 条订阅头像无法访问, 已使用默认头像:
[2025-04-17 17:15:03] - http://feeds.feedburner.com/ruanyifeng
[2025-04-17 17:15:03] - https://www.loyhome.com/feed
[2025-04-17 17:15:03] - https://xyzbz.cn/feed
[2025-04-17 18:23:05] 本次订阅抓取结果统计:
[2025-04-17 18:23:05] 共 28 条RSS, 成功抓取 27 条.
[2025-04-17 18:23:05] ✘ 有 1 条订阅解析失败:
[2025-04-17 18:23:05] - https://tcxx.info/feed
[2025-04-17 18:23:05] ✘ 有 2 条订阅头像无法访问, 已使用默认头像:
[2025-04-17 18:23:05] - https://www.loyhome.com/feed
[2025-04-17 18:23:05] - http://feeds.feedburner.com/ruanyifeng
[2025-04-17 19:13:27] 本次订阅抓取结果统计:
[2025-04-17 19:13:27] 共 28 条RSS, 成功抓取 27 条.
[2025-04-17 19:13:27] ✘ 有 1 条订阅解析失败:
[2025-04-17 19:13:27] - https://tcxx.info/feed
[2025-04-17 19:13:27] ✘ 有 2 条订阅头像无法访问, 已使用默认头像:
[2025-04-17 19:13:27] - http://feeds.feedburner.com/ruanyifeng
[2025-04-17 19:13:27] - https://www.loyhome.com/feed
