[2025-03-21 01:16:39] 本次订阅抓取结果统计:
[2025-03-21 01:16:39] 共 28 条RSS, 成功抓取 27 条.
[2025-03-21 01:16:39] ✘ 有 1 条订阅解析失败:
[2025-03-21 01:16:39] - https://geekinney.com/index.xml
[2025-03-21 01:16:39] ✘ 有 3 条订阅头像无法访问, 已使用默认头像:
[2025-03-21 01:16:39] - https://tcxx.info/feed
[2025-03-21 01:16:39] - http://feeds.feedburner.com/ruanyifeng
[2025-03-21 01:16:39] - https://www.loyhome.com/feed
[2025-03-21 02:56:57] 本次订阅抓取结果统计:
[2025-03-21 02:56:57] 共 28 条RSS, 成功抓取 27 条.
[2025-03-21 02:56:57] ✘ 有 1 条订阅解析失败:
[2025-03-21 02:56:57] - https://geekinney.com/index.xml
[2025-03-21 02:56:57] ✘ 有 3 条订阅头像无法访问, 已使用默认头像:
[2025-03-21 02:56:57] - https://tcxx.info/feed
[2025-03-21 02:56:57] - http://feeds.feedburner.com/ruanyifeng
[2025-03-21 02:56:57] - https://www.loyhome.com/feed
[2025-03-21 03:30:41] 本次订阅抓取结果统计:
[2025-03-21 03:30:41] 共 28 条RSS, 成功抓取 27 条.
[2025-03-21 03:30:41] ✘ 有 1 条订阅解析失败:
[2025-03-21 03:30:41] - https://geekinney.com/index.xml
[2025-03-21 03:30:41] ✘ 有 3 条订阅头像无法访问, 已使用默认头像:
[2025-03-21 03:30:41] - https://tcxx.info/feed
[2025-03-21 03:30:41] - http://feeds.feedburner.com/ruanyifeng
[2025-03-21 03:30:41] - https://www.loyhome.com/feed
[2025-03-21 04:19:36] 本次订阅抓取结果统计:
[2025-03-21 04:19:36] 共 28 条RSS, 成功抓取 27 条.
[2025-03-21 04:19:36] ✘ 有 1 条订阅解析失败:
[2025-03-21 04:19:36] - https://geekinney.com/index.xml
[2025-03-21 04:19:36] ✘ 有 2 条订阅头像无法访问, 已使用默认头像:
[2025-03-21 04:19:36] - http://feeds.feedburner.com/ruanyifeng
[2025-03-21 04:19:36] - https://www.loyhome.com/feed
[2025-03-21 05:16:02] 本次订阅抓取结果统计:
[2025-03-21 05:16:02] 共 28 条RSS, 成功抓取 26 条.
[2025-03-21 05:16:02] ✘ 有 2 条订阅解析失败:
[2025-03-21 05:16:02] - https://tcxx.info/feed
[2025-03-21 05:16:02] - https://geekinney.com/index.xml
[2025-03-21 05:16:02] ✘ 有 2 条订阅头像无法访问, 已使用默认头像:
[2025-03-21 05:16:02] - http://feeds.feedburner.com/ruanyifeng
[2025-03-21 05:16:02] - https://www.loyhome.com/feed
[2025-03-21 06:25:00] 本次订阅抓取结果统计:
[2025-03-21 06:25:00] 共 28 条RSS, 成功抓取 26 条.
[2025-03-21 06:25:00] ✘ 有 2 条订阅解析失败:
[2025-03-21 06:25:00] - https://tcxx.info/feed
[2025-03-21 06:25:00] - https://geekinney.com/index.xml
[2025-03-21 06:25:00] ✘ 有 2 条订阅头像无法访问, 已使用默认头像:
[2025-03-21 06:25:00] - http://feeds.feedburner.com/ruanyifeng
[2025-03-21 06:25:00] - https://www.loyhome.com/feed
[2025-03-21 07:16:20] 本次订阅抓取结果统计:
[2025-03-21 07:16:20] 共 28 条RSS, 成功抓取 26 条.
[2025-03-21 07:16:20] ✘ 有 2 条订阅解析失败:
[2025-03-21 07:16:20] - https://tcxx.info/feed
[2025-03-21 07:16:20] - https://geekinney.com/index.xml
[2025-03-21 07:16:20] ✘ 有 2 条订阅头像无法访问, 已使用默认头像:
[2025-03-21 07:16:20] - http://feeds.feedburner.com/ruanyifeng
[2025-03-21 07:16:20] - https://www.loyhome.com/feed
[2025-03-21 08:31:21] 本次订阅抓取结果统计:
[2025-03-21 08:31:21] 共 28 条RSS, 成功抓取 26 条.
[2025-03-21 08:31:21] ✘ 有 2 条订阅解析失败:
[2025-03-21 08:31:21] - https://tcxx.info/feed
[2025-03-21 08:31:21] - https://geekinney.com/index.xml
[2025-03-21 08:31:21] ✘ 有 2 条订阅头像无法访问, 已使用默认头像:
[2025-03-21 08:31:21] - https://www.loyhome.com/feed
[2025-03-21 08:31:21] - http://feeds.feedburner.com/ruanyifeng
[2025-03-21 09:17:42] 本次订阅抓取结果统计:
[2025-03-21 09:17:42] 共 28 条RSS, 成功抓取 27 条.
[2025-03-21 09:17:42] ✘ 有 1 条订阅解析失败:
[2025-03-21 09:17:42] - https://geekinney.com/index.xml
[2025-03-21 09:17:42] ✘ 有 2 条订阅头像无法访问, 已使用默认头像:
[2025-03-21 09:17:42] - http://feeds.feedburner.com/ruanyifeng
[2025-03-21 09:17:42] - https://www.loyhome.com/feed
[2025-03-21 10:18:05] 本次订阅抓取结果统计:
[2025-03-21 10:18:05] 共 28 条RSS, 成功抓取 27 条.
[2025-03-21 10:18:05] ✘ 有 1 条订阅解析失败:
[2025-03-21 10:18:05] - https://geekinney.com/index.xml
[2025-03-21 10:18:05] ✘ 有 2 条订阅头像无法访问, 已使用默认头像:
[2025-03-21 10:18:05] - http://feeds.feedburner.com/ruanyifeng
[2025-03-21 10:18:05] - https://www.loyhome.com/feed
[2025-03-21 11:13:57] 本次订阅抓取结果统计:
[2025-03-21 11:13:57] 共 28 条RSS, 成功抓取 27 条.
[2025-03-21 11:13:57] ✘ 有 1 条订阅解析失败:
[2025-03-21 11:13:57] - https://geekinney.com/index.xml
[2025-03-21 11:13:57] ✘ 有 2 条订阅头像无法访问, 已使用默认头像:
[2025-03-21 11:13:57] - http://feeds.feedburner.com/ruanyifeng
[2025-03-21 11:13:57] - https://www.loyhome.com/feed
[2025-03-21 12:32:11] 本次订阅抓取结果统计:
[2025-03-21 12:32:11] 共 28 条RSS, 成功抓取 26 条.
[2025-03-21 12:32:11] ✘ 有 2 条订阅解析失败:
[2025-03-21 12:32:11] - https://tcxx.info/feed
[2025-03-21 12:32:11] - https://geekinney.com/index.xml
[2025-03-21 12:32:11] ✘ 有 2 条订阅头像无法访问, 已使用默认头像:
[2025-03-21 12:32:11] - http://feeds.feedburner.com/ruanyifeng
[2025-03-21 12:32:11] - https://www.loyhome.com/feed
[2025-03-21 13:24:38] 本次订阅抓取结果统计:
[2025-03-21 13:24:38] 共 28 条RSS, 成功抓取 27 条.
[2025-03-21 13:24:38] ✘ 有 1 条订阅解析失败:
[2025-03-21 13:24:38] - https://geekinney.com/index.xml
[2025-03-21 13:24:38] ✘ 有 2 条订阅头像无法访问, 已使用默认头像:
[2025-03-21 13:24:38] - http://feeds.feedburner.com/ruanyifeng
[2025-03-21 13:24:38] - https://www.loyhome.com/feed
[2025-03-21 14:16:12] 本次订阅抓取结果统计:
[2025-03-21 14:16:12] 共 28 条RSS, 成功抓取 26 条.
[2025-03-21 14:16:12] ✘ 有 2 条订阅解析失败:
[2025-03-21 14:16:12] - https://geekinney.com/index.xml
[2025-03-21 14:16:12] - https://tcxx.info/feed
[2025-03-21 14:16:12] ✘ 有 3 条订阅头像无法访问, 已使用默认头像:
[2025-03-21 14:16:12] - https://www.loyhome.com/feed
[2025-03-21 14:16:12] - http://feeds.feedburner.com/ruanyifeng
[2025-03-21 14:16:12] - https://xyzbz.cn/feed
[2025-03-21 15:17:32] 本次订阅抓取结果统计:
[2025-03-21 15:17:32] 共 28 条RSS, 成功抓取 26 条.
[2025-03-21 15:17:32] ✘ 有 2 条订阅解析失败:
[2025-03-21 15:17:32] - https://tcxx.info/feed
[2025-03-21 15:17:32] - https://geekinney.com/index.xml
[2025-03-21 15:17:32] ✘ 有 2 条订阅头像无法访问, 已使用默认头像:
[2025-03-21 15:17:32] - http://feeds.feedburner.com/ruanyifeng
[2025-03-21 15:17:32] - https://www.loyhome.com/feed
[2025-03-21 16:20:53] 本次订阅抓取结果统计:
[2025-03-21 16:20:53] 共 28 条RSS, 成功抓取 26 条.
[2025-03-21 16:20:53] ✘ 有 2 条订阅解析失败:
[2025-03-21 16:20:53] - https://geekinney.com/index.xml
[2025-03-21 16:20:53] - https://tcxx.info/feed
[2025-03-21 16:20:53] ✘ 有 2 条订阅头像无法访问, 已使用默认头像:
[2025-03-21 16:20:53] - https://www.loyhome.com/feed
[2025-03-21 16:20:53] - http://feeds.feedburner.com/ruanyifeng
[2025-03-21 17:14:34] 本次订阅抓取结果统计:
[2025-03-21 17:14:34] 共 28 条RSS, 成功抓取 26 条.
[2025-03-21 17:14:34] ✘ 有 2 条订阅解析失败:
[2025-03-21 17:14:34] - https://tcxx.info/feed
[2025-03-21 17:14:34] - https://geekinney.com/index.xml
[2025-03-21 17:14:34] ✘ 有 2 条订阅头像无法访问, 已使用默认头像:
[2025-03-21 17:14:34] - https://www.loyhome.com/feed
[2025-03-21 17:14:34] - http://feeds.feedburner.com/ruanyifeng
