[2025-05-30 00:04:35] 本次订阅抓取结果统计:
[2025-05-30 00:04:35] 共 45 条RSS, 成功抓取 44 条.
[2025-05-30 00:04:35] ✘ 有 1 条订阅解析失败:
[2025-05-30 00:04:35] - https://tcxx.info/feed
[2025-05-30 00:04:35] ✘ 有 3 条订阅头像无法访问, 已使用默认头像:
[2025-05-30 00:04:35] - http://feeds.feedburner.com/ruanyifeng
[2025-05-30 00:04:35] - https://www.loyhome.com/feed
[2025-05-30 00:04:35] - https://www.douban.com/feed/review/book
[2025-05-30 01:29:16] 本次订阅抓取结果统计:
[2025-05-30 01:29:16] 共 45 条RSS, 成功抓取 44 条.
[2025-05-30 01:29:16] ✘ 有 1 条订阅解析失败:
[2025-05-30 01:29:16] - https://tcxx.info/feed
[2025-05-30 01:29:16] ✘ 有 3 条订阅头像无法访问, 已使用默认头像:
[2025-05-30 01:29:16] - http://feeds.feedburner.com/ruanyifeng
[2025-05-30 01:29:16] - https://www.loyhome.com/feed
[2025-05-30 01:29:16] - https://www.douban.com/feed/review/book
[2025-05-30 02:30:56] 本次订阅抓取结果统计:
[2025-05-30 02:30:56] 共 45 条RSS, 成功抓取 44 条.
[2025-05-30 02:30:56] ✘ 有 1 条订阅解析失败:
[2025-05-30 02:30:56] - https://tcxx.info/feed
[2025-05-30 02:30:56] ✘ 有 4 条订阅头像无法访问, 已使用默认头像:
[2025-05-30 02:30:56] - http://feeds.feedburner.com/ruanyifeng
[2025-05-30 02:30:56] - https://www.loyhome.com/feed
[2025-05-30 02:30:56] - https://feeds.appinn.com/appinns/
[2025-05-30 02:30:56] - https://www.douban.com/feed/review/book
[2025-05-30 03:19:49] 本次订阅抓取结果统计:
[2025-05-30 03:19:49] 共 45 条RSS, 成功抓取 44 条.
[2025-05-30 03:19:49] ✘ 有 1 条订阅解析失败:
[2025-05-30 03:19:49] - https://tcxx.info/feed
[2025-05-30 03:19:49] ✘ 有 3 条订阅头像无法访问, 已使用默认头像:
[2025-05-30 03:19:49] - https://www.loyhome.com/feed
[2025-05-30 03:19:49] - http://feeds.feedburner.com/ruanyifeng
[2025-05-30 03:19:49] - https://www.douban.com/feed/review/book
[2025-05-30 04:03:24] 本次订阅抓取结果统计:
[2025-05-30 04:03:24] 共 45 条RSS, 成功抓取 44 条.
[2025-05-30 04:03:24] ✘ 有 1 条订阅解析失败:
[2025-05-30 04:03:24] - https://tcxx.info/feed
[2025-05-30 04:03:24] ✘ 有 4 条订阅头像无法访问, 已使用默认头像:
[2025-05-30 04:03:24] - http://feeds.feedburner.com/ruanyifeng
[2025-05-30 04:03:24] - https://www.loyhome.com/feed
[2025-05-30 04:03:24] - https://www.douban.com/feed/review/book
[2025-05-30 04:03:24] - https://feeds.appinn.com/appinns/
[2025-05-30 05:02:07] 本次订阅抓取结果统计:
[2025-05-30 05:02:07] 共 45 条RSS, 成功抓取 44 条.
[2025-05-30 05:02:07] ✘ 有 1 条订阅解析失败:
[2025-05-30 05:02:07] - https://tcxx.info/feed
[2025-05-30 05:02:07] ✘ 有 4 条订阅头像无法访问, 已使用默认头像:
[2025-05-30 05:02:07] - http://feeds.feedburner.com/ruanyifeng
[2025-05-30 05:02:07] - https://www.loyhome.com/feed
[2025-05-30 05:02:07] - https://www.douban.com/feed/review/book
[2025-05-30 05:02:07] - https://feeds.appinn.com/appinns/
[2025-05-30 06:02:06] 本次订阅抓取结果统计:
[2025-05-30 06:02:06] 共 45 条RSS, 成功抓取 44 条.
[2025-05-30 06:02:06] ✘ 有 1 条订阅解析失败:
[2025-05-30 06:02:06] - https://tcxx.info/feed
[2025-05-30 06:02:06] ✘ 有 3 条订阅头像无法访问, 已使用默认头像:
[2025-05-30 06:02:06] - http://feeds.feedburner.com/ruanyifeng
[2025-05-30 06:02:06] - https://www.loyhome.com/feed
[2025-05-30 06:02:06] - https://www.douban.com/feed/review/book
[2025-05-30 07:02:04] 本次订阅抓取结果统计:
[2025-05-30 07:02:04] 共 45 条RSS, 成功抓取 44 条.
[2025-05-30 07:02:04] ✘ 有 1 条订阅解析失败:
[2025-05-30 07:02:04] - https://tcxx.info/feed
[2025-05-30 07:02:04] ✘ 有 3 条订阅头像无法访问, 已使用默认头像:
[2025-05-30 07:02:04] - http://feeds.feedburner.com/ruanyifeng
[2025-05-30 07:02:04] - https://www.loyhome.com/feed
[2025-05-30 07:02:04] - https://www.douban.com/feed/review/book
[2025-05-30 08:02:03] 本次订阅抓取结果统计:
[2025-05-30 08:02:03] 共 45 条RSS, 成功抓取 44 条.
[2025-05-30 08:02:03] ✘ 有 1 条订阅解析失败:
[2025-05-30 08:02:03] - https://tcxx.info/feed
[2025-05-30 08:02:03] ✘ 有 3 条订阅头像无法访问, 已使用默认头像:
[2025-05-30 08:02:03] - http://feeds.feedburner.com/ruanyifeng
[2025-05-30 08:02:03] - https://www.loyhome.com/feed
[2025-05-30 08:02:03] - https://www.douban.com/feed/review/book
[2025-05-30 09:02:01] 本次订阅抓取结果统计:
[2025-05-30 09:02:01] 共 45 条RSS, 成功抓取 44 条.
[2025-05-30 09:02:01] ✘ 有 1 条订阅解析失败:
[2025-05-30 09:02:01] - https://tcxx.info/feed
[2025-05-30 09:02:01] ✘ 有 3 条订阅头像无法访问, 已使用默认头像:
[2025-05-30 09:02:01] - https://www.loyhome.com/feed
[2025-05-30 09:02:01] - http://feeds.feedburner.com/ruanyifeng
[2025-05-30 09:02:01] - https://www.douban.com/feed/review/book
[2025-05-30 10:02:02] 本次订阅抓取结果统计:
[2025-05-30 10:02:02] 共 45 条RSS, 成功抓取 44 条.
[2025-05-30 10:02:02] ✘ 有 1 条订阅解析失败:
[2025-05-30 10:02:02] - https://tcxx.info/feed
[2025-05-30 10:02:02] ✘ 有 3 条订阅头像无法访问, 已使用默认头像:
[2025-05-30 10:02:02] - http://feeds.feedburner.com/ruanyifeng
[2025-05-30 10:02:02] - https://www.loyhome.com/feed
[2025-05-30 10:02:02] - https://www.douban.com/feed/review/book
[2025-05-30 11:02:34] 本次订阅抓取结果统计:
[2025-05-30 11:02:34] 共 45 条RSS, 成功抓取 42 条.
[2025-05-30 11:02:34] ✘ 有 2 条订阅解析失败:
[2025-05-30 11:02:34] - https://tcxx.info/feed
[2025-05-30 11:02:34] - https://www.shephe.com/feed
[2025-05-30 11:02:34] ✘ 有 1 条订阅为空:
[2025-05-30 11:02:34] - https://diygod.cc/feed
[2025-05-30 11:02:34] ✘ 有 4 条订阅头像无法访问, 已使用默认头像:
[2025-05-30 11:02:34] - http://feeds.feedburner.com/ruanyifeng
[2025-05-30 11:02:34] - https://www.loyhome.com/feed
[2025-05-30 11:02:34] - https://www.douban.com/feed/review/book
[2025-05-30 11:02:34] - https://feeds.appinn.com/appinns/
[2025-05-30 12:02:18] 本次订阅抓取结果统计:
[2025-05-30 12:02:18] 共 45 条RSS, 成功抓取 44 条.
[2025-05-30 12:02:18] ✘ 有 1 条订阅解析失败:
[2025-05-30 12:02:18] - https://tcxx.info/feed
[2025-05-30 12:02:18] ✘ 有 4 条订阅头像无法访问, 已使用默认头像:
[2025-05-30 12:02:18] - http://feeds.feedburner.com/ruanyifeng
[2025-05-30 12:02:18] - https://www.loyhome.com/feed
[2025-05-30 12:02:18] - https://www.douban.com/feed/review/book
[2025-05-30 12:02:18] - https://feeds.appinn.com/appinns/
[2025-05-30 13:10:30] 本次订阅抓取结果统计:
[2025-05-30 13:10:30] 共 45 条RSS, 成功抓取 44 条.
[2025-05-30 13:10:30] ✘ 有 1 条订阅解析失败:
[2025-05-30 13:10:30] - https://tcxx.info/feed
[2025-05-30 13:10:30] ✘ 有 4 条订阅头像无法访问, 已使用默认头像:
[2025-05-30 13:10:30] - http://feeds.feedburner.com/ruanyifeng
[2025-05-30 13:10:30] - https://www.loyhome.com/feed
[2025-05-30 13:10:30] - https://feeds.appinn.com/appinns/
[2025-05-30 13:10:30] - https://www.douban.com/feed/review/book
[2025-05-30 14:01:53] 本次订阅抓取结果统计:
[2025-05-30 14:01:53] 共 45 条RSS, 成功抓取 44 条.
[2025-05-30 14:01:53] ✘ 有 1 条订阅解析失败:
[2025-05-30 14:01:53] - https://tcxx.info/feed
[2025-05-30 14:01:53] ✘ 有 4 条订阅头像无法访问, 已使用默认头像:
[2025-05-30 14:01:53] - http://feeds.feedburner.com/ruanyifeng
[2025-05-30 14:01:53] - https://www.loyhome.com/feed
[2025-05-30 14:01:53] - https://feeds.appinn.com/appinns/
[2025-05-30 14:01:53] - https://www.douban.com/feed/review/book
[2025-05-30 15:02:05] 本次订阅抓取结果统计:
[2025-05-30 15:02:05] 共 45 条RSS, 成功抓取 44 条.
[2025-05-30 15:02:05] ✘ 有 1 条订阅解析失败:
[2025-05-30 15:02:05] - https://tcxx.info/feed
[2025-05-30 15:02:05] ✘ 有 3 条订阅头像无法访问, 已使用默认头像:
[2025-05-30 15:02:05] - http://feeds.feedburner.com/ruanyifeng
[2025-05-30 15:02:05] - https://www.loyhome.com/feed
[2025-05-30 15:02:05] - https://www.douban.com/feed/review/book
[2025-05-30 16:01:45] 本次订阅抓取结果统计:
[2025-05-30 16:01:45] 共 45 条RSS, 成功抓取 44 条.
[2025-05-30 16:01:45] ✘ 有 1 条订阅解析失败:
[2025-05-30 16:01:45] - https://tcxx.info/feed
[2025-05-30 16:01:45] ✘ 有 3 条订阅头像无法访问, 已使用默认头像:
[2025-05-30 16:01:45] - http://feeds.feedburner.com/ruanyifeng
[2025-05-30 16:01:45] - https://www.loyhome.com/feed
[2025-05-30 16:01:45] - https://www.douban.com/feed/review/book
[2025-05-30 17:02:01] 本次订阅抓取结果统计:
[2025-05-30 17:02:01] 共 45 条RSS, 成功抓取 44 条.
[2025-05-30 17:02:01] ✘ 有 1 条订阅解析失败:
[2025-05-30 17:02:01] - https://tcxx.info/feed
[2025-05-30 17:02:01] ✘ 有 4 条订阅头像无法访问, 已使用默认头像:
[2025-05-30 17:02:01] - http://feeds.feedburner.com/ruanyifeng
[2025-05-30 17:02:01] - https://www.loyhome.com/feed
[2025-05-30 17:02:01] - https://www.douban.com/feed/review/book
[2025-05-30 17:02:01] - https://feeds.appinn.com/appinns/
[2025-05-30 18:02:16] 本次订阅抓取结果统计:
[2025-05-30 18:02:16] 共 45 条RSS, 成功抓取 44 条.
[2025-05-30 18:02:16] ✘ 有 1 条订阅解析失败:
[2025-05-30 18:02:16] - https://tcxx.info/feed
[2025-05-30 18:02:16] ✘ 有 5 条订阅头像无法访问, 已使用默认头像:
[2025-05-30 18:02:16] - http://feeds.feedburner.com/ruanyifeng
[2025-05-30 18:02:16] - https://www.loyhome.com/feed
[2025-05-30 18:02:16] - https://xyzbz.cn/feed
[2025-05-30 18:02:16] - https://feeds.appinn.com/appinns/
[2025-05-30 18:02:16] - https://www.douban.com/feed/review/book
[2025-05-30 19:01:38] 抓取到的文章与现有数据相同，无需更新。
