[2025-05-31 00:04:10] 本次订阅抓取结果统计:
[2025-05-31 00:04:10] 共 45 条RSS, 成功抓取 44 条.
[2025-05-31 00:04:10] ✘ 有 1 条订阅解析失败:
[2025-05-31 00:04:10] - https://tcxx.info/feed
[2025-05-31 00:04:10] ✘ 有 5 条订阅头像无法访问, 已使用默认头像:
[2025-05-31 00:04:10] - http://feeds.feedburner.com/ruanyifeng
[2025-05-31 00:04:10] - https://www.loyhome.com/feed
[2025-05-31 00:04:10] - https://xyzbz.cn/feed
[2025-05-31 00:04:10] - https://www.douban.com/feed/review/book
[2025-05-31 00:04:10] - https://feeds.appinn.com/appinns/
[2025-05-31 01:29:32] 本次订阅抓取结果统计:
[2025-05-31 01:29:32] 共 45 条RSS, 成功抓取 44 条.
[2025-05-31 01:29:32] ✘ 有 1 条订阅解析失败:
[2025-05-31 01:29:32] - https://tcxx.info/feed
[2025-05-31 01:29:32] ✘ 有 3 条订阅头像无法访问, 已使用默认头像:
[2025-05-31 01:29:32] - http://feeds.feedburner.com/ruanyifeng
[2025-05-31 01:29:32] - https://www.loyhome.com/feed
[2025-05-31 01:29:32] - https://www.douban.com/feed/review/book
[2025-05-31 02:30:38] 本次订阅抓取结果统计:
[2025-05-31 02:30:38] 共 45 条RSS, 成功抓取 43 条.
[2025-05-31 02:30:38] ✘ 有 2 条订阅解析失败:
[2025-05-31 02:30:38] - https://tcxx.info/feed
[2025-05-31 02:30:38] - https://www.douban.com/feed/review/book
[2025-05-31 02:30:38] ✘ 有 2 条订阅头像无法访问, 已使用默认头像:
[2025-05-31 02:30:38] - http://feeds.feedburner.com/ruanyifeng
[2025-05-31 02:30:38] - https://www.loyhome.com/feed
[2025-05-31 03:19:07] 本次订阅抓取结果统计:
[2025-05-31 03:19:07] 共 45 条RSS, 成功抓取 44 条.
[2025-05-31 03:19:07] ✘ 有 1 条订阅解析失败:
[2025-05-31 03:19:07] - https://tcxx.info/feed
[2025-05-31 03:19:07] ✘ 有 4 条订阅头像无法访问, 已使用默认头像:
[2025-05-31 03:19:07] - http://feeds.feedburner.com/ruanyifeng
[2025-05-31 03:19:07] - https://www.loyhome.com/feed
[2025-05-31 03:19:07] - https://feeds.appinn.com/appinns/
[2025-05-31 03:19:07] - https://www.douban.com/feed/review/book
[2025-05-31 04:03:11] 本次订阅抓取结果统计:
[2025-05-31 04:03:11] 共 45 条RSS, 成功抓取 44 条.
[2025-05-31 04:03:11] ✘ 有 1 条订阅解析失败:
[2025-05-31 04:03:11] - https://tcxx.info/feed
[2025-05-31 04:03:11] ✘ 有 4 条订阅头像无法访问, 已使用默认头像:
[2025-05-31 04:03:11] - http://feeds.feedburner.com/ruanyifeng
[2025-05-31 04:03:11] - https://www.loyhome.com/feed
[2025-05-31 04:03:11] - https://www.douban.com/feed/review/book
[2025-05-31 04:03:11] - https://feeds.appinn.com/appinns/
[2025-05-31 05:02:48] 本次订阅抓取结果统计:
[2025-05-31 05:02:48] 共 45 条RSS, 成功抓取 42 条.
[2025-05-31 05:02:48] ✘ 有 3 条订阅解析失败:
[2025-05-31 05:02:48] - https://tcxx.info/feed
[2025-05-31 05:02:48] - https://www.douban.com/feed/review/book
[2025-05-31 05:02:48] - https://blog.twofei.com/rss
[2025-05-31 05:02:48] ✘ 有 2 条订阅头像无法访问, 已使用默认头像:
[2025-05-31 05:02:48] - http://feeds.feedburner.com/ruanyifeng
[2025-05-31 05:02:48] - https://www.loyhome.com/feed
[2025-05-31 06:01:58] 本次订阅抓取结果统计:
[2025-05-31 06:01:58] 共 45 条RSS, 成功抓取 44 条.
[2025-05-31 06:01:58] ✘ 有 1 条订阅解析失败:
[2025-05-31 06:01:58] - https://tcxx.info/feed
[2025-05-31 06:01:58] ✘ 有 3 条订阅头像无法访问, 已使用默认头像:
[2025-05-31 06:01:58] - http://feeds.feedburner.com/ruanyifeng
[2025-05-31 06:01:58] - https://www.loyhome.com/feed
[2025-05-31 06:01:58] - https://www.douban.com/feed/review/book
[2025-05-31 07:02:21] 本次订阅抓取结果统计:
[2025-05-31 07:02:21] 共 45 条RSS, 成功抓取 44 条.
[2025-05-31 07:02:21] ✘ 有 1 条订阅解析失败:
[2025-05-31 07:02:21] - https://tcxx.info/feed
[2025-05-31 07:02:21] ✘ 有 3 条订阅头像无法访问, 已使用默认头像:
[2025-05-31 07:02:21] - http://feeds.feedburner.com/ruanyifeng
[2025-05-31 07:02:21] - https://www.loyhome.com/feed
[2025-05-31 07:02:21] - https://www.douban.com/feed/review/book
[2025-05-31 08:01:48] 本次订阅抓取结果统计:
[2025-05-31 08:01:48] 共 45 条RSS, 成功抓取 43 条.
[2025-05-31 08:01:48] ✘ 有 2 条订阅解析失败:
[2025-05-31 08:01:48] - https://tcxx.info/feed
[2025-05-31 08:01:48] - https://www.douban.com/feed/review/book
[2025-05-31 08:01:48] ✘ 有 2 条订阅头像无法访问, 已使用默认头像:
[2025-05-31 08:01:48] - http://feeds.feedburner.com/ruanyifeng
[2025-05-31 08:01:48] - https://www.loyhome.com/feed
[2025-05-31 09:02:03] 本次订阅抓取结果统计:
[2025-05-31 09:02:03] 共 45 条RSS, 成功抓取 44 条.
[2025-05-31 09:02:03] ✘ 有 1 条订阅解析失败:
[2025-05-31 09:02:03] - https://tcxx.info/feed
[2025-05-31 09:02:03] ✘ 有 4 条订阅头像无法访问, 已使用默认头像:
[2025-05-31 09:02:03] - http://feeds.feedburner.com/ruanyifeng
[2025-05-31 09:02:03] - https://www.loyhome.com/feed
[2025-05-31 09:02:03] - https://www.douban.com/feed/review/book
[2025-05-31 09:02:03] - https://feeds.appinn.com/appinns/
[2025-05-31 10:01:58] 本次订阅抓取结果统计:
[2025-05-31 10:01:58] 共 45 条RSS, 成功抓取 44 条.
[2025-05-31 10:01:58] ✘ 有 1 条订阅解析失败:
[2025-05-31 10:01:58] - https://tcxx.info/feed
[2025-05-31 10:01:58] ✘ 有 3 条订阅头像无法访问, 已使用默认头像:
[2025-05-31 10:01:58] - http://feeds.feedburner.com/ruanyifeng
[2025-05-31 10:01:58] - https://www.loyhome.com/feed
[2025-05-31 10:01:58] - https://www.douban.com/feed/review/book
[2025-05-31 11:01:39] 本次订阅抓取结果统计:
[2025-05-31 11:01:39] 共 45 条RSS, 成功抓取 44 条.
[2025-05-31 11:01:39] ✘ 有 1 条订阅解析失败:
[2025-05-31 11:01:39] - https://tcxx.info/feed
[2025-05-31 11:01:39] ✘ 有 3 条订阅头像无法访问, 已使用默认头像:
[2025-05-31 11:01:39] - http://feeds.feedburner.com/ruanyifeng
[2025-05-31 11:01:39] - https://www.loyhome.com/feed
[2025-05-31 11:01:39] - https://www.douban.com/feed/review/book
[2025-05-31 12:02:07] 本次订阅抓取结果统计:
[2025-05-31 12:02:07] 共 45 条RSS, 成功抓取 43 条.
[2025-05-31 12:02:07] ✘ 有 2 条订阅解析失败:
[2025-05-31 12:02:07] - https://tcxx.info/feed
[2025-05-31 12:02:07] - https://limboy.me/index.xml
[2025-05-31 12:02:07] ✘ 有 3 条订阅头像无法访问, 已使用默认头像:
[2025-05-31 12:02:07] - http://feeds.feedburner.com/ruanyifeng
[2025-05-31 12:02:07] - https://www.loyhome.com/feed
[2025-05-31 12:02:07] - https://www.douban.com/feed/review/book
