[2025-04-16 01:20:29] 本次订阅抓取结果统计:
[2025-04-16 01:20:29] 共 28 条RSS, 成功抓取 26 条.
[2025-04-16 01:20:29] ✘ 有 2 条订阅解析失败:
[2025-04-16 01:20:29] - https://tcxx.info/feed
[2025-04-16 01:20:29] - https://blog.yanqingshan.com/feed
[2025-04-16 01:20:29] ✘ 有 2 条订阅头像无法访问, 已使用默认头像:
[2025-04-16 01:20:29] - http://feeds.feedburner.com/ruanyifeng
[2025-04-16 01:20:29] - https://www.loyhome.com/feed
[2025-04-16 03:03:21] 本次订阅抓取结果统计:
[2025-04-16 03:03:21] 共 28 条RSS, 成功抓取 27 条.
[2025-04-16 03:03:21] ✘ 有 1 条订阅解析失败:
[2025-04-16 03:03:21] - https://tcxx.info/feed
[2025-04-16 03:03:21] ✘ 有 2 条订阅头像无法访问, 已使用默认头像:
[2025-04-16 03:03:21] - http://feeds.feedburner.com/ruanyifeng
[2025-04-16 03:03:21] - https://www.loyhome.com/feed
[2025-04-16 04:21:00] 本次订阅抓取结果统计:
[2025-04-16 04:21:00] 共 28 条RSS, 成功抓取 27 条.
[2025-04-16 04:21:00] ✘ 有 1 条订阅解析失败:
[2025-04-16 04:21:00] - https://tcxx.info/feed
[2025-04-16 04:21:00] ✘ 有 2 条订阅头像无法访问, 已使用默认头像:
[2025-04-16 04:21:00] - http://feeds.feedburner.com/ruanyifeng
[2025-04-16 04:21:00] - https://www.loyhome.com/feed
