[2025-06-16 00:04:32] 本次订阅抓取结果统计:
[2025-06-16 00:04:32] 共 45 条RSS, 成功抓取 43 条.
[2025-06-16 00:04:32] ✘ 有 2 条订阅解析失败:
[2025-06-16 00:04:32] - https://ihaihe.cn/feed
[2025-06-16 00:04:32] - https://tcxx.info/feed
[2025-06-16 00:04:32] ✘ 有 4 条订阅头像无法访问, 已使用默认头像:
[2025-06-16 00:04:32] - http://feeds.feedburner.com/ruanyifeng
[2025-06-16 00:04:32] - https://www.loyhome.com/feed
[2025-06-16 00:04:32] - https://www.williamlong.info/rss.xml
[2025-06-16 00:04:32] - https://www.douban.com/feed/review/book
[2025-06-16 01:29:41] 本次订阅抓取结果统计:
[2025-06-16 01:29:41] 共 45 条RSS, 成功抓取 44 条.
[2025-06-16 01:29:41] ✘ 有 1 条订阅解析失败:
[2025-06-16 01:29:41] - https://tcxx.info/feed
[2025-06-16 01:29:41] ✘ 有 6 条订阅头像无法访问, 已使用默认头像:
[2025-06-16 01:29:41] - http://feeds.feedburner.com/ruanyifeng
[2025-06-16 01:29:41] - https://www.loyhome.com/feed
[2025-06-16 01:29:41] - https://www.shephe.com/feed
[2025-06-16 01:29:41] - https://www.williamlong.info/rss.xml
[2025-06-16 01:29:41] - https://www.douban.com/feed/review/book
[2025-06-16 01:29:41] - https://feeds.appinn.com/appinns/
