[2025-11-11 00:04:58] 本次订阅抓取结果统计:
[2025-11-11 00:04:58] 共 63 条RSS, 成功抓取 55 条.
[2025-11-11 00:04:58] ✘ 有 7 条订阅解析失败:
[2025-11-11 00:04:58] - https://tumutanzi.com/feed
[2025-11-11 00:04:58] - https://tcxx.info/feed
[2025-11-11 00:04:58] - https://geekinney.com/index.xml
[2025-11-11 00:04:58] - https://blog.twofei.com/rss
[2025-11-11 00:04:58] - https://suus.me/index.xml
[2025-11-11 00:04:58] - https://yinwang1.substack.com/feed
[2025-11-11 00:04:58] - https://botanwang.com/rss.xml
[2025-11-11 00:04:58] ✘ 有 1 条订阅为空:
[2025-11-11 00:04:58] - http://feeds.feedburner.com/zhihu-daily
[2025-11-11 00:04:58] ✘ 有 1 条订阅头像字段为空, 已使用默认头像:
[2025-11-11 00:04:58] - https://feed.cnblogs.com/blog/u/66551/rss/
[2025-11-11 00:04:58] ✘ 有 3 条订阅头像无法访问, 已使用默认头像:
[2025-11-11 00:04:58] - http://feeds.feedburner.com/ruanyifeng
[2025-11-11 00:04:58] - https://skywind.me/blog/feed
[2025-11-11 00:04:58] - https://www.douban.com/feed/review/book
[2025-11-11 01:29:42] 本次订阅抓取结果统计:
[2025-11-11 01:29:42] 共 63 条RSS, 成功抓取 52 条.
[2025-11-11 01:29:42] ✘ 有 10 条订阅解析失败:
[2025-11-11 01:29:42] - https://tcxx.info/feed
[2025-11-11 01:29:42] - https://tumutanzi.com/feed
[2025-11-11 01:29:42] - https://geekinney.com/index.xml
[2025-11-11 01:29:42] - https://blog.twofei.com/rss
[2025-11-11 01:29:42] - https://suus.me/index.xml
[2025-11-11 01:29:42] - https://yinwang1.substack.com/feed
[2025-11-11 01:29:42] - https://www.douban.com/feed/review/book
[2025-11-11 01:29:42] - https://botanwang.com/rss.xml
[2025-11-11 01:29:42] - https://www.luzhaojun.com/feed
[2025-11-11 01:29:42] - https://leixus.cn/index.php/feed/
[2025-11-11 01:29:42] ✘ 有 1 条订阅为空:
[2025-11-11 01:29:42] - http://feeds.feedburner.com/zhihu-daily
[2025-11-11 01:29:42] ✘ 有 1 条订阅头像字段为空, 已使用默认头像:
[2025-11-11 01:29:42] - https://feed.cnblogs.com/blog/u/66551/rss/
[2025-11-11 01:29:42] ✘ 有 2 条订阅头像无法访问, 已使用默认头像:
[2025-11-11 01:29:42] - http://feeds.feedburner.com/ruanyifeng
[2025-11-11 01:29:42] - https://skywind.me/blog/feed
[2025-11-11 02:30:53] 本次订阅抓取结果统计:
[2025-11-11 02:30:53] 共 63 条RSS, 成功抓取 55 条.
[2025-11-11 02:30:53] ✘ 有 7 条订阅解析失败:
[2025-11-11 02:30:53] - https://tcxx.info/feed
[2025-11-11 02:30:53] - https://tumutanzi.com/feed
[2025-11-11 02:30:53] - https://geekinney.com/index.xml
[2025-11-11 02:30:53] - https://blog.twofei.com/rss
[2025-11-11 02:30:53] - https://suus.me/index.xml
[2025-11-11 02:30:53] - https://yinwang1.substack.com/feed
[2025-11-11 02:30:53] - https://botanwang.com/rss.xml
[2025-11-11 02:30:53] ✘ 有 1 条订阅为空:
[2025-11-11 02:30:53] - http://feeds.feedburner.com/zhihu-daily
[2025-11-11 02:30:53] ✘ 有 1 条订阅头像字段为空, 已使用默认头像:
[2025-11-11 02:30:53] - https://feed.cnblogs.com/blog/u/66551/rss/
[2025-11-11 02:30:53] ✘ 有 3 条订阅头像无法访问, 已使用默认头像:
[2025-11-11 02:30:53] - http://feeds.feedburner.com/ruanyifeng
[2025-11-11 02:30:53] - https://skywind.me/blog/feed
[2025-11-11 02:30:53] - https://www.douban.com/feed/review/book
[2025-11-11 03:22:14] 本次订阅抓取结果统计:
[2025-11-11 03:22:14] 共 63 条RSS, 成功抓取 54 条.
[2025-11-11 03:22:14] ✘ 有 8 条订阅解析失败:
[2025-11-11 03:22:14] - https://tumutanzi.com/feed
[2025-11-11 03:22:14] - https://tcxx.info/feed
[2025-11-11 03:22:14] - https://geekinney.com/index.xml
[2025-11-11 03:22:14] - https://blog.twofei.com/rss
[2025-11-11 03:22:14] - https://suus.me/index.xml
[2025-11-11 03:22:14] - https://yinwang1.substack.com/feed
[2025-11-11 03:22:14] - https://botanwang.com/rss.xml
[2025-11-11 03:22:14] - https://laike9m.com/blog/rss/
[2025-11-11 03:22:14] ✘ 有 1 条订阅为空:
[2025-11-11 03:22:14] - http://feeds.feedburner.com/zhihu-daily
[2025-11-11 03:22:14] ✘ 有 1 条订阅头像字段为空, 已使用默认头像:
[2025-11-11 03:22:14] - https://feed.cnblogs.com/blog/u/66551/rss/
[2025-11-11 03:22:14] ✘ 有 3 条订阅头像无法访问, 已使用默认头像:
[2025-11-11 03:22:14] - http://feeds.feedburner.com/ruanyifeng
[2025-11-11 03:22:14] - https://skywind.me/blog/feed
[2025-11-11 03:22:14] - https://www.douban.com/feed/review/book
[2025-11-11 04:04:43] 本次订阅抓取结果统计:
[2025-11-11 04:04:43] 共 63 条RSS, 成功抓取 55 条.
[2025-11-11 04:04:43] ✘ 有 7 条订阅解析失败:
[2025-11-11 04:04:43] - https://tcxx.info/feed
[2025-11-11 04:04:43] - https://tumutanzi.com/feed
[2025-11-11 04:04:43] - https://geekinney.com/index.xml
[2025-11-11 04:04:43] - https://blog.twofei.com/rss
[2025-11-11 04:04:43] - https://suus.me/index.xml
[2025-11-11 04:04:43] - https://yinwang1.substack.com/feed
[2025-11-11 04:04:43] - https://botanwang.com/rss.xml
[2025-11-11 04:04:43] ✘ 有 1 条订阅为空:
[2025-11-11 04:04:43] - http://feeds.feedburner.com/zhihu-daily
[2025-11-11 04:04:43] ✘ 有 1 条订阅头像字段为空, 已使用默认头像:
[2025-11-11 04:04:43] - https://feed.cnblogs.com/blog/u/66551/rss/
[2025-11-11 04:04:43] ✘ 有 3 条订阅头像无法访问, 已使用默认头像:
[2025-11-11 04:04:43] - http://feeds.feedburner.com/ruanyifeng
[2025-11-11 04:04:43] - https://skywind.me/blog/feed
[2025-11-11 04:04:43] - https://www.douban.com/feed/review/book
[2025-11-11 05:02:05] 本次订阅抓取结果统计:
[2025-11-11 05:02:05] 共 63 条RSS, 成功抓取 55 条.
[2025-11-11 05:02:05] ✘ 有 7 条订阅解析失败:
[2025-11-11 05:02:05] - https://tcxx.info/feed
[2025-11-11 05:02:05] - https://tumutanzi.com/feed
[2025-11-11 05:02:05] - https://geekinney.com/index.xml
[2025-11-11 05:02:05] - https://blog.twofei.com/rss
[2025-11-11 05:02:05] - https://suus.me/index.xml
[2025-11-11 05:02:05] - https://yinwang1.substack.com/feed
[2025-11-11 05:02:05] - https://botanwang.com/rss.xml
[2025-11-11 05:02:05] ✘ 有 1 条订阅为空:
[2025-11-11 05:02:05] - http://feeds.feedburner.com/zhihu-daily
[2025-11-11 05:02:05] ✘ 有 1 条订阅头像字段为空, 已使用默认头像:
[2025-11-11 05:02:05] - https://feed.cnblogs.com/blog/u/66551/rss/
[2025-11-11 05:02:05] ✘ 有 3 条订阅头像无法访问, 已使用默认头像:
[2025-11-11 05:02:05] - http://feeds.feedburner.com/ruanyifeng
[2025-11-11 05:02:05] - https://skywind.me/blog/feed
[2025-11-11 05:02:05] - https://www.douban.com/feed/review/book
[2025-11-11 06:02:07] 本次订阅抓取结果统计:
[2025-11-11 06:02:07] 共 63 条RSS, 成功抓取 55 条.
[2025-11-11 06:02:07] ✘ 有 7 条订阅解析失败:
[2025-11-11 06:02:07] - https://tcxx.info/feed
[2025-11-11 06:02:07] - https://tumutanzi.com/feed
[2025-11-11 06:02:07] - https://geekinney.com/index.xml
[2025-11-11 06:02:07] - https://suus.me/index.xml
[2025-11-11 06:02:07] - https://blog.twofei.com/rss
[2025-11-11 06:02:07] - https://yinwang1.substack.com/feed
[2025-11-11 06:02:07] - https://botanwang.com/rss.xml
[2025-11-11 06:02:07] ✘ 有 1 条订阅为空:
[2025-11-11 06:02:07] - http://feeds.feedburner.com/zhihu-daily
[2025-11-11 06:02:07] ✘ 有 1 条订阅头像字段为空, 已使用默认头像:
[2025-11-11 06:02:07] - https://feed.cnblogs.com/blog/u/66551/rss/
[2025-11-11 06:02:07] ✘ 有 3 条订阅头像无法访问, 已使用默认头像:
[2025-11-11 06:02:07] - http://feeds.feedburner.com/ruanyifeng
[2025-11-11 06:02:07] - https://skywind.me/blog/feed
[2025-11-11 06:02:07] - https://www.douban.com/feed/review/book
[2025-11-11 07:02:09] 本次订阅抓取结果统计:
[2025-11-11 07:02:09] 共 63 条RSS, 成功抓取 55 条.
[2025-11-11 07:02:09] ✘ 有 7 条订阅解析失败:
[2025-11-11 07:02:09] - https://tcxx.info/feed
[2025-11-11 07:02:09] - https://tumutanzi.com/feed
[2025-11-11 07:02:09] - https://geekinney.com/index.xml
[2025-11-11 07:02:09] - https://blog.twofei.com/rss
[2025-11-11 07:02:09] - https://suus.me/index.xml
[2025-11-11 07:02:09] - https://yinwang1.substack.com/feed
[2025-11-11 07:02:09] - https://botanwang.com/rss.xml
[2025-11-11 07:02:09] ✘ 有 1 条订阅为空:
[2025-11-11 07:02:09] - http://feeds.feedburner.com/zhihu-daily
[2025-11-11 07:02:09] ✘ 有 1 条订阅头像字段为空, 已使用默认头像:
[2025-11-11 07:02:09] - https://feed.cnblogs.com/blog/u/66551/rss/
[2025-11-11 07:02:09] ✘ 有 3 条订阅头像无法访问, 已使用默认头像:
[2025-11-11 07:02:09] - http://feeds.feedburner.com/ruanyifeng
[2025-11-11 07:02:09] - https://skywind.me/blog/feed
[2025-11-11 07:02:09] - https://www.douban.com/feed/review/book
[2025-11-11 08:01:57] 本次订阅抓取结果统计:
[2025-11-11 08:01:57] 共 63 条RSS, 成功抓取 55 条.
[2025-11-11 08:01:57] ✘ 有 7 条订阅解析失败:
[2025-11-11 08:01:57] - https://tcxx.info/feed
[2025-11-11 08:01:57] - https://tumutanzi.com/feed
[2025-11-11 08:01:57] - https://geekinney.com/index.xml
[2025-11-11 08:01:57] - https://blog.twofei.com/rss
[2025-11-11 08:01:57] - https://suus.me/index.xml
[2025-11-11 08:01:57] - https://yinwang1.substack.com/feed
[2025-11-11 08:01:57] - https://botanwang.com/rss.xml
[2025-11-11 08:01:57] ✘ 有 1 条订阅为空:
[2025-11-11 08:01:57] - http://feeds.feedburner.com/zhihu-daily
[2025-11-11 08:01:57] ✘ 有 1 条订阅头像字段为空, 已使用默认头像:
[2025-11-11 08:01:57] - https://feed.cnblogs.com/blog/u/66551/rss/
[2025-11-11 08:01:57] ✘ 有 3 条订阅头像无法访问, 已使用默认头像:
[2025-11-11 08:01:57] - http://feeds.feedburner.com/ruanyifeng
[2025-11-11 08:01:57] - https://skywind.me/blog/feed
[2025-11-11 08:01:57] - https://www.douban.com/feed/review/book
[2025-11-11 09:02:41] 本次订阅抓取结果统计:
[2025-11-11 09:02:41] 共 63 条RSS, 成功抓取 55 条.
[2025-11-11 09:02:41] ✘ 有 7 条订阅解析失败:
[2025-11-11 09:02:41] - https://tcxx.info/feed
[2025-11-11 09:02:41] - https://tumutanzi.com/feed
[2025-11-11 09:02:41] - https://geekinney.com/index.xml
[2025-11-11 09:02:41] - https://blog.twofei.com/rss
[2025-11-11 09:02:41] - https://suus.me/index.xml
[2025-11-11 09:02:41] - https://yinwang1.substack.com/feed
[2025-11-11 09:02:41] - https://botanwang.com/rss.xml
[2025-11-11 09:02:41] ✘ 有 1 条订阅为空:
[2025-11-11 09:02:41] - http://feeds.feedburner.com/zhihu-daily
[2025-11-11 09:02:41] ✘ 有 1 条订阅头像字段为空, 已使用默认头像:
[2025-11-11 09:02:41] - https://feed.cnblogs.com/blog/u/66551/rss/
[2025-11-11 09:02:41] ✘ 有 3 条订阅头像无法访问, 已使用默认头像:
[2025-11-11 09:02:41] - http://feeds.feedburner.com/ruanyifeng
[2025-11-11 09:02:41] - https://skywind.me/blog/feed
[2025-11-11 09:02:41] - https://www.douban.com/feed/review/book
[2025-11-11 10:02:03] 本次订阅抓取结果统计:
[2025-11-11 10:02:03] 共 63 条RSS, 成功抓取 55 条.
[2025-11-11 10:02:03] ✘ 有 7 条订阅解析失败:
[2025-11-11 10:02:03] - https://tcxx.info/feed
[2025-11-11 10:02:03] - https://tumutanzi.com/feed
[2025-11-11 10:02:03] - https://geekinney.com/index.xml
[2025-11-11 10:02:03] - https://blog.twofei.com/rss
[2025-11-11 10:02:03] - https://suus.me/index.xml
[2025-11-11 10:02:03] - https://yinwang1.substack.com/feed
[2025-11-11 10:02:03] - https://botanwang.com/rss.xml
[2025-11-11 10:02:03] ✘ 有 1 条订阅为空:
[2025-11-11 10:02:03] - http://feeds.feedburner.com/zhihu-daily
[2025-11-11 10:02:03] ✘ 有 1 条订阅头像字段为空, 已使用默认头像:
[2025-11-11 10:02:03] - https://feed.cnblogs.com/blog/u/66551/rss/
[2025-11-11 10:02:03] ✘ 有 3 条订阅头像无法访问, 已使用默认头像:
[2025-11-11 10:02:03] - http://feeds.feedburner.com/ruanyifeng
[2025-11-11 10:02:03] - https://skywind.me/blog/feed
[2025-11-11 10:02:03] - https://www.douban.com/feed/review/book
[2025-11-11 11:02:01] 本次订阅抓取结果统计:
[2025-11-11 11:02:01] 共 63 条RSS, 成功抓取 55 条.
[2025-11-11 11:02:01] ✘ 有 7 条订阅解析失败:
[2025-11-11 11:02:01] - https://tumutanzi.com/feed
[2025-11-11 11:02:01] - https://tcxx.info/feed
[2025-11-11 11:02:01] - https://geekinney.com/index.xml
[2025-11-11 11:02:01] - https://blog.twofei.com/rss
[2025-11-11 11:02:01] - https://suus.me/index.xml
[2025-11-11 11:02:01] - https://yinwang1.substack.com/feed
[2025-11-11 11:02:01] - https://botanwang.com/rss.xml
[2025-11-11 11:02:01] ✘ 有 1 条订阅为空:
[2025-11-11 11:02:01] - http://feeds.feedburner.com/zhihu-daily
[2025-11-11 11:02:01] ✘ 有 1 条订阅头像字段为空, 已使用默认头像:
[2025-11-11 11:02:01] - https://feed.cnblogs.com/blog/u/66551/rss/
[2025-11-11 11:02:01] ✘ 有 3 条订阅头像无法访问, 已使用默认头像:
[2025-11-11 11:02:01] - http://feeds.feedburner.com/ruanyifeng
[2025-11-11 11:02:01] - https://skywind.me/blog/feed
[2025-11-11 11:02:01] - https://www.douban.com/feed/review/book
[2025-11-11 12:02:42] 抓取到的文章与现有数据相同，无需更新。
[2025-11-11 13:10:59] 抓取到的文章与现有数据相同，无需更新。
[2025-11-11 14:02:04] 本次订阅抓取结果统计:
[2025-11-11 14:02:04] 共 63 条RSS, 成功抓取 54 条.
[2025-11-11 14:02:04] ✘ 有 8 条订阅解析失败:
[2025-11-11 14:02:04] - https://tcxx.info/feed
[2025-11-11 14:02:04] - https://tumutanzi.com/feed
[2025-11-11 14:02:04] - https://geekinney.com/index.xml
[2025-11-11 14:02:04] - https://blog.twofei.com/rss
[2025-11-11 14:02:04] - https://suus.me/index.xml
[2025-11-11 14:02:04] - https://yinwang1.substack.com/feed
[2025-11-11 14:02:04] - https://botanwang.com/rss.xml
[2025-11-11 14:02:04] - https://www.douban.com/feed/review/book
[2025-11-11 14:02:04] ✘ 有 1 条订阅为空:
[2025-11-11 14:02:04] - http://feeds.feedburner.com/zhihu-daily
[2025-11-11 14:02:04] ✘ 有 1 条订阅头像字段为空, 已使用默认头像:
[2025-11-11 14:02:04] - https://feed.cnblogs.com/blog/u/66551/rss/
[2025-11-11 14:02:04] ✘ 有 2 条订阅头像无法访问, 已使用默认头像:
[2025-11-11 14:02:04] - http://feeds.feedburner.com/ruanyifeng
[2025-11-11 14:02:04] - https://skywind.me/blog/feed
[2025-11-11 15:02:44] 本次订阅抓取结果统计:
[2025-11-11 15:02:44] 共 63 条RSS, 成功抓取 54 条.
[2025-11-11 15:02:44] ✘ 有 8 条订阅解析失败:
[2025-11-11 15:02:44] - https://tumutanzi.com/feed
[2025-11-11 15:02:44] - https://tcxx.info/feed
[2025-11-11 15:02:44] - https://geekinney.com/index.xml
[2025-11-11 15:02:44] - https://blog.twofei.com/rss
[2025-11-11 15:02:44] - https://suus.me/index.xml
[2025-11-11 15:02:44] - https://yinwang1.substack.com/feed
[2025-11-11 15:02:44] - https://botanwang.com/rss.xml
[2025-11-11 15:02:44] - https://oba.by/feed
[2025-11-11 15:02:44] ✘ 有 1 条订阅为空:
[2025-11-11 15:02:44] - http://feeds.feedburner.com/zhihu-daily
[2025-11-11 15:02:44] ✘ 有 1 条订阅头像字段为空, 已使用默认头像:
[2025-11-11 15:02:44] - https://feed.cnblogs.com/blog/u/66551/rss/
[2025-11-11 15:02:44] ✘ 有 3 条订阅头像无法访问, 已使用默认头像:
[2025-11-11 15:02:44] - http://feeds.feedburner.com/ruanyifeng
[2025-11-11 15:02:44] - https://skywind.me/blog/feed
[2025-11-11 15:02:44] - https://www.douban.com/feed/review/book
[2025-11-11 16:02:49] 本次订阅抓取结果统计:
[2025-11-11 16:02:49] 共 63 条RSS, 成功抓取 54 条.
[2025-11-11 16:02:49] ✘ 有 8 条订阅解析失败:
[2025-11-11 16:02:49] - https://tcxx.info/feed
[2025-11-11 16:02:49] - https://tumutanzi.com/feed
[2025-11-11 16:02:49] - https://geekinney.com/index.xml
[2025-11-11 16:02:49] - https://blog.twofei.com/rss
[2025-11-11 16:02:49] - https://suus.me/index.xml
[2025-11-11 16:02:49] - https://yinwang1.substack.com/feed
[2025-11-11 16:02:49] - https://botanwang.com/rss.xml
[2025-11-11 16:02:49] - http://www.auiou.com/feed/
[2025-11-11 16:02:49] ✘ 有 1 条订阅为空:
[2025-11-11 16:02:49] - http://feeds.feedburner.com/zhihu-daily
[2025-11-11 16:02:49] ✘ 有 1 条订阅头像字段为空, 已使用默认头像:
[2025-11-11 16:02:49] - https://feed.cnblogs.com/blog/u/66551/rss/
[2025-11-11 16:02:49] ✘ 有 3 条订阅头像无法访问, 已使用默认头像:
[2025-11-11 16:02:49] - http://feeds.feedburner.com/ruanyifeng
[2025-11-11 16:02:49] - https://skywind.me/blog/feed
[2025-11-11 16:02:49] - https://www.douban.com/feed/review/book
[2025-11-11 17:02:50] 抓取到的文章与现有数据相同，无需更新。
[2025-11-11 18:02:11] 本次订阅抓取结果统计:
[2025-11-11 18:02:11] 共 63 条RSS, 成功抓取 55 条.
[2025-11-11 18:02:11] ✘ 有 7 条订阅解析失败:
[2025-11-11 18:02:11] - https://tumutanzi.com/feed
[2025-11-11 18:02:11] - https://tcxx.info/feed
[2025-11-11 18:02:11] - https://geekinney.com/index.xml
[2025-11-11 18:02:11] - https://blog.twofei.com/rss
[2025-11-11 18:02:11] - https://suus.me/index.xml
[2025-11-11 18:02:11] - https://yinwang1.substack.com/feed
[2025-11-11 18:02:11] - https://botanwang.com/rss.xml
[2025-11-11 18:02:11] ✘ 有 1 条订阅为空:
[2025-11-11 18:02:11] - http://feeds.feedburner.com/zhihu-daily
[2025-11-11 18:02:11] ✘ 有 1 条订阅头像字段为空, 已使用默认头像:
[2025-11-11 18:02:11] - https://feed.cnblogs.com/blog/u/66551/rss/
[2025-11-11 18:02:11] ✘ 有 3 条订阅头像无法访问, 已使用默认头像:
[2025-11-11 18:02:11] - http://feeds.feedburner.com/ruanyifeng
[2025-11-11 18:02:11] - https://skywind.me/blog/feed
[2025-11-11 18:02:11] - https://www.douban.com/feed/review/book
[2025-11-11 19:01:49] 抓取到的文章与现有数据相同，无需更新。
[2025-11-11 20:01:50] 抓取到的文章与现有数据相同，无需更新。
[2025-11-11 21:01:57] 抓取到的文章与现有数据相同，无需更新。
[2025-11-11 22:01:57] 抓取到的文章与现有数据相同，无需更新。
