[2025-07-26 00:04:59] 抓取到的文章与现有数据相同，无需更新。
[2025-07-26 01:29:47] 抓取到的文章与现有数据相同，无需更新。
[2025-07-26 02:35:11] 抓取到的文章与现有数据相同，无需更新。
[2025-07-26 03:28:48] 抓取到的文章与现有数据相同，无需更新。
[2025-07-26 04:12:31] 本次订阅抓取结果统计:
[2025-07-26 04:12:31] 共 51 条RSS, 成功抓取 48 条.
[2025-07-26 04:12:31] ✘ 有 3 条订阅解析失败:
[2025-07-26 04:12:31] - https://tcxx.info/feed
[2025-07-26 04:12:31] - https://blog.ops-coffee.cn/feed.xml
[2025-07-26 04:12:31] - https://yinwang1.substack.com/feed
[2025-07-26 04:12:31] ✘ 有 5 条订阅头像无法访问, 已使用默认头像:
[2025-07-26 04:12:31] - http://feeds.feedburner.com/ruanyifeng
[2025-07-26 04:12:31] - https://www.loyhome.com/feed
[2025-07-26 04:12:31] - https://a4.zyzhang.com/index.xml
[2025-07-26 04:12:31] - https://www.geedea.pro/index.xml
[2025-07-26 04:12:31] - https://www.douban.com/feed/review/book
[2025-07-26 05:04:22] 抓取到的文章与现有数据相同，无需更新。
[2025-07-26 06:01:55] 抓取到的文章与现有数据相同，无需更新。
[2025-07-26 07:02:48] 本次订阅抓取结果统计:
[2025-07-26 07:02:48] 共 51 条RSS, 成功抓取 48 条.
[2025-07-26 07:02:48] ✘ 有 3 条订阅解析失败:
[2025-07-26 07:02:48] - https://tcxx.info/feed
[2025-07-26 07:02:48] - https://blog.ops-coffee.cn/feed.xml
[2025-07-26 07:02:48] - https://yinwang1.substack.com/feed
[2025-07-26 07:02:48] ✘ 有 6 条订阅头像无法访问, 已使用默认头像:
[2025-07-26 07:02:48] - http://feeds.feedburner.com/ruanyifeng
[2025-07-26 07:02:48] - https://www.loyhome.com/feed
[2025-07-26 07:02:48] - https://a4.zyzhang.com/index.xml
[2025-07-26 07:02:48] - https://www.geedea.pro/index.xml
[2025-07-26 07:02:48] - https://www.douban.com/feed/review/book
[2025-07-26 07:02:48] - https://feeds.appinn.com/appinns/
[2025-07-26 08:02:03] 抓取到的文章与现有数据相同，无需更新。
[2025-07-26 09:01:37] 抓取到的文章与现有数据相同，无需更新。
[2025-07-26 10:01:51] 抓取到的文章与现有数据相同，无需更新。
[2025-07-26 11:01:43] 本次订阅抓取结果统计:
[2025-07-26 11:01:43] 共 51 条RSS, 成功抓取 48 条.
[2025-07-26 11:01:43] ✘ 有 3 条订阅解析失败:
[2025-07-26 11:01:43] - https://tcxx.info/feed
[2025-07-26 11:01:43] - https://blog.ops-coffee.cn/feed.xml
[2025-07-26 11:01:43] - https://yinwang1.substack.com/feed
[2025-07-26 11:01:43] ✘ 有 6 条订阅头像无法访问, 已使用默认头像:
[2025-07-26 11:01:43] - http://feeds.feedburner.com/ruanyifeng
[2025-07-26 11:01:43] - https://www.loyhome.com/feed
[2025-07-26 11:01:43] - https://a4.zyzhang.com/index.xml
[2025-07-26 11:01:43] - https://www.geedea.pro/index.xml
[2025-07-26 11:01:43] - https://www.douban.com/feed/review/book
[2025-07-26 11:01:43] - https://feeds.appinn.com/appinns/
[2025-07-26 12:02:09] 抓取到的文章与现有数据相同，无需更新。
[2025-07-26 13:10:36] 本次订阅抓取结果统计:
[2025-07-26 13:10:36] 共 51 条RSS, 成功抓取 48 条.
[2025-07-26 13:10:36] ✘ 有 3 条订阅解析失败:
[2025-07-26 13:10:36] - https://tcxx.info/feed
[2025-07-26 13:10:36] - https://blog.ops-coffee.cn/feed.xml
[2025-07-26 13:10:36] - https://yinwang1.substack.com/feed
[2025-07-26 13:10:36] ✘ 有 5 条订阅头像无法访问, 已使用默认头像:
[2025-07-26 13:10:36] - http://feeds.feedburner.com/ruanyifeng
[2025-07-26 13:10:36] - https://www.loyhome.com/feed
[2025-07-26 13:10:36] - https://a4.zyzhang.com/index.xml
[2025-07-26 13:10:36] - https://www.geedea.pro/index.xml
[2025-07-26 13:10:36] - https://www.douban.com/feed/review/book
[2025-07-26 14:03:13] 本次订阅抓取结果统计:
[2025-07-26 14:03:13] 共 51 条RSS, 成功抓取 47 条.
[2025-07-26 14:03:13] ✘ 有 4 条订阅解析失败:
[2025-07-26 14:03:13] - https://tcxx.info/feed
[2025-07-26 14:03:13] - https://blog.ops-coffee.cn/feed.xml
[2025-07-26 14:03:13] - https://yinwang1.substack.com/feed
[2025-07-26 14:03:13] - https://www.douban.com/feed/review/book
[2025-07-26 14:03:13] ✘ 有 5 条订阅头像无法访问, 已使用默认头像:
[2025-07-26 14:03:13] - http://feeds.feedburner.com/ruanyifeng
[2025-07-26 14:03:13] - https://www.loyhome.com/feed
[2025-07-26 14:03:13] - https://a4.zyzhang.com/index.xml
[2025-07-26 14:03:13] - https://www.geedea.pro/index.xml
[2025-07-26 14:03:13] - https://feeds.appinn.com/appinns/
[2025-07-26 15:01:51] 本次订阅抓取结果统计:
[2025-07-26 15:01:51] 共 51 条RSS, 成功抓取 48 条.
[2025-07-26 15:01:51] ✘ 有 3 条订阅解析失败:
[2025-07-26 15:01:51] - https://tcxx.info/feed
[2025-07-26 15:01:51] - https://blog.ops-coffee.cn/feed.xml
[2025-07-26 15:01:51] - https://yinwang1.substack.com/feed
[2025-07-26 15:01:51] ✘ 有 5 条订阅头像无法访问, 已使用默认头像:
[2025-07-26 15:01:51] - http://feeds.feedburner.com/ruanyifeng
[2025-07-26 15:01:51] - https://www.loyhome.com/feed
[2025-07-26 15:01:51] - https://a4.zyzhang.com/index.xml
[2025-07-26 15:01:51] - https://www.geedea.pro/index.xml
[2025-07-26 15:01:51] - https://www.douban.com/feed/review/book
[2025-07-26 16:02:01] 抓取到的文章与现有数据相同，无需更新。
[2025-07-26 17:01:44] 本次订阅抓取结果统计:
[2025-07-26 17:01:44] 共 51 条RSS, 成功抓取 48 条.
[2025-07-26 17:01:44] ✘ 有 3 条订阅解析失败:
[2025-07-26 17:01:44] - https://tcxx.info/feed
[2025-07-26 17:01:44] - https://blog.ops-coffee.cn/feed.xml
[2025-07-26 17:01:44] - https://yinwang1.substack.com/feed
[2025-07-26 17:01:44] ✘ 有 5 条订阅头像无法访问, 已使用默认头像:
[2025-07-26 17:01:44] - http://feeds.feedburner.com/ruanyifeng
[2025-07-26 17:01:44] - https://www.loyhome.com/feed
[2025-07-26 17:01:44] - https://a4.zyzhang.com/index.xml
[2025-07-26 17:01:44] - https://www.geedea.pro/index.xml
[2025-07-26 17:01:44] - https://www.douban.com/feed/review/book
