[2025-03-27 01:16:19] 本次订阅抓取结果统计:
[2025-03-27 01:16:19] 共 28 条RSS, 成功抓取 26 条.
[2025-03-27 01:16:19] ✘ 有 2 条订阅解析失败:
[2025-03-27 01:16:19] - https://tcxx.info/feed
[2025-03-27 01:16:19] - https://geekinney.com/index.xml
[2025-03-27 01:16:19] ✘ 有 2 条订阅头像无法访问, 已使用默认头像:
[2025-03-27 01:16:19] - http://feeds.feedburner.com/ruanyifeng
[2025-03-27 01:16:19] - https://www.loyhome.com/feed
[2025-03-27 02:56:46] 本次订阅抓取结果统计:
[2025-03-27 02:56:46] 共 28 条RSS, 成功抓取 26 条.
[2025-03-27 02:56:46] ✘ 有 2 条订阅解析失败:
[2025-03-27 02:56:46] - https://tcxx.info/feed
[2025-03-27 02:56:46] - https://geekinney.com/index.xml
[2025-03-27 02:56:46] ✘ 有 2 条订阅头像无法访问, 已使用默认头像:
[2025-03-27 02:56:46] - http://feeds.feedburner.com/ruanyifeng
[2025-03-27 02:56:46] - https://www.loyhome.com/feed
[2025-03-27 03:32:43] 本次订阅抓取结果统计:
[2025-03-27 03:32:43] 共 28 条RSS, 成功抓取 26 条.
[2025-03-27 03:32:43] ✘ 有 2 条订阅解析失败:
[2025-03-27 03:32:43] - https://tcxx.info/feed
[2025-03-27 03:32:43] - https://geekinney.com/index.xml
[2025-03-27 03:32:43] ✘ 有 2 条订阅头像无法访问, 已使用默认头像:
[2025-03-27 03:32:43] - http://feeds.feedburner.com/ruanyifeng
[2025-03-27 03:32:43] - https://www.loyhome.com/feed
[2025-03-27 04:21:29] 本次订阅抓取结果统计:
[2025-03-27 04:21:29] 共 28 条RSS, 成功抓取 27 条.
[2025-03-27 04:21:29] ✘ 有 1 条订阅解析失败:
[2025-03-27 04:21:29] - https://geekinney.com/index.xml
[2025-03-27 04:21:29] ✘ 有 2 条订阅头像无法访问, 已使用默认头像:
[2025-03-27 04:21:29] - http://feeds.feedburner.com/ruanyifeng
[2025-03-27 04:21:29] - https://www.loyhome.com/feed
[2025-03-27 05:18:55] 本次订阅抓取结果统计:
[2025-03-27 05:18:55] 共 28 条RSS, 成功抓取 26 条.
[2025-03-27 05:18:55] ✘ 有 2 条订阅解析失败:
[2025-03-27 05:18:55] - https://tcxx.info/feed
[2025-03-27 05:18:55] - https://geekinney.com/index.xml
[2025-03-27 05:18:55] ✘ 有 2 条订阅头像无法访问, 已使用默认头像:
[2025-03-27 05:18:55] - http://feeds.feedburner.com/ruanyifeng
[2025-03-27 05:18:55] - https://www.loyhome.com/feed
[2025-03-27 06:23:59] 本次订阅抓取结果统计:
[2025-03-27 06:23:59] 共 28 条RSS, 成功抓取 26 条.
[2025-03-27 06:23:59] ✘ 有 2 条订阅解析失败:
[2025-03-27 06:23:59] - https://tcxx.info/feed
[2025-03-27 06:23:59] - https://geekinney.com/index.xml
[2025-03-27 06:23:59] ✘ 有 2 条订阅头像无法访问, 已使用默认头像:
[2025-03-27 06:23:59] - http://feeds.feedburner.com/ruanyifeng
[2025-03-27 06:23:59] - https://www.loyhome.com/feed
[2025-03-27 07:16:48] 本次订阅抓取结果统计:
[2025-03-27 07:16:48] 共 28 条RSS, 成功抓取 26 条.
[2025-03-27 07:16:48] ✘ 有 2 条订阅解析失败:
[2025-03-27 07:16:48] - https://tcxx.info/feed
[2025-03-27 07:16:48] - https://geekinney.com/index.xml
[2025-03-27 07:16:48] ✘ 有 2 条订阅头像无法访问, 已使用默认头像:
[2025-03-27 07:16:48] - https://www.loyhome.com/feed
[2025-03-27 07:16:48] - http://feeds.feedburner.com/ruanyifeng
[2025-03-27 08:21:20] 本次订阅抓取结果统计:
[2025-03-27 08:21:20] 共 28 条RSS, 成功抓取 27 条.
[2025-03-27 08:21:20] ✘ 有 1 条订阅解析失败:
[2025-03-27 08:21:20] - https://geekinney.com/index.xml
[2025-03-27 08:21:20] ✘ 有 3 条订阅头像无法访问, 已使用默认头像:
[2025-03-27 08:21:20] - http://feeds.feedburner.com/ruanyifeng
[2025-03-27 08:21:20] - https://www.loyhome.com/feed
[2025-03-27 08:21:20] - https://tcxx.info/feed
[2025-03-27 09:18:19] 本次订阅抓取结果统计:
[2025-03-27 09:18:19] 共 28 条RSS, 成功抓取 26 条.
[2025-03-27 09:18:19] ✘ 有 2 条订阅解析失败:
[2025-03-27 09:18:19] - https://tcxx.info/feed
[2025-03-27 09:18:19] - https://geekinney.com/index.xml
[2025-03-27 09:18:19] ✘ 有 2 条订阅头像无法访问, 已使用默认头像:
[2025-03-27 09:18:19] - http://feeds.feedburner.com/ruanyifeng
[2025-03-27 09:18:19] - https://www.loyhome.com/feed
[2025-03-27 10:17:54] 本次订阅抓取结果统计:
[2025-03-27 10:17:54] 共 28 条RSS, 成功抓取 27 条.
[2025-03-27 10:17:54] ✘ 有 1 条订阅解析失败:
[2025-03-27 10:17:54] - https://geekinney.com/index.xml
[2025-03-27 10:17:54] ✘ 有 2 条订阅头像无法访问, 已使用默认头像:
[2025-03-27 10:17:54] - http://feeds.feedburner.com/ruanyifeng
[2025-03-27 10:17:54] - https://www.loyhome.com/feed
[2025-03-27 11:14:10] 本次订阅抓取结果统计:
[2025-03-27 11:14:10] 共 28 条RSS, 成功抓取 27 条.
[2025-03-27 11:14:10] ✘ 有 1 条订阅解析失败:
[2025-03-27 11:14:10] - https://geekinney.com/index.xml
[2025-03-27 11:14:10] ✘ 有 2 条订阅头像无法访问, 已使用默认头像:
[2025-03-27 11:14:10] - http://feeds.feedburner.com/ruanyifeng
[2025-03-27 11:14:10] - https://www.loyhome.com/feed
[2025-03-27 12:33:44] 本次订阅抓取结果统计:
[2025-03-27 12:33:44] 共 28 条RSS, 成功抓取 27 条.
[2025-03-27 12:33:44] ✘ 有 1 条订阅解析失败:
[2025-03-27 12:33:44] - https://geekinney.com/index.xml
[2025-03-27 12:33:44] ✘ 有 2 条订阅头像无法访问, 已使用默认头像:
[2025-03-27 12:33:44] - http://feeds.feedburner.com/ruanyifeng
[2025-03-27 12:33:44] - https://www.loyhome.com/feed
[2025-03-27 13:26:11] 本次订阅抓取结果统计:
[2025-03-27 13:26:11] 共 28 条RSS, 成功抓取 26 条.
[2025-03-27 13:26:11] ✘ 有 2 条订阅解析失败:
[2025-03-27 13:26:11] - https://tcxx.info/feed
[2025-03-27 13:26:11] - https://geekinney.com/index.xml
[2025-03-27 13:26:11] ✘ 有 2 条订阅头像无法访问, 已使用默认头像:
[2025-03-27 13:26:11] - http://feeds.feedburner.com/ruanyifeng
[2025-03-27 13:26:11] - https://www.loyhome.com/feed
[2025-03-27 14:16:38] 本次订阅抓取结果统计:
[2025-03-27 14:16:38] 共 28 条RSS, 成功抓取 26 条.
[2025-03-27 14:16:38] ✘ 有 2 条订阅解析失败:
[2025-03-27 14:16:38] - https://geekinney.com/index.xml
[2025-03-27 14:16:38] - https://tcxx.info/feed
[2025-03-27 14:16:38] ✘ 有 2 条订阅头像无法访问, 已使用默认头像:
[2025-03-27 14:16:38] - http://feeds.feedburner.com/ruanyifeng
[2025-03-27 14:16:38] - https://www.loyhome.com/feed
[2025-03-27 15:18:28] 本次订阅抓取结果统计:
[2025-03-27 15:18:28] 共 28 条RSS, 成功抓取 27 条.
[2025-03-27 15:18:28] ✘ 有 1 条订阅解析失败:
[2025-03-27 15:18:28] - https://geekinney.com/index.xml
[2025-03-27 15:18:28] ✘ 有 3 条订阅头像无法访问, 已使用默认头像:
[2025-03-27 15:18:28] - http://feeds.feedburner.com/ruanyifeng
[2025-03-27 15:18:28] - https://www.loyhome.com/feed
[2025-03-27 15:18:28] - https://tcxx.info/feed
[2025-03-27 16:21:18] 本次订阅抓取结果统计:
[2025-03-27 16:21:18] 共 28 条RSS, 成功抓取 27 条.
[2025-03-27 16:21:18] ✘ 有 1 条订阅解析失败:
[2025-03-27 16:21:18] - https://geekinney.com/index.xml
[2025-03-27 16:21:18] ✘ 有 2 条订阅头像无法访问, 已使用默认头像:
[2025-03-27 16:21:18] - http://feeds.feedburner.com/ruanyifeng
[2025-03-27 16:21:18] - https://www.loyhome.com/feed
[2025-03-27 17:14:53] 本次订阅抓取结果统计:
[2025-03-27 17:14:53] 共 28 条RSS, 成功抓取 26 条.
[2025-03-27 17:14:53] ✘ 有 2 条订阅解析失败:
[2025-03-27 17:14:53] - https://tcxx.info/feed
[2025-03-27 17:14:53] - https://geekinney.com/index.xml
[2025-03-27 17:14:53] ✘ 有 2 条订阅头像无法访问, 已使用默认头像:
[2025-03-27 17:14:53] - http://feeds.feedburner.com/ruanyifeng
[2025-03-27 17:14:53] - https://www.loyhome.com/feed
[2025-03-27 18:23:05] 本次订阅抓取结果统计:
[2025-03-27 18:23:05] 共 28 条RSS, 成功抓取 27 条.
[2025-03-27 18:23:05] ✘ 有 1 条订阅解析失败:
[2025-03-27 18:23:05] - https://geekinney.com/index.xml
[2025-03-27 18:23:05] ✘ 有 2 条订阅头像无法访问, 已使用默认头像:
[2025-03-27 18:23:05] - http://feeds.feedburner.com/ruanyifeng
[2025-03-27 18:23:05] - https://www.loyhome.com/feed
[2025-03-27 19:13:50] 本次订阅抓取结果统计:
[2025-03-27 19:13:50] 共 28 条RSS, 成功抓取 26 条.
[2025-03-27 19:13:50] ✘ 有 2 条订阅解析失败:
[2025-03-27 19:13:50] - https://geekinney.com/index.xml
[2025-03-27 19:13:50] - https://tcxx.info/feed
[2025-03-27 19:13:50] ✘ 有 2 条订阅头像无法访问, 已使用默认头像:
[2025-03-27 19:13:50] - http://feeds.feedburner.com/ruanyifeng
[2025-03-27 19:13:50] - https://www.loyhome.com/feed
[2025-03-27 20:18:01] 本次订阅抓取结果统计:
[2025-03-27 20:18:01] 共 28 条RSS, 成功抓取 26 条.
[2025-03-27 20:18:01] ✘ 有 2 条订阅解析失败:
[2025-03-27 20:18:01] - https://tcxx.info/feed
[2025-03-27 20:18:01] - https://geekinney.com/index.xml
[2025-03-27 20:18:01] ✘ 有 2 条订阅头像无法访问, 已使用默认头像:
[2025-03-27 20:18:01] - http://feeds.feedburner.com/ruanyifeng
[2025-03-27 20:18:01] - https://www.loyhome.com/feed
