[2025-04-09 01:18:36] 本次订阅抓取结果统计:
[2025-04-09 01:18:36] 共 28 条RSS, 成功抓取 26 条.
[2025-04-09 01:18:36] ✘ 有 2 条订阅解析失败:
[2025-04-09 01:18:36] - https://tcxx.info/feed
[2025-04-09 01:18:36] - https://geekinney.com/index.xml
[2025-04-09 01:18:36] ✘ 有 3 条订阅头像无法访问, 已使用默认头像:
[2025-04-09 01:18:36] - http://feeds.feedburner.com/ruanyifeng
[2025-04-09 01:18:36] - https://www.loyhome.com/feed
[2025-04-09 01:18:36] - https://1900.live/rss.xml
[2025-04-09 02:59:59] 本次订阅抓取结果统计:
[2025-04-09 02:59:59] 共 28 条RSS, 成功抓取 27 条.
[2025-04-09 02:59:59] ✘ 有 1 条订阅解析失败:
[2025-04-09 02:59:59] - https://geekinney.com/index.xml
[2025-04-09 02:59:59] ✘ 有 2 条订阅头像无法访问, 已使用默认头像:
[2025-04-09 02:59:59] - http://feeds.feedburner.com/ruanyifeng
[2025-04-09 02:59:59] - https://www.loyhome.com/feed
[2025-04-09 03:37:29] 本次订阅抓取结果统计:
[2025-04-09 03:37:29] 共 28 条RSS, 成功抓取 27 条.
[2025-04-09 03:37:29] ✘ 有 1 条订阅解析失败:
[2025-04-09 03:37:29] - https://geekinney.com/index.xml
[2025-04-09 03:37:29] ✘ 有 2 条订阅头像无法访问, 已使用默认头像:
[2025-04-09 03:37:29] - http://feeds.feedburner.com/ruanyifeng
[2025-04-09 03:37:29] - https://www.loyhome.com/feed
[2025-04-09 04:20:00] 本次订阅抓取结果统计:
[2025-04-09 04:20:00] 共 28 条RSS, 成功抓取 27 条.
[2025-04-09 04:20:00] ✘ 有 1 条订阅解析失败:
[2025-04-09 04:20:00] - https://geekinney.com/index.xml
[2025-04-09 04:20:00] ✘ 有 3 条订阅头像无法访问, 已使用默认头像:
[2025-04-09 04:20:00] - https://tcxx.info/feed
[2025-04-09 04:20:00] - http://feeds.feedburner.com/ruanyifeng
[2025-04-09 04:20:00] - https://www.loyhome.com/feed
[2025-04-09 05:17:16] 本次订阅抓取结果统计:
[2025-04-09 05:17:16] 共 28 条RSS, 成功抓取 27 条.
[2025-04-09 05:17:16] ✘ 有 1 条订阅解析失败:
[2025-04-09 05:17:16] - https://geekinney.com/index.xml
[2025-04-09 05:17:16] ✘ 有 2 条订阅头像无法访问, 已使用默认头像:
[2025-04-09 05:17:16] - http://feeds.feedburner.com/ruanyifeng
[2025-04-09 05:17:16] - https://www.loyhome.com/feed
[2025-04-09 06:24:39] 本次订阅抓取结果统计:
[2025-04-09 06:24:39] 共 28 条RSS, 成功抓取 27 条.
[2025-04-09 06:24:39] ✘ 有 1 条订阅解析失败:
[2025-04-09 06:24:39] - https://geekinney.com/index.xml
[2025-04-09 06:24:39] ✘ 有 2 条订阅头像无法访问, 已使用默认头像:
[2025-04-09 06:24:39] - http://feeds.feedburner.com/ruanyifeng
[2025-04-09 06:24:39] - https://www.loyhome.com/feed
[2025-04-09 07:16:53] 本次订阅抓取结果统计:
[2025-04-09 07:16:53] 共 28 条RSS, 成功抓取 27 条.
[2025-04-09 07:16:53] ✘ 有 1 条订阅解析失败:
[2025-04-09 07:16:53] - https://geekinney.com/index.xml
[2025-04-09 07:16:53] ✘ 有 2 条订阅头像无法访问, 已使用默认头像:
[2025-04-09 07:16:53] - http://feeds.feedburner.com/ruanyifeng
[2025-04-09 07:16:53] - https://www.loyhome.com/feed
[2025-04-09 08:25:23] 本次订阅抓取结果统计:
[2025-04-09 08:25:23] 共 28 条RSS, 成功抓取 26 条.
[2025-04-09 08:25:23] ✘ 有 2 条订阅解析失败:
[2025-04-09 08:25:23] - https://geekinney.com/index.xml
[2025-04-09 08:25:23] - https://blog.yanqingshan.com/feed
[2025-04-09 08:25:23] ✘ 有 3 条订阅头像无法访问, 已使用默认头像:
[2025-04-09 08:25:23] - https://tcxx.info/feed
[2025-04-09 08:25:23] - http://feeds.feedburner.com/ruanyifeng
[2025-04-09 08:25:23] - https://www.loyhome.com/feed
[2025-04-09 09:18:41] 本次订阅抓取结果统计:
[2025-04-09 09:18:41] 共 28 条RSS, 成功抓取 27 条.
[2025-04-09 09:18:41] ✘ 有 1 条订阅解析失败:
[2025-04-09 09:18:41] - https://geekinney.com/index.xml
[2025-04-09 09:18:41] ✘ 有 2 条订阅头像无法访问, 已使用默认头像:
[2025-04-09 09:18:41] - http://feeds.feedburner.com/ruanyifeng
[2025-04-09 09:18:41] - https://www.loyhome.com/feed
[2025-04-09 10:20:21] 本次订阅抓取结果统计:
[2025-04-09 10:20:21] 共 28 条RSS, 成功抓取 27 条.
[2025-04-09 10:20:21] ✘ 有 1 条订阅解析失败:
[2025-04-09 10:20:21] - https://geekinney.com/index.xml
[2025-04-09 10:20:21] ✘ 有 2 条订阅头像无法访问, 已使用默认头像:
[2025-04-09 10:20:21] - http://feeds.feedburner.com/ruanyifeng
[2025-04-09 10:20:21] - https://www.loyhome.com/feed
[2025-04-09 11:14:36] 本次订阅抓取结果统计:
[2025-04-09 11:14:36] 共 28 条RSS, 成功抓取 27 条.
[2025-04-09 11:14:36] ✘ 有 1 条订阅解析失败:
[2025-04-09 11:14:36] - https://geekinney.com/index.xml
[2025-04-09 11:14:36] ✘ 有 2 条订阅头像无法访问, 已使用默认头像:
[2025-04-09 11:14:36] - http://feeds.feedburner.com/ruanyifeng
[2025-04-09 11:14:36] - https://www.loyhome.com/feed
[2025-04-09 12:34:29] 本次订阅抓取结果统计:
[2025-04-09 12:34:29] 共 28 条RSS, 成功抓取 27 条.
[2025-04-09 12:34:29] ✘ 有 1 条订阅解析失败:
[2025-04-09 12:34:29] - https://geekinney.com/index.xml
[2025-04-09 12:34:29] ✘ 有 3 条订阅头像无法访问, 已使用默认头像:
[2025-04-09 12:34:29] - https://tcxx.info/feed
[2025-04-09 12:34:29] - http://feeds.feedburner.com/ruanyifeng
[2025-04-09 12:34:29] - https://www.loyhome.com/feed
[2025-04-09 13:28:04] 本次订阅抓取结果统计:
[2025-04-09 13:28:04] 共 28 条RSS, 成功抓取 27 条.
[2025-04-09 13:28:04] ✘ 有 1 条订阅解析失败:
[2025-04-09 13:28:04] - https://geekinney.com/index.xml
[2025-04-09 13:28:04] ✘ 有 3 条订阅头像无法访问, 已使用默认头像:
[2025-04-09 13:28:04] - http://feeds.feedburner.com/ruanyifeng
[2025-04-09 13:28:04] - https://www.loyhome.com/feed
[2025-04-09 13:28:04] - https://xyzbz.cn/feed
[2025-04-09 14:17:49] 本次订阅抓取结果统计:
[2025-04-09 14:17:49] 共 28 条RSS, 成功抓取 26 条.
[2025-04-09 14:17:49] ✘ 有 2 条订阅解析失败:
[2025-04-09 14:17:49] - https://tcxx.info/feed
[2025-04-09 14:17:49] - https://geekinney.com/index.xml
[2025-04-09 14:17:49] ✘ 有 2 条订阅头像无法访问, 已使用默认头像:
[2025-04-09 14:17:49] - http://feeds.feedburner.com/ruanyifeng
[2025-04-09 14:17:49] - https://www.loyhome.com/feed
[2025-04-09 15:20:56] 本次订阅抓取结果统计:
[2025-04-09 15:20:56] 共 28 条RSS, 成功抓取 27 条.
[2025-04-09 15:20:56] ✘ 有 1 条订阅解析失败:
[2025-04-09 15:20:56] - https://geekinney.com/index.xml
[2025-04-09 15:20:56] ✘ 有 2 条订阅头像无法访问, 已使用默认头像:
[2025-04-09 15:20:56] - http://feeds.feedburner.com/ruanyifeng
[2025-04-09 15:20:56] - https://www.loyhome.com/feed
[2025-04-09 16:22:11] 本次订阅抓取结果统计:
[2025-04-09 16:22:11] 共 28 条RSS, 成功抓取 27 条.
[2025-04-09 16:22:11] ✘ 有 1 条订阅解析失败:
[2025-04-09 16:22:11] - https://geekinney.com/index.xml
[2025-04-09 16:22:11] ✘ 有 2 条订阅头像无法访问, 已使用默认头像:
[2025-04-09 16:22:11] - http://feeds.feedburner.com/ruanyifeng
[2025-04-09 16:22:11] - https://www.loyhome.com/feed
[2025-04-09 17:15:12] 本次订阅抓取结果统计:
[2025-04-09 17:15:12] 共 28 条RSS, 成功抓取 27 条.
[2025-04-09 17:15:12] ✘ 有 1 条订阅解析失败:
[2025-04-09 17:15:12] - https://geekinney.com/index.xml
[2025-04-09 17:15:12] ✘ 有 2 条订阅头像无法访问, 已使用默认头像:
[2025-04-09 17:15:12] - https://www.loyhome.com/feed
[2025-04-09 17:15:12] - http://feeds.feedburner.com/ruanyifeng
