[2025-05-28 00:02:32] 抓取到的文章与现有数据相同，无需更新。
[2025-05-28 01:00:13] 抓取到的文章与现有数据相同，无需更新。
[2025-05-28 02:01:53] 本次订阅抓取结果统计:
[2025-05-28 02:01:53] 共 47 条RSS, 成功抓取 36 条.
[2025-05-28 02:01:53] ✘ 有 11 条订阅解析失败:
[2025-05-28 02:01:53] - https://tcxx.info/feed
[2025-05-28 02:01:53] - https://www.zhihu.com/rss
[2025-05-28 02:01:53] - https://v2ex.com/index.xml
[2025-05-28 02:01:53] - https://hwv430.blogspot.com/feeds/posts/default
[2025-05-28 02:01:53] - http://feeds.kenengba.com/kenengbarss
[2025-05-28 02:01:53] - http://feeds.feedburner.com/ruanyifeng
[2025-05-28 02:01:53] - https://blog.einverne.info/feed.xml
[2025-05-28 02:01:53] - http://feeds.feedburner.com/zhihu-daily
[2025-05-28 02:01:53] - https://rsshub.app/juejin/posts/1838039172387262
[2025-05-28 02:01:53] - https://rsshub.app/t66y/7
[2025-05-28 02:01:53] - http://weiwuhui.com/feed
[2025-05-28 02:01:53] ✘ 有 2 条订阅头像无法访问, 已使用默认头像:
[2025-05-28 02:01:53] - https://www.loyhome.com/feed
[2025-05-28 02:01:53] - https://www.douban.com/feed/review/book
[2025-05-28 03:00:16] 本次订阅抓取结果统计:
[2025-05-28 03:00:16] 共 47 条RSS, 成功抓取 37 条.
[2025-05-28 03:00:16] ✘ 有 10 条订阅解析失败:
[2025-05-28 03:00:16] - https://tcxx.info/feed
[2025-05-28 03:00:16] - https://www.zhihu.com/rss
[2025-05-28 03:00:16] - https://hwv430.blogspot.com/feeds/posts/default
[2025-05-28 03:00:16] - http://feeds.kenengba.com/kenengbarss
[2025-05-28 03:00:16] - http://feeds.feedburner.com/ruanyifeng
[2025-05-28 03:00:16] - https://blog.einverne.info/feed.xml
[2025-05-28 03:00:16] - https://v2ex.com/index.xml
[2025-05-28 03:00:16] - http://feeds.feedburner.com/zhihu-daily
[2025-05-28 03:00:16] - https://rsshub.app/juejin/posts/1838039172387262
[2025-05-28 03:00:16] - https://rsshub.app/t66y/7
[2025-05-28 03:00:16] ✘ 有 2 条订阅头像无法访问, 已使用默认头像:
[2025-05-28 03:00:16] - https://www.loyhome.com/feed
[2025-05-28 03:00:16] - https://www.douban.com/feed/review/book
[2025-05-28 04:00:05] 本次订阅抓取结果统计:
[2025-05-28 04:00:05] 共 47 条RSS, 成功抓取 37 条.
[2025-05-28 04:00:05] ✘ 有 10 条订阅解析失败:
[2025-05-28 04:00:05] - https://tcxx.info/feed
[2025-05-28 04:00:05] - https://www.zhihu.com/rss
[2025-05-28 04:00:05] - https://rsshub.app/juejin/posts/1838039172387262
[2025-05-28 04:00:05] - https://rsshub.app/t66y/7
[2025-05-28 04:00:05] - https://v2ex.com/index.xml
[2025-05-28 04:00:05] - https://hwv430.blogspot.com/feeds/posts/default
[2025-05-28 04:00:05] - http://feeds.kenengba.com/kenengbarss
[2025-05-28 04:00:05] - http://feeds.feedburner.com/ruanyifeng
[2025-05-28 04:00:05] - https://blog.einverne.info/feed.xml
[2025-05-28 04:00:05] - http://feeds.feedburner.com/zhihu-daily
[2025-05-28 04:00:05] ✘ 有 3 条订阅头像无法访问, 已使用默认头像:
[2025-05-28 04:00:05] - https://www.loyhome.com/feed
[2025-05-28 04:00:05] - https://feeds.appinn.com/appinns/
[2025-05-28 04:00:05] - https://www.douban.com/feed/review/book
[2025-05-28 05:00:07] 抓取到的文章与现有数据相同，无需更新。
[2025-05-28 06:00:09] 抓取到的文章与现有数据相同，无需更新。
[2025-05-28 07:00:07] 抓取到的文章与现有数据相同，无需更新。
[2025-05-28 08:00:09] 抓取到的文章与现有数据相同，无需更新。
[2025-05-28 09:01:18] 抓取到的文章与现有数据相同，无需更新。
[2025-05-28 10:00:25] 本次订阅抓取结果统计:
[2025-05-28 10:00:25] 共 47 条RSS, 成功抓取 36 条.
[2025-05-28 10:00:25] ✘ 有 10 条订阅解析失败:
[2025-05-28 10:00:25] - https://tcxx.info/feed
[2025-05-28 10:00:25] - https://www.zhihu.com/rss
[2025-05-28 10:00:25] - https://hwv430.blogspot.com/feeds/posts/default
[2025-05-28 10:00:25] - http://feeds.kenengba.com/kenengbarss
[2025-05-28 10:00:25] - http://feeds.feedburner.com/ruanyifeng
[2025-05-28 10:00:25] - https://blog.einverne.info/feed.xml
[2025-05-28 10:00:25] - https://v2ex.com/index.xml
[2025-05-28 10:00:25] - http://feeds.feedburner.com/zhihu-daily
[2025-05-28 10:00:25] - https://rsshub.app/juejin/posts/1838039172387262
[2025-05-28 10:00:25] - https://rsshub.app/t66y/7
[2025-05-28 10:00:25] ✘ 有 1 条订阅为空:
[2025-05-28 10:00:25] - https://diygod.cc/feed
[2025-05-28 10:00:25] ✘ 有 3 条订阅头像无法访问, 已使用默认头像:
[2025-05-28 10:00:25] - https://www.loyhome.com/feed
[2025-05-28 10:00:25] - https://feeds.appinn.com/appinns/
[2025-05-28 10:00:25] - https://www.douban.com/feed/review/book
[2025-05-28 11:00:16] 本次订阅抓取结果统计:
[2025-05-28 11:00:16] 共 47 条RSS, 成功抓取 38 条.
[2025-05-28 11:00:16] ✘ 有 9 条订阅解析失败:
[2025-05-28 11:00:16] - https://tcxx.info/feed
[2025-05-28 11:00:16] - https://www.zhihu.com/rss
[2025-05-28 11:00:16] - https://hwv430.blogspot.com/feeds/posts/default
[2025-05-28 11:00:16] - http://feeds.kenengba.com/kenengbarss
[2025-05-28 11:00:16] - http://feeds.feedburner.com/ruanyifeng
[2025-05-28 11:00:16] - https://v2ex.com/index.xml
[2025-05-28 11:00:16] - http://feeds.feedburner.com/zhihu-daily
[2025-05-28 11:00:16] - https://rsshub.app/juejin/posts/1838039172387262
[2025-05-28 11:00:16] - https://rsshub.app/t66y/7
[2025-05-28 11:00:16] ✘ 有 3 条订阅头像无法访问, 已使用默认头像:
[2025-05-28 11:00:16] - https://www.loyhome.com/feed
[2025-05-28 11:00:16] - https://blog.einverne.info/feed.xml
[2025-05-28 11:00:16] - https://www.douban.com/feed/review/book
[2025-05-28 11:18:34] 本次订阅抓取结果统计:
[2025-05-28 11:18:34] 共 47 条RSS, 成功抓取 38 条.
[2025-05-28 11:18:34] ✘ 有 9 条订阅解析失败:
[2025-05-28 11:18:34] - https://tcxx.info/feed
[2025-05-28 11:18:34] - https://www.zhihu.com/rss
[2025-05-28 11:18:34] - https://v2ex.com/index.xml
[2025-05-28 11:18:34] - https://hwv430.blogspot.com/feeds/posts/default
[2025-05-28 11:18:34] - http://feeds.kenengba.com/kenengbarss
[2025-05-28 11:18:34] - http://feeds.feedburner.com/ruanyifeng
[2025-05-28 11:18:34] - https://blog.einverne.info/feed.xml
[2025-05-28 11:18:34] - http://feeds.feedburner.com/zhihu-daily
[2025-05-28 11:18:34] - https://rsshub.app/juejin/posts/1838039172387262
[2025-05-28 11:18:34] ✘ 有 2 条订阅头像无法访问, 已使用默认头像:
[2025-05-28 11:18:34] - https://www.loyhome.com/feed
[2025-05-28 11:18:34] - https://www.douban.com/feed/review/book
[2025-05-28 11:33:52] 本次订阅抓取结果统计:
[2025-05-28 11:33:52] 共 47 条RSS, 成功抓取 37 条.
[2025-05-28 11:33:52] ✘ 有 10 条订阅解析失败:
[2025-05-28 11:33:52] - https://limboy.me/index.xml
[2025-05-28 11:33:52] - https://tcxx.info/feed
[2025-05-28 11:33:52] - https://www.zhihu.com/rss
[2025-05-28 11:33:52] - https://blog.einverne.info/feed.xml
[2025-05-28 11:33:52] - https://hwv430.blogspot.com/feeds/posts/default
[2025-05-28 11:33:52] - http://feeds.kenengba.com/kenengbarss
[2025-05-28 11:33:52] - https://rsshub.app/juejin/posts/1838039172387262
[2025-05-28 11:33:52] - http://feeds.feedburner.com/ruanyifeng
[2025-05-28 11:33:52] - https://v2ex.com/index.xml
[2025-05-28 11:33:52] - http://feeds.feedburner.com/zhihu-daily
[2025-05-28 11:33:52] ✘ 有 2 条订阅头像无法访问, 已使用默认头像:
[2025-05-28 11:33:52] - https://www.loyhome.com/feed
[2025-05-28 11:33:52] - https://www.douban.com/feed/review/book
[2025-05-28 12:00:13] 本次订阅抓取结果统计:
[2025-05-28 12:00:13] 共 47 条RSS, 成功抓取 38 条.
[2025-05-28 12:00:13] ✘ 有 9 条订阅解析失败:
[2025-05-28 12:00:13] - https://tcxx.info/feed
[2025-05-28 12:00:13] - https://www.zhihu.com/rss
[2025-05-28 12:00:13] - https://hwv430.blogspot.com/feeds/posts/default
[2025-05-28 12:00:13] - http://feeds.kenengba.com/kenengbarss
[2025-05-28 12:00:13] - http://feeds.feedburner.com/ruanyifeng
[2025-05-28 12:00:13] - https://blog.einverne.info/feed.xml
[2025-05-28 12:00:13] - https://v2ex.com/index.xml
[2025-05-28 12:00:13] - http://feeds.feedburner.com/zhihu-daily
[2025-05-28 12:00:13] - https://rsshub.app/juejin/posts/1838039172387262
[2025-05-28 12:00:13] ✘ 有 2 条订阅头像无法访问, 已使用默认头像:
[2025-05-28 12:00:13] - https://www.loyhome.com/feed
[2025-05-28 12:00:13] - https://www.douban.com/feed/review/book
[2025-05-28 13:00:12] 本次订阅抓取结果统计:
[2025-05-28 13:00:12] 共 47 条RSS, 成功抓取 37 条.
[2025-05-28 13:00:12] ✘ 有 10 条订阅解析失败:
[2025-05-28 13:00:12] - https://tcxx.info/feed
[2025-05-28 13:00:12] - https://www.zhihu.com/rss
[2025-05-28 13:00:12] - https://lingxiankong.github.io/pages/rss.xml
[2025-05-28 13:00:12] - https://hwv430.blogspot.com/feeds/posts/default
[2025-05-28 13:00:12] - http://feeds.kenengba.com/kenengbarss
[2025-05-28 13:00:12] - http://feeds.feedburner.com/ruanyifeng
[2025-05-28 13:00:12] - https://blog.einverne.info/feed.xml
[2025-05-28 13:00:12] - https://v2ex.com/index.xml
[2025-05-28 13:00:12] - http://feeds.feedburner.com/zhihu-daily
[2025-05-28 13:00:12] - https://rsshub.app/juejin/posts/1838039172387262
[2025-05-28 13:00:12] ✘ 有 2 条订阅头像无法访问, 已使用默认头像:
[2025-05-28 13:00:12] - https://www.loyhome.com/feed
[2025-05-28 13:00:12] - https://www.douban.com/feed/review/book
[2025-05-28 14:00:11] 本次订阅抓取结果统计:
[2025-05-28 14:00:11] 共 47 条RSS, 成功抓取 38 条.
[2025-05-28 14:00:11] ✘ 有 9 条订阅解析失败:
[2025-05-28 14:00:11] - https://tcxx.info/feed
[2025-05-28 14:00:11] - https://www.zhihu.com/rss
[2025-05-28 14:00:11] - https://blog.einverne.info/feed.xml
[2025-05-28 14:00:11] - https://hwv430.blogspot.com/feeds/posts/default
[2025-05-28 14:00:11] - http://feeds.kenengba.com/kenengbarss
[2025-05-28 14:00:11] - http://feeds.feedburner.com/ruanyifeng
[2025-05-28 14:00:11] - https://v2ex.com/index.xml
[2025-05-28 14:00:11] - http://feeds.feedburner.com/zhihu-daily
[2025-05-28 14:00:11] - https://rsshub.app/juejin/posts/1838039172387262
[2025-05-28 14:00:11] ✘ 有 3 条订阅头像无法访问, 已使用默认头像:
[2025-05-28 14:00:11] - https://www.loyhome.com/feed
[2025-05-28 14:00:11] - https://blog.ursb.me/feed.xml
[2025-05-28 14:00:11] - https://www.douban.com/feed/review/book
[2025-05-28 15:00:08] 抓取到的文章与现有数据相同，无需更新。
[2025-05-28 07:48:02] [ERROR] 上传 data.json 到 COS 失败: /home/runner/work/lhasaRSS/lhasaRSS/cos_upload.go:48 => 上传至COS失败 | 原因: PUT https://lhasa-1253887673.cos.ap-shanghai.myqcloud.com/lhasaRSS/data.json: 403 InvalidAccessKeyId(Message: The Access Key Id you provided does not exist in our records, RequestId: NjgzNmJmYjJfZDM2NjkwOV9mMDMwXzUyMTE1YWE=, TraceId: OGVmYzZiMmQzYjA2OWNhODk0NTRkMTBiOWVmMDAxODc0OWRkZjk0ZDM1NmI1M2E2MTRlY2MzZDhmNmI5MWI1OTQyYWVlY2QwZTk2MDVmZDQ3MmI2Y2I4ZmI5ZmM4ODFjMTcxNDY1MmNiMzgxYTQ4MjYxYjc1YmI2NGFiMDg5MTU=)
[2025-05-28 07:55:43] 本次订阅抓取结果统计:
[2025-05-28 07:55:43] 共 47 条RSS, 成功抓取 44 条.
[2025-05-28 07:55:43] ✘ 有 3 条订阅解析失败:
[2025-05-28 07:55:43] - https://tcxx.info/feed
[2025-05-28 07:55:43] - https://www.zhihu.com/rss
[2025-05-28 07:55:43] - https://rsshub.app/juejin/posts/1838039172387262
[2025-05-28 07:55:43] ✘ 有 3 条订阅头像无法访问, 已使用默认头像:
[2025-05-28 07:55:43] - http://feeds.feedburner.com/ruanyifeng
[2025-05-28 07:55:43] - https://www.loyhome.com/feed
[2025-05-28 07:55:43] - https://www.douban.com/feed/review/book
[2025-05-28 08:04:22] 本次订阅抓取结果统计:
[2025-05-28 08:04:22] 共 45 条RSS, 成功抓取 44 条.
[2025-05-28 08:04:22] ✘ 有 1 条订阅解析失败:
[2025-05-28 08:04:22] - https://tcxx.info/feed
[2025-05-28 08:04:22] ✘ 有 3 条订阅头像无法访问, 已使用默认头像:
[2025-05-28 08:04:22] - http://feeds.feedburner.com/ruanyifeng
[2025-05-28 08:04:22] - https://www.loyhome.com/feed
[2025-05-28 08:04:22] - https://www.douban.com/feed/review/book
[2025-05-28 08:14:15] 本次订阅抓取结果统计:
[2025-05-28 08:14:15] 共 45 条RSS, 成功抓取 44 条.
[2025-05-28 08:14:15] ✘ 有 1 条订阅解析失败:
[2025-05-28 08:14:15] - https://tcxx.info/feed
[2025-05-28 08:14:15] ✘ 有 3 条订阅头像无法访问, 已使用默认头像:
[2025-05-28 08:14:15] - https://www.loyhome.com/feed
[2025-05-28 08:14:15] - http://feeds.feedburner.com/ruanyifeng
[2025-05-28 08:14:15] - https://www.douban.com/feed/review/book
[2025-05-28 09:02:02] 本次订阅抓取结果统计:
[2025-05-28 09:02:02] 共 45 条RSS, 成功抓取 44 条.
[2025-05-28 09:02:02] ✘ 有 1 条订阅解析失败:
[2025-05-28 09:02:02] - https://tcxx.info/feed
[2025-05-28 09:02:02] ✘ 有 3 条订阅头像无法访问, 已使用默认头像:
[2025-05-28 09:02:02] - http://feeds.feedburner.com/ruanyifeng
[2025-05-28 09:02:02] - https://www.loyhome.com/feed
[2025-05-28 09:02:02] - https://www.douban.com/feed/review/book
[2025-05-28 10:01:57] 本次订阅抓取结果统计:
[2025-05-28 10:01:57] 共 45 条RSS, 成功抓取 44 条.
[2025-05-28 10:01:57] ✘ 有 1 条订阅解析失败:
[2025-05-28 10:01:57] - https://tcxx.info/feed
[2025-05-28 10:01:57] ✘ 有 3 条订阅头像无法访问, 已使用默认头像:
[2025-05-28 10:01:57] - http://feeds.feedburner.com/ruanyifeng
[2025-05-28 10:01:57] - https://www.loyhome.com/feed
[2025-05-28 10:01:57] - https://www.douban.com/feed/review/book
[2025-05-28 11:02:36] 本次订阅抓取结果统计:
[2025-05-28 11:02:36] 共 45 条RSS, 成功抓取 44 条.
[2025-05-28 11:02:36] ✘ 有 1 条订阅解析失败:
[2025-05-28 11:02:36] - https://tcxx.info/feed
[2025-05-28 11:02:36] ✘ 有 5 条订阅头像无法访问, 已使用默认头像:
[2025-05-28 11:02:36] - http://feeds.feedburner.com/ruanyifeng
[2025-05-28 11:02:36] - https://www.loyhome.com/feed
[2025-05-28 11:02:36] - https://www.douban.com/feed/review/book
[2025-05-28 11:02:36] - https://feeds.appinn.com/appinns/
[2025-05-28 11:02:36] - https://1900.live/rss.xml
[2025-05-28 12:02:26] 本次订阅抓取结果统计:
[2025-05-28 12:02:26] 共 45 条RSS, 成功抓取 44 条.
[2025-05-28 12:02:26] ✘ 有 1 条订阅解析失败:
[2025-05-28 12:02:26] - https://tcxx.info/feed
[2025-05-28 12:02:26] ✘ 有 5 条订阅头像无法访问, 已使用默认头像:
[2025-05-28 12:02:26] - http://feeds.feedburner.com/ruanyifeng
[2025-05-28 12:02:26] - https://www.loyhome.com/feed
[2025-05-28 12:02:26] - https://sspai.com/feed
[2025-05-28 12:02:26] - https://feeds.appinn.com/appinns/
[2025-05-28 12:02:26] - https://www.douban.com/feed/review/book
[2025-05-28 13:11:14] 本次订阅抓取结果统计:
[2025-05-28 13:11:14] 共 45 条RSS, 成功抓取 44 条.
[2025-05-28 13:11:14] ✘ 有 1 条订阅解析失败:
[2025-05-28 13:11:14] - https://tcxx.info/feed
[2025-05-28 13:11:14] ✘ 有 4 条订阅头像无法访问, 已使用默认头像:
[2025-05-28 13:11:14] - http://feeds.feedburner.com/ruanyifeng
[2025-05-28 13:11:14] - https://www.loyhome.com/feed
[2025-05-28 13:11:14] - https://www.douban.com/feed/review/book
[2025-05-28 13:11:14] - https://feeds.appinn.com/appinns/
[2025-05-28 14:01:44] 本次订阅抓取结果统计:
[2025-05-28 14:01:44] 共 45 条RSS, 成功抓取 44 条.
[2025-05-28 14:01:44] ✘ 有 1 条订阅解析失败:
[2025-05-28 14:01:44] - https://tcxx.info/feed
[2025-05-28 14:01:44] ✘ 有 5 条订阅头像无法访问, 已使用默认头像:
[2025-05-28 14:01:44] - http://feeds.feedburner.com/ruanyifeng
[2025-05-28 14:01:44] - https://www.loyhome.com/feed
[2025-05-28 14:01:44] - https://xyzbz.cn/feed
[2025-05-28 14:01:44] - https://feeds.appinn.com/appinns/
[2025-05-28 14:01:44] - https://www.douban.com/feed/review/book
[2025-05-28 15:02:04] 本次订阅抓取结果统计:
[2025-05-28 15:02:04] 共 45 条RSS, 成功抓取 44 条.
[2025-05-28 15:02:04] ✘ 有 1 条订阅解析失败:
[2025-05-28 15:02:04] - https://tcxx.info/feed
[2025-05-28 15:02:04] ✘ 有 3 条订阅头像无法访问, 已使用默认头像:
[2025-05-28 15:02:04] - http://feeds.feedburner.com/ruanyifeng
[2025-05-28 15:02:04] - https://www.loyhome.com/feed
[2025-05-28 15:02:04] - https://www.douban.com/feed/review/book
[2025-05-28 16:02:22] 本次订阅抓取结果统计:
[2025-05-28 16:02:22] 共 45 条RSS, 成功抓取 44 条.
[2025-05-28 16:02:22] ✘ 有 1 条订阅解析失败:
[2025-05-28 16:02:22] - https://tcxx.info/feed
[2025-05-28 16:02:22] ✘ 有 4 条订阅头像无法访问, 已使用默认头像:
[2025-05-28 16:02:22] - http://feeds.feedburner.com/ruanyifeng
[2025-05-28 16:02:22] - https://www.loyhome.com/feed
[2025-05-28 16:02:22] - https://feeds.appinn.com/appinns/
[2025-05-28 16:02:22] - https://www.douban.com/feed/review/book
[2025-05-28 17:02:03] 本次订阅抓取结果统计:
[2025-05-28 17:02:03] 共 45 条RSS, 成功抓取 44 条.
[2025-05-28 17:02:03] ✘ 有 1 条订阅解析失败:
[2025-05-28 17:02:03] - https://tcxx.info/feed
[2025-05-28 17:02:03] ✘ 有 4 条订阅头像无法访问, 已使用默认头像:
[2025-05-28 17:02:03] - http://feeds.feedburner.com/ruanyifeng
[2025-05-28 17:02:03] - https://www.loyhome.com/feed
[2025-05-28 17:02:03] - https://xyzbz.cn/feed
[2025-05-28 17:02:03] - https://www.douban.com/feed/review/book
[2025-05-28 18:02:11] 本次订阅抓取结果统计:
[2025-05-28 18:02:11] 共 45 条RSS, 成功抓取 44 条.
[2025-05-28 18:02:11] ✘ 有 1 条订阅解析失败:
[2025-05-28 18:02:11] - https://tcxx.info/feed
[2025-05-28 18:02:11] ✘ 有 3 条订阅头像无法访问, 已使用默认头像:
[2025-05-28 18:02:11] - http://feeds.feedburner.com/ruanyifeng
[2025-05-28 18:02:11] - https://www.loyhome.com/feed
[2025-05-28 18:02:11] - https://www.douban.com/feed/review/book
[2025-05-28 19:01:49] 本次订阅抓取结果统计:
[2025-05-28 19:01:49] 共 45 条RSS, 成功抓取 44 条.
[2025-05-28 19:01:49] ✘ 有 1 条订阅解析失败:
[2025-05-28 19:01:49] - https://tcxx.info/feed
[2025-05-28 19:01:49] ✘ 有 3 条订阅头像无法访问, 已使用默认头像:
[2025-05-28 19:01:49] - http://feeds.feedburner.com/ruanyifeng
[2025-05-28 19:01:49] - https://www.loyhome.com/feed
[2025-05-28 19:01:49] - https://www.douban.com/feed/review/book
[2025-05-28 20:02:25] 本次订阅抓取结果统计:
[2025-05-28 20:02:25] 共 45 条RSS, 成功抓取 44 条.
[2025-05-28 20:02:25] ✘ 有 1 条订阅解析失败:
[2025-05-28 20:02:25] - https://tcxx.info/feed
[2025-05-28 20:02:25] ✘ 有 4 条订阅头像无法访问, 已使用默认头像:
[2025-05-28 20:02:25] - https://www.loyhome.com/feed
[2025-05-28 20:02:25] - http://feeds.feedburner.com/ruanyifeng
[2025-05-28 20:02:25] - https://www.shephe.com/feed
[2025-05-28 20:02:25] - https://www.douban.com/feed/review/book
[2025-05-28 21:01:43] 本次订阅抓取结果统计:
[2025-05-28 21:01:43] 共 45 条RSS, 成功抓取 44 条.
[2025-05-28 21:01:43] ✘ 有 1 条订阅解析失败:
[2025-05-28 21:01:43] - https://tcxx.info/feed
[2025-05-28 21:01:43] ✘ 有 3 条订阅头像无法访问, 已使用默认头像:
[2025-05-28 21:01:43] - http://feeds.feedburner.com/ruanyifeng
[2025-05-28 21:01:43] - https://www.loyhome.com/feed
[2025-05-28 21:01:43] - https://www.douban.com/feed/review/book
[2025-05-28 22:01:57] 抓取到的文章与现有数据相同，无需更新。
