[2025-06-27 00:04:18] 本次订阅抓取结果统计:
[2025-06-27 00:04:18] 共 45 条RSS, 成功抓取 44 条.
[2025-06-27 00:04:18] ✘ 有 1 条订阅解析失败:
[2025-06-27 00:04:18] - https://tcxx.info/feed
[2025-06-27 00:04:18] ✘ 有 3 条订阅头像无法访问, 已使用默认头像:
[2025-06-27 00:04:18] - https://www.loyhome.com/feed
[2025-06-27 00:04:18] - http://feeds.feedburner.com/ruanyifeng
[2025-06-27 00:04:18] - https://www.douban.com/feed/review/book
[2025-06-27 01:29:42] 本次订阅抓取结果统计:
[2025-06-27 01:29:42] 共 45 条RSS, 成功抓取 44 条.
[2025-06-27 01:29:42] ✘ 有 1 条订阅解析失败:
[2025-06-27 01:29:42] - https://tcxx.info/feed
[2025-06-27 01:29:42] ✘ 有 4 条订阅头像无法访问, 已使用默认头像:
[2025-06-27 01:29:42] - http://feeds.feedburner.com/ruanyifeng
[2025-06-27 01:29:42] - https://www.loyhome.com/feed
[2025-06-27 01:29:42] - https://www.douban.com/feed/review/book
[2025-06-27 01:29:42] - https://feeds.appinn.com/appinns/
[2025-06-27 02:32:57] 本次订阅抓取结果统计:
[2025-06-27 02:32:57] 共 45 条RSS, 成功抓取 44 条.
[2025-06-27 02:32:57] ✘ 有 1 条订阅解析失败:
[2025-06-27 02:32:57] - https://tcxx.info/feed
[2025-06-27 02:32:57] ✘ 有 3 条订阅头像无法访问, 已使用默认头像:
[2025-06-27 02:32:57] - http://feeds.feedburner.com/ruanyifeng
[2025-06-27 02:32:57] - https://www.loyhome.com/feed
[2025-06-27 02:32:57] - https://www.douban.com/feed/review/book
[2025-06-27 03:24:51] 本次订阅抓取结果统计:
[2025-06-27 03:24:51] 共 45 条RSS, 成功抓取 44 条.
[2025-06-27 03:24:51] ✘ 有 1 条订阅解析失败:
[2025-06-27 03:24:51] - https://tcxx.info/feed
[2025-06-27 03:24:51] ✘ 有 3 条订阅头像无法访问, 已使用默认头像:
[2025-06-27 03:24:51] - http://feeds.feedburner.com/ruanyifeng
[2025-06-27 03:24:51] - https://www.loyhome.com/feed
[2025-06-27 03:24:51] - https://www.douban.com/feed/review/book
[2025-06-27 04:07:07] 本次订阅抓取结果统计:
[2025-06-27 04:07:07] 共 45 条RSS, 成功抓取 44 条.
[2025-06-27 04:07:07] ✘ 有 1 条订阅解析失败:
[2025-06-27 04:07:07] - https://tcxx.info/feed
[2025-06-27 04:07:07] ✘ 有 5 条订阅头像无法访问, 已使用默认头像:
[2025-06-27 04:07:07] - http://feeds.feedburner.com/ruanyifeng
[2025-06-27 04:07:07] - https://www.loyhome.com/feed
[2025-06-27 04:07:07] - https://xyzbz.cn/feed
[2025-06-27 04:07:07] - https://www.douban.com/feed/review/book
[2025-06-27 04:07:07] - https://feeds.appinn.com/appinns/
[2025-06-27 05:02:25] 本次订阅抓取结果统计:
[2025-06-27 05:02:25] 共 45 条RSS, 成功抓取 44 条.
[2025-06-27 05:02:25] ✘ 有 1 条订阅解析失败:
[2025-06-27 05:02:25] - https://tcxx.info/feed
[2025-06-27 05:02:25] ✘ 有 4 条订阅头像无法访问, 已使用默认头像:
[2025-06-27 05:02:25] - http://feeds.feedburner.com/ruanyifeng
[2025-06-27 05:02:25] - https://www.loyhome.com/feed
[2025-06-27 05:02:25] - https://www.douban.com/feed/review/book
[2025-06-27 05:02:25] - https://feeds.appinn.com/appinns/
[2025-06-27 06:02:03] 本次订阅抓取结果统计:
[2025-06-27 06:02:03] 共 45 条RSS, 成功抓取 44 条.
[2025-06-27 06:02:03] ✘ 有 1 条订阅解析失败:
[2025-06-27 06:02:03] - https://tcxx.info/feed
[2025-06-27 06:02:03] ✘ 有 3 条订阅头像无法访问, 已使用默认头像:
[2025-06-27 06:02:03] - http://feeds.feedburner.com/ruanyifeng
[2025-06-27 06:02:03] - https://www.loyhome.com/feed
[2025-06-27 06:02:03] - https://www.douban.com/feed/review/book
[2025-06-27 07:02:00] 本次订阅抓取结果统计:
[2025-06-27 07:02:00] 共 45 条RSS, 成功抓取 44 条.
[2025-06-27 07:02:00] ✘ 有 1 条订阅解析失败:
[2025-06-27 07:02:00] - https://tcxx.info/feed
[2025-06-27 07:02:00] ✘ 有 3 条订阅头像无法访问, 已使用默认头像:
[2025-06-27 07:02:00] - http://feeds.feedburner.com/ruanyifeng
[2025-06-27 07:02:00] - https://www.loyhome.com/feed
[2025-06-27 07:02:00] - https://www.douban.com/feed/review/book
[2025-06-27 08:02:03] 本次订阅抓取结果统计:
[2025-06-27 08:02:03] 共 45 条RSS, 成功抓取 44 条.
[2025-06-27 08:02:03] ✘ 有 1 条订阅解析失败:
[2025-06-27 08:02:03] - https://tcxx.info/feed
[2025-06-27 08:02:03] ✘ 有 4 条订阅头像无法访问, 已使用默认头像:
[2025-06-27 08:02:03] - http://feeds.feedburner.com/ruanyifeng
[2025-06-27 08:02:03] - https://www.loyhome.com/feed
[2025-06-27 08:02:03] - https://www.douban.com/feed/review/book
[2025-06-27 08:02:03] - https://feeds.appinn.com/appinns/
[2025-06-27 09:01:54] 本次订阅抓取结果统计:
[2025-06-27 09:01:54] 共 45 条RSS, 成功抓取 44 条.
[2025-06-27 09:01:54] ✘ 有 1 条订阅解析失败:
[2025-06-27 09:01:54] - https://tcxx.info/feed
[2025-06-27 09:01:54] ✘ 有 3 条订阅头像无法访问, 已使用默认头像:
[2025-06-27 09:01:54] - https://www.loyhome.com/feed
[2025-06-27 09:01:54] - http://feeds.feedburner.com/ruanyifeng
[2025-06-27 09:01:54] - https://www.douban.com/feed/review/book
[2025-06-27 10:01:57] 本次订阅抓取结果统计:
[2025-06-27 10:01:57] 共 45 条RSS, 成功抓取 44 条.
[2025-06-27 10:01:57] ✘ 有 1 条订阅解析失败:
[2025-06-27 10:01:57] - https://tcxx.info/feed
[2025-06-27 10:01:57] ✘ 有 3 条订阅头像无法访问, 已使用默认头像:
[2025-06-27 10:01:57] - http://feeds.feedburner.com/ruanyifeng
[2025-06-27 10:01:57] - https://www.loyhome.com/feed
[2025-06-27 10:01:57] - https://www.douban.com/feed/review/book
[2025-06-27 11:01:42] 本次订阅抓取结果统计:
[2025-06-27 11:01:42] 共 45 条RSS, 成功抓取 44 条.
[2025-06-27 11:01:42] ✘ 有 1 条订阅解析失败:
[2025-06-27 11:01:42] - https://tcxx.info/feed
[2025-06-27 11:01:42] ✘ 有 3 条订阅头像无法访问, 已使用默认头像:
[2025-06-27 11:01:42] - http://feeds.feedburner.com/ruanyifeng
[2025-06-27 11:01:42] - https://www.loyhome.com/feed
[2025-06-27 11:01:42] - https://www.douban.com/feed/review/book
[2025-06-27 12:02:23] 本次订阅抓取结果统计:
[2025-06-27 12:02:23] 共 45 条RSS, 成功抓取 44 条.
[2025-06-27 12:02:23] ✘ 有 1 条订阅解析失败:
[2025-06-27 12:02:23] - https://tcxx.info/feed
[2025-06-27 12:02:23] ✘ 有 3 条订阅头像无法访问, 已使用默认头像:
[2025-06-27 12:02:23] - http://feeds.feedburner.com/ruanyifeng
[2025-06-27 12:02:23] - https://www.loyhome.com/feed
[2025-06-27 12:02:23] - https://www.douban.com/feed/review/book
[2025-06-27 13:10:51] 本次订阅抓取结果统计:
[2025-06-27 13:10:51] 共 45 条RSS, 成功抓取 44 条.
[2025-06-27 13:10:51] ✘ 有 1 条订阅解析失败:
[2025-06-27 13:10:51] - https://tcxx.info/feed
[2025-06-27 13:10:51] ✘ 有 3 条订阅头像无法访问, 已使用默认头像:
[2025-06-27 13:10:51] - http://feeds.feedburner.com/ruanyifeng
[2025-06-27 13:10:51] - https://www.loyhome.com/feed
[2025-06-27 13:10:51] - https://www.douban.com/feed/review/book
[2025-06-27 14:01:46] 本次订阅抓取结果统计:
[2025-06-27 14:01:46] 共 45 条RSS, 成功抓取 44 条.
[2025-06-27 14:01:46] ✘ 有 1 条订阅解析失败:
[2025-06-27 14:01:46] - https://tcxx.info/feed
[2025-06-27 14:01:46] ✘ 有 3 条订阅头像无法访问, 已使用默认头像:
[2025-06-27 14:01:46] - http://feeds.feedburner.com/ruanyifeng
[2025-06-27 14:01:46] - https://www.loyhome.com/feed
[2025-06-27 14:01:46] - https://www.douban.com/feed/review/book
[2025-06-27 15:02:16] 本次订阅抓取结果统计:
[2025-06-27 15:02:16] 共 45 条RSS, 成功抓取 43 条.
[2025-06-27 15:02:16] ✘ 有 1 条订阅解析失败:
[2025-06-27 15:02:16] - https://tcxx.info/feed
[2025-06-27 15:02:16] ✘ 有 1 条订阅为空:
[2025-06-27 15:02:16] - https://www.douban.com/feed/review/book
[2025-06-27 15:02:16] ✘ 有 3 条订阅头像无法访问, 已使用默认头像:
[2025-06-27 15:02:16] - http://feeds.feedburner.com/ruanyifeng
[2025-06-27 15:02:16] - https://www.loyhome.com/feed
[2025-06-27 15:02:16] - https://feeds.appinn.com/appinns/
[2025-06-27 16:02:03] 本次订阅抓取结果统计:
[2025-06-27 16:02:03] 共 45 条RSS, 成功抓取 44 条.
[2025-06-27 16:02:03] ✘ 有 1 条订阅解析失败:
[2025-06-27 16:02:03] - https://tcxx.info/feed
[2025-06-27 16:02:03] ✘ 有 3 条订阅头像无法访问, 已使用默认头像:
[2025-06-27 16:02:03] - http://feeds.feedburner.com/ruanyifeng
[2025-06-27 16:02:03] - https://www.loyhome.com/feed
[2025-06-27 16:02:03] - https://www.douban.com/feed/review/book
[2025-06-27 17:02:04] 本次订阅抓取结果统计:
[2025-06-27 17:02:04] 共 45 条RSS, 成功抓取 43 条.
[2025-06-27 17:02:04] ✘ 有 2 条订阅解析失败:
[2025-06-27 17:02:04] - https://tcxx.info/feed
[2025-06-27 17:02:04] - https://www.douban.com/feed/review/book
[2025-06-27 17:02:04] ✘ 有 2 条订阅头像无法访问, 已使用默认头像:
[2025-06-27 17:02:04] - https://www.loyhome.com/feed
[2025-06-27 17:02:04] - http://feeds.feedburner.com/ruanyifeng
[2025-06-27 18:01:57] 本次订阅抓取结果统计:
[2025-06-27 18:01:57] 共 45 条RSS, 成功抓取 44 条.
[2025-06-27 18:01:57] ✘ 有 1 条订阅解析失败:
[2025-06-27 18:01:57] - https://tcxx.info/feed
[2025-06-27 18:01:57] ✘ 有 4 条订阅头像无法访问, 已使用默认头像:
[2025-06-27 18:01:57] - http://feeds.feedburner.com/ruanyifeng
[2025-06-27 18:01:57] - https://www.loyhome.com/feed
[2025-06-27 18:01:57] - https://www.douban.com/feed/review/book
[2025-06-27 18:01:57] - https://feeds.appinn.com/appinns/
[2025-06-27 19:01:55] 抓取到的文章与现有数据相同，无需更新。
[2025-06-27 20:01:56] 本次订阅抓取结果统计:
[2025-06-27 20:01:56] 共 45 条RSS, 成功抓取 44 条.
[2025-06-27 20:01:56] ✘ 有 1 条订阅解析失败:
[2025-06-27 20:01:56] - https://tcxx.info/feed
[2025-06-27 20:01:56] ✘ 有 4 条订阅头像无法访问, 已使用默认头像:
[2025-06-27 20:01:56] - http://feeds.feedburner.com/ruanyifeng
[2025-06-27 20:01:56] - https://www.loyhome.com/feed
[2025-06-27 20:01:56] - https://www.douban.com/feed/review/book
[2025-06-27 20:01:56] - https://feeds.appinn.com/appinns/
