[2025-08-08 00:04:32] 抓取到的文章与现有数据相同，无需更新。
[2025-08-08 01:29:53] 本次订阅抓取结果统计:
[2025-08-08 01:29:53] 共 51 条RSS, 成功抓取 47 条.
[2025-08-08 01:29:53] ✘ 有 4 条订阅解析失败:
[2025-08-08 01:29:53] - https://tumutanzi.com/feed
[2025-08-08 01:29:53] - https://tcxx.info/feed
[2025-08-08 01:29:53] - https://www.williamlong.info/rss.xml
[2025-08-08 01:29:53] - https://yinwang1.substack.com/feed
[2025-08-08 01:29:53] ✘ 有 5 条订阅头像无法访问, 已使用默认头像:
[2025-08-08 01:29:53] - http://feeds.feedburner.com/ruanyifeng
[2025-08-08 01:29:53] - https://www.loyhome.com/feed
[2025-08-08 01:29:53] - https://a4.zyzhang.com/index.xml
[2025-08-08 01:29:53] - https://www.geedea.pro/index.xml
[2025-08-08 01:29:53] - https://www.douban.com/feed/review/book
[2025-08-08 02:41:20] 本次订阅抓取结果统计:
[2025-08-08 02:41:20] 共 51 条RSS, 成功抓取 47 条.
[2025-08-08 02:41:20] ✘ 有 4 条订阅解析失败:
[2025-08-08 02:41:20] - https://tumutanzi.com/feed
[2025-08-08 02:41:20] - https://tcxx.info/feed
[2025-08-08 02:41:20] - https://www.williamlong.info/rss.xml
[2025-08-08 02:41:20] - https://yinwang1.substack.com/feed
[2025-08-08 02:41:20] ✘ 有 6 条订阅头像无法访问, 已使用默认头像:
[2025-08-08 02:41:20] - http://feeds.feedburner.com/ruanyifeng
[2025-08-08 02:41:20] - https://www.loyhome.com/feed
[2025-08-08 02:41:20] - https://a4.zyzhang.com/index.xml
[2025-08-08 02:41:20] - https://www.geedea.pro/index.xml
[2025-08-08 02:41:20] - https://www.douban.com/feed/review/book
[2025-08-08 02:41:20] - https://feeds.appinn.com/appinns/
[2025-08-08 03:31:06] 抓取到的文章与现有数据相同，无需更新。
[2025-08-08 04:17:05] 本次订阅抓取结果统计:
[2025-08-08 04:17:05] 共 51 条RSS, 成功抓取 47 条.
[2025-08-08 04:17:05] ✘ 有 4 条订阅解析失败:
[2025-08-08 04:17:05] - https://tcxx.info/feed
[2025-08-08 04:17:05] - https://tumutanzi.com/feed
[2025-08-08 04:17:05] - https://www.williamlong.info/rss.xml
[2025-08-08 04:17:05] - https://yinwang1.substack.com/feed
[2025-08-08 04:17:05] ✘ 有 6 条订阅头像无法访问, 已使用默认头像:
[2025-08-08 04:17:05] - http://feeds.feedburner.com/ruanyifeng
[2025-08-08 04:17:05] - https://www.loyhome.com/feed
[2025-08-08 04:17:05] - https://a4.zyzhang.com/index.xml
[2025-08-08 04:17:05] - https://www.geedea.pro/index.xml
[2025-08-08 04:17:05] - https://feeds.appinn.com/appinns/
[2025-08-08 04:17:05] - https://www.douban.com/feed/review/book
[2025-08-08 05:08:21] 本次订阅抓取结果统计:
[2025-08-08 05:08:21] 共 51 条RSS, 成功抓取 47 条.
[2025-08-08 05:08:21] ✘ 有 4 条订阅解析失败:
[2025-08-08 05:08:21] - https://tcxx.info/feed
[2025-08-08 05:08:21] - https://tumutanzi.com/feed
[2025-08-08 05:08:21] - https://www.williamlong.info/rss.xml
[2025-08-08 05:08:21] - https://yinwang1.substack.com/feed
[2025-08-08 05:08:21] ✘ 有 5 条订阅头像无法访问, 已使用默认头像:
[2025-08-08 05:08:21] - http://feeds.feedburner.com/ruanyifeng
[2025-08-08 05:08:21] - https://www.loyhome.com/feed
[2025-08-08 05:08:21] - https://a4.zyzhang.com/index.xml
[2025-08-08 05:08:21] - https://www.geedea.pro/index.xml
[2025-08-08 05:08:21] - https://www.douban.com/feed/review/book
[2025-08-08 06:02:58] 本次订阅抓取结果统计:
[2025-08-08 06:02:58] 共 51 条RSS, 成功抓取 46 条.
[2025-08-08 06:02:58] ✘ 有 5 条订阅解析失败:
[2025-08-08 06:02:58] - https://tumutanzi.com/feed
[2025-08-08 06:02:58] - https://tcxx.info/feed
[2025-08-08 06:02:58] - https://www.williamlong.info/rss.xml
[2025-08-08 06:02:58] - https://yinwang1.substack.com/feed
[2025-08-08 06:02:58] - https://www.douban.com/feed/review/book
[2025-08-08 06:02:58] ✘ 有 4 条订阅头像无法访问, 已使用默认头像:
[2025-08-08 06:02:58] - http://feeds.feedburner.com/ruanyifeng
[2025-08-08 06:02:58] - https://www.loyhome.com/feed
[2025-08-08 06:02:58] - https://a4.zyzhang.com/index.xml
[2025-08-08 06:02:58] - https://www.geedea.pro/index.xml
[2025-08-08 07:05:10] 本次订阅抓取结果统计:
[2025-08-08 07:05:10] 共 51 条RSS, 成功抓取 47 条.
[2025-08-08 07:05:10] ✘ 有 4 条订阅解析失败:
[2025-08-08 07:05:10] - https://tcxx.info/feed
[2025-08-08 07:05:10] - https://tumutanzi.com/feed
[2025-08-08 07:05:10] - https://www.williamlong.info/rss.xml
[2025-08-08 07:05:10] - https://yinwang1.substack.com/feed
[2025-08-08 07:05:10] ✘ 有 6 条订阅头像无法访问, 已使用默认头像:
[2025-08-08 07:05:10] - http://feeds.feedburner.com/ruanyifeng
[2025-08-08 07:05:10] - https://www.loyhome.com/feed
[2025-08-08 07:05:10] - https://a4.zyzhang.com/index.xml
[2025-08-08 07:05:10] - https://www.geedea.pro/index.xml
[2025-08-08 07:05:10] - https://www.douban.com/feed/review/book
[2025-08-08 07:05:10] - https://feeds.appinn.com/appinns/
[2025-08-08 08:02:15] 本次订阅抓取结果统计:
[2025-08-08 08:02:15] 共 51 条RSS, 成功抓取 46 条.
[2025-08-08 08:02:15] ✘ 有 5 条订阅解析失败:
[2025-08-08 08:02:15] - https://tcxx.info/feed
[2025-08-08 08:02:15] - https://tumutanzi.com/feed
[2025-08-08 08:02:15] - https://www.williamlong.info/rss.xml
[2025-08-08 08:02:15] - https://yinwang1.substack.com/feed
[2025-08-08 08:02:15] - https://www.douban.com/feed/review/book
[2025-08-08 08:02:15] ✘ 有 4 条订阅头像无法访问, 已使用默认头像:
[2025-08-08 08:02:15] - http://feeds.feedburner.com/ruanyifeng
[2025-08-08 08:02:15] - https://www.loyhome.com/feed
[2025-08-08 08:02:15] - https://a4.zyzhang.com/index.xml
[2025-08-08 08:02:15] - https://www.geedea.pro/index.xml
[2025-08-08 09:04:28] 本次订阅抓取结果统计:
[2025-08-08 09:04:28] 共 51 条RSS, 成功抓取 47 条.
[2025-08-08 09:04:28] ✘ 有 4 条订阅解析失败:
[2025-08-08 09:04:28] - https://tcxx.info/feed
[2025-08-08 09:04:28] - https://tumutanzi.com/feed
[2025-08-08 09:04:28] - https://www.williamlong.info/rss.xml
[2025-08-08 09:04:28] - https://yinwang1.substack.com/feed
[2025-08-08 09:04:28] ✘ 有 7 条订阅头像无法访问, 已使用默认头像:
[2025-08-08 09:04:28] - http://feeds.feedburner.com/ruanyifeng
[2025-08-08 09:04:28] - https://www.loyhome.com/feed
[2025-08-08 09:04:28] - https://a4.zyzhang.com/index.xml
[2025-08-08 09:04:28] - https://www.geedea.pro/index.xml
[2025-08-08 09:04:28] - https://sspai.com/feed
[2025-08-08 09:04:28] - https://feeds.appinn.com/appinns/
[2025-08-08 09:04:28] - https://www.douban.com/feed/review/book
[2025-08-08 10:01:52] 本次订阅抓取结果统计:
[2025-08-08 10:01:52] 共 51 条RSS, 成功抓取 47 条.
[2025-08-08 10:01:52] ✘ 有 4 条订阅解析失败:
[2025-08-08 10:01:52] - https://tcxx.info/feed
[2025-08-08 10:01:52] - https://tumutanzi.com/feed
[2025-08-08 10:01:52] - https://www.williamlong.info/rss.xml
[2025-08-08 10:01:52] - https://yinwang1.substack.com/feed
[2025-08-08 10:01:52] ✘ 有 6 条订阅头像无法访问, 已使用默认头像:
[2025-08-08 10:01:52] - http://feeds.feedburner.com/ruanyifeng
[2025-08-08 10:01:52] - https://www.loyhome.com/feed
[2025-08-08 10:01:52] - https://a4.zyzhang.com/index.xml
[2025-08-08 10:01:52] - https://www.geedea.pro/index.xml
[2025-08-08 10:01:52] - https://www.douban.com/feed/review/book
[2025-08-08 10:01:52] - https://feeds.appinn.com/appinns/
[2025-08-08 11:01:58] 本次订阅抓取结果统计:
[2025-08-08 11:01:58] 共 51 条RSS, 成功抓取 47 条.
[2025-08-08 11:01:58] ✘ 有 4 条订阅解析失败:
[2025-08-08 11:01:58] - https://tcxx.info/feed
[2025-08-08 11:01:58] - https://tumutanzi.com/feed
[2025-08-08 11:01:58] - https://www.williamlong.info/rss.xml
[2025-08-08 11:01:58] - https://yinwang1.substack.com/feed
[2025-08-08 11:01:58] ✘ 有 5 条订阅头像无法访问, 已使用默认头像:
[2025-08-08 11:01:58] - http://feeds.feedburner.com/ruanyifeng
[2025-08-08 11:01:58] - https://www.loyhome.com/feed
[2025-08-08 11:01:58] - https://a4.zyzhang.com/index.xml
[2025-08-08 11:01:58] - https://www.geedea.pro/index.xml
[2025-08-08 11:01:58] - https://www.douban.com/feed/review/book
[2025-08-08 12:02:24] 抓取到的文章与现有数据相同，无需更新。
[2025-08-08 13:14:09] 抓取到的文章与现有数据相同，无需更新。
[2025-08-08 14:03:05] 抓取到的文章与现有数据相同，无需更新。
[2025-08-08 15:02:05] 抓取到的文章与现有数据相同，无需更新。
[2025-08-08 16:01:42] 抓取到的文章与现有数据相同，无需更新。
[2025-08-08 17:02:10] 抓取到的文章与现有数据相同，无需更新。
[2025-08-08 18:02:16] 抓取到的文章与现有数据相同，无需更新。
[2025-08-08 19:02:17] 抓取到的文章与现有数据相同，无需更新。
[2025-08-08 20:01:39] 本次订阅抓取结果统计:
[2025-08-08 20:01:39] 共 51 条RSS, 成功抓取 47 条.
[2025-08-08 20:01:39] ✘ 有 4 条订阅解析失败:
[2025-08-08 20:01:39] - https://tumutanzi.com/feed
[2025-08-08 20:01:39] - https://tcxx.info/feed
[2025-08-08 20:01:39] - https://www.williamlong.info/rss.xml
[2025-08-08 20:01:39] - https://yinwang1.substack.com/feed
[2025-08-08 20:01:39] ✘ 有 6 条订阅头像无法访问, 已使用默认头像:
[2025-08-08 20:01:39] - http://feeds.feedburner.com/ruanyifeng
[2025-08-08 20:01:39] - https://www.loyhome.com/feed
[2025-08-08 20:01:39] - https://a4.zyzhang.com/index.xml
[2025-08-08 20:01:39] - https://www.geedea.pro/index.xml
[2025-08-08 20:01:39] - https://www.douban.com/feed/review/book
[2025-08-08 20:01:39] - https://feeds.appinn.com/appinns/
