[2025-09-06 00:04:16] 抓取到的文章与现有数据相同，无需更新。
[2025-09-06 01:29:30] 本次订阅抓取结果统计:
[2025-09-06 01:29:30] 共 59 条RSS, 成功抓取 52 条.
[2025-09-06 01:29:30] ✘ 有 7 条订阅解析失败:
[2025-09-06 01:29:30] - https://stephenleng.com/cn/rss
[2025-09-06 01:29:30] - https://tcxx.info/feed
[2025-09-06 01:29:30] - https://tumutanzi.com/feed
[2025-09-06 01:29:30] - https://geekinney.com/index.xml
[2025-09-06 01:29:30] - https://yinwang1.substack.com/feed
[2025-09-06 01:29:30] - https://botanwang.com/rss.xml
[2025-09-06 01:29:30] - https://diygod.cc/feed
[2025-09-06 01:29:30] ✘ 有 1 条订阅头像字段为空, 已使用默认头像:
[2025-09-06 01:29:30] - https://feed.cnblogs.com/blog/u/66551/rss/
[2025-09-06 01:29:30] ✘ 有 9 条订阅头像无法访问, 已使用默认头像:
[2025-09-06 01:29:30] - https://hwv430.blogspot.com/feeds/posts/default
[2025-09-06 01:29:30] - https://www.shephe.com/feed
[2025-09-06 01:29:30] - https://www.loyhome.com/feed
[2025-09-06 01:29:30] - http://feeds.feedburner.com/ruanyifeng
[2025-09-06 01:29:30] - https://a4.zyzhang.com/index.xml
[2025-09-06 01:29:30] - https://skywind.me/blog/feed
[2025-09-06 01:29:30] - https://laike9m.com/blog/rss/
[2025-09-06 01:29:30] - https://www.douban.com/feed/review/book
[2025-09-06 01:29:30] - https://www.mrhe.net/feed
[2025-09-06 02:24:52] 本次订阅抓取结果统计:
[2025-09-06 02:24:52] 共 59 条RSS, 成功抓取 53 条.
[2025-09-06 02:24:52] ✘ 有 6 条订阅解析失败:
[2025-09-06 02:24:52] - https://stephenleng.com/cn/rss
[2025-09-06 02:24:52] - https://tcxx.info/feed
[2025-09-06 02:24:52] - https://tumutanzi.com/feed
[2025-09-06 02:24:52] - https://geekinney.com/index.xml
[2025-09-06 02:24:52] - https://yinwang1.substack.com/feed
[2025-09-06 02:24:52] - https://botanwang.com/rss.xml
[2025-09-06 02:24:52] ✘ 有 1 条订阅头像字段为空, 已使用默认头像:
[2025-09-06 02:24:52] - https://feed.cnblogs.com/blog/u/66551/rss/
[2025-09-06 02:24:52] ✘ 有 9 条订阅头像无法访问, 已使用默认头像:
[2025-09-06 02:24:52] - https://hwv430.blogspot.com/feeds/posts/default
[2025-09-06 02:24:52] - https://www.shephe.com/feed
[2025-09-06 02:24:52] - https://www.loyhome.com/feed
[2025-09-06 02:24:52] - http://feeds.feedburner.com/ruanyifeng
[2025-09-06 02:24:52] - https://a4.zyzhang.com/index.xml
[2025-09-06 02:24:52] - https://skywind.me/blog/feed
[2025-09-06 02:24:52] - https://laike9m.com/blog/rss/
[2025-09-06 02:24:52] - https://www.douban.com/feed/review/book
[2025-09-06 02:24:52] - https://www.mrhe.net/feed
[2025-09-06 03:09:58] 抓取到的文章与现有数据相同，无需更新。
[2025-09-06 04:01:41] 抓取到的文章与现有数据相同，无需更新。
[2025-09-06 05:01:54] 本次订阅抓取结果统计:
[2025-09-06 05:01:54] 共 59 条RSS, 成功抓取 54 条.
[2025-09-06 05:01:54] ✘ 有 5 条订阅解析失败:
[2025-09-06 05:01:54] - https://tcxx.info/feed
[2025-09-06 05:01:54] - https://tumutanzi.com/feed
[2025-09-06 05:01:54] - https://geekinney.com/index.xml
[2025-09-06 05:01:54] - https://yinwang1.substack.com/feed
[2025-09-06 05:01:54] - https://botanwang.com/rss.xml
[2025-09-06 05:01:54] ✘ 有 1 条订阅头像字段为空, 已使用默认头像:
[2025-09-06 05:01:54] - https://feed.cnblogs.com/blog/u/66551/rss/
[2025-09-06 05:01:54] ✘ 有 8 条订阅头像无法访问, 已使用默认头像:
[2025-09-06 05:01:54] - http://feeds.feedburner.com/ruanyifeng
[2025-09-06 05:01:54] - https://www.shephe.com/feed
[2025-09-06 05:01:54] - https://a4.zyzhang.com/index.xml
[2025-09-06 05:01:54] - https://laike9m.com/blog/rss/
[2025-09-06 05:01:54] - https://skywind.me/blog/feed
[2025-09-06 05:01:54] - https://www.mrhe.net/feed
[2025-09-06 05:01:54] - https://www.loyhome.com/feed
[2025-09-06 05:01:54] - https://www.douban.com/feed/review/book
[2025-09-06 06:01:48] 本次订阅抓取结果统计:
[2025-09-06 06:01:48] 共 59 条RSS, 成功抓取 54 条.
[2025-09-06 06:01:48] ✘ 有 5 条订阅解析失败:
[2025-09-06 06:01:48] - https://tumutanzi.com/feed
[2025-09-06 06:01:48] - https://tcxx.info/feed
[2025-09-06 06:01:48] - https://geekinney.com/index.xml
[2025-09-06 06:01:48] - https://yinwang1.substack.com/feed
[2025-09-06 06:01:48] - https://botanwang.com/rss.xml
[2025-09-06 06:01:48] ✘ 有 1 条订阅头像字段为空, 已使用默认头像:
[2025-09-06 06:01:48] - https://feed.cnblogs.com/blog/u/66551/rss/
[2025-09-06 06:01:48] ✘ 有 9 条订阅头像无法访问, 已使用默认头像:
[2025-09-06 06:01:48] - https://hwv430.blogspot.com/feeds/posts/default
[2025-09-06 06:01:48] - http://feeds.feedburner.com/ruanyifeng
[2025-09-06 06:01:48] - https://www.loyhome.com/feed
[2025-09-06 06:01:48] - https://www.shephe.com/feed
[2025-09-06 06:01:48] - https://a4.zyzhang.com/index.xml
[2025-09-06 06:01:48] - https://laike9m.com/blog/rss/
[2025-09-06 06:01:48] - https://skywind.me/blog/feed
[2025-09-06 06:01:48] - https://www.douban.com/feed/review/book
[2025-09-06 06:01:48] - https://www.mrhe.net/feed
[2025-09-06 07:01:43] 抓取到的文章与现有数据相同，无需更新。
[2025-09-06 08:01:55] 抓取到的文章与现有数据相同，无需更新。
[2025-09-06 09:01:42] 抓取到的文章与现有数据相同，无需更新。
[2025-09-06 10:01:50] 本次订阅抓取结果统计:
[2025-09-06 10:01:50] 共 59 条RSS, 成功抓取 54 条.
[2025-09-06 10:01:50] ✘ 有 5 条订阅解析失败:
[2025-09-06 10:01:50] - https://tcxx.info/feed
[2025-09-06 10:01:50] - https://tumutanzi.com/feed
[2025-09-06 10:01:50] - https://geekinney.com/index.xml
[2025-09-06 10:01:50] - https://yinwang1.substack.com/feed
[2025-09-06 10:01:50] - https://botanwang.com/rss.xml
[2025-09-06 10:01:50] ✘ 有 1 条订阅头像字段为空, 已使用默认头像:
[2025-09-06 10:01:50] - https://feed.cnblogs.com/blog/u/66551/rss/
[2025-09-06 10:01:50] ✘ 有 7 条订阅头像无法访问, 已使用默认头像:
[2025-09-06 10:01:50] - http://feeds.feedburner.com/ruanyifeng
[2025-09-06 10:01:50] - https://www.loyhome.com/feed
[2025-09-06 10:01:50] - https://a4.zyzhang.com/index.xml
[2025-09-06 10:01:50] - https://skywind.me/blog/feed
[2025-09-06 10:01:50] - https://laike9m.com/blog/rss/
[2025-09-06 10:01:50] - https://www.douban.com/feed/review/book
[2025-09-06 10:01:50] - https://www.mrhe.net/feed
[2025-09-06 11:01:52] 本次订阅抓取结果统计:
[2025-09-06 11:01:52] 共 59 条RSS, 成功抓取 53 条.
[2025-09-06 11:01:52] ✘ 有 6 条订阅解析失败:
[2025-09-06 11:01:52] - https://tumutanzi.com/feed
[2025-09-06 11:01:52] - https://tcxx.info/feed
[2025-09-06 11:01:52] - https://geekinney.com/index.xml
[2025-09-06 11:01:52] - https://yinwang1.substack.com/feed
[2025-09-06 11:01:52] - https://botanwang.com/rss.xml
[2025-09-06 11:01:52] - https://www.douban.com/feed/review/book
[2025-09-06 11:01:52] ✘ 有 1 条订阅头像字段为空, 已使用默认头像:
[2025-09-06 11:01:52] - https://feed.cnblogs.com/blog/u/66551/rss/
[2025-09-06 11:01:52] ✘ 有 6 条订阅头像无法访问, 已使用默认头像:
[2025-09-06 11:01:52] - http://feeds.feedburner.com/ruanyifeng
[2025-09-06 11:01:52] - https://www.loyhome.com/feed
[2025-09-06 11:01:52] - https://a4.zyzhang.com/index.xml
[2025-09-06 11:01:52] - https://skywind.me/blog/feed
[2025-09-06 11:01:52] - https://laike9m.com/blog/rss/
[2025-09-06 11:01:52] - https://www.mrhe.net/feed
[2025-09-06 12:02:07] 本次订阅抓取结果统计:
[2025-09-06 12:02:07] 共 59 条RSS, 成功抓取 54 条.
[2025-09-06 12:02:07] ✘ 有 5 条订阅解析失败:
[2025-09-06 12:02:07] - https://tumutanzi.com/feed
[2025-09-06 12:02:07] - https://tcxx.info/feed
[2025-09-06 12:02:07] - https://geekinney.com/index.xml
[2025-09-06 12:02:07] - https://yinwang1.substack.com/feed
[2025-09-06 12:02:07] - https://botanwang.com/rss.xml
[2025-09-06 12:02:07] ✘ 有 1 条订阅头像字段为空, 已使用默认头像:
[2025-09-06 12:02:07] - https://feed.cnblogs.com/blog/u/66551/rss/
[2025-09-06 12:02:07] ✘ 有 8 条订阅头像无法访问, 已使用默认头像:
[2025-09-06 12:02:07] - http://feeds.feedburner.com/ruanyifeng
[2025-09-06 12:02:07] - https://www.loyhome.com/feed
[2025-09-06 12:02:07] - https://a4.zyzhang.com/index.xml
[2025-09-06 12:02:07] - https://skywind.me/blog/feed
[2025-09-06 12:02:07] - https://laike9m.com/blog/rss/
[2025-09-06 12:02:07] - https://www.mrhe.net/feed
[2025-09-06 12:02:07] - https://rss.utgd.net/feed
[2025-09-06 12:02:07] - https://www.douban.com/feed/review/book
[2025-09-06 13:04:58] 本次订阅抓取结果统计:
[2025-09-06 13:04:58] 共 59 条RSS, 成功抓取 54 条.
[2025-09-06 13:04:58] ✘ 有 5 条订阅解析失败:
[2025-09-06 13:04:58] - https://tcxx.info/feed
[2025-09-06 13:04:58] - https://tumutanzi.com/feed
[2025-09-06 13:04:58] - https://geekinney.com/index.xml
[2025-09-06 13:04:58] - https://yinwang1.substack.com/feed
[2025-09-06 13:04:58] - https://botanwang.com/rss.xml
[2025-09-06 13:04:58] ✘ 有 1 条订阅头像字段为空, 已使用默认头像:
[2025-09-06 13:04:58] - https://feed.cnblogs.com/blog/u/66551/rss/
[2025-09-06 13:04:58] ✘ 有 8 条订阅头像无法访问, 已使用默认头像:
[2025-09-06 13:04:58] - https://hwv430.blogspot.com/feeds/posts/default
[2025-09-06 13:04:58] - http://feeds.feedburner.com/ruanyifeng
[2025-09-06 13:04:58] - https://www.loyhome.com/feed
[2025-09-06 13:04:58] - https://a4.zyzhang.com/index.xml
[2025-09-06 13:04:58] - https://laike9m.com/blog/rss/
[2025-09-06 13:04:58] - https://skywind.me/blog/feed
[2025-09-06 13:04:58] - https://www.douban.com/feed/review/book
[2025-09-06 13:04:58] - https://www.mrhe.net/feed
[2025-09-06 14:02:08] 抓取到的文章与现有数据相同，无需更新。
