[2025-11-17 00:05:16] 抓取到的文章与现有数据相同，无需更新。
[2025-11-17 01:30:48] 抓取到的文章与现有数据相同，无需更新。
[2025-11-17 02:31:47] 本次订阅抓取结果统计:
[2025-11-17 02:31:47] 共 60 条RSS, 成功抓取 53 条.
[2025-11-17 02:31:47] ✘ 有 6 条订阅解析失败:
[2025-11-17 02:31:47] - https://tumutanzi.com/feed
[2025-11-17 02:31:47] - https://tcxx.info/feed
[2025-11-17 02:31:47] - https://geekinney.com/index.xml
[2025-11-17 02:31:47] - https://suus.me/atom.xml
[2025-11-17 02:31:47] - https://botanwang.com/rss.xml
[2025-11-17 02:31:47] - https://www.shephe.com/feed
[2025-11-17 02:31:47] ✘ 有 1 条订阅为空:
[2025-11-17 02:31:47] - http://feeds.feedburner.com/zhihu-daily
[2025-11-17 02:31:47] ✘ 有 1 条订阅头像字段为空, 已使用默认头像:
[2025-11-17 02:31:47] - https://feed.cnblogs.com/blog/u/66551/rss/
[2025-11-17 02:31:47] ✘ 有 3 条订阅头像无法访问, 已使用默认头像:
[2025-11-17 02:31:47] - http://feeds.feedburner.com/ruanyifeng
[2025-11-17 02:31:47] - https://wangpei.net/comments/feed/
[2025-11-17 02:31:47] - https://skywind.me/blog/feed
[2025-11-17 03:24:29] 抓取到的文章与现有数据相同，无需更新。
[2025-11-17 04:06:51] 抓取到的文章与现有数据相同，无需更新。
[2025-11-17 05:02:53] 抓取到的文章与现有数据相同，无需更新。
[2025-11-17 06:03:17] 抓取到的文章与现有数据相同，无需更新。
[2025-11-17 07:03:10] 本次订阅抓取结果统计:
[2025-11-17 07:03:10] 共 60 条RSS, 成功抓取 53 条.
[2025-11-17 07:03:10] ✘ 有 6 条订阅解析失败:
[2025-11-17 07:03:10] - https://tcxx.info/feed
[2025-11-17 07:03:10] - https://tumutanzi.com/feed
[2025-11-17 07:03:10] - https://geekinney.com/index.xml
[2025-11-17 07:03:10] - https://suus.me/atom.xml
[2025-11-17 07:03:10] - https://botanwang.com/rss.xml
[2025-11-17 07:03:10] - https://www.shephe.com/feed
[2025-11-17 07:03:10] ✘ 有 1 条订阅为空:
[2025-11-17 07:03:10] - http://feeds.feedburner.com/zhihu-daily
[2025-11-17 07:03:10] ✘ 有 1 条订阅头像字段为空, 已使用默认头像:
[2025-11-17 07:03:10] - https://feed.cnblogs.com/blog/u/66551/rss/
[2025-11-17 07:03:10] ✘ 有 3 条订阅头像无法访问, 已使用默认头像:
[2025-11-17 07:03:10] - http://feeds.feedburner.com/ruanyifeng
[2025-11-17 07:03:10] - https://wangpei.net/comments/feed/
[2025-11-17 07:03:10] - https://skywind.me/blog/feed
[2025-11-17 08:02:57] 本次订阅抓取结果统计:
[2025-11-17 08:02:57] 共 60 条RSS, 成功抓取 53 条.
[2025-11-17 08:02:57] ✘ 有 6 条订阅解析失败:
[2025-11-17 08:02:57] - https://tcxx.info/feed
[2025-11-17 08:02:57] - https://tumutanzi.com/feed
[2025-11-17 08:02:57] - https://geekinney.com/index.xml
[2025-11-17 08:02:57] - https://suus.me/atom.xml
[2025-11-17 08:02:57] - https://botanwang.com/rss.xml
[2025-11-17 08:02:57] - https://www.shephe.com/feed
[2025-11-17 08:02:57] ✘ 有 1 条订阅为空:
[2025-11-17 08:02:57] - http://feeds.feedburner.com/zhihu-daily
[2025-11-17 08:02:57] ✘ 有 1 条订阅头像字段为空, 已使用默认头像:
[2025-11-17 08:02:57] - https://feed.cnblogs.com/blog/u/66551/rss/
[2025-11-17 08:02:57] ✘ 有 3 条订阅头像无法访问, 已使用默认头像:
[2025-11-17 08:02:57] - http://feeds.feedburner.com/ruanyifeng
[2025-11-17 08:02:57] - https://wangpei.net/comments/feed/
[2025-11-17 08:02:57] - https://skywind.me/blog/feed
[2025-11-17 09:03:52] 抓取到的文章与现有数据相同，无需更新。
[2025-11-17 10:02:46] 本次订阅抓取结果统计:
[2025-11-17 10:02:46] 共 60 条RSS, 成功抓取 53 条.
[2025-11-17 10:02:46] ✘ 有 6 条订阅解析失败:
[2025-11-17 10:02:46] - https://tcxx.info/feed
[2025-11-17 10:02:46] - https://tumutanzi.com/feed
[2025-11-17 10:02:46] - https://geekinney.com/index.xml
[2025-11-17 10:02:46] - https://suus.me/atom.xml
[2025-11-17 10:02:46] - https://botanwang.com/rss.xml
[2025-11-17 10:02:46] - https://www.shephe.com/feed
[2025-11-17 10:02:46] ✘ 有 1 条订阅为空:
[2025-11-17 10:02:46] - http://feeds.feedburner.com/zhihu-daily
[2025-11-17 10:02:46] ✘ 有 1 条订阅头像字段为空, 已使用默认头像:
[2025-11-17 10:02:46] - https://feed.cnblogs.com/blog/u/66551/rss/
[2025-11-17 10:02:46] ✘ 有 3 条订阅头像无法访问, 已使用默认头像:
[2025-11-17 10:02:46] - https://wangpei.net/comments/feed/
[2025-11-17 10:02:46] - http://feeds.feedburner.com/ruanyifeng
[2025-11-17 10:02:46] - https://skywind.me/blog/feed
[2025-11-17 11:02:38] 抓取到的文章与现有数据相同，无需更新。
[2025-11-17 12:06:56] 抓取到的文章与现有数据相同，无需更新。
[2025-11-17 13:12:13] 抓取到的文章与现有数据相同，无需更新。
[2025-11-17 14:02:44] 抓取到的文章与现有数据相同，无需更新。
[2025-11-17 15:08:47] 抓取到的文章与现有数据相同，无需更新。
[2025-11-17 16:02:47] 本次订阅抓取结果统计:
[2025-11-17 16:02:47] 共 60 条RSS, 成功抓取 52 条.
[2025-11-17 16:02:47] ✘ 有 7 条订阅解析失败:
[2025-11-17 16:02:47] - https://tcxx.info/feed
[2025-11-17 16:02:47] - https://tumutanzi.com/feed
[2025-11-17 16:02:47] - https://geekinney.com/index.xml
[2025-11-17 16:02:47] - https://suus.me/atom.xml
[2025-11-17 16:02:47] - https://botanwang.com/rss.xml
[2025-11-17 16:02:47] - http://www.auiou.com/feed/
[2025-11-17 16:02:47] - https://www.shephe.com/feed
[2025-11-17 16:02:47] ✘ 有 1 条订阅为空:
[2025-11-17 16:02:47] - http://feeds.feedburner.com/zhihu-daily
[2025-11-17 16:02:47] ✘ 有 1 条订阅头像字段为空, 已使用默认头像:
[2025-11-17 16:02:47] - https://feed.cnblogs.com/blog/u/66551/rss/
[2025-11-17 16:02:47] ✘ 有 3 条订阅头像无法访问, 已使用默认头像:
[2025-11-17 16:02:47] - http://feeds.feedburner.com/ruanyifeng
[2025-11-17 16:02:47] - https://wangpei.net/comments/feed/
[2025-11-17 16:02:47] - https://skywind.me/blog/feed
[2025-11-17 17:03:33] 本次订阅抓取结果统计:
[2025-11-17 17:03:33] 共 60 条RSS, 成功抓取 53 条.
[2025-11-17 17:03:33] ✘ 有 6 条订阅解析失败:
[2025-11-17 17:03:33] - https://tumutanzi.com/feed
[2025-11-17 17:03:33] - https://tcxx.info/feed
[2025-11-17 17:03:33] - https://geekinney.com/index.xml
[2025-11-17 17:03:33] - https://suus.me/atom.xml
[2025-11-17 17:03:33] - https://botanwang.com/rss.xml
[2025-11-17 17:03:33] - https://www.shephe.com/feed
[2025-11-17 17:03:33] ✘ 有 1 条订阅为空:
[2025-11-17 17:03:33] - http://feeds.feedburner.com/zhihu-daily
[2025-11-17 17:03:33] ✘ 有 1 条订阅头像字段为空, 已使用默认头像:
[2025-11-17 17:03:33] - https://feed.cnblogs.com/blog/u/66551/rss/
[2025-11-17 17:03:33] ✘ 有 3 条订阅头像无法访问, 已使用默认头像:
[2025-11-17 17:03:33] - https://wangpei.net/comments/feed/
[2025-11-17 17:03:33] - http://feeds.feedburner.com/ruanyifeng
[2025-11-17 17:03:33] - https://skywind.me/blog/feed
[2025-11-17 18:02:34] 抓取到的文章与现有数据相同，无需更新。
