[2025-06-08 00:04:44] 本次订阅抓取结果统计:
[2025-06-08 00:04:44] 共 45 条RSS, 成功抓取 44 条.
[2025-06-08 00:04:44] ✘ 有 1 条订阅解析失败:
[2025-06-08 00:04:44] - https://tcxx.info/feed
[2025-06-08 00:04:44] ✘ 有 4 条订阅头像无法访问, 已使用默认头像:
[2025-06-08 00:04:44] - http://feeds.feedburner.com/ruanyifeng
[2025-06-08 00:04:44] - https://www.loyhome.com/feed
[2025-06-08 00:04:44] - https://xyzbz.cn/feed
[2025-06-08 00:04:44] - https://www.douban.com/feed/review/book
[2025-06-08 01:29:54] 本次订阅抓取结果统计:
[2025-06-08 01:29:54] 共 45 条RSS, 成功抓取 44 条.
[2025-06-08 01:29:54] ✘ 有 1 条订阅解析失败:
[2025-06-08 01:29:54] - https://tcxx.info/feed
[2025-06-08 01:29:54] ✘ 有 3 条订阅头像无法访问, 已使用默认头像:
[2025-06-08 01:29:54] - http://feeds.feedburner.com/ruanyifeng
[2025-06-08 01:29:54] - https://www.loyhome.com/feed
[2025-06-08 01:29:54] - https://www.douban.com/feed/review/book
[2025-06-08 02:36:58] 本次订阅抓取结果统计:
[2025-06-08 02:36:58] 共 45 条RSS, 成功抓取 43 条.
[2025-06-08 02:36:58] ✘ 有 2 条订阅解析失败:
[2025-06-08 02:36:58] - https://tcxx.info/feed
[2025-06-08 02:36:58] - https://www.douban.com/feed/review/book
[2025-06-08 02:36:58] ✘ 有 4 条订阅头像无法访问, 已使用默认头像:
[2025-06-08 02:36:58] - http://feeds.feedburner.com/ruanyifeng
[2025-06-08 02:36:58] - https://www.loyhome.com/feed
[2025-06-08 02:36:58] - https://xyzbz.cn/feed
[2025-06-08 02:36:58] - https://feeds.appinn.com/appinns/
[2025-06-08 03:27:42] 本次订阅抓取结果统计:
[2025-06-08 03:27:42] 共 45 条RSS, 成功抓取 44 条.
[2025-06-08 03:27:42] ✘ 有 1 条订阅解析失败:
[2025-06-08 03:27:42] - https://tcxx.info/feed
[2025-06-08 03:27:42] ✘ 有 4 条订阅头像无法访问, 已使用默认头像:
[2025-06-08 03:27:42] - http://feeds.feedburner.com/ruanyifeng
[2025-06-08 03:27:42] - https://www.loyhome.com/feed
[2025-06-08 03:27:42] - https://www.douban.com/feed/review/book
[2025-06-08 03:27:42] - https://feeds.appinn.com/appinns/
[2025-06-08 04:08:58] 本次订阅抓取结果统计:
[2025-06-08 04:08:58] 共 45 条RSS, 成功抓取 44 条.
[2025-06-08 04:08:58] ✘ 有 1 条订阅解析失败:
[2025-06-08 04:08:58] - https://tcxx.info/feed
[2025-06-08 04:08:58] ✘ 有 4 条订阅头像无法访问, 已使用默认头像:
[2025-06-08 04:08:58] - http://feeds.feedburner.com/ruanyifeng
[2025-06-08 04:08:58] - https://www.loyhome.com/feed
[2025-06-08 04:08:58] - https://www.douban.com/feed/review/book
[2025-06-08 04:08:58] - https://feeds.appinn.com/appinns/
[2025-06-08 05:02:06] 本次订阅抓取结果统计:
[2025-06-08 05:02:06] 共 45 条RSS, 成功抓取 44 条.
[2025-06-08 05:02:06] ✘ 有 1 条订阅解析失败:
[2025-06-08 05:02:06] - https://tcxx.info/feed
[2025-06-08 05:02:06] ✘ 有 4 条订阅头像无法访问, 已使用默认头像:
[2025-06-08 05:02:06] - http://feeds.feedburner.com/ruanyifeng
[2025-06-08 05:02:06] - https://www.loyhome.com/feed
[2025-06-08 05:02:06] - https://feeds.appinn.com/appinns/
[2025-06-08 05:02:06] - https://www.douban.com/feed/review/book
