[2025-04-20 01:23:57] 本次订阅抓取结果统计:
[2025-04-20 01:23:57] 共 28 条RSS, 成功抓取 27 条.
[2025-04-20 01:23:57] ✘ 有 1 条订阅解析失败:
[2025-04-20 01:23:57] - https://tcxx.info/feed
[2025-04-20 01:23:57] ✘ 有 2 条订阅头像无法访问, 已使用默认头像:
[2025-04-20 01:23:57] - http://feeds.feedburner.com/ruanyifeng
[2025-04-20 01:23:57] - https://www.loyhome.com/feed
[2025-04-20 03:06:31] 本次订阅抓取结果统计:
[2025-04-20 03:06:31] 共 28 条RSS, 成功抓取 27 条.
[2025-04-20 03:06:31] ✘ 有 1 条订阅解析失败:
[2025-04-20 03:06:31] - https://tcxx.info/feed
[2025-04-20 03:06:31] ✘ 有 2 条订阅头像无法访问, 已使用默认头像:
[2025-04-20 03:06:31] - http://feeds.feedburner.com/ruanyifeng
[2025-04-20 03:06:31] - https://www.loyhome.com/feed
[2025-04-20 04:18:50] 本次订阅抓取结果统计:
[2025-04-20 04:18:50] 共 28 条RSS, 成功抓取 27 条.
[2025-04-20 04:18:50] ✘ 有 1 条订阅解析失败:
[2025-04-20 04:18:50] - https://tcxx.info/feed
[2025-04-20 04:18:50] ✘ 有 2 条订阅头像无法访问, 已使用默认头像:
[2025-04-20 04:18:50] - http://feeds.feedburner.com/ruanyifeng
[2025-04-20 04:18:50] - https://www.loyhome.com/feed
[2025-04-20 05:17:21] 本次订阅抓取结果统计:
[2025-04-20 05:17:21] 共 28 条RSS, 成功抓取 27 条.
[2025-04-20 05:17:21] ✘ 有 1 条订阅解析失败:
[2025-04-20 05:17:21] - https://tcxx.info/feed
[2025-04-20 05:17:21] ✘ 有 2 条订阅头像无法访问, 已使用默认头像:
[2025-04-20 05:17:21] - http://feeds.feedburner.com/ruanyifeng
[2025-04-20 05:17:21] - https://www.loyhome.com/feed
[2025-04-20 06:22:32] 本次订阅抓取结果统计:
[2025-04-20 06:22:32] 共 28 条RSS, 成功抓取 27 条.
[2025-04-20 06:22:32] ✘ 有 1 条订阅解析失败:
[2025-04-20 06:22:32] - https://tcxx.info/feed
[2025-04-20 06:22:32] ✘ 有 2 条订阅头像无法访问, 已使用默认头像:
[2025-04-20 06:22:32] - http://feeds.feedburner.com/ruanyifeng
[2025-04-20 06:22:32] - https://www.loyhome.com/feed
