[2025-04-15 01:20:05] 本次订阅抓取结果统计:
[2025-04-15 01:20:05] 共 28 条RSS, 成功抓取 27 条.
[2025-04-15 01:20:05] ✘ 有 1 条订阅解析失败:
[2025-04-15 01:20:05] - https://tcxx.info/feed
[2025-04-15 01:20:05] ✘ 有 2 条订阅头像无法访问, 已使用默认头像:
[2025-04-15 01:20:05] - http://feeds.feedburner.com/ruanyifeng
[2025-04-15 01:20:05] - https://www.loyhome.com/feed
[2025-04-15 03:03:59] 本次订阅抓取结果统计:
[2025-04-15 03:03:59] 共 28 条RSS, 成功抓取 27 条.
[2025-04-15 03:03:59] ✘ 有 1 条订阅解析失败:
[2025-04-15 03:03:59] - https://tcxx.info/feed
[2025-04-15 03:03:59] ✘ 有 3 条订阅头像无法访问, 已使用默认头像:
[2025-04-15 03:03:59] - http://feeds.feedburner.com/ruanyifeng
[2025-04-15 03:03:59] - https://www.loyhome.com/feed
[2025-04-15 03:03:59] - https://xyzbz.cn/feed
[2025-04-15 04:20:40] 本次订阅抓取结果统计:
[2025-04-15 04:20:40] 共 28 条RSS, 成功抓取 27 条.
[2025-04-15 04:20:40] ✘ 有 1 条订阅解析失败:
[2025-04-15 04:20:40] - https://tcxx.info/feed
[2025-04-15 04:20:40] ✘ 有 2 条订阅头像无法访问, 已使用默认头像:
[2025-04-15 04:20:40] - http://feeds.feedburner.com/ruanyifeng
[2025-04-15 04:20:40] - https://www.loyhome.com/feed
[2025-04-15 05:17:19] 本次订阅抓取结果统计:
[2025-04-15 05:17:19] 共 28 条RSS, 成功抓取 27 条.
[2025-04-15 05:17:19] ✘ 有 1 条订阅解析失败:
[2025-04-15 05:17:19] - https://tcxx.info/feed
[2025-04-15 05:17:19] ✘ 有 2 条订阅头像无法访问, 已使用默认头像:
[2025-04-15 05:17:19] - https://www.loyhome.com/feed
[2025-04-15 05:17:19] - http://feeds.feedburner.com/ruanyifeng
[2025-04-15 06:24:27] 本次订阅抓取结果统计:
[2025-04-15 06:24:27] 共 28 条RSS, 成功抓取 27 条.
[2025-04-15 06:24:27] ✘ 有 1 条订阅解析失败:
[2025-04-15 06:24:27] - https://tcxx.info/feed
[2025-04-15 06:24:27] ✘ 有 2 条订阅头像无法访问, 已使用默认头像:
[2025-04-15 06:24:27] - http://feeds.feedburner.com/ruanyifeng
[2025-04-15 06:24:27] - https://www.loyhome.com/feed
[2025-04-15 07:17:46] 本次订阅抓取结果统计:
[2025-04-15 07:17:46] 共 28 条RSS, 成功抓取 27 条.
[2025-04-15 07:17:46] ✘ 有 1 条订阅解析失败:
[2025-04-15 07:17:46] - https://tcxx.info/feed
[2025-04-15 07:17:46] ✘ 有 2 条订阅头像无法访问, 已使用默认头像:
[2025-04-15 07:17:46] - http://feeds.feedburner.com/ruanyifeng
[2025-04-15 07:17:46] - https://www.loyhome.com/feed
[2025-04-15 08:23:39] 本次订阅抓取结果统计:
[2025-04-15 08:23:39] 共 28 条RSS, 成功抓取 27 条.
[2025-04-15 08:23:39] ✘ 有 1 条订阅解析失败:
[2025-04-15 08:23:39] - https://tcxx.info/feed
[2025-04-15 08:23:39] ✘ 有 2 条订阅头像无法访问, 已使用默认头像:
[2025-04-15 08:23:39] - http://feeds.feedburner.com/ruanyifeng
[2025-04-15 08:23:39] - https://www.loyhome.com/feed
[2025-04-15 09:19:11] 本次订阅抓取结果统计:
[2025-04-15 09:19:11] 共 28 条RSS, 成功抓取 27 条.
[2025-04-15 09:19:11] ✘ 有 1 条订阅解析失败:
[2025-04-15 09:19:11] - https://tcxx.info/feed
[2025-04-15 09:19:11] ✘ 有 2 条订阅头像无法访问, 已使用默认头像:
[2025-04-15 09:19:11] - http://feeds.feedburner.com/ruanyifeng
[2025-04-15 09:19:11] - https://www.loyhome.com/feed
[2025-04-15 10:18:42] 本次订阅抓取结果统计:
[2025-04-15 10:18:42] 共 28 条RSS, 成功抓取 27 条.
[2025-04-15 10:18:42] ✘ 有 1 条订阅解析失败:
[2025-04-15 10:18:42] - https://tcxx.info/feed
[2025-04-15 10:18:42] ✘ 有 2 条订阅头像无法访问, 已使用默认头像:
[2025-04-15 10:18:42] - http://feeds.feedburner.com/ruanyifeng
[2025-04-15 10:18:42] - https://www.loyhome.com/feed
