[2025-05-29 00:04:04] 本次订阅抓取结果统计:
[2025-05-29 00:04:04] 共 45 条RSS, 成功抓取 44 条.
[2025-05-29 00:04:04] ✘ 有 1 条订阅解析失败:
[2025-05-29 00:04:04] - https://tcxx.info/feed
[2025-05-29 00:04:04] ✘ 有 4 条订阅头像无法访问, 已使用默认头像:
[2025-05-29 00:04:04] - http://feeds.feedburner.com/ruanyifeng
[2025-05-29 00:04:04] - https://www.loyhome.com/feed
[2025-05-29 00:04:04] - https://www.douban.com/feed/review/book
[2025-05-29 00:04:04] - https://feeds.appinn.com/appinns/
[2025-05-29 01:29:31] 本次订阅抓取结果统计:
[2025-05-29 01:29:31] 共 45 条RSS, 成功抓取 44 条.
[2025-05-29 01:29:31] ✘ 有 1 条订阅解析失败:
[2025-05-29 01:29:31] - https://tcxx.info/feed
[2025-05-29 01:29:31] ✘ 有 4 条订阅头像无法访问, 已使用默认头像:
[2025-05-29 01:29:31] - http://feeds.feedburner.com/ruanyifeng
[2025-05-29 01:29:31] - https://www.loyhome.com/feed
[2025-05-29 01:29:31] - https://www.douban.com/feed/review/book
[2025-05-29 01:29:31] - https://feeds.appinn.com/appinns/
[2025-05-29 02:31:12] 本次订阅抓取结果统计:
[2025-05-29 02:31:12] 共 45 条RSS, 成功抓取 44 条.
[2025-05-29 02:31:12] ✘ 有 1 条订阅解析失败:
[2025-05-29 02:31:12] - https://tcxx.info/feed
[2025-05-29 02:31:12] ✘ 有 3 条订阅头像无法访问, 已使用默认头像:
[2025-05-29 02:31:12] - http://feeds.feedburner.com/ruanyifeng
[2025-05-29 02:31:12] - https://www.loyhome.com/feed
[2025-05-29 02:31:12] - https://www.douban.com/feed/review/book
[2025-05-29 03:21:00] 本次订阅抓取结果统计:
[2025-05-29 03:21:00] 共 45 条RSS, 成功抓取 44 条.
[2025-05-29 03:21:00] ✘ 有 1 条订阅解析失败:
[2025-05-29 03:21:00] - https://tcxx.info/feed
[2025-05-29 03:21:00] ✘ 有 3 条订阅头像无法访问, 已使用默认头像:
[2025-05-29 03:21:00] - http://feeds.feedburner.com/ruanyifeng
[2025-05-29 03:21:00] - https://www.loyhome.com/feed
[2025-05-29 03:21:00] - https://www.douban.com/feed/review/book
[2025-05-29 04:04:17] 本次订阅抓取结果统计:
[2025-05-29 04:04:17] 共 45 条RSS, 成功抓取 44 条.
[2025-05-29 04:04:17] ✘ 有 1 条订阅解析失败:
[2025-05-29 04:04:17] - https://tcxx.info/feed
[2025-05-29 04:04:17] ✘ 有 4 条订阅头像无法访问, 已使用默认头像:
[2025-05-29 04:04:17] - http://feeds.feedburner.com/ruanyifeng
[2025-05-29 04:04:17] - https://www.loyhome.com/feed
[2025-05-29 04:04:17] - https://www.douban.com/feed/review/book
[2025-05-29 04:04:17] - https://feeds.appinn.com/appinns/
[2025-05-29 05:01:45] 本次订阅抓取结果统计:
[2025-05-29 05:01:45] 共 45 条RSS, 成功抓取 44 条.
[2025-05-29 05:01:45] ✘ 有 1 条订阅解析失败:
[2025-05-29 05:01:45] - https://tcxx.info/feed
[2025-05-29 05:01:45] ✘ 有 4 条订阅头像无法访问, 已使用默认头像:
[2025-05-29 05:01:45] - http://feeds.feedburner.com/ruanyifeng
[2025-05-29 05:01:45] - https://www.loyhome.com/feed
[2025-05-29 05:01:45] - https://www.douban.com/feed/review/book
[2025-05-29 05:01:45] - https://feeds.appinn.com/appinns/
[2025-05-29 06:02:08] 本次订阅抓取结果统计:
[2025-05-29 06:02:08] 共 45 条RSS, 成功抓取 44 条.
[2025-05-29 06:02:08] ✘ 有 1 条订阅解析失败:
[2025-05-29 06:02:08] - https://tcxx.info/feed
[2025-05-29 06:02:08] ✘ 有 3 条订阅头像无法访问, 已使用默认头像:
[2025-05-29 06:02:08] - http://feeds.feedburner.com/ruanyifeng
[2025-05-29 06:02:08] - https://www.loyhome.com/feed
[2025-05-29 06:02:08] - https://www.douban.com/feed/review/book
[2025-05-29 07:02:01] 本次订阅抓取结果统计:
[2025-05-29 07:02:01] 共 45 条RSS, 成功抓取 44 条.
[2025-05-29 07:02:01] ✘ 有 1 条订阅解析失败:
[2025-05-29 07:02:01] - https://tcxx.info/feed
[2025-05-29 07:02:01] ✘ 有 3 条订阅头像无法访问, 已使用默认头像:
[2025-05-29 07:02:01] - http://feeds.feedburner.com/ruanyifeng
[2025-05-29 07:02:01] - https://www.loyhome.com/feed
[2025-05-29 07:02:01] - https://www.douban.com/feed/review/book
[2025-05-29 08:02:07] 本次订阅抓取结果统计:
[2025-05-29 08:02:07] 共 45 条RSS, 成功抓取 44 条.
[2025-05-29 08:02:07] ✘ 有 1 条订阅解析失败:
[2025-05-29 08:02:07] - https://tcxx.info/feed
[2025-05-29 08:02:07] ✘ 有 4 条订阅头像无法访问, 已使用默认头像:
[2025-05-29 08:02:07] - http://feeds.feedburner.com/ruanyifeng
[2025-05-29 08:02:07] - https://www.loyhome.com/feed
[2025-05-29 08:02:07] - https://www.douban.com/feed/review/book
[2025-05-29 08:02:07] - https://feeds.appinn.com/appinns/
[2025-05-29 09:02:03] 本次订阅抓取结果统计:
[2025-05-29 09:02:03] 共 45 条RSS, 成功抓取 44 条.
[2025-05-29 09:02:03] ✘ 有 1 条订阅解析失败:
[2025-05-29 09:02:03] - https://tcxx.info/feed
[2025-05-29 09:02:03] ✘ 有 3 条订阅头像无法访问, 已使用默认头像:
[2025-05-29 09:02:03] - http://feeds.feedburner.com/ruanyifeng
[2025-05-29 09:02:03] - https://www.loyhome.com/feed
[2025-05-29 09:02:03] - https://www.douban.com/feed/review/book
[2025-05-29 10:01:57] 本次订阅抓取结果统计:
[2025-05-29 10:01:57] 共 45 条RSS, 成功抓取 44 条.
[2025-05-29 10:01:57] ✘ 有 1 条订阅解析失败:
[2025-05-29 10:01:57] - https://tcxx.info/feed
[2025-05-29 10:01:57] ✘ 有 4 条订阅头像无法访问, 已使用默认头像:
[2025-05-29 10:01:57] - http://feeds.feedburner.com/ruanyifeng
[2025-05-29 10:01:57] - https://www.loyhome.com/feed
[2025-05-29 10:01:57] - https://feeds.appinn.com/appinns/
[2025-05-29 10:01:57] - https://www.douban.com/feed/review/book
[2025-05-29 11:01:45] 本次订阅抓取结果统计:
[2025-05-29 11:01:45] 共 45 条RSS, 成功抓取 44 条.
[2025-05-29 11:01:45] ✘ 有 1 条订阅解析失败:
[2025-05-29 11:01:45] - https://tcxx.info/feed
[2025-05-29 11:01:45] ✘ 有 4 条订阅头像无法访问, 已使用默认头像:
[2025-05-29 11:01:45] - http://feeds.feedburner.com/ruanyifeng
[2025-05-29 11:01:45] - https://www.loyhome.com/feed
[2025-05-29 11:01:45] - https://feeds.appinn.com/appinns/
[2025-05-29 11:01:45] - https://www.douban.com/feed/review/book
