[2025-05-27 00:00:02] 本次订阅抓取结果统计:
[2025-05-27 00:00:02] 共 29 条RSS, 成功抓取 25 条.
[2025-05-27 00:00:02] ✘ 有 4 条订阅解析失败:
[2025-05-27 00:00:02] - https://tcxx.info/feed
[2025-05-27 00:00:02] - https://hwv430.blogspot.com/feeds/posts/default
[2025-05-27 00:00:02] - http://feeds.kenengba.com/kenengbarss
[2025-05-27 00:00:02] - http://feeds.feedburner.com/ruanyifeng
[2025-05-27 00:00:02] ✘ 有 1 条订阅头像无法访问, 已使用默认头像:
[2025-05-27 00:00:02] - https://www.loyhome.com/feed
[2025-05-27 01:00:02] 本次订阅抓取结果统计:
[2025-05-27 01:00:02] 共 29 条RSS, 成功抓取 25 条.
[2025-05-27 01:00:02] ✘ 有 4 条订阅解析失败:
[2025-05-27 01:00:02] - https://tcxx.info/feed
[2025-05-27 01:00:02] - https://hwv430.blogspot.com/feeds/posts/default
[2025-05-27 01:00:02] - http://feeds.kenengba.com/kenengbarss
[2025-05-27 01:00:02] - http://feeds.feedburner.com/ruanyifeng
[2025-05-27 01:00:02] ✘ 有 1 条订阅头像无法访问, 已使用默认头像:
[2025-05-27 01:00:02] - https://www.loyhome.com/feed
[2025-05-27 02:00:01] 本次订阅抓取结果统计:
[2025-05-27 02:00:01] 共 29 条RSS, 成功抓取 25 条.
[2025-05-27 02:00:01] ✘ 有 4 条订阅解析失败:
[2025-05-27 02:00:01] - https://tcxx.info/feed
[2025-05-27 02:00:01] - https://hwv430.blogspot.com/feeds/posts/default
[2025-05-27 02:00:01] - http://feeds.kenengba.com/kenengbarss
[2025-05-27 02:00:01] - http://feeds.feedburner.com/ruanyifeng
[2025-05-27 02:00:01] ✘ 有 1 条订阅头像无法访问, 已使用默认头像:
[2025-05-27 02:00:01] - https://www.loyhome.com/feed
[2025-05-27 03:00:02] 本次订阅抓取结果统计:
[2025-05-27 03:00:02] 共 29 条RSS, 成功抓取 25 条.
[2025-05-27 03:00:02] ✘ 有 4 条订阅解析失败:
[2025-05-27 03:00:02] - https://tcxx.info/feed
[2025-05-27 03:00:02] - https://hwv430.blogspot.com/feeds/posts/default
[2025-05-27 03:00:02] - http://feeds.kenengba.com/kenengbarss
[2025-05-27 03:00:02] - http://feeds.feedburner.com/ruanyifeng
[2025-05-27 03:00:02] ✘ 有 1 条订阅头像无法访问, 已使用默认头像:
[2025-05-27 03:00:02] - https://www.loyhome.com/feed
[2025-05-27 04:00:00] 本次订阅抓取结果统计:
[2025-05-27 04:00:00] 共 29 条RSS, 成功抓取 25 条.
[2025-05-27 04:00:00] ✘ 有 4 条订阅解析失败:
[2025-05-27 04:00:00] - https://tcxx.info/feed
[2025-05-27 04:00:00] - https://hwv430.blogspot.com/feeds/posts/default
[2025-05-27 04:00:00] - http://feeds.kenengba.com/kenengbarss
[2025-05-27 04:00:00] - http://feeds.feedburner.com/ruanyifeng
[2025-05-27 04:00:00] ✘ 有 1 条订阅头像无法访问, 已使用默认头像:
[2025-05-27 04:00:00] - https://www.loyhome.com/feed
[2025-05-27 05:00:00] 本次订阅抓取结果统计:
[2025-05-27 05:00:00] 共 29 条RSS, 成功抓取 25 条.
[2025-05-27 05:00:00] ✘ 有 4 条订阅解析失败:
[2025-05-27 05:00:00] - https://tcxx.info/feed
[2025-05-27 05:00:00] - https://hwv430.blogspot.com/feeds/posts/default
[2025-05-27 05:00:00] - http://feeds.kenengba.com/kenengbarss
[2025-05-27 05:00:00] - http://feeds.feedburner.com/ruanyifeng
[2025-05-27 05:00:00] ✘ 有 1 条订阅头像无法访问, 已使用默认头像:
[2025-05-27 05:00:00] - https://www.loyhome.com/feed
[2025-05-27 06:00:00] 本次订阅抓取结果统计:
[2025-05-27 06:00:00] 共 29 条RSS, 成功抓取 25 条.
[2025-05-27 06:00:00] ✘ 有 4 条订阅解析失败:
[2025-05-27 06:00:00] - https://tcxx.info/feed
[2025-05-27 06:00:00] - https://hwv430.blogspot.com/feeds/posts/default
[2025-05-27 06:00:00] - http://feeds.kenengba.com/kenengbarss
[2025-05-27 06:00:00] - http://feeds.feedburner.com/ruanyifeng
[2025-05-27 06:00:00] ✘ 有 1 条订阅头像无法访问, 已使用默认头像:
[2025-05-27 06:00:00] - https://www.loyhome.com/feed
[2025-05-27 07:00:01] 本次订阅抓取结果统计:
[2025-05-27 07:00:01] 共 29 条RSS, 成功抓取 25 条.
[2025-05-27 07:00:01] ✘ 有 4 条订阅解析失败:
[2025-05-27 07:00:01] - https://tcxx.info/feed
[2025-05-27 07:00:01] - https://hwv430.blogspot.com/feeds/posts/default
[2025-05-27 07:00:01] - http://feeds.kenengba.com/kenengbarss
[2025-05-27 07:00:01] - http://feeds.feedburner.com/ruanyifeng
[2025-05-27 07:00:01] ✘ 有 1 条订阅头像无法访问, 已使用默认头像:
[2025-05-27 07:00:01] - https://www.loyhome.com/feed
[2025-05-27 08:00:01] 本次订阅抓取结果统计:
[2025-05-27 08:00:01] 共 29 条RSS, 成功抓取 25 条.
[2025-05-27 08:00:01] ✘ 有 4 条订阅解析失败:
[2025-05-27 08:00:01] - https://tcxx.info/feed
[2025-05-27 08:00:01] - https://hwv430.blogspot.com/feeds/posts/default
[2025-05-27 08:00:01] - http://feeds.kenengba.com/kenengbarss
[2025-05-27 08:00:01] - http://feeds.feedburner.com/ruanyifeng
[2025-05-27 08:00:01] ✘ 有 1 条订阅头像无法访问, 已使用默认头像:
[2025-05-27 08:00:01] - https://www.loyhome.com/feed
[2025-05-27 09:00:00] 本次订阅抓取结果统计:
[2025-05-27 09:00:00] 共 29 条RSS, 成功抓取 25 条.
[2025-05-27 09:00:00] ✘ 有 4 条订阅解析失败:
[2025-05-27 09:00:00] - https://tcxx.info/feed
[2025-05-27 09:00:00] - https://hwv430.blogspot.com/feeds/posts/default
[2025-05-27 09:00:00] - http://feeds.kenengba.com/kenengbarss
[2025-05-27 09:00:00] - http://feeds.feedburner.com/ruanyifeng
[2025-05-27 09:00:00] ✘ 有 1 条订阅头像无法访问, 已使用默认头像:
[2025-05-27 09:00:00] - https://www.loyhome.com/feed
[2025-05-27 10:02:03] 本次订阅抓取结果统计:
[2025-05-27 10:02:03] 共 29 条RSS, 成功抓取 25 条.
[2025-05-27 10:02:03] ✘ 有 4 条订阅解析失败:
[2025-05-27 10:02:03] - https://tcxx.info/feed
[2025-05-27 10:02:03] - https://hwv430.blogspot.com/feeds/posts/default
[2025-05-27 10:02:03] - http://feeds.kenengba.com/kenengbarss
[2025-05-27 10:02:03] - http://feeds.feedburner.com/ruanyifeng
[2025-05-27 10:02:03] ✘ 有 1 条订阅头像无法访问, 已使用默认头像:
[2025-05-27 10:02:03] - https://www.loyhome.com/feed
[2025-05-27 11:00:02] 本次订阅抓取结果统计:
[2025-05-27 11:00:02] 共 29 条RSS, 成功抓取 25 条.
[2025-05-27 11:00:02] ✘ 有 4 条订阅解析失败:
[2025-05-27 11:00:02] - https://tcxx.info/feed
[2025-05-27 11:00:02] - https://hwv430.blogspot.com/feeds/posts/default
[2025-05-27 11:00:02] - http://feeds.kenengba.com/kenengbarss
[2025-05-27 11:00:02] - http://feeds.feedburner.com/ruanyifeng
[2025-05-27 11:00:02] ✘ 有 1 条订阅头像无法访问, 已使用默认头像:
[2025-05-27 11:00:02] - https://www.loyhome.com/feed
[2025-05-27 12:00:01] 本次订阅抓取结果统计:
[2025-05-27 12:00:01] 共 29 条RSS, 成功抓取 25 条.
[2025-05-27 12:00:01] ✘ 有 4 条订阅解析失败:
[2025-05-27 12:00:01] - https://tcxx.info/feed
[2025-05-27 12:00:01] - https://hwv430.blogspot.com/feeds/posts/default
[2025-05-27 12:00:01] - http://feeds.kenengba.com/kenengbarss
[2025-05-27 12:00:01] - http://feeds.feedburner.com/ruanyifeng
[2025-05-27 12:00:01] ✘ 有 1 条订阅头像无法访问, 已使用默认头像:
[2025-05-27 12:00:01] - https://www.loyhome.com/feed
[2025-05-27 13:00:47] 本次订阅抓取结果统计:
[2025-05-27 13:00:47] 共 30 条RSS, 成功抓取 26 条.
[2025-05-27 13:00:47] ✘ 有 4 条订阅解析失败:
[2025-05-27 13:00:47] - https://tcxx.info/feed
[2025-05-27 13:00:47] - https://hwv430.blogspot.com/feeds/posts/default
[2025-05-27 13:00:47] - http://feeds.kenengba.com/kenengbarss
[2025-05-27 13:00:47] - http://feeds.feedburner.com/ruanyifeng
[2025-05-27 13:00:47] ✘ 有 1 条订阅头像无法访问, 已使用默认头像:
[2025-05-27 13:00:47] - https://www.loyhome.com/feed
[2025-05-27 14:00:01] 本次订阅抓取结果统计:
[2025-05-27 14:00:01] 共 30 条RSS, 成功抓取 26 条.
[2025-05-27 14:00:01] ✘ 有 4 条订阅解析失败:
[2025-05-27 14:00:01] - https://tcxx.info/feed
[2025-05-27 14:00:01] - https://hwv430.blogspot.com/feeds/posts/default
[2025-05-27 14:00:01] - http://feeds.kenengba.com/kenengbarss
[2025-05-27 14:00:01] - http://feeds.feedburner.com/ruanyifeng
[2025-05-27 14:00:01] ✘ 有 1 条订阅头像无法访问, 已使用默认头像:
[2025-05-27 14:00:01] - https://www.loyhome.com/feed
