[2025-08-26 00:04:03] 抓取到的文章与现有数据相同，无需更新。
[2025-08-26 01:29:25] 本次订阅抓取结果统计:
[2025-08-26 01:29:25] 共 57 条RSS, 成功抓取 53 条.
[2025-08-26 01:29:25] ✘ 有 4 条订阅解析失败:
[2025-08-26 01:29:25] - https://tumutanzi.com/feed
[2025-08-26 01:29:25] - https://tcxx.info/feed
[2025-08-26 01:29:25] - https://yinwang1.substack.com/feed
[2025-08-26 01:29:25] - https://botanwang.com/rss.xml
[2025-08-26 01:29:25] ✘ 有 1 条订阅头像字段为空, 已使用默认头像:
[2025-08-26 01:29:25] - https://feed.cnblogs.com/blog/u/66551/rss/
[2025-08-26 01:29:25] ✘ 有 7 条订阅头像无法访问, 已使用默认头像:
[2025-08-26 01:29:25] - https://www.loyhome.com/feed
[2025-08-26 01:29:25] - http://feeds.feedburner.com/ruanyifeng
[2025-08-26 01:29:25] - https://a4.zyzhang.com/index.xml
[2025-08-26 01:29:25] - https://www.geedea.pro/index.xml
[2025-08-26 01:29:25] - https://laike9m.com/blog/rss/
[2025-08-26 01:29:25] - https://skywind.me/blog/feed
[2025-08-26 01:29:25] - https://www.douban.com/feed/review/book
[2025-08-26 02:30:03] 抓取到的文章与现有数据相同，无需更新。
[2025-08-26 03:18:57] 抓取到的文章与现有数据相同，无需更新。
