[2025-04-12 01:16:27] 本次订阅抓取结果统计:
[2025-04-12 01:16:27] 共 28 条RSS, 成功抓取 27 条.
[2025-04-12 01:16:27] ✘ 有 1 条订阅解析失败:
[2025-04-12 01:16:27] - https://tcxx.info/feed
[2025-04-12 01:16:27] ✘ 有 2 条订阅头像无法访问, 已使用默认头像:
[2025-04-12 01:16:27] - http://feeds.feedburner.com/ruanyifeng
[2025-04-12 01:16:27] - https://www.loyhome.com/feed
[2025-04-12 02:56:59] 本次订阅抓取结果统计:
[2025-04-12 02:56:59] 共 28 条RSS, 成功抓取 27 条.
[2025-04-12 02:56:59] ✘ 有 1 条订阅解析失败:
[2025-04-12 02:56:59] - https://tcxx.info/feed
[2025-04-12 02:56:59] ✘ 有 2 条订阅头像无法访问, 已使用默认头像:
[2025-04-12 02:56:59] - http://feeds.feedburner.com/ruanyifeng
[2025-04-12 02:56:59] - https://www.loyhome.com/feed
[2025-04-12 03:31:13] 本次订阅抓取结果统计:
[2025-04-12 03:31:13] 共 28 条RSS, 成功抓取 27 条.
[2025-04-12 03:31:13] ✘ 有 1 条订阅解析失败:
[2025-04-12 03:31:13] - https://tcxx.info/feed
[2025-04-12 03:31:13] ✘ 有 2 条订阅头像无法访问, 已使用默认头像:
[2025-04-12 03:31:13] - http://feeds.feedburner.com/ruanyifeng
[2025-04-12 03:31:13] - https://www.loyhome.com/feed
