[2025-10-04 00:04:00] 抓取到的文章与现有数据相同，无需更新。
[2025-10-04 01:29:06] 抓取到的文章与现有数据相同，无需更新。
[2025-10-04 02:22:38] 抓取到的文章与现有数据相同，无需更新。
[2025-10-04 03:07:55] 抓取到的文章与现有数据相同，无需更新。
[2025-10-04 04:01:50] 抓取到的文章与现有数据相同，无需更新。
[2025-10-04 05:01:50] 本次订阅抓取结果统计:
[2025-10-04 05:01:50] 共 60 条RSS, 成功抓取 52 条.
[2025-10-04 05:01:50] ✘ 有 7 条订阅解析失败:
[2025-10-04 05:01:50] - https://blog.ursb.me/feed.xml
[2025-10-04 05:01:50] - https://tumutanzi.com/feed
[2025-10-04 05:01:50] - https://tcxx.info/feed
[2025-10-04 05:01:50] - https://geekinney.com/index.xml
[2025-10-04 05:01:50] - https://suus.me/index.xml
[2025-10-04 05:01:50] - https://yinwang1.substack.com/feed
[2025-10-04 05:01:50] - https://botanwang.com/rss.xml
[2025-10-04 05:01:50] ✘ 有 1 条订阅为空:
[2025-10-04 05:01:50] - http://feeds.feedburner.com/zhihu-daily
[2025-10-04 05:01:50] ✘ 有 1 条订阅头像字段为空, 已使用默认头像:
[2025-10-04 05:01:50] - https://feed.cnblogs.com/blog/u/66551/rss/
[2025-10-04 05:01:50] ✘ 有 7 条订阅头像无法访问, 已使用默认头像:
[2025-10-04 05:01:50] - https://www.loyhome.com/feed
[2025-10-04 05:01:50] - http://feeds.feedburner.com/ruanyifeng
[2025-10-04 05:01:50] - https://a4.zyzhang.com/index.xml
[2025-10-04 05:01:50] - https://laike9m.com/blog/rss/
[2025-10-04 05:01:50] - https://skywind.me/blog/feed
[2025-10-04 05:01:50] - https://www.douban.com/feed/review/book
[2025-10-04 05:01:50] - https://www.mrhe.net/feed
[2025-10-04 06:01:51] 抓取到的文章与现有数据相同，无需更新。
[2025-10-04 07:01:50] 抓取到的文章与现有数据相同，无需更新。
[2025-10-04 08:01:46] 抓取到的文章与现有数据相同，无需更新。
[2025-10-04 09:01:47] 抓取到的文章与现有数据相同，无需更新。
[2025-10-04 10:01:51] 抓取到的文章与现有数据相同，无需更新。
[2025-10-04 11:01:38] 抓取到的文章与现有数据相同，无需更新。
[2025-10-04 12:02:11] 抓取到的文章与现有数据相同，无需更新。
[2025-10-04 13:05:06] 抓取到的文章与现有数据相同，无需更新。
[2025-10-04 14:01:45] 抓取到的文章与现有数据相同，无需更新。
[2025-10-04 15:01:58] 抓取到的文章与现有数据相同，无需更新。
[2025-10-04 16:03:06] 本次订阅抓取结果统计:
[2025-10-04 16:03:06] 共 60 条RSS, 成功抓取 52 条.
[2025-10-04 16:03:06] ✘ 有 7 条订阅解析失败:
[2025-10-04 16:03:06] - https://blog.ursb.me/feed.xml
[2025-10-04 16:03:06] - https://tcxx.info/feed
[2025-10-04 16:03:06] - https://tumutanzi.com/feed
[2025-10-04 16:03:06] - https://geekinney.com/index.xml
[2025-10-04 16:03:06] - https://suus.me/index.xml
[2025-10-04 16:03:06] - https://yinwang1.substack.com/feed
[2025-10-04 16:03:06] - https://botanwang.com/rss.xml
[2025-10-04 16:03:06] ✘ 有 1 条订阅为空:
[2025-10-04 16:03:06] - http://feeds.feedburner.com/zhihu-daily
[2025-10-04 16:03:06] ✘ 有 1 条订阅头像字段为空, 已使用默认头像:
[2025-10-04 16:03:06] - https://feed.cnblogs.com/blog/u/66551/rss/
[2025-10-04 16:03:06] ✘ 有 7 条订阅头像无法访问, 已使用默认头像:
[2025-10-04 16:03:06] - https://www.loyhome.com/feed
[2025-10-04 16:03:06] - http://feeds.feedburner.com/ruanyifeng
[2025-10-04 16:03:06] - https://a4.zyzhang.com/index.xml
[2025-10-04 16:03:06] - https://skywind.me/blog/feed
[2025-10-04 16:03:06] - https://laike9m.com/blog/rss/
[2025-10-04 16:03:06] - https://www.douban.com/feed/review/book
[2025-10-04 16:03:06] - https://www.mrhe.net/feed
[2025-10-04 17:01:55] 抓取到的文章与现有数据相同，无需更新。
[2025-10-04 18:01:58] 抓取到的文章与现有数据相同，无需更新。
[2025-10-04 19:01:40] 抓取到的文章与现有数据相同，无需更新。
