[2025-04-26 01:17:10] 本次订阅抓取结果统计:
[2025-04-26 01:17:10] 共 28 条RSS, 成功抓取 27 条.
[2025-04-26 01:17:10] ✘ 有 1 条订阅解析失败:
[2025-04-26 01:17:10] - https://tcxx.info/feed
[2025-04-26 01:17:10] ✘ 有 5 条订阅头像无法访问, 已使用默认头像:
[2025-04-26 01:17:10] - https://blog.fooleap.org/atom.xml
[2025-04-26 01:17:10] - http://feeds.feedburner.com/ruanyifeng
[2025-04-26 01:17:10] - https://www.loyhome.com/feed
[2025-04-26 01:17:10] - https://blog.zhheo.com/rss.xml
[2025-04-26 01:17:10] - https://xyzbz.cn/feed
[2025-04-26 02:58:20] 本次订阅抓取结果统计:
[2025-04-26 02:58:20] 共 28 条RSS, 成功抓取 27 条.
[2025-04-26 02:58:20] ✘ 有 1 条订阅解析失败:
[2025-04-26 02:58:20] - https://tcxx.info/feed
[2025-04-26 02:58:20] ✘ 有 4 条订阅头像无法访问, 已使用默认头像:
[2025-04-26 02:58:20] - https://blog.fooleap.org/atom.xml
[2025-04-26 02:58:20] - http://feeds.feedburner.com/ruanyifeng
[2025-04-26 02:58:20] - https://www.loyhome.com/feed
[2025-04-26 02:58:20] - https://blog.zhheo.com/rss.xml
[2025-04-26 03:34:20] 本次订阅抓取结果统计:
[2025-04-26 03:34:20] 共 28 条RSS, 成功抓取 27 条.
[2025-04-26 03:34:20] ✘ 有 1 条订阅解析失败:
[2025-04-26 03:34:20] - https://tcxx.info/feed
[2025-04-26 03:34:20] ✘ 有 4 条订阅头像无法访问, 已使用默认头像:
[2025-04-26 03:34:20] - https://blog.fooleap.org/atom.xml
[2025-04-26 03:34:20] - https://www.loyhome.com/feed
[2025-04-26 03:34:20] - http://feeds.feedburner.com/ruanyifeng
[2025-04-26 03:34:20] - https://blog.zhheo.com/rss.xml
[2025-04-26 04:19:30] 本次订阅抓取结果统计:
[2025-04-26 04:19:30] 共 28 条RSS, 成功抓取 27 条.
[2025-04-26 04:19:30] ✘ 有 1 条订阅解析失败:
[2025-04-26 04:19:30] - https://tcxx.info/feed
[2025-04-26 04:19:30] ✘ 有 4 条订阅头像无法访问, 已使用默认头像:
[2025-04-26 04:19:30] - https://blog.fooleap.org/atom.xml
[2025-04-26 04:19:30] - http://feeds.feedburner.com/ruanyifeng
[2025-04-26 04:19:30] - https://www.loyhome.com/feed
[2025-04-26 04:19:30] - https://blog.zhheo.com/rss.xml
[2025-04-26 05:15:51] 本次订阅抓取结果统计:
[2025-04-26 05:15:51] 共 28 条RSS, 成功抓取 27 条.
[2025-04-26 05:15:51] ✘ 有 1 条订阅解析失败:
[2025-04-26 05:15:51] - https://tcxx.info/feed
[2025-04-26 05:15:51] ✘ 有 4 条订阅头像无法访问, 已使用默认头像:
[2025-04-26 05:15:51] - https://blog.fooleap.org/atom.xml
[2025-04-26 05:15:51] - http://feeds.feedburner.com/ruanyifeng
[2025-04-26 05:15:51] - https://www.loyhome.com/feed
[2025-04-26 05:15:51] - https://blog.zhheo.com/rss.xml
[2025-04-26 06:21:58] 本次订阅抓取结果统计:
[2025-04-26 06:21:58] 共 28 条RSS, 成功抓取 27 条.
[2025-04-26 06:21:58] ✘ 有 1 条订阅解析失败:
[2025-04-26 06:21:58] - https://tcxx.info/feed
[2025-04-26 06:21:58] ✘ 有 4 条订阅头像无法访问, 已使用默认头像:
[2025-04-26 06:21:58] - https://blog.fooleap.org/atom.xml
[2025-04-26 06:21:58] - http://feeds.feedburner.com/ruanyifeng
[2025-04-26 06:21:58] - https://www.loyhome.com/feed
[2025-04-26 06:21:58] - https://blog.zhheo.com/rss.xml
[2025-04-26 07:15:02] 本次订阅抓取结果统计:
[2025-04-26 07:15:02] 共 28 条RSS, 成功抓取 27 条.
[2025-04-26 07:15:02] ✘ 有 1 条订阅解析失败:
[2025-04-26 07:15:02] - https://tcxx.info/feed
[2025-04-26 07:15:02] ✘ 有 4 条订阅头像无法访问, 已使用默认头像:
[2025-04-26 07:15:02] - https://blog.fooleap.org/atom.xml
[2025-04-26 07:15:02] - http://feeds.feedburner.com/ruanyifeng
[2025-04-26 07:15:02] - https://www.loyhome.com/feed
[2025-04-26 07:15:02] - https://blog.zhheo.com/rss.xml
[2025-04-26 08:19:55] 本次订阅抓取结果统计:
[2025-04-26 08:19:55] 共 28 条RSS, 成功抓取 27 条.
[2025-04-26 08:19:55] ✘ 有 1 条订阅解析失败:
[2025-04-26 08:19:55] - https://tcxx.info/feed
[2025-04-26 08:19:55] ✘ 有 5 条订阅头像无法访问, 已使用默认头像:
[2025-04-26 08:19:55] - https://blog.fooleap.org/atom.xml
[2025-04-26 08:19:55] - http://feeds.feedburner.com/ruanyifeng
[2025-04-26 08:19:55] - https://www.loyhome.com/feed
[2025-04-26 08:19:55] - https://blog.zhheo.com/rss.xml
[2025-04-26 08:19:55] - https://xyzbz.cn/feed
