[2025-08-11 00:04:33] 抓取到的文章与现有数据相同，无需更新。
[2025-08-11 01:30:13] 本次订阅抓取结果统计:
[2025-08-11 01:30:13] 共 53 条RSS, 成功抓取 49 条.
[2025-08-11 01:30:13] ✘ 有 4 条订阅解析失败:
[2025-08-11 01:30:13] - https://tcxx.info/feed
[2025-08-11 01:30:13] - https://tumutanzi.com/feed
[2025-08-11 01:30:13] - https://www.williamlong.info/rss.xml
[2025-08-11 01:30:13] - https://yinwang1.substack.com/feed
[2025-08-11 01:30:13] ✘ 有 1 条订阅头像字段为空, 已使用默认头像:
[2025-08-11 01:30:13] - https://feed.cnblogs.com/blog/u/66551/rss/
[2025-08-11 01:30:13] ✘ 有 7 条订阅头像无法访问, 已使用默认头像:
[2025-08-11 01:30:13] - https://blog.fooleap.org/atom.xml
[2025-08-11 01:30:13] - http://feeds.feedburner.com/ruanyifeng
[2025-08-11 01:30:13] - https://www.loyhome.com/feed
[2025-08-11 01:30:13] - https://a4.zyzhang.com/index.xml
[2025-08-11 01:30:13] - https://www.geedea.pro/index.xml
[2025-08-11 01:30:13] - https://skywind.me/blog/feed
[2025-08-11 01:30:13] - https://www.douban.com/feed/review/book
[2025-08-11 02:41:08] 本次订阅抓取结果统计:
[2025-08-11 02:41:08] 共 53 条RSS, 成功抓取 49 条.
[2025-08-11 02:41:08] ✘ 有 4 条订阅解析失败:
[2025-08-11 02:41:08] - https://tcxx.info/feed
[2025-08-11 02:41:08] - https://tumutanzi.com/feed
[2025-08-11 02:41:08] - https://www.williamlong.info/rss.xml
[2025-08-11 02:41:08] - https://yinwang1.substack.com/feed
[2025-08-11 02:41:08] ✘ 有 1 条订阅头像字段为空, 已使用默认头像:
[2025-08-11 02:41:08] - https://feed.cnblogs.com/blog/u/66551/rss/
[2025-08-11 02:41:08] ✘ 有 8 条订阅头像无法访问, 已使用默认头像:
[2025-08-11 02:41:08] - http://feeds.feedburner.com/ruanyifeng
[2025-08-11 02:41:08] - https://blog.fooleap.org/atom.xml
[2025-08-11 02:41:08] - https://www.loyhome.com/feed
[2025-08-11 02:41:08] - https://a4.zyzhang.com/index.xml
[2025-08-11 02:41:08] - https://www.geedea.pro/index.xml
[2025-08-11 02:41:08] - https://skywind.me/blog/feed
[2025-08-11 02:41:08] - https://www.douban.com/feed/review/book
[2025-08-11 02:41:08] - https://feeds.appinn.com/appinns/
