[2025-12-02 00:05:05] 抓取到的文章与现有数据相同，无需更新。
[2025-12-02 01:30:33] 本次订阅抓取结果统计:
[2025-12-02 01:30:33] 共 31 条RSS, 成功抓取 27 条.
[2025-12-02 01:30:33] ✘ 有 4 条订阅解析失败:
[2025-12-02 01:30:33] - https://tumutanzi.com/feed
[2025-12-02 01:30:33] - https://suus.me/atom.xml
[2025-12-02 01:30:33] - https://geekinney.com/index.xml
[2025-12-02 01:30:33] - https://diygod.cc/feed
[2025-12-02 02:32:23] 抓取到的文章与现有数据相同，无需更新。
[2025-12-02 03:25:48] 本次订阅抓取结果统计:
[2025-12-02 03:25:48] 共 31 条RSS, 成功抓取 28 条.
[2025-12-02 03:25:48] ✘ 有 3 条订阅解析失败:
[2025-12-02 03:25:48] - https://tumutanzi.com/feed
[2025-12-02 03:25:48] - https://suus.me/atom.xml
[2025-12-02 03:25:48] - https://geekinney.com/index.xml
[2025-12-02 04:08:42] 本次订阅抓取结果统计:
[2025-12-02 04:08:42] 共 31 条RSS, 成功抓取 25 条.
[2025-12-02 04:08:42] ✘ 有 6 条订阅解析失败:
[2025-12-02 04:08:42] - https://tumutanzi.com/feed
[2025-12-02 04:08:42] - https://suus.me/atom.xml
[2025-12-02 04:08:42] - https://geekinney.com/index.xml
[2025-12-02 04:08:42] - https://leixus.cn/index.php/feed/
[2025-12-02 04:08:42] - https://www.luzhaojun.com/feed
[2025-12-02 04:08:42] - https://diygod.cc/feed
[2025-12-02 05:02:47] 本次订阅抓取结果统计:
[2025-12-02 05:02:47] 共 31 条RSS, 成功抓取 27 条.
[2025-12-02 05:02:47] ✘ 有 4 条订阅解析失败:
[2025-12-02 05:02:47] - https://tumutanzi.com/feed
[2025-12-02 05:02:47] - https://geekinney.com/index.xml
[2025-12-02 05:02:47] - https://suus.me/atom.xml
[2025-12-02 05:02:47] - https://diygod.cc/feed
