[2025-06-14 00:04:17] 本次订阅抓取结果统计:
[2025-06-14 00:04:17] 共 45 条RSS, 成功抓取 44 条.
[2025-06-14 00:04:17] ✘ 有 1 条订阅解析失败:
[2025-06-14 00:04:17] - https://tcxx.info/feed
[2025-06-14 00:04:17] ✘ 有 5 条订阅头像无法访问, 已使用默认头像:
[2025-06-14 00:04:17] - http://feeds.feedburner.com/ruanyifeng
[2025-06-14 00:04:17] - https://www.loyhome.com/feed
[2025-06-14 00:04:17] - https://sspai.com/feed
[2025-06-14 00:04:17] - https://feeds.appinn.com/appinns/
[2025-06-14 00:04:17] - https://www.douban.com/feed/review/book
[2025-06-14 01:29:26] 本次订阅抓取结果统计:
[2025-06-14 01:29:26] 共 45 条RSS, 成功抓取 44 条.
[2025-06-14 01:29:26] ✘ 有 1 条订阅解析失败:
[2025-06-14 01:29:26] - https://tcxx.info/feed
[2025-06-14 01:29:26] ✘ 有 6 条订阅头像无法访问, 已使用默认头像:
[2025-06-14 01:29:26] - http://feeds.feedburner.com/ruanyifeng
[2025-06-14 01:29:26] - https://www.loyhome.com/feed
[2025-06-14 01:29:26] - https://blog.zhheo.com/rss.xml
[2025-06-14 01:29:26] - https://www.shephe.com/feed
[2025-06-14 01:29:26] - https://www.douban.com/feed/review/book
[2025-06-14 01:29:26] - https://feeds.appinn.com/appinns/
[2025-06-14 02:31:14] 本次订阅抓取结果统计:
[2025-06-14 02:31:14] 共 45 条RSS, 成功抓取 43 条.
[2025-06-14 02:31:14] ✘ 有 2 条订阅解析失败:
[2025-06-14 02:31:14] - https://tcxx.info/feed
[2025-06-14 02:31:14] - https://blog.twofei.com/rss
[2025-06-14 02:31:14] ✘ 有 6 条订阅头像无法访问, 已使用默认头像:
[2025-06-14 02:31:14] - https://www.loyhome.com/feed
[2025-06-14 02:31:14] - http://feeds.feedburner.com/ruanyifeng
[2025-06-14 02:31:14] - https://www.shephe.com/feed
[2025-06-14 02:31:14] - https://www.douban.com/feed/review/book
[2025-06-14 02:31:14] - https://sspai.com/feed
[2025-06-14 02:31:14] - https://feeds.appinn.com/appinns/
