[2025-03-16 01:20:29] 本次订阅抓取结果统计:
[2025-03-16 01:20:29] 共 28 条RSS, 成功抓取 27 条.
[2025-03-16 01:20:29] ✘ 有 1 条订阅解析失败:
[2025-03-16 01:20:29] - https://tcxx.info/feed
[2025-03-16 01:20:29] ✘ 有 2 条订阅头像无法访问, 已使用默认头像:
[2025-03-16 01:20:29] - http://feeds.feedburner.com/ruanyifeng
[2025-03-16 01:20:29] - https://www.loyhome.com/feed
[2025-03-16 02:58:30] 本次订阅抓取结果统计:
[2025-03-16 02:58:30] 共 28 条RSS, 成功抓取 27 条.
[2025-03-16 02:58:30] ✘ 有 1 条订阅解析失败:
[2025-03-16 02:58:30] - https://tcxx.info/feed
[2025-03-16 02:58:30] ✘ 有 2 条订阅头像无法访问, 已使用默认头像:
[2025-03-16 02:58:30] - http://feeds.feedburner.com/ruanyifeng
[2025-03-16 02:58:30] - https://www.loyhome.com/feed
[2025-03-16 03:33:31] 本次订阅抓取结果统计:
[2025-03-16 03:33:31] 共 28 条RSS, 成功抓取 27 条.
[2025-03-16 03:33:31] ✘ 有 1 条订阅解析失败:
[2025-03-16 03:33:31] - https://tcxx.info/feed
[2025-03-16 03:33:31] ✘ 有 2 条订阅头像无法访问, 已使用默认头像:
[2025-03-16 03:33:31] - http://feeds.feedburner.com/ruanyifeng
[2025-03-16 03:33:31] - https://www.loyhome.com/feed
[2025-03-16 04:19:33] 本次订阅抓取结果统计:
[2025-03-16 04:19:33] 共 28 条RSS, 成功抓取 28 条.
[2025-03-16 04:19:33] ✘ 有 3 条订阅头像无法访问, 已使用默认头像:
[2025-03-16 04:19:33] - http://feeds.feedburner.com/ruanyifeng
[2025-03-16 04:19:33] - https://www.loyhome.com/feed
[2025-03-16 04:19:33] - https://ihaihe.cn/feed
[2025-03-16 05:15:07] 本次订阅抓取结果统计:
[2025-03-16 05:15:07] 共 28 条RSS, 成功抓取 27 条.
[2025-03-16 05:15:07] ✘ 有 1 条订阅解析失败:
[2025-03-16 05:15:07] - https://tcxx.info/feed
[2025-03-16 05:15:07] ✘ 有 2 条订阅头像无法访问, 已使用默认头像:
[2025-03-16 05:15:07] - http://feeds.feedburner.com/ruanyifeng
[2025-03-16 05:15:07] - https://www.loyhome.com/feed
[2025-03-16 06:20:45] 本次订阅抓取结果统计:
[2025-03-16 06:20:45] 共 28 条RSS, 成功抓取 27 条.
[2025-03-16 06:20:45] ✘ 有 1 条订阅解析失败:
[2025-03-16 06:20:45] - https://tcxx.info/feed
[2025-03-16 06:20:45] ✘ 有 2 条订阅头像无法访问, 已使用默认头像:
[2025-03-16 06:20:45] - http://feeds.feedburner.com/ruanyifeng
[2025-03-16 06:20:45] - https://www.loyhome.com/feed
[2025-03-16 07:15:00] 本次订阅抓取结果统计:
[2025-03-16 07:15:00] 共 28 条RSS, 成功抓取 27 条.
[2025-03-16 07:15:00] ✘ 有 1 条订阅解析失败:
[2025-03-16 07:15:00] - https://tcxx.info/feed
[2025-03-16 07:15:00] ✘ 有 3 条订阅头像无法访问, 已使用默认头像:
[2025-03-16 07:15:00] - http://feeds.feedburner.com/ruanyifeng
[2025-03-16 07:15:00] - https://www.loyhome.com/feed
[2025-03-16 07:15:00] - https://xyzbz.cn/feed
[2025-03-16 08:19:13] 本次订阅抓取结果统计:
[2025-03-16 08:19:13] 共 28 条RSS, 成功抓取 27 条.
[2025-03-16 08:19:13] ✘ 有 1 条订阅解析失败:
[2025-03-16 08:19:13] - https://tcxx.info/feed
[2025-03-16 08:19:13] ✘ 有 2 条订阅头像无法访问, 已使用默认头像:
[2025-03-16 08:19:13] - http://feeds.feedburner.com/ruanyifeng
[2025-03-16 08:19:13] - https://www.loyhome.com/feed
[2025-03-16 09:15:43] 本次订阅抓取结果统计:
[2025-03-16 09:15:43] 共 28 条RSS, 成功抓取 27 条.
[2025-03-16 09:15:43] ✘ 有 1 条订阅解析失败:
[2025-03-16 09:15:43] - https://tcxx.info/feed
[2025-03-16 09:15:43] ✘ 有 3 条订阅头像无法访问, 已使用默认头像:
[2025-03-16 09:15:43] - http://feeds.feedburner.com/ruanyifeng
[2025-03-16 09:15:43] - https://www.loyhome.com/feed
[2025-03-16 09:15:43] - https://xyzbz.cn/feed
[2025-03-16 10:15:48] 本次订阅抓取结果统计:
[2025-03-16 10:15:48] 共 28 条RSS, 成功抓取 27 条.
[2025-03-16 10:15:48] ✘ 有 1 条订阅解析失败:
[2025-03-16 10:15:48] - https://tcxx.info/feed
[2025-03-16 10:15:48] ✘ 有 2 条订阅头像无法访问, 已使用默认头像:
[2025-03-16 10:15:48] - http://feeds.feedburner.com/ruanyifeng
[2025-03-16 10:15:48] - https://www.loyhome.com/feed
[2025-03-16 11:14:47] 本次订阅抓取结果统计:
[2025-03-16 11:14:47] 共 28 条RSS, 成功抓取 27 条.
[2025-03-16 11:14:47] ✘ 有 1 条订阅解析失败:
[2025-03-16 11:14:47] - https://tcxx.info/feed
[2025-03-16 11:14:47] ✘ 有 2 条订阅头像无法访问, 已使用默认头像:
[2025-03-16 11:14:47] - http://feeds.feedburner.com/ruanyifeng
[2025-03-16 11:14:47] - https://www.loyhome.com/feed
[2025-03-16 12:28:45] 本次订阅抓取结果统计:
[2025-03-16 12:28:45] 共 28 条RSS, 成功抓取 28 条.
[2025-03-16 12:28:45] ✘ 有 2 条订阅头像无法访问, 已使用默认头像:
[2025-03-16 12:28:45] - http://feeds.feedburner.com/ruanyifeng
[2025-03-16 12:28:45] - https://www.loyhome.com/feed
[2025-03-16 13:20:54] 本次订阅抓取结果统计:
[2025-03-16 13:20:54] 共 28 条RSS, 成功抓取 27 条.
[2025-03-16 13:20:54] ✘ 有 1 条订阅解析失败:
[2025-03-16 13:20:54] - https://tcxx.info/feed
[2025-03-16 13:20:54] ✘ 有 2 条订阅头像无法访问, 已使用默认头像:
[2025-03-16 13:20:54] - http://feeds.feedburner.com/ruanyifeng
[2025-03-16 13:20:54] - https://www.loyhome.com/feed
[2025-03-16 14:13:21] 本次订阅抓取结果统计:
[2025-03-16 14:13:21] 共 28 条RSS, 成功抓取 27 条.
[2025-03-16 14:13:21] ✘ 有 1 条订阅解析失败:
[2025-03-16 14:13:21] - https://tcxx.info/feed
[2025-03-16 14:13:21] ✘ 有 2 条订阅头像无法访问, 已使用默认头像:
[2025-03-16 14:13:21] - http://feeds.feedburner.com/ruanyifeng
[2025-03-16 14:13:21] - https://www.loyhome.com/feed
[2025-03-16 15:15:21] 本次订阅抓取结果统计:
[2025-03-16 15:15:21] 共 28 条RSS, 成功抓取 27 条.
[2025-03-16 15:15:21] ✘ 有 1 条订阅解析失败:
[2025-03-16 15:15:21] - https://tcxx.info/feed
[2025-03-16 15:15:21] ✘ 有 2 条订阅头像无法访问, 已使用默认头像:
[2025-03-16 15:15:21] - http://feeds.feedburner.com/ruanyifeng
[2025-03-16 15:15:21] - https://www.loyhome.com/feed
[2025-03-16 16:18:13] 本次订阅抓取结果统计:
[2025-03-16 16:18:13] 共 28 条RSS, 成功抓取 28 条.
[2025-03-16 16:18:13] ✘ 有 2 条订阅头像无法访问, 已使用默认头像:
[2025-03-16 16:18:13] - http://feeds.feedburner.com/ruanyifeng
[2025-03-16 16:18:13] - https://www.loyhome.com/feed
[2025-03-16 17:14:37] 本次订阅抓取结果统计:
[2025-03-16 17:14:37] 共 28 条RSS, 成功抓取 27 条.
[2025-03-16 17:14:37] ✘ 有 1 条订阅解析失败:
[2025-03-16 17:14:37] - https://tcxx.info/feed
[2025-03-16 17:14:37] ✘ 有 2 条订阅头像无法访问, 已使用默认头像:
[2025-03-16 17:14:37] - https://www.loyhome.com/feed
[2025-03-16 17:14:37] - http://feeds.feedburner.com/ruanyifeng
[2025-03-16 18:20:51] 本次订阅抓取结果统计:
[2025-03-16 18:20:51] 共 28 条RSS, 成功抓取 27 条.
[2025-03-16 18:20:51] ✘ 有 1 条订阅解析失败:
[2025-03-16 18:20:51] - https://tcxx.info/feed
[2025-03-16 18:20:51] ✘ 有 2 条订阅头像无法访问, 已使用默认头像:
[2025-03-16 18:20:51] - http://feeds.feedburner.com/ruanyifeng
[2025-03-16 18:20:51] - https://www.loyhome.com/feed
[2025-03-16 19:12:05] 本次订阅抓取结果统计:
[2025-03-16 19:12:05] 共 28 条RSS, 成功抓取 27 条.
[2025-03-16 19:12:05] ✘ 有 1 条订阅解析失败:
[2025-03-16 19:12:05] - https://tcxx.info/feed
[2025-03-16 19:12:05] ✘ 有 2 条订阅头像无法访问, 已使用默认头像:
[2025-03-16 19:12:05] - http://feeds.feedburner.com/ruanyifeng
[2025-03-16 19:12:05] - https://www.loyhome.com/feed
