[2025-06-13 00:04:25] 本次订阅抓取结果统计:
[2025-06-13 00:04:25] 共 45 条RSS, 成功抓取 44 条.
[2025-06-13 00:04:25] ✘ 有 1 条订阅解析失败:
[2025-06-13 00:04:25] - https://tcxx.info/feed
[2025-06-13 00:04:25] ✘ 有 3 条订阅头像无法访问, 已使用默认头像:
[2025-06-13 00:04:25] - http://feeds.feedburner.com/ruanyifeng
[2025-06-13 00:04:25] - https://www.loyhome.com/feed
[2025-06-13 00:04:25] - https://www.douban.com/feed/review/book
[2025-06-13 01:29:28] 本次订阅抓取结果统计:
[2025-06-13 01:29:28] 共 45 条RSS, 成功抓取 44 条.
[2025-06-13 01:29:28] ✘ 有 1 条订阅解析失败:
[2025-06-13 01:29:28] - https://tcxx.info/feed
[2025-06-13 01:29:28] ✘ 有 4 条订阅头像无法访问, 已使用默认头像:
[2025-06-13 01:29:28] - http://feeds.feedburner.com/ruanyifeng
[2025-06-13 01:29:28] - https://www.loyhome.com/feed
[2025-06-13 01:29:28] - https://www.douban.com/feed/review/book
[2025-06-13 01:29:28] - https://feeds.appinn.com/appinns/
[2025-06-13 02:31:54] 本次订阅抓取结果统计:
[2025-06-13 02:31:54] 共 45 条RSS, 成功抓取 44 条.
[2025-06-13 02:31:54] ✘ 有 1 条订阅解析失败:
[2025-06-13 02:31:54] - https://tcxx.info/feed
[2025-06-13 02:31:54] ✘ 有 3 条订阅头像无法访问, 已使用默认头像:
[2025-06-13 02:31:54] - http://feeds.feedburner.com/ruanyifeng
[2025-06-13 02:31:54] - https://www.loyhome.com/feed
[2025-06-13 02:31:54] - https://www.douban.com/feed/review/book
[2025-06-13 03:24:04] 本次订阅抓取结果统计:
[2025-06-13 03:24:04] 共 45 条RSS, 成功抓取 44 条.
[2025-06-13 03:24:04] ✘ 有 1 条订阅解析失败:
[2025-06-13 03:24:04] - https://tcxx.info/feed
[2025-06-13 03:24:04] ✘ 有 4 条订阅头像无法访问, 已使用默认头像:
[2025-06-13 03:24:04] - http://feeds.feedburner.com/ruanyifeng
[2025-06-13 03:24:04] - https://www.loyhome.com/feed
[2025-06-13 03:24:04] - https://www.douban.com/feed/review/book
[2025-06-13 03:24:04] - https://feeds.appinn.com/appinns/
[2025-06-13 04:06:24] 本次订阅抓取结果统计:
[2025-06-13 04:06:24] 共 45 条RSS, 成功抓取 44 条.
[2025-06-13 04:06:24] ✘ 有 1 条订阅解析失败:
[2025-06-13 04:06:24] - https://tcxx.info/feed
[2025-06-13 04:06:24] ✘ 有 3 条订阅头像无法访问, 已使用默认头像:
[2025-06-13 04:06:24] - http://feeds.feedburner.com/ruanyifeng
[2025-06-13 04:06:24] - https://www.loyhome.com/feed
[2025-06-13 04:06:24] - https://www.douban.com/feed/review/book
[2025-06-13 05:01:50] 本次订阅抓取结果统计:
[2025-06-13 05:01:50] 共 45 条RSS, 成功抓取 44 条.
[2025-06-13 05:01:50] ✘ 有 1 条订阅解析失败:
[2025-06-13 05:01:50] - https://tcxx.info/feed
[2025-06-13 05:01:50] ✘ 有 4 条订阅头像无法访问, 已使用默认头像:
[2025-06-13 05:01:50] - http://feeds.feedburner.com/ruanyifeng
[2025-06-13 05:01:50] - https://www.loyhome.com/feed
[2025-06-13 05:01:50] - https://www.douban.com/feed/review/book
[2025-06-13 05:01:50] - https://feeds.appinn.com/appinns/
[2025-06-13 06:02:14] 本次订阅抓取结果统计:
[2025-06-13 06:02:14] 共 45 条RSS, 成功抓取 44 条.
[2025-06-13 06:02:14] ✘ 有 1 条订阅解析失败:
[2025-06-13 06:02:14] - https://tcxx.info/feed
[2025-06-13 06:02:14] ✘ 有 4 条订阅头像无法访问, 已使用默认头像:
[2025-06-13 06:02:14] - https://www.loyhome.com/feed
[2025-06-13 06:02:14] - http://feeds.feedburner.com/ruanyifeng
[2025-06-13 06:02:14] - https://xyzbz.cn/feed
[2025-06-13 06:02:14] - https://www.douban.com/feed/review/book
[2025-06-13 07:01:43] 本次订阅抓取结果统计:
[2025-06-13 07:01:43] 共 45 条RSS, 成功抓取 44 条.
[2025-06-13 07:01:43] ✘ 有 1 条订阅解析失败:
[2025-06-13 07:01:43] - https://tcxx.info/feed
[2025-06-13 07:01:43] ✘ 有 3 条订阅头像无法访问, 已使用默认头像:
[2025-06-13 07:01:43] - http://feeds.feedburner.com/ruanyifeng
[2025-06-13 07:01:43] - https://www.loyhome.com/feed
[2025-06-13 07:01:43] - https://www.douban.com/feed/review/book
[2025-06-13 08:02:14] 本次订阅抓取结果统计:
[2025-06-13 08:02:14] 共 45 条RSS, 成功抓取 43 条.
[2025-06-13 08:02:14] ✘ 有 2 条订阅解析失败:
[2025-06-13 08:02:14] - https://tcxx.info/feed
[2025-06-13 08:02:14] - https://www.douban.com/feed/review/book
[2025-06-13 08:02:14] ✘ 有 3 条订阅头像无法访问, 已使用默认头像:
[2025-06-13 08:02:14] - http://feeds.feedburner.com/ruanyifeng
[2025-06-13 08:02:14] - https://www.loyhome.com/feed
[2025-06-13 08:02:14] - https://feeds.appinn.com/appinns/
[2025-06-13 09:02:01] 本次订阅抓取结果统计:
[2025-06-13 09:02:01] 共 45 条RSS, 成功抓取 43 条.
[2025-06-13 09:02:01] ✘ 有 2 条订阅解析失败:
[2025-06-13 09:02:01] - https://tcxx.info/feed
[2025-06-13 09:02:01] - https://ihaihe.cn/feed
[2025-06-13 09:02:01] ✘ 有 4 条订阅头像无法访问, 已使用默认头像:
[2025-06-13 09:02:01] - http://feeds.feedburner.com/ruanyifeng
[2025-06-13 09:02:01] - https://www.loyhome.com/feed
[2025-06-13 09:02:01] - https://www.douban.com/feed/review/book
[2025-06-13 09:02:01] - https://feeds.appinn.com/appinns/
[2025-06-13 10:02:00] 本次订阅抓取结果统计:
[2025-06-13 10:02:00] 共 45 条RSS, 成功抓取 44 条.
[2025-06-13 10:02:00] ✘ 有 1 条订阅解析失败:
[2025-06-13 10:02:00] - https://tcxx.info/feed
[2025-06-13 10:02:00] ✘ 有 4 条订阅头像无法访问, 已使用默认头像:
[2025-06-13 10:02:00] - https://www.loyhome.com/feed
[2025-06-13 10:02:00] - http://feeds.feedburner.com/ruanyifeng
[2025-06-13 10:02:00] - https://www.douban.com/feed/review/book
[2025-06-13 10:02:00] - https://feeds.appinn.com/appinns/
[2025-06-13 11:01:43] 本次订阅抓取结果统计:
[2025-06-13 11:01:43] 共 45 条RSS, 成功抓取 44 条.
[2025-06-13 11:01:43] ✘ 有 1 条订阅解析失败:
[2025-06-13 11:01:43] - https://tcxx.info/feed
[2025-06-13 11:01:43] ✘ 有 4 条订阅头像无法访问, 已使用默认头像:
[2025-06-13 11:01:43] - http://feeds.feedburner.com/ruanyifeng
[2025-06-13 11:01:43] - https://www.loyhome.com/feed
[2025-06-13 11:01:43] - https://www.douban.com/feed/review/book
[2025-06-13 11:01:43] - https://feeds.appinn.com/appinns/
[2025-06-13 12:02:29] 本次订阅抓取结果统计:
[2025-06-13 12:02:29] 共 45 条RSS, 成功抓取 44 条.
[2025-06-13 12:02:29] ✘ 有 1 条订阅解析失败:
[2025-06-13 12:02:29] - https://tcxx.info/feed
[2025-06-13 12:02:29] ✘ 有 4 条订阅头像无法访问, 已使用默认头像:
[2025-06-13 12:02:29] - http://feeds.feedburner.com/ruanyifeng
[2025-06-13 12:02:29] - https://www.loyhome.com/feed
[2025-06-13 12:02:29] - https://feeds.appinn.com/appinns/
[2025-06-13 12:02:29] - https://www.douban.com/feed/review/book
[2025-06-13 13:10:50] 本次订阅抓取结果统计:
[2025-06-13 13:10:50] 共 45 条RSS, 成功抓取 44 条.
[2025-06-13 13:10:50] ✘ 有 1 条订阅解析失败:
[2025-06-13 13:10:50] - https://tcxx.info/feed
[2025-06-13 13:10:50] ✘ 有 3 条订阅头像无法访问, 已使用默认头像:
[2025-06-13 13:10:50] - http://feeds.feedburner.com/ruanyifeng
[2025-06-13 13:10:50] - https://www.loyhome.com/feed
[2025-06-13 13:10:50] - https://www.douban.com/feed/review/book
[2025-06-13 14:01:51] 本次订阅抓取结果统计:
[2025-06-13 14:01:51] 共 45 条RSS, 成功抓取 44 条.
[2025-06-13 14:01:51] ✘ 有 1 条订阅解析失败:
[2025-06-13 14:01:51] - https://tcxx.info/feed
[2025-06-13 14:01:51] ✘ 有 4 条订阅头像无法访问, 已使用默认头像:
[2025-06-13 14:01:51] - http://feeds.feedburner.com/ruanyifeng
[2025-06-13 14:01:51] - https://www.loyhome.com/feed
[2025-06-13 14:01:51] - https://www.douban.com/feed/review/book
[2025-06-13 14:01:51] - https://feeds.appinn.com/appinns/
[2025-06-13 15:01:52] 本次订阅抓取结果统计:
[2025-06-13 15:01:52] 共 45 条RSS, 成功抓取 44 条.
[2025-06-13 15:01:52] ✘ 有 1 条订阅解析失败:
[2025-06-13 15:01:52] - https://tcxx.info/feed
[2025-06-13 15:01:52] ✘ 有 4 条订阅头像无法访问, 已使用默认头像:
[2025-06-13 15:01:52] - http://feeds.feedburner.com/ruanyifeng
[2025-06-13 15:01:52] - https://www.loyhome.com/feed
[2025-06-13 15:01:52] - https://feeds.appinn.com/appinns/
[2025-06-13 15:01:52] - https://www.douban.com/feed/review/book
[2025-06-13 16:02:14] 本次订阅抓取结果统计:
[2025-06-13 16:02:14] 共 45 条RSS, 成功抓取 43 条.
[2025-06-13 16:02:14] ✘ 有 2 条订阅解析失败:
[2025-06-13 16:02:14] - https://tcxx.info/feed
[2025-06-13 16:02:14] - https://www.douban.com/feed/review/book
[2025-06-13 16:02:14] ✘ 有 4 条订阅头像无法访问, 已使用默认头像:
[2025-06-13 16:02:14] - http://feeds.feedburner.com/ruanyifeng
[2025-06-13 16:02:14] - https://www.loyhome.com/feed
[2025-06-13 16:02:14] - https://xyzbz.cn/feed
[2025-06-13 16:02:14] - https://feeds.appinn.com/appinns/
