[2025-04-27 01:24:17] 本次订阅抓取结果统计:
[2025-04-27 01:24:17] 共 28 条RSS, 成功抓取 27 条.
[2025-04-27 01:24:17] ✘ 有 1 条订阅解析失败:
[2025-04-27 01:24:17] - https://tcxx.info/feed
[2025-04-27 01:24:17] ✘ 有 4 条订阅头像无法访问, 已使用默认头像:
[2025-04-27 01:24:17] - https://blog.fooleap.org/atom.xml
[2025-04-27 01:24:17] - http://feeds.feedburner.com/ruanyifeng
[2025-04-27 01:24:17] - https://www.loyhome.com/feed
[2025-04-27 01:24:17] - https://blog.zhheo.com/rss.xml
[2025-04-27 03:07:13] 本次订阅抓取结果统计:
[2025-04-27 03:07:13] 共 28 条RSS, 成功抓取 27 条.
[2025-04-27 03:07:13] ✘ 有 1 条订阅解析失败:
[2025-04-27 03:07:13] - https://tcxx.info/feed
[2025-04-27 03:07:13] ✘ 有 3 条订阅头像无法访问, 已使用默认头像:
[2025-04-27 03:07:13] - https://blog.fooleap.org/atom.xml
[2025-04-27 03:07:13] - http://feeds.feedburner.com/ruanyifeng
[2025-04-27 03:07:13] - https://www.loyhome.com/feed
[2025-04-27 04:19:38] 本次订阅抓取结果统计:
[2025-04-27 04:19:38] 共 28 条RSS, 成功抓取 27 条.
[2025-04-27 04:19:38] ✘ 有 1 条订阅解析失败:
[2025-04-27 04:19:38] - https://tcxx.info/feed
[2025-04-27 04:19:38] ✘ 有 3 条订阅头像无法访问, 已使用默认头像:
[2025-04-27 04:19:38] - https://blog.fooleap.org/atom.xml
[2025-04-27 04:19:38] - https://www.loyhome.com/feed
[2025-04-27 04:19:38] - http://feeds.feedburner.com/ruanyifeng
[2025-04-27 05:16:33] 本次订阅抓取结果统计:
[2025-04-27 05:16:33] 共 28 条RSS, 成功抓取 27 条.
[2025-04-27 05:16:33] ✘ 有 1 条订阅解析失败:
[2025-04-27 05:16:33] - https://tcxx.info/feed
[2025-04-27 05:16:33] ✘ 有 3 条订阅头像无法访问, 已使用默认头像:
[2025-04-27 05:16:33] - http://feeds.feedburner.com/ruanyifeng
[2025-04-27 05:16:33] - https://blog.fooleap.org/atom.xml
[2025-04-27 05:16:33] - https://www.loyhome.com/feed
[2025-04-27 06:22:27] 本次订阅抓取结果统计:
[2025-04-27 06:22:27] 共 28 条RSS, 成功抓取 27 条.
[2025-04-27 06:22:27] ✘ 有 1 条订阅解析失败:
[2025-04-27 06:22:27] - https://tcxx.info/feed
[2025-04-27 06:22:27] ✘ 有 3 条订阅头像无法访问, 已使用默认头像:
[2025-04-27 06:22:27] - https://blog.fooleap.org/atom.xml
[2025-04-27 06:22:27] - http://feeds.feedburner.com/ruanyifeng
[2025-04-27 06:22:27] - https://www.loyhome.com/feed
[2025-04-27 07:15:09] 本次订阅抓取结果统计:
[2025-04-27 07:15:09] 共 28 条RSS, 成功抓取 27 条.
[2025-04-27 07:15:09] ✘ 有 1 条订阅解析失败:
[2025-04-27 07:15:09] - https://tcxx.info/feed
[2025-04-27 07:15:09] ✘ 有 3 条订阅头像无法访问, 已使用默认头像:
[2025-04-27 07:15:09] - https://blog.fooleap.org/atom.xml
[2025-04-27 07:15:09] - http://feeds.feedburner.com/ruanyifeng
[2025-04-27 07:15:09] - https://www.loyhome.com/feed
