[2025-06-12 00:04:07] 本次订阅抓取结果统计:
[2025-06-12 00:04:07] 共 45 条RSS, 成功抓取 43 条.
[2025-06-12 00:04:07] ✘ 有 2 条订阅解析失败:
[2025-06-12 00:04:07] - https://www.shephe.com/feed
[2025-06-12 00:04:07] - https://tcxx.info/feed
[2025-06-12 00:04:07] ✘ 有 4 条订阅头像无法访问, 已使用默认头像:
[2025-06-12 00:04:07] - http://feeds.feedburner.com/ruanyifeng
[2025-06-12 00:04:07] - https://www.loyhome.com/feed
[2025-06-12 00:04:07] - https://www.douban.com/feed/review/book
[2025-06-12 00:04:07] - https://feeds.appinn.com/appinns/
[2025-06-12 01:30:25] 本次订阅抓取结果统计:
[2025-06-12 01:30:25] 共 45 条RSS, 成功抓取 44 条.
[2025-06-12 01:30:25] ✘ 有 1 条订阅解析失败:
[2025-06-12 01:30:25] - https://tcxx.info/feed
[2025-06-12 01:30:25] ✘ 有 4 条订阅头像无法访问, 已使用默认头像:
[2025-06-12 01:30:25] - http://feeds.feedburner.com/ruanyifeng
[2025-06-12 01:30:25] - https://www.loyhome.com/feed
[2025-06-12 01:30:25] - https://feeds.appinn.com/appinns/
[2025-06-12 01:30:25] - https://www.douban.com/feed/review/book
[2025-06-12 02:31:25] 本次订阅抓取结果统计:
[2025-06-12 02:31:25] 共 45 条RSS, 成功抓取 44 条.
[2025-06-12 02:31:25] ✘ 有 1 条订阅解析失败:
[2025-06-12 02:31:25] - https://tcxx.info/feed
[2025-06-12 02:31:25] ✘ 有 4 条订阅头像无法访问, 已使用默认头像:
[2025-06-12 02:31:25] - https://www.loyhome.com/feed
[2025-06-12 02:31:25] - http://feeds.feedburner.com/ruanyifeng
[2025-06-12 02:31:25] - https://www.douban.com/feed/review/book
[2025-06-12 02:31:25] - https://feeds.appinn.com/appinns/
[2025-06-12 03:22:07] 本次订阅抓取结果统计:
[2025-06-12 03:22:07] 共 45 条RSS, 成功抓取 43 条.
[2025-06-12 03:22:07] ✘ 有 2 条订阅解析失败:
[2025-06-12 03:22:07] - https://tcxx.info/feed
[2025-06-12 03:22:07] - https://www.douban.com/feed/review/book
[2025-06-12 03:22:07] ✘ 有 2 条订阅头像无法访问, 已使用默认头像:
[2025-06-12 03:22:07] - http://feeds.feedburner.com/ruanyifeng
[2025-06-12 03:22:07] - https://www.loyhome.com/feed
[2025-06-12 04:06:25] 本次订阅抓取结果统计:
[2025-06-12 04:06:25] 共 45 条RSS, 成功抓取 44 条.
[2025-06-12 04:06:25] ✘ 有 1 条订阅解析失败:
[2025-06-12 04:06:25] - https://tcxx.info/feed
[2025-06-12 04:06:25] ✘ 有 3 条订阅头像无法访问, 已使用默认头像:
[2025-06-12 04:06:25] - https://www.loyhome.com/feed
[2025-06-12 04:06:25] - http://feeds.feedburner.com/ruanyifeng
[2025-06-12 04:06:25] - https://www.douban.com/feed/review/book
[2025-06-12 05:01:50] 本次订阅抓取结果统计:
[2025-06-12 05:01:50] 共 45 条RSS, 成功抓取 44 条.
[2025-06-12 05:01:50] ✘ 有 1 条订阅解析失败:
[2025-06-12 05:01:50] - https://tcxx.info/feed
[2025-06-12 05:01:50] ✘ 有 3 条订阅头像无法访问, 已使用默认头像:
[2025-06-12 05:01:50] - http://feeds.feedburner.com/ruanyifeng
[2025-06-12 05:01:50] - https://www.loyhome.com/feed
[2025-06-12 05:01:50] - https://www.douban.com/feed/review/book
[2025-06-12 06:02:11] 本次订阅抓取结果统计:
[2025-06-12 06:02:11] 共 45 条RSS, 成功抓取 44 条.
[2025-06-12 06:02:11] ✘ 有 1 条订阅解析失败:
[2025-06-12 06:02:11] - https://tcxx.info/feed
[2025-06-12 06:02:11] ✘ 有 5 条订阅头像无法访问, 已使用默认头像:
[2025-06-12 06:02:11] - http://feeds.feedburner.com/ruanyifeng
[2025-06-12 06:02:11] - https://www.loyhome.com/feed
[2025-06-12 06:02:11] - https://xyzbz.cn/feed
[2025-06-12 06:02:11] - https://www.douban.com/feed/review/book
[2025-06-12 06:02:11] - https://feeds.appinn.com/appinns/
[2025-06-12 07:02:09] 本次订阅抓取结果统计:
[2025-06-12 07:02:09] 共 45 条RSS, 成功抓取 44 条.
[2025-06-12 07:02:09] ✘ 有 1 条订阅解析失败:
[2025-06-12 07:02:09] - https://tcxx.info/feed
[2025-06-12 07:02:09] ✘ 有 3 条订阅头像无法访问, 已使用默认头像:
[2025-06-12 07:02:09] - http://feeds.feedburner.com/ruanyifeng
[2025-06-12 07:02:09] - https://www.loyhome.com/feed
[2025-06-12 07:02:09] - https://www.douban.com/feed/review/book
[2025-06-12 08:02:14] 本次订阅抓取结果统计:
[2025-06-12 08:02:14] 共 45 条RSS, 成功抓取 44 条.
[2025-06-12 08:02:14] ✘ 有 1 条订阅解析失败:
[2025-06-12 08:02:14] - https://tcxx.info/feed
[2025-06-12 08:02:14] ✘ 有 4 条订阅头像无法访问, 已使用默认头像:
[2025-06-12 08:02:14] - http://feeds.feedburner.com/ruanyifeng
[2025-06-12 08:02:14] - https://www.loyhome.com/feed
[2025-06-12 08:02:14] - https://www.douban.com/feed/review/book
[2025-06-12 08:02:14] - https://feeds.appinn.com/appinns/
[2025-06-12 09:03:50] 本次订阅抓取结果统计:
[2025-06-12 09:03:50] 共 45 条RSS, 成功抓取 43 条.
[2025-06-12 09:03:50] ✘ 有 2 条订阅解析失败:
[2025-06-12 09:03:50] - https://tcxx.info/feed
[2025-06-12 09:03:50] - https://feeds.appinn.com/appinns/
[2025-06-12 09:03:50] ✘ 有 3 条订阅头像无法访问, 已使用默认头像:
[2025-06-12 09:03:50] - http://feeds.feedburner.com/ruanyifeng
[2025-06-12 09:03:50] - https://www.loyhome.com/feed
[2025-06-12 09:03:50] - https://www.douban.com/feed/review/book
[2025-06-12 10:01:41] 本次订阅抓取结果统计:
[2025-06-12 10:01:41] 共 45 条RSS, 成功抓取 44 条.
[2025-06-12 10:01:41] ✘ 有 1 条订阅解析失败:
[2025-06-12 10:01:41] - https://tcxx.info/feed
[2025-06-12 10:01:41] ✘ 有 4 条订阅头像无法访问, 已使用默认头像:
[2025-06-12 10:01:41] - http://feeds.feedburner.com/ruanyifeng
[2025-06-12 10:01:41] - https://www.loyhome.com/feed
[2025-06-12 10:01:41] - https://blog.yanqingshan.com/feed
[2025-06-12 10:01:41] - https://www.douban.com/feed/review/book
[2025-06-12 11:02:07] 本次订阅抓取结果统计:
[2025-06-12 11:02:07] 共 45 条RSS, 成功抓取 44 条.
[2025-06-12 11:02:07] ✘ 有 1 条订阅解析失败:
[2025-06-12 11:02:07] - https://tcxx.info/feed
[2025-06-12 11:02:07] ✘ 有 4 条订阅头像无法访问, 已使用默认头像:
[2025-06-12 11:02:07] - http://feeds.feedburner.com/ruanyifeng
[2025-06-12 11:02:07] - https://www.loyhome.com/feed
[2025-06-12 11:02:07] - https://www.douban.com/feed/review/book
[2025-06-12 11:02:07] - https://feeds.appinn.com/appinns/
[2025-06-12 12:02:14] 本次订阅抓取结果统计:
[2025-06-12 12:02:14] 共 45 条RSS, 成功抓取 44 条.
[2025-06-12 12:02:14] ✘ 有 1 条订阅解析失败:
[2025-06-12 12:02:14] - https://tcxx.info/feed
[2025-06-12 12:02:14] ✘ 有 4 条订阅头像无法访问, 已使用默认头像:
[2025-06-12 12:02:14] - http://feeds.feedburner.com/ruanyifeng
[2025-06-12 12:02:14] - https://www.loyhome.com/feed
[2025-06-12 12:02:14] - https://www.douban.com/feed/review/book
[2025-06-12 12:02:14] - https://feeds.appinn.com/appinns/
[2025-06-12 13:11:17] 本次订阅抓取结果统计:
[2025-06-12 13:11:17] 共 45 条RSS, 成功抓取 44 条.
[2025-06-12 13:11:17] ✘ 有 1 条订阅解析失败:
[2025-06-12 13:11:17] - https://tcxx.info/feed
[2025-06-12 13:11:17] ✘ 有 4 条订阅头像无法访问, 已使用默认头像:
[2025-06-12 13:11:17] - http://feeds.feedburner.com/ruanyifeng
[2025-06-12 13:11:17] - https://www.loyhome.com/feed
[2025-06-12 13:11:17] - https://feeds.appinn.com/appinns/
[2025-06-12 13:11:17] - https://www.douban.com/feed/review/book
[2025-06-12 14:01:57] [ERROR] 拉取RSS链接失败: /home/runner/work/lhasaRSS/lhasaRSS/feed_fetcher.go:53 => 无法获取RSS列表文件: https://lhasa-1253887673.cos.ap-shanghai.myqcloud.com/lhasaRSS/rss.txt | 原因: Get "https://lhasa-1253887673.cos.ap-shanghai.myqcloud.com/lhasaRSS/rss.txt": net/http: TLS handshake timeout
[2025-06-12 15:02:24] 本次订阅抓取结果统计:
[2025-06-12 15:02:24] 共 45 条RSS, 成功抓取 44 条.
[2025-06-12 15:02:24] ✘ 有 1 条订阅解析失败:
[2025-06-12 15:02:24] - https://tcxx.info/feed
[2025-06-12 15:02:24] ✘ 有 4 条订阅头像无法访问, 已使用默认头像:
[2025-06-12 15:02:24] - https://www.loyhome.com/feed
[2025-06-12 15:02:24] - http://feeds.feedburner.com/ruanyifeng
[2025-06-12 15:02:24] - https://www.douban.com/feed/review/book
[2025-06-12 15:02:24] - https://blog.yanqingshan.com/feed
