[2025-08-22 00:04:06] 抓取到的文章与现有数据相同，无需更新。
[2025-08-22 01:30:12] 本次订阅抓取结果统计:
[2025-08-22 01:30:12] 共 55 条RSS, 成功抓取 47 条.
[2025-08-22 01:30:12] ✘ 有 8 条订阅解析失败:
[2025-08-22 01:30:12] - https://tcxx.info/feed
[2025-08-22 01:30:12] - https://tumutanzi.com/feed
[2025-08-22 01:30:12] - https://yinwang1.substack.com/feed
[2025-08-22 01:30:12] - https://botanwang.com/rss.xml
[2025-08-22 01:30:12] - https://oba.by/feed
[2025-08-22 01:30:12] - https://xyzbz.cn/feed
[2025-08-22 01:30:12] - https://blog.yanqingshan.com/feed
[2025-08-22 01:30:12] - https://www.douban.com/feed/review/book
[2025-08-22 01:30:12] ✘ 有 1 条订阅头像字段为空, 已使用默认头像:
[2025-08-22 01:30:12] - https://feed.cnblogs.com/blog/u/66551/rss/
[2025-08-22 01:30:12] ✘ 有 6 条订阅头像无法访问, 已使用默认头像:
[2025-08-22 01:30:12] - https://www.loyhome.com/feed
[2025-08-22 01:30:12] - http://feeds.feedburner.com/ruanyifeng
[2025-08-22 01:30:12] - https://a4.zyzhang.com/index.xml
[2025-08-22 01:30:12] - https://www.geedea.pro/index.xml
[2025-08-22 01:30:12] - https://skywind.me/blog/feed
[2025-08-22 01:30:12] - http://feeds.feedburner.com/zhihu-daily
[2025-08-22 02:29:48] 本次订阅抓取结果统计:
[2025-08-22 02:29:48] 共 55 条RSS, 成功抓取 51 条.
[2025-08-22 02:29:48] ✘ 有 4 条订阅解析失败:
[2025-08-22 02:29:48] - https://tcxx.info/feed
[2025-08-22 02:29:48] - https://tumutanzi.com/feed
[2025-08-22 02:29:48] - https://yinwang1.substack.com/feed
[2025-08-22 02:29:48] - https://botanwang.com/rss.xml
[2025-08-22 02:29:48] ✘ 有 1 条订阅头像字段为空, 已使用默认头像:
[2025-08-22 02:29:48] - https://feed.cnblogs.com/blog/u/66551/rss/
[2025-08-22 02:29:48] ✘ 有 6 条订阅头像无法访问, 已使用默认头像:
[2025-08-22 02:29:48] - http://feeds.feedburner.com/ruanyifeng
[2025-08-22 02:29:48] - https://www.loyhome.com/feed
[2025-08-22 02:29:48] - https://a4.zyzhang.com/index.xml
[2025-08-22 02:29:48] - https://www.geedea.pro/index.xml
[2025-08-22 02:29:48] - https://skywind.me/blog/feed
[2025-08-22 02:29:48] - https://www.douban.com/feed/review/book
[2025-08-22 03:18:26] 抓取到的文章与现有数据相同，无需更新。
[2025-08-22 04:01:44] 本次订阅抓取结果统计:
[2025-08-22 04:01:44] 共 55 条RSS, 成功抓取 51 条.
[2025-08-22 04:01:44] ✘ 有 4 条订阅解析失败:
[2025-08-22 04:01:44] - https://tcxx.info/feed
[2025-08-22 04:01:44] - https://tumutanzi.com/feed
[2025-08-22 04:01:44] - https://yinwang1.substack.com/feed
[2025-08-22 04:01:44] - https://botanwang.com/rss.xml
[2025-08-22 04:01:44] ✘ 有 1 条订阅头像字段为空, 已使用默认头像:
[2025-08-22 04:01:44] - https://feed.cnblogs.com/blog/u/66551/rss/
[2025-08-22 04:01:44] ✘ 有 7 条订阅头像无法访问, 已使用默认头像:
[2025-08-22 04:01:44] - http://feeds.feedburner.com/ruanyifeng
[2025-08-22 04:01:44] - https://www.loyhome.com/feed
[2025-08-22 04:01:44] - https://a4.zyzhang.com/index.xml
[2025-08-22 04:01:44] - https://www.geedea.pro/index.xml
[2025-08-22 04:01:44] - https://skywind.me/blog/feed
[2025-08-22 04:01:44] - https://feeds.appinn.com/appinns/
[2025-08-22 04:01:44] - https://www.douban.com/feed/review/book
[2025-08-22 05:02:01] 本次订阅抓取结果统计:
[2025-08-22 05:02:01] 共 55 条RSS, 成功抓取 51 条.
[2025-08-22 05:02:01] ✘ 有 4 条订阅解析失败:
[2025-08-22 05:02:01] - https://tcxx.info/feed
[2025-08-22 05:02:01] - https://tumutanzi.com/feed
[2025-08-22 05:02:01] - https://yinwang1.substack.com/feed
[2025-08-22 05:02:01] - https://botanwang.com/rss.xml
[2025-08-22 05:02:01] ✘ 有 1 条订阅头像字段为空, 已使用默认头像:
[2025-08-22 05:02:01] - https://feed.cnblogs.com/blog/u/66551/rss/
[2025-08-22 05:02:01] ✘ 有 6 条订阅头像无法访问, 已使用默认头像:
[2025-08-22 05:02:01] - https://www.loyhome.com/feed
[2025-08-22 05:02:01] - http://feeds.feedburner.com/ruanyifeng
[2025-08-22 05:02:01] - https://a4.zyzhang.com/index.xml
[2025-08-22 05:02:01] - https://www.geedea.pro/index.xml
[2025-08-22 05:02:01] - https://skywind.me/blog/feed
[2025-08-22 05:02:01] - https://www.douban.com/feed/review/book
[2025-08-22 06:02:19] 本次订阅抓取结果统计:
[2025-08-22 06:02:19] 共 55 条RSS, 成功抓取 51 条.
[2025-08-22 06:02:19] ✘ 有 4 条订阅解析失败:
[2025-08-22 06:02:19] - https://tcxx.info/feed
[2025-08-22 06:02:19] - https://tumutanzi.com/feed
[2025-08-22 06:02:19] - https://yinwang1.substack.com/feed
[2025-08-22 06:02:19] - https://botanwang.com/rss.xml
[2025-08-22 06:02:19] ✘ 有 1 条订阅头像字段为空, 已使用默认头像:
[2025-08-22 06:02:19] - https://feed.cnblogs.com/blog/u/66551/rss/
[2025-08-22 06:02:19] ✘ 有 7 条订阅头像无法访问, 已使用默认头像:
[2025-08-22 06:02:19] - http://feeds.feedburner.com/ruanyifeng
[2025-08-22 06:02:19] - https://www.loyhome.com/feed
[2025-08-22 06:02:19] - https://a4.zyzhang.com/index.xml
[2025-08-22 06:02:19] - https://www.geedea.pro/index.xml
[2025-08-22 06:02:19] - https://skywind.me/blog/feed
[2025-08-22 06:02:19] - https://www.douban.com/feed/review/book
[2025-08-22 06:02:19] - https://feeds.appinn.com/appinns/
[2025-08-22 07:01:46] 抓取到的文章与现有数据相同，无需更新。
[2025-08-22 08:02:10] 本次订阅抓取结果统计:
[2025-08-22 08:02:10] 共 55 条RSS, 成功抓取 51 条.
[2025-08-22 08:02:10] ✘ 有 4 条订阅解析失败:
[2025-08-22 08:02:10] - https://tcxx.info/feed
[2025-08-22 08:02:10] - https://tumutanzi.com/feed
[2025-08-22 08:02:10] - https://yinwang1.substack.com/feed
[2025-08-22 08:02:10] - https://botanwang.com/rss.xml
[2025-08-22 08:02:10] ✘ 有 1 条订阅头像字段为空, 已使用默认头像:
[2025-08-22 08:02:10] - https://feed.cnblogs.com/blog/u/66551/rss/
[2025-08-22 08:02:10] ✘ 有 6 条订阅头像无法访问, 已使用默认头像:
[2025-08-22 08:02:10] - http://feeds.feedburner.com/ruanyifeng
[2025-08-22 08:02:10] - https://www.loyhome.com/feed
[2025-08-22 08:02:10] - https://a4.zyzhang.com/index.xml
[2025-08-22 08:02:10] - https://www.geedea.pro/index.xml
[2025-08-22 08:02:10] - https://skywind.me/blog/feed
[2025-08-22 08:02:10] - https://www.douban.com/feed/review/book
[2025-08-22 09:01:45] 本次订阅抓取结果统计:
[2025-08-22 09:01:45] 共 55 条RSS, 成功抓取 51 条.
[2025-08-22 09:01:45] ✘ 有 4 条订阅解析失败:
[2025-08-22 09:01:45] - https://tcxx.info/feed
[2025-08-22 09:01:45] - https://tumutanzi.com/feed
[2025-08-22 09:01:45] - https://yinwang1.substack.com/feed
[2025-08-22 09:01:45] - https://botanwang.com/rss.xml
[2025-08-22 09:01:45] ✘ 有 1 条订阅头像字段为空, 已使用默认头像:
[2025-08-22 09:01:45] - https://feed.cnblogs.com/blog/u/66551/rss/
[2025-08-22 09:01:45] ✘ 有 7 条订阅头像无法访问, 已使用默认头像:
[2025-08-22 09:01:45] - https://www.loyhome.com/feed
[2025-08-22 09:01:45] - http://feeds.feedburner.com/ruanyifeng
[2025-08-22 09:01:45] - https://a4.zyzhang.com/index.xml
[2025-08-22 09:01:45] - https://www.geedea.pro/index.xml
[2025-08-22 09:01:45] - https://skywind.me/blog/feed
[2025-08-22 09:01:45] - https://feeds.appinn.com/appinns/
[2025-08-22 09:01:45] - https://www.douban.com/feed/review/book
[2025-08-22 10:01:45] 抓取到的文章与现有数据相同，无需更新。
[2025-08-22 11:01:35] 抓取到的文章与现有数据相同，无需更新。
[2025-08-22 12:02:46] 本次订阅抓取结果统计:
[2025-08-22 12:02:46] 共 55 条RSS, 成功抓取 51 条.
[2025-08-22 12:02:46] ✘ 有 4 条订阅解析失败:
[2025-08-22 12:02:46] - https://tumutanzi.com/feed
[2025-08-22 12:02:46] - https://tcxx.info/feed
[2025-08-22 12:02:46] - https://yinwang1.substack.com/feed
[2025-08-22 12:02:46] - https://botanwang.com/rss.xml
[2025-08-22 12:02:46] ✘ 有 1 条订阅头像字段为空, 已使用默认头像:
[2025-08-22 12:02:46] - https://feed.cnblogs.com/blog/u/66551/rss/
[2025-08-22 12:02:46] ✘ 有 7 条订阅头像无法访问, 已使用默认头像:
[2025-08-22 12:02:46] - http://feeds.feedburner.com/ruanyifeng
[2025-08-22 12:02:46] - https://www.loyhome.com/feed
[2025-08-22 12:02:46] - https://a4.zyzhang.com/index.xml
[2025-08-22 12:02:46] - https://www.geedea.pro/index.xml
[2025-08-22 12:02:46] - https://skywind.me/blog/feed
[2025-08-22 12:02:46] - https://feeds.appinn.com/appinns/
[2025-08-22 12:02:46] - https://www.douban.com/feed/review/book
[2025-08-22 13:09:51] 本次订阅抓取结果统计:
[2025-08-22 13:09:51] 共 55 条RSS, 成功抓取 51 条.
[2025-08-22 13:09:51] ✘ 有 4 条订阅解析失败:
[2025-08-22 13:09:51] - https://tcxx.info/feed
[2025-08-22 13:09:51] - https://tumutanzi.com/feed
[2025-08-22 13:09:51] - https://yinwang1.substack.com/feed
[2025-08-22 13:09:51] - https://botanwang.com/rss.xml
[2025-08-22 13:09:51] ✘ 有 1 条订阅头像字段为空, 已使用默认头像:
[2025-08-22 13:09:51] - https://feed.cnblogs.com/blog/u/66551/rss/
[2025-08-22 13:09:51] ✘ 有 7 条订阅头像无法访问, 已使用默认头像:
[2025-08-22 13:09:51] - http://feeds.feedburner.com/ruanyifeng
[2025-08-22 13:09:51] - https://www.loyhome.com/feed
[2025-08-22 13:09:51] - https://a4.zyzhang.com/index.xml
[2025-08-22 13:09:51] - https://www.geedea.pro/index.xml
[2025-08-22 13:09:51] - https://skywind.me/blog/feed
[2025-08-22 13:09:51] - https://feeds.appinn.com/appinns/
[2025-08-22 13:09:51] - https://www.douban.com/feed/review/book
[2025-08-22 14:01:50] 抓取到的文章与现有数据相同，无需更新。
[2025-08-22 15:01:48] [ERROR] 上传 data.json 到 COS 失败: /home/runner/work/lhasaRSS/lhasaRSS/cos_upload.go:48 => 上传至COS失败 | 原因: PUT https://lhasa-1253887673.cos.ap-shanghai.myqcloud.com/lhasaRSS/data.json: 403 InvalidAccessKeyId(Message: The Access Key Id you provided does not exist in our records, RequestId: NjhhODg2NWJfNGYzZjY4MDlfNzkwZV8xNGI5YjI3Yw==, TraceId: OGVmYzZiMmQzYjA2OWNhODk0NTRkMTBiOWVmMDAxODc0OWRkZjk0ZDM1NmI1M2E2MTRlY2MzZDhmNmI5MWI1OTQyYWVlY2QwZTk2MDVmZDQ3MmI2Y2I4ZmI5ZmM4ODFjMTcxNDY1MmNiMzgxYTQ4MjYxYjc1YmI2NGFiMDg5MTU=)
[2025-08-22 16:01:44] [ERROR] 上传 data.json 到 COS 失败: /home/runner/work/lhasaRSS/lhasaRSS/cos_upload.go:48 => 上传至COS失败 | 原因: PUT https://lhasa-1253887673.cos.ap-shanghai.myqcloud.com/lhasaRSS/data.json: 403 InvalidAccessKeyId(Message: The Access Key Id you provided does not exist in our records, RequestId: NjhhODk0NjhfN2IyOTY5NjRfNTY4Nl9jNWViNDE0, TraceId: OGVmYzZiMmQzYjA2OWNhODk0NTRkMTBiOWVmMDAxODc0OWRkZjk0ZDM1NmI1M2E2MTRlY2MzZDhmNmI5MWI1OTQyYWVlY2QwZTk2MDVmZDQ3MmI2Y2I4ZmI5ZmM4ODFjMTcxNDY1MmNiMzgxYTQ4MjYxYjc1YmI2NGFiMDg5MTU=)
[2025-08-22 17:01:45] [ERROR] 上传 data.json 到 COS 失败: /home/runner/work/lhasaRSS/lhasaRSS/cos_upload.go:48 => 上传至COS失败 | 原因: PUT https://lhasa-1253887673.cos.ap-shanghai.myqcloud.com/lhasaRSS/data.json: 403 InvalidAccessKeyId(Message: The Access Key Id you provided does not exist in our records, RequestId: NjhhOGEyNzlfNWNhMzIyMDlfMzRmNF9jMzFhZDll, TraceId: OGVmYzZiMmQzYjA2OWNhODk0NTRkMTBiOWVmMDAxODc0OWRkZjk0ZDM1NmI1M2E2MTRlY2MzZDhmNmI5MWI1OTQyYWVlY2QwZTk2MDVmZDQ3MmI2Y2I4ZmI5ZmM4ODFjMTcxNDY1MmNiMzgxYTQ4MjYxYjc1YmI2NGFiMDg5MTU=)
[2025-08-22 18:02:46] [ERROR] 上传 data.json 到 COS 失败: /home/runner/work/lhasaRSS/lhasaRSS/cos_upload.go:48 => 上传至COS失败 | 原因: PUT https://lhasa-1253887673.cos.ap-shanghai.myqcloud.com/lhasaRSS/data.json: 403 InvalidAccessKeyId(Message: The Access Key Id you provided does not exist in our records, RequestId: NjhhOGIwYzVfMWY0YWMyMWVfZmI3NF9hMjVkOGVi, TraceId: OGVmYzZiMmQzYjA2OWNhODk0NTRkMTBiOWVmMDAxODc0OWRkZjk0ZDM1NmI1M2E2MTRlY2MzZDhmNmI5MWI1OTQyYWVlY2QwZTk2MDVmZDQ3MmI2Y2I4ZmI5ZmM4ODFjMTcxNDY1MmNiMzgxYTQ4MjYxYjc1YmI2NGFiMDg5MTU=)
[2025-08-22 19:01:46] [ERROR] 上传 data.json 到 COS 失败: /home/runner/work/lhasaRSS/lhasaRSS/cos_upload.go:48 => 上传至COS失败 | 原因: PUT https://lhasa-1253887673.cos.ap-shanghai.myqcloud.com/lhasaRSS/data.json: 403 InvalidAccessKeyId(Message: The Access Key Id you provided does not exist in our records, RequestId: NjhhOGJlOTlfOTU0YTBmMWVfNmJlNF8xNTM3YmU1NQ==, TraceId: OGVmYzZiMmQzYjA2OWNhODk0NTRkMTBiOWVmMDAxODc0OWRkZjk0ZDM1NmI1M2E2MTRlY2MzZDhmNmI5MWI1OTQyYWVlY2QwZTk2MDVmZDQ3MmI2Y2I4ZmI5ZmM4ODFjMTcxNDY1MmNiMzgxYTQ4MjYxYjc1YmI2NGFiMDg5MTU=)
[2025-08-22 20:01:43] [ERROR] 上传 data.json 到 COS 失败: /home/runner/work/lhasaRSS/lhasaRSS/cos_upload.go:48 => 上传至COS失败 | 原因: PUT https://lhasa-1253887673.cos.ap-shanghai.myqcloud.com/lhasaRSS/data.json: 403 InvalidAccessKeyId(Message: The Access Key Id you provided does not exist in our records, RequestId: NjhhOGNjYTdfY2JiMDAzMDlfZGM0YV8xNDhlZjQ4NQ==, TraceId: OGVmYzZiMmQzYjA2OWNhODk0NTRkMTBiOWVmMDAxODc0OWRkZjk0ZDM1NmI1M2E2MTRlY2MzZDhmNmI5MWI1OTQyYWVlY2QwZTk2MDVmZDQ3MmI2Y2I4ZmI5ZmM4ODFjMTcxNDY1MmNiMzgxYTQ4MjYxYjc1YmI2NGFiMDg5MTU=)
