[2025-09-04 00:04:09] 抓取到的文章与现有数据相同，无需更新。
[2025-09-04 01:29:27] 本次订阅抓取结果统计:
[2025-09-04 01:29:27] 共 57 条RSS, 成功抓取 50 条.
[2025-09-04 01:29:27] ✘ 有 6 条订阅解析失败:
[2025-09-04 01:29:27] - https://tcxx.info/feed
[2025-09-04 01:29:27] - https://tumutanzi.com/feed
[2025-09-04 01:29:27] - https://geekinney.com/index.xml
[2025-09-04 01:29:27] - https://yinwang1.substack.com/feed
[2025-09-04 01:29:27] - https://www.douban.com/feed/review/book
[2025-09-04 01:29:27] - https://botanwang.com/rss.xml
[2025-09-04 01:29:27] ✘ 有 1 条订阅为空:
[2025-09-04 01:29:27] - https://diygod.cc/feed
[2025-09-04 01:29:27] ✘ 有 1 条订阅头像字段为空, 已使用默认头像:
[2025-09-04 01:29:27] - https://feed.cnblogs.com/blog/u/66551/rss/
[2025-09-04 01:29:27] ✘ 有 7 条订阅头像无法访问, 已使用默认头像:
[2025-09-04 01:29:27] - https://hwv430.blogspot.com/feeds/posts/default
[2025-09-04 01:29:27] - http://feeds.feedburner.com/ruanyifeng
[2025-09-04 01:29:27] - https://www.loyhome.com/feed
[2025-09-04 01:29:27] - https://a4.zyzhang.com/index.xml
[2025-09-04 01:29:27] - https://www.geedea.pro/index.xml
[2025-09-04 01:29:27] - https://skywind.me/blog/feed
[2025-09-04 01:29:27] - https://laike9m.com/blog/rss/
[2025-09-04 02:25:24] 本次订阅抓取结果统计:
[2025-09-04 02:25:24] 共 57 条RSS, 成功抓取 52 条.
[2025-09-04 02:25:24] ✘ 有 5 条订阅解析失败:
[2025-09-04 02:25:24] - https://tcxx.info/feed
[2025-09-04 02:25:24] - https://tumutanzi.com/feed
[2025-09-04 02:25:24] - https://geekinney.com/index.xml
[2025-09-04 02:25:24] - https://yinwang1.substack.com/feed
[2025-09-04 02:25:24] - https://botanwang.com/rss.xml
[2025-09-04 02:25:24] ✘ 有 1 条订阅头像字段为空, 已使用默认头像:
[2025-09-04 02:25:24] - https://feed.cnblogs.com/blog/u/66551/rss/
[2025-09-04 02:25:24] ✘ 有 8 条订阅头像无法访问, 已使用默认头像:
[2025-09-04 02:25:24] - https://hwv430.blogspot.com/feeds/posts/default
[2025-09-04 02:25:24] - http://feeds.feedburner.com/ruanyifeng
[2025-09-04 02:25:24] - https://www.loyhome.com/feed
[2025-09-04 02:25:24] - https://a4.zyzhang.com/index.xml
[2025-09-04 02:25:24] - https://www.geedea.pro/index.xml
[2025-09-04 02:25:24] - https://skywind.me/blog/feed
[2025-09-04 02:25:24] - https://laike9m.com/blog/rss/
[2025-09-04 02:25:24] - https://www.douban.com/feed/review/book
[2025-09-04 03:10:14] 抓取到的文章与现有数据相同，无需更新。
[2025-09-04 04:02:07] 本次订阅抓取结果统计:
[2025-09-04 04:02:07] 共 57 条RSS, 成功抓取 52 条.
[2025-09-04 04:02:07] ✘ 有 5 条订阅解析失败:
[2025-09-04 04:02:07] - https://tcxx.info/feed
[2025-09-04 04:02:07] - https://tumutanzi.com/feed
[2025-09-04 04:02:07] - https://geekinney.com/index.xml
[2025-09-04 04:02:07] - https://yinwang1.substack.com/feed
[2025-09-04 04:02:07] - https://botanwang.com/rss.xml
[2025-09-04 04:02:07] ✘ 有 1 条订阅头像字段为空, 已使用默认头像:
[2025-09-04 04:02:07] - https://feed.cnblogs.com/blog/u/66551/rss/
[2025-09-04 04:02:07] ✘ 有 8 条订阅头像无法访问, 已使用默认头像:
[2025-09-04 04:02:07] - https://hwv430.blogspot.com/feeds/posts/default
[2025-09-04 04:02:07] - http://feeds.feedburner.com/ruanyifeng
[2025-09-04 04:02:07] - https://www.loyhome.com/feed
[2025-09-04 04:02:07] - https://a4.zyzhang.com/index.xml
[2025-09-04 04:02:07] - https://www.geedea.pro/index.xml
[2025-09-04 04:02:07] - https://skywind.me/blog/feed
[2025-09-04 04:02:07] - https://laike9m.com/blog/rss/
[2025-09-04 04:02:07] - https://www.douban.com/feed/review/book
[2025-09-04 05:04:49] 本次订阅抓取结果统计:
[2025-09-04 05:04:49] 共 57 条RSS, 成功抓取 52 条.
[2025-09-04 05:04:49] ✘ 有 5 条订阅解析失败:
[2025-09-04 05:04:49] - https://tumutanzi.com/feed
[2025-09-04 05:04:49] - https://tcxx.info/feed
[2025-09-04 05:04:49] - https://geekinney.com/index.xml
[2025-09-04 05:04:49] - https://yinwang1.substack.com/feed
[2025-09-04 05:04:49] - https://botanwang.com/rss.xml
[2025-09-04 05:04:49] ✘ 有 1 条订阅头像字段为空, 已使用默认头像:
[2025-09-04 05:04:49] - https://feed.cnblogs.com/blog/u/66551/rss/
[2025-09-04 05:04:49] ✘ 有 8 条订阅头像无法访问, 已使用默认头像:
[2025-09-04 05:04:49] - https://hwv430.blogspot.com/feeds/posts/default
[2025-09-04 05:04:49] - http://feeds.feedburner.com/ruanyifeng
[2025-09-04 05:04:49] - https://www.loyhome.com/feed
[2025-09-04 05:04:49] - https://www.geedea.pro/index.xml
[2025-09-04 05:04:49] - https://a4.zyzhang.com/index.xml
[2025-09-04 05:04:49] - https://skywind.me/blog/feed
[2025-09-04 05:04:49] - https://laike9m.com/blog/rss/
[2025-09-04 05:04:49] - https://www.douban.com/feed/review/book
[2025-09-04 06:02:29] 抓取到的文章与现有数据相同，无需更新。
[2025-09-04 07:01:51] 抓取到的文章与现有数据相同，无需更新。
[2025-09-04 08:02:08] 抓取到的文章与现有数据相同，无需更新。
[2025-09-04 09:02:25] 本次订阅抓取结果统计:
[2025-09-04 09:02:25] 共 57 条RSS, 成功抓取 51 条.
[2025-09-04 09:02:25] ✘ 有 6 条订阅解析失败:
[2025-09-04 09:02:25] - https://tcxx.info/feed
[2025-09-04 09:02:25] - https://tumutanzi.com/feed
[2025-09-04 09:02:25] - https://geekinney.com/index.xml
[2025-09-04 09:02:25] - https://yinwang1.substack.com/feed
[2025-09-04 09:02:25] - https://botanwang.com/rss.xml
[2025-09-04 09:02:25] - https://blog.yanqingshan.com/feed
[2025-09-04 09:02:25] ✘ 有 1 条订阅头像字段为空, 已使用默认头像:
[2025-09-04 09:02:25] - https://feed.cnblogs.com/blog/u/66551/rss/
[2025-09-04 09:02:25] ✘ 有 8 条订阅头像无法访问, 已使用默认头像:
[2025-09-04 09:02:25] - https://hwv430.blogspot.com/feeds/posts/default
[2025-09-04 09:02:25] - http://feeds.feedburner.com/ruanyifeng
[2025-09-04 09:02:25] - https://www.loyhome.com/feed
[2025-09-04 09:02:25] - https://a4.zyzhang.com/index.xml
[2025-09-04 09:02:25] - https://www.geedea.pro/index.xml
[2025-09-04 09:02:25] - https://skywind.me/blog/feed
[2025-09-04 09:02:25] - https://laike9m.com/blog/rss/
[2025-09-04 09:02:25] - https://www.douban.com/feed/review/book
[2025-09-04 10:02:57] 本次订阅抓取结果统计:
[2025-09-04 10:02:57] 共 57 条RSS, 成功抓取 51 条.
[2025-09-04 10:02:57] ✘ 有 6 条订阅解析失败:
[2025-09-04 10:02:57] - https://tcxx.info/feed
[2025-09-04 10:02:57] - https://tumutanzi.com/feed
[2025-09-04 10:02:57] - https://geekinney.com/index.xml
[2025-09-04 10:02:57] - https://yinwang1.substack.com/feed
[2025-09-04 10:02:57] - https://botanwang.com/rss.xml
[2025-09-04 10:02:57] - https://blog.fooleap.org/atom.xml
[2025-09-04 10:02:57] ✘ 有 1 条订阅头像字段为空, 已使用默认头像:
[2025-09-04 10:02:57] - https://feed.cnblogs.com/blog/u/66551/rss/
[2025-09-04 10:02:57] ✘ 有 8 条订阅头像无法访问, 已使用默认头像:
[2025-09-04 10:02:57] - https://hwv430.blogspot.com/feeds/posts/default
[2025-09-04 10:02:57] - http://feeds.feedburner.com/ruanyifeng
[2025-09-04 10:02:57] - https://www.loyhome.com/feed
[2025-09-04 10:02:57] - https://a4.zyzhang.com/index.xml
[2025-09-04 10:02:57] - https://www.geedea.pro/index.xml
[2025-09-04 10:02:57] - https://skywind.me/blog/feed
[2025-09-04 10:02:57] - https://laike9m.com/blog/rss/
[2025-09-04 10:02:57] - https://www.douban.com/feed/review/book
[2025-09-04 11:01:45] 本次订阅抓取结果统计:
[2025-09-04 11:01:45] 共 57 条RSS, 成功抓取 52 条.
[2025-09-04 11:01:45] ✘ 有 5 条订阅解析失败:
[2025-09-04 11:01:45] - https://tcxx.info/feed
[2025-09-04 11:01:45] - https://tumutanzi.com/feed
[2025-09-04 11:01:45] - https://geekinney.com/index.xml
[2025-09-04 11:01:45] - https://yinwang1.substack.com/feed
[2025-09-04 11:01:45] - https://botanwang.com/rss.xml
[2025-09-04 11:01:45] ✘ 有 1 条订阅头像字段为空, 已使用默认头像:
[2025-09-04 11:01:45] - https://feed.cnblogs.com/blog/u/66551/rss/
[2025-09-04 11:01:45] ✘ 有 8 条订阅头像无法访问, 已使用默认头像:
[2025-09-04 11:01:45] - https://hwv430.blogspot.com/feeds/posts/default
[2025-09-04 11:01:45] - https://www.loyhome.com/feed
[2025-09-04 11:01:45] - http://feeds.feedburner.com/ruanyifeng
[2025-09-04 11:01:45] - https://a4.zyzhang.com/index.xml
[2025-09-04 11:01:45] - https://www.geedea.pro/index.xml
[2025-09-04 11:01:45] - https://laike9m.com/blog/rss/
[2025-09-04 11:01:45] - https://skywind.me/blog/feed
[2025-09-04 11:01:45] - https://www.douban.com/feed/review/book
[2025-09-04 12:02:28] 抓取到的文章与现有数据相同，无需更新。
[2025-09-04 13:07:39] 本次订阅抓取结果统计:
[2025-09-04 13:07:39] 共 57 条RSS, 成功抓取 52 条.
[2025-09-04 13:07:39] ✘ 有 5 条订阅解析失败:
[2025-09-04 13:07:39] - https://tcxx.info/feed
[2025-09-04 13:07:39] - https://tumutanzi.com/feed
[2025-09-04 13:07:39] - https://geekinney.com/index.xml
[2025-09-04 13:07:39] - https://yinwang1.substack.com/feed
[2025-09-04 13:07:39] - https://botanwang.com/rss.xml
[2025-09-04 13:07:39] ✘ 有 1 条订阅头像字段为空, 已使用默认头像:
[2025-09-04 13:07:39] - https://feed.cnblogs.com/blog/u/66551/rss/
[2025-09-04 13:07:39] ✘ 有 9 条订阅头像无法访问, 已使用默认头像:
[2025-09-04 13:07:39] - https://hwv430.blogspot.com/feeds/posts/default
[2025-09-04 13:07:39] - http://feeds.feedburner.com/ruanyifeng
[2025-09-04 13:07:39] - https://www.loyhome.com/feed
[2025-09-04 13:07:39] - https://a4.zyzhang.com/index.xml
[2025-09-04 13:07:39] - https://www.geedea.pro/index.xml
[2025-09-04 13:07:39] - https://xyzbz.cn/feed
[2025-09-04 13:07:39] - https://laike9m.com/blog/rss/
[2025-09-04 13:07:39] - https://skywind.me/blog/feed
[2025-09-04 13:07:39] - https://www.douban.com/feed/review/book
[2025-09-04 14:02:09] 抓取到的文章与现有数据相同，无需更新。
[2025-09-04 15:01:54] 本次订阅抓取结果统计:
[2025-09-04 15:01:54] 共 57 条RSS, 成功抓取 51 条.
[2025-09-04 15:01:54] ✘ 有 6 条订阅解析失败:
[2025-09-04 15:01:54] - https://www.shephe.com/feed
[2025-09-04 15:01:54] - https://tcxx.info/feed
[2025-09-04 15:01:54] - https://tumutanzi.com/feed
[2025-09-04 15:01:54] - https://geekinney.com/index.xml
[2025-09-04 15:01:54] - https://yinwang1.substack.com/feed
[2025-09-04 15:01:54] - https://botanwang.com/rss.xml
[2025-09-04 15:01:54] ✘ 有 1 条订阅头像字段为空, 已使用默认头像:
[2025-09-04 15:01:54] - https://feed.cnblogs.com/blog/u/66551/rss/
[2025-09-04 15:01:54] ✘ 有 7 条订阅头像无法访问, 已使用默认头像:
[2025-09-04 15:01:54] - https://www.loyhome.com/feed
[2025-09-04 15:01:54] - http://feeds.feedburner.com/ruanyifeng
[2025-09-04 15:01:54] - https://a4.zyzhang.com/index.xml
[2025-09-04 15:01:54] - https://www.geedea.pro/index.xml
[2025-09-04 15:01:54] - https://skywind.me/blog/feed
[2025-09-04 15:01:54] - https://laike9m.com/blog/rss/
[2025-09-04 15:01:54] - https://www.douban.com/feed/review/book
