[2025-10-16 00:04:52] 抓取到的文章与现有数据相同，无需更新。
[2025-10-16 01:29:43] 抓取到的文章与现有数据相同，无需更新。
[2025-10-16 02:28:22] 抓取到的文章与现有数据相同，无需更新。
[2025-10-16 03:16:22] 抓取到的文章与现有数据相同，无需更新。
[2025-10-16 04:02:00] 抓取到的文章与现有数据相同，无需更新。
[2025-10-16 05:01:53] 抓取到的文章与现有数据相同，无需更新。
[2025-10-16 06:02:07] 本次订阅抓取结果统计:
[2025-10-16 06:02:07] 共 60 条RSS, 成功抓取 52 条.
[2025-10-16 06:02:07] ✘ 有 7 条订阅解析失败:
[2025-10-16 06:02:07] - https://tumutanzi.com/feed
[2025-10-16 06:02:07] - https://tcxx.info/feed
[2025-10-16 06:02:07] - https://geekinney.com/index.xml
[2025-10-16 06:02:07] - https://suus.me/index.xml
[2025-10-16 06:02:07] - https://yinwang1.substack.com/feed
[2025-10-16 06:02:07] - https://skywind.me/blog/feed
[2025-10-16 06:02:07] - https://botanwang.com/rss.xml
[2025-10-16 06:02:07] ✘ 有 1 条订阅为空:
[2025-10-16 06:02:07] - http://feeds.feedburner.com/zhihu-daily
[2025-10-16 06:02:07] ✘ 有 1 条订阅头像字段为空, 已使用默认头像:
[2025-10-16 06:02:07] - https://feed.cnblogs.com/blog/u/66551/rss/
[2025-10-16 06:02:07] ✘ 有 2 条订阅头像无法访问, 已使用默认头像:
[2025-10-16 06:02:07] - http://feeds.feedburner.com/ruanyifeng
[2025-10-16 06:02:07] - https://www.douban.com/feed/review/book
[2025-10-16 07:02:21] 本次订阅抓取结果统计:
[2025-10-16 07:02:21] 共 60 条RSS, 成功抓取 51 条.
[2025-10-16 07:02:21] ✘ 有 8 条订阅解析失败:
[2025-10-16 07:02:21] - https://tcxx.info/feed
[2025-10-16 07:02:21] - https://tumutanzi.com/feed
[2025-10-16 07:02:21] - https://geekinney.com/index.xml
[2025-10-16 07:02:21] - https://suus.me/index.xml
[2025-10-16 07:02:21] - https://yinwang1.substack.com/feed
[2025-10-16 07:02:21] - https://skywind.me/blog/feed
[2025-10-16 07:02:21] - https://botanwang.com/rss.xml
[2025-10-16 07:02:21] - https://freemind.pluskid.org/rss.xml
[2025-10-16 07:02:21] ✘ 有 1 条订阅为空:
[2025-10-16 07:02:21] - http://feeds.feedburner.com/zhihu-daily
[2025-10-16 07:02:21] ✘ 有 1 条订阅头像字段为空, 已使用默认头像:
[2025-10-16 07:02:21] - https://feed.cnblogs.com/blog/u/66551/rss/
[2025-10-16 07:02:21] ✘ 有 2 条订阅头像无法访问, 已使用默认头像:
[2025-10-16 07:02:21] - http://feeds.feedburner.com/ruanyifeng
[2025-10-16 07:02:21] - https://www.douban.com/feed/review/book
[2025-10-16 08:02:03] 本次订阅抓取结果统计:
[2025-10-16 08:02:03] 共 60 条RSS, 成功抓取 52 条.
[2025-10-16 08:02:03] ✘ 有 7 条订阅解析失败:
[2025-10-16 08:02:03] - https://tcxx.info/feed
[2025-10-16 08:02:03] - https://tumutanzi.com/feed
[2025-10-16 08:02:03] - https://geekinney.com/index.xml
[2025-10-16 08:02:03] - https://suus.me/index.xml
[2025-10-16 08:02:03] - https://yinwang1.substack.com/feed
[2025-10-16 08:02:03] - https://skywind.me/blog/feed
[2025-10-16 08:02:03] - https://botanwang.com/rss.xml
[2025-10-16 08:02:03] ✘ 有 1 条订阅为空:
[2025-10-16 08:02:03] - http://feeds.feedburner.com/zhihu-daily
[2025-10-16 08:02:03] ✘ 有 1 条订阅头像字段为空, 已使用默认头像:
[2025-10-16 08:02:03] - https://feed.cnblogs.com/blog/u/66551/rss/
[2025-10-16 08:02:03] ✘ 有 2 条订阅头像无法访问, 已使用默认头像:
[2025-10-16 08:02:03] - http://feeds.feedburner.com/ruanyifeng
[2025-10-16 08:02:03] - https://www.douban.com/feed/review/book
[2025-10-16 09:01:50] 抓取到的文章与现有数据相同，无需更新。
