[2025-07-16 00:04:21] 本次订阅抓取结果统计:
[2025-07-16 00:04:21] 共 51 条RSS, 成功抓取 49 条.
[2025-07-16 00:04:21] ✘ 有 2 条订阅解析失败:
[2025-07-16 00:04:21] - https://tcxx.info/feed
[2025-07-16 00:04:21] - https://yinwang1.substack.com/feed
[2025-07-16 00:04:21] ✘ 有 4 条订阅头像无法访问, 已使用默认头像:
[2025-07-16 00:04:21] - http://feeds.feedburner.com/ruanyifeng
[2025-07-16 00:04:21] - https://www.loyhome.com/feed
[2025-07-16 00:04:21] - https://a4.zyzhang.com/index.xml
[2025-07-16 00:04:21] - https://www.douban.com/feed/review/book
[2025-07-16 01:29:46] 本次订阅抓取结果统计:
[2025-07-16 01:29:46] 共 51 条RSS, 成功抓取 49 条.
[2025-07-16 01:29:46] ✘ 有 2 条订阅解析失败:
[2025-07-16 01:29:46] - https://tcxx.info/feed
[2025-07-16 01:29:46] - https://yinwang1.substack.com/feed
[2025-07-16 01:29:46] ✘ 有 4 条订阅头像无法访问, 已使用默认头像:
[2025-07-16 01:29:46] - http://feeds.feedburner.com/ruanyifeng
[2025-07-16 01:29:46] - https://www.loyhome.com/feed
[2025-07-16 01:29:46] - https://a4.zyzhang.com/index.xml
[2025-07-16 01:29:46] - https://www.douban.com/feed/review/book
[2025-07-16 02:37:05] 本次订阅抓取结果统计:
[2025-07-16 02:37:05] 共 51 条RSS, 成功抓取 49 条.
[2025-07-16 02:37:05] ✘ 有 2 条订阅解析失败:
[2025-07-16 02:37:05] - https://tcxx.info/feed
[2025-07-16 02:37:05] - https://yinwang1.substack.com/feed
[2025-07-16 02:37:05] ✘ 有 4 条订阅头像无法访问, 已使用默认头像:
[2025-07-16 02:37:05] - http://feeds.feedburner.com/ruanyifeng
[2025-07-16 02:37:05] - https://www.loyhome.com/feed
[2025-07-16 02:37:05] - https://a4.zyzhang.com/index.xml
[2025-07-16 02:37:05] - https://www.douban.com/feed/review/book
[2025-07-16 03:29:08] 本次订阅抓取结果统计:
[2025-07-16 03:29:08] 共 51 条RSS, 成功抓取 49 条.
[2025-07-16 03:29:08] ✘ 有 2 条订阅解析失败:
[2025-07-16 03:29:08] - https://tcxx.info/feed
[2025-07-16 03:29:08] - https://yinwang1.substack.com/feed
[2025-07-16 03:29:08] ✘ 有 4 条订阅头像无法访问, 已使用默认头像:
[2025-07-16 03:29:08] - http://feeds.feedburner.com/ruanyifeng
[2025-07-16 03:29:08] - https://www.loyhome.com/feed
[2025-07-16 03:29:08] - https://a4.zyzhang.com/index.xml
[2025-07-16 03:29:08] - https://www.douban.com/feed/review/book
[2025-07-16 04:13:34] 本次订阅抓取结果统计:
[2025-07-16 04:13:34] 共 51 条RSS, 成功抓取 49 条.
[2025-07-16 04:13:34] ✘ 有 2 条订阅解析失败:
[2025-07-16 04:13:34] - https://tcxx.info/feed
[2025-07-16 04:13:34] - https://yinwang1.substack.com/feed
[2025-07-16 04:13:34] ✘ 有 5 条订阅头像无法访问, 已使用默认头像:
[2025-07-16 04:13:34] - http://feeds.feedburner.com/ruanyifeng
[2025-07-16 04:13:34] - https://www.loyhome.com/feed
[2025-07-16 04:13:34] - https://a4.zyzhang.com/index.xml
[2025-07-16 04:13:34] - https://xyzbz.cn/feed
[2025-07-16 04:13:34] - https://www.douban.com/feed/review/book
[2025-07-16 05:05:27] 本次订阅抓取结果统计:
[2025-07-16 05:05:27] 共 51 条RSS, 成功抓取 49 条.
[2025-07-16 05:05:27] ✘ 有 2 条订阅解析失败:
[2025-07-16 05:05:27] - https://tcxx.info/feed
[2025-07-16 05:05:27] - https://yinwang1.substack.com/feed
[2025-07-16 05:05:27] ✘ 有 4 条订阅头像无法访问, 已使用默认头像:
[2025-07-16 05:05:27] - https://www.loyhome.com/feed
[2025-07-16 05:05:27] - http://feeds.feedburner.com/ruanyifeng
[2025-07-16 05:05:27] - https://a4.zyzhang.com/index.xml
[2025-07-16 05:05:27] - https://www.douban.com/feed/review/book
[2025-07-16 06:02:14] 本次订阅抓取结果统计:
[2025-07-16 06:02:14] 共 51 条RSS, 成功抓取 48 条.
[2025-07-16 06:02:14] ✘ 有 3 条订阅解析失败:
[2025-07-16 06:02:14] - https://tcxx.info/feed
[2025-07-16 06:02:14] - https://yinwang1.substack.com/feed
[2025-07-16 06:02:14] - https://www.douban.com/feed/review/book
[2025-07-16 06:02:14] ✘ 有 5 条订阅头像无法访问, 已使用默认头像:
[2025-07-16 06:02:14] - http://feeds.feedburner.com/ruanyifeng
[2025-07-16 06:02:14] - https://www.loyhome.com/feed
[2025-07-16 06:02:14] - https://a4.zyzhang.com/index.xml
[2025-07-16 06:02:14] - https://xyzbz.cn/feed
[2025-07-16 06:02:14] - https://feeds.appinn.com/appinns/
[2025-07-16 07:03:31] 本次订阅抓取结果统计:
[2025-07-16 07:03:31] 共 51 条RSS, 成功抓取 49 条.
[2025-07-16 07:03:31] ✘ 有 2 条订阅解析失败:
[2025-07-16 07:03:31] - https://tcxx.info/feed
[2025-07-16 07:03:31] - https://yinwang1.substack.com/feed
[2025-07-16 07:03:31] ✘ 有 4 条订阅头像无法访问, 已使用默认头像:
[2025-07-16 07:03:31] - https://www.loyhome.com/feed
[2025-07-16 07:03:31] - http://feeds.feedburner.com/ruanyifeng
[2025-07-16 07:03:31] - https://a4.zyzhang.com/index.xml
[2025-07-16 07:03:31] - https://www.douban.com/feed/review/book
[2025-07-16 08:02:31] 本次订阅抓取结果统计:
[2025-07-16 08:02:31] 共 51 条RSS, 成功抓取 48 条.
[2025-07-16 08:02:31] ✘ 有 3 条订阅解析失败:
[2025-07-16 08:02:31] - https://tcxx.info/feed
[2025-07-16 08:02:31] - https://yinwang1.substack.com/feed
[2025-07-16 08:02:31] - https://diygod.cc/feed
[2025-07-16 08:02:31] ✘ 有 5 条订阅头像无法访问, 已使用默认头像:
[2025-07-16 08:02:31] - http://feeds.feedburner.com/ruanyifeng
[2025-07-16 08:02:31] - https://www.loyhome.com/feed
[2025-07-16 08:02:31] - https://a4.zyzhang.com/index.xml
[2025-07-16 08:02:31] - https://www.douban.com/feed/review/book
[2025-07-16 08:02:31] - https://feeds.appinn.com/appinns/
[2025-07-16 09:04:21] 本次订阅抓取结果统计:
[2025-07-16 09:04:21] 共 51 条RSS, 成功抓取 49 条.
[2025-07-16 09:04:21] ✘ 有 2 条订阅解析失败:
[2025-07-16 09:04:21] - https://tcxx.info/feed
[2025-07-16 09:04:21] - https://yinwang1.substack.com/feed
[2025-07-16 09:04:21] ✘ 有 4 条订阅头像无法访问, 已使用默认头像:
[2025-07-16 09:04:21] - http://feeds.feedburner.com/ruanyifeng
[2025-07-16 09:04:21] - https://www.loyhome.com/feed
[2025-07-16 09:04:21] - https://a4.zyzhang.com/index.xml
[2025-07-16 09:04:21] - https://www.douban.com/feed/review/book
[2025-07-16 10:02:09] 本次订阅抓取结果统计:
[2025-07-16 10:02:09] 共 51 条RSS, 成功抓取 49 条.
[2025-07-16 10:02:09] ✘ 有 2 条订阅解析失败:
[2025-07-16 10:02:09] - https://tcxx.info/feed
[2025-07-16 10:02:09] - https://yinwang1.substack.com/feed
[2025-07-16 10:02:09] ✘ 有 5 条订阅头像无法访问, 已使用默认头像:
[2025-07-16 10:02:09] - http://feeds.feedburner.com/ruanyifeng
[2025-07-16 10:02:09] - https://www.loyhome.com/feed
[2025-07-16 10:02:09] - https://a4.zyzhang.com/index.xml
[2025-07-16 10:02:09] - https://feeds.appinn.com/appinns/
[2025-07-16 10:02:09] - https://www.douban.com/feed/review/book
[2025-07-16 11:01:56] 本次订阅抓取结果统计:
[2025-07-16 11:01:56] 共 51 条RSS, 成功抓取 49 条.
[2025-07-16 11:01:56] ✘ 有 2 条订阅解析失败:
[2025-07-16 11:01:56] - https://tcxx.info/feed
[2025-07-16 11:01:56] - https://yinwang1.substack.com/feed
[2025-07-16 11:01:56] ✘ 有 4 条订阅头像无法访问, 已使用默认头像:
[2025-07-16 11:01:56] - http://feeds.feedburner.com/ruanyifeng
[2025-07-16 11:01:56] - https://www.loyhome.com/feed
[2025-07-16 11:01:56] - https://a4.zyzhang.com/index.xml
[2025-07-16 11:01:56] - https://www.douban.com/feed/review/book
[2025-07-16 12:02:07] 本次订阅抓取结果统计:
[2025-07-16 12:02:07] 共 51 条RSS, 成功抓取 49 条.
[2025-07-16 12:02:07] ✘ 有 2 条订阅解析失败:
[2025-07-16 12:02:07] - https://tcxx.info/feed
[2025-07-16 12:02:07] - https://yinwang1.substack.com/feed
[2025-07-16 12:02:07] ✘ 有 4 条订阅头像无法访问, 已使用默认头像:
[2025-07-16 12:02:07] - http://feeds.feedburner.com/ruanyifeng
[2025-07-16 12:02:07] - https://www.loyhome.com/feed
[2025-07-16 12:02:07] - https://a4.zyzhang.com/index.xml
[2025-07-16 12:02:07] - https://www.douban.com/feed/review/book
[2025-07-16 13:13:24] 本次订阅抓取结果统计:
[2025-07-16 13:13:24] 共 51 条RSS, 成功抓取 49 条.
[2025-07-16 13:13:24] ✘ 有 2 条订阅解析失败:
[2025-07-16 13:13:24] - https://tcxx.info/feed
[2025-07-16 13:13:24] - https://yinwang1.substack.com/feed
[2025-07-16 13:13:24] ✘ 有 5 条订阅头像无法访问, 已使用默认头像:
[2025-07-16 13:13:24] - http://feeds.feedburner.com/ruanyifeng
[2025-07-16 13:13:24] - https://www.loyhome.com/feed
[2025-07-16 13:13:24] - https://a4.zyzhang.com/index.xml
[2025-07-16 13:13:24] - https://www.douban.com/feed/review/book
[2025-07-16 13:13:24] - https://feeds.appinn.com/appinns/
