[2025-05-02 01:20:25] 本次订阅抓取结果统计:
[2025-05-02 01:20:25] 共 28 条RSS, 成功抓取 27 条.
[2025-05-02 01:20:25] ✘ 有 1 条订阅解析失败:
[2025-05-02 01:20:25] - https://tcxx.info/feed
[2025-05-02 01:20:25] ✘ 有 2 条订阅头像无法访问, 已使用默认头像:
[2025-05-02 01:20:25] - http://feeds.feedburner.com/ruanyifeng
[2025-05-02 01:20:25] - https://www.loyhome.com/feed
[2025-05-02 03:06:21] 本次订阅抓取结果统计:
[2025-05-02 03:06:21] 共 28 条RSS, 成功抓取 27 条.
[2025-05-02 03:06:21] ✘ 有 1 条订阅解析失败:
[2025-05-02 03:06:21] - https://tcxx.info/feed
[2025-05-02 03:06:21] ✘ 有 2 条订阅头像无法访问, 已使用默认头像:
[2025-05-02 03:06:21] - http://feeds.feedburner.com/ruanyifeng
[2025-05-02 03:06:21] - https://www.loyhome.com/feed
[2025-05-02 04:19:46] 本次订阅抓取结果统计:
[2025-05-02 04:19:46] 共 28 条RSS, 成功抓取 27 条.
[2025-05-02 04:19:46] ✘ 有 1 条订阅解析失败:
[2025-05-02 04:19:46] - https://tcxx.info/feed
[2025-05-02 04:19:46] ✘ 有 2 条订阅头像无法访问, 已使用默认头像:
[2025-05-02 04:19:46] - http://feeds.feedburner.com/ruanyifeng
[2025-05-02 04:19:46] - https://www.loyhome.com/feed
[2025-05-02 05:18:09] 本次订阅抓取结果统计:
[2025-05-02 05:18:09] 共 28 条RSS, 成功抓取 27 条.
[2025-05-02 05:18:09] ✘ 有 1 条订阅解析失败:
[2025-05-02 05:18:09] - https://tcxx.info/feed
[2025-05-02 05:18:09] ✘ 有 2 条订阅头像无法访问, 已使用默认头像:
[2025-05-02 05:18:09] - http://feeds.feedburner.com/ruanyifeng
[2025-05-02 05:18:09] - https://www.loyhome.com/feed
[2025-05-02 06:24:38] 本次订阅抓取结果统计:
[2025-05-02 06:24:38] 共 28 条RSS, 成功抓取 27 条.
[2025-05-02 06:24:38] ✘ 有 1 条订阅解析失败:
[2025-05-02 06:24:38] - https://tcxx.info/feed
[2025-05-02 06:24:38] ✘ 有 3 条订阅头像无法访问, 已使用默认头像:
[2025-05-02 06:24:38] - http://feeds.feedburner.com/ruanyifeng
[2025-05-02 06:24:38] - https://www.loyhome.com/feed
[2025-05-02 06:24:38] - https://xyzbz.cn/feed
[2025-05-02 07:17:16] 本次订阅抓取结果统计:
[2025-05-02 07:17:16] 共 28 条RSS, 成功抓取 27 条.
[2025-05-02 07:17:16] ✘ 有 1 条订阅解析失败:
[2025-05-02 07:17:16] - https://tcxx.info/feed
[2025-05-02 07:17:16] ✘ 有 2 条订阅头像无法访问, 已使用默认头像:
[2025-05-02 07:17:16] - http://feeds.feedburner.com/ruanyifeng
[2025-05-02 07:17:16] - https://www.loyhome.com/feed
[2025-05-02 08:22:31] [ERROR] 拉取RSS链接失败: /home/runner/work/lhasaRSS/lhasaRSS/feed_fetcher.go:53 => 无法获取RSS列表文件: https://lhasa-1253887673.cos.ap-shanghai.myqcloud.com/lhasaRSS/rss.txt | 原因: Get "https://lhasa-1253887673.cos.ap-shanghai.myqcloud.com/lhasaRSS/rss.txt": net/http: TLS handshake timeout
[2025-05-02 09:18:18] 本次订阅抓取结果统计:
[2025-05-02 09:18:18] 共 28 条RSS, 成功抓取 27 条.
[2025-05-02 09:18:18] ✘ 有 1 条订阅解析失败:
[2025-05-02 09:18:18] - https://tcxx.info/feed
[2025-05-02 09:18:18] ✘ 有 2 条订阅头像无法访问, 已使用默认头像:
[2025-05-02 09:18:18] - http://feeds.feedburner.com/ruanyifeng
[2025-05-02 09:18:18] - https://www.loyhome.com/feed
[2025-05-02 10:18:17] 本次订阅抓取结果统计:
[2025-05-02 10:18:17] 共 28 条RSS, 成功抓取 27 条.
[2025-05-02 10:18:17] ✘ 有 1 条订阅解析失败:
[2025-05-02 10:18:17] - https://tcxx.info/feed
[2025-05-02 10:18:17] ✘ 有 2 条订阅头像无法访问, 已使用默认头像:
[2025-05-02 10:18:17] - http://feeds.feedburner.com/ruanyifeng
[2025-05-02 10:18:17] - https://www.loyhome.com/feed
[2025-05-02 11:14:42] 本次订阅抓取结果统计:
[2025-05-02 11:14:42] 共 28 条RSS, 成功抓取 27 条.
[2025-05-02 11:14:42] ✘ 有 1 条订阅解析失败:
[2025-05-02 11:14:42] - https://tcxx.info/feed
[2025-05-02 11:14:42] ✘ 有 2 条订阅头像无法访问, 已使用默认头像:
[2025-05-02 11:14:42] - http://feeds.feedburner.com/ruanyifeng
[2025-05-02 11:14:42] - https://www.loyhome.com/feed
[2025-05-02 12:33:53] 本次订阅抓取结果统计:
[2025-05-02 12:33:53] 共 28 条RSS, 成功抓取 27 条.
[2025-05-02 12:33:53] ✘ 有 1 条订阅解析失败:
[2025-05-02 12:33:53] - https://tcxx.info/feed
[2025-05-02 12:33:53] ✘ 有 2 条订阅头像无法访问, 已使用默认头像:
[2025-05-02 12:33:53] - http://feeds.feedburner.com/ruanyifeng
[2025-05-02 12:33:53] - https://www.loyhome.com/feed
[2025-05-02 13:29:45] 本次订阅抓取结果统计:
[2025-05-02 13:29:45] 共 28 条RSS, 成功抓取 27 条.
[2025-05-02 13:29:45] ✘ 有 1 条订阅解析失败:
[2025-05-02 13:29:45] - https://tcxx.info/feed
[2025-05-02 13:29:45] ✘ 有 3 条订阅头像无法访问, 已使用默认头像:
[2025-05-02 13:29:45] - https://www.loyhome.com/feed
[2025-05-02 13:29:45] - http://feeds.feedburner.com/ruanyifeng
[2025-05-02 13:29:45] - https://ihaihe.cn/feed
[2025-05-02 14:16:33] 本次订阅抓取结果统计:
[2025-05-02 14:16:33] 共 28 条RSS, 成功抓取 27 条.
[2025-05-02 14:16:33] ✘ 有 1 条订阅解析失败:
[2025-05-02 14:16:33] - https://tcxx.info/feed
[2025-05-02 14:16:33] ✘ 有 2 条订阅头像无法访问, 已使用默认头像:
[2025-05-02 14:16:33] - http://feeds.feedburner.com/ruanyifeng
[2025-05-02 14:16:33] - https://www.loyhome.com/feed
[2025-05-02 15:17:41] 本次订阅抓取结果统计:
[2025-05-02 15:17:41] 共 28 条RSS, 成功抓取 27 条.
[2025-05-02 15:17:41] ✘ 有 1 条订阅解析失败:
[2025-05-02 15:17:41] - https://tcxx.info/feed
[2025-05-02 15:17:41] ✘ 有 2 条订阅头像无法访问, 已使用默认头像:
[2025-05-02 15:17:41] - http://feeds.feedburner.com/ruanyifeng
[2025-05-02 15:17:41] - https://www.loyhome.com/feed
