[2025-07-14 00:04:47] 本次订阅抓取结果统计:
[2025-07-14 00:04:47] 共 49 条RSS, 成功抓取 48 条.
[2025-07-14 00:04:47] ✘ 有 1 条订阅解析失败:
[2025-07-14 00:04:47] - https://tcxx.info/feed
[2025-07-14 00:04:47] ✘ 有 4 条订阅头像无法访问, 已使用默认头像:
[2025-07-14 00:04:47] - http://feeds.feedburner.com/ruanyifeng
[2025-07-14 00:04:47] - https://www.loyhome.com/feed
[2025-07-14 00:04:47] - https://a4.zyzhang.com/index.xml
[2025-07-14 00:04:47] - https://www.douban.com/feed/review/book
[2025-07-14 01:29:52] 本次订阅抓取结果统计:
[2025-07-14 01:29:52] 共 49 条RSS, 成功抓取 48 条.
[2025-07-14 01:29:52] ✘ 有 1 条订阅解析失败:
[2025-07-14 01:29:52] - https://tcxx.info/feed
[2025-07-14 01:29:52] ✘ 有 5 条订阅头像无法访问, 已使用默认头像:
[2025-07-14 01:29:52] - http://feeds.feedburner.com/ruanyifeng
[2025-07-14 01:29:52] - https://www.loyhome.com/feed
[2025-07-14 01:29:52] - https://a4.zyzhang.com/index.xml
[2025-07-14 01:29:52] - https://xyzbz.cn/feed
[2025-07-14 01:29:52] - https://www.douban.com/feed/review/book
[2025-07-14 02:40:00] 本次订阅抓取结果统计:
[2025-07-14 02:40:00] 共 49 条RSS, 成功抓取 48 条.
[2025-07-14 02:40:00] ✘ 有 1 条订阅解析失败:
[2025-07-14 02:40:00] - https://tcxx.info/feed
[2025-07-14 02:40:00] ✘ 有 4 条订阅头像无法访问, 已使用默认头像:
[2025-07-14 02:40:00] - http://feeds.feedburner.com/ruanyifeng
[2025-07-14 02:40:00] - https://www.loyhome.com/feed
[2025-07-14 02:40:00] - https://a4.zyzhang.com/index.xml
[2025-07-14 02:40:00] - https://www.douban.com/feed/review/book
[2025-07-14 03:29:58] 本次订阅抓取结果统计:
[2025-07-14 03:29:58] 共 49 条RSS, 成功抓取 48 条.
[2025-07-14 03:29:58] ✘ 有 1 条订阅解析失败:
[2025-07-14 03:29:58] - https://tcxx.info/feed
[2025-07-14 03:29:58] ✘ 有 4 条订阅头像无法访问, 已使用默认头像:
[2025-07-14 03:29:58] - http://feeds.feedburner.com/ruanyifeng
[2025-07-14 03:29:58] - https://www.loyhome.com/feed
[2025-07-14 03:29:58] - https://a4.zyzhang.com/index.xml
[2025-07-14 03:29:58] - https://www.douban.com/feed/review/book
[2025-07-14 04:15:54] 本次订阅抓取结果统计:
[2025-07-14 04:15:54] 共 49 条RSS, 成功抓取 48 条.
[2025-07-14 04:15:54] ✘ 有 1 条订阅解析失败:
[2025-07-14 04:15:54] - https://tcxx.info/feed
[2025-07-14 04:15:54] ✘ 有 5 条订阅头像无法访问, 已使用默认头像:
[2025-07-14 04:15:54] - http://feeds.feedburner.com/ruanyifeng
[2025-07-14 04:15:54] - https://www.loyhome.com/feed
[2025-07-14 04:15:54] - https://a4.zyzhang.com/index.xml
[2025-07-14 04:15:54] - https://www.douban.com/feed/review/book
[2025-07-14 04:15:54] - https://feeds.appinn.com/appinns/
