[2025-08-14 00:04:26] 抓取到的文章与现有数据相同，无需更新。
[2025-08-14 01:29:39] 本次订阅抓取结果统计:
[2025-08-14 01:29:39] 共 53 条RSS, 成功抓取 50 条.
[2025-08-14 01:29:39] ✘ 有 3 条订阅解析失败:
[2025-08-14 01:29:39] - https://tumutanzi.com/feed
[2025-08-14 01:29:39] - https://tcxx.info/feed
[2025-08-14 01:29:39] - https://yinwang1.substack.com/feed
[2025-08-14 01:29:39] ✘ 有 1 条订阅头像字段为空, 已使用默认头像:
[2025-08-14 01:29:39] - https://feed.cnblogs.com/blog/u/66551/rss/
[2025-08-14 01:29:39] ✘ 有 6 条订阅头像无法访问, 已使用默认头像:
[2025-08-14 01:29:39] - http://feeds.feedburner.com/ruanyifeng
[2025-08-14 01:29:39] - https://www.loyhome.com/feed
[2025-08-14 01:29:39] - https://a4.zyzhang.com/index.xml
[2025-08-14 01:29:39] - https://www.geedea.pro/index.xml
[2025-08-14 01:29:39] - https://skywind.me/blog/feed
[2025-08-14 01:29:39] - https://www.douban.com/feed/review/book
[2025-08-14 02:33:18] 本次订阅抓取结果统计:
[2025-08-14 02:33:18] 共 53 条RSS, 成功抓取 50 条.
[2025-08-14 02:33:18] ✘ 有 3 条订阅解析失败:
[2025-08-14 02:33:18] - https://tumutanzi.com/feed
[2025-08-14 02:33:18] - https://tcxx.info/feed
[2025-08-14 02:33:18] - https://yinwang1.substack.com/feed
[2025-08-14 02:33:18] ✘ 有 1 条订阅头像字段为空, 已使用默认头像:
[2025-08-14 02:33:18] - https://feed.cnblogs.com/blog/u/66551/rss/
[2025-08-14 02:33:18] ✘ 有 7 条订阅头像无法访问, 已使用默认头像:
[2025-08-14 02:33:18] - http://feeds.feedburner.com/ruanyifeng
[2025-08-14 02:33:18] - https://www.loyhome.com/feed
[2025-08-14 02:33:18] - https://a4.zyzhang.com/index.xml
[2025-08-14 02:33:18] - https://www.geedea.pro/index.xml
[2025-08-14 02:33:18] - https://skywind.me/blog/feed
[2025-08-14 02:33:18] - https://www.douban.com/feed/review/book
[2025-08-14 02:33:18] - https://feeds.appinn.com/appinns/
[2025-08-14 03:25:43] 抓取到的文章与现有数据相同，无需更新。
[2025-08-14 04:07:40] 本次订阅抓取结果统计:
[2025-08-14 04:07:40] 共 53 条RSS, 成功抓取 50 条.
[2025-08-14 04:07:40] ✘ 有 3 条订阅解析失败:
[2025-08-14 04:07:40] - https://tumutanzi.com/feed
[2025-08-14 04:07:40] - https://tcxx.info/feed
[2025-08-14 04:07:40] - https://yinwang1.substack.com/feed
[2025-08-14 04:07:40] ✘ 有 1 条订阅头像字段为空, 已使用默认头像:
[2025-08-14 04:07:40] - https://feed.cnblogs.com/blog/u/66551/rss/
[2025-08-14 04:07:40] ✘ 有 6 条订阅头像无法访问, 已使用默认头像:
[2025-08-14 04:07:40] - http://feeds.feedburner.com/ruanyifeng
[2025-08-14 04:07:40] - https://www.loyhome.com/feed
[2025-08-14 04:07:40] - https://a4.zyzhang.com/index.xml
[2025-08-14 04:07:40] - https://www.geedea.pro/index.xml
[2025-08-14 04:07:40] - https://skywind.me/blog/feed
[2025-08-14 04:07:40] - https://www.douban.com/feed/review/book
[2025-08-14 05:02:14] 本次订阅抓取结果统计:
[2025-08-14 05:02:14] 共 53 条RSS, 成功抓取 50 条.
[2025-08-14 05:02:14] ✘ 有 3 条订阅解析失败:
[2025-08-14 05:02:14] - https://tcxx.info/feed
[2025-08-14 05:02:14] - https://tumutanzi.com/feed
[2025-08-14 05:02:14] - https://yinwang1.substack.com/feed
[2025-08-14 05:02:14] ✘ 有 1 条订阅头像字段为空, 已使用默认头像:
[2025-08-14 05:02:14] - https://feed.cnblogs.com/blog/u/66551/rss/
[2025-08-14 05:02:14] ✘ 有 6 条订阅头像无法访问, 已使用默认头像:
[2025-08-14 05:02:14] - http://feeds.feedburner.com/ruanyifeng
[2025-08-14 05:02:14] - https://www.loyhome.com/feed
[2025-08-14 05:02:14] - https://a4.zyzhang.com/index.xml
[2025-08-14 05:02:14] - https://www.geedea.pro/index.xml
[2025-08-14 05:02:14] - https://skywind.me/blog/feed
[2025-08-14 05:02:14] - https://www.douban.com/feed/review/book
[2025-08-14 06:02:03] 本次订阅抓取结果统计:
[2025-08-14 06:02:03] 共 53 条RSS, 成功抓取 50 条.
[2025-08-14 06:02:03] ✘ 有 3 条订阅解析失败:
[2025-08-14 06:02:03] - https://tcxx.info/feed
[2025-08-14 06:02:03] - https://tumutanzi.com/feed
[2025-08-14 06:02:03] - https://yinwang1.substack.com/feed
[2025-08-14 06:02:03] ✘ 有 1 条订阅头像字段为空, 已使用默认头像:
[2025-08-14 06:02:03] - https://feed.cnblogs.com/blog/u/66551/rss/
[2025-08-14 06:02:03] ✘ 有 7 条订阅头像无法访问, 已使用默认头像:
[2025-08-14 06:02:03] - http://feeds.feedburner.com/ruanyifeng
[2025-08-14 06:02:03] - https://www.loyhome.com/feed
[2025-08-14 06:02:03] - https://a4.zyzhang.com/index.xml
[2025-08-14 06:02:03] - https://www.geedea.pro/index.xml
[2025-08-14 06:02:03] - https://skywind.me/blog/feed
[2025-08-14 06:02:03] - https://feeds.appinn.com/appinns/
[2025-08-14 06:02:03] - https://www.douban.com/feed/review/book
[2025-08-14 07:03:09] 抓取到的文章与现有数据相同，无需更新。
[2025-08-14 08:02:11] 本次订阅抓取结果统计:
[2025-08-14 08:02:11] 共 53 条RSS, 成功抓取 50 条.
[2025-08-14 08:02:11] ✘ 有 3 条订阅解析失败:
[2025-08-14 08:02:11] - https://tcxx.info/feed
[2025-08-14 08:02:11] - https://tumutanzi.com/feed
[2025-08-14 08:02:11] - https://yinwang1.substack.com/feed
[2025-08-14 08:02:11] ✘ 有 1 条订阅头像字段为空, 已使用默认头像:
[2025-08-14 08:02:11] - https://feed.cnblogs.com/blog/u/66551/rss/
[2025-08-14 08:02:11] ✘ 有 6 条订阅头像无法访问, 已使用默认头像:
[2025-08-14 08:02:11] - http://feeds.feedburner.com/ruanyifeng
[2025-08-14 08:02:11] - https://www.loyhome.com/feed
[2025-08-14 08:02:11] - https://a4.zyzhang.com/index.xml
[2025-08-14 08:02:11] - https://www.geedea.pro/index.xml
[2025-08-14 08:02:11] - https://skywind.me/blog/feed
[2025-08-14 08:02:11] - https://www.douban.com/feed/review/book
[2025-08-14 09:03:42] 本次订阅抓取结果统计:
[2025-08-14 09:03:42] 共 53 条RSS, 成功抓取 49 条.
[2025-08-14 09:03:42] ✘ 有 4 条订阅解析失败:
[2025-08-14 09:03:42] - https://tcxx.info/feed
[2025-08-14 09:03:42] - https://tumutanzi.com/feed
[2025-08-14 09:03:42] - https://yinwang1.substack.com/feed
[2025-08-14 09:03:42] - https://blog.yanqingshan.com/feed
[2025-08-14 09:03:42] ✘ 有 1 条订阅头像字段为空, 已使用默认头像:
[2025-08-14 09:03:42] - https://feed.cnblogs.com/blog/u/66551/rss/
[2025-08-14 09:03:42] ✘ 有 6 条订阅头像无法访问, 已使用默认头像:
[2025-08-14 09:03:42] - http://feeds.feedburner.com/ruanyifeng
[2025-08-14 09:03:42] - https://www.loyhome.com/feed
[2025-08-14 09:03:42] - https://a4.zyzhang.com/index.xml
[2025-08-14 09:03:42] - https://www.geedea.pro/index.xml
[2025-08-14 09:03:42] - https://skywind.me/blog/feed
[2025-08-14 09:03:42] - https://www.douban.com/feed/review/book
[2025-08-14 10:01:45] 本次订阅抓取结果统计:
[2025-08-14 10:01:45] 共 53 条RSS, 成功抓取 50 条.
[2025-08-14 10:01:45] ✘ 有 3 条订阅解析失败:
[2025-08-14 10:01:45] - https://tcxx.info/feed
[2025-08-14 10:01:45] - https://tumutanzi.com/feed
[2025-08-14 10:01:45] - https://yinwang1.substack.com/feed
[2025-08-14 10:01:45] ✘ 有 1 条订阅头像字段为空, 已使用默认头像:
[2025-08-14 10:01:45] - https://feed.cnblogs.com/blog/u/66551/rss/
[2025-08-14 10:01:45] ✘ 有 6 条订阅头像无法访问, 已使用默认头像:
[2025-08-14 10:01:45] - http://feeds.feedburner.com/ruanyifeng
[2025-08-14 10:01:45] - https://www.loyhome.com/feed
[2025-08-14 10:01:45] - https://a4.zyzhang.com/index.xml
[2025-08-14 10:01:45] - https://www.geedea.pro/index.xml
[2025-08-14 10:01:45] - https://skywind.me/blog/feed
[2025-08-14 10:01:45] - https://www.douban.com/feed/review/book
[2025-08-14 11:01:49] 本次订阅抓取结果统计:
[2025-08-14 11:01:49] 共 53 条RSS, 成功抓取 49 条.
[2025-08-14 11:01:49] ✘ 有 4 条订阅解析失败:
[2025-08-14 11:01:49] - https://tcxx.info/feed
[2025-08-14 11:01:49] - https://tumutanzi.com/feed
[2025-08-14 11:01:49] - https://yinwang1.substack.com/feed
[2025-08-14 11:01:49] - https://www.douban.com/feed/review/book
[2025-08-14 11:01:49] ✘ 有 1 条订阅头像字段为空, 已使用默认头像:
[2025-08-14 11:01:49] - https://feed.cnblogs.com/blog/u/66551/rss/
[2025-08-14 11:01:49] ✘ 有 6 条订阅头像无法访问, 已使用默认头像:
[2025-08-14 11:01:49] - http://feeds.feedburner.com/ruanyifeng
[2025-08-14 11:01:49] - https://www.loyhome.com/feed
[2025-08-14 11:01:49] - https://a4.zyzhang.com/index.xml
[2025-08-14 11:01:49] - https://www.geedea.pro/index.xml
[2025-08-14 11:01:49] - https://skywind.me/blog/feed
[2025-08-14 11:01:49] - https://feeds.appinn.com/appinns/
[2025-08-14 12:02:18] 本次订阅抓取结果统计:
[2025-08-14 12:02:18] 共 53 条RSS, 成功抓取 50 条.
[2025-08-14 12:02:18] ✘ 有 3 条订阅解析失败:
[2025-08-14 12:02:18] - https://tcxx.info/feed
[2025-08-14 12:02:18] - https://tumutanzi.com/feed
[2025-08-14 12:02:18] - https://yinwang1.substack.com/feed
[2025-08-14 12:02:18] ✘ 有 1 条订阅头像字段为空, 已使用默认头像:
[2025-08-14 12:02:18] - https://feed.cnblogs.com/blog/u/66551/rss/
[2025-08-14 12:02:18] ✘ 有 7 条订阅头像无法访问, 已使用默认头像:
[2025-08-14 12:02:18] - http://feeds.feedburner.com/ruanyifeng
[2025-08-14 12:02:18] - https://www.loyhome.com/feed
[2025-08-14 12:02:18] - https://a4.zyzhang.com/index.xml
[2025-08-14 12:02:18] - https://www.geedea.pro/index.xml
[2025-08-14 12:02:18] - https://skywind.me/blog/feed
[2025-08-14 12:02:18] - https://feeds.appinn.com/appinns/
[2025-08-14 12:02:18] - https://www.douban.com/feed/review/book
[2025-08-14 13:13:03] 本次订阅抓取结果统计:
[2025-08-14 13:13:03] 共 53 条RSS, 成功抓取 50 条.
[2025-08-14 13:13:03] ✘ 有 3 条订阅解析失败:
[2025-08-14 13:13:03] - https://tcxx.info/feed
[2025-08-14 13:13:03] - https://tumutanzi.com/feed
[2025-08-14 13:13:03] - https://yinwang1.substack.com/feed
[2025-08-14 13:13:03] ✘ 有 1 条订阅头像字段为空, 已使用默认头像:
[2025-08-14 13:13:03] - https://feed.cnblogs.com/blog/u/66551/rss/
[2025-08-14 13:13:03] ✘ 有 7 条订阅头像无法访问, 已使用默认头像:
[2025-08-14 13:13:03] - http://feeds.feedburner.com/ruanyifeng
[2025-08-14 13:13:03] - https://www.loyhome.com/feed
[2025-08-14 13:13:03] - https://a4.zyzhang.com/index.xml
[2025-08-14 13:13:03] - https://www.geedea.pro/index.xml
[2025-08-14 13:13:03] - https://skywind.me/blog/feed
[2025-08-14 13:13:03] - https://www.douban.com/feed/review/book
[2025-08-14 13:13:03] - https://feeds.appinn.com/appinns/
[2025-08-14 14:01:41] 抓取到的文章与现有数据相同，无需更新。
[2025-08-14 15:01:55] 抓取到的文章与现有数据相同，无需更新。
[2025-08-14 16:02:29] 本次订阅抓取结果统计:
[2025-08-14 16:02:29] 共 53 条RSS, 成功抓取 50 条.
[2025-08-14 16:02:29] ✘ 有 3 条订阅解析失败:
[2025-08-14 16:02:29] - https://tcxx.info/feed
[2025-08-14 16:02:29] - https://tumutanzi.com/feed
[2025-08-14 16:02:29] - https://yinwang1.substack.com/feed
[2025-08-14 16:02:29] ✘ 有 1 条订阅头像字段为空, 已使用默认头像:
[2025-08-14 16:02:29] - https://feed.cnblogs.com/blog/u/66551/rss/
[2025-08-14 16:02:29] ✘ 有 7 条订阅头像无法访问, 已使用默认头像:
[2025-08-14 16:02:29] - http://feeds.feedburner.com/ruanyifeng
[2025-08-14 16:02:29] - https://www.loyhome.com/feed
[2025-08-14 16:02:29] - https://a4.zyzhang.com/index.xml
[2025-08-14 16:02:29] - https://www.geedea.pro/index.xml
[2025-08-14 16:02:29] - https://skywind.me/blog/feed
[2025-08-14 16:02:29] - https://feeds.appinn.com/appinns/
[2025-08-14 16:02:29] - https://www.douban.com/feed/review/book
