[2025-03-29 01:15:48] 本次订阅抓取结果统计:
[2025-03-29 01:15:48] 共 28 条RSS, 成功抓取 27 条.
[2025-03-29 01:15:48] ✘ 有 1 条订阅解析失败:
[2025-03-29 01:15:48] - https://geekinney.com/index.xml
[2025-03-29 01:15:48] ✘ 有 2 条订阅头像无法访问, 已使用默认头像:
[2025-03-29 01:15:48] - http://feeds.feedburner.com/ruanyifeng
[2025-03-29 01:15:48] - https://www.loyhome.com/feed
[2025-03-29 02:55:02] 本次订阅抓取结果统计:
[2025-03-29 02:55:02] 共 28 条RSS, 成功抓取 26 条.
[2025-03-29 02:55:02] ✘ 有 2 条订阅解析失败:
[2025-03-29 02:55:02] - https://tcxx.info/feed
[2025-03-29 02:55:02] - https://geekinney.com/index.xml
[2025-03-29 02:55:02] ✘ 有 2 条订阅头像无法访问, 已使用默认头像:
[2025-03-29 02:55:02] - http://feeds.feedburner.com/ruanyifeng
[2025-03-29 02:55:02] - https://www.loyhome.com/feed
[2025-03-29 03:28:02] 本次订阅抓取结果统计:
[2025-03-29 03:28:02] 共 28 条RSS, 成功抓取 27 条.
[2025-03-29 03:28:02] ✘ 有 1 条订阅解析失败:
[2025-03-29 03:28:02] - https://geekinney.com/index.xml
[2025-03-29 03:28:02] ✘ 有 3 条订阅头像无法访问, 已使用默认头像:
[2025-03-29 03:28:02] - https://tcxx.info/feed
[2025-03-29 03:28:02] - http://feeds.feedburner.com/ruanyifeng
[2025-03-29 03:28:02] - https://www.loyhome.com/feed
[2025-03-29 04:20:36] 本次订阅抓取结果统计:
[2025-03-29 04:20:36] 共 28 条RSS, 成功抓取 26 条.
[2025-03-29 04:20:36] ✘ 有 2 条订阅解析失败:
[2025-03-29 04:20:36] - https://tcxx.info/feed
[2025-03-29 04:20:36] - https://geekinney.com/index.xml
[2025-03-29 04:20:36] ✘ 有 2 条订阅头像无法访问, 已使用默认头像:
[2025-03-29 04:20:36] - http://feeds.feedburner.com/ruanyifeng
[2025-03-29 04:20:36] - https://www.loyhome.com/feed
[2025-03-29 05:15:11] 本次订阅抓取结果统计:
[2025-03-29 05:15:11] 共 28 条RSS, 成功抓取 26 条.
[2025-03-29 05:15:11] ✘ 有 2 条订阅解析失败:
[2025-03-29 05:15:11] - https://tcxx.info/feed
[2025-03-29 05:15:11] - https://geekinney.com/index.xml
[2025-03-29 05:15:11] ✘ 有 2 条订阅头像无法访问, 已使用默认头像:
[2025-03-29 05:15:11] - http://feeds.feedburner.com/ruanyifeng
[2025-03-29 05:15:11] - https://www.loyhome.com/feed
[2025-03-29 06:21:30] 本次订阅抓取结果统计:
[2025-03-29 06:21:30] 共 28 条RSS, 成功抓取 27 条.
[2025-03-29 06:21:30] ✘ 有 1 条订阅解析失败:
[2025-03-29 06:21:30] - https://geekinney.com/index.xml
[2025-03-29 06:21:30] ✘ 有 2 条订阅头像无法访问, 已使用默认头像:
[2025-03-29 06:21:30] - http://feeds.feedburner.com/ruanyifeng
[2025-03-29 06:21:30] - https://www.loyhome.com/feed
[2025-03-29 07:14:55] 本次订阅抓取结果统计:
[2025-03-29 07:14:55] 共 28 条RSS, 成功抓取 26 条.
[2025-03-29 07:14:55] ✘ 有 2 条订阅解析失败:
[2025-03-29 07:14:55] - https://tcxx.info/feed
[2025-03-29 07:14:55] - https://geekinney.com/index.xml
[2025-03-29 07:14:55] ✘ 有 2 条订阅头像无法访问, 已使用默认头像:
[2025-03-29 07:14:55] - http://feeds.feedburner.com/ruanyifeng
[2025-03-29 07:14:55] - https://www.loyhome.com/feed
[2025-03-29 08:19:51] 本次订阅抓取结果统计:
[2025-03-29 08:19:51] 共 28 条RSS, 成功抓取 26 条.
[2025-03-29 08:19:51] ✘ 有 2 条订阅解析失败:
[2025-03-29 08:19:51] - https://tcxx.info/feed
[2025-03-29 08:19:51] - https://geekinney.com/index.xml
[2025-03-29 08:19:51] ✘ 有 2 条订阅头像无法访问, 已使用默认头像:
[2025-03-29 08:19:51] - http://feeds.feedburner.com/ruanyifeng
[2025-03-29 08:19:51] - https://www.loyhome.com/feed
[2025-03-29 09:16:15] 本次订阅抓取结果统计:
[2025-03-29 09:16:15] 共 28 条RSS, 成功抓取 27 条.
[2025-03-29 09:16:15] ✘ 有 1 条订阅解析失败:
[2025-03-29 09:16:15] - https://geekinney.com/index.xml
[2025-03-29 09:16:15] ✘ 有 2 条订阅头像无法访问, 已使用默认头像:
[2025-03-29 09:16:15] - http://feeds.feedburner.com/ruanyifeng
[2025-03-29 09:16:15] - https://www.loyhome.com/feed
[2025-03-29 10:15:54] 本次订阅抓取结果统计:
[2025-03-29 10:15:54] 共 28 条RSS, 成功抓取 27 条.
[2025-03-29 10:15:54] ✘ 有 1 条订阅解析失败:
[2025-03-29 10:15:54] - https://geekinney.com/index.xml
[2025-03-29 10:15:54] ✘ 有 2 条订阅头像无法访问, 已使用默认头像:
[2025-03-29 10:15:54] - http://feeds.feedburner.com/ruanyifeng
[2025-03-29 10:15:54] - https://www.loyhome.com/feed
