[2025-05-01 01:26:58] 本次订阅抓取结果统计:
[2025-05-01 01:26:58] 共 28 条RSS, 成功抓取 27 条.
[2025-05-01 01:26:58] ✘ 有 1 条订阅解析失败:
[2025-05-01 01:26:58] - https://tcxx.info/feed
[2025-05-01 01:26:58] ✘ 有 2 条订阅头像无法访问, 已使用默认头像:
[2025-05-01 01:26:58] - http://feeds.feedburner.com/ruanyifeng
[2025-05-01 01:26:58] - https://www.loyhome.com/feed
[2025-05-01 03:14:59] 本次订阅抓取结果统计:
[2025-05-01 03:14:59] 共 28 条RSS, 成功抓取 27 条.
[2025-05-01 03:14:59] ✘ 有 1 条订阅解析失败:
[2025-05-01 03:14:59] - https://tcxx.info/feed
[2025-05-01 03:14:59] ✘ 有 2 条订阅头像无法访问, 已使用默认头像:
[2025-05-01 03:14:59] - http://feeds.feedburner.com/ruanyifeng
[2025-05-01 03:14:59] - https://www.loyhome.com/feed
[2025-05-01 04:22:34] 本次订阅抓取结果统计:
[2025-05-01 04:22:34] 共 28 条RSS, 成功抓取 27 条.
[2025-05-01 04:22:34] ✘ 有 1 条订阅解析失败:
[2025-05-01 04:22:34] - https://tcxx.info/feed
[2025-05-01 04:22:34] ✘ 有 2 条订阅头像无法访问, 已使用默认头像:
[2025-05-01 04:22:34] - http://feeds.feedburner.com/ruanyifeng
[2025-05-01 04:22:34] - https://www.loyhome.com/feed
