[2025-11-28 00:05:14] 本次订阅抓取结果统计:
[2025-11-28 00:05:14] 共 31 条RSS, 成功抓取 27 条.
[2025-11-28 00:05:14] ✘ 有 4 条订阅解析失败:
[2025-11-28 00:05:14] - https://tumutanzi.com/feed
[2025-11-28 00:05:14] - https://suus.me/atom.xml
[2025-11-28 00:05:14] - https://geekinney.com/index.xml
[2025-11-28 00:05:14] - https://diygod.cc/feed
[2025-11-28 01:29:42] 本次订阅抓取结果统计:
[2025-11-28 01:29:42] 共 31 条RSS, 成功抓取 28 条.
[2025-11-28 01:29:42] ✘ 有 3 条订阅解析失败:
[2025-11-28 01:29:42] - https://tumutanzi.com/feed
[2025-11-28 01:29:42] - https://geekinney.com/index.xml
[2025-11-28 01:29:42] - https://suus.me/atom.xml
[2025-11-28 02:30:12] 抓取到的文章与现有数据相同，无需更新。
[2025-11-28 03:21:33] 本次订阅抓取结果统计:
[2025-11-28 03:21:33] 共 31 条RSS, 成功抓取 27 条.
[2025-11-28 03:21:33] ✘ 有 4 条订阅解析失败:
[2025-11-28 03:21:33] - https://tumutanzi.com/feed
[2025-11-28 03:21:33] - https://geekinney.com/index.xml
[2025-11-28 03:21:33] - https://suus.me/atom.xml
[2025-11-28 03:21:33] - https://www.moraex.com/feed
[2025-11-28 04:03:24] 本次订阅抓取结果统计:
[2025-11-28 04:03:24] 共 31 条RSS, 成功抓取 28 条.
[2025-11-28 04:03:24] ✘ 有 3 条订阅解析失败:
[2025-11-28 04:03:24] - https://tumutanzi.com/feed
[2025-11-28 04:03:24] - https://geekinney.com/index.xml
[2025-11-28 04:03:24] - https://suus.me/atom.xml
[2025-11-28 05:02:32] 本次订阅抓取结果统计:
[2025-11-28 05:02:32] 共 31 条RSS, 成功抓取 27 条.
[2025-11-28 05:02:32] ✘ 有 4 条订阅解析失败:
[2025-11-28 05:02:32] - https://tumutanzi.com/feed
[2025-11-28 05:02:32] - https://geekinney.com/index.xml
[2025-11-28 05:02:32] - https://suus.me/atom.xml
[2025-11-28 05:02:32] - https://diygod.cc/feed
[2025-11-28 06:02:20] 本次订阅抓取结果统计:
[2025-11-28 06:02:20] 共 31 条RSS, 成功抓取 28 条.
[2025-11-28 06:02:20] ✘ 有 3 条订阅解析失败:
[2025-11-28 06:02:20] - https://tumutanzi.com/feed
[2025-11-28 06:02:20] - https://geekinney.com/index.xml
[2025-11-28 06:02:20] - https://suus.me/atom.xml
[2025-11-28 07:02:29] 抓取到的文章与现有数据相同，无需更新。
[2025-11-28 08:02:30] 抓取到的文章与现有数据相同，无需更新。
[2025-11-28 09:02:44] 本次订阅抓取结果统计:
[2025-11-28 09:02:44] 共 31 条RSS, 成功抓取 27 条.
[2025-11-28 09:02:44] ✘ 有 4 条订阅解析失败:
[2025-11-28 09:02:44] - https://tumutanzi.com/feed
[2025-11-28 09:02:44] - https://geekinney.com/index.xml
[2025-11-28 09:02:44] - https://suus.me/atom.xml
[2025-11-28 09:02:44] - https://diygod.cc/feed
[2025-11-28 10:02:11] 本次订阅抓取结果统计:
[2025-11-28 10:02:11] 共 31 条RSS, 成功抓取 28 条.
[2025-11-28 10:02:11] ✘ 有 3 条订阅解析失败:
[2025-11-28 10:02:11] - https://tumutanzi.com/feed
[2025-11-28 10:02:11] - https://geekinney.com/index.xml
[2025-11-28 10:02:11] - https://suus.me/atom.xml
[2025-11-28 11:02:12] 本次订阅抓取结果统计:
[2025-11-28 11:02:12] 共 31 条RSS, 成功抓取 28 条.
[2025-11-28 11:02:12] ✘ 有 3 条订阅解析失败:
[2025-11-28 11:02:12] - https://tumutanzi.com/feed
[2025-11-28 11:02:12] - https://geekinney.com/index.xml
[2025-11-28 11:02:12] - https://suus.me/atom.xml
[2025-11-28 12:03:09] 抓取到的文章与现有数据相同，无需更新。
