[2025-08-09 00:04:07] 本次订阅抓取结果统计:
[2025-08-09 00:04:07] 共 51 条RSS, 成功抓取 46 条.
[2025-08-09 00:04:07] ✘ 有 5 条订阅解析失败:
[2025-08-09 00:04:07] - https://tumutanzi.com/feed
[2025-08-09 00:04:07] - https://tcxx.info/feed
[2025-08-09 00:04:07] - https://www.williamlong.info/rss.xml
[2025-08-09 00:04:07] - https://yinwang1.substack.com/feed
[2025-08-09 00:04:07] - https://www.douban.com/feed/review/book
[2025-08-09 00:04:07] ✘ 有 5 条订阅头像无法访问, 已使用默认头像:
[2025-08-09 00:04:07] - http://feeds.feedburner.com/ruanyifeng
[2025-08-09 00:04:07] - https://www.loyhome.com/feed
[2025-08-09 00:04:07] - https://a4.zyzhang.com/index.xml
[2025-08-09 00:04:07] - https://www.geedea.pro/index.xml
[2025-08-09 00:04:07] - https://feeds.appinn.com/appinns/
[2025-08-09 01:29:46] 本次订阅抓取结果统计:
[2025-08-09 01:29:46] 共 51 条RSS, 成功抓取 47 条.
[2025-08-09 01:29:46] ✘ 有 4 条订阅解析失败:
[2025-08-09 01:29:46] - https://tcxx.info/feed
[2025-08-09 01:29:46] - https://tumutanzi.com/feed
[2025-08-09 01:29:46] - https://www.williamlong.info/rss.xml
[2025-08-09 01:29:46] - https://yinwang1.substack.com/feed
[2025-08-09 01:29:46] ✘ 有 5 条订阅头像无法访问, 已使用默认头像:
[2025-08-09 01:29:46] - http://feeds.feedburner.com/ruanyifeng
[2025-08-09 01:29:46] - https://a4.zyzhang.com/index.xml
[2025-08-09 01:29:46] - https://www.geedea.pro/index.xml
[2025-08-09 01:29:46] - https://www.douban.com/feed/review/book
[2025-08-09 01:29:46] - https://www.loyhome.com/feed
[2025-08-09 02:32:24] 本次订阅抓取结果统计:
[2025-08-09 02:32:24] 共 51 条RSS, 成功抓取 47 条.
[2025-08-09 02:32:24] ✘ 有 4 条订阅解析失败:
[2025-08-09 02:32:24] - https://tumutanzi.com/feed
[2025-08-09 02:32:24] - https://tcxx.info/feed
[2025-08-09 02:32:24] - https://www.williamlong.info/rss.xml
[2025-08-09 02:32:24] - https://yinwang1.substack.com/feed
[2025-08-09 02:32:24] ✘ 有 6 条订阅头像无法访问, 已使用默认头像:
[2025-08-09 02:32:24] - http://feeds.feedburner.com/ruanyifeng
[2025-08-09 02:32:24] - https://www.loyhome.com/feed
[2025-08-09 02:32:24] - https://a4.zyzhang.com/index.xml
[2025-08-09 02:32:24] - https://www.geedea.pro/index.xml
[2025-08-09 02:32:24] - https://www.douban.com/feed/review/book
[2025-08-09 02:32:24] - https://feeds.appinn.com/appinns/
[2025-08-09 03:25:36] 抓取到的文章与现有数据相同，无需更新。
[2025-08-09 04:07:38] 本次订阅抓取结果统计:
[2025-08-09 04:07:38] 共 51 条RSS, 成功抓取 46 条.
[2025-08-09 04:07:38] ✘ 有 5 条订阅解析失败:
[2025-08-09 04:07:38] - https://tcxx.info/feed
[2025-08-09 04:07:38] - https://tumutanzi.com/feed
[2025-08-09 04:07:38] - https://www.williamlong.info/rss.xml
[2025-08-09 04:07:38] - https://yinwang1.substack.com/feed
[2025-08-09 04:07:38] - https://www.douban.com/feed/review/book
[2025-08-09 04:07:38] ✘ 有 5 条订阅头像无法访问, 已使用默认头像:
[2025-08-09 04:07:38] - http://feeds.feedburner.com/ruanyifeng
[2025-08-09 04:07:38] - https://www.loyhome.com/feed
[2025-08-09 04:07:38] - https://a4.zyzhang.com/index.xml
[2025-08-09 04:07:38] - https://www.geedea.pro/index.xml
[2025-08-09 04:07:38] - https://feeds.appinn.com/appinns/
[2025-08-09 05:02:17] 本次订阅抓取结果统计:
[2025-08-09 05:02:17] 共 51 条RSS, 成功抓取 47 条.
[2025-08-09 05:02:17] ✘ 有 4 条订阅解析失败:
[2025-08-09 05:02:17] - https://tcxx.info/feed
[2025-08-09 05:02:17] - https://tumutanzi.com/feed
[2025-08-09 05:02:17] - https://www.williamlong.info/rss.xml
[2025-08-09 05:02:17] - https://yinwang1.substack.com/feed
[2025-08-09 05:02:17] ✘ 有 6 条订阅头像无法访问, 已使用默认头像:
[2025-08-09 05:02:17] - https://www.loyhome.com/feed
[2025-08-09 05:02:17] - http://feeds.feedburner.com/ruanyifeng
[2025-08-09 05:02:17] - https://a4.zyzhang.com/index.xml
[2025-08-09 05:02:17] - https://www.geedea.pro/index.xml
[2025-08-09 05:02:17] - https://www.douban.com/feed/review/book
[2025-08-09 05:02:17] - https://feeds.appinn.com/appinns/
[2025-08-09 06:02:00] 抓取到的文章与现有数据相同，无需更新。
[2025-08-09 07:02:03] 抓取到的文章与现有数据相同，无需更新。
[2025-08-09 08:01:59] 本次订阅抓取结果统计:
[2025-08-09 08:01:59] 共 51 条RSS, 成功抓取 47 条.
[2025-08-09 08:01:59] ✘ 有 4 条订阅解析失败:
[2025-08-09 08:01:59] - https://tcxx.info/feed
[2025-08-09 08:01:59] - https://tumutanzi.com/feed
[2025-08-09 08:01:59] - https://www.williamlong.info/rss.xml
[2025-08-09 08:01:59] - https://yinwang1.substack.com/feed
[2025-08-09 08:01:59] ✘ 有 6 条订阅头像无法访问, 已使用默认头像:
[2025-08-09 08:01:59] - http://feeds.feedburner.com/ruanyifeng
[2025-08-09 08:01:59] - https://www.loyhome.com/feed
[2025-08-09 08:01:59] - https://a4.zyzhang.com/index.xml
[2025-08-09 08:01:59] - https://www.geedea.pro/index.xml
[2025-08-09 08:01:59] - https://feeds.appinn.com/appinns/
[2025-08-09 08:01:59] - https://www.douban.com/feed/review/book
[2025-08-09 09:01:56] 抓取到的文章与现有数据相同，无需更新。
[2025-08-09 10:01:50] 抓取到的文章与现有数据相同，无需更新。
[2025-08-09 11:01:49] 本次订阅抓取结果统计:
[2025-08-09 11:01:49] 共 51 条RSS, 成功抓取 47 条.
[2025-08-09 11:01:49] ✘ 有 4 条订阅解析失败:
[2025-08-09 11:01:49] - https://tumutanzi.com/feed
[2025-08-09 11:01:49] - https://tcxx.info/feed
[2025-08-09 11:01:49] - https://www.williamlong.info/rss.xml
[2025-08-09 11:01:49] - https://yinwang1.substack.com/feed
[2025-08-09 11:01:49] ✘ 有 6 条订阅头像无法访问, 已使用默认头像:
[2025-08-09 11:01:49] - http://feeds.feedburner.com/ruanyifeng
[2025-08-09 11:01:49] - https://www.loyhome.com/feed
[2025-08-09 11:01:49] - https://a4.zyzhang.com/index.xml
[2025-08-09 11:01:49] - https://www.geedea.pro/index.xml
[2025-08-09 11:01:49] - https://feeds.appinn.com/appinns/
[2025-08-09 11:01:49] - https://www.douban.com/feed/review/book
[2025-08-09 12:02:18] 本次订阅抓取结果统计:
[2025-08-09 12:02:18] 共 51 条RSS, 成功抓取 47 条.
[2025-08-09 12:02:18] ✘ 有 4 条订阅解析失败:
[2025-08-09 12:02:18] - https://tcxx.info/feed
[2025-08-09 12:02:18] - https://tumutanzi.com/feed
[2025-08-09 12:02:18] - https://www.williamlong.info/rss.xml
[2025-08-09 12:02:18] - https://yinwang1.substack.com/feed
[2025-08-09 12:02:18] ✘ 有 6 条订阅头像无法访问, 已使用默认头像:
[2025-08-09 12:02:18] - http://feeds.feedburner.com/ruanyifeng
[2025-08-09 12:02:18] - https://www.loyhome.com/feed
[2025-08-09 12:02:18] - https://a4.zyzhang.com/index.xml
[2025-08-09 12:02:18] - https://www.geedea.pro/index.xml
[2025-08-09 12:02:18] - https://www.douban.com/feed/review/book
[2025-08-09 12:02:18] - https://feeds.appinn.com/appinns/
[2025-08-09 13:10:27] 本次订阅抓取结果统计:
[2025-08-09 13:10:27] 共 51 条RSS, 成功抓取 46 条.
[2025-08-09 13:10:27] ✘ 有 5 条订阅解析失败:
[2025-08-09 13:10:27] - https://tcxx.info/feed
[2025-08-09 13:10:27] - https://tumutanzi.com/feed
[2025-08-09 13:10:27] - https://www.williamlong.info/rss.xml
[2025-08-09 13:10:27] - https://yinwang1.substack.com/feed
[2025-08-09 13:10:27] - https://www.douban.com/feed/review/book
[2025-08-09 13:10:27] ✘ 有 4 条订阅头像无法访问, 已使用默认头像:
[2025-08-09 13:10:27] - http://feeds.feedburner.com/ruanyifeng
[2025-08-09 13:10:27] - https://www.loyhome.com/feed
[2025-08-09 13:10:27] - https://a4.zyzhang.com/index.xml
[2025-08-09 13:10:27] - https://www.geedea.pro/index.xml
[2025-08-09 14:01:50] 本次订阅抓取结果统计:
[2025-08-09 14:01:50] 共 51 条RSS, 成功抓取 47 条.
[2025-08-09 14:01:50] ✘ 有 4 条订阅解析失败:
[2025-08-09 14:01:50] - https://tcxx.info/feed
[2025-08-09 14:01:50] - https://tumutanzi.com/feed
[2025-08-09 14:01:50] - https://www.williamlong.info/rss.xml
[2025-08-09 14:01:50] - https://yinwang1.substack.com/feed
[2025-08-09 14:01:50] ✘ 有 5 条订阅头像无法访问, 已使用默认头像:
[2025-08-09 14:01:50] - http://feeds.feedburner.com/ruanyifeng
[2025-08-09 14:01:50] - https://www.loyhome.com/feed
[2025-08-09 14:01:50] - https://a4.zyzhang.com/index.xml
[2025-08-09 14:01:50] - https://www.geedea.pro/index.xml
[2025-08-09 14:01:50] - https://www.douban.com/feed/review/book
[2025-08-09 15:01:57] 本次订阅抓取结果统计:
[2025-08-09 15:01:57] 共 51 条RSS, 成功抓取 47 条.
[2025-08-09 15:01:57] ✘ 有 4 条订阅解析失败:
[2025-08-09 15:01:57] - https://tumutanzi.com/feed
[2025-08-09 15:01:57] - https://tcxx.info/feed
[2025-08-09 15:01:57] - https://www.williamlong.info/rss.xml
[2025-08-09 15:01:57] - https://yinwang1.substack.com/feed
[2025-08-09 15:01:57] ✘ 有 5 条订阅头像无法访问, 已使用默认头像:
[2025-08-09 15:01:57] - https://www.loyhome.com/feed
[2025-08-09 15:01:57] - http://feeds.feedburner.com/ruanyifeng
[2025-08-09 15:01:57] - https://a4.zyzhang.com/index.xml
[2025-08-09 15:01:57] - https://www.geedea.pro/index.xml
[2025-08-09 15:01:57] - https://www.douban.com/feed/review/book
[2025-08-09 16:01:51] 本次订阅抓取结果统计:
[2025-08-09 16:01:51] 共 51 条RSS, 成功抓取 47 条.
[2025-08-09 16:01:51] ✘ 有 4 条订阅解析失败:
[2025-08-09 16:01:51] - https://tcxx.info/feed
[2025-08-09 16:01:51] - https://tumutanzi.com/feed
[2025-08-09 16:01:51] - https://www.williamlong.info/rss.xml
[2025-08-09 16:01:51] - https://yinwang1.substack.com/feed
[2025-08-09 16:01:51] ✘ 有 6 条订阅头像无法访问, 已使用默认头像:
[2025-08-09 16:01:51] - http://feeds.feedburner.com/ruanyifeng
[2025-08-09 16:01:51] - https://www.loyhome.com/feed
[2025-08-09 16:01:51] - https://a4.zyzhang.com/index.xml
[2025-08-09 16:01:51] - https://www.geedea.pro/index.xml
[2025-08-09 16:01:51] - https://www.douban.com/feed/review/book
[2025-08-09 16:01:51] - https://rss.utgd.net/feed
[2025-08-09 17:01:45] 抓取到的文章与现有数据相同，无需更新。
[2025-08-09 18:01:57] 本次订阅抓取结果统计:
[2025-08-09 18:01:57] 共 51 条RSS, 成功抓取 47 条.
[2025-08-09 18:01:57] ✘ 有 4 条订阅解析失败:
[2025-08-09 18:01:57] - https://tcxx.info/feed
[2025-08-09 18:01:57] - https://tumutanzi.com/feed
[2025-08-09 18:01:57] - https://www.williamlong.info/rss.xml
[2025-08-09 18:01:57] - https://yinwang1.substack.com/feed
[2025-08-09 18:01:57] ✘ 有 6 条订阅头像无法访问, 已使用默认头像:
[2025-08-09 18:01:57] - http://feeds.feedburner.com/ruanyifeng
[2025-08-09 18:01:57] - https://a4.zyzhang.com/index.xml
[2025-08-09 18:01:57] - https://www.geedea.pro/index.xml
[2025-08-09 18:01:57] - https://www.loyhome.com/feed
[2025-08-09 18:01:57] - https://www.douban.com/feed/review/book
[2025-08-09 18:01:57] - https://feeds.appinn.com/appinns/
