[2025-03-22 01:14:56] 本次订阅抓取结果统计:
[2025-03-22 01:14:56] 共 28 条RSS, 成功抓取 26 条.
[2025-03-22 01:14:56] ✘ 有 2 条订阅解析失败:
[2025-03-22 01:14:56] - https://tcxx.info/feed
[2025-03-22 01:14:56] - https://geekinney.com/index.xml
[2025-03-22 01:14:56] ✘ 有 2 条订阅头像无法访问, 已使用默认头像:
[2025-03-22 01:14:56] - http://feeds.feedburner.com/ruanyifeng
[2025-03-22 01:14:56] - https://www.loyhome.com/feed
[2025-03-22 02:53:00] 本次订阅抓取结果统计:
[2025-03-22 02:53:00] 共 28 条RSS, 成功抓取 26 条.
[2025-03-22 02:53:00] ✘ 有 2 条订阅解析失败:
[2025-03-22 02:53:00] - https://tcxx.info/feed
[2025-03-22 02:53:00] - https://geekinney.com/index.xml
[2025-03-22 02:53:00] ✘ 有 2 条订阅头像无法访问, 已使用默认头像:
[2025-03-22 02:53:00] - http://feeds.feedburner.com/ruanyifeng
[2025-03-22 02:53:00] - https://www.loyhome.com/feed
[2025-03-22 03:29:10] 本次订阅抓取结果统计:
[2025-03-22 03:29:10] 共 28 条RSS, 成功抓取 26 条.
[2025-03-22 03:29:10] ✘ 有 2 条订阅解析失败:
[2025-03-22 03:29:10] - https://tcxx.info/feed
[2025-03-22 03:29:10] - https://geekinney.com/index.xml
[2025-03-22 03:29:10] ✘ 有 2 条订阅头像无法访问, 已使用默认头像:
[2025-03-22 03:29:10] - http://feeds.feedburner.com/ruanyifeng
[2025-03-22 03:29:10] - https://www.loyhome.com/feed
[2025-03-22 04:19:15] 本次订阅抓取结果统计:
[2025-03-22 04:19:15] 共 28 条RSS, 成功抓取 26 条.
[2025-03-22 04:19:15] ✘ 有 2 条订阅解析失败:
[2025-03-22 04:19:15] - https://tcxx.info/feed
[2025-03-22 04:19:15] - https://geekinney.com/index.xml
[2025-03-22 04:19:15] ✘ 有 2 条订阅头像无法访问, 已使用默认头像:
[2025-03-22 04:19:15] - http://feeds.feedburner.com/ruanyifeng
[2025-03-22 04:19:15] - https://www.loyhome.com/feed
[2025-03-22 05:15:23] 本次订阅抓取结果统计:
[2025-03-22 05:15:23] 共 28 条RSS, 成功抓取 26 条.
[2025-03-22 05:15:23] ✘ 有 2 条订阅解析失败:
[2025-03-22 05:15:23] - https://tcxx.info/feed
[2025-03-22 05:15:23] - https://geekinney.com/index.xml
[2025-03-22 05:15:23] ✘ 有 2 条订阅头像无法访问, 已使用默认头像:
[2025-03-22 05:15:23] - http://feeds.feedburner.com/ruanyifeng
[2025-03-22 05:15:23] - https://www.loyhome.com/feed
[2025-03-22 06:21:08] 本次订阅抓取结果统计:
[2025-03-22 06:21:08] 共 28 条RSS, 成功抓取 26 条.
[2025-03-22 06:21:08] ✘ 有 2 条订阅解析失败:
[2025-03-22 06:21:08] - https://tcxx.info/feed
[2025-03-22 06:21:08] - https://geekinney.com/index.xml
[2025-03-22 06:21:08] ✘ 有 2 条订阅头像无法访问, 已使用默认头像:
[2025-03-22 06:21:08] - http://feeds.feedburner.com/ruanyifeng
[2025-03-22 06:21:08] - https://www.loyhome.com/feed
[2025-03-22 07:14:35] 本次订阅抓取结果统计:
[2025-03-22 07:14:35] 共 28 条RSS, 成功抓取 26 条.
[2025-03-22 07:14:35] ✘ 有 2 条订阅解析失败:
[2025-03-22 07:14:35] - https://tcxx.info/feed
[2025-03-22 07:14:35] - https://geekinney.com/index.xml
[2025-03-22 07:14:35] ✘ 有 2 条订阅头像无法访问, 已使用默认头像:
[2025-03-22 07:14:35] - http://feeds.feedburner.com/ruanyifeng
[2025-03-22 07:14:35] - https://www.loyhome.com/feed
