[2025-03-23 01:21:05] 本次订阅抓取结果统计:
[2025-03-23 01:21:05] 共 28 条RSS, 成功抓取 26 条.
[2025-03-23 01:21:05] ✘ 有 2 条订阅解析失败:
[2025-03-23 01:21:05] - https://tcxx.info/feed
[2025-03-23 01:21:05] - https://geekinney.com/index.xml
[2025-03-23 01:21:05] ✘ 有 2 条订阅头像无法访问, 已使用默认头像:
[2025-03-23 01:21:05] - http://feeds.feedburner.com/ruanyifeng
[2025-03-23 01:21:05] - https://www.loyhome.com/feed
[2025-03-23 03:01:30] 本次订阅抓取结果统计:
[2025-03-23 03:01:30] 共 28 条RSS, 成功抓取 26 条.
[2025-03-23 03:01:30] ✘ 有 2 条订阅解析失败:
[2025-03-23 03:01:30] - https://tcxx.info/feed
[2025-03-23 03:01:30] - https://geekinney.com/index.xml
[2025-03-23 03:01:30] ✘ 有 2 条订阅头像无法访问, 已使用默认头像:
[2025-03-23 03:01:30] - http://feeds.feedburner.com/ruanyifeng
[2025-03-23 03:01:30] - https://www.loyhome.com/feed
[2025-03-23 04:18:49] 本次订阅抓取结果统计:
[2025-03-23 04:18:49] 共 28 条RSS, 成功抓取 26 条.
[2025-03-23 04:18:49] ✘ 有 2 条订阅解析失败:
[2025-03-23 04:18:49] - https://tcxx.info/feed
[2025-03-23 04:18:49] - https://geekinney.com/index.xml
[2025-03-23 04:18:49] ✘ 有 2 条订阅头像无法访问, 已使用默认头像:
[2025-03-23 04:18:49] - http://feeds.feedburner.com/ruanyifeng
[2025-03-23 04:18:49] - https://www.loyhome.com/feed
[2025-03-23 05:15:12] 本次订阅抓取结果统计:
[2025-03-23 05:15:12] 共 28 条RSS, 成功抓取 26 条.
[2025-03-23 05:15:12] ✘ 有 2 条订阅解析失败:
[2025-03-23 05:15:12] - https://geekinney.com/index.xml
[2025-03-23 05:15:12] - https://tcxx.info/feed
[2025-03-23 05:15:12] ✘ 有 2 条订阅头像无法访问, 已使用默认头像:
[2025-03-23 05:15:12] - http://feeds.feedburner.com/ruanyifeng
[2025-03-23 05:15:12] - https://www.loyhome.com/feed
