[2025-04-07 01:20:12] 本次订阅抓取结果统计:
[2025-04-07 01:20:12] 共 28 条RSS, 成功抓取 27 条.
[2025-04-07 01:20:12] ✘ 有 1 条订阅解析失败:
[2025-04-07 01:20:12] - https://geekinney.com/index.xml
[2025-04-07 01:20:12] ✘ 有 2 条订阅头像无法访问, 已使用默认头像:
[2025-04-07 01:20:12] - http://feeds.feedburner.com/ruanyifeng
[2025-04-07 01:20:12] - https://www.loyhome.com/feed
[2025-04-07 03:02:40] 本次订阅抓取结果统计:
[2025-04-07 03:02:40] 共 28 条RSS, 成功抓取 27 条.
[2025-04-07 03:02:40] ✘ 有 1 条订阅解析失败:
[2025-04-07 03:02:40] - https://geekinney.com/index.xml
[2025-04-07 03:02:40] ✘ 有 2 条订阅头像无法访问, 已使用默认头像:
[2025-04-07 03:02:40] - http://feeds.feedburner.com/ruanyifeng
[2025-04-07 03:02:40] - https://www.loyhome.com/feed
[2025-04-07 04:20:32] 本次订阅抓取结果统计:
[2025-04-07 04:20:32] 共 28 条RSS, 成功抓取 27 条.
[2025-04-07 04:20:32] ✘ 有 1 条订阅解析失败:
[2025-04-07 04:20:32] - https://geekinney.com/index.xml
[2025-04-07 04:20:32] ✘ 有 2 条订阅头像无法访问, 已使用默认头像:
[2025-04-07 04:20:32] - http://feeds.feedburner.com/ruanyifeng
[2025-04-07 04:20:32] - https://www.loyhome.com/feed
[2025-04-07 05:17:39] 本次订阅抓取结果统计:
[2025-04-07 05:17:39] 共 28 条RSS, 成功抓取 27 条.
[2025-04-07 05:17:39] ✘ 有 1 条订阅解析失败:
[2025-04-07 05:17:39] - https://geekinney.com/index.xml
[2025-04-07 05:17:39] ✘ 有 2 条订阅头像无法访问, 已使用默认头像:
[2025-04-07 05:17:39] - http://feeds.feedburner.com/ruanyifeng
[2025-04-07 05:17:39] - https://www.loyhome.com/feed
[2025-04-07 06:24:38] 本次订阅抓取结果统计:
[2025-04-07 06:24:38] 共 28 条RSS, 成功抓取 27 条.
[2025-04-07 06:24:38] ✘ 有 1 条订阅解析失败:
[2025-04-07 06:24:38] - https://geekinney.com/index.xml
[2025-04-07 06:24:38] ✘ 有 2 条订阅头像无法访问, 已使用默认头像:
[2025-04-07 06:24:38] - http://feeds.feedburner.com/ruanyifeng
[2025-04-07 06:24:38] - https://www.loyhome.com/feed
[2025-04-07 07:17:41] 本次订阅抓取结果统计:
[2025-04-07 07:17:41] 共 28 条RSS, 成功抓取 26 条.
[2025-04-07 07:17:41] ✘ 有 2 条订阅解析失败:
[2025-04-07 07:17:41] - https://geekinney.com/index.xml
[2025-04-07 07:17:41] - https://tcxx.info/feed
[2025-04-07 07:17:41] ✘ 有 2 条订阅头像无法访问, 已使用默认头像:
[2025-04-07 07:17:41] - http://feeds.feedburner.com/ruanyifeng
[2025-04-07 07:17:41] - https://www.loyhome.com/feed
[2025-04-07 08:23:09] 本次订阅抓取结果统计:
[2025-04-07 08:23:09] 共 28 条RSS, 成功抓取 27 条.
[2025-04-07 08:23:09] ✘ 有 1 条订阅解析失败:
[2025-04-07 08:23:09] - https://geekinney.com/index.xml
[2025-04-07 08:23:09] ✘ 有 3 条订阅头像无法访问, 已使用默认头像:
[2025-04-07 08:23:09] - http://feeds.feedburner.com/ruanyifeng
[2025-04-07 08:23:09] - https://www.loyhome.com/feed
[2025-04-07 08:23:09] - https://tcxx.info/feed
[2025-04-07 09:19:11] 本次订阅抓取结果统计:
[2025-04-07 09:19:11] 共 28 条RSS, 成功抓取 27 条.
[2025-04-07 09:19:11] ✘ 有 1 条订阅解析失败:
[2025-04-07 09:19:11] - https://geekinney.com/index.xml
[2025-04-07 09:19:11] ✘ 有 3 条订阅头像无法访问, 已使用默认头像:
[2025-04-07 09:19:11] - http://feeds.feedburner.com/ruanyifeng
[2025-04-07 09:19:11] - https://www.loyhome.com/feed
[2025-04-07 09:19:11] - https://tcxx.info/feed
[2025-04-07 10:19:31] 本次订阅抓取结果统计:
[2025-04-07 10:19:31] 共 28 条RSS, 成功抓取 27 条.
[2025-04-07 10:19:31] ✘ 有 1 条订阅解析失败:
[2025-04-07 10:19:31] - https://geekinney.com/index.xml
[2025-04-07 10:19:31] ✘ 有 2 条订阅头像无法访问, 已使用默认头像:
[2025-04-07 10:19:31] - http://feeds.feedburner.com/ruanyifeng
[2025-04-07 10:19:31] - https://www.loyhome.com/feed
[2025-04-07 11:15:55] 本次订阅抓取结果统计:
[2025-04-07 11:15:55] 共 28 条RSS, 成功抓取 27 条.
[2025-04-07 11:15:55] ✘ 有 1 条订阅解析失败:
[2025-04-07 11:15:55] - https://geekinney.com/index.xml
[2025-04-07 11:15:55] ✘ 有 3 条订阅头像无法访问, 已使用默认头像:
[2025-04-07 11:15:55] - http://feeds.feedburner.com/ruanyifeng
[2025-04-07 11:15:55] - https://www.loyhome.com/feed
[2025-04-07 11:15:55] - https://limboy.me/index.xml
[2025-04-07 12:34:59] 本次订阅抓取结果统计:
[2025-04-07 12:34:59] 共 28 条RSS, 成功抓取 27 条.
[2025-04-07 12:34:59] ✘ 有 1 条订阅解析失败:
[2025-04-07 12:34:59] - https://geekinney.com/index.xml
[2025-04-07 12:34:59] ✘ 有 2 条订阅头像无法访问, 已使用默认头像:
[2025-04-07 12:34:59] - http://feeds.feedburner.com/ruanyifeng
[2025-04-07 12:34:59] - https://www.loyhome.com/feed
[2025-04-07 13:27:10] 本次订阅抓取结果统计:
[2025-04-07 13:27:10] 共 28 条RSS, 成功抓取 27 条.
[2025-04-07 13:27:10] ✘ 有 1 条订阅解析失败:
[2025-04-07 13:27:10] - https://geekinney.com/index.xml
[2025-04-07 13:27:10] ✘ 有 2 条订阅头像无法访问, 已使用默认头像:
[2025-04-07 13:27:10] - http://feeds.feedburner.com/ruanyifeng
[2025-04-07 13:27:10] - https://www.loyhome.com/feed
