[2025-07-21 00:05:08] 本次订阅抓取结果统计:
[2025-07-21 00:05:08] 共 50 条RSS, 成功抓取 47 条.
[2025-07-21 00:05:08] ✘ 有 3 条订阅解析失败:
[2025-07-21 00:05:08] - https://tcxx.info/feed
[2025-07-21 00:05:08] - https://yinwang1.substack.com/feed
[2025-07-21 00:05:08] - https://www.douban.com/feed/review/book
[2025-07-21 00:05:08] ✘ 有 3 条订阅头像无法访问, 已使用默认头像:
[2025-07-21 00:05:08] - http://feeds.feedburner.com/ruanyifeng
[2025-07-21 00:05:08] - https://www.loyhome.com/feed
[2025-07-21 00:05:08] - https://a4.zyzhang.com/index.xml
[2025-07-21 01:30:24] 本次订阅抓取结果统计:
[2025-07-21 01:30:24] 共 50 条RSS, 成功抓取 46 条.
[2025-07-21 01:30:24] ✘ 有 4 条订阅解析失败:
[2025-07-21 01:30:24] - https://tcxx.info/feed
[2025-07-21 01:30:24] - https://blog.twofei.com/rss
[2025-07-21 01:30:24] - https://yinwang1.substack.com/feed
[2025-07-21 01:30:24] - https://www.douban.com/feed/review/book
[2025-07-21 01:30:24] ✘ 有 3 条订阅头像无法访问, 已使用默认头像:
[2025-07-21 01:30:24] - http://feeds.feedburner.com/ruanyifeng
[2025-07-21 01:30:24] - https://www.loyhome.com/feed
[2025-07-21 01:30:24] - https://a4.zyzhang.com/index.xml
[2025-07-21 02:42:58] 本次订阅抓取结果统计:
[2025-07-21 02:42:58] 共 50 条RSS, 成功抓取 48 条.
[2025-07-21 02:42:58] ✘ 有 2 条订阅解析失败:
[2025-07-21 02:42:58] - https://tcxx.info/feed
[2025-07-21 02:42:58] - https://yinwang1.substack.com/feed
[2025-07-21 02:42:58] ✘ 有 4 条订阅头像无法访问, 已使用默认头像:
[2025-07-21 02:42:58] - http://feeds.feedburner.com/ruanyifeng
[2025-07-21 02:42:58] - https://www.loyhome.com/feed
[2025-07-21 02:42:58] - https://a4.zyzhang.com/index.xml
[2025-07-21 02:42:58] - https://www.douban.com/feed/review/book
[2025-07-21 03:30:53] 本次订阅抓取结果统计:
[2025-07-21 03:30:53] 共 50 条RSS, 成功抓取 47 条.
[2025-07-21 03:30:53] ✘ 有 3 条订阅解析失败:
[2025-07-21 03:30:53] - https://tcxx.info/feed
[2025-07-21 03:30:53] - https://yinwang1.substack.com/feed
[2025-07-21 03:30:53] - https://www.douban.com/feed/review/book
[2025-07-21 03:30:53] ✘ 有 3 条订阅头像无法访问, 已使用默认头像:
[2025-07-21 03:30:53] - http://feeds.feedburner.com/ruanyifeng
[2025-07-21 03:30:53] - https://www.loyhome.com/feed
[2025-07-21 03:30:53] - https://a4.zyzhang.com/index.xml
[2025-07-21 04:16:35] 本次订阅抓取结果统计:
[2025-07-21 04:16:35] 共 50 条RSS, 成功抓取 48 条.
[2025-07-21 04:16:35] ✘ 有 2 条订阅解析失败:
[2025-07-21 04:16:35] - https://tcxx.info/feed
[2025-07-21 04:16:35] - https://yinwang1.substack.com/feed
[2025-07-21 04:16:35] ✘ 有 4 条订阅头像无法访问, 已使用默认头像:
[2025-07-21 04:16:35] - http://feeds.feedburner.com/ruanyifeng
[2025-07-21 04:16:35] - https://www.loyhome.com/feed
[2025-07-21 04:16:35] - https://a4.zyzhang.com/index.xml
[2025-07-21 04:16:35] - https://www.douban.com/feed/review/book
[2025-07-21 05:07:08] 抓取到的文章与现有数据相同，无需更新。
[2025-07-21 06:02:05] 本次订阅抓取结果统计:
[2025-07-21 06:02:05] 共 50 条RSS, 成功抓取 48 条.
[2025-07-21 06:02:05] ✘ 有 2 条订阅解析失败:
[2025-07-21 06:02:05] - https://tcxx.info/feed
[2025-07-21 06:02:05] - https://yinwang1.substack.com/feed
[2025-07-21 06:02:05] ✘ 有 5 条订阅头像无法访问, 已使用默认头像:
[2025-07-21 06:02:05] - http://feeds.feedburner.com/ruanyifeng
[2025-07-21 06:02:05] - https://www.loyhome.com/feed
[2025-07-21 06:02:05] - https://a4.zyzhang.com/index.xml
[2025-07-21 06:02:05] - https://www.douban.com/feed/review/book
[2025-07-21 06:02:05] - https://feeds.appinn.com/appinns/
[2025-07-21 07:05:16] 抓取到的文章与现有数据相同，无需更新。
[2025-07-21 08:02:18] 抓取到的文章与现有数据相同，无需更新。
[2025-07-21 09:04:59] 本次订阅抓取结果统计:
[2025-07-21 09:04:59] 共 50 条RSS, 成功抓取 48 条.
[2025-07-21 09:04:59] ✘ 有 2 条订阅解析失败:
[2025-07-21 09:04:59] - https://tcxx.info/feed
[2025-07-21 09:04:59] - https://yinwang1.substack.com/feed
[2025-07-21 09:04:59] ✘ 有 5 条订阅头像无法访问, 已使用默认头像:
[2025-07-21 09:04:59] - http://feeds.feedburner.com/ruanyifeng
[2025-07-21 09:04:59] - https://www.loyhome.com/feed
[2025-07-21 09:04:59] - https://a4.zyzhang.com/index.xml
[2025-07-21 09:04:59] - https://www.douban.com/feed/review/book
[2025-07-21 09:04:59] - https://feeds.appinn.com/appinns/
[2025-07-21 10:01:57] 本次订阅抓取结果统计:
[2025-07-21 10:01:57] 共 50 条RSS, 成功抓取 48 条.
[2025-07-21 10:01:57] ✘ 有 2 条订阅解析失败:
[2025-07-21 10:01:57] - https://tcxx.info/feed
[2025-07-21 10:01:57] - https://yinwang1.substack.com/feed
[2025-07-21 10:01:57] ✘ 有 4 条订阅头像无法访问, 已使用默认头像:
[2025-07-21 10:01:57] - https://www.loyhome.com/feed
[2025-07-21 10:01:57] - http://feeds.feedburner.com/ruanyifeng
[2025-07-21 10:01:57] - https://a4.zyzhang.com/index.xml
[2025-07-21 10:01:57] - https://www.douban.com/feed/review/book
[2025-07-21 11:01:39] 本次订阅抓取结果统计:
[2025-07-21 11:01:39] 共 50 条RSS, 成功抓取 48 条.
[2025-07-21 11:01:39] ✘ 有 2 条订阅解析失败:
[2025-07-21 11:01:39] - https://tcxx.info/feed
[2025-07-21 11:01:39] - https://yinwang1.substack.com/feed
[2025-07-21 11:01:39] ✘ 有 4 条订阅头像无法访问, 已使用默认头像:
[2025-07-21 11:01:39] - http://feeds.feedburner.com/ruanyifeng
[2025-07-21 11:01:39] - https://www.loyhome.com/feed
[2025-07-21 11:01:39] - https://a4.zyzhang.com/index.xml
[2025-07-21 11:01:39] - https://www.douban.com/feed/review/book
[2025-07-21 12:02:16] 抓取到的文章与现有数据相同，无需更新。
[2025-07-21 13:14:07] 本次订阅抓取结果统计:
[2025-07-21 13:14:07] 共 50 条RSS, 成功抓取 48 条.
[2025-07-21 13:14:07] ✘ 有 2 条订阅解析失败:
[2025-07-21 13:14:07] - https://tcxx.info/feed
[2025-07-21 13:14:07] - https://yinwang1.substack.com/feed
[2025-07-21 13:14:07] ✘ 有 4 条订阅头像无法访问, 已使用默认头像:
[2025-07-21 13:14:07] - http://feeds.feedburner.com/ruanyifeng
[2025-07-21 13:14:07] - https://a4.zyzhang.com/index.xml
[2025-07-21 13:14:07] - https://www.douban.com/feed/review/book
[2025-07-21 13:14:07] - https://www.loyhome.com/feed
[2025-07-21 14:02:41] 抓取到的文章与现有数据相同，无需更新。
[2025-07-21 15:02:47] 本次订阅抓取结果统计:
[2025-07-21 15:02:47] 共 50 条RSS, 成功抓取 48 条.
[2025-07-21 15:02:47] ✘ 有 2 条订阅解析失败:
[2025-07-21 15:02:47] - https://tcxx.info/feed
[2025-07-21 15:02:47] - https://yinwang1.substack.com/feed
[2025-07-21 15:02:47] ✘ 有 5 条订阅头像无法访问, 已使用默认头像:
[2025-07-21 15:02:47] - http://feeds.feedburner.com/ruanyifeng
[2025-07-21 15:02:47] - https://www.loyhome.com/feed
[2025-07-21 15:02:47] - https://a4.zyzhang.com/index.xml
[2025-07-21 15:02:47] - https://feeds.appinn.com/appinns/
[2025-07-21 15:02:47] - https://www.douban.com/feed/review/book
[2025-07-21 16:01:45] 本次订阅抓取结果统计:
[2025-07-21 16:01:45] 共 50 条RSS, 成功抓取 48 条.
[2025-07-21 16:01:45] ✘ 有 2 条订阅解析失败:
[2025-07-21 16:01:45] - https://tcxx.info/feed
[2025-07-21 16:01:45] - https://yinwang1.substack.com/feed
[2025-07-21 16:01:45] ✘ 有 5 条订阅头像无法访问, 已使用默认头像:
[2025-07-21 16:01:45] - http://feeds.feedburner.com/ruanyifeng
[2025-07-21 16:01:45] - https://www.loyhome.com/feed
[2025-07-21 16:01:45] - https://a4.zyzhang.com/index.xml
[2025-07-21 16:01:45] - https://feeds.appinn.com/appinns/
[2025-07-21 16:01:45] - https://www.douban.com/feed/review/book
