[2025-10-28 00:05:21] 本次订阅抓取结果统计:
[2025-10-28 00:05:21] 共 63 条RSS, 成功抓取 55 条.
[2025-10-28 00:05:21] ✘ 有 7 条订阅解析失败:
[2025-10-28 00:05:21] - https://tcxx.info/feed
[2025-10-28 00:05:21] - https://tumutanzi.com/feed
[2025-10-28 00:05:21] - https://geekinney.com/index.xml
[2025-10-28 00:05:21] - https://suus.me/index.xml
[2025-10-28 00:05:21] - https://yinwang1.substack.com/feed
[2025-10-28 00:05:21] - https://botanwang.com/rss.xml
[2025-10-28 00:05:21] - http://www.auiou.com/feed/
[2025-10-28 00:05:21] ✘ 有 1 条订阅为空:
[2025-10-28 00:05:21] - http://feeds.feedburner.com/zhihu-daily
[2025-10-28 00:05:21] ✘ 有 1 条订阅头像字段为空, 已使用默认头像:
[2025-10-28 00:05:21] - https://feed.cnblogs.com/blog/u/66551/rss/
[2025-10-28 00:05:21] ✘ 有 3 条订阅头像无法访问, 已使用默认头像:
[2025-10-28 00:05:21] - http://feeds.feedburner.com/ruanyifeng
[2025-10-28 00:05:21] - https://skywind.me/blog/feed
[2025-10-28 00:05:21] - https://www.douban.com/feed/review/book
[2025-10-28 01:29:32] 本次订阅抓取结果统计:
[2025-10-28 01:29:32] 共 63 条RSS, 成功抓取 56 条.
[2025-10-28 01:29:32] ✘ 有 6 条订阅解析失败:
[2025-10-28 01:29:32] - https://tcxx.info/feed
[2025-10-28 01:29:32] - https://tumutanzi.com/feed
[2025-10-28 01:29:32] - https://geekinney.com/index.xml
[2025-10-28 01:29:32] - https://suus.me/index.xml
[2025-10-28 01:29:32] - https://yinwang1.substack.com/feed
[2025-10-28 01:29:32] - https://botanwang.com/rss.xml
[2025-10-28 01:29:32] ✘ 有 1 条订阅为空:
[2025-10-28 01:29:32] - http://feeds.feedburner.com/zhihu-daily
[2025-10-28 01:29:32] ✘ 有 1 条订阅头像字段为空, 已使用默认头像:
[2025-10-28 01:29:32] - https://feed.cnblogs.com/blog/u/66551/rss/
[2025-10-28 01:29:32] ✘ 有 3 条订阅头像无法访问, 已使用默认头像:
[2025-10-28 01:29:32] - http://feeds.feedburner.com/ruanyifeng
[2025-10-28 01:29:32] - https://skywind.me/blog/feed
[2025-10-28 01:29:32] - https://www.douban.com/feed/review/book
[2025-10-28 02:28:58] 本次订阅抓取结果统计:
[2025-10-28 02:28:58] 共 63 条RSS, 成功抓取 56 条.
[2025-10-28 02:28:58] ✘ 有 6 条订阅解析失败:
[2025-10-28 02:28:58] - https://tumutanzi.com/feed
[2025-10-28 02:28:58] - https://tcxx.info/feed
[2025-10-28 02:28:58] - https://geekinney.com/index.xml
[2025-10-28 02:28:58] - https://suus.me/index.xml
[2025-10-28 02:28:58] - https://yinwang1.substack.com/feed
[2025-10-28 02:28:58] - https://botanwang.com/rss.xml
[2025-10-28 02:28:58] ✘ 有 1 条订阅为空:
[2025-10-28 02:28:58] - http://feeds.feedburner.com/zhihu-daily
[2025-10-28 02:28:58] ✘ 有 1 条订阅头像字段为空, 已使用默认头像:
[2025-10-28 02:28:58] - https://feed.cnblogs.com/blog/u/66551/rss/
[2025-10-28 02:28:58] ✘ 有 3 条订阅头像无法访问, 已使用默认头像:
[2025-10-28 02:28:58] - http://feeds.feedburner.com/ruanyifeng
[2025-10-28 02:28:58] - https://skywind.me/blog/feed
[2025-10-28 02:28:58] - https://www.douban.com/feed/review/book
[2025-10-28 03:18:55] 抓取到的文章与现有数据相同，无需更新。
[2025-10-28 04:01:53] 本次订阅抓取结果统计:
[2025-10-28 04:01:53] 共 63 条RSS, 成功抓取 56 条.
[2025-10-28 04:01:53] ✘ 有 6 条订阅解析失败:
[2025-10-28 04:01:53] - https://tcxx.info/feed
[2025-10-28 04:01:53] - https://tumutanzi.com/feed
[2025-10-28 04:01:53] - https://geekinney.com/index.xml
[2025-10-28 04:01:53] - https://suus.me/index.xml
[2025-10-28 04:01:53] - https://yinwang1.substack.com/feed
[2025-10-28 04:01:53] - https://botanwang.com/rss.xml
[2025-10-28 04:01:53] ✘ 有 1 条订阅为空:
[2025-10-28 04:01:53] - http://feeds.feedburner.com/zhihu-daily
[2025-10-28 04:01:53] ✘ 有 1 条订阅头像字段为空, 已使用默认头像:
[2025-10-28 04:01:53] - https://feed.cnblogs.com/blog/u/66551/rss/
[2025-10-28 04:01:53] ✘ 有 3 条订阅头像无法访问, 已使用默认头像:
[2025-10-28 04:01:53] - http://feeds.feedburner.com/ruanyifeng
[2025-10-28 04:01:53] - https://skywind.me/blog/feed
[2025-10-28 04:01:53] - https://www.douban.com/feed/review/book
[2025-10-28 05:01:53] 抓取到的文章与现有数据相同，无需更新。
[2025-10-28 06:02:32] 抓取到的文章与现有数据相同，无需更新。
[2025-10-28 07:02:34] 本次订阅抓取结果统计:
[2025-10-28 07:02:34] 共 63 条RSS, 成功抓取 55 条.
[2025-10-28 07:02:34] ✘ 有 7 条订阅解析失败:
[2025-10-28 07:02:34] - https://tumutanzi.com/feed
[2025-10-28 07:02:34] - https://tcxx.info/feed
[2025-10-28 07:02:34] - https://geekinney.com/index.xml
[2025-10-28 07:02:34] - https://suus.me/index.xml
[2025-10-28 07:02:34] - https://yinwang1.substack.com/feed
[2025-10-28 07:02:34] - https://botanwang.com/rss.xml
[2025-10-28 07:02:34] - https://oba.by/feed
[2025-10-28 07:02:34] ✘ 有 1 条订阅为空:
[2025-10-28 07:02:34] - http://feeds.feedburner.com/zhihu-daily
[2025-10-28 07:02:34] ✘ 有 1 条订阅头像字段为空, 已使用默认头像:
[2025-10-28 07:02:34] - https://feed.cnblogs.com/blog/u/66551/rss/
[2025-10-28 07:02:34] ✘ 有 3 条订阅头像无法访问, 已使用默认头像:
[2025-10-28 07:02:34] - http://feeds.feedburner.com/ruanyifeng
[2025-10-28 07:02:34] - https://skywind.me/blog/feed
[2025-10-28 07:02:34] - https://www.douban.com/feed/review/book
[2025-10-28 08:02:05] 本次订阅抓取结果统计:
[2025-10-28 08:02:05] 共 63 条RSS, 成功抓取 56 条.
[2025-10-28 08:02:05] ✘ 有 6 条订阅解析失败:
[2025-10-28 08:02:05] - https://tcxx.info/feed
[2025-10-28 08:02:05] - https://tumutanzi.com/feed
[2025-10-28 08:02:05] - https://geekinney.com/index.xml
[2025-10-28 08:02:05] - https://suus.me/index.xml
[2025-10-28 08:02:05] - https://yinwang1.substack.com/feed
[2025-10-28 08:02:05] - https://botanwang.com/rss.xml
[2025-10-28 08:02:05] ✘ 有 1 条订阅为空:
[2025-10-28 08:02:05] - http://feeds.feedburner.com/zhihu-daily
[2025-10-28 08:02:05] ✘ 有 1 条订阅头像字段为空, 已使用默认头像:
[2025-10-28 08:02:05] - https://feed.cnblogs.com/blog/u/66551/rss/
[2025-10-28 08:02:05] ✘ 有 3 条订阅头像无法访问, 已使用默认头像:
[2025-10-28 08:02:05] - http://feeds.feedburner.com/ruanyifeng
[2025-10-28 08:02:05] - https://skywind.me/blog/feed
[2025-10-28 08:02:05] - https://www.douban.com/feed/review/book
[2025-10-28 09:01:51] 本次订阅抓取结果统计:
[2025-10-28 09:01:51] 共 63 条RSS, 成功抓取 56 条.
[2025-10-28 09:01:51] ✘ 有 6 条订阅解析失败:
[2025-10-28 09:01:51] - https://tcxx.info/feed
[2025-10-28 09:01:51] - https://tumutanzi.com/feed
[2025-10-28 09:01:51] - https://geekinney.com/index.xml
[2025-10-28 09:01:51] - https://suus.me/index.xml
[2025-10-28 09:01:51] - https://yinwang1.substack.com/feed
[2025-10-28 09:01:51] - https://botanwang.com/rss.xml
[2025-10-28 09:01:51] ✘ 有 1 条订阅为空:
[2025-10-28 09:01:51] - http://feeds.feedburner.com/zhihu-daily
[2025-10-28 09:01:51] ✘ 有 1 条订阅头像字段为空, 已使用默认头像:
[2025-10-28 09:01:51] - https://feed.cnblogs.com/blog/u/66551/rss/
[2025-10-28 09:01:51] ✘ 有 3 条订阅头像无法访问, 已使用默认头像:
[2025-10-28 09:01:51] - http://feeds.feedburner.com/ruanyifeng
[2025-10-28 09:01:51] - https://skywind.me/blog/feed
[2025-10-28 09:01:51] - https://www.douban.com/feed/review/book
[2025-10-28 10:01:50] 本次订阅抓取结果统计:
[2025-10-28 10:01:50] 共 63 条RSS, 成功抓取 56 条.
[2025-10-28 10:01:50] ✘ 有 6 条订阅解析失败:
[2025-10-28 10:01:50] - https://tcxx.info/feed
[2025-10-28 10:01:50] - https://tumutanzi.com/feed
[2025-10-28 10:01:50] - https://geekinney.com/index.xml
[2025-10-28 10:01:50] - https://suus.me/index.xml
[2025-10-28 10:01:50] - https://yinwang1.substack.com/feed
[2025-10-28 10:01:50] - https://botanwang.com/rss.xml
[2025-10-28 10:01:50] ✘ 有 1 条订阅为空:
[2025-10-28 10:01:50] - http://feeds.feedburner.com/zhihu-daily
[2025-10-28 10:01:50] ✘ 有 1 条订阅头像字段为空, 已使用默认头像:
[2025-10-28 10:01:50] - https://feed.cnblogs.com/blog/u/66551/rss/
[2025-10-28 10:01:50] ✘ 有 3 条订阅头像无法访问, 已使用默认头像:
[2025-10-28 10:01:50] - http://feeds.feedburner.com/ruanyifeng
[2025-10-28 10:01:50] - https://skywind.me/blog/feed
[2025-10-28 10:01:50] - https://www.douban.com/feed/review/book
[2025-10-28 11:01:59] 本次订阅抓取结果统计:
[2025-10-28 11:01:59] 共 63 条RSS, 成功抓取 56 条.
[2025-10-28 11:01:59] ✘ 有 6 条订阅解析失败:
[2025-10-28 11:01:59] - https://tcxx.info/feed
[2025-10-28 11:01:59] - https://tumutanzi.com/feed
[2025-10-28 11:01:59] - https://geekinney.com/index.xml
[2025-10-28 11:01:59] - https://suus.me/index.xml
[2025-10-28 11:01:59] - https://yinwang1.substack.com/feed
[2025-10-28 11:01:59] - https://botanwang.com/rss.xml
[2025-10-28 11:01:59] ✘ 有 1 条订阅为空:
[2025-10-28 11:01:59] - http://feeds.feedburner.com/zhihu-daily
[2025-10-28 11:01:59] ✘ 有 1 条订阅头像字段为空, 已使用默认头像:
[2025-10-28 11:01:59] - https://feed.cnblogs.com/blog/u/66551/rss/
[2025-10-28 11:01:59] ✘ 有 3 条订阅头像无法访问, 已使用默认头像:
[2025-10-28 11:01:59] - http://feeds.feedburner.com/ruanyifeng
[2025-10-28 11:01:59] - https://skywind.me/blog/feed
[2025-10-28 11:01:59] - https://www.douban.com/feed/review/book
[2025-10-28 12:02:26] 抓取到的文章与现有数据相同，无需更新。
[2025-10-28 13:10:57] 抓取到的文章与现有数据相同，无需更新。
[2025-10-28 14:01:54] 抓取到的文章与现有数据相同，无需更新。
[2025-10-28 15:02:03] 抓取到的文章与现有数据相同，无需更新。
[2025-10-28 16:02:15] 抓取到的文章与现有数据相同，无需更新。
[2025-10-28 17:03:03] 抓取到的文章与现有数据相同，无需更新。
[2025-10-28 18:01:58] 抓取到的文章与现有数据相同，无需更新。
[2025-10-28 19:02:39] 本次订阅抓取结果统计:
[2025-10-28 19:02:39] 共 63 条RSS, 成功抓取 55 条.
[2025-10-28 19:02:39] ✘ 有 7 条订阅解析失败:
[2025-10-28 19:02:39] - https://tcxx.info/feed
[2025-10-28 19:02:39] - https://tumutanzi.com/feed
[2025-10-28 19:02:39] - https://geekinney.com/index.xml
[2025-10-28 19:02:39] - https://suus.me/index.xml
[2025-10-28 19:02:39] - https://yinwang1.substack.com/feed
[2025-10-28 19:02:39] - https://botanwang.com/rss.xml
[2025-10-28 19:02:39] - http://www.auiou.com/feed/
[2025-10-28 19:02:39] ✘ 有 1 条订阅为空:
[2025-10-28 19:02:39] - http://feeds.feedburner.com/zhihu-daily
[2025-10-28 19:02:39] ✘ 有 1 条订阅头像字段为空, 已使用默认头像:
[2025-10-28 19:02:39] - https://feed.cnblogs.com/blog/u/66551/rss/
[2025-10-28 19:02:39] ✘ 有 3 条订阅头像无法访问, 已使用默认头像:
[2025-10-28 19:02:39] - http://feeds.feedburner.com/ruanyifeng
[2025-10-28 19:02:39] - https://skywind.me/blog/feed
[2025-10-28 19:02:39] - https://www.douban.com/feed/review/book
[2025-10-28 20:02:00] 本次订阅抓取结果统计:
[2025-10-28 20:02:00] 共 63 条RSS, 成功抓取 56 条.
[2025-10-28 20:02:00] ✘ 有 6 条订阅解析失败:
[2025-10-28 20:02:00] - https://tcxx.info/feed
[2025-10-28 20:02:00] - https://tumutanzi.com/feed
[2025-10-28 20:02:00] - https://geekinney.com/index.xml
[2025-10-28 20:02:00] - https://suus.me/index.xml
[2025-10-28 20:02:00] - https://yinwang1.substack.com/feed
[2025-10-28 20:02:00] - https://botanwang.com/rss.xml
[2025-10-28 20:02:00] ✘ 有 1 条订阅为空:
[2025-10-28 20:02:00] - http://feeds.feedburner.com/zhihu-daily
[2025-10-28 20:02:00] ✘ 有 1 条订阅头像字段为空, 已使用默认头像:
[2025-10-28 20:02:00] - https://feed.cnblogs.com/blog/u/66551/rss/
[2025-10-28 20:02:00] ✘ 有 3 条订阅头像无法访问, 已使用默认头像:
[2025-10-28 20:02:00] - http://feeds.feedburner.com/ruanyifeng
[2025-10-28 20:02:00] - https://skywind.me/blog/feed
[2025-10-28 20:02:00] - https://www.douban.com/feed/review/book
[2025-10-28 21:01:50] 抓取到的文章与现有数据相同，无需更新。
[2025-10-28 22:01:51] 本次订阅抓取结果统计:
[2025-10-28 22:01:51] 共 63 条RSS, 成功抓取 56 条.
[2025-10-28 22:01:51] ✘ 有 6 条订阅解析失败:
[2025-10-28 22:01:51] - https://tcxx.info/feed
[2025-10-28 22:01:51] - https://tumutanzi.com/feed
[2025-10-28 22:01:51] - https://geekinney.com/index.xml
[2025-10-28 22:01:51] - https://suus.me/index.xml
[2025-10-28 22:01:51] - https://yinwang1.substack.com/feed
[2025-10-28 22:01:51] - https://botanwang.com/rss.xml
[2025-10-28 22:01:51] ✘ 有 1 条订阅为空:
[2025-10-28 22:01:51] - http://feeds.feedburner.com/zhihu-daily
[2025-10-28 22:01:51] ✘ 有 1 条订阅头像字段为空, 已使用默认头像:
[2025-10-28 22:01:51] - https://feed.cnblogs.com/blog/u/66551/rss/
[2025-10-28 22:01:51] ✘ 有 3 条订阅头像无法访问, 已使用默认头像:
[2025-10-28 22:01:51] - http://feeds.feedburner.com/ruanyifeng
[2025-10-28 22:01:51] - https://skywind.me/blog/feed
[2025-10-28 22:01:51] - https://www.douban.com/feed/review/book
