[2025-03-26 01:16:50] 本次订阅抓取结果统计:
[2025-03-26 01:16:50] 共 28 条RSS, 成功抓取 26 条.
[2025-03-26 01:16:50] ✘ 有 2 条订阅解析失败:
[2025-03-26 01:16:50] - https://tcxx.info/feed
[2025-03-26 01:16:50] - https://geekinney.com/index.xml
[2025-03-26 01:16:50] ✘ 有 2 条订阅头像无法访问, 已使用默认头像:
[2025-03-26 01:16:50] - http://feeds.feedburner.com/ruanyifeng
[2025-03-26 01:16:50] - https://www.loyhome.com/feed
[2025-03-26 02:56:48] 本次订阅抓取结果统计:
[2025-03-26 02:56:48] 共 28 条RSS, 成功抓取 26 条.
[2025-03-26 02:56:48] ✘ 有 2 条订阅解析失败:
[2025-03-26 02:56:48] - https://tcxx.info/feed
[2025-03-26 02:56:48] - https://geekinney.com/index.xml
[2025-03-26 02:56:48] ✘ 有 2 条订阅头像无法访问, 已使用默认头像:
[2025-03-26 02:56:48] - https://www.loyhome.com/feed
[2025-03-26 02:56:48] - http://feeds.feedburner.com/ruanyifeng
[2025-03-26 03:30:46] 本次订阅抓取结果统计:
[2025-03-26 03:30:46] 共 28 条RSS, 成功抓取 26 条.
[2025-03-26 03:30:46] ✘ 有 2 条订阅解析失败:
[2025-03-26 03:30:46] - https://tcxx.info/feed
[2025-03-26 03:30:46] - https://geekinney.com/index.xml
[2025-03-26 03:30:46] ✘ 有 2 条订阅头像无法访问, 已使用默认头像:
[2025-03-26 03:30:46] - http://feeds.feedburner.com/ruanyifeng
[2025-03-26 03:30:46] - https://www.loyhome.com/feed
[2025-03-26 04:21:40] 本次订阅抓取结果统计:
[2025-03-26 04:21:40] 共 28 条RSS, 成功抓取 26 条.
[2025-03-26 04:21:40] ✘ 有 2 条订阅解析失败:
[2025-03-26 04:21:40] - https://tcxx.info/feed
[2025-03-26 04:21:40] - https://geekinney.com/index.xml
[2025-03-26 04:21:40] ✘ 有 2 条订阅头像无法访问, 已使用默认头像:
[2025-03-26 04:21:40] - http://feeds.feedburner.com/ruanyifeng
[2025-03-26 04:21:40] - https://www.loyhome.com/feed
[2025-03-26 05:16:23] 本次订阅抓取结果统计:
[2025-03-26 05:16:23] 共 28 条RSS, 成功抓取 26 条.
[2025-03-26 05:16:23] ✘ 有 2 条订阅解析失败:
[2025-03-26 05:16:23] - https://tcxx.info/feed
[2025-03-26 05:16:23] - https://geekinney.com/index.xml
[2025-03-26 05:16:23] ✘ 有 3 条订阅头像无法访问, 已使用默认头像:
[2025-03-26 05:16:23] - http://feeds.feedburner.com/ruanyifeng
[2025-03-26 05:16:23] - https://www.loyhome.com/feed
[2025-03-26 05:16:23] - https://xyzbz.cn/feed
[2025-03-26 06:23:21] 本次订阅抓取结果统计:
[2025-03-26 06:23:21] 共 28 条RSS, 成功抓取 26 条.
[2025-03-26 06:23:21] ✘ 有 2 条订阅解析失败:
[2025-03-26 06:23:21] - https://tcxx.info/feed
[2025-03-26 06:23:21] - https://geekinney.com/index.xml
[2025-03-26 06:23:21] ✘ 有 2 条订阅头像无法访问, 已使用默认头像:
[2025-03-26 06:23:21] - http://feeds.feedburner.com/ruanyifeng
[2025-03-26 06:23:21] - https://www.loyhome.com/feed
[2025-03-26 07:16:34] 本次订阅抓取结果统计:
[2025-03-26 07:16:34] 共 28 条RSS, 成功抓取 26 条.
[2025-03-26 07:16:34] ✘ 有 2 条订阅解析失败:
[2025-03-26 07:16:34] - https://tcxx.info/feed
[2025-03-26 07:16:34] - https://geekinney.com/index.xml
[2025-03-26 07:16:34] ✘ 有 3 条订阅头像无法访问, 已使用默认头像:
[2025-03-26 07:16:34] - http://feeds.feedburner.com/ruanyifeng
[2025-03-26 07:16:34] - https://www.loyhome.com/feed
[2025-03-26 07:16:34] - https://xyzbz.cn/feed
[2025-03-26 08:22:04] 本次订阅抓取结果统计:
[2025-03-26 08:22:04] 共 28 条RSS, 成功抓取 26 条.
[2025-03-26 08:22:04] ✘ 有 2 条订阅解析失败:
[2025-03-26 08:22:04] - https://tcxx.info/feed
[2025-03-26 08:22:04] - https://geekinney.com/index.xml
[2025-03-26 08:22:04] ✘ 有 2 条订阅头像无法访问, 已使用默认头像:
[2025-03-26 08:22:04] - http://feeds.feedburner.com/ruanyifeng
[2025-03-26 08:22:04] - https://www.loyhome.com/feed
[2025-03-26 09:18:17] 本次订阅抓取结果统计:
[2025-03-26 09:18:17] 共 28 条RSS, 成功抓取 26 条.
[2025-03-26 09:18:17] ✘ 有 2 条订阅解析失败:
[2025-03-26 09:18:17] - https://tcxx.info/feed
[2025-03-26 09:18:17] - https://geekinney.com/index.xml
[2025-03-26 09:18:17] ✘ 有 3 条订阅头像无法访问, 已使用默认头像:
[2025-03-26 09:18:17] - http://feeds.feedburner.com/ruanyifeng
[2025-03-26 09:18:17] - https://www.loyhome.com/feed
[2025-03-26 09:18:17] - https://xyzbz.cn/feed
[2025-03-26 10:18:56] 本次订阅抓取结果统计:
[2025-03-26 10:18:56] 共 28 条RSS, 成功抓取 25 条.
[2025-03-26 10:18:56] ✘ 有 3 条订阅解析失败:
[2025-03-26 10:18:56] - https://tcxx.info/feed
[2025-03-26 10:18:56] - https://geekinney.com/index.xml
[2025-03-26 10:18:56] - https://blog.yanqingshan.com/feed
[2025-03-26 10:18:56] ✘ 有 2 条订阅头像无法访问, 已使用默认头像:
[2025-03-26 10:18:56] - http://feeds.feedburner.com/ruanyifeng
[2025-03-26 10:18:56] - https://www.loyhome.com/feed
[2025-03-26 11:14:27] 本次订阅抓取结果统计:
[2025-03-26 11:14:27] 共 28 条RSS, 成功抓取 25 条.
[2025-03-26 11:14:27] ✘ 有 3 条订阅解析失败:
[2025-03-26 11:14:27] - https://tcxx.info/feed
[2025-03-26 11:14:27] - https://geekinney.com/index.xml
[2025-03-26 11:14:27] - https://ihaihe.cn/feed
[2025-03-26 11:14:27] ✘ 有 2 条订阅头像无法访问, 已使用默认头像:
[2025-03-26 11:14:27] - http://feeds.feedburner.com/ruanyifeng
[2025-03-26 11:14:27] - https://www.loyhome.com/feed
[2025-03-26 12:34:20] 本次订阅抓取结果统计:
[2025-03-26 12:34:20] 共 28 条RSS, 成功抓取 25 条.
[2025-03-26 12:34:20] ✘ 有 3 条订阅解析失败:
[2025-03-26 12:34:20] - https://tcxx.info/feed
[2025-03-26 12:34:20] - https://geekinney.com/index.xml
[2025-03-26 12:34:20] - https://blog.yanqingshan.com/feed
[2025-03-26 12:34:20] ✘ 有 2 条订阅头像无法访问, 已使用默认头像:
[2025-03-26 12:34:20] - http://feeds.feedburner.com/ruanyifeng
[2025-03-26 12:34:20] - https://www.loyhome.com/feed
[2025-03-26 13:26:37] 本次订阅抓取结果统计:
[2025-03-26 13:26:37] 共 28 条RSS, 成功抓取 26 条.
[2025-03-26 13:26:37] ✘ 有 2 条订阅解析失败:
[2025-03-26 13:26:37] - https://tcxx.info/feed
[2025-03-26 13:26:37] - https://geekinney.com/index.xml
[2025-03-26 13:26:37] ✘ 有 3 条订阅头像无法访问, 已使用默认头像:
[2025-03-26 13:26:37] - http://feeds.feedburner.com/ruanyifeng
[2025-03-26 13:26:37] - https://www.loyhome.com/feed
[2025-03-26 13:26:37] - https://xyzbz.cn/feed
[2025-03-26 14:17:13] 本次订阅抓取结果统计:
[2025-03-26 14:17:13] 共 28 条RSS, 成功抓取 27 条.
[2025-03-26 14:17:13] ✘ 有 1 条订阅解析失败:
[2025-03-26 14:17:13] - https://geekinney.com/index.xml
[2025-03-26 14:17:13] ✘ 有 2 条订阅头像无法访问, 已使用默认头像:
[2025-03-26 14:17:13] - https://www.loyhome.com/feed
[2025-03-26 14:17:13] - http://feeds.feedburner.com/ruanyifeng
[2025-03-26 15:18:49] 本次订阅抓取结果统计:
[2025-03-26 15:18:49] 共 28 条RSS, 成功抓取 26 条.
[2025-03-26 15:18:49] ✘ 有 2 条订阅解析失败:
[2025-03-26 15:18:49] - https://geekinney.com/index.xml
[2025-03-26 15:18:49] - https://tcxx.info/feed
[2025-03-26 15:18:49] ✘ 有 2 条订阅头像无法访问, 已使用默认头像:
[2025-03-26 15:18:49] - https://www.loyhome.com/feed
[2025-03-26 15:18:49] - http://feeds.feedburner.com/ruanyifeng
[2025-03-26 16:22:09] 本次订阅抓取结果统计:
[2025-03-26 16:22:09] 共 28 条RSS, 成功抓取 26 条.
[2025-03-26 16:22:09] ✘ 有 2 条订阅解析失败:
[2025-03-26 16:22:09] - https://tcxx.info/feed
[2025-03-26 16:22:09] - https://geekinney.com/index.xml
[2025-03-26 16:22:09] ✘ 有 2 条订阅头像无法访问, 已使用默认头像:
[2025-03-26 16:22:09] - http://feeds.feedburner.com/ruanyifeng
[2025-03-26 16:22:09] - https://www.loyhome.com/feed
[2025-03-26 17:16:01] 本次订阅抓取结果统计:
[2025-03-26 17:16:01] 共 28 条RSS, 成功抓取 25 条.
[2025-03-26 17:16:01] ✘ 有 3 条订阅解析失败:
[2025-03-26 17:16:01] - https://tcxx.info/feed
[2025-03-26 17:16:01] - https://geekinney.com/index.xml
[2025-03-26 17:16:01] - https://blog.yanqingshan.com/feed
[2025-03-26 17:16:01] ✘ 有 2 条订阅头像无法访问, 已使用默认头像:
[2025-03-26 17:16:01] - http://feeds.feedburner.com/ruanyifeng
[2025-03-26 17:16:01] - https://www.loyhome.com/feed
[2025-03-26 18:23:25] 本次订阅抓取结果统计:
[2025-03-26 18:23:25] 共 28 条RSS, 成功抓取 26 条.
[2025-03-26 18:23:25] ✘ 有 2 条订阅解析失败:
[2025-03-26 18:23:25] - https://tcxx.info/feed
[2025-03-26 18:23:25] - https://geekinney.com/index.xml
[2025-03-26 18:23:25] ✘ 有 2 条订阅头像无法访问, 已使用默认头像:
[2025-03-26 18:23:25] - http://feeds.feedburner.com/ruanyifeng
[2025-03-26 18:23:25] - https://www.loyhome.com/feed
