[2025-08-06 00:05:08] 抓取到的文章与现有数据相同，无需更新。
[2025-08-06 01:29:59] 本次订阅抓取结果统计:
[2025-08-06 01:29:59] 共 51 条RSS, 成功抓取 47 条.
[2025-08-06 01:29:59] ✘ 有 4 条订阅解析失败:
[2025-08-06 01:29:59] - https://tumutanzi.com/feed
[2025-08-06 01:29:59] - https://tcxx.info/feed
[2025-08-06 01:29:59] - https://www.williamlong.info/rss.xml
[2025-08-06 01:29:59] - https://yinwang1.substack.com/feed
[2025-08-06 01:29:59] ✘ 有 5 条订阅头像无法访问, 已使用默认头像:
[2025-08-06 01:29:59] - http://feeds.feedburner.com/ruanyifeng
[2025-08-06 01:29:59] - https://www.loyhome.com/feed
[2025-08-06 01:29:59] - https://a4.zyzhang.com/index.xml
[2025-08-06 01:29:59] - https://www.geedea.pro/index.xml
[2025-08-06 01:29:59] - https://www.douban.com/feed/review/book
[2025-08-06 02:41:35] 本次订阅抓取结果统计:
[2025-08-06 02:41:35] 共 51 条RSS, 成功抓取 46 条.
[2025-08-06 02:41:35] ✘ 有 5 条订阅解析失败:
[2025-08-06 02:41:35] - https://tcxx.info/feed
[2025-08-06 02:41:35] - https://tumutanzi.com/feed
[2025-08-06 02:41:35] - https://www.williamlong.info/rss.xml
[2025-08-06 02:41:35] - https://yinwang1.substack.com/feed
[2025-08-06 02:41:35] - https://www.douban.com/feed/review/book
[2025-08-06 02:41:35] ✘ 有 5 条订阅头像无法访问, 已使用默认头像:
[2025-08-06 02:41:35] - http://feeds.feedburner.com/ruanyifeng
[2025-08-06 02:41:35] - https://www.loyhome.com/feed
[2025-08-06 02:41:35] - https://a4.zyzhang.com/index.xml
[2025-08-06 02:41:35] - https://www.geedea.pro/index.xml
[2025-08-06 02:41:35] - https://feeds.appinn.com/appinns/
[2025-08-06 03:30:54] 本次订阅抓取结果统计:
[2025-08-06 03:30:54] 共 51 条RSS, 成功抓取 47 条.
[2025-08-06 03:30:54] ✘ 有 4 条订阅解析失败:
[2025-08-06 03:30:54] - https://tcxx.info/feed
[2025-08-06 03:30:54] - https://tumutanzi.com/feed
[2025-08-06 03:30:54] - https://www.williamlong.info/rss.xml
[2025-08-06 03:30:54] - https://yinwang1.substack.com/feed
[2025-08-06 03:30:54] ✘ 有 5 条订阅头像无法访问, 已使用默认头像:
[2025-08-06 03:30:54] - http://feeds.feedburner.com/ruanyifeng
[2025-08-06 03:30:54] - https://www.loyhome.com/feed
[2025-08-06 03:30:54] - https://a4.zyzhang.com/index.xml
[2025-08-06 03:30:54] - https://www.geedea.pro/index.xml
[2025-08-06 03:30:54] - https://www.douban.com/feed/review/book
[2025-08-06 04:17:24] 抓取到的文章与现有数据相同，无需更新。
[2025-08-06 05:08:35] 本次订阅抓取结果统计:
[2025-08-06 05:08:35] 共 51 条RSS, 成功抓取 47 条.
[2025-08-06 05:08:35] ✘ 有 4 条订阅解析失败:
[2025-08-06 05:08:35] - https://tcxx.info/feed
[2025-08-06 05:08:35] - https://tumutanzi.com/feed
[2025-08-06 05:08:35] - https://www.williamlong.info/rss.xml
[2025-08-06 05:08:35] - https://yinwang1.substack.com/feed
[2025-08-06 05:08:35] ✘ 有 5 条订阅头像无法访问, 已使用默认头像:
[2025-08-06 05:08:35] - https://www.loyhome.com/feed
[2025-08-06 05:08:35] - http://feeds.feedburner.com/ruanyifeng
[2025-08-06 05:08:35] - https://a4.zyzhang.com/index.xml
[2025-08-06 05:08:35] - https://www.geedea.pro/index.xml
[2025-08-06 05:08:35] - https://www.douban.com/feed/review/book
[2025-08-06 06:02:58] 本次订阅抓取结果统计:
[2025-08-06 06:02:58] 共 51 条RSS, 成功抓取 47 条.
[2025-08-06 06:02:58] ✘ 有 4 条订阅解析失败:
[2025-08-06 06:02:58] - https://tumutanzi.com/feed
[2025-08-06 06:02:58] - https://tcxx.info/feed
[2025-08-06 06:02:58] - https://www.williamlong.info/rss.xml
[2025-08-06 06:02:58] - https://yinwang1.substack.com/feed
[2025-08-06 06:02:58] ✘ 有 5 条订阅头像无法访问, 已使用默认头像:
[2025-08-06 06:02:58] - http://feeds.feedburner.com/ruanyifeng
[2025-08-06 06:02:58] - https://www.loyhome.com/feed
[2025-08-06 06:02:58] - https://a4.zyzhang.com/index.xml
[2025-08-06 06:02:58] - https://www.geedea.pro/index.xml
[2025-08-06 06:02:58] - https://www.douban.com/feed/review/book
[2025-08-06 07:05:46] 本次订阅抓取结果统计:
[2025-08-06 07:05:46] 共 51 条RSS, 成功抓取 47 条.
[2025-08-06 07:05:46] ✘ 有 4 条订阅解析失败:
[2025-08-06 07:05:46] - https://tcxx.info/feed
[2025-08-06 07:05:46] - https://tumutanzi.com/feed
[2025-08-06 07:05:46] - https://www.williamlong.info/rss.xml
[2025-08-06 07:05:46] - https://yinwang1.substack.com/feed
[2025-08-06 07:05:46] ✘ 有 6 条订阅头像无法访问, 已使用默认头像:
[2025-08-06 07:05:46] - http://feeds.feedburner.com/ruanyifeng
[2025-08-06 07:05:46] - https://www.loyhome.com/feed
[2025-08-06 07:05:46] - https://a4.zyzhang.com/index.xml
[2025-08-06 07:05:46] - https://www.geedea.pro/index.xml
[2025-08-06 07:05:46] - https://feeds.appinn.com/appinns/
[2025-08-06 07:05:46] - https://www.douban.com/feed/review/book
[2025-08-06 08:02:08] 本次订阅抓取结果统计:
[2025-08-06 08:02:08] 共 51 条RSS, 成功抓取 47 条.
[2025-08-06 08:02:08] ✘ 有 4 条订阅解析失败:
[2025-08-06 08:02:08] - https://tcxx.info/feed
[2025-08-06 08:02:08] - https://tumutanzi.com/feed
[2025-08-06 08:02:08] - https://www.williamlong.info/rss.xml
[2025-08-06 08:02:08] - https://yinwang1.substack.com/feed
[2025-08-06 08:02:08] ✘ 有 5 条订阅头像无法访问, 已使用默认头像:
[2025-08-06 08:02:08] - http://feeds.feedburner.com/ruanyifeng
[2025-08-06 08:02:08] - https://www.loyhome.com/feed
[2025-08-06 08:02:08] - https://a4.zyzhang.com/index.xml
[2025-08-06 08:02:08] - https://www.geedea.pro/index.xml
[2025-08-06 08:02:08] - https://www.douban.com/feed/review/book
[2025-08-06 09:05:01] 本次订阅抓取结果统计:
[2025-08-06 09:05:01] 共 51 条RSS, 成功抓取 47 条.
[2025-08-06 09:05:01] ✘ 有 4 条订阅解析失败:
[2025-08-06 09:05:01] - https://tcxx.info/feed
[2025-08-06 09:05:01] - https://tumutanzi.com/feed
[2025-08-06 09:05:01] - https://www.williamlong.info/rss.xml
[2025-08-06 09:05:01] - https://yinwang1.substack.com/feed
[2025-08-06 09:05:01] ✘ 有 6 条订阅头像无法访问, 已使用默认头像:
[2025-08-06 09:05:01] - http://feeds.feedburner.com/ruanyifeng
[2025-08-06 09:05:01] - https://www.loyhome.com/feed
[2025-08-06 09:05:01] - https://a4.zyzhang.com/index.xml
[2025-08-06 09:05:01] - https://www.geedea.pro/index.xml
[2025-08-06 09:05:01] - https://www.douban.com/feed/review/book
[2025-08-06 09:05:01] - https://feeds.appinn.com/appinns/
[2025-08-06 10:02:16] 本次订阅抓取结果统计:
[2025-08-06 10:02:16] 共 51 条RSS, 成功抓取 47 条.
[2025-08-06 10:02:16] ✘ 有 4 条订阅解析失败:
[2025-08-06 10:02:16] - https://tcxx.info/feed
[2025-08-06 10:02:16] - https://tumutanzi.com/feed
[2025-08-06 10:02:16] - https://www.williamlong.info/rss.xml
[2025-08-06 10:02:16] - https://yinwang1.substack.com/feed
[2025-08-06 10:02:16] ✘ 有 5 条订阅头像无法访问, 已使用默认头像:
[2025-08-06 10:02:16] - https://www.loyhome.com/feed
[2025-08-06 10:02:16] - http://feeds.feedburner.com/ruanyifeng
[2025-08-06 10:02:16] - https://a4.zyzhang.com/index.xml
[2025-08-06 10:02:16] - https://www.geedea.pro/index.xml
[2025-08-06 10:02:16] - https://www.douban.com/feed/review/book
[2025-08-06 11:02:01] 本次订阅抓取结果统计:
[2025-08-06 11:02:01] 共 51 条RSS, 成功抓取 47 条.
[2025-08-06 11:02:01] ✘ 有 4 条订阅解析失败:
[2025-08-06 11:02:01] - https://tumutanzi.com/feed
[2025-08-06 11:02:01] - https://tcxx.info/feed
[2025-08-06 11:02:01] - https://www.williamlong.info/rss.xml
[2025-08-06 11:02:01] - https://yinwang1.substack.com/feed
[2025-08-06 11:02:01] ✘ 有 6 条订阅头像无法访问, 已使用默认头像:
[2025-08-06 11:02:01] - http://feeds.feedburner.com/ruanyifeng
[2025-08-06 11:02:01] - https://www.loyhome.com/feed
[2025-08-06 11:02:01] - https://a4.zyzhang.com/index.xml
[2025-08-06 11:02:01] - https://www.geedea.pro/index.xml
[2025-08-06 11:02:01] - https://www.douban.com/feed/review/book
[2025-08-06 11:02:01] - https://feeds.appinn.com/appinns/
[2025-08-06 12:02:33] 抓取到的文章与现有数据相同，无需更新。
[2025-08-06 13:15:17] 抓取到的文章与现有数据相同，无需更新。
[2025-08-06 14:04:40] 本次订阅抓取结果统计:
[2025-08-06 14:04:40] 共 51 条RSS, 成功抓取 46 条.
[2025-08-06 14:04:40] ✘ 有 5 条订阅解析失败:
[2025-08-06 14:04:40] - https://tcxx.info/feed
[2025-08-06 14:04:40] - https://tumutanzi.com/feed
[2025-08-06 14:04:40] - https://www.williamlong.info/rss.xml
[2025-08-06 14:04:40] - https://yinwang1.substack.com/feed
[2025-08-06 14:04:40] - https://www.douban.com/feed/review/book
[2025-08-06 14:04:40] ✘ 有 5 条订阅头像无法访问, 已使用默认头像:
[2025-08-06 14:04:40] - http://feeds.feedburner.com/ruanyifeng
[2025-08-06 14:04:40] - https://www.loyhome.com/feed
[2025-08-06 14:04:40] - https://a4.zyzhang.com/index.xml
[2025-08-06 14:04:40] - https://www.geedea.pro/index.xml
[2025-08-06 14:04:40] - https://feeds.appinn.com/appinns/
[2025-08-06 15:02:53] 本次订阅抓取结果统计:
[2025-08-06 15:02:53] 共 51 条RSS, 成功抓取 47 条.
[2025-08-06 15:02:53] ✘ 有 4 条订阅解析失败:
[2025-08-06 15:02:53] - https://tcxx.info/feed
[2025-08-06 15:02:53] - https://tumutanzi.com/feed
[2025-08-06 15:02:53] - https://www.williamlong.info/rss.xml
[2025-08-06 15:02:53] - https://yinwang1.substack.com/feed
[2025-08-06 15:02:53] ✘ 有 6 条订阅头像无法访问, 已使用默认头像:
[2025-08-06 15:02:53] - http://feeds.feedburner.com/ruanyifeng
[2025-08-06 15:02:53] - https://www.loyhome.com/feed
[2025-08-06 15:02:53] - https://a4.zyzhang.com/index.xml
[2025-08-06 15:02:53] - https://www.geedea.pro/index.xml
[2025-08-06 15:02:53] - https://www.douban.com/feed/review/book
[2025-08-06 15:02:53] - https://feeds.appinn.com/appinns/
[2025-08-06 16:02:18] 抓取到的文章与现有数据相同，无需更新。
[2025-08-06 17:04:10] 本次订阅抓取结果统计:
[2025-08-06 17:04:10] 共 51 条RSS, 成功抓取 47 条.
[2025-08-06 17:04:10] ✘ 有 4 条订阅解析失败:
[2025-08-06 17:04:10] - https://tumutanzi.com/feed
[2025-08-06 17:04:10] - https://tcxx.info/feed
[2025-08-06 17:04:10] - https://www.williamlong.info/rss.xml
[2025-08-06 17:04:10] - https://yinwang1.substack.com/feed
[2025-08-06 17:04:10] ✘ 有 5 条订阅头像无法访问, 已使用默认头像:
[2025-08-06 17:04:10] - http://feeds.feedburner.com/ruanyifeng
[2025-08-06 17:04:10] - https://www.loyhome.com/feed
[2025-08-06 17:04:10] - https://a4.zyzhang.com/index.xml
[2025-08-06 17:04:10] - https://www.geedea.pro/index.xml
[2025-08-06 17:04:10] - https://www.douban.com/feed/review/book
[2025-08-06 18:02:04] 抓取到的文章与现有数据相同，无需更新。
