[2025-04-10 01:17:30] 本次订阅抓取结果统计:
[2025-04-10 01:17:30] 共 28 条RSS, 成功抓取 27 条.
[2025-04-10 01:17:30] ✘ 有 1 条订阅解析失败:
[2025-04-10 01:17:30] - https://geekinney.com/index.xml
[2025-04-10 01:17:30] ✘ 有 3 条订阅头像无法访问, 已使用默认头像:
[2025-04-10 01:17:30] - http://feeds.feedburner.com/ruanyifeng
[2025-04-10 01:17:30] - https://www.loyhome.com/feed
[2025-04-10 01:17:30] - https://xyzbz.cn/feed
[2025-04-10 02:59:14] 本次订阅抓取结果统计:
[2025-04-10 02:59:14] 共 28 条RSS, 成功抓取 27 条.
[2025-04-10 02:59:14] ✘ 有 1 条订阅解析失败:
[2025-04-10 02:59:14] - https://geekinney.com/index.xml
[2025-04-10 02:59:14] ✘ 有 3 条订阅头像无法访问, 已使用默认头像:
[2025-04-10 02:59:14] - http://feeds.feedburner.com/ruanyifeng
[2025-04-10 02:59:14] - https://tcxx.info/feed
[2025-04-10 02:59:14] - https://www.loyhome.com/feed
[2025-04-10 03:36:51] 本次订阅抓取结果统计:
[2025-04-10 03:36:51] 共 28 条RSS, 成功抓取 27 条.
[2025-04-10 03:36:51] ✘ 有 1 条订阅解析失败:
[2025-04-10 03:36:51] - https://geekinney.com/index.xml
[2025-04-10 03:36:51] ✘ 有 2 条订阅头像无法访问, 已使用默认头像:
[2025-04-10 03:36:51] - http://feeds.feedburner.com/ruanyifeng
[2025-04-10 03:36:51] - https://www.loyhome.com/feed
