[2025-10-03 00:04:25] 抓取到的文章与现有数据相同，无需更新。
[2025-10-03 01:29:22] 抓取到的文章与现有数据相同，无需更新。
[2025-10-03 02:25:30] 本次订阅抓取结果统计:
[2025-10-03 02:25:30] 共 60 条RSS, 成功抓取 52 条.
[2025-10-03 02:25:30] ✘ 有 7 条订阅解析失败:
[2025-10-03 02:25:30] - https://blog.ursb.me/feed.xml
[2025-10-03 02:25:30] - https://tcxx.info/feed
[2025-10-03 02:25:30] - https://tumutanzi.com/feed
[2025-10-03 02:25:30] - https://geekinney.com/index.xml
[2025-10-03 02:25:30] - https://suus.me/index.xml
[2025-10-03 02:25:30] - https://yinwang1.substack.com/feed
[2025-10-03 02:25:30] - https://botanwang.com/rss.xml
[2025-10-03 02:25:30] ✘ 有 1 条订阅为空:
[2025-10-03 02:25:30] - http://feeds.feedburner.com/zhihu-daily
[2025-10-03 02:25:30] ✘ 有 1 条订阅头像字段为空, 已使用默认头像:
[2025-10-03 02:25:30] - https://feed.cnblogs.com/blog/u/66551/rss/
[2025-10-03 02:25:30] ✘ 有 7 条订阅头像无法访问, 已使用默认头像:
[2025-10-03 02:25:30] - http://feeds.feedburner.com/ruanyifeng
[2025-10-03 02:25:30] - https://www.loyhome.com/feed
[2025-10-03 02:25:30] - https://a4.zyzhang.com/index.xml
[2025-10-03 02:25:30] - https://laike9m.com/blog/rss/
[2025-10-03 02:25:30] - https://skywind.me/blog/feed
[2025-10-03 02:25:30] - https://www.douban.com/feed/review/book
[2025-10-03 02:25:30] - https://www.mrhe.net/feed
[2025-10-03 03:11:10] 抓取到的文章与现有数据相同，无需更新。
[2025-10-03 04:02:07] 本次订阅抓取结果统计:
[2025-10-03 04:02:07] 共 60 条RSS, 成功抓取 51 条.
[2025-10-03 04:02:07] ✘ 有 7 条订阅解析失败:
[2025-10-03 04:02:07] - https://blog.ursb.me/feed.xml
[2025-10-03 04:02:07] - https://tcxx.info/feed
[2025-10-03 04:02:07] - https://tumutanzi.com/feed
[2025-10-03 04:02:07] - https://geekinney.com/index.xml
[2025-10-03 04:02:07] - https://suus.me/index.xml
[2025-10-03 04:02:07] - https://yinwang1.substack.com/feed
[2025-10-03 04:02:07] - https://botanwang.com/rss.xml
[2025-10-03 04:02:07] ✘ 有 2 条订阅为空:
[2025-10-03 04:02:07] - http://feeds.feedburner.com/zhihu-daily
[2025-10-03 04:02:07] - https://diygod.cc/feed
[2025-10-03 04:02:07] ✘ 有 1 条订阅头像字段为空, 已使用默认头像:
[2025-10-03 04:02:07] - https://feed.cnblogs.com/blog/u/66551/rss/
[2025-10-03 04:02:07] ✘ 有 7 条订阅头像无法访问, 已使用默认头像:
[2025-10-03 04:02:07] - http://feeds.feedburner.com/ruanyifeng
[2025-10-03 04:02:07] - https://www.loyhome.com/feed
[2025-10-03 04:02:07] - https://a4.zyzhang.com/index.xml
[2025-10-03 04:02:07] - https://skywind.me/blog/feed
[2025-10-03 04:02:07] - https://laike9m.com/blog/rss/
[2025-10-03 04:02:07] - https://www.mrhe.net/feed
[2025-10-03 04:02:07] - https://www.douban.com/feed/review/book
[2025-10-03 05:01:59] 本次订阅抓取结果统计:
[2025-10-03 05:01:59] 共 60 条RSS, 成功抓取 52 条.
[2025-10-03 05:01:59] ✘ 有 7 条订阅解析失败:
[2025-10-03 05:01:59] - https://blog.ursb.me/feed.xml
[2025-10-03 05:01:59] - https://tcxx.info/feed
[2025-10-03 05:01:59] - https://tumutanzi.com/feed
[2025-10-03 05:01:59] - https://geekinney.com/index.xml
[2025-10-03 05:01:59] - https://suus.me/index.xml
[2025-10-03 05:01:59] - https://yinwang1.substack.com/feed
[2025-10-03 05:01:59] - https://botanwang.com/rss.xml
[2025-10-03 05:01:59] ✘ 有 1 条订阅为空:
[2025-10-03 05:01:59] - http://feeds.feedburner.com/zhihu-daily
[2025-10-03 05:01:59] ✘ 有 1 条订阅头像字段为空, 已使用默认头像:
[2025-10-03 05:01:59] - https://feed.cnblogs.com/blog/u/66551/rss/
[2025-10-03 05:01:59] ✘ 有 7 条订阅头像无法访问, 已使用默认头像:
[2025-10-03 05:01:59] - http://feeds.feedburner.com/ruanyifeng
[2025-10-03 05:01:59] - https://www.loyhome.com/feed
[2025-10-03 05:01:59] - https://a4.zyzhang.com/index.xml
[2025-10-03 05:01:59] - https://laike9m.com/blog/rss/
[2025-10-03 05:01:59] - https://skywind.me/blog/feed
[2025-10-03 05:01:59] - https://www.mrhe.net/feed
[2025-10-03 05:01:59] - https://www.douban.com/feed/review/book
[2025-10-03 06:01:52] 抓取到的文章与现有数据相同，无需更新。
[2025-10-03 07:01:54] 抓取到的文章与现有数据相同，无需更新。
[2025-10-03 08:01:51] 本次订阅抓取结果统计:
[2025-10-03 08:01:51] 共 60 条RSS, 成功抓取 52 条.
[2025-10-03 08:01:51] ✘ 有 7 条订阅解析失败:
[2025-10-03 08:01:51] - https://blog.ursb.me/feed.xml
[2025-10-03 08:01:51] - https://tumutanzi.com/feed
[2025-10-03 08:01:51] - https://tcxx.info/feed
[2025-10-03 08:01:51] - https://geekinney.com/index.xml
[2025-10-03 08:01:51] - https://suus.me/index.xml
[2025-10-03 08:01:51] - https://yinwang1.substack.com/feed
[2025-10-03 08:01:51] - https://botanwang.com/rss.xml
[2025-10-03 08:01:51] ✘ 有 1 条订阅为空:
[2025-10-03 08:01:51] - http://feeds.feedburner.com/zhihu-daily
[2025-10-03 08:01:51] ✘ 有 1 条订阅头像字段为空, 已使用默认头像:
[2025-10-03 08:01:51] - https://feed.cnblogs.com/blog/u/66551/rss/
[2025-10-03 08:01:51] ✘ 有 7 条订阅头像无法访问, 已使用默认头像:
[2025-10-03 08:01:51] - http://feeds.feedburner.com/ruanyifeng
[2025-10-03 08:01:51] - https://www.loyhome.com/feed
[2025-10-03 08:01:51] - https://a4.zyzhang.com/index.xml
[2025-10-03 08:01:51] - https://laike9m.com/blog/rss/
[2025-10-03 08:01:51] - https://skywind.me/blog/feed
[2025-10-03 08:01:51] - https://www.mrhe.net/feed
[2025-10-03 08:01:51] - https://www.douban.com/feed/review/book
[2025-10-03 09:01:45] 抓取到的文章与现有数据相同，无需更新。
[2025-10-03 10:01:59] 抓取到的文章与现有数据相同，无需更新。
[2025-10-03 11:01:37] 抓取到的文章与现有数据相同，无需更新。
[2025-10-03 12:01:58] 本次订阅抓取结果统计:
[2025-10-03 12:01:58] 共 60 条RSS, 成功抓取 51 条.
[2025-10-03 12:01:58] ✘ 有 8 条订阅解析失败:
[2025-10-03 12:01:58] - https://tumutanzi.com/feed
[2025-10-03 12:01:58] - https://tcxx.info/feed
[2025-10-03 12:01:58] - https://blog.ursb.me/feed.xml
[2025-10-03 12:01:58] - https://geekinney.com/index.xml
[2025-10-03 12:01:58] - https://suus.me/index.xml
[2025-10-03 12:01:58] - https://yinwang1.substack.com/feed
[2025-10-03 12:01:58] - https://botanwang.com/rss.xml
[2025-10-03 12:01:58] - https://www.douban.com/feed/review/book
[2025-10-03 12:01:58] ✘ 有 1 条订阅为空:
[2025-10-03 12:01:58] - http://feeds.feedburner.com/zhihu-daily
[2025-10-03 12:01:58] ✘ 有 1 条订阅头像字段为空, 已使用默认头像:
[2025-10-03 12:01:58] - https://feed.cnblogs.com/blog/u/66551/rss/
[2025-10-03 12:01:58] ✘ 有 6 条订阅头像无法访问, 已使用默认头像:
[2025-10-03 12:01:58] - http://feeds.feedburner.com/ruanyifeng
[2025-10-03 12:01:58] - https://www.loyhome.com/feed
[2025-10-03 12:01:58] - https://a4.zyzhang.com/index.xml
[2025-10-03 12:01:58] - https://laike9m.com/blog/rss/
[2025-10-03 12:01:58] - https://skywind.me/blog/feed
[2025-10-03 12:01:58] - https://www.mrhe.net/feed
[2025-10-03 13:07:20] 本次订阅抓取结果统计:
[2025-10-03 13:07:20] 共 60 条RSS, 成功抓取 52 条.
[2025-10-03 13:07:20] ✘ 有 7 条订阅解析失败:
[2025-10-03 13:07:20] - https://blog.ursb.me/feed.xml
[2025-10-03 13:07:20] - https://tcxx.info/feed
[2025-10-03 13:07:20] - https://tumutanzi.com/feed
[2025-10-03 13:07:20] - https://geekinney.com/index.xml
[2025-10-03 13:07:20] - https://suus.me/index.xml
[2025-10-03 13:07:20] - https://yinwang1.substack.com/feed
[2025-10-03 13:07:20] - https://botanwang.com/rss.xml
[2025-10-03 13:07:20] ✘ 有 1 条订阅为空:
[2025-10-03 13:07:20] - http://feeds.feedburner.com/zhihu-daily
[2025-10-03 13:07:20] ✘ 有 1 条订阅头像字段为空, 已使用默认头像:
[2025-10-03 13:07:20] - https://feed.cnblogs.com/blog/u/66551/rss/
[2025-10-03 13:07:20] ✘ 有 7 条订阅头像无法访问, 已使用默认头像:
[2025-10-03 13:07:20] - https://www.loyhome.com/feed
[2025-10-03 13:07:20] - http://feeds.feedburner.com/ruanyifeng
[2025-10-03 13:07:20] - https://a4.zyzhang.com/index.xml
[2025-10-03 13:07:20] - https://laike9m.com/blog/rss/
[2025-10-03 13:07:20] - https://skywind.me/blog/feed
[2025-10-03 13:07:20] - https://www.mrhe.net/feed
[2025-10-03 13:07:20] - https://www.douban.com/feed/review/book
[2025-10-03 14:02:00] 抓取到的文章与现有数据相同，无需更新。
[2025-10-03 15:01:50] 抓取到的文章与现有数据相同，无需更新。
