[2025-08-28 00:04:02] 本次订阅抓取结果统计:
[2025-08-28 00:04:02] 共 57 条RSS, 成功抓取 52 条.
[2025-08-28 00:04:02] ✘ 有 5 条订阅解析失败:
[2025-08-28 00:04:02] - https://tumutanzi.com/feed
[2025-08-28 00:04:02] - https://tcxx.info/feed
[2025-08-28 00:04:02] - https://geekinney.com/index.xml
[2025-08-28 00:04:02] - https://yinwang1.substack.com/feed
[2025-08-28 00:04:02] - https://botanwang.com/rss.xml
[2025-08-28 00:04:02] ✘ 有 1 条订阅头像字段为空, 已使用默认头像:
[2025-08-28 00:04:02] - https://feed.cnblogs.com/blog/u/66551/rss/
[2025-08-28 00:04:02] ✘ 有 8 条订阅头像无法访问, 已使用默认头像:
[2025-08-28 00:04:02] - https://hwv430.blogspot.com/feeds/posts/default
[2025-08-28 00:04:02] - https://www.loyhome.com/feed
[2025-08-28 00:04:02] - http://feeds.feedburner.com/ruanyifeng
[2025-08-28 00:04:02] - https://a4.zyzhang.com/index.xml
[2025-08-28 00:04:02] - https://www.geedea.pro/index.xml
[2025-08-28 00:04:02] - https://laike9m.com/blog/rss/
[2025-08-28 00:04:02] - https://skywind.me/blog/feed
[2025-08-28 00:04:02] - https://www.douban.com/feed/review/book
[2025-08-28 01:30:57] 本次订阅抓取结果统计:
[2025-08-28 01:30:57] 共 57 条RSS, 成功抓取 50 条.
[2025-08-28 01:30:57] ✘ 有 7 条订阅解析失败:
[2025-08-28 01:30:57] - https://tcxx.info/feed
[2025-08-28 01:30:57] - https://tumutanzi.com/feed
[2025-08-28 01:30:57] - https://geekinney.com/index.xml
[2025-08-28 01:30:57] - https://yinwang1.substack.com/feed
[2025-08-28 01:30:57] - https://botanwang.com/rss.xml
[2025-08-28 01:30:57] - https://www.douban.com/feed/review/book
[2025-08-28 01:30:57] - https://diygod.cc/feed
[2025-08-28 01:30:57] ✘ 有 1 条订阅头像字段为空, 已使用默认头像:
[2025-08-28 01:30:57] - https://feed.cnblogs.com/blog/u/66551/rss/
[2025-08-28 01:30:57] ✘ 有 7 条订阅头像无法访问, 已使用默认头像:
[2025-08-28 01:30:57] - https://hwv430.blogspot.com/feeds/posts/default
[2025-08-28 01:30:57] - http://feeds.feedburner.com/ruanyifeng
[2025-08-28 01:30:57] - https://www.loyhome.com/feed
[2025-08-28 01:30:57] - https://a4.zyzhang.com/index.xml
[2025-08-28 01:30:57] - https://www.geedea.pro/index.xml
[2025-08-28 01:30:57] - https://laike9m.com/blog/rss/
[2025-08-28 01:30:57] - https://skywind.me/blog/feed
[2025-08-28 02:28:18] 本次订阅抓取结果统计:
[2025-08-28 02:28:18] 共 57 条RSS, 成功抓取 52 条.
[2025-08-28 02:28:18] ✘ 有 5 条订阅解析失败:
[2025-08-28 02:28:18] - https://tcxx.info/feed
[2025-08-28 02:28:18] - https://tumutanzi.com/feed
[2025-08-28 02:28:18] - https://geekinney.com/index.xml
[2025-08-28 02:28:18] - https://yinwang1.substack.com/feed
[2025-08-28 02:28:18] - https://botanwang.com/rss.xml
[2025-08-28 02:28:18] ✘ 有 1 条订阅头像字段为空, 已使用默认头像:
[2025-08-28 02:28:18] - https://feed.cnblogs.com/blog/u/66551/rss/
[2025-08-28 02:28:18] ✘ 有 8 条订阅头像无法访问, 已使用默认头像:
[2025-08-28 02:28:18] - https://hwv430.blogspot.com/feeds/posts/default
[2025-08-28 02:28:18] - http://feeds.feedburner.com/ruanyifeng
[2025-08-28 02:28:18] - https://www.loyhome.com/feed
[2025-08-28 02:28:18] - https://a4.zyzhang.com/index.xml
[2025-08-28 02:28:18] - https://www.geedea.pro/index.xml
[2025-08-28 02:28:18] - https://skywind.me/blog/feed
[2025-08-28 02:28:18] - https://laike9m.com/blog/rss/
[2025-08-28 02:28:18] - https://www.douban.com/feed/review/book
