[2025-07-18 00:04:18] 抓取到的文章与现有数据相同，无需更新。
[2025-07-18 01:30:00] 本次订阅抓取结果统计:
[2025-07-18 01:30:00] 共 50 条RSS, 成功抓取 47 条.
[2025-07-18 01:30:00] ✘ 有 2 条订阅解析失败:
[2025-07-18 01:30:00] - https://tcxx.info/feed
[2025-07-18 01:30:00] - https://yinwang1.substack.com/feed
[2025-07-18 01:30:00] ✘ 有 1 条订阅为空:
[2025-07-18 01:30:00] - https://diygod.cc/feed
[2025-07-18 01:30:00] ✘ 有 5 条订阅头像无法访问, 已使用默认头像:
[2025-07-18 01:30:00] - http://feeds.feedburner.com/ruanyifeng
[2025-07-18 01:30:00] - https://www.loyhome.com/feed
[2025-07-18 01:30:00] - https://a4.zyzhang.com/index.xml
[2025-07-18 01:30:00] - https://www.douban.com/feed/review/book
[2025-07-18 01:30:00] - https://feeds.appinn.com/appinns/
[2025-07-18 02:39:51] 本次订阅抓取结果统计:
[2025-07-18 02:39:51] 共 50 条RSS, 成功抓取 47 条.
[2025-07-18 02:39:51] ✘ 有 3 条订阅解析失败:
[2025-07-18 02:39:51] - https://tcxx.info/feed
[2025-07-18 02:39:51] - https://yinwang1.substack.com/feed
[2025-07-18 02:39:51] - https://diygod.cc/feed
[2025-07-18 02:39:51] ✘ 有 5 条订阅头像无法访问, 已使用默认头像:
[2025-07-18 02:39:51] - http://feeds.feedburner.com/ruanyifeng
[2025-07-18 02:39:51] - https://www.loyhome.com/feed
[2025-07-18 02:39:51] - https://a4.zyzhang.com/index.xml
[2025-07-18 02:39:51] - https://www.douban.com/feed/review/book
[2025-07-18 02:39:51] - https://feeds.appinn.com/appinns/
[2025-07-18 03:29:27] 本次订阅抓取结果统计:
[2025-07-18 03:29:27] 共 50 条RSS, 成功抓取 46 条.
[2025-07-18 03:29:27] ✘ 有 4 条订阅解析失败:
[2025-07-18 03:29:27] - https://tcxx.info/feed
[2025-07-18 03:29:27] - https://limboy.me/index.xml
[2025-07-18 03:29:27] - https://yinwang1.substack.com/feed
[2025-07-18 03:29:27] - https://www.douban.com/feed/review/book
[2025-07-18 03:29:27] ✘ 有 3 条订阅头像无法访问, 已使用默认头像:
[2025-07-18 03:29:27] - http://feeds.feedburner.com/ruanyifeng
[2025-07-18 03:29:27] - https://www.loyhome.com/feed
[2025-07-18 03:29:27] - https://a4.zyzhang.com/index.xml
[2025-07-18 04:14:23] 本次订阅抓取结果统计:
[2025-07-18 04:14:23] 共 50 条RSS, 成功抓取 48 条.
[2025-07-18 04:14:23] ✘ 有 2 条订阅解析失败:
[2025-07-18 04:14:23] - https://tcxx.info/feed
[2025-07-18 04:14:23] - https://yinwang1.substack.com/feed
[2025-07-18 04:14:23] ✘ 有 5 条订阅头像无法访问, 已使用默认头像:
[2025-07-18 04:14:23] - http://feeds.feedburner.com/ruanyifeng
[2025-07-18 04:14:23] - https://www.loyhome.com/feed
[2025-07-18 04:14:23] - https://a4.zyzhang.com/index.xml
[2025-07-18 04:14:23] - https://www.douban.com/feed/review/book
[2025-07-18 04:14:23] - https://feeds.appinn.com/appinns/
[2025-07-18 05:05:39] 本次订阅抓取结果统计:
[2025-07-18 05:05:39] 共 50 条RSS, 成功抓取 48 条.
[2025-07-18 05:05:39] ✘ 有 2 条订阅解析失败:
[2025-07-18 05:05:39] - https://tcxx.info/feed
[2025-07-18 05:05:39] - https://yinwang1.substack.com/feed
[2025-07-18 05:05:39] ✘ 有 4 条订阅头像无法访问, 已使用默认头像:
[2025-07-18 05:05:39] - http://feeds.feedburner.com/ruanyifeng
[2025-07-18 05:05:39] - https://www.loyhome.com/feed
[2025-07-18 05:05:39] - https://a4.zyzhang.com/index.xml
[2025-07-18 05:05:39] - https://www.douban.com/feed/review/book
[2025-07-18 06:02:08] 本次订阅抓取结果统计:
[2025-07-18 06:02:08] 共 50 条RSS, 成功抓取 48 条.
[2025-07-18 06:02:08] ✘ 有 2 条订阅解析失败:
[2025-07-18 06:02:08] - https://tcxx.info/feed
[2025-07-18 06:02:08] - https://yinwang1.substack.com/feed
[2025-07-18 06:02:08] ✘ 有 4 条订阅头像无法访问, 已使用默认头像:
[2025-07-18 06:02:08] - http://feeds.feedburner.com/ruanyifeng
[2025-07-18 06:02:08] - https://www.loyhome.com/feed
[2025-07-18 06:02:08] - https://a4.zyzhang.com/index.xml
[2025-07-18 06:02:08] - https://www.douban.com/feed/review/book
[2025-07-18 07:05:35] 本次订阅抓取结果统计:
[2025-07-18 07:05:35] 共 50 条RSS, 成功抓取 48 条.
[2025-07-18 07:05:35] ✘ 有 2 条订阅解析失败:
[2025-07-18 07:05:35] - https://tcxx.info/feed
[2025-07-18 07:05:35] - https://yinwang1.substack.com/feed
[2025-07-18 07:05:35] ✘ 有 4 条订阅头像无法访问, 已使用默认头像:
[2025-07-18 07:05:35] - http://feeds.feedburner.com/ruanyifeng
[2025-07-18 07:05:35] - https://www.loyhome.com/feed
[2025-07-18 07:05:35] - https://a4.zyzhang.com/index.xml
[2025-07-18 07:05:35] - https://www.douban.com/feed/review/book
[2025-07-18 08:03:16] 本次订阅抓取结果统计:
[2025-07-18 08:03:16] 共 50 条RSS, 成功抓取 46 条.
[2025-07-18 08:03:16] ✘ 有 4 条订阅解析失败:
[2025-07-18 08:03:16] - https://tcxx.info/feed
[2025-07-18 08:03:16] - https://yinwang1.substack.com/feed
[2025-07-18 08:03:16] - https://www.douban.com/feed/review/book
[2025-07-18 08:03:16] - https://diygod.cc/feed
[2025-07-18 08:03:16] ✘ 有 4 条订阅头像无法访问, 已使用默认头像:
[2025-07-18 08:03:16] - http://feeds.feedburner.com/ruanyifeng
[2025-07-18 08:03:16] - https://www.loyhome.com/feed
[2025-07-18 08:03:16] - https://a4.zyzhang.com/index.xml
[2025-07-18 08:03:16] - https://feeds.appinn.com/appinns/
[2025-07-18 10:01:58] 本次订阅抓取结果统计:
[2025-07-18 10:01:58] 共 50 条RSS, 成功抓取 47 条.
[2025-07-18 10:01:58] ✘ 有 3 条订阅解析失败:
[2025-07-18 10:01:58] - https://tcxx.info/feed
[2025-07-18 10:01:58] - https://yinwang1.substack.com/feed
[2025-07-18 10:01:58] - https://www.douban.com/feed/review/book
[2025-07-18 10:01:58] ✘ 有 5 条订阅头像无法访问, 已使用默认头像:
[2025-07-18 10:01:58] - http://feeds.feedburner.com/ruanyifeng
[2025-07-18 10:01:58] - https://www.loyhome.com/feed
[2025-07-18 10:01:58] - https://a4.zyzhang.com/index.xml
[2025-07-18 10:01:58] - https://xyzbz.cn/feed
[2025-07-18 10:01:58] - https://feeds.appinn.com/appinns/
[2025-07-18 10:18:32] 本次订阅抓取结果统计:
[2025-07-18 10:18:32] 共 50 条RSS, 成功抓取 48 条.
[2025-07-18 10:18:32] ✘ 有 2 条订阅解析失败:
[2025-07-18 10:18:32] - https://tcxx.info/feed
[2025-07-18 10:18:32] - https://yinwang1.substack.com/feed
[2025-07-18 10:18:32] ✘ 有 4 条订阅头像无法访问, 已使用默认头像:
[2025-07-18 10:18:32] - http://feeds.feedburner.com/ruanyifeng
[2025-07-18 10:18:32] - https://www.loyhome.com/feed
[2025-07-18 10:18:32] - https://a4.zyzhang.com/index.xml
[2025-07-18 10:18:32] - https://www.douban.com/feed/review/book
[2025-07-18 11:01:46] 本次订阅抓取结果统计:
[2025-07-18 11:01:46] 共 50 条RSS, 成功抓取 48 条.
[2025-07-18 11:01:46] ✘ 有 2 条订阅解析失败:
[2025-07-18 11:01:46] - https://tcxx.info/feed
[2025-07-18 11:01:46] - https://yinwang1.substack.com/feed
[2025-07-18 11:01:46] ✘ 有 4 条订阅头像无法访问, 已使用默认头像:
[2025-07-18 11:01:46] - http://feeds.feedburner.com/ruanyifeng
[2025-07-18 11:01:46] - https://www.loyhome.com/feed
[2025-07-18 11:01:46] - https://a4.zyzhang.com/index.xml
[2025-07-18 11:01:46] - https://www.douban.com/feed/review/book
[2025-07-18 12:02:33] 抓取到的文章与现有数据相同，无需更新。
[2025-07-18 13:13:32] 抓取到的文章与现有数据相同，无需更新。
[2025-07-18 14:03:07] 本次订阅抓取结果统计:
[2025-07-18 14:03:07] 共 50 条RSS, 成功抓取 47 条.
[2025-07-18 14:03:07] ✘ 有 3 条订阅解析失败:
[2025-07-18 14:03:07] - https://tcxx.info/feed
[2025-07-18 14:03:07] - https://yinwang1.substack.com/feed
[2025-07-18 14:03:07] - https://diygod.cc/feed
[2025-07-18 14:03:07] ✘ 有 4 条订阅头像无法访问, 已使用默认头像:
[2025-07-18 14:03:07] - http://feeds.feedburner.com/ruanyifeng
[2025-07-18 14:03:07] - https://www.loyhome.com/feed
[2025-07-18 14:03:07] - https://a4.zyzhang.com/index.xml
[2025-07-18 14:03:07] - https://www.douban.com/feed/review/book
[2025-07-18 15:02:03] 本次订阅抓取结果统计:
[2025-07-18 15:02:03] 共 50 条RSS, 成功抓取 48 条.
[2025-07-18 15:02:03] ✘ 有 2 条订阅解析失败:
[2025-07-18 15:02:03] - https://tcxx.info/feed
[2025-07-18 15:02:03] - https://yinwang1.substack.com/feed
[2025-07-18 15:02:03] ✘ 有 4 条订阅头像无法访问, 已使用默认头像:
[2025-07-18 15:02:03] - http://feeds.feedburner.com/ruanyifeng
[2025-07-18 15:02:03] - https://www.loyhome.com/feed
[2025-07-18 15:02:03] - https://a4.zyzhang.com/index.xml
[2025-07-18 15:02:03] - https://www.douban.com/feed/review/book
[2025-07-18 16:04:18] 抓取到的文章与现有数据相同，无需更新。
