[2025-10-07 00:04:33] 本次订阅抓取结果统计:
[2025-10-07 00:04:33] 共 60 条RSS, 成功抓取 52 条.
[2025-10-07 00:04:33] ✘ 有 7 条订阅解析失败:
[2025-10-07 00:04:33] - https://tcxx.info/feed
[2025-10-07 00:04:33] - https://tumutanzi.com/feed
[2025-10-07 00:04:33] - https://suus.me/index.xml
[2025-10-07 00:04:33] - https://diygod.cc/feed
[2025-10-07 00:04:33] - https://geekinney.com/index.xml
[2025-10-07 00:04:33] - https://yinwang1.substack.com/feed
[2025-10-07 00:04:33] - https://botanwang.com/rss.xml
[2025-10-07 00:04:33] ✘ 有 1 条订阅为空:
[2025-10-07 00:04:33] - http://feeds.feedburner.com/zhihu-daily
[2025-10-07 00:04:33] ✘ 有 1 条订阅头像字段为空, 已使用默认头像:
[2025-10-07 00:04:33] - https://feed.cnblogs.com/blog/u/66551/rss/
[2025-10-07 00:04:33] ✘ 有 7 条订阅头像无法访问, 已使用默认头像:
[2025-10-07 00:04:33] - http://feeds.feedburner.com/ruanyifeng
[2025-10-07 00:04:33] - https://www.loyhome.com/feed
[2025-10-07 00:04:33] - https://a4.zyzhang.com/index.xml
[2025-10-07 00:04:33] - https://skywind.me/blog/feed
[2025-10-07 00:04:33] - https://laike9m.com/blog/rss/
[2025-10-07 00:04:33] - https://www.douban.com/feed/review/book
[2025-10-07 00:04:33] - https://www.mrhe.net/feed
[2025-10-07 01:29:05] 本次订阅抓取结果统计:
[2025-10-07 01:29:05] 共 60 条RSS, 成功抓取 53 条.
[2025-10-07 01:29:05] ✘ 有 6 条订阅解析失败:
[2025-10-07 01:29:05] - https://tumutanzi.com/feed
[2025-10-07 01:29:05] - https://tcxx.info/feed
[2025-10-07 01:29:05] - https://geekinney.com/index.xml
[2025-10-07 01:29:05] - https://suus.me/index.xml
[2025-10-07 01:29:05] - https://yinwang1.substack.com/feed
[2025-10-07 01:29:05] - https://botanwang.com/rss.xml
[2025-10-07 01:29:05] ✘ 有 1 条订阅为空:
[2025-10-07 01:29:05] - http://feeds.feedburner.com/zhihu-daily
[2025-10-07 01:29:05] ✘ 有 1 条订阅头像字段为空, 已使用默认头像:
[2025-10-07 01:29:05] - https://feed.cnblogs.com/blog/u/66551/rss/
[2025-10-07 01:29:05] ✘ 有 7 条订阅头像无法访问, 已使用默认头像:
[2025-10-07 01:29:05] - http://feeds.feedburner.com/ruanyifeng
[2025-10-07 01:29:05] - https://www.loyhome.com/feed
[2025-10-07 01:29:05] - https://a4.zyzhang.com/index.xml
[2025-10-07 01:29:05] - https://laike9m.com/blog/rss/
[2025-10-07 01:29:05] - https://skywind.me/blog/feed
[2025-10-07 01:29:05] - https://www.douban.com/feed/review/book
[2025-10-07 01:29:05] - https://www.mrhe.net/feed
[2025-10-07 02:26:28] 本次订阅抓取结果统计:
[2025-10-07 02:26:28] 共 60 条RSS, 成功抓取 52 条.
[2025-10-07 02:26:28] ✘ 有 7 条订阅解析失败:
[2025-10-07 02:26:28] - https://tumutanzi.com/feed
[2025-10-07 02:26:28] - https://tcxx.info/feed
[2025-10-07 02:26:28] - https://geekinney.com/index.xml
[2025-10-07 02:26:28] - https://suus.me/index.xml
[2025-10-07 02:26:28] - https://yinwang1.substack.com/feed
[2025-10-07 02:26:28] - https://botanwang.com/rss.xml
[2025-10-07 02:26:28] - http://weiwuhui.com/feed
[2025-10-07 02:26:28] ✘ 有 1 条订阅为空:
[2025-10-07 02:26:28] - http://feeds.feedburner.com/zhihu-daily
[2025-10-07 02:26:28] ✘ 有 1 条订阅头像字段为空, 已使用默认头像:
[2025-10-07 02:26:28] - https://feed.cnblogs.com/blog/u/66551/rss/
[2025-10-07 02:26:28] ✘ 有 7 条订阅头像无法访问, 已使用默认头像:
[2025-10-07 02:26:28] - https://www.loyhome.com/feed
[2025-10-07 02:26:28] - http://feeds.feedburner.com/ruanyifeng
[2025-10-07 02:26:28] - https://a4.zyzhang.com/index.xml
[2025-10-07 02:26:28] - https://laike9m.com/blog/rss/
[2025-10-07 02:26:28] - https://skywind.me/blog/feed
[2025-10-07 02:26:28] - https://www.douban.com/feed/review/book
[2025-10-07 02:26:28] - https://www.mrhe.net/feed
[2025-10-07 03:12:15] 本次订阅抓取结果统计:
[2025-10-07 03:12:15] 共 60 条RSS, 成功抓取 52 条.
[2025-10-07 03:12:15] ✘ 有 7 条订阅解析失败:
[2025-10-07 03:12:15] - https://tumutanzi.com/feed
[2025-10-07 03:12:15] - https://tcxx.info/feed
[2025-10-07 03:12:15] - https://geekinney.com/index.xml
[2025-10-07 03:12:15] - https://suus.me/index.xml
[2025-10-07 03:12:15] - https://yinwang1.substack.com/feed
[2025-10-07 03:12:15] - https://botanwang.com/rss.xml
[2025-10-07 03:12:15] - https://www.douban.com/feed/review/book
[2025-10-07 03:12:15] ✘ 有 1 条订阅为空:
[2025-10-07 03:12:15] - http://feeds.feedburner.com/zhihu-daily
[2025-10-07 03:12:15] ✘ 有 1 条订阅头像字段为空, 已使用默认头像:
[2025-10-07 03:12:15] - https://feed.cnblogs.com/blog/u/66551/rss/
[2025-10-07 03:12:15] ✘ 有 6 条订阅头像无法访问, 已使用默认头像:
[2025-10-07 03:12:15] - http://feeds.feedburner.com/ruanyifeng
[2025-10-07 03:12:15] - https://www.loyhome.com/feed
[2025-10-07 03:12:15] - https://a4.zyzhang.com/index.xml
[2025-10-07 03:12:15] - https://laike9m.com/blog/rss/
[2025-10-07 03:12:15] - https://skywind.me/blog/feed
[2025-10-07 03:12:15] - https://www.mrhe.net/feed
[2025-10-07 04:01:55] 本次订阅抓取结果统计:
[2025-10-07 04:01:55] 共 60 条RSS, 成功抓取 51 条.
[2025-10-07 04:01:55] ✘ 有 8 条订阅解析失败:
[2025-10-07 04:01:55] - https://tcxx.info/feed
[2025-10-07 04:01:55] - https://tumutanzi.com/feed
[2025-10-07 04:01:55] - https://geekinney.com/index.xml
[2025-10-07 04:01:55] - https://diygod.cc/feed
[2025-10-07 04:01:55] - https://suus.me/index.xml
[2025-10-07 04:01:55] - https://yinwang1.substack.com/feed
[2025-10-07 04:01:55] - https://botanwang.com/rss.xml
[2025-10-07 04:01:55] - https://www.douban.com/feed/review/book
[2025-10-07 04:01:55] ✘ 有 1 条订阅为空:
[2025-10-07 04:01:55] - http://feeds.feedburner.com/zhihu-daily
[2025-10-07 04:01:55] ✘ 有 1 条订阅头像字段为空, 已使用默认头像:
[2025-10-07 04:01:55] - https://feed.cnblogs.com/blog/u/66551/rss/
[2025-10-07 04:01:55] ✘ 有 6 条订阅头像无法访问, 已使用默认头像:
[2025-10-07 04:01:55] - http://feeds.feedburner.com/ruanyifeng
[2025-10-07 04:01:55] - https://www.loyhome.com/feed
[2025-10-07 04:01:55] - https://a4.zyzhang.com/index.xml
[2025-10-07 04:01:55] - https://skywind.me/blog/feed
[2025-10-07 04:01:55] - https://laike9m.com/blog/rss/
[2025-10-07 04:01:55] - https://www.mrhe.net/feed
[2025-10-07 05:01:49] 本次订阅抓取结果统计:
[2025-10-07 05:01:49] 共 60 条RSS, 成功抓取 52 条.
[2025-10-07 05:01:49] ✘ 有 7 条订阅解析失败:
[2025-10-07 05:01:49] - https://tcxx.info/feed
[2025-10-07 05:01:49] - https://tumutanzi.com/feed
[2025-10-07 05:01:49] - https://geekinney.com/index.xml
[2025-10-07 05:01:49] - https://diygod.cc/feed
[2025-10-07 05:01:49] - https://suus.me/index.xml
[2025-10-07 05:01:49] - https://yinwang1.substack.com/feed
[2025-10-07 05:01:49] - https://botanwang.com/rss.xml
[2025-10-07 05:01:49] ✘ 有 1 条订阅为空:
[2025-10-07 05:01:49] - http://feeds.feedburner.com/zhihu-daily
[2025-10-07 05:01:49] ✘ 有 1 条订阅头像字段为空, 已使用默认头像:
[2025-10-07 05:01:49] - https://feed.cnblogs.com/blog/u/66551/rss/
[2025-10-07 05:01:49] ✘ 有 7 条订阅头像无法访问, 已使用默认头像:
[2025-10-07 05:01:49] - https://www.loyhome.com/feed
[2025-10-07 05:01:49] - http://feeds.feedburner.com/ruanyifeng
[2025-10-07 05:01:49] - https://a4.zyzhang.com/index.xml
[2025-10-07 05:01:49] - https://laike9m.com/blog/rss/
[2025-10-07 05:01:49] - https://skywind.me/blog/feed
[2025-10-07 05:01:49] - https://www.douban.com/feed/review/book
[2025-10-07 05:01:49] - https://www.mrhe.net/feed
[2025-10-07 06:02:10] 抓取到的文章与现有数据相同，无需更新。
