[2025-05-08 01:22:12] 本次订阅抓取结果统计:
[2025-05-08 01:22:12] 共 28 条RSS, 成功抓取 27 条.
[2025-05-08 01:22:12] ✘ 有 1 条订阅解析失败:
[2025-05-08 01:22:12] - https://tcxx.info/feed
[2025-05-08 01:22:12] ✘ 有 2 条订阅头像无法访问, 已使用默认头像:
[2025-05-08 01:22:12] - http://feeds.feedburner.com/ruanyifeng
[2025-05-08 01:22:12] - https://www.loyhome.com/feed
[2025-05-08 03:10:09] 本次订阅抓取结果统计:
[2025-05-08 03:10:09] 共 28 条RSS, 成功抓取 27 条.
[2025-05-08 03:10:09] ✘ 有 1 条订阅解析失败:
[2025-05-08 03:10:09] - https://tcxx.info/feed
[2025-05-08 03:10:09] ✘ 有 3 条订阅头像无法访问, 已使用默认头像:
[2025-05-08 03:10:09] - http://feeds.feedburner.com/ruanyifeng
[2025-05-08 03:10:09] - https://www.loyhome.com/feed
[2025-05-08 03:10:09] - https://xyzbz.cn/feed
[2025-05-08 04:21:37] 本次订阅抓取结果统计:
[2025-05-08 04:21:37] 共 28 条RSS, 成功抓取 27 条.
[2025-05-08 04:21:37] ✘ 有 1 条订阅解析失败:
[2025-05-08 04:21:37] - https://tcxx.info/feed
[2025-05-08 04:21:37] ✘ 有 2 条订阅头像无法访问, 已使用默认头像:
[2025-05-08 04:21:37] - http://feeds.feedburner.com/ruanyifeng
[2025-05-08 04:21:37] - https://www.loyhome.com/feed
[2025-05-08 05:18:05] 本次订阅抓取结果统计:
[2025-05-08 05:18:05] 共 28 条RSS, 成功抓取 27 条.
[2025-05-08 05:18:05] ✘ 有 1 条订阅解析失败:
[2025-05-08 05:18:05] - https://tcxx.info/feed
[2025-05-08 05:18:05] ✘ 有 2 条订阅头像无法访问, 已使用默认头像:
[2025-05-08 05:18:05] - http://feeds.feedburner.com/ruanyifeng
[2025-05-08 05:18:05] - https://www.loyhome.com/feed
