[2025-04-08 01:17:34] 本次订阅抓取结果统计:
[2025-04-08 01:17:34] 共 28 条RSS, 成功抓取 27 条.
[2025-04-08 01:17:34] ✘ 有 1 条订阅解析失败:
[2025-04-08 01:17:34] - https://geekinney.com/index.xml
[2025-04-08 01:17:34] ✘ 有 4 条订阅头像无法访问, 已使用默认头像:
[2025-04-08 01:17:34] - http://feeds.feedburner.com/ruanyifeng
[2025-04-08 01:17:34] - https://www.loyhome.com/feed
[2025-04-08 01:17:34] - https://xyzbz.cn/feed
[2025-04-08 01:17:34] - https://ihaihe.cn/feed
[2025-04-08 02:58:58] 本次订阅抓取结果统计:
[2025-04-08 02:58:58] 共 28 条RSS, 成功抓取 26 条.
[2025-04-08 02:58:58] ✘ 有 2 条订阅解析失败:
[2025-04-08 02:58:58] - https://tcxx.info/feed
[2025-04-08 02:58:58] - https://geekinney.com/index.xml
[2025-04-08 02:58:58] ✘ 有 2 条订阅头像无法访问, 已使用默认头像:
[2025-04-08 02:58:58] - http://feeds.feedburner.com/ruanyifeng
[2025-04-08 02:58:58] - https://www.loyhome.com/feed
[2025-04-08 03:35:33] 本次订阅抓取结果统计:
[2025-04-08 03:35:33] 共 28 条RSS, 成功抓取 27 条.
[2025-04-08 03:35:33] ✘ 有 1 条订阅解析失败:
[2025-04-08 03:35:33] - https://geekinney.com/index.xml
[2025-04-08 03:35:33] ✘ 有 2 条订阅头像无法访问, 已使用默认头像:
[2025-04-08 03:35:33] - http://feeds.feedburner.com/ruanyifeng
[2025-04-08 03:35:33] - https://www.loyhome.com/feed
[2025-04-08 04:19:59] 本次订阅抓取结果统计:
[2025-04-08 04:19:59] 共 28 条RSS, 成功抓取 27 条.
[2025-04-08 04:19:59] ✘ 有 1 条订阅解析失败:
[2025-04-08 04:19:59] - https://geekinney.com/index.xml
[2025-04-08 04:19:59] ✘ 有 2 条订阅头像无法访问, 已使用默认头像:
[2025-04-08 04:19:59] - http://feeds.feedburner.com/ruanyifeng
[2025-04-08 04:19:59] - https://www.loyhome.com/feed
[2025-04-08 05:16:23] 本次订阅抓取结果统计:
[2025-04-08 05:16:23] 共 28 条RSS, 成功抓取 27 条.
[2025-04-08 05:16:23] ✘ 有 1 条订阅解析失败:
[2025-04-08 05:16:23] - https://geekinney.com/index.xml
[2025-04-08 05:16:23] ✘ 有 2 条订阅头像无法访问, 已使用默认头像:
[2025-04-08 05:16:23] - http://feeds.feedburner.com/ruanyifeng
[2025-04-08 05:16:23] - https://www.loyhome.com/feed
[2025-04-08 06:24:34] 本次订阅抓取结果统计:
[2025-04-08 06:24:34] 共 28 条RSS, 成功抓取 27 条.
[2025-04-08 06:24:34] ✘ 有 1 条订阅解析失败:
[2025-04-08 06:24:34] - https://geekinney.com/index.xml
[2025-04-08 06:24:34] ✘ 有 2 条订阅头像无法访问, 已使用默认头像:
[2025-04-08 06:24:34] - http://feeds.feedburner.com/ruanyifeng
[2025-04-08 06:24:34] - https://www.loyhome.com/feed
