[2025-06-06 00:04:11] 本次订阅抓取结果统计:
[2025-06-06 00:04:11] 共 45 条RSS, 成功抓取 44 条.
[2025-06-06 00:04:11] ✘ 有 1 条订阅解析失败:
[2025-06-06 00:04:11] - https://tcxx.info/feed
[2025-06-06 00:04:11] ✘ 有 3 条订阅头像无法访问, 已使用默认头像:
[2025-06-06 00:04:11] - http://feeds.feedburner.com/ruanyifeng
[2025-06-06 00:04:11] - https://www.loyhome.com/feed
[2025-06-06 00:04:11] - https://www.douban.com/feed/review/book
[2025-06-06 01:29:24] 本次订阅抓取结果统计:
[2025-06-06 01:29:24] 共 45 条RSS, 成功抓取 44 条.
[2025-06-06 01:29:24] ✘ 有 1 条订阅解析失败:
[2025-06-06 01:29:24] - https://tcxx.info/feed
[2025-06-06 01:29:24] ✘ 有 3 条订阅头像无法访问, 已使用默认头像:
[2025-06-06 01:29:24] - http://feeds.feedburner.com/ruanyifeng
[2025-06-06 01:29:24] - https://www.loyhome.com/feed
[2025-06-06 01:29:24] - https://www.douban.com/feed/review/book
[2025-06-06 02:31:29] 本次订阅抓取结果统计:
[2025-06-06 02:31:29] 共 45 条RSS, 成功抓取 44 条.
[2025-06-06 02:31:29] ✘ 有 1 条订阅解析失败:
[2025-06-06 02:31:29] - https://tcxx.info/feed
[2025-06-06 02:31:29] ✘ 有 3 条订阅头像无法访问, 已使用默认头像:
[2025-06-06 02:31:29] - http://feeds.feedburner.com/ruanyifeng
[2025-06-06 02:31:29] - https://www.loyhome.com/feed
[2025-06-06 02:31:29] - https://www.douban.com/feed/review/book
