[2025-09-29 00:04:42] 本次订阅抓取结果统计:
[2025-09-29 00:04:42] 共 60 条RSS, 成功抓取 53 条.
[2025-09-29 00:04:42] ✘ 有 5 条订阅解析失败:
[2025-09-29 00:04:42] - https://tumutanzi.com/feed
[2025-09-29 00:04:42] - https://tcxx.info/feed
[2025-09-29 00:04:42] - https://geekinney.com/index.xml
[2025-09-29 00:04:42] - https://yinwang1.substack.com/feed
[2025-09-29 00:04:42] - https://botanwang.com/rss.xml
[2025-09-29 00:04:42] ✘ 有 2 条订阅为空:
[2025-09-29 00:04:42] - http://feeds.feedburner.com/zhihu-daily
[2025-09-29 00:04:42] - https://diygod.cc/feed
[2025-09-29 00:04:42] ✘ 有 1 条订阅头像字段为空, 已使用默认头像:
[2025-09-29 00:04:42] - https://feed.cnblogs.com/blog/u/66551/rss/
[2025-09-29 00:04:42] ✘ 有 7 条订阅头像无法访问, 已使用默认头像:
[2025-09-29 00:04:42] - http://feeds.feedburner.com/ruanyifeng
[2025-09-29 00:04:42] - https://www.loyhome.com/feed
[2025-09-29 00:04:42] - https://a4.zyzhang.com/index.xml
[2025-09-29 00:04:42] - https://laike9m.com/blog/rss/
[2025-09-29 00:04:42] - https://skywind.me/blog/feed
[2025-09-29 00:04:42] - https://www.mrhe.net/feed
[2025-09-29 00:04:42] - https://www.douban.com/feed/review/book
[2025-09-29 01:29:28] 本次订阅抓取结果统计:
[2025-09-29 01:29:28] 共 60 条RSS, 成功抓取 54 条.
[2025-09-29 01:29:28] ✘ 有 5 条订阅解析失败:
[2025-09-29 01:29:28] - https://tumutanzi.com/feed
[2025-09-29 01:29:28] - https://tcxx.info/feed
[2025-09-29 01:29:28] - https://geekinney.com/index.xml
[2025-09-29 01:29:28] - https://yinwang1.substack.com/feed
[2025-09-29 01:29:28] - https://botanwang.com/rss.xml
[2025-09-29 01:29:28] ✘ 有 1 条订阅为空:
[2025-09-29 01:29:28] - http://feeds.feedburner.com/zhihu-daily
[2025-09-29 01:29:28] ✘ 有 1 条订阅头像字段为空, 已使用默认头像:
[2025-09-29 01:29:28] - https://feed.cnblogs.com/blog/u/66551/rss/
[2025-09-29 01:29:28] ✘ 有 7 条订阅头像无法访问, 已使用默认头像:
[2025-09-29 01:29:28] - http://feeds.feedburner.com/ruanyifeng
[2025-09-29 01:29:28] - https://www.loyhome.com/feed
[2025-09-29 01:29:28] - https://a4.zyzhang.com/index.xml
[2025-09-29 01:29:28] - https://skywind.me/blog/feed
[2025-09-29 01:29:28] - https://laike9m.com/blog/rss/
[2025-09-29 01:29:28] - https://www.douban.com/feed/review/book
[2025-09-29 01:29:28] - https://www.mrhe.net/feed
[2025-09-29 02:29:06] 抓取到的文章与现有数据相同，无需更新。
[2025-09-29 03:17:02] 本次订阅抓取结果统计:
[2025-09-29 03:17:02] 共 60 条RSS, 成功抓取 54 条.
[2025-09-29 03:17:02] ✘ 有 5 条订阅解析失败:
[2025-09-29 03:17:02] - https://tcxx.info/feed
[2025-09-29 03:17:02] - https://tumutanzi.com/feed
[2025-09-29 03:17:02] - https://geekinney.com/index.xml
[2025-09-29 03:17:02] - https://yinwang1.substack.com/feed
[2025-09-29 03:17:02] - https://botanwang.com/rss.xml
[2025-09-29 03:17:02] ✘ 有 1 条订阅为空:
[2025-09-29 03:17:02] - http://feeds.feedburner.com/zhihu-daily
[2025-09-29 03:17:02] ✘ 有 1 条订阅头像字段为空, 已使用默认头像:
[2025-09-29 03:17:02] - https://feed.cnblogs.com/blog/u/66551/rss/
[2025-09-29 03:17:02] ✘ 有 7 条订阅头像无法访问, 已使用默认头像:
[2025-09-29 03:17:02] - http://feeds.feedburner.com/ruanyifeng
[2025-09-29 03:17:02] - https://www.loyhome.com/feed
[2025-09-29 03:17:02] - https://a4.zyzhang.com/index.xml
[2025-09-29 03:17:02] - https://laike9m.com/blog/rss/
[2025-09-29 03:17:02] - https://skywind.me/blog/feed
[2025-09-29 03:17:02] - https://www.mrhe.net/feed
[2025-09-29 03:17:02] - https://www.douban.com/feed/review/book
[2025-09-29 04:02:04] 抓取到的文章与现有数据相同，无需更新。
[2025-09-29 05:01:59] 抓取到的文章与现有数据相同，无需更新。
[2025-09-29 06:02:01] 本次订阅抓取结果统计:
[2025-09-29 06:02:01] 共 60 条RSS, 成功抓取 54 条.
[2025-09-29 06:02:01] ✘ 有 5 条订阅解析失败:
[2025-09-29 06:02:01] - https://tumutanzi.com/feed
[2025-09-29 06:02:01] - https://tcxx.info/feed
[2025-09-29 06:02:01] - https://geekinney.com/index.xml
[2025-09-29 06:02:01] - https://yinwang1.substack.com/feed
[2025-09-29 06:02:01] - https://botanwang.com/rss.xml
[2025-09-29 06:02:01] ✘ 有 1 条订阅为空:
[2025-09-29 06:02:01] - http://feeds.feedburner.com/zhihu-daily
[2025-09-29 06:02:01] ✘ 有 1 条订阅头像字段为空, 已使用默认头像:
[2025-09-29 06:02:01] - https://feed.cnblogs.com/blog/u/66551/rss/
[2025-09-29 06:02:01] ✘ 有 7 条订阅头像无法访问, 已使用默认头像:
[2025-09-29 06:02:01] - http://feeds.feedburner.com/ruanyifeng
[2025-09-29 06:02:01] - https://www.loyhome.com/feed
[2025-09-29 06:02:01] - https://a4.zyzhang.com/index.xml
[2025-09-29 06:02:01] - https://laike9m.com/blog/rss/
[2025-09-29 06:02:01] - https://skywind.me/blog/feed
[2025-09-29 06:02:01] - https://www.douban.com/feed/review/book
[2025-09-29 06:02:01] - https://www.mrhe.net/feed
[2025-09-29 07:02:00] 本次订阅抓取结果统计:
[2025-09-29 07:02:00] 共 60 条RSS, 成功抓取 54 条.
[2025-09-29 07:02:00] ✘ 有 5 条订阅解析失败:
[2025-09-29 07:02:00] - https://tumutanzi.com/feed
[2025-09-29 07:02:00] - https://tcxx.info/feed
[2025-09-29 07:02:00] - https://geekinney.com/index.xml
[2025-09-29 07:02:00] - https://yinwang1.substack.com/feed
[2025-09-29 07:02:00] - https://botanwang.com/rss.xml
[2025-09-29 07:02:00] ✘ 有 1 条订阅为空:
[2025-09-29 07:02:00] - http://feeds.feedburner.com/zhihu-daily
[2025-09-29 07:02:00] ✘ 有 1 条订阅头像字段为空, 已使用默认头像:
[2025-09-29 07:02:00] - https://feed.cnblogs.com/blog/u/66551/rss/
[2025-09-29 07:02:00] ✘ 有 7 条订阅头像无法访问, 已使用默认头像:
[2025-09-29 07:02:00] - http://feeds.feedburner.com/ruanyifeng
[2025-09-29 07:02:00] - https://www.loyhome.com/feed
[2025-09-29 07:02:00] - https://a4.zyzhang.com/index.xml
[2025-09-29 07:02:00] - https://skywind.me/blog/feed
[2025-09-29 07:02:00] - https://laike9m.com/blog/rss/
[2025-09-29 07:02:00] - https://www.mrhe.net/feed
[2025-09-29 07:02:00] - https://www.douban.com/feed/review/book
[2025-09-29 08:01:56] 本次订阅抓取结果统计:
[2025-09-29 08:01:56] 共 60 条RSS, 成功抓取 54 条.
[2025-09-29 08:01:56] ✘ 有 5 条订阅解析失败:
[2025-09-29 08:01:56] - https://tumutanzi.com/feed
[2025-09-29 08:01:56] - https://tcxx.info/feed
[2025-09-29 08:01:56] - https://geekinney.com/index.xml
[2025-09-29 08:01:56] - https://yinwang1.substack.com/feed
[2025-09-29 08:01:56] - https://botanwang.com/rss.xml
[2025-09-29 08:01:56] ✘ 有 1 条订阅为空:
[2025-09-29 08:01:56] - http://feeds.feedburner.com/zhihu-daily
[2025-09-29 08:01:56] ✘ 有 1 条订阅头像字段为空, 已使用默认头像:
[2025-09-29 08:01:56] - https://feed.cnblogs.com/blog/u/66551/rss/
[2025-09-29 08:01:56] ✘ 有 7 条订阅头像无法访问, 已使用默认头像:
[2025-09-29 08:01:56] - http://feeds.feedburner.com/ruanyifeng
[2025-09-29 08:01:56] - https://www.loyhome.com/feed
[2025-09-29 08:01:56] - https://a4.zyzhang.com/index.xml
[2025-09-29 08:01:56] - https://laike9m.com/blog/rss/
[2025-09-29 08:01:56] - https://skywind.me/blog/feed
[2025-09-29 08:01:56] - https://www.douban.com/feed/review/book
[2025-09-29 08:01:56] - https://www.mrhe.net/feed
[2025-09-29 09:02:15] 抓取到的文章与现有数据相同，无需更新。
