[2025-06-30 00:04:37] 本次订阅抓取结果统计:
[2025-06-30 00:04:37] 共 45 条RSS, 成功抓取 44 条.
[2025-06-30 00:04:37] ✘ 有 1 条订阅解析失败:
[2025-06-30 00:04:37] - https://tcxx.info/feed
[2025-06-30 00:04:37] ✘ 有 5 条订阅头像无法访问, 已使用默认头像:
[2025-06-30 00:04:37] - http://feeds.feedburner.com/ruanyifeng
[2025-06-30 00:04:37] - https://www.loyhome.com/feed
[2025-06-30 00:04:37] - https://xyzbz.cn/feed
[2025-06-30 00:04:37] - https://www.douban.com/feed/review/book
[2025-06-30 00:04:37] - https://feeds.appinn.com/appinns/
[2025-06-30 01:29:40] 本次订阅抓取结果统计:
[2025-06-30 01:29:40] 共 45 条RSS, 成功抓取 44 条.
[2025-06-30 01:29:40] ✘ 有 1 条订阅解析失败:
[2025-06-30 01:29:40] - https://tcxx.info/feed
[2025-06-30 01:29:40] ✘ 有 3 条订阅头像无法访问, 已使用默认头像:
[2025-06-30 01:29:40] - http://feeds.feedburner.com/ruanyifeng
[2025-06-30 01:29:40] - https://www.loyhome.com/feed
[2025-06-30 01:29:40] - https://www.douban.com/feed/review/book
[2025-06-30 02:36:23] 本次订阅抓取结果统计:
[2025-06-30 02:36:23] 共 45 条RSS, 成功抓取 44 条.
[2025-06-30 02:36:23] ✘ 有 1 条订阅解析失败:
[2025-06-30 02:36:23] - https://tcxx.info/feed
[2025-06-30 02:36:23] ✘ 有 4 条订阅头像无法访问, 已使用默认头像:
[2025-06-30 02:36:23] - http://feeds.feedburner.com/ruanyifeng
[2025-06-30 02:36:23] - https://www.loyhome.com/feed
[2025-06-30 02:36:23] - https://blog.yanqingshan.com/feed
[2025-06-30 02:36:23] - https://www.douban.com/feed/review/book
[2025-06-30 03:28:15] 本次订阅抓取结果统计:
[2025-06-30 03:28:15] 共 45 条RSS, 成功抓取 44 条.
[2025-06-30 03:28:15] ✘ 有 1 条订阅解析失败:
[2025-06-30 03:28:15] - https://tcxx.info/feed
[2025-06-30 03:28:15] ✘ 有 3 条订阅头像无法访问, 已使用默认头像:
[2025-06-30 03:28:15] - http://feeds.feedburner.com/ruanyifeng
[2025-06-30 03:28:15] - https://www.loyhome.com/feed
[2025-06-30 03:28:15] - https://www.douban.com/feed/review/book
