[2025-10-30 00:05:33] 抓取到的文章与现有数据相同，无需更新。
[2025-10-30 01:30:49] 本次订阅抓取结果统计:
[2025-10-30 01:30:49] 共 63 条RSS, 成功抓取 55 条.
[2025-10-30 01:30:49] ✘ 有 7 条订阅解析失败:
[2025-10-30 01:30:49] - https://tcxx.info/feed
[2025-10-30 01:30:49] - https://tumutanzi.com/feed
[2025-10-30 01:30:49] - https://geekinney.com/index.xml
[2025-10-30 01:30:49] - https://suus.me/index.xml
[2025-10-30 01:30:49] - https://yinwang1.substack.com/feed
[2025-10-30 01:30:49] - https://botanwang.com/rss.xml
[2025-10-30 01:30:49] - https://leixus.cn/index.php/feed/
[2025-10-30 01:30:49] ✘ 有 1 条订阅为空:
[2025-10-30 01:30:49] - http://feeds.feedburner.com/zhihu-daily
[2025-10-30 01:30:49] ✘ 有 1 条订阅头像字段为空, 已使用默认头像:
[2025-10-30 01:30:49] - https://feed.cnblogs.com/blog/u/66551/rss/
[2025-10-30 01:30:49] ✘ 有 3 条订阅头像无法访问, 已使用默认头像:
[2025-10-30 01:30:49] - http://feeds.feedburner.com/ruanyifeng
[2025-10-30 01:30:49] - https://skywind.me/blog/feed
[2025-10-30 01:30:49] - https://www.douban.com/feed/review/book
[2025-10-30 02:31:33] 本次订阅抓取结果统计:
[2025-10-30 02:31:33] 共 63 条RSS, 成功抓取 54 条.
[2025-10-30 02:31:33] ✘ 有 8 条订阅解析失败:
[2025-10-30 02:31:33] - https://tcxx.info/feed
[2025-10-30 02:31:33] - https://tumutanzi.com/feed
[2025-10-30 02:31:33] - https://geekinney.com/index.xml
[2025-10-30 02:31:33] - https://suus.me/index.xml
[2025-10-30 02:31:33] - https://yinwang1.substack.com/feed
[2025-10-30 02:31:33] - https://botanwang.com/rss.xml
[2025-10-30 02:31:33] - https://www.douban.com/feed/review/book
[2025-10-30 02:31:33] - https://leixus.cn/index.php/feed/
[2025-10-30 02:31:33] ✘ 有 1 条订阅为空:
[2025-10-30 02:31:33] - http://feeds.feedburner.com/zhihu-daily
[2025-10-30 02:31:33] ✘ 有 1 条订阅头像字段为空, 已使用默认头像:
[2025-10-30 02:31:33] - https://feed.cnblogs.com/blog/u/66551/rss/
[2025-10-30 02:31:33] ✘ 有 2 条订阅头像无法访问, 已使用默认头像:
[2025-10-30 02:31:33] - http://feeds.feedburner.com/ruanyifeng
[2025-10-30 02:31:33] - https://skywind.me/blog/feed
[2025-10-30 03:21:17] 本次订阅抓取结果统计:
[2025-10-30 03:21:17] 共 63 条RSS, 成功抓取 55 条.
[2025-10-30 03:21:17] ✘ 有 7 条订阅解析失败:
[2025-10-30 03:21:17] - https://tcxx.info/feed
[2025-10-30 03:21:17] - https://tumutanzi.com/feed
[2025-10-30 03:21:17] - https://geekinney.com/index.xml
[2025-10-30 03:21:17] - https://suus.me/index.xml
[2025-10-30 03:21:17] - https://yinwang1.substack.com/feed
[2025-10-30 03:21:17] - https://botanwang.com/rss.xml
[2025-10-30 03:21:17] - https://leixus.cn/index.php/feed/
[2025-10-30 03:21:17] ✘ 有 1 条订阅为空:
[2025-10-30 03:21:17] - http://feeds.feedburner.com/zhihu-daily
[2025-10-30 03:21:17] ✘ 有 1 条订阅头像字段为空, 已使用默认头像:
[2025-10-30 03:21:17] - https://feed.cnblogs.com/blog/u/66551/rss/
[2025-10-30 03:21:17] ✘ 有 3 条订阅头像无法访问, 已使用默认头像:
[2025-10-30 03:21:17] - http://feeds.feedburner.com/ruanyifeng
[2025-10-30 03:21:17] - https://skywind.me/blog/feed
[2025-10-30 03:21:17] - https://www.douban.com/feed/review/book
[2025-10-30 04:02:50] 抓取到的文章与现有数据相同，无需更新。
[2025-10-30 05:02:44] 本次订阅抓取结果统计:
[2025-10-30 05:02:44] 共 63 条RSS, 成功抓取 55 条.
[2025-10-30 05:02:44] ✘ 有 7 条订阅解析失败:
[2025-10-30 05:02:44] - https://tumutanzi.com/feed
[2025-10-30 05:02:44] - https://tcxx.info/feed
[2025-10-30 05:02:44] - https://geekinney.com/index.xml
[2025-10-30 05:02:44] - https://suus.me/index.xml
[2025-10-30 05:02:44] - https://yinwang1.substack.com/feed
[2025-10-30 05:02:44] - https://botanwang.com/rss.xml
[2025-10-30 05:02:44] - https://leixus.cn/index.php/feed/
[2025-10-30 05:02:44] ✘ 有 1 条订阅为空:
[2025-10-30 05:02:44] - http://feeds.feedburner.com/zhihu-daily
[2025-10-30 05:02:44] ✘ 有 1 条订阅头像字段为空, 已使用默认头像:
[2025-10-30 05:02:44] - https://feed.cnblogs.com/blog/u/66551/rss/
[2025-10-30 05:02:44] ✘ 有 3 条订阅头像无法访问, 已使用默认头像:
[2025-10-30 05:02:44] - http://feeds.feedburner.com/ruanyifeng
[2025-10-30 05:02:44] - https://skywind.me/blog/feed
[2025-10-30 05:02:44] - https://www.douban.com/feed/review/book
[2025-10-30 06:02:41] 本次订阅抓取结果统计:
[2025-10-30 06:02:41] 共 63 条RSS, 成功抓取 55 条.
[2025-10-30 06:02:41] ✘ 有 7 条订阅解析失败:
[2025-10-30 06:02:41] - https://tcxx.info/feed
[2025-10-30 06:02:41] - https://tumutanzi.com/feed
[2025-10-30 06:02:41] - https://geekinney.com/index.xml
[2025-10-30 06:02:41] - https://suus.me/index.xml
[2025-10-30 06:02:41] - https://yinwang1.substack.com/feed
[2025-10-30 06:02:41] - https://botanwang.com/rss.xml
[2025-10-30 06:02:41] - https://leixus.cn/index.php/feed/
[2025-10-30 06:02:41] ✘ 有 1 条订阅为空:
[2025-10-30 06:02:41] - http://feeds.feedburner.com/zhihu-daily
[2025-10-30 06:02:41] ✘ 有 1 条订阅头像字段为空, 已使用默认头像:
[2025-10-30 06:02:41] - https://feed.cnblogs.com/blog/u/66551/rss/
[2025-10-30 06:02:41] ✘ 有 3 条订阅头像无法访问, 已使用默认头像:
[2025-10-30 06:02:41] - http://feeds.feedburner.com/ruanyifeng
[2025-10-30 06:02:41] - https://skywind.me/blog/feed
[2025-10-30 06:02:41] - https://www.douban.com/feed/review/book
[2025-10-30 07:02:48] 抓取到的文章与现有数据相同，无需更新。
[2025-10-30 08:02:49] 抓取到的文章与现有数据相同，无需更新。
[2025-10-30 09:02:44] 抓取到的文章与现有数据相同，无需更新。
[2025-10-30 10:02:43] 抓取到的文章与现有数据相同，无需更新。
[2025-10-30 11:02:39] 本次订阅抓取结果统计:
[2025-10-30 11:02:39] 共 63 条RSS, 成功抓取 55 条.
[2025-10-30 11:02:39] ✘ 有 7 条订阅解析失败:
[2025-10-30 11:02:39] - https://tcxx.info/feed
[2025-10-30 11:02:39] - https://tumutanzi.com/feed
[2025-10-30 11:02:39] - https://geekinney.com/index.xml
[2025-10-30 11:02:39] - https://suus.me/index.xml
[2025-10-30 11:02:39] - https://yinwang1.substack.com/feed
[2025-10-30 11:02:39] - https://botanwang.com/rss.xml
[2025-10-30 11:02:39] - https://leixus.cn/index.php/feed/
[2025-10-30 11:02:39] ✘ 有 1 条订阅为空:
[2025-10-30 11:02:39] - http://feeds.feedburner.com/zhihu-daily
[2025-10-30 11:02:39] ✘ 有 1 条订阅头像字段为空, 已使用默认头像:
[2025-10-30 11:02:39] - https://feed.cnblogs.com/blog/u/66551/rss/
[2025-10-30 11:02:39] ✘ 有 3 条订阅头像无法访问, 已使用默认头像:
[2025-10-30 11:02:39] - http://feeds.feedburner.com/ruanyifeng
[2025-10-30 11:02:39] - https://skywind.me/blog/feed
[2025-10-30 11:02:39] - https://www.douban.com/feed/review/book
[2025-10-30 12:03:08] 抓取到的文章与现有数据相同，无需更新。
[2025-10-30 13:11:51] 抓取到的文章与现有数据相同，无需更新。
[2025-10-30 14:02:52] 本次订阅抓取结果统计:
[2025-10-30 14:02:52] 共 63 条RSS, 成功抓取 55 条.
[2025-10-30 14:02:52] ✘ 有 7 条订阅解析失败:
[2025-10-30 14:02:52] - https://tcxx.info/feed
[2025-10-30 14:02:52] - https://tumutanzi.com/feed
[2025-10-30 14:02:52] - https://geekinney.com/index.xml
[2025-10-30 14:02:52] - https://suus.me/index.xml
[2025-10-30 14:02:52] - https://yinwang1.substack.com/feed
[2025-10-30 14:02:52] - https://botanwang.com/rss.xml
[2025-10-30 14:02:52] - https://leixus.cn/index.php/feed/
[2025-10-30 14:02:52] ✘ 有 1 条订阅为空:
[2025-10-30 14:02:52] - http://feeds.feedburner.com/zhihu-daily
[2025-10-30 14:02:52] ✘ 有 1 条订阅头像字段为空, 已使用默认头像:
[2025-10-30 14:02:52] - https://feed.cnblogs.com/blog/u/66551/rss/
[2025-10-30 14:02:52] ✘ 有 3 条订阅头像无法访问, 已使用默认头像:
[2025-10-30 14:02:52] - http://feeds.feedburner.com/ruanyifeng
[2025-10-30 14:02:52] - https://skywind.me/blog/feed
[2025-10-30 14:02:52] - https://www.douban.com/feed/review/book
[2025-10-30 15:02:50] 抓取到的文章与现有数据相同，无需更新。
[2025-10-30 16:02:49] 本次订阅抓取结果统计:
[2025-10-30 16:02:49] 共 63 条RSS, 成功抓取 54 条.
[2025-10-30 16:02:49] ✘ 有 8 条订阅解析失败:
[2025-10-30 16:02:49] - https://tumutanzi.com/feed
[2025-10-30 16:02:49] - https://tcxx.info/feed
[2025-10-30 16:02:49] - https://geekinney.com/index.xml
[2025-10-30 16:02:49] - https://suus.me/index.xml
[2025-10-30 16:02:49] - https://yinwang1.substack.com/feed
[2025-10-30 16:02:49] - https://botanwang.com/rss.xml
[2025-10-30 16:02:49] - https://leixus.cn/index.php/feed/
[2025-10-30 16:02:49] - http://www.auiou.com/feed/
[2025-10-30 16:02:49] ✘ 有 1 条订阅为空:
[2025-10-30 16:02:49] - http://feeds.feedburner.com/zhihu-daily
[2025-10-30 16:02:49] ✘ 有 1 条订阅头像字段为空, 已使用默认头像:
[2025-10-30 16:02:49] - https://feed.cnblogs.com/blog/u/66551/rss/
[2025-10-30 16:02:49] ✘ 有 3 条订阅头像无法访问, 已使用默认头像:
[2025-10-30 16:02:49] - http://feeds.feedburner.com/ruanyifeng
[2025-10-30 16:02:49] - https://skywind.me/blog/feed
[2025-10-30 16:02:49] - https://www.douban.com/feed/review/book
[2025-10-30 17:02:54] 本次订阅抓取结果统计:
[2025-10-30 17:02:54] 共 63 条RSS, 成功抓取 55 条.
[2025-10-30 17:02:54] ✘ 有 7 条订阅解析失败:
[2025-10-30 17:02:54] - https://tcxx.info/feed
[2025-10-30 17:02:54] - https://tumutanzi.com/feed
[2025-10-30 17:02:54] - https://geekinney.com/index.xml
[2025-10-30 17:02:54] - https://suus.me/index.xml
[2025-10-30 17:02:54] - https://yinwang1.substack.com/feed
[2025-10-30 17:02:54] - https://botanwang.com/rss.xml
[2025-10-30 17:02:54] - https://leixus.cn/index.php/feed/
[2025-10-30 17:02:54] ✘ 有 1 条订阅为空:
[2025-10-30 17:02:54] - http://feeds.feedburner.com/zhihu-daily
[2025-10-30 17:02:54] ✘ 有 1 条订阅头像字段为空, 已使用默认头像:
[2025-10-30 17:02:54] - https://feed.cnblogs.com/blog/u/66551/rss/
[2025-10-30 17:02:54] ✘ 有 3 条订阅头像无法访问, 已使用默认头像:
[2025-10-30 17:02:54] - http://feeds.feedburner.com/ruanyifeng
[2025-10-30 17:02:54] - https://skywind.me/blog/feed
[2025-10-30 17:02:54] - https://www.douban.com/feed/review/book
[2025-10-30 18:02:43] 本次订阅抓取结果统计:
[2025-10-30 18:02:43] 共 63 条RSS, 成功抓取 55 条.
[2025-10-30 18:02:43] ✘ 有 7 条订阅解析失败:
[2025-10-30 18:02:43] - https://tumutanzi.com/feed
[2025-10-30 18:02:43] - https://tcxx.info/feed
[2025-10-30 18:02:43] - https://geekinney.com/index.xml
[2025-10-30 18:02:43] - https://suus.me/index.xml
[2025-10-30 18:02:43] - https://yinwang1.substack.com/feed
[2025-10-30 18:02:43] - https://botanwang.com/rss.xml
[2025-10-30 18:02:43] - https://leixus.cn/index.php/feed/
[2025-10-30 18:02:43] ✘ 有 1 条订阅为空:
[2025-10-30 18:02:43] - http://feeds.feedburner.com/zhihu-daily
[2025-10-30 18:02:43] ✘ 有 1 条订阅头像字段为空, 已使用默认头像:
[2025-10-30 18:02:43] - https://feed.cnblogs.com/blog/u/66551/rss/
[2025-10-30 18:02:43] ✘ 有 4 条订阅头像无法访问, 已使用默认头像:
[2025-10-30 18:02:43] - http://feeds.feedburner.com/ruanyifeng
[2025-10-30 18:02:43] - https://skywind.me/blog/feed
[2025-10-30 18:02:43] - https://www.douban.com/feed/review/book
[2025-10-30 18:02:43] - https://rss.utgd.net/feed
[2025-10-30 19:02:39] 抓取到的文章与现有数据相同，无需更新。
[2025-10-30 20:02:53] 抓取到的文章与现有数据相同，无需更新。
[2025-10-30 21:02:46] 本次订阅抓取结果统计:
[2025-10-30 21:02:46] 共 63 条RSS, 成功抓取 55 条.
[2025-10-30 21:02:46] ✘ 有 7 条订阅解析失败:
[2025-10-30 21:02:46] - https://tcxx.info/feed
[2025-10-30 21:02:46] - https://tumutanzi.com/feed
[2025-10-30 21:02:46] - https://geekinney.com/index.xml
[2025-10-30 21:02:46] - https://suus.me/index.xml
[2025-10-30 21:02:46] - https://yinwang1.substack.com/feed
[2025-10-30 21:02:46] - https://botanwang.com/rss.xml
[2025-10-30 21:02:46] - https://leixus.cn/index.php/feed/
[2025-10-30 21:02:46] ✘ 有 1 条订阅为空:
[2025-10-30 21:02:46] - http://feeds.feedburner.com/zhihu-daily
[2025-10-30 21:02:46] ✘ 有 1 条订阅头像字段为空, 已使用默认头像:
[2025-10-30 21:02:46] - https://feed.cnblogs.com/blog/u/66551/rss/
[2025-10-30 21:02:46] ✘ 有 3 条订阅头像无法访问, 已使用默认头像:
[2025-10-30 21:02:46] - http://feeds.feedburner.com/ruanyifeng
[2025-10-30 21:02:46] - https://skywind.me/blog/feed
[2025-10-30 21:02:46] - https://www.douban.com/feed/review/book
[2025-10-30 22:02:34] 抓取到的文章与现有数据相同，无需更新。
[2025-10-30 23:02:50] 本次订阅抓取结果统计:
[2025-10-30 23:02:50] 共 63 条RSS, 成功抓取 54 条.
[2025-10-30 23:02:50] ✘ 有 8 条订阅解析失败:
[2025-10-30 23:02:50] - https://tumutanzi.com/feed
[2025-10-30 23:02:50] - https://tcxx.info/feed
[2025-10-30 23:02:50] - https://geekinney.com/index.xml
[2025-10-30 23:02:50] - https://suus.me/index.xml
[2025-10-30 23:02:50] - https://yinwang1.substack.com/feed
[2025-10-30 23:02:50] - https://botanwang.com/rss.xml
[2025-10-30 23:02:50] - https://leixus.cn/index.php/feed/
[2025-10-30 23:02:50] - http://www.auiou.com/feed/
[2025-10-30 23:02:50] ✘ 有 1 条订阅为空:
[2025-10-30 23:02:50] - http://feeds.feedburner.com/zhihu-daily
[2025-10-30 23:02:50] ✘ 有 1 条订阅头像字段为空, 已使用默认头像:
[2025-10-30 23:02:50] - https://feed.cnblogs.com/blog/u/66551/rss/
[2025-10-30 23:02:50] ✘ 有 3 条订阅头像无法访问, 已使用默认头像:
[2025-10-30 23:02:50] - http://feeds.feedburner.com/ruanyifeng
[2025-10-30 23:02:50] - https://skywind.me/blog/feed
[2025-10-30 23:02:50] - https://www.douban.com/feed/review/book
