[2025-12-03 00:04:34] 抓取到的文章与现有数据相同，无需更新。
[2025-12-03 01:29:49] 抓取到的文章与现有数据相同，无需更新。
[2025-12-03 02:31:35] 抓取到的文章与现有数据相同，无需更新。
[2025-12-03 03:24:49] 抓取到的文章与现有数据相同，无需更新。
[2025-12-03 04:06:36] 抓取到的文章与现有数据相同，无需更新。
[2025-12-03 05:02:05] 抓取到的文章与现有数据相同，无需更新。
[2025-12-03 06:01:54] 本次订阅抓取结果统计:
[2025-12-03 06:01:54] 共 31 条RSS, 成功抓取 27 条.
[2025-12-03 06:01:54] ✘ 有 4 条订阅解析失败:
[2025-12-03 06:01:54] - https://tumutanzi.com/feed
[2025-12-03 06:01:54] - https://geekinney.com/index.xml
[2025-12-03 06:01:54] - https://suus.me/atom.xml
[2025-12-03 06:01:54] - https://www.moraex.com/feed
[2025-12-03 07:02:38] 本次订阅抓取结果统计:
[2025-12-03 07:02:38] 共 31 条RSS, 成功抓取 26 条.
[2025-12-03 07:02:38] ✘ 有 5 条订阅解析失败:
[2025-12-03 07:02:38] - https://tumutanzi.com/feed
[2025-12-03 07:02:38] - https://geekinney.com/index.xml
[2025-12-03 07:02:38] - https://suus.me/atom.xml
[2025-12-03 07:02:38] - https://www.luzhaojun.com/feed
[2025-12-03 07:02:38] - https://leixus.cn/index.php/feed/
[2025-12-03 08:01:49] 本次订阅抓取结果统计:
[2025-12-03 08:01:49] 共 31 条RSS, 成功抓取 28 条.
[2025-12-03 08:01:49] ✘ 有 3 条订阅解析失败:
[2025-12-03 08:01:49] - https://tumutanzi.com/feed
[2025-12-03 08:01:49] - https://geekinney.com/index.xml
[2025-12-03 08:01:49] - https://suus.me/atom.xml
[2025-12-03 09:03:57] 本次订阅抓取结果统计:
[2025-12-03 09:03:57] 共 31 条RSS, 成功抓取 28 条.
[2025-12-03 09:03:57] ✘ 有 3 条订阅解析失败:
[2025-12-03 09:03:57] - https://tumutanzi.com/feed
[2025-12-03 09:03:57] - https://geekinney.com/index.xml
[2025-12-03 09:03:57] - https://suus.me/atom.xml
[2025-12-03 10:01:47] 抓取到的文章与现有数据相同，无需更新。
