[2025-10-09 00:04:22] 本次订阅抓取结果统计:
[2025-10-09 00:04:22] 共 60 条RSS, 成功抓取 52 条.
[2025-10-09 00:04:22] ✘ 有 7 条订阅解析失败:
[2025-10-09 00:04:22] - https://tcxx.info/feed
[2025-10-09 00:04:22] - https://tumutanzi.com/feed
[2025-10-09 00:04:22] - https://geekinney.com/index.xml
[2025-10-09 00:04:22] - https://diygod.cc/feed
[2025-10-09 00:04:22] - https://suus.me/index.xml
[2025-10-09 00:04:22] - https://yinwang1.substack.com/feed
[2025-10-09 00:04:22] - https://botanwang.com/rss.xml
[2025-10-09 00:04:22] ✘ 有 1 条订阅为空:
[2025-10-09 00:04:22] - http://feeds.feedburner.com/zhihu-daily
[2025-10-09 00:04:22] ✘ 有 1 条订阅头像字段为空, 已使用默认头像:
[2025-10-09 00:04:22] - https://feed.cnblogs.com/blog/u/66551/rss/
[2025-10-09 00:04:22] ✘ 有 7 条订阅头像无法访问, 已使用默认头像:
[2025-10-09 00:04:22] - http://feeds.feedburner.com/ruanyifeng
[2025-10-09 00:04:22] - https://www.loyhome.com/feed
[2025-10-09 00:04:22] - https://a4.zyzhang.com/index.xml
[2025-10-09 00:04:22] - https://skywind.me/blog/feed
[2025-10-09 00:04:22] - https://laike9m.com/blog/rss/
[2025-10-09 00:04:22] - https://www.douban.com/feed/review/book
[2025-10-09 00:04:22] - https://www.mrhe.net/feed
