[2025-08-29 00:04:03] 抓取到的文章与现有数据相同，无需更新。
[2025-08-29 01:29:17] 本次订阅抓取结果统计:
[2025-08-29 01:29:17] 共 57 条RSS, 成功抓取 52 条.
[2025-08-29 01:29:17] ✘ 有 5 条订阅解析失败:
[2025-08-29 01:29:17] - https://geekinney.com/index.xml
[2025-08-29 01:29:17] - https://tcxx.info/feed
[2025-08-29 01:29:17] - https://tumutanzi.com/feed
[2025-08-29 01:29:17] - https://yinwang1.substack.com/feed
[2025-08-29 01:29:17] - https://botanwang.com/rss.xml
[2025-08-29 01:29:17] ✘ 有 1 条订阅头像字段为空, 已使用默认头像:
[2025-08-29 01:29:17] - https://feed.cnblogs.com/blog/u/66551/rss/
[2025-08-29 01:29:17] ✘ 有 7 条订阅头像无法访问, 已使用默认头像:
[2025-08-29 01:29:17] - https://www.loyhome.com/feed
[2025-08-29 01:29:17] - http://feeds.feedburner.com/ruanyifeng
[2025-08-29 01:29:17] - https://a4.zyzhang.com/index.xml
[2025-08-29 01:29:17] - https://www.geedea.pro/index.xml
[2025-08-29 01:29:17] - https://skywind.me/blog/feed
[2025-08-29 01:29:17] - https://laike9m.com/blog/rss/
[2025-08-29 01:29:17] - https://www.douban.com/feed/review/book
[2025-08-29 02:29:24] 本次订阅抓取结果统计:
[2025-08-29 02:29:24] 共 57 条RSS, 成功抓取 52 条.
[2025-08-29 02:29:24] ✘ 有 5 条订阅解析失败:
[2025-08-29 02:29:24] - https://tumutanzi.com/feed
[2025-08-29 02:29:24] - https://tcxx.info/feed
[2025-08-29 02:29:24] - https://geekinney.com/index.xml
[2025-08-29 02:29:24] - https://yinwang1.substack.com/feed
[2025-08-29 02:29:24] - https://botanwang.com/rss.xml
[2025-08-29 02:29:24] ✘ 有 1 条订阅头像字段为空, 已使用默认头像:
[2025-08-29 02:29:24] - https://feed.cnblogs.com/blog/u/66551/rss/
[2025-08-29 02:29:24] ✘ 有 8 条订阅头像无法访问, 已使用默认头像:
[2025-08-29 02:29:24] - https://hwv430.blogspot.com/feeds/posts/default
[2025-08-29 02:29:24] - http://feeds.feedburner.com/ruanyifeng
[2025-08-29 02:29:24] - https://www.loyhome.com/feed
[2025-08-29 02:29:24] - https://a4.zyzhang.com/index.xml
[2025-08-29 02:29:24] - https://www.geedea.pro/index.xml
[2025-08-29 02:29:24] - https://skywind.me/blog/feed
[2025-08-29 02:29:24] - https://laike9m.com/blog/rss/
[2025-08-29 02:29:24] - https://www.douban.com/feed/review/book
[2025-08-29 03:15:46] 本次订阅抓取结果统计:
[2025-08-29 03:15:46] 共 57 条RSS, 成功抓取 51 条.
[2025-08-29 03:15:46] ✘ 有 5 条订阅解析失败:
[2025-08-29 03:15:46] - https://tcxx.info/feed
[2025-08-29 03:15:46] - https://tumutanzi.com/feed
[2025-08-29 03:15:46] - https://geekinney.com/index.xml
[2025-08-29 03:15:46] - https://yinwang1.substack.com/feed
[2025-08-29 03:15:46] - https://botanwang.com/rss.xml
[2025-08-29 03:15:46] ✘ 有 1 条订阅为空:
[2025-08-29 03:15:46] - https://diygod.cc/feed
[2025-08-29 03:15:46] ✘ 有 1 条订阅头像字段为空, 已使用默认头像:
[2025-08-29 03:15:46] - https://feed.cnblogs.com/blog/u/66551/rss/
[2025-08-29 03:15:46] ✘ 有 8 条订阅头像无法访问, 已使用默认头像:
[2025-08-29 03:15:46] - https://hwv430.blogspot.com/feeds/posts/default
[2025-08-29 03:15:46] - http://feeds.feedburner.com/ruanyifeng
[2025-08-29 03:15:46] - https://www.loyhome.com/feed
[2025-08-29 03:15:46] - https://a4.zyzhang.com/index.xml
[2025-08-29 03:15:46] - https://www.geedea.pro/index.xml
[2025-08-29 03:15:46] - https://laike9m.com/blog/rss/
[2025-08-29 03:15:46] - https://skywind.me/blog/feed
[2025-08-29 03:15:46] - https://www.douban.com/feed/review/book
[2025-08-29 04:02:41] 本次订阅抓取结果统计:
[2025-08-29 04:02:41] 共 57 条RSS, 成功抓取 51 条.
[2025-08-29 04:02:41] ✘ 有 6 条订阅解析失败:
[2025-08-29 04:02:41] - https://tumutanzi.com/feed
[2025-08-29 04:02:41] - https://tcxx.info/feed
[2025-08-29 04:02:41] - https://blog.ops-coffee.cn/feed.xml
[2025-08-29 04:02:41] - https://geekinney.com/index.xml
[2025-08-29 04:02:41] - https://yinwang1.substack.com/feed
[2025-08-29 04:02:41] - https://botanwang.com/rss.xml
[2025-08-29 04:02:41] ✘ 有 1 条订阅头像字段为空, 已使用默认头像:
[2025-08-29 04:02:41] - https://feed.cnblogs.com/blog/u/66551/rss/
[2025-08-29 04:02:41] ✘ 有 8 条订阅头像无法访问, 已使用默认头像:
[2025-08-29 04:02:41] - https://hwv430.blogspot.com/feeds/posts/default
[2025-08-29 04:02:41] - http://feeds.feedburner.com/ruanyifeng
[2025-08-29 04:02:41] - https://www.loyhome.com/feed
[2025-08-29 04:02:41] - https://a4.zyzhang.com/index.xml
[2025-08-29 04:02:41] - https://www.geedea.pro/index.xml
[2025-08-29 04:02:41] - https://laike9m.com/blog/rss/
[2025-08-29 04:02:41] - https://skywind.me/blog/feed
[2025-08-29 04:02:41] - https://www.douban.com/feed/review/book
[2025-08-29 05:01:53] 本次订阅抓取结果统计:
[2025-08-29 05:01:53] 共 57 条RSS, 成功抓取 52 条.
[2025-08-29 05:01:53] ✘ 有 5 条订阅解析失败:
[2025-08-29 05:01:53] - https://tcxx.info/feed
[2025-08-29 05:01:53] - https://tumutanzi.com/feed
[2025-08-29 05:01:53] - https://geekinney.com/index.xml
[2025-08-29 05:01:53] - https://yinwang1.substack.com/feed
[2025-08-29 05:01:53] - https://botanwang.com/rss.xml
[2025-08-29 05:01:53] ✘ 有 1 条订阅头像字段为空, 已使用默认头像:
[2025-08-29 05:01:53] - https://feed.cnblogs.com/blog/u/66551/rss/
[2025-08-29 05:01:53] ✘ 有 8 条订阅头像无法访问, 已使用默认头像:
[2025-08-29 05:01:53] - https://hwv430.blogspot.com/feeds/posts/default
[2025-08-29 05:01:53] - http://feeds.feedburner.com/ruanyifeng
[2025-08-29 05:01:53] - https://www.loyhome.com/feed
[2025-08-29 05:01:53] - https://a4.zyzhang.com/index.xml
[2025-08-29 05:01:53] - https://www.geedea.pro/index.xml
[2025-08-29 05:01:53] - https://skywind.me/blog/feed
[2025-08-29 05:01:53] - https://laike9m.com/blog/rss/
[2025-08-29 05:01:53] - https://www.douban.com/feed/review/book
[2025-08-29 06:01:51] 本次订阅抓取结果统计:
[2025-08-29 06:01:51] 共 57 条RSS, 成功抓取 51 条.
[2025-08-29 06:01:51] ✘ 有 5 条订阅解析失败:
[2025-08-29 06:01:51] - https://tumutanzi.com/feed
[2025-08-29 06:01:51] - https://tcxx.info/feed
[2025-08-29 06:01:51] - https://geekinney.com/index.xml
[2025-08-29 06:01:51] - https://yinwang1.substack.com/feed
[2025-08-29 06:01:51] - https://botanwang.com/rss.xml
[2025-08-29 06:01:51] ✘ 有 1 条订阅为空:
[2025-08-29 06:01:51] - https://diygod.cc/feed
[2025-08-29 06:01:51] ✘ 有 1 条订阅头像字段为空, 已使用默认头像:
[2025-08-29 06:01:51] - https://feed.cnblogs.com/blog/u/66551/rss/
[2025-08-29 06:01:51] ✘ 有 8 条订阅头像无法访问, 已使用默认头像:
[2025-08-29 06:01:51] - https://hwv430.blogspot.com/feeds/posts/default
[2025-08-29 06:01:51] - http://feeds.feedburner.com/ruanyifeng
[2025-08-29 06:01:51] - https://www.loyhome.com/feed
[2025-08-29 06:01:51] - https://a4.zyzhang.com/index.xml
[2025-08-29 06:01:51] - https://www.geedea.pro/index.xml
[2025-08-29 06:01:51] - https://skywind.me/blog/feed
[2025-08-29 06:01:51] - https://laike9m.com/blog/rss/
[2025-08-29 06:01:51] - https://www.douban.com/feed/review/book
[2025-08-29 07:02:02] 本次订阅抓取结果统计:
[2025-08-29 07:02:02] 共 57 条RSS, 成功抓取 52 条.
[2025-08-29 07:02:02] ✘ 有 5 条订阅解析失败:
[2025-08-29 07:02:02] - https://tcxx.info/feed
[2025-08-29 07:02:02] - https://tumutanzi.com/feed
[2025-08-29 07:02:02] - https://geekinney.com/index.xml
[2025-08-29 07:02:02] - https://yinwang1.substack.com/feed
[2025-08-29 07:02:02] - https://botanwang.com/rss.xml
[2025-08-29 07:02:02] ✘ 有 1 条订阅头像字段为空, 已使用默认头像:
[2025-08-29 07:02:02] - https://feed.cnblogs.com/blog/u/66551/rss/
[2025-08-29 07:02:02] ✘ 有 8 条订阅头像无法访问, 已使用默认头像:
[2025-08-29 07:02:02] - https://hwv430.blogspot.com/feeds/posts/default
[2025-08-29 07:02:02] - http://feeds.feedburner.com/ruanyifeng
[2025-08-29 07:02:02] - https://www.loyhome.com/feed
[2025-08-29 07:02:02] - https://a4.zyzhang.com/index.xml
[2025-08-29 07:02:02] - https://www.geedea.pro/index.xml
[2025-08-29 07:02:02] - https://laike9m.com/blog/rss/
[2025-08-29 07:02:02] - https://skywind.me/blog/feed
[2025-08-29 07:02:02] - https://www.douban.com/feed/review/book
[2025-08-29 08:02:06] 抓取到的文章与现有数据相同，无需更新。
[2025-08-29 09:01:51] 本次订阅抓取结果统计:
[2025-08-29 09:01:51] 共 57 条RSS, 成功抓取 52 条.
[2025-08-29 09:01:51] ✘ 有 5 条订阅解析失败:
[2025-08-29 09:01:51] - https://tumutanzi.com/feed
[2025-08-29 09:01:51] - https://tcxx.info/feed
[2025-08-29 09:01:51] - https://geekinney.com/index.xml
[2025-08-29 09:01:51] - https://yinwang1.substack.com/feed
[2025-08-29 09:01:51] - https://botanwang.com/rss.xml
[2025-08-29 09:01:51] ✘ 有 1 条订阅头像字段为空, 已使用默认头像:
[2025-08-29 09:01:51] - https://feed.cnblogs.com/blog/u/66551/rss/
[2025-08-29 09:01:51] ✘ 有 8 条订阅头像无法访问, 已使用默认头像:
[2025-08-29 09:01:51] - https://hwv430.blogspot.com/feeds/posts/default
[2025-08-29 09:01:51] - http://feeds.feedburner.com/ruanyifeng
[2025-08-29 09:01:51] - https://www.loyhome.com/feed
[2025-08-29 09:01:51] - https://a4.zyzhang.com/index.xml
[2025-08-29 09:01:51] - https://www.geedea.pro/index.xml
[2025-08-29 09:01:51] - https://skywind.me/blog/feed
[2025-08-29 09:01:51] - https://laike9m.com/blog/rss/
[2025-08-29 09:01:51] - https://www.douban.com/feed/review/book
[2025-08-29 10:01:48] 本次订阅抓取结果统计:
[2025-08-29 10:01:48] 共 57 条RSS, 成功抓取 51 条.
[2025-08-29 10:01:48] ✘ 有 5 条订阅解析失败:
[2025-08-29 10:01:48] - https://tumutanzi.com/feed
[2025-08-29 10:01:48] - https://tcxx.info/feed
[2025-08-29 10:01:48] - https://geekinney.com/index.xml
[2025-08-29 10:01:48] - https://yinwang1.substack.com/feed
[2025-08-29 10:01:48] - https://botanwang.com/rss.xml
[2025-08-29 10:01:48] ✘ 有 1 条订阅为空:
[2025-08-29 10:01:48] - https://diygod.cc/feed
[2025-08-29 10:01:48] ✘ 有 1 条订阅头像字段为空, 已使用默认头像:
[2025-08-29 10:01:48] - https://feed.cnblogs.com/blog/u/66551/rss/
[2025-08-29 10:01:48] ✘ 有 7 条订阅头像无法访问, 已使用默认头像:
[2025-08-29 10:01:48] - http://feeds.feedburner.com/ruanyifeng
[2025-08-29 10:01:48] - https://www.loyhome.com/feed
[2025-08-29 10:01:48] - https://a4.zyzhang.com/index.xml
[2025-08-29 10:01:48] - https://www.geedea.pro/index.xml
[2025-08-29 10:01:48] - https://laike9m.com/blog/rss/
[2025-08-29 10:01:48] - https://skywind.me/blog/feed
[2025-08-29 10:01:48] - https://www.douban.com/feed/review/book
[2025-08-29 11:01:40] 本次订阅抓取结果统计:
[2025-08-29 11:01:40] 共 57 条RSS, 成功抓取 52 条.
[2025-08-29 11:01:40] ✘ 有 5 条订阅解析失败:
[2025-08-29 11:01:40] - https://tumutanzi.com/feed
[2025-08-29 11:01:40] - https://tcxx.info/feed
[2025-08-29 11:01:40] - https://geekinney.com/index.xml
[2025-08-29 11:01:40] - https://yinwang1.substack.com/feed
[2025-08-29 11:01:40] - https://botanwang.com/rss.xml
[2025-08-29 11:01:40] ✘ 有 1 条订阅头像字段为空, 已使用默认头像:
[2025-08-29 11:01:40] - https://feed.cnblogs.com/blog/u/66551/rss/
[2025-08-29 11:01:40] ✘ 有 9 条订阅头像无法访问, 已使用默认头像:
[2025-08-29 11:01:40] - https://hwv430.blogspot.com/feeds/posts/default
[2025-08-29 11:01:40] - http://feeds.feedburner.com/ruanyifeng
[2025-08-29 11:01:40] - https://www.loyhome.com/feed
[2025-08-29 11:01:40] - https://a4.zyzhang.com/index.xml
[2025-08-29 11:01:40] - https://xyzbz.cn/feed
[2025-08-29 11:01:40] - https://www.geedea.pro/index.xml
[2025-08-29 11:01:40] - https://laike9m.com/blog/rss/
[2025-08-29 11:01:40] - https://skywind.me/blog/feed
[2025-08-29 11:01:40] - https://www.douban.com/feed/review/book
[2025-08-29 12:02:43] 本次订阅抓取结果统计:
[2025-08-29 12:02:43] 共 57 条RSS, 成功抓取 51 条.
[2025-08-29 12:02:43] ✘ 有 6 条订阅解析失败:
[2025-08-29 12:02:43] - https://tcxx.info/feed
[2025-08-29 12:02:43] - https://tumutanzi.com/feed
[2025-08-29 12:02:43] - https://geekinney.com/index.xml
[2025-08-29 12:02:43] - https://yinwang1.substack.com/feed
[2025-08-29 12:02:43] - https://botanwang.com/rss.xml
[2025-08-29 12:02:43] - https://www.douban.com/feed/review/book
[2025-08-29 12:02:43] ✘ 有 1 条订阅头像字段为空, 已使用默认头像:
[2025-08-29 12:02:43] - https://feed.cnblogs.com/blog/u/66551/rss/
[2025-08-29 12:02:43] ✘ 有 8 条订阅头像无法访问, 已使用默认头像:
[2025-08-29 12:02:43] - https://hwv430.blogspot.com/feeds/posts/default
[2025-08-29 12:02:43] - http://feeds.feedburner.com/ruanyifeng
[2025-08-29 12:02:43] - https://www.loyhome.com/feed
[2025-08-29 12:02:43] - https://a4.zyzhang.com/index.xml
[2025-08-29 12:02:43] - https://www.geedea.pro/index.xml
[2025-08-29 12:02:43] - https://xyzbz.cn/feed
[2025-08-29 12:02:43] - https://skywind.me/blog/feed
[2025-08-29 12:02:43] - https://laike9m.com/blog/rss/
[2025-08-29 13:08:20] 本次订阅抓取结果统计:
[2025-08-29 13:08:20] 共 57 条RSS, 成功抓取 52 条.
[2025-08-29 13:08:20] ✘ 有 5 条订阅解析失败:
[2025-08-29 13:08:20] - https://tcxx.info/feed
[2025-08-29 13:08:20] - https://tumutanzi.com/feed
[2025-08-29 13:08:20] - https://geekinney.com/index.xml
[2025-08-29 13:08:20] - https://yinwang1.substack.com/feed
[2025-08-29 13:08:20] - https://botanwang.com/rss.xml
[2025-08-29 13:08:20] ✘ 有 1 条订阅头像字段为空, 已使用默认头像:
[2025-08-29 13:08:20] - https://feed.cnblogs.com/blog/u/66551/rss/
[2025-08-29 13:08:20] ✘ 有 8 条订阅头像无法访问, 已使用默认头像:
[2025-08-29 13:08:20] - https://hwv430.blogspot.com/feeds/posts/default
[2025-08-29 13:08:20] - http://feeds.feedburner.com/ruanyifeng
[2025-08-29 13:08:20] - https://www.loyhome.com/feed
[2025-08-29 13:08:20] - https://a4.zyzhang.com/index.xml
[2025-08-29 13:08:20] - https://www.geedea.pro/index.xml
[2025-08-29 13:08:20] - https://skywind.me/blog/feed
[2025-08-29 13:08:20] - https://laike9m.com/blog/rss/
[2025-08-29 13:08:20] - https://www.douban.com/feed/review/book
[2025-08-29 14:01:42] 抓取到的文章与现有数据相同，无需更新。
[2025-08-29 15:01:57] 抓取到的文章与现有数据相同，无需更新。
[2025-08-29 16:01:52] 抓取到的文章与现有数据相同，无需更新。
[2025-08-29 17:01:52] 抓取到的文章与现有数据相同，无需更新。
[2025-08-29 18:01:43] 抓取到的文章与现有数据相同，无需更新。
[2025-08-29 19:01:34] 抓取到的文章与现有数据相同，无需更新。
[2025-08-29 20:02:01] 抓取到的文章与现有数据相同，无需更新。
