[2025-04-01 01:25:47] 本次订阅抓取结果统计:
[2025-04-01 01:25:47] 共 28 条RSS, 成功抓取 26 条.
[2025-04-01 01:25:47] ✘ 有 2 条订阅解析失败:
[2025-04-01 01:25:47] - https://geekinney.com/index.xml
[2025-04-01 01:25:47] - https://limboy.me/index.xml
[2025-04-01 01:25:47] ✘ 有 2 条订阅头像无法访问, 已使用默认头像:
[2025-04-01 01:25:47] - http://feeds.feedburner.com/ruanyifeng
[2025-04-01 01:25:47] - https://www.loyhome.com/feed
[2025-04-01 03:11:05] 本次订阅抓取结果统计:
[2025-04-01 03:11:05] 共 28 条RSS, 成功抓取 25 条.
[2025-04-01 03:11:05] ✘ 有 3 条订阅解析失败:
[2025-04-01 03:11:05] - https://tcxx.info/feed
[2025-04-01 03:11:05] - https://geekinney.com/index.xml
[2025-04-01 03:11:05] - https://limboy.me/index.xml
[2025-04-01 03:11:05] ✘ 有 2 条订阅头像无法访问, 已使用默认头像:
[2025-04-01 03:11:05] - http://feeds.feedburner.com/ruanyifeng
[2025-04-01 03:11:05] - https://www.loyhome.com/feed
[2025-04-01 04:20:12] 本次订阅抓取结果统计:
[2025-04-01 04:20:12] 共 28 条RSS, 成功抓取 26 条.
[2025-04-01 04:20:12] ✘ 有 2 条订阅解析失败:
[2025-04-01 04:20:12] - https://geekinney.com/index.xml
[2025-04-01 04:20:12] - https://limboy.me/index.xml
[2025-04-01 04:20:12] ✘ 有 3 条订阅头像无法访问, 已使用默认头像:
[2025-04-01 04:20:12] - http://feeds.feedburner.com/ruanyifeng
[2025-04-01 04:20:12] - https://www.loyhome.com/feed
[2025-04-01 04:20:12] - https://tcxx.info/feed
[2025-04-01 05:17:30] 本次订阅抓取结果统计:
[2025-04-01 05:17:30] 共 28 条RSS, 成功抓取 26 条.
[2025-04-01 05:17:30] ✘ 有 2 条订阅解析失败:
[2025-04-01 05:17:30] - https://limboy.me/index.xml
[2025-04-01 05:17:30] - https://geekinney.com/index.xml
[2025-04-01 05:17:30] ✘ 有 4 条订阅头像无法访问, 已使用默认头像:
[2025-04-01 05:17:30] - https://www.loyhome.com/feed
[2025-04-01 05:17:30] - http://feeds.feedburner.com/ruanyifeng
[2025-04-01 05:17:30] - https://tcxx.info/feed
[2025-04-01 05:17:30] - https://yihui.org/index.xml
[2025-04-01 06:25:09] 本次订阅抓取结果统计:
[2025-04-01 06:25:09] 共 28 条RSS, 成功抓取 25 条.
[2025-04-01 06:25:09] ✘ 有 3 条订阅解析失败:
[2025-04-01 06:25:09] - https://tcxx.info/feed
[2025-04-01 06:25:09] - https://limboy.me/index.xml
[2025-04-01 06:25:09] - https://geekinney.com/index.xml
[2025-04-01 06:25:09] ✘ 有 2 条订阅头像无法访问, 已使用默认头像:
[2025-04-01 06:25:09] - http://feeds.feedburner.com/ruanyifeng
[2025-04-01 06:25:09] - https://www.loyhome.com/feed
[2025-04-01 07:17:12] 本次订阅抓取结果统计:
[2025-04-01 07:17:12] 共 28 条RSS, 成功抓取 25 条.
[2025-04-01 07:17:12] ✘ 有 3 条订阅解析失败:
[2025-04-01 07:17:12] - https://tcxx.info/feed
[2025-04-01 07:17:12] - https://geekinney.com/index.xml
[2025-04-01 07:17:12] - https://limboy.me/index.xml
[2025-04-01 07:17:12] ✘ 有 2 条订阅头像无法访问, 已使用默认头像:
[2025-04-01 07:17:12] - http://feeds.feedburner.com/ruanyifeng
[2025-04-01 07:17:12] - https://www.loyhome.com/feed
[2025-04-01 08:22:40] 本次订阅抓取结果统计:
[2025-04-01 08:22:40] 共 28 条RSS, 成功抓取 26 条.
[2025-04-01 08:22:40] ✘ 有 2 条订阅解析失败:
[2025-04-01 08:22:40] - https://limboy.me/index.xml
[2025-04-01 08:22:40] - https://geekinney.com/index.xml
[2025-04-01 08:22:40] ✘ 有 2 条订阅头像无法访问, 已使用默认头像:
[2025-04-01 08:22:40] - http://feeds.feedburner.com/ruanyifeng
[2025-04-01 08:22:40] - https://www.loyhome.com/feed
[2025-04-01 09:18:51] 本次订阅抓取结果统计:
[2025-04-01 09:18:51] 共 28 条RSS, 成功抓取 26 条.
[2025-04-01 09:18:51] ✘ 有 2 条订阅解析失败:
[2025-04-01 09:18:51] - https://geekinney.com/index.xml
[2025-04-01 09:18:51] - https://limboy.me/index.xml
[2025-04-01 09:18:51] ✘ 有 2 条订阅头像无法访问, 已使用默认头像:
[2025-04-01 09:18:51] - http://feeds.feedburner.com/ruanyifeng
[2025-04-01 09:18:51] - https://www.loyhome.com/feed
