[2025-08-05 00:04:43] 本次订阅抓取结果统计:
[2025-08-05 00:04:43] 共 51 条RSS, 成功抓取 46 条.
[2025-08-05 00:04:43] ✘ 有 5 条订阅解析失败:
[2025-08-05 00:04:43] - https://tcxx.info/feed
[2025-08-05 00:04:43] - https://tumutanzi.com/feed
[2025-08-05 00:04:43] - https://www.williamlong.info/rss.xml
[2025-08-05 00:04:43] - https://yinwang1.substack.com/feed
[2025-08-05 00:04:43] - https://www.douban.com/feed/review/book
[2025-08-05 00:04:43] ✘ 有 5 条订阅头像无法访问, 已使用默认头像:
[2025-08-05 00:04:43] - http://feeds.feedburner.com/ruanyifeng
[2025-08-05 00:04:43] - https://www.loyhome.com/feed
[2025-08-05 00:04:43] - https://a4.zyzhang.com/index.xml
[2025-08-05 00:04:43] - https://www.geedea.pro/index.xml
[2025-08-05 00:04:43] - https://feeds.appinn.com/appinns/
[2025-08-05 01:30:30] 抓取到的文章与现有数据相同，无需更新。
[2025-08-05 02:43:14] 本次订阅抓取结果统计:
[2025-08-05 02:43:14] 共 51 条RSS, 成功抓取 47 条.
[2025-08-05 02:43:14] ✘ 有 4 条订阅解析失败:
[2025-08-05 02:43:14] - https://tcxx.info/feed
[2025-08-05 02:43:14] - https://tumutanzi.com/feed
[2025-08-05 02:43:14] - https://www.williamlong.info/rss.xml
[2025-08-05 02:43:14] - https://yinwang1.substack.com/feed
[2025-08-05 02:43:14] ✘ 有 6 条订阅头像无法访问, 已使用默认头像:
[2025-08-05 02:43:14] - http://feeds.feedburner.com/ruanyifeng
[2025-08-05 02:43:14] - https://www.loyhome.com/feed
[2025-08-05 02:43:14] - https://a4.zyzhang.com/index.xml
[2025-08-05 02:43:14] - https://www.geedea.pro/index.xml
[2025-08-05 02:43:14] - https://feeds.appinn.com/appinns/
[2025-08-05 02:43:14] - https://www.douban.com/feed/review/book
[2025-08-05 03:31:34] 本次订阅抓取结果统计:
[2025-08-05 03:31:34] 共 51 条RSS, 成功抓取 47 条.
[2025-08-05 03:31:34] ✘ 有 4 条订阅解析失败:
[2025-08-05 03:31:34] - https://tcxx.info/feed
[2025-08-05 03:31:34] - https://tumutanzi.com/feed
[2025-08-05 03:31:34] - https://www.williamlong.info/rss.xml
[2025-08-05 03:31:34] - https://yinwang1.substack.com/feed
[2025-08-05 03:31:34] ✘ 有 5 条订阅头像无法访问, 已使用默认头像:
[2025-08-05 03:31:34] - http://feeds.feedburner.com/ruanyifeng
[2025-08-05 03:31:34] - https://www.loyhome.com/feed
[2025-08-05 03:31:34] - https://a4.zyzhang.com/index.xml
[2025-08-05 03:31:34] - https://www.geedea.pro/index.xml
[2025-08-05 03:31:34] - https://www.douban.com/feed/review/book
[2025-08-05 04:19:05] 抓取到的文章与现有数据相同，无需更新。
[2025-08-05 05:08:18] 本次订阅抓取结果统计:
[2025-08-05 05:08:18] 共 51 条RSS, 成功抓取 47 条.
[2025-08-05 05:08:18] ✘ 有 4 条订阅解析失败:
[2025-08-05 05:08:18] - https://tcxx.info/feed
[2025-08-05 05:08:18] - https://tumutanzi.com/feed
[2025-08-05 05:08:18] - https://www.williamlong.info/rss.xml
[2025-08-05 05:08:18] - https://yinwang1.substack.com/feed
[2025-08-05 05:08:18] ✘ 有 5 条订阅头像无法访问, 已使用默认头像:
[2025-08-05 05:08:18] - https://www.loyhome.com/feed
[2025-08-05 05:08:18] - http://feeds.feedburner.com/ruanyifeng
[2025-08-05 05:08:18] - https://a4.zyzhang.com/index.xml
[2025-08-05 05:08:18] - https://www.geedea.pro/index.xml
[2025-08-05 05:08:18] - https://www.douban.com/feed/review/book
[2025-08-05 06:02:48] 抓取到的文章与现有数据相同，无需更新。
[2025-08-05 07:05:08] 抓取到的文章与现有数据相同，无需更新。
[2025-08-05 08:02:06] 本次订阅抓取结果统计:
[2025-08-05 08:02:06] 共 51 条RSS, 成功抓取 47 条.
[2025-08-05 08:02:06] ✘ 有 4 条订阅解析失败:
[2025-08-05 08:02:06] - https://tcxx.info/feed
[2025-08-05 08:02:06] - https://tumutanzi.com/feed
[2025-08-05 08:02:06] - https://www.williamlong.info/rss.xml
[2025-08-05 08:02:06] - https://yinwang1.substack.com/feed
[2025-08-05 08:02:06] ✘ 有 6 条订阅头像无法访问, 已使用默认头像:
[2025-08-05 08:02:06] - http://feeds.feedburner.com/ruanyifeng
[2025-08-05 08:02:06] - https://www.loyhome.com/feed
[2025-08-05 08:02:06] - https://a4.zyzhang.com/index.xml
[2025-08-05 08:02:06] - https://www.geedea.pro/index.xml
[2025-08-05 08:02:06] - https://www.douban.com/feed/review/book
[2025-08-05 08:02:06] - https://feeds.appinn.com/appinns/
[2025-08-05 09:04:52] 本次订阅抓取结果统计:
[2025-08-05 09:04:52] 共 51 条RSS, 成功抓取 47 条.
[2025-08-05 09:04:52] ✘ 有 4 条订阅解析失败:
[2025-08-05 09:04:52] - https://tcxx.info/feed
[2025-08-05 09:04:52] - https://tumutanzi.com/feed
[2025-08-05 09:04:52] - https://www.williamlong.info/rss.xml
[2025-08-05 09:04:52] - https://yinwang1.substack.com/feed
[2025-08-05 09:04:52] ✘ 有 6 条订阅头像无法访问, 已使用默认头像:
[2025-08-05 09:04:52] - http://feeds.feedburner.com/ruanyifeng
[2025-08-05 09:04:52] - https://www.loyhome.com/feed
[2025-08-05 09:04:52] - https://a4.zyzhang.com/index.xml
[2025-08-05 09:04:52] - https://www.geedea.pro/index.xml
[2025-08-05 09:04:52] - https://www.douban.com/feed/review/book
[2025-08-05 09:04:52] - https://feeds.appinn.com/appinns/
[2025-08-05 10:02:08] 本次订阅抓取结果统计:
[2025-08-05 10:02:08] 共 51 条RSS, 成功抓取 47 条.
[2025-08-05 10:02:08] ✘ 有 4 条订阅解析失败:
[2025-08-05 10:02:08] - https://tcxx.info/feed
[2025-08-05 10:02:08] - https://tumutanzi.com/feed
[2025-08-05 10:02:08] - https://www.williamlong.info/rss.xml
[2025-08-05 10:02:08] - https://yinwang1.substack.com/feed
[2025-08-05 10:02:08] ✘ 有 6 条订阅头像无法访问, 已使用默认头像:
[2025-08-05 10:02:08] - http://feeds.feedburner.com/ruanyifeng
[2025-08-05 10:02:08] - https://www.loyhome.com/feed
[2025-08-05 10:02:08] - https://a4.zyzhang.com/index.xml
[2025-08-05 10:02:08] - https://www.geedea.pro/index.xml
[2025-08-05 10:02:08] - https://feeds.appinn.com/appinns/
[2025-08-05 10:02:08] - https://www.douban.com/feed/review/book
[2025-08-05 11:02:51] 本次订阅抓取结果统计:
[2025-08-05 11:02:51] 共 51 条RSS, 成功抓取 47 条.
[2025-08-05 11:02:51] ✘ 有 4 条订阅解析失败:
[2025-08-05 11:02:51] - https://tcxx.info/feed
[2025-08-05 11:02:51] - https://tumutanzi.com/feed
[2025-08-05 11:02:51] - https://www.williamlong.info/rss.xml
[2025-08-05 11:02:51] - https://yinwang1.substack.com/feed
[2025-08-05 11:02:51] ✘ 有 6 条订阅头像无法访问, 已使用默认头像:
[2025-08-05 11:02:51] - http://feeds.feedburner.com/ruanyifeng
[2025-08-05 11:02:51] - https://a4.zyzhang.com/index.xml
[2025-08-05 11:02:51] - https://www.geedea.pro/index.xml
[2025-08-05 11:02:51] - https://www.douban.com/feed/review/book
[2025-08-05 11:02:51] - https://feeds.appinn.com/appinns/
[2025-08-05 11:02:51] - https://www.loyhome.com/feed
[2025-08-05 12:02:15] 抓取到的文章与现有数据相同，无需更新。
[2025-08-05 13:15:08] 本次订阅抓取结果统计:
[2025-08-05 13:15:08] 共 51 条RSS, 成功抓取 47 条.
[2025-08-05 13:15:08] ✘ 有 4 条订阅解析失败:
[2025-08-05 13:15:08] - https://tcxx.info/feed
[2025-08-05 13:15:08] - https://tumutanzi.com/feed
[2025-08-05 13:15:08] - https://www.williamlong.info/rss.xml
[2025-08-05 13:15:08] - https://yinwang1.substack.com/feed
[2025-08-05 13:15:08] ✘ 有 5 条订阅头像无法访问, 已使用默认头像:
[2025-08-05 13:15:08] - http://feeds.feedburner.com/ruanyifeng
[2025-08-05 13:15:08] - https://www.loyhome.com/feed
[2025-08-05 13:15:08] - https://a4.zyzhang.com/index.xml
[2025-08-05 13:15:08] - https://www.geedea.pro/index.xml
[2025-08-05 13:15:08] - https://www.douban.com/feed/review/book
[2025-08-05 14:04:55] 本次订阅抓取结果统计:
[2025-08-05 14:04:55] 共 51 条RSS, 成功抓取 47 条.
[2025-08-05 14:04:55] ✘ 有 4 条订阅解析失败:
[2025-08-05 14:04:55] - https://tcxx.info/feed
[2025-08-05 14:04:55] - https://tumutanzi.com/feed
[2025-08-05 14:04:55] - https://www.williamlong.info/rss.xml
[2025-08-05 14:04:55] - https://yinwang1.substack.com/feed
[2025-08-05 14:04:55] ✘ 有 6 条订阅头像无法访问, 已使用默认头像:
[2025-08-05 14:04:55] - http://feeds.feedburner.com/ruanyifeng
[2025-08-05 14:04:55] - https://www.loyhome.com/feed
[2025-08-05 14:04:55] - https://a4.zyzhang.com/index.xml
[2025-08-05 14:04:55] - https://www.geedea.pro/index.xml
[2025-08-05 14:04:55] - http://feeds.feedburner.com/zhihu-daily
[2025-08-05 14:04:55] - https://www.douban.com/feed/review/book
[2025-08-05 15:03:15] 抓取到的文章与现有数据相同，无需更新。
[2025-08-05 16:01:46] 本次订阅抓取结果统计:
[2025-08-05 16:01:46] 共 51 条RSS, 成功抓取 47 条.
[2025-08-05 16:01:46] ✘ 有 4 条订阅解析失败:
[2025-08-05 16:01:46] - https://tumutanzi.com/feed
[2025-08-05 16:01:46] - https://tcxx.info/feed
[2025-08-05 16:01:46] - https://www.williamlong.info/rss.xml
[2025-08-05 16:01:46] - https://yinwang1.substack.com/feed
[2025-08-05 16:01:46] ✘ 有 5 条订阅头像无法访问, 已使用默认头像:
[2025-08-05 16:01:46] - http://feeds.feedburner.com/ruanyifeng
[2025-08-05 16:01:46] - https://www.loyhome.com/feed
[2025-08-05 16:01:46] - https://a4.zyzhang.com/index.xml
[2025-08-05 16:01:46] - https://www.geedea.pro/index.xml
[2025-08-05 16:01:46] - https://www.douban.com/feed/review/book
[2025-08-05 17:01:56] 抓取到的文章与现有数据相同，无需更新。
[2025-08-05 18:02:14] 抓取到的文章与现有数据相同，无需更新。
[2025-08-05 19:04:40] 抓取到的文章与现有数据相同，无需更新。
[2025-08-05 20:02:39] 本次订阅抓取结果统计:
[2025-08-05 20:02:39] 共 51 条RSS, 成功抓取 43 条.
[2025-08-05 20:02:39] ✘ 有 8 条订阅解析失败:
[2025-08-05 20:02:39] - https://tcxx.info/feed
[2025-08-05 20:02:39] - https://tumutanzi.com/feed
[2025-08-05 20:02:39] - https://www.williamlong.info/rss.xml
[2025-08-05 20:02:39] - https://yinwang1.substack.com/feed
[2025-08-05 20:02:39] - https://oba.by/feed
[2025-08-05 20:02:39] - https://xyzbz.cn/feed
[2025-08-05 20:02:39] - https://blog.yanqingshan.com/feed
[2025-08-05 20:02:39] - https://www.douban.com/feed/review/book
[2025-08-05 20:02:39] ✘ 有 6 条订阅头像无法访问, 已使用默认头像:
[2025-08-05 20:02:39] - http://feeds.feedburner.com/ruanyifeng
[2025-08-05 20:02:39] - https://www.loyhome.com/feed
[2025-08-05 20:02:39] - https://a4.zyzhang.com/index.xml
[2025-08-05 20:02:39] - https://www.geedea.pro/index.xml
[2025-08-05 20:02:39] - https://feeds.appinn.com/appinns/
[2025-08-05 20:02:39] - http://feeds.feedburner.com/zhihu-daily
[2025-08-05 21:01:48] 本次订阅抓取结果统计:
[2025-08-05 21:01:48] 共 51 条RSS, 成功抓取 47 条.
[2025-08-05 21:01:48] ✘ 有 4 条订阅解析失败:
[2025-08-05 21:01:48] - https://tcxx.info/feed
[2025-08-05 21:01:48] - https://tumutanzi.com/feed
[2025-08-05 21:01:48] - https://www.williamlong.info/rss.xml
[2025-08-05 21:01:48] - https://yinwang1.substack.com/feed
[2025-08-05 21:01:48] ✘ 有 6 条订阅头像无法访问, 已使用默认头像:
[2025-08-05 21:01:48] - http://feeds.feedburner.com/ruanyifeng
[2025-08-05 21:01:48] - https://www.loyhome.com/feed
[2025-08-05 21:01:48] - https://a4.zyzhang.com/index.xml
[2025-08-05 21:01:48] - https://www.geedea.pro/index.xml
[2025-08-05 21:01:48] - https://www.douban.com/feed/review/book
[2025-08-05 21:01:48] - https://feeds.appinn.com/appinns/
[2025-08-05 22:02:23] 本次订阅抓取结果统计:
[2025-08-05 22:02:23] 共 51 条RSS, 成功抓取 46 条.
[2025-08-05 22:02:23] ✘ 有 5 条订阅解析失败:
[2025-08-05 22:02:23] - https://tcxx.info/feed
[2025-08-05 22:02:23] - https://tumutanzi.com/feed
[2025-08-05 22:02:23] - https://www.williamlong.info/rss.xml
[2025-08-05 22:02:23] - https://yinwang1.substack.com/feed
[2025-08-05 22:02:23] - https://geekinney.com/index.xml
[2025-08-05 22:02:23] ✘ 有 5 条订阅头像无法访问, 已使用默认头像:
[2025-08-05 22:02:23] - http://feeds.feedburner.com/ruanyifeng
[2025-08-05 22:02:23] - https://www.loyhome.com/feed
[2025-08-05 22:02:23] - https://a4.zyzhang.com/index.xml
[2025-08-05 22:02:23] - https://www.geedea.pro/index.xml
[2025-08-05 22:02:23] - https://www.douban.com/feed/review/book
