[2025-03-17 01:17:38] 本次订阅抓取结果统计:
[2025-03-17 01:17:38] 共 28 条RSS, 成功抓取 27 条.
[2025-03-17 01:17:38] ✘ 有 1 条订阅解析失败:
[2025-03-17 01:17:38] - https://tcxx.info/feed
[2025-03-17 01:17:38] ✘ 有 2 条订阅头像无法访问, 已使用默认头像:
[2025-03-17 01:17:38] - http://feeds.feedburner.com/ruanyifeng
[2025-03-17 01:17:38] - https://www.loyhome.com/feed
[2025-03-17 02:57:25] 本次订阅抓取结果统计:
[2025-03-17 02:57:25] 共 28 条RSS, 成功抓取 27 条.
[2025-03-17 02:57:25] ✘ 有 1 条订阅解析失败:
[2025-03-17 02:57:25] - https://tcxx.info/feed
[2025-03-17 02:57:25] ✘ 有 2 条订阅头像无法访问, 已使用默认头像:
[2025-03-17 02:57:25] - http://feeds.feedburner.com/ruanyifeng
[2025-03-17 02:57:25] - https://www.loyhome.com/feed
[2025-03-17 03:31:59] 本次订阅抓取结果统计:
[2025-03-17 03:31:59] 共 28 条RSS, 成功抓取 27 条.
[2025-03-17 03:31:59] ✘ 有 1 条订阅解析失败:
[2025-03-17 03:31:59] - https://tcxx.info/feed
[2025-03-17 03:31:59] ✘ 有 2 条订阅头像无法访问, 已使用默认头像:
[2025-03-17 03:31:59] - http://feeds.feedburner.com/ruanyifeng
[2025-03-17 03:31:59] - https://www.loyhome.com/feed
[2025-03-17 04:19:54] 本次订阅抓取结果统计:
[2025-03-17 04:19:54] 共 28 条RSS, 成功抓取 27 条.
[2025-03-17 04:19:54] ✘ 有 1 条订阅解析失败:
[2025-03-17 04:19:54] - https://tcxx.info/feed
[2025-03-17 04:19:54] ✘ 有 2 条订阅头像无法访问, 已使用默认头像:
[2025-03-17 04:19:54] - http://feeds.feedburner.com/ruanyifeng
[2025-03-17 04:19:54] - https://www.loyhome.com/feed
