[2025-07-06 00:04:54] 抓取到的文章与现有数据相同，无需更新。
[2025-07-06 01:29:50] 本次订阅抓取结果统计:
[2025-07-06 01:29:50] 共 48 条RSS, 成功抓取 47 条.
[2025-07-06 01:29:50] ✘ 有 1 条订阅解析失败:
[2025-07-06 01:29:50] - https://tcxx.info/feed
[2025-07-06 01:29:50] ✘ 有 6 条订阅头像无法访问, 已使用默认头像:
[2025-07-06 01:29:50] - http://feeds.feedburner.com/ruanyifeng
[2025-07-06 01:29:50] - https://www.loyhome.com/feed
[2025-07-06 01:29:50] - https://a4.zyzhang.com/index.xml
[2025-07-06 01:29:50] - https://www.williamlong.info/rss.xml
[2025-07-06 01:29:50] - https://www.douban.com/feed/review/book
[2025-07-06 01:29:50] - https://feeds.appinn.com/appinns/
[2025-07-06 02:39:02] 本次订阅抓取结果统计:
[2025-07-06 02:39:02] 共 48 条RSS, 成功抓取 47 条.
[2025-07-06 02:39:02] ✘ 有 1 条订阅解析失败:
[2025-07-06 02:39:02] - https://tcxx.info/feed
[2025-07-06 02:39:02] ✘ 有 5 条订阅头像无法访问, 已使用默认头像:
[2025-07-06 02:39:02] - http://feeds.feedburner.com/ruanyifeng
[2025-07-06 02:39:02] - https://www.loyhome.com/feed
[2025-07-06 02:39:02] - https://a4.zyzhang.com/index.xml
[2025-07-06 02:39:02] - https://feeds.appinn.com/appinns/
[2025-07-06 02:39:02] - https://www.douban.com/feed/review/book
