[2025-09-10 00:04:11] 抓取到的文章与现有数据相同，无需更新。
[2025-09-10 01:29:29] 本次订阅抓取结果统计:
[2025-09-10 01:29:29] 共 59 条RSS, 成功抓取 53 条.
[2025-09-10 01:29:29] ✘ 有 5 条订阅解析失败:
[2025-09-10 01:29:29] - https://tcxx.info/feed
[2025-09-10 01:29:29] - https://tumutanzi.com/feed
[2025-09-10 01:29:29] - https://geekinney.com/index.xml
[2025-09-10 01:29:29] - https://yinwang1.substack.com/feed
[2025-09-10 01:29:29] - https://botanwang.com/rss.xml
[2025-09-10 01:29:29] ✘ 有 1 条订阅为空:
[2025-09-10 01:29:29] - http://feeds.feedburner.com/zhihu-daily
[2025-09-10 01:29:29] ✘ 有 1 条订阅头像字段为空, 已使用默认头像:
[2025-09-10 01:29:29] - https://feed.cnblogs.com/blog/u/66551/rss/
[2025-09-10 01:29:29] ✘ 有 8 条订阅头像无法访问, 已使用默认头像:
[2025-09-10 01:29:29] - https://hwv430.blogspot.com/feeds/posts/default
[2025-09-10 01:29:29] - https://www.loyhome.com/feed
[2025-09-10 01:29:29] - http://feeds.feedburner.com/ruanyifeng
[2025-09-10 01:29:29] - https://a4.zyzhang.com/index.xml
[2025-09-10 01:29:29] - https://skywind.me/blog/feed
[2025-09-10 01:29:29] - https://laike9m.com/blog/rss/
[2025-09-10 01:29:29] - https://www.douban.com/feed/review/book
[2025-09-10 01:29:29] - https://www.mrhe.net/feed
[2025-09-10 02:25:12] 抓取到的文章与现有数据相同，无需更新。
[2025-09-10 03:10:16] 抓取到的文章与现有数据相同，无需更新。
[2025-09-10 04:01:57] 本次订阅抓取结果统计:
[2025-09-10 04:01:57] 共 59 条RSS, 成功抓取 53 条.
[2025-09-10 04:01:57] ✘ 有 5 条订阅解析失败:
[2025-09-10 04:01:57] - https://tcxx.info/feed
[2025-09-10 04:01:57] - https://tumutanzi.com/feed
[2025-09-10 04:01:57] - https://geekinney.com/index.xml
[2025-09-10 04:01:57] - https://yinwang1.substack.com/feed
[2025-09-10 04:01:57] - https://botanwang.com/rss.xml
[2025-09-10 04:01:57] ✘ 有 1 条订阅为空:
[2025-09-10 04:01:57] - http://feeds.feedburner.com/zhihu-daily
[2025-09-10 04:01:57] ✘ 有 1 条订阅头像字段为空, 已使用默认头像:
[2025-09-10 04:01:57] - https://feed.cnblogs.com/blog/u/66551/rss/
[2025-09-10 04:01:57] ✘ 有 8 条订阅头像无法访问, 已使用默认头像:
[2025-09-10 04:01:57] - https://hwv430.blogspot.com/feeds/posts/default
[2025-09-10 04:01:57] - http://feeds.feedburner.com/ruanyifeng
[2025-09-10 04:01:57] - https://www.loyhome.com/feed
[2025-09-10 04:01:57] - https://a4.zyzhang.com/index.xml
[2025-09-10 04:01:57] - https://skywind.me/blog/feed
[2025-09-10 04:01:57] - https://laike9m.com/blog/rss/
[2025-09-10 04:01:57] - https://www.douban.com/feed/review/book
[2025-09-10 04:01:57] - https://www.mrhe.net/feed
[2025-09-10 05:01:53] 抓取到的文章与现有数据相同，无需更新。
[2025-09-10 06:02:11] 本次订阅抓取结果统计:
[2025-09-10 06:02:11] 共 59 条RSS, 成功抓取 53 条.
[2025-09-10 06:02:11] ✘ 有 5 条订阅解析失败:
[2025-09-10 06:02:11] - https://tcxx.info/feed
[2025-09-10 06:02:11] - https://tumutanzi.com/feed
[2025-09-10 06:02:11] - https://geekinney.com/index.xml
[2025-09-10 06:02:11] - https://yinwang1.substack.com/feed
[2025-09-10 06:02:11] - https://botanwang.com/rss.xml
[2025-09-10 06:02:11] ✘ 有 1 条订阅为空:
[2025-09-10 06:02:11] - http://feeds.feedburner.com/zhihu-daily
[2025-09-10 06:02:11] ✘ 有 1 条订阅头像字段为空, 已使用默认头像:
[2025-09-10 06:02:11] - https://feed.cnblogs.com/blog/u/66551/rss/
[2025-09-10 06:02:11] ✘ 有 8 条订阅头像无法访问, 已使用默认头像:
[2025-09-10 06:02:11] - https://hwv430.blogspot.com/feeds/posts/default
[2025-09-10 06:02:11] - http://feeds.feedburner.com/ruanyifeng
[2025-09-10 06:02:11] - https://www.loyhome.com/feed
[2025-09-10 06:02:11] - https://a4.zyzhang.com/index.xml
[2025-09-10 06:02:11] - https://laike9m.com/blog/rss/
[2025-09-10 06:02:11] - https://skywind.me/blog/feed
[2025-09-10 06:02:11] - https://www.mrhe.net/feed
[2025-09-10 06:02:11] - https://www.douban.com/feed/review/book
[2025-09-10 07:02:43] 本次订阅抓取结果统计:
[2025-09-10 07:02:43] 共 59 条RSS, 成功抓取 52 条.
[2025-09-10 07:02:43] ✘ 有 6 条订阅解析失败:
[2025-09-10 07:02:43] - https://tcxx.info/feed
[2025-09-10 07:02:43] - https://tumutanzi.com/feed
[2025-09-10 07:02:43] - https://geekinney.com/index.xml
[2025-09-10 07:02:43] - https://yinwang1.substack.com/feed
[2025-09-10 07:02:43] - https://botanwang.com/rss.xml
[2025-09-10 07:02:43] - https://leixus.cn/index.php/feed/
[2025-09-10 07:02:43] ✘ 有 1 条订阅为空:
[2025-09-10 07:02:43] - http://feeds.feedburner.com/zhihu-daily
[2025-09-10 07:02:43] ✘ 有 1 条订阅头像字段为空, 已使用默认头像:
[2025-09-10 07:02:43] - https://feed.cnblogs.com/blog/u/66551/rss/
[2025-09-10 07:02:43] ✘ 有 8 条订阅头像无法访问, 已使用默认头像:
[2025-09-10 07:02:43] - https://hwv430.blogspot.com/feeds/posts/default
[2025-09-10 07:02:43] - http://feeds.feedburner.com/ruanyifeng
[2025-09-10 07:02:43] - https://www.loyhome.com/feed
[2025-09-10 07:02:43] - https://a4.zyzhang.com/index.xml
[2025-09-10 07:02:43] - https://laike9m.com/blog/rss/
[2025-09-10 07:02:43] - https://skywind.me/blog/feed
[2025-09-10 07:02:43] - https://www.douban.com/feed/review/book
[2025-09-10 07:02:43] - https://www.mrhe.net/feed
[2025-09-10 08:01:54] 本次订阅抓取结果统计:
[2025-09-10 08:01:54] 共 59 条RSS, 成功抓取 53 条.
[2025-09-10 08:01:54] ✘ 有 5 条订阅解析失败:
[2025-09-10 08:01:54] - https://tcxx.info/feed
[2025-09-10 08:01:54] - https://tumutanzi.com/feed
[2025-09-10 08:01:54] - https://geekinney.com/index.xml
[2025-09-10 08:01:54] - https://yinwang1.substack.com/feed
[2025-09-10 08:01:54] - https://botanwang.com/rss.xml
[2025-09-10 08:01:54] ✘ 有 1 条订阅为空:
[2025-09-10 08:01:54] - http://feeds.feedburner.com/zhihu-daily
[2025-09-10 08:01:54] ✘ 有 1 条订阅头像字段为空, 已使用默认头像:
[2025-09-10 08:01:54] - https://feed.cnblogs.com/blog/u/66551/rss/
[2025-09-10 08:01:54] ✘ 有 8 条订阅头像无法访问, 已使用默认头像:
[2025-09-10 08:01:54] - https://hwv430.blogspot.com/feeds/posts/default
[2025-09-10 08:01:54] - http://feeds.feedburner.com/ruanyifeng
[2025-09-10 08:01:54] - https://www.loyhome.com/feed
[2025-09-10 08:01:54] - https://a4.zyzhang.com/index.xml
[2025-09-10 08:01:54] - https://laike9m.com/blog/rss/
[2025-09-10 08:01:54] - https://skywind.me/blog/feed
[2025-09-10 08:01:54] - https://www.mrhe.net/feed
[2025-09-10 08:01:54] - https://www.douban.com/feed/review/book
[2025-09-10 09:02:44] 本次订阅抓取结果统计:
[2025-09-10 09:02:44] 共 59 条RSS, 成功抓取 52 条.
[2025-09-10 09:02:44] ✘ 有 6 条订阅解析失败:
[2025-09-10 09:02:44] - https://tumutanzi.com/feed
[2025-09-10 09:02:44] - https://tcxx.info/feed
[2025-09-10 09:02:44] - https://geekinney.com/index.xml
[2025-09-10 09:02:44] - https://yinwang1.substack.com/feed
[2025-09-10 09:02:44] - https://botanwang.com/rss.xml
[2025-09-10 09:02:44] - https://leixus.cn/index.php/feed/
[2025-09-10 09:02:44] ✘ 有 1 条订阅为空:
[2025-09-10 09:02:44] - http://feeds.feedburner.com/zhihu-daily
[2025-09-10 09:02:44] ✘ 有 1 条订阅头像字段为空, 已使用默认头像:
[2025-09-10 09:02:44] - https://feed.cnblogs.com/blog/u/66551/rss/
[2025-09-10 09:02:44] ✘ 有 7 条订阅头像无法访问, 已使用默认头像:
[2025-09-10 09:02:44] - http://feeds.feedburner.com/ruanyifeng
[2025-09-10 09:02:44] - https://www.loyhome.com/feed
[2025-09-10 09:02:44] - https://a4.zyzhang.com/index.xml
[2025-09-10 09:02:44] - https://laike9m.com/blog/rss/
[2025-09-10 09:02:44] - https://skywind.me/blog/feed
[2025-09-10 09:02:44] - https://www.mrhe.net/feed
[2025-09-10 09:02:44] - https://www.douban.com/feed/review/book
[2025-09-10 10:01:56] 本次订阅抓取结果统计:
[2025-09-10 10:01:56] 共 59 条RSS, 成功抓取 53 条.
[2025-09-10 10:01:56] ✘ 有 5 条订阅解析失败:
[2025-09-10 10:01:56] - https://tcxx.info/feed
[2025-09-10 10:01:56] - https://tumutanzi.com/feed
[2025-09-10 10:01:56] - https://geekinney.com/index.xml
[2025-09-10 10:01:56] - https://yinwang1.substack.com/feed
[2025-09-10 10:01:56] - https://botanwang.com/rss.xml
[2025-09-10 10:01:56] ✘ 有 1 条订阅为空:
[2025-09-10 10:01:56] - http://feeds.feedburner.com/zhihu-daily
[2025-09-10 10:01:56] ✘ 有 1 条订阅头像字段为空, 已使用默认头像:
[2025-09-10 10:01:56] - https://feed.cnblogs.com/blog/u/66551/rss/
[2025-09-10 10:01:56] ✘ 有 8 条订阅头像无法访问, 已使用默认头像:
[2025-09-10 10:01:56] - https://hwv430.blogspot.com/feeds/posts/default
[2025-09-10 10:01:56] - http://feeds.feedburner.com/ruanyifeng
[2025-09-10 10:01:56] - https://www.loyhome.com/feed
[2025-09-10 10:01:56] - https://a4.zyzhang.com/index.xml
[2025-09-10 10:01:56] - https://skywind.me/blog/feed
[2025-09-10 10:01:56] - https://laike9m.com/blog/rss/
[2025-09-10 10:01:56] - https://www.douban.com/feed/review/book
[2025-09-10 10:01:56] - https://www.mrhe.net/feed
[2025-09-10 11:01:48] 抓取到的文章与现有数据相同，无需更新。
[2025-09-10 12:02:09] 本次订阅抓取结果统计:
[2025-09-10 12:02:09] 共 59 条RSS, 成功抓取 52 条.
[2025-09-10 12:02:09] ✘ 有 6 条订阅解析失败:
[2025-09-10 12:02:09] - https://tcxx.info/feed
[2025-09-10 12:02:09] - https://tumutanzi.com/feed
[2025-09-10 12:02:09] - https://geekinney.com/index.xml
[2025-09-10 12:02:09] - https://yinwang1.substack.com/feed
[2025-09-10 12:02:09] - https://botanwang.com/rss.xml
[2025-09-10 12:02:09] - https://www.douban.com/feed/review/book
[2025-09-10 12:02:09] ✘ 有 1 条订阅为空:
[2025-09-10 12:02:09] - http://feeds.feedburner.com/zhihu-daily
[2025-09-10 12:02:09] ✘ 有 1 条订阅头像字段为空, 已使用默认头像:
[2025-09-10 12:02:09] - https://feed.cnblogs.com/blog/u/66551/rss/
[2025-09-10 12:02:09] ✘ 有 7 条订阅头像无法访问, 已使用默认头像:
[2025-09-10 12:02:09] - https://hwv430.blogspot.com/feeds/posts/default
[2025-09-10 12:02:09] - http://feeds.feedburner.com/ruanyifeng
[2025-09-10 12:02:09] - https://www.loyhome.com/feed
[2025-09-10 12:02:09] - https://a4.zyzhang.com/index.xml
[2025-09-10 12:02:09] - https://laike9m.com/blog/rss/
[2025-09-10 12:02:09] - https://skywind.me/blog/feed
[2025-09-10 12:02:09] - https://www.mrhe.net/feed
[2025-09-10 13:08:01] 本次订阅抓取结果统计:
[2025-09-10 13:08:01] 共 59 条RSS, 成功抓取 53 条.
[2025-09-10 13:08:01] ✘ 有 5 条订阅解析失败:
[2025-09-10 13:08:01] - https://tumutanzi.com/feed
[2025-09-10 13:08:01] - https://tcxx.info/feed
[2025-09-10 13:08:01] - https://yinwang1.substack.com/feed
[2025-09-10 13:08:01] - https://botanwang.com/rss.xml
[2025-09-10 13:08:01] - https://geekinney.com/index.xml
[2025-09-10 13:08:01] ✘ 有 1 条订阅为空:
[2025-09-10 13:08:01] - http://feeds.feedburner.com/zhihu-daily
[2025-09-10 13:08:01] ✘ 有 1 条订阅头像字段为空, 已使用默认头像:
[2025-09-10 13:08:01] - https://feed.cnblogs.com/blog/u/66551/rss/
[2025-09-10 13:08:01] ✘ 有 8 条订阅头像无法访问, 已使用默认头像:
[2025-09-10 13:08:01] - https://hwv430.blogspot.com/feeds/posts/default
[2025-09-10 13:08:01] - http://feeds.feedburner.com/ruanyifeng
[2025-09-10 13:08:01] - https://www.loyhome.com/feed
[2025-09-10 13:08:01] - https://a4.zyzhang.com/index.xml
[2025-09-10 13:08:01] - https://laike9m.com/blog/rss/
[2025-09-10 13:08:01] - https://skywind.me/blog/feed
[2025-09-10 13:08:01] - https://www.mrhe.net/feed
[2025-09-10 13:08:01] - https://www.douban.com/feed/review/book
[2025-09-10 14:02:04] 抓取到的文章与现有数据相同，无需更新。
[2025-09-10 15:01:50] 本次订阅抓取结果统计:
[2025-09-10 15:01:50] 共 59 条RSS, 成功抓取 52 条.
[2025-09-10 15:01:50] ✘ 有 6 条订阅解析失败:
[2025-09-10 15:01:50] - https://tcxx.info/feed
[2025-09-10 15:01:50] - https://tumutanzi.com/feed
[2025-09-10 15:01:50] - https://geekinney.com/index.xml
[2025-09-10 15:01:50] - https://diygod.cc/feed
[2025-09-10 15:01:50] - https://yinwang1.substack.com/feed
[2025-09-10 15:01:50] - https://botanwang.com/rss.xml
[2025-09-10 15:01:50] ✘ 有 1 条订阅为空:
[2025-09-10 15:01:50] - http://feeds.feedburner.com/zhihu-daily
[2025-09-10 15:01:50] ✘ 有 1 条订阅头像字段为空, 已使用默认头像:
[2025-09-10 15:01:50] - https://feed.cnblogs.com/blog/u/66551/rss/
[2025-09-10 15:01:50] ✘ 有 8 条订阅头像无法访问, 已使用默认头像:
[2025-09-10 15:01:50] - https://hwv430.blogspot.com/feeds/posts/default
[2025-09-10 15:01:50] - http://feeds.feedburner.com/ruanyifeng
[2025-09-10 15:01:50] - https://www.loyhome.com/feed
[2025-09-10 15:01:50] - https://a4.zyzhang.com/index.xml
[2025-09-10 15:01:50] - https://laike9m.com/blog/rss/
[2025-09-10 15:01:50] - https://skywind.me/blog/feed
[2025-09-10 15:01:50] - https://www.douban.com/feed/review/book
[2025-09-10 15:01:50] - https://www.mrhe.net/feed
[2025-09-10 16:02:10] 本次订阅抓取结果统计:
[2025-09-10 16:02:10] 共 59 条RSS, 成功抓取 53 条.
[2025-09-10 16:02:10] ✘ 有 5 条订阅解析失败:
[2025-09-10 16:02:10] - https://tumutanzi.com/feed
[2025-09-10 16:02:10] - https://tcxx.info/feed
[2025-09-10 16:02:10] - https://geekinney.com/index.xml
[2025-09-10 16:02:10] - https://yinwang1.substack.com/feed
[2025-09-10 16:02:10] - https://botanwang.com/rss.xml
[2025-09-10 16:02:10] ✘ 有 1 条订阅为空:
[2025-09-10 16:02:10] - http://feeds.feedburner.com/zhihu-daily
[2025-09-10 16:02:10] ✘ 有 1 条订阅头像字段为空, 已使用默认头像:
[2025-09-10 16:02:10] - https://feed.cnblogs.com/blog/u/66551/rss/
[2025-09-10 16:02:10] ✘ 有 7 条订阅头像无法访问, 已使用默认头像:
[2025-09-10 16:02:10] - https://www.loyhome.com/feed
[2025-09-10 16:02:10] - http://feeds.feedburner.com/ruanyifeng
[2025-09-10 16:02:10] - https://a4.zyzhang.com/index.xml
[2025-09-10 16:02:10] - https://laike9m.com/blog/rss/
[2025-09-10 16:02:10] - https://skywind.me/blog/feed
[2025-09-10 16:02:10] - https://www.douban.com/feed/review/book
[2025-09-10 16:02:10] - https://www.mrhe.net/feed
[2025-09-10 17:01:45] 本次订阅抓取结果统计:
[2025-09-10 17:01:45] 共 59 条RSS, 成功抓取 52 条.
[2025-09-10 17:01:45] ✘ 有 6 条订阅解析失败:
[2025-09-10 17:01:45] - https://tcxx.info/feed
[2025-09-10 17:01:45] - https://tumutanzi.com/feed
[2025-09-10 17:01:45] - https://geekinney.com/index.xml
[2025-09-10 17:01:45] - https://yinwang1.substack.com/feed
[2025-09-10 17:01:45] - https://botanwang.com/rss.xml
[2025-09-10 17:01:45] - https://www.douban.com/feed/review/book
[2025-09-10 17:01:45] ✘ 有 1 条订阅为空:
[2025-09-10 17:01:45] - http://feeds.feedburner.com/zhihu-daily
[2025-09-10 17:01:45] ✘ 有 1 条订阅头像字段为空, 已使用默认头像:
[2025-09-10 17:01:45] - https://feed.cnblogs.com/blog/u/66551/rss/
[2025-09-10 17:01:45] ✘ 有 7 条订阅头像无法访问, 已使用默认头像:
[2025-09-10 17:01:45] - https://hwv430.blogspot.com/feeds/posts/default
[2025-09-10 17:01:45] - http://feeds.feedburner.com/ruanyifeng
[2025-09-10 17:01:45] - https://www.loyhome.com/feed
[2025-09-10 17:01:45] - https://a4.zyzhang.com/index.xml
[2025-09-10 17:01:45] - https://laike9m.com/blog/rss/
[2025-09-10 17:01:45] - https://skywind.me/blog/feed
[2025-09-10 17:01:45] - https://www.mrhe.net/feed
[2025-09-10 18:02:13] 本次订阅抓取结果统计:
[2025-09-10 18:02:13] 共 59 条RSS, 成功抓取 53 条.
[2025-09-10 18:02:13] ✘ 有 5 条订阅解析失败:
[2025-09-10 18:02:13] - https://tumutanzi.com/feed
[2025-09-10 18:02:13] - https://tcxx.info/feed
[2025-09-10 18:02:13] - https://geekinney.com/index.xml
[2025-09-10 18:02:13] - https://yinwang1.substack.com/feed
[2025-09-10 18:02:13] - https://botanwang.com/rss.xml
[2025-09-10 18:02:13] ✘ 有 1 条订阅为空:
[2025-09-10 18:02:13] - http://feeds.feedburner.com/zhihu-daily
[2025-09-10 18:02:13] ✘ 有 1 条订阅头像字段为空, 已使用默认头像:
[2025-09-10 18:02:13] - https://feed.cnblogs.com/blog/u/66551/rss/
[2025-09-10 18:02:13] ✘ 有 8 条订阅头像无法访问, 已使用默认头像:
[2025-09-10 18:02:13] - https://hwv430.blogspot.com/feeds/posts/default
[2025-09-10 18:02:13] - http://feeds.feedburner.com/ruanyifeng
[2025-09-10 18:02:13] - https://www.loyhome.com/feed
[2025-09-10 18:02:13] - https://a4.zyzhang.com/index.xml
[2025-09-10 18:02:13] - https://skywind.me/blog/feed
[2025-09-10 18:02:13] - https://laike9m.com/blog/rss/
[2025-09-10 18:02:13] - https://www.mrhe.net/feed
[2025-09-10 18:02:13] - https://www.douban.com/feed/review/book
[2025-09-10 19:01:49] 本次订阅抓取结果统计:
[2025-09-10 19:01:49] 共 59 条RSS, 成功抓取 52 条.
[2025-09-10 19:01:49] ✘ 有 6 条订阅解析失败:
[2025-09-10 19:01:49] - https://tumutanzi.com/feed
[2025-09-10 19:01:49] - https://tcxx.info/feed
[2025-09-10 19:01:49] - https://geekinney.com/index.xml
[2025-09-10 19:01:49] - https://diygod.cc/feed
[2025-09-10 19:01:49] - https://yinwang1.substack.com/feed
[2025-09-10 19:01:49] - https://botanwang.com/rss.xml
[2025-09-10 19:01:49] ✘ 有 1 条订阅为空:
[2025-09-10 19:01:49] - http://feeds.feedburner.com/zhihu-daily
[2025-09-10 19:01:49] ✘ 有 1 条订阅头像字段为空, 已使用默认头像:
[2025-09-10 19:01:49] - https://feed.cnblogs.com/blog/u/66551/rss/
[2025-09-10 19:01:49] ✘ 有 8 条订阅头像无法访问, 已使用默认头像:
[2025-09-10 19:01:49] - https://hwv430.blogspot.com/feeds/posts/default
[2025-09-10 19:01:49] - https://www.loyhome.com/feed
[2025-09-10 19:01:49] - http://feeds.feedburner.com/ruanyifeng
[2025-09-10 19:01:49] - https://a4.zyzhang.com/index.xml
[2025-09-10 19:01:49] - https://skywind.me/blog/feed
[2025-09-10 19:01:49] - https://laike9m.com/blog/rss/
[2025-09-10 19:01:49] - https://www.douban.com/feed/review/book
[2025-09-10 19:01:49] - https://www.mrhe.net/feed
[2025-09-10 20:02:03] 本次订阅抓取结果统计:
[2025-09-10 20:02:03] 共 59 条RSS, 成功抓取 52 条.
[2025-09-10 20:02:03] ✘ 有 6 条订阅解析失败:
[2025-09-10 20:02:03] - https://tumutanzi.com/feed
[2025-09-10 20:02:03] - https://tcxx.info/feed
[2025-09-10 20:02:03] - https://geekinney.com/index.xml
[2025-09-10 20:02:03] - https://yinwang1.substack.com/feed
[2025-09-10 20:02:03] - https://botanwang.com/rss.xml
[2025-09-10 20:02:03] - https://www.douban.com/feed/review/book
[2025-09-10 20:02:03] ✘ 有 1 条订阅为空:
[2025-09-10 20:02:03] - http://feeds.feedburner.com/zhihu-daily
[2025-09-10 20:02:03] ✘ 有 1 条订阅头像字段为空, 已使用默认头像:
[2025-09-10 20:02:03] - https://feed.cnblogs.com/blog/u/66551/rss/
[2025-09-10 20:02:03] ✘ 有 8 条订阅头像无法访问, 已使用默认头像:
[2025-09-10 20:02:03] - https://hwv430.blogspot.com/feeds/posts/default
[2025-09-10 20:02:03] - http://feeds.feedburner.com/ruanyifeng
[2025-09-10 20:02:03] - https://www.loyhome.com/feed
[2025-09-10 20:02:03] - https://a4.zyzhang.com/index.xml
[2025-09-10 20:02:03] - https://xyzbz.cn/feed
[2025-09-10 20:02:03] - https://laike9m.com/blog/rss/
[2025-09-10 20:02:03] - https://skywind.me/blog/feed
[2025-09-10 20:02:03] - https://www.mrhe.net/feed
[2025-09-10 21:01:46] 本次订阅抓取结果统计:
[2025-09-10 21:01:46] 共 59 条RSS, 成功抓取 53 条.
[2025-09-10 21:01:46] ✘ 有 5 条订阅解析失败:
[2025-09-10 21:01:46] - https://tcxx.info/feed
[2025-09-10 21:01:46] - https://tumutanzi.com/feed
[2025-09-10 21:01:46] - https://geekinney.com/index.xml
[2025-09-10 21:01:46] - https://yinwang1.substack.com/feed
[2025-09-10 21:01:46] - https://botanwang.com/rss.xml
[2025-09-10 21:01:46] ✘ 有 1 条订阅为空:
[2025-09-10 21:01:46] - http://feeds.feedburner.com/zhihu-daily
[2025-09-10 21:01:46] ✘ 有 1 条订阅头像字段为空, 已使用默认头像:
[2025-09-10 21:01:46] - https://feed.cnblogs.com/blog/u/66551/rss/
[2025-09-10 21:01:46] ✘ 有 8 条订阅头像无法访问, 已使用默认头像:
[2025-09-10 21:01:46] - https://hwv430.blogspot.com/feeds/posts/default
[2025-09-10 21:01:46] - http://feeds.feedburner.com/ruanyifeng
[2025-09-10 21:01:46] - https://www.loyhome.com/feed
[2025-09-10 21:01:46] - https://a4.zyzhang.com/index.xml
[2025-09-10 21:01:46] - https://skywind.me/blog/feed
[2025-09-10 21:01:46] - https://laike9m.com/blog/rss/
[2025-09-10 21:01:46] - https://www.douban.com/feed/review/book
[2025-09-10 21:01:46] - https://www.mrhe.net/feed
