[2025-07-02 00:04:06] 本次订阅抓取结果统计:
[2025-07-02 00:04:06] 共 46 条RSS, 成功抓取 45 条.
[2025-07-02 00:04:06] ✘ 有 1 条订阅解析失败:
[2025-07-02 00:04:06] - https://tcxx.info/feed
[2025-07-02 00:04:06] ✘ 有 4 条订阅头像无法访问, 已使用默认头像:
[2025-07-02 00:04:06] - http://feeds.feedburner.com/ruanyifeng
[2025-07-02 00:04:06] - https://www.loyhome.com/feed
[2025-07-02 00:04:06] - https://a4.zyzhang.com/index.xml
[2025-07-02 00:04:06] - https://www.douban.com/feed/review/book
[2025-07-02 01:29:40] 本次订阅抓取结果统计:
[2025-07-02 01:29:40] 共 46 条RSS, 成功抓取 45 条.
[2025-07-02 01:29:40] ✘ 有 1 条订阅解析失败:
[2025-07-02 01:29:40] - https://tcxx.info/feed
[2025-07-02 01:29:40] ✘ 有 4 条订阅头像无法访问, 已使用默认头像:
[2025-07-02 01:29:40] - http://feeds.feedburner.com/ruanyifeng
[2025-07-02 01:29:40] - https://www.loyhome.com/feed
[2025-07-02 01:29:40] - https://a4.zyzhang.com/index.xml
[2025-07-02 01:29:40] - https://www.douban.com/feed/review/book
[2025-07-02 02:32:36] 本次订阅抓取结果统计:
[2025-07-02 02:32:36] 共 46 条RSS, 成功抓取 45 条.
[2025-07-02 02:32:36] ✘ 有 1 条订阅解析失败:
[2025-07-02 02:32:36] - https://tcxx.info/feed
[2025-07-02 02:32:36] ✘ 有 5 条订阅头像无法访问, 已使用默认头像:
[2025-07-02 02:32:36] - http://feeds.feedburner.com/ruanyifeng
[2025-07-02 02:32:36] - https://www.loyhome.com/feed
[2025-07-02 02:32:36] - https://a4.zyzhang.com/index.xml
[2025-07-02 02:32:36] - https://www.douban.com/feed/review/book
[2025-07-02 02:32:36] - https://feeds.appinn.com/appinns/
[2025-07-02 03:24:44] 本次订阅抓取结果统计:
[2025-07-02 03:24:44] 共 46 条RSS, 成功抓取 45 条.
[2025-07-02 03:24:44] ✘ 有 1 条订阅解析失败:
[2025-07-02 03:24:44] - https://tcxx.info/feed
[2025-07-02 03:24:44] ✘ 有 4 条订阅头像无法访问, 已使用默认头像:
[2025-07-02 03:24:44] - http://feeds.feedburner.com/ruanyifeng
[2025-07-02 03:24:44] - https://www.loyhome.com/feed
[2025-07-02 03:24:44] - https://a4.zyzhang.com/index.xml
[2025-07-02 03:24:44] - https://www.douban.com/feed/review/book
[2025-07-02 04:08:05] 本次订阅抓取结果统计:
[2025-07-02 04:08:05] 共 46 条RSS, 成功抓取 45 条.
[2025-07-02 04:08:05] ✘ 有 1 条订阅解析失败:
[2025-07-02 04:08:05] - https://tcxx.info/feed
[2025-07-02 04:08:05] ✘ 有 4 条订阅头像无法访问, 已使用默认头像:
[2025-07-02 04:08:05] - http://feeds.feedburner.com/ruanyifeng
[2025-07-02 04:08:05] - https://www.loyhome.com/feed
[2025-07-02 04:08:05] - https://a4.zyzhang.com/index.xml
[2025-07-02 04:08:05] - https://www.douban.com/feed/review/book
[2025-07-02 05:02:44] 本次订阅抓取结果统计:
[2025-07-02 05:02:44] 共 46 条RSS, 成功抓取 45 条.
[2025-07-02 05:02:44] ✘ 有 1 条订阅解析失败:
[2025-07-02 05:02:44] - https://tcxx.info/feed
[2025-07-02 05:02:44] ✘ 有 5 条订阅头像无法访问, 已使用默认头像:
[2025-07-02 05:02:44] - http://feeds.feedburner.com/ruanyifeng
[2025-07-02 05:02:44] - https://www.loyhome.com/feed
[2025-07-02 05:02:44] - https://a4.zyzhang.com/index.xml
[2025-07-02 05:02:44] - https://www.douban.com/feed/review/book
[2025-07-02 05:02:44] - https://feeds.appinn.com/appinns/
[2025-07-02 06:02:27] 本次订阅抓取结果统计:
[2025-07-02 06:02:27] 共 46 条RSS, 成功抓取 44 条.
[2025-07-02 06:02:27] ✘ 有 2 条订阅解析失败:
[2025-07-02 06:02:27] - https://tcxx.info/feed
[2025-07-02 06:02:27] - https://diygod.cc/feed
[2025-07-02 06:02:27] ✘ 有 4 条订阅头像无法访问, 已使用默认头像:
[2025-07-02 06:02:27] - http://feeds.feedburner.com/ruanyifeng
[2025-07-02 06:02:27] - https://www.loyhome.com/feed
[2025-07-02 06:02:27] - https://a4.zyzhang.com/index.xml
[2025-07-02 06:02:27] - https://www.douban.com/feed/review/book
