[2025-05-05 01:23:35] 本次订阅抓取结果统计:
[2025-05-05 01:23:35] 共 28 条RSS, 成功抓取 27 条.
[2025-05-05 01:23:35] ✘ 有 1 条订阅解析失败:
[2025-05-05 01:23:35] - https://tcxx.info/feed
[2025-05-05 01:23:35] ✘ 有 2 条订阅头像无法访问, 已使用默认头像:
[2025-05-05 01:23:35] - http://feeds.feedburner.com/ruanyifeng
[2025-05-05 01:23:35] - https://www.loyhome.com/feed
[2025-05-05 03:11:23] 本次订阅抓取结果统计:
[2025-05-05 03:11:23] 共 28 条RSS, 成功抓取 27 条.
[2025-05-05 03:11:23] ✘ 有 1 条订阅解析失败:
[2025-05-05 03:11:23] - https://tcxx.info/feed
[2025-05-05 03:11:23] ✘ 有 2 条订阅头像无法访问, 已使用默认头像:
[2025-05-05 03:11:23] - http://feeds.feedburner.com/ruanyifeng
[2025-05-05 03:11:23] - https://www.loyhome.com/feed
[2025-05-05 04:21:27] 本次订阅抓取结果统计:
[2025-05-05 04:21:27] 共 28 条RSS, 成功抓取 27 条.
[2025-05-05 04:21:27] ✘ 有 1 条订阅解析失败:
[2025-05-05 04:21:27] - https://tcxx.info/feed
[2025-05-05 04:21:27] ✘ 有 2 条订阅头像无法访问, 已使用默认头像:
[2025-05-05 04:21:27] - http://feeds.feedburner.com/ruanyifeng
[2025-05-05 04:21:27] - https://www.loyhome.com/feed
[2025-05-05 05:18:18] 本次订阅抓取结果统计:
[2025-05-05 05:18:18] 共 28 条RSS, 成功抓取 27 条.
[2025-05-05 05:18:18] ✘ 有 1 条订阅解析失败:
[2025-05-05 05:18:18] - https://tcxx.info/feed
[2025-05-05 05:18:18] ✘ 有 2 条订阅头像无法访问, 已使用默认头像:
[2025-05-05 05:18:18] - https://www.loyhome.com/feed
[2025-05-05 05:18:18] - http://feeds.feedburner.com/ruanyifeng
[2025-05-05 06:26:23] 本次订阅抓取结果统计:
[2025-05-05 06:26:23] 共 28 条RSS, 成功抓取 27 条.
[2025-05-05 06:26:23] ✘ 有 1 条订阅解析失败:
[2025-05-05 06:26:23] - https://tcxx.info/feed
[2025-05-05 06:26:23] ✘ 有 2 条订阅头像无法访问, 已使用默认头像:
[2025-05-05 06:26:23] - http://feeds.feedburner.com/ruanyifeng
[2025-05-05 06:26:23] - https://www.loyhome.com/feed
[2025-05-05 07:17:52] 本次订阅抓取结果统计:
[2025-05-05 07:17:52] 共 28 条RSS, 成功抓取 27 条.
[2025-05-05 07:17:52] ✘ 有 1 条订阅解析失败:
[2025-05-05 07:17:52] - https://tcxx.info/feed
[2025-05-05 07:17:52] ✘ 有 2 条订阅头像无法访问, 已使用默认头像:
[2025-05-05 07:17:52] - http://feeds.feedburner.com/ruanyifeng
[2025-05-05 07:17:52] - https://www.loyhome.com/feed
[2025-05-05 08:24:42] 本次订阅抓取结果统计:
[2025-05-05 08:24:42] 共 28 条RSS, 成功抓取 27 条.
[2025-05-05 08:24:42] ✘ 有 1 条订阅解析失败:
[2025-05-05 08:24:42] - https://tcxx.info/feed
[2025-05-05 08:24:42] ✘ 有 3 条订阅头像无法访问, 已使用默认头像:
[2025-05-05 08:24:42] - http://feeds.feedburner.com/ruanyifeng
[2025-05-05 08:24:42] - https://www.loyhome.com/feed
[2025-05-05 08:24:42] - https://xyzbz.cn/feed
[2025-05-05 09:18:56] 本次订阅抓取结果统计:
[2025-05-05 09:18:56] 共 28 条RSS, 成功抓取 27 条.
[2025-05-05 09:18:56] ✘ 有 1 条订阅解析失败:
[2025-05-05 09:18:56] - https://tcxx.info/feed
[2025-05-05 09:18:56] ✘ 有 2 条订阅头像无法访问, 已使用默认头像:
[2025-05-05 09:18:56] - http://feeds.feedburner.com/ruanyifeng
[2025-05-05 09:18:56] - https://www.loyhome.com/feed
