[2025-10-17 00:04:43] 抓取到的文章与现有数据相同，无需更新。
[2025-10-17 01:29:27] 本次订阅抓取结果统计:
[2025-10-17 01:29:27] 共 60 条RSS, 成功抓取 53 条.
[2025-10-17 01:29:27] ✘ 有 6 条订阅解析失败:
[2025-10-17 01:29:27] - https://tcxx.info/feed
[2025-10-17 01:29:27] - https://tumutanzi.com/feed
[2025-10-17 01:29:27] - https://geekinney.com/index.xml
[2025-10-17 01:29:27] - https://suus.me/index.xml
[2025-10-17 01:29:27] - https://yinwang1.substack.com/feed
[2025-10-17 01:29:27] - https://botanwang.com/rss.xml
[2025-10-17 01:29:27] ✘ 有 1 条订阅为空:
[2025-10-17 01:29:27] - http://feeds.feedburner.com/zhihu-daily
[2025-10-17 01:29:27] ✘ 有 1 条订阅头像字段为空, 已使用默认头像:
[2025-10-17 01:29:27] - https://feed.cnblogs.com/blog/u/66551/rss/
[2025-10-17 01:29:27] ✘ 有 3 条订阅头像无法访问, 已使用默认头像:
[2025-10-17 01:29:27] - http://feeds.feedburner.com/ruanyifeng
[2025-10-17 01:29:27] - https://skywind.me/blog/feed
[2025-10-17 01:29:27] - https://www.douban.com/feed/review/book
[2025-10-17 02:28:10] 本次订阅抓取结果统计:
[2025-10-17 02:28:10] 共 60 条RSS, 成功抓取 53 条.
[2025-10-17 02:28:10] ✘ 有 6 条订阅解析失败:
[2025-10-17 02:28:10] - https://tcxx.info/feed
[2025-10-17 02:28:10] - https://tumutanzi.com/feed
[2025-10-17 02:28:10] - https://geekinney.com/index.xml
[2025-10-17 02:28:10] - https://suus.me/index.xml
[2025-10-17 02:28:10] - https://yinwang1.substack.com/feed
[2025-10-17 02:28:10] - https://botanwang.com/rss.xml
[2025-10-17 02:28:10] ✘ 有 1 条订阅为空:
[2025-10-17 02:28:10] - http://feeds.feedburner.com/zhihu-daily
[2025-10-17 02:28:10] ✘ 有 1 条订阅头像字段为空, 已使用默认头像:
[2025-10-17 02:28:10] - https://feed.cnblogs.com/blog/u/66551/rss/
[2025-10-17 02:28:10] ✘ 有 3 条订阅头像无法访问, 已使用默认头像:
[2025-10-17 02:28:10] - http://feeds.feedburner.com/ruanyifeng
[2025-10-17 02:28:10] - https://skywind.me/blog/feed
[2025-10-17 02:28:10] - https://www.douban.com/feed/review/book
[2025-10-17 03:15:12] 抓取到的文章与现有数据相同，无需更新。
[2025-10-17 04:02:11] 本次订阅抓取结果统计:
[2025-10-17 04:02:11] 共 60 条RSS, 成功抓取 53 条.
[2025-10-17 04:02:11] ✘ 有 6 条订阅解析失败:
[2025-10-17 04:02:11] - https://tcxx.info/feed
[2025-10-17 04:02:11] - https://tumutanzi.com/feed
[2025-10-17 04:02:11] - https://geekinney.com/index.xml
[2025-10-17 04:02:11] - https://suus.me/index.xml
[2025-10-17 04:02:11] - https://yinwang1.substack.com/feed
[2025-10-17 04:02:11] - https://botanwang.com/rss.xml
[2025-10-17 04:02:11] ✘ 有 1 条订阅为空:
[2025-10-17 04:02:11] - http://feeds.feedburner.com/zhihu-daily
[2025-10-17 04:02:11] ✘ 有 1 条订阅头像字段为空, 已使用默认头像:
[2025-10-17 04:02:11] - https://feed.cnblogs.com/blog/u/66551/rss/
[2025-10-17 04:02:11] ✘ 有 3 条订阅头像无法访问, 已使用默认头像:
[2025-10-17 04:02:11] - http://feeds.feedburner.com/ruanyifeng
[2025-10-17 04:02:11] - https://skywind.me/blog/feed
[2025-10-17 04:02:11] - https://www.douban.com/feed/review/book
[2025-10-17 05:01:50] 本次订阅抓取结果统计:
[2025-10-17 05:01:50] 共 60 条RSS, 成功抓取 51 条.
[2025-10-17 05:01:50] ✘ 有 7 条订阅解析失败:
[2025-10-17 05:01:50] - https://tcxx.info/feed
[2025-10-17 05:01:50] - https://tumutanzi.com/feed
[2025-10-17 05:01:50] - https://geekinney.com/index.xml
[2025-10-17 05:01:50] - https://suus.me/index.xml
[2025-10-17 05:01:50] - https://yinwang1.substack.com/feed
[2025-10-17 05:01:50] - https://botanwang.com/rss.xml
[2025-10-17 05:01:50] - https://www.douban.com/feed/review/book
[2025-10-17 05:01:50] ✘ 有 2 条订阅为空:
[2025-10-17 05:01:50] - http://feeds.feedburner.com/zhihu-daily
[2025-10-17 05:01:50] - https://diygod.cc/feed
[2025-10-17 05:01:50] ✘ 有 1 条订阅头像字段为空, 已使用默认头像:
[2025-10-17 05:01:50] - https://feed.cnblogs.com/blog/u/66551/rss/
[2025-10-17 05:01:50] ✘ 有 2 条订阅头像无法访问, 已使用默认头像:
[2025-10-17 05:01:50] - http://feeds.feedburner.com/ruanyifeng
[2025-10-17 05:01:50] - https://skywind.me/blog/feed
[2025-10-17 06:02:09] 本次订阅抓取结果统计:
[2025-10-17 06:02:09] 共 60 条RSS, 成功抓取 53 条.
[2025-10-17 06:02:09] ✘ 有 6 条订阅解析失败:
[2025-10-17 06:02:09] - https://tcxx.info/feed
[2025-10-17 06:02:09] - https://tumutanzi.com/feed
[2025-10-17 06:02:09] - https://geekinney.com/index.xml
[2025-10-17 06:02:09] - https://suus.me/index.xml
[2025-10-17 06:02:09] - https://yinwang1.substack.com/feed
[2025-10-17 06:02:09] - https://botanwang.com/rss.xml
[2025-10-17 06:02:09] ✘ 有 1 条订阅为空:
[2025-10-17 06:02:09] - http://feeds.feedburner.com/zhihu-daily
[2025-10-17 06:02:09] ✘ 有 1 条订阅头像字段为空, 已使用默认头像:
[2025-10-17 06:02:09] - https://feed.cnblogs.com/blog/u/66551/rss/
[2025-10-17 06:02:09] ✘ 有 3 条订阅头像无法访问, 已使用默认头像:
[2025-10-17 06:02:09] - http://feeds.feedburner.com/ruanyifeng
[2025-10-17 06:02:09] - https://skywind.me/blog/feed
[2025-10-17 06:02:09] - https://www.douban.com/feed/review/book
