[2025-07-27 00:05:05] 抓取到的文章与现有数据相同，无需更新。
[2025-07-27 01:29:58] 抓取到的文章与现有数据相同，无需更新。
[2025-07-27 02:45:57] 本次订阅抓取结果统计:
[2025-07-27 02:45:57] 共 51 条RSS, 成功抓取 44 条.
[2025-07-27 02:45:57] ✘ 有 7 条订阅解析失败:
[2025-07-27 02:45:57] - https://tcxx.info/feed
[2025-07-27 02:45:57] - https://blog.ops-coffee.cn/feed.xml
[2025-07-27 02:45:57] - https://yinwang1.substack.com/feed
[2025-07-27 02:45:57] - https://blog.yanqingshan.com/feed
[2025-07-27 02:45:57] - https://oba.by/feed
[2025-07-27 02:45:57] - https://xyzbz.cn/feed
[2025-07-27 02:45:57] - https://www.douban.com/feed/review/book
[2025-07-27 02:45:57] ✘ 有 5 条订阅头像无法访问, 已使用默认头像:
[2025-07-27 02:45:57] - https://www.loyhome.com/feed
[2025-07-27 02:45:57] - http://feeds.feedburner.com/ruanyifeng
[2025-07-27 02:45:57] - https://a4.zyzhang.com/index.xml
[2025-07-27 02:45:57] - https://www.geedea.pro/index.xml
[2025-07-27 02:45:57] - http://feeds.feedburner.com/zhihu-daily
[2025-07-27 03:31:37] 本次订阅抓取结果统计:
[2025-07-27 03:31:37] 共 51 条RSS, 成功抓取 48 条.
[2025-07-27 03:31:37] ✘ 有 3 条订阅解析失败:
[2025-07-27 03:31:37] - https://tcxx.info/feed
[2025-07-27 03:31:37] - https://blog.ops-coffee.cn/feed.xml
[2025-07-27 03:31:37] - https://yinwang1.substack.com/feed
[2025-07-27 03:31:37] ✘ 有 6 条订阅头像无法访问, 已使用默认头像:
[2025-07-27 03:31:37] - http://feeds.feedburner.com/ruanyifeng
[2025-07-27 03:31:37] - https://www.loyhome.com/feed
[2025-07-27 03:31:37] - https://a4.zyzhang.com/index.xml
[2025-07-27 03:31:37] - https://www.geedea.pro/index.xml
[2025-07-27 03:31:37] - https://www.douban.com/feed/review/book
[2025-07-27 03:31:37] - https://feeds.appinn.com/appinns/
[2025-07-27 04:17:12] 抓取到的文章与现有数据相同，无需更新。
[2025-07-27 05:06:19] 本次订阅抓取结果统计:
[2025-07-27 05:06:19] 共 51 条RSS, 成功抓取 48 条.
[2025-07-27 05:06:19] ✘ 有 3 条订阅解析失败:
[2025-07-27 05:06:19] - https://tcxx.info/feed
[2025-07-27 05:06:19] - https://blog.ops-coffee.cn/feed.xml
[2025-07-27 05:06:19] - https://yinwang1.substack.com/feed
[2025-07-27 05:06:19] ✘ 有 6 条订阅头像无法访问, 已使用默认头像:
[2025-07-27 05:06:19] - http://feeds.feedburner.com/ruanyifeng
[2025-07-27 05:06:19] - https://www.loyhome.com/feed
[2025-07-27 05:06:19] - https://a4.zyzhang.com/index.xml
[2025-07-27 05:06:19] - https://www.geedea.pro/index.xml
[2025-07-27 05:06:19] - https://www.douban.com/feed/review/book
[2025-07-27 05:06:19] - https://feeds.appinn.com/appinns/
[2025-07-27 06:01:55] 抓取到的文章与现有数据相同，无需更新。
[2025-07-27 07:02:30] 本次订阅抓取结果统计:
[2025-07-27 07:02:30] 共 51 条RSS, 成功抓取 48 条.
[2025-07-27 07:02:30] ✘ 有 3 条订阅解析失败:
[2025-07-27 07:02:30] - https://tcxx.info/feed
[2025-07-27 07:02:30] - https://blog.ops-coffee.cn/feed.xml
[2025-07-27 07:02:30] - https://yinwang1.substack.com/feed
[2025-07-27 07:02:30] ✘ 有 5 条订阅头像无法访问, 已使用默认头像:
[2025-07-27 07:02:30] - http://feeds.feedburner.com/ruanyifeng
[2025-07-27 07:02:30] - https://www.loyhome.com/feed
[2025-07-27 07:02:30] - https://a4.zyzhang.com/index.xml
[2025-07-27 07:02:30] - https://www.geedea.pro/index.xml
[2025-07-27 07:02:30] - https://www.douban.com/feed/review/book
[2025-07-27 08:01:58] 抓取到的文章与现有数据相同，无需更新。
[2025-07-27 09:01:41] 抓取到的文章与现有数据相同，无需更新。
[2025-07-27 10:02:05] 抓取到的文章与现有数据相同，无需更新。
[2025-07-27 11:01:36] 本次订阅抓取结果统计:
[2025-07-27 11:01:36] 共 51 条RSS, 成功抓取 48 条.
[2025-07-27 11:01:36] ✘ 有 3 条订阅解析失败:
[2025-07-27 11:01:36] - https://tcxx.info/feed
[2025-07-27 11:01:36] - https://blog.ops-coffee.cn/feed.xml
[2025-07-27 11:01:36] - https://yinwang1.substack.com/feed
[2025-07-27 11:01:36] ✘ 有 5 条订阅头像无法访问, 已使用默认头像:
[2025-07-27 11:01:36] - http://feeds.feedburner.com/ruanyifeng
[2025-07-27 11:01:36] - https://www.loyhome.com/feed
[2025-07-27 11:01:36] - https://a4.zyzhang.com/index.xml
[2025-07-27 11:01:36] - https://www.geedea.pro/index.xml
[2025-07-27 11:01:36] - https://www.douban.com/feed/review/book
[2025-07-27 12:02:10] 抓取到的文章与现有数据相同，无需更新。
[2025-07-27 13:11:20] 本次订阅抓取结果统计:
[2025-07-27 13:11:20] 共 51 条RSS, 成功抓取 48 条.
[2025-07-27 13:11:20] ✘ 有 3 条订阅解析失败:
[2025-07-27 13:11:20] - https://tcxx.info/feed
[2025-07-27 13:11:20] - https://blog.ops-coffee.cn/feed.xml
[2025-07-27 13:11:20] - https://yinwang1.substack.com/feed
[2025-07-27 13:11:20] ✘ 有 5 条订阅头像无法访问, 已使用默认头像:
[2025-07-27 13:11:20] - https://www.loyhome.com/feed
[2025-07-27 13:11:20] - http://feeds.feedburner.com/ruanyifeng
[2025-07-27 13:11:20] - https://a4.zyzhang.com/index.xml
[2025-07-27 13:11:20] - https://www.geedea.pro/index.xml
[2025-07-27 13:11:20] - https://www.douban.com/feed/review/book
[2025-07-27 14:01:53] 抓取到的文章与现有数据相同，无需更新。
[2025-07-27 15:01:38] 抓取到的文章与现有数据相同，无需更新。
[2025-07-27 16:01:52] 本次订阅抓取结果统计:
[2025-07-27 16:01:52] 共 51 条RSS, 成功抓取 48 条.
[2025-07-27 16:01:52] ✘ 有 3 条订阅解析失败:
[2025-07-27 16:01:52] - https://tcxx.info/feed
[2025-07-27 16:01:52] - https://blog.ops-coffee.cn/feed.xml
[2025-07-27 16:01:52] - https://yinwang1.substack.com/feed
[2025-07-27 16:01:52] ✘ 有 6 条订阅头像无法访问, 已使用默认头像:
[2025-07-27 16:01:52] - http://feeds.feedburner.com/ruanyifeng
[2025-07-27 16:01:52] - https://www.loyhome.com/feed
[2025-07-27 16:01:52] - https://a4.zyzhang.com/index.xml
[2025-07-27 16:01:52] - https://www.geedea.pro/index.xml
[2025-07-27 16:01:52] - https://www.douban.com/feed/review/book
[2025-07-27 16:01:52] - https://feeds.appinn.com/appinns/
[2025-07-27 17:01:35] 本次订阅抓取结果统计:
[2025-07-27 17:01:35] 共 51 条RSS, 成功抓取 47 条.
[2025-07-27 17:01:35] ✘ 有 4 条订阅解析失败:
[2025-07-27 17:01:35] - https://tcxx.info/feed
[2025-07-27 17:01:35] - https://blog.ops-coffee.cn/feed.xml
[2025-07-27 17:01:35] - https://yinwang1.substack.com/feed
[2025-07-27 17:01:35] - https://www.douban.com/feed/review/book
[2025-07-27 17:01:35] ✘ 有 4 条订阅头像无法访问, 已使用默认头像:
[2025-07-27 17:01:35] - http://feeds.feedburner.com/ruanyifeng
[2025-07-27 17:01:35] - https://www.loyhome.com/feed
[2025-07-27 17:01:35] - https://a4.zyzhang.com/index.xml
[2025-07-27 17:01:35] - https://www.geedea.pro/index.xml
[2025-07-27 18:02:03] 本次订阅抓取结果统计:
[2025-07-27 18:02:03] 共 51 条RSS, 成功抓取 48 条.
[2025-07-27 18:02:03] ✘ 有 3 条订阅解析失败:
[2025-07-27 18:02:03] - https://tcxx.info/feed
[2025-07-27 18:02:03] - https://blog.ops-coffee.cn/feed.xml
[2025-07-27 18:02:03] - https://yinwang1.substack.com/feed
[2025-07-27 18:02:03] ✘ 有 5 条订阅头像无法访问, 已使用默认头像:
[2025-07-27 18:02:03] - http://feeds.feedburner.com/ruanyifeng
[2025-07-27 18:02:03] - https://www.loyhome.com/feed
[2025-07-27 18:02:03] - https://a4.zyzhang.com/index.xml
[2025-07-27 18:02:03] - https://www.geedea.pro/index.xml
[2025-07-27 18:02:03] - https://www.douban.com/feed/review/book
[2025-07-27 19:02:17] 抓取到的文章与现有数据相同，无需更新。
[2025-07-27 20:01:51] 本次订阅抓取结果统计:
[2025-07-27 20:01:51] 共 51 条RSS, 成功抓取 48 条.
[2025-07-27 20:01:51] ✘ 有 3 条订阅解析失败:
[2025-07-27 20:01:51] - https://tcxx.info/feed
[2025-07-27 20:01:51] - https://blog.ops-coffee.cn/feed.xml
[2025-07-27 20:01:51] - https://yinwang1.substack.com/feed
[2025-07-27 20:01:51] ✘ 有 5 条订阅头像无法访问, 已使用默认头像:
[2025-07-27 20:01:51] - http://feeds.feedburner.com/ruanyifeng
[2025-07-27 20:01:51] - https://www.loyhome.com/feed
[2025-07-27 20:01:51] - https://a4.zyzhang.com/index.xml
[2025-07-27 20:01:51] - https://www.geedea.pro/index.xml
[2025-07-27 20:01:51] - https://www.douban.com/feed/review/book
