[2025-05-09 01:21:12] 本次订阅抓取结果统计:
[2025-05-09 01:21:12] 共 28 条RSS, 成功抓取 27 条.
[2025-05-09 01:21:12] ✘ 有 1 条订阅解析失败:
[2025-05-09 01:21:12] - https://tcxx.info/feed
[2025-05-09 01:21:12] ✘ 有 2 条订阅头像无法访问, 已使用默认头像:
[2025-05-09 01:21:12] - http://feeds.feedburner.com/ruanyifeng
[2025-05-09 01:21:12] - https://www.loyhome.com/feed
[2025-05-09 03:08:52] 本次订阅抓取结果统计:
[2025-05-09 03:08:52] 共 28 条RSS, 成功抓取 27 条.
[2025-05-09 03:08:52] ✘ 有 1 条订阅解析失败:
[2025-05-09 03:08:52] - https://tcxx.info/feed
[2025-05-09 03:08:52] ✘ 有 2 条订阅头像无法访问, 已使用默认头像:
[2025-05-09 03:08:52] - http://feeds.feedburner.com/ruanyifeng
[2025-05-09 03:08:52] - https://www.loyhome.com/feed
[2025-05-09 04:21:17] 本次订阅抓取结果统计:
[2025-05-09 04:21:17] 共 28 条RSS, 成功抓取 27 条.
[2025-05-09 04:21:17] ✘ 有 1 条订阅解析失败:
[2025-05-09 04:21:17] - https://tcxx.info/feed
[2025-05-09 04:21:17] ✘ 有 2 条订阅头像无法访问, 已使用默认头像:
[2025-05-09 04:21:17] - http://feeds.feedburner.com/ruanyifeng
[2025-05-09 04:21:17] - https://www.loyhome.com/feed
[2025-05-09 05:17:41] 本次订阅抓取结果统计:
[2025-05-09 05:17:41] 共 28 条RSS, 成功抓取 27 条.
[2025-05-09 05:17:41] ✘ 有 1 条订阅解析失败:
[2025-05-09 05:17:41] - https://tcxx.info/feed
[2025-05-09 05:17:41] ✘ 有 2 条订阅头像无法访问, 已使用默认头像:
[2025-05-09 05:17:41] - http://feeds.feedburner.com/ruanyifeng
[2025-05-09 05:17:41] - https://www.loyhome.com/feed
[2025-05-09 06:25:57] 本次订阅抓取结果统计:
[2025-05-09 06:25:57] 共 28 条RSS, 成功抓取 27 条.
[2025-05-09 06:25:57] ✘ 有 1 条订阅解析失败:
[2025-05-09 06:25:57] - https://tcxx.info/feed
[2025-05-09 06:25:57] ✘ 有 2 条订阅头像无法访问, 已使用默认头像:
[2025-05-09 06:25:57] - https://www.loyhome.com/feed
[2025-05-09 06:25:57] - http://feeds.feedburner.com/ruanyifeng
[2025-05-09 07:17:22] 本次订阅抓取结果统计:
[2025-05-09 07:17:22] 共 28 条RSS, 成功抓取 27 条.
[2025-05-09 07:17:22] ✘ 有 1 条订阅解析失败:
[2025-05-09 07:17:22] - https://tcxx.info/feed
[2025-05-09 07:17:22] ✘ 有 3 条订阅头像无法访问, 已使用默认头像:
[2025-05-09 07:17:22] - http://feeds.feedburner.com/ruanyifeng
[2025-05-09 07:17:22] - https://www.loyhome.com/feed
[2025-05-09 07:17:22] - https://xyzbz.cn/feed
[2025-05-09 08:23:42] 本次订阅抓取结果统计:
[2025-05-09 08:23:42] 共 28 条RSS, 成功抓取 26 条.
[2025-05-09 08:23:42] ✘ 有 2 条订阅解析失败:
[2025-05-09 08:23:42] - https://tcxx.info/feed
[2025-05-09 08:23:42] - https://blog.fooleap.org/atom.xml
[2025-05-09 08:23:42] ✘ 有 3 条订阅头像无法访问, 已使用默认头像:
[2025-05-09 08:23:42] - http://feeds.feedburner.com/ruanyifeng
[2025-05-09 08:23:42] - https://www.loyhome.com/feed
[2025-05-09 08:23:42] - https://xyzbz.cn/feed
[2025-05-09 09:18:33] 本次订阅抓取结果统计:
[2025-05-09 09:18:33] 共 28 条RSS, 成功抓取 27 条.
[2025-05-09 09:18:33] ✘ 有 1 条订阅解析失败:
[2025-05-09 09:18:33] - https://tcxx.info/feed
[2025-05-09 09:18:33] ✘ 有 2 条订阅头像无法访问, 已使用默认头像:
[2025-05-09 09:18:33] - http://feeds.feedburner.com/ruanyifeng
[2025-05-09 09:18:33] - https://www.loyhome.com/feed
[2025-05-09 10:18:33] 本次订阅抓取结果统计:
[2025-05-09 10:18:33] 共 28 条RSS, 成功抓取 27 条.
[2025-05-09 10:18:33] ✘ 有 1 条订阅解析失败:
[2025-05-09 10:18:33] - https://tcxx.info/feed
[2025-05-09 10:18:33] ✘ 有 2 条订阅头像无法访问, 已使用默认头像:
[2025-05-09 10:18:33] - https://www.loyhome.com/feed
[2025-05-09 10:18:33] - http://feeds.feedburner.com/ruanyifeng
[2025-05-09 11:14:25] 本次订阅抓取结果统计:
[2025-05-09 11:14:25] 共 28 条RSS, 成功抓取 27 条.
[2025-05-09 11:14:25] ✘ 有 1 条订阅解析失败:
[2025-05-09 11:14:25] - https://tcxx.info/feed
[2025-05-09 11:14:25] ✘ 有 2 条订阅头像无法访问, 已使用默认头像:
[2025-05-09 11:14:25] - http://feeds.feedburner.com/ruanyifeng
[2025-05-09 11:14:25] - https://www.loyhome.com/feed
[2025-05-09 12:34:24] 本次订阅抓取结果统计:
[2025-05-09 12:34:24] 共 28 条RSS, 成功抓取 27 条.
[2025-05-09 12:34:24] ✘ 有 1 条订阅解析失败:
[2025-05-09 12:34:24] - https://tcxx.info/feed
[2025-05-09 12:34:24] ✘ 有 2 条订阅头像无法访问, 已使用默认头像:
[2025-05-09 12:34:24] - http://feeds.feedburner.com/ruanyifeng
[2025-05-09 12:34:24] - https://www.loyhome.com/feed
[2025-05-09 13:27:35] 本次订阅抓取结果统计:
[2025-05-09 13:27:35] 共 28 条RSS, 成功抓取 27 条.
[2025-05-09 13:27:35] ✘ 有 1 条订阅解析失败:
[2025-05-09 13:27:35] - https://tcxx.info/feed
[2025-05-09 13:27:35] ✘ 有 2 条订阅头像无法访问, 已使用默认头像:
[2025-05-09 13:27:35] - http://feeds.feedburner.com/ruanyifeng
[2025-05-09 13:27:35] - https://www.loyhome.com/feed
[2025-05-09 14:17:08] 本次订阅抓取结果统计:
[2025-05-09 14:17:08] 共 28 条RSS, 成功抓取 27 条.
[2025-05-09 14:17:08] ✘ 有 1 条订阅解析失败:
[2025-05-09 14:17:08] - https://tcxx.info/feed
[2025-05-09 14:17:08] ✘ 有 2 条订阅头像无法访问, 已使用默认头像:
[2025-05-09 14:17:08] - https://www.loyhome.com/feed
[2025-05-09 14:17:08] - http://feeds.feedburner.com/ruanyifeng
[2025-05-09 15:17:49] 本次订阅抓取结果统计:
[2025-05-09 15:17:49] 共 28 条RSS, 成功抓取 27 条.
[2025-05-09 15:17:49] ✘ 有 1 条订阅解析失败:
[2025-05-09 15:17:49] - https://tcxx.info/feed
[2025-05-09 15:17:49] ✘ 有 2 条订阅头像无法访问, 已使用默认头像:
[2025-05-09 15:17:49] - http://feeds.feedburner.com/ruanyifeng
[2025-05-09 15:17:49] - https://www.loyhome.com/feed
