[2025-04-25 01:20:08] 本次订阅抓取结果统计:
[2025-04-25 01:20:08] 共 28 条RSS, 成功抓取 27 条.
[2025-04-25 01:20:08] ✘ 有 1 条订阅解析失败:
[2025-04-25 01:20:08] - https://tcxx.info/feed
[2025-04-25 01:20:08] ✘ 有 3 条订阅头像无法访问, 已使用默认头像:
[2025-04-25 01:20:08] - https://blog.fooleap.org/atom.xml
[2025-04-25 01:20:08] - http://feeds.feedburner.com/ruanyifeng
[2025-04-25 01:20:08] - https://www.loyhome.com/feed
[2025-04-25 03:04:17] 本次订阅抓取结果统计:
[2025-04-25 03:04:17] 共 28 条RSS, 成功抓取 27 条.
[2025-04-25 03:04:17] ✘ 有 1 条订阅解析失败:
[2025-04-25 03:04:17] - https://tcxx.info/feed
[2025-04-25 03:04:17] ✘ 有 3 条订阅头像无法访问, 已使用默认头像:
[2025-04-25 03:04:17] - http://feeds.feedburner.com/ruanyifeng
[2025-04-25 03:04:17] - https://blog.fooleap.org/atom.xml
[2025-04-25 03:04:17] - https://www.loyhome.com/feed
[2025-04-25 04:20:40] 本次订阅抓取结果统计:
[2025-04-25 04:20:40] 共 28 条RSS, 成功抓取 27 条.
[2025-04-25 04:20:40] ✘ 有 1 条订阅解析失败:
[2025-04-25 04:20:40] - https://tcxx.info/feed
[2025-04-25 04:20:40] ✘ 有 3 条订阅头像无法访问, 已使用默认头像:
[2025-04-25 04:20:40] - http://feeds.feedburner.com/ruanyifeng
[2025-04-25 04:20:40] - https://blog.fooleap.org/atom.xml
[2025-04-25 04:20:40] - https://www.loyhome.com/feed
[2025-04-25 05:17:14] 本次订阅抓取结果统计:
[2025-04-25 05:17:14] 共 28 条RSS, 成功抓取 27 条.
[2025-04-25 05:17:14] ✘ 有 1 条订阅解析失败:
[2025-04-25 05:17:14] - https://tcxx.info/feed
[2025-04-25 05:17:14] ✘ 有 4 条订阅头像无法访问, 已使用默认头像:
[2025-04-25 05:17:14] - http://feeds.feedburner.com/ruanyifeng
[2025-04-25 05:17:14] - https://blog.fooleap.org/atom.xml
[2025-04-25 05:17:14] - https://www.loyhome.com/feed
[2025-04-25 05:17:14] - https://xyzbz.cn/feed
[2025-04-25 06:24:32] 本次订阅抓取结果统计:
[2025-04-25 06:24:32] 共 28 条RSS, 成功抓取 27 条.
[2025-04-25 06:24:32] ✘ 有 1 条订阅解析失败:
[2025-04-25 06:24:32] - https://tcxx.info/feed
[2025-04-25 06:24:32] ✘ 有 3 条订阅头像无法访问, 已使用默认头像:
[2025-04-25 06:24:32] - http://feeds.feedburner.com/ruanyifeng
[2025-04-25 06:24:32] - https://blog.fooleap.org/atom.xml
[2025-04-25 06:24:32] - https://www.loyhome.com/feed
