[2025-07-11 00:04:26] 本次订阅抓取结果统计:
[2025-07-11 00:04:26] 共 49 条RSS, 成功抓取 48 条.
[2025-07-11 00:04:26] ✘ 有 1 条订阅解析失败:
[2025-07-11 00:04:26] - https://tcxx.info/feed
[2025-07-11 00:04:26] ✘ 有 5 条订阅头像无法访问, 已使用默认头像:
[2025-07-11 00:04:26] - http://feeds.feedburner.com/ruanyifeng
[2025-07-11 00:04:26] - https://www.loyhome.com/feed
[2025-07-11 00:04:26] - https://v2ex.com/index.xml
[2025-07-11 00:04:26] - https://a4.zyzhang.com/index.xml
[2025-07-11 00:04:26] - https://www.douban.com/feed/review/book
[2025-07-11 01:29:43] 本次订阅抓取结果统计:
[2025-07-11 01:29:43] 共 49 条RSS, 成功抓取 48 条.
[2025-07-11 01:29:43] ✘ 有 1 条订阅解析失败:
[2025-07-11 01:29:43] - https://tcxx.info/feed
[2025-07-11 01:29:43] ✘ 有 4 条订阅头像无法访问, 已使用默认头像:
[2025-07-11 01:29:43] - http://feeds.feedburner.com/ruanyifeng
[2025-07-11 01:29:43] - https://www.loyhome.com/feed
[2025-07-11 01:29:43] - https://a4.zyzhang.com/index.xml
[2025-07-11 01:29:43] - https://www.douban.com/feed/review/book
[2025-07-11 02:36:48] 本次订阅抓取结果统计:
[2025-07-11 02:36:48] 共 49 条RSS, 成功抓取 48 条.
[2025-07-11 02:36:48] ✘ 有 1 条订阅解析失败:
[2025-07-11 02:36:48] - https://tcxx.info/feed
[2025-07-11 02:36:48] ✘ 有 4 条订阅头像无法访问, 已使用默认头像:
[2025-07-11 02:36:48] - http://feeds.feedburner.com/ruanyifeng
[2025-07-11 02:36:48] - https://www.loyhome.com/feed
[2025-07-11 02:36:48] - https://a4.zyzhang.com/index.xml
[2025-07-11 02:36:48] - https://www.douban.com/feed/review/book
[2025-07-11 03:29:24] 本次订阅抓取结果统计:
[2025-07-11 03:29:24] 共 49 条RSS, 成功抓取 48 条.
[2025-07-11 03:29:24] ✘ 有 1 条订阅解析失败:
[2025-07-11 03:29:24] - https://tcxx.info/feed
[2025-07-11 03:29:24] ✘ 有 5 条订阅头像无法访问, 已使用默认头像:
[2025-07-11 03:29:24] - http://feeds.feedburner.com/ruanyifeng
[2025-07-11 03:29:24] - https://www.loyhome.com/feed
[2025-07-11 03:29:24] - https://a4.zyzhang.com/index.xml
[2025-07-11 03:29:24] - https://www.douban.com/feed/review/book
[2025-07-11 03:29:24] - https://feeds.appinn.com/appinns/
[2025-07-11 04:13:16] 本次订阅抓取结果统计:
[2025-07-11 04:13:16] 共 49 条RSS, 成功抓取 48 条.
[2025-07-11 04:13:16] ✘ 有 1 条订阅解析失败:
[2025-07-11 04:13:16] - https://tcxx.info/feed
[2025-07-11 04:13:16] ✘ 有 5 条订阅头像无法访问, 已使用默认头像:
[2025-07-11 04:13:16] - http://feeds.feedburner.com/ruanyifeng
[2025-07-11 04:13:16] - https://www.loyhome.com/feed
[2025-07-11 04:13:16] - https://a4.zyzhang.com/index.xml
[2025-07-11 04:13:16] - https://www.douban.com/feed/review/book
[2025-07-11 04:13:16] - https://feeds.appinn.com/appinns/
[2025-07-11 05:04:16] 本次订阅抓取结果统计:
[2025-07-11 05:04:16] 共 49 条RSS, 成功抓取 48 条.
[2025-07-11 05:04:16] ✘ 有 1 条订阅解析失败:
[2025-07-11 05:04:16] - https://tcxx.info/feed
[2025-07-11 05:04:16] ✘ 有 4 条订阅头像无法访问, 已使用默认头像:
[2025-07-11 05:04:16] - http://feeds.feedburner.com/ruanyifeng
[2025-07-11 05:04:16] - https://www.loyhome.com/feed
[2025-07-11 05:04:16] - https://a4.zyzhang.com/index.xml
[2025-07-11 05:04:16] - https://www.douban.com/feed/review/book
[2025-07-11 06:02:26] 本次订阅抓取结果统计:
[2025-07-11 06:02:26] 共 49 条RSS, 成功抓取 48 条.
[2025-07-11 06:02:26] ✘ 有 1 条订阅解析失败:
[2025-07-11 06:02:26] - https://tcxx.info/feed
[2025-07-11 06:02:26] ✘ 有 4 条订阅头像无法访问, 已使用默认头像:
[2025-07-11 06:02:26] - http://feeds.feedburner.com/ruanyifeng
[2025-07-11 06:02:26] - https://www.loyhome.com/feed
[2025-07-11 06:02:26] - https://a4.zyzhang.com/index.xml
[2025-07-11 06:02:26] - https://www.douban.com/feed/review/book
[2025-07-11 07:02:52] 本次订阅抓取结果统计:
[2025-07-11 07:02:52] 共 49 条RSS, 成功抓取 48 条.
[2025-07-11 07:02:52] ✘ 有 1 条订阅解析失败:
[2025-07-11 07:02:52] - https://tcxx.info/feed
[2025-07-11 07:02:52] ✘ 有 4 条订阅头像无法访问, 已使用默认头像:
[2025-07-11 07:02:52] - http://feeds.feedburner.com/ruanyifeng
[2025-07-11 07:02:52] - https://www.loyhome.com/feed
[2025-07-11 07:02:52] - https://a4.zyzhang.com/index.xml
[2025-07-11 07:02:52] - https://www.douban.com/feed/review/book
[2025-07-11 08:02:18] 本次订阅抓取结果统计:
[2025-07-11 08:02:18] 共 49 条RSS, 成功抓取 48 条.
[2025-07-11 08:02:18] ✘ 有 1 条订阅解析失败:
[2025-07-11 08:02:18] - https://tcxx.info/feed
[2025-07-11 08:02:18] ✘ 有 5 条订阅头像无法访问, 已使用默认头像:
[2025-07-11 08:02:18] - http://feeds.feedburner.com/ruanyifeng
[2025-07-11 08:02:18] - https://www.loyhome.com/feed
[2025-07-11 08:02:18] - https://a4.zyzhang.com/index.xml
[2025-07-11 08:02:18] - https://feeds.appinn.com/appinns/
[2025-07-11 08:02:18] - https://www.douban.com/feed/review/book
