[2025-09-30 00:04:54] 抓取到的文章与现有数据相同，无需更新。
[2025-09-30 01:29:23] 抓取到的文章与现有数据相同，无需更新。
[2025-09-30 02:26:04] 抓取到的文章与现有数据相同，无需更新。
[2025-09-30 03:12:46] 抓取到的文章与现有数据相同，无需更新。
[2025-09-30 04:02:31] 抓取到的文章与现有数据相同，无需更新。
[2025-09-30 05:01:49] 本次订阅抓取结果统计:
[2025-09-30 05:01:49] 共 60 条RSS, 成功抓取 54 条.
[2025-09-30 05:01:49] ✘ 有 5 条订阅解析失败:
[2025-09-30 05:01:49] - https://tcxx.info/feed
[2025-09-30 05:01:49] - https://tumutanzi.com/feed
[2025-09-30 05:01:49] - https://geekinney.com/index.xml
[2025-09-30 05:01:49] - https://yinwang1.substack.com/feed
[2025-09-30 05:01:49] - https://botanwang.com/rss.xml
[2025-09-30 05:01:49] ✘ 有 1 条订阅为空:
[2025-09-30 05:01:49] - http://feeds.feedburner.com/zhihu-daily
[2025-09-30 05:01:49] ✘ 有 1 条订阅头像字段为空, 已使用默认头像:
[2025-09-30 05:01:49] - https://feed.cnblogs.com/blog/u/66551/rss/
[2025-09-30 05:01:49] ✘ 有 7 条订阅头像无法访问, 已使用默认头像:
[2025-09-30 05:01:49] - http://feeds.feedburner.com/ruanyifeng
[2025-09-30 05:01:49] - https://www.loyhome.com/feed
[2025-09-30 05:01:49] - https://a4.zyzhang.com/index.xml
[2025-09-30 05:01:49] - https://laike9m.com/blog/rss/
[2025-09-30 05:01:49] - https://skywind.me/blog/feed
[2025-09-30 05:01:49] - https://www.douban.com/feed/review/book
[2025-09-30 05:01:49] - https://www.mrhe.net/feed
