[2025-10-11 00:03:58] 抓取到的文章与现有数据相同，无需更新。
[2025-10-11 01:29:07] 抓取到的文章与现有数据相同，无需更新。
[2025-10-11 02:24:39] 本次订阅抓取结果统计:
[2025-10-11 02:24:39] 共 60 条RSS, 成功抓取 51 条.
[2025-10-11 02:24:39] ✘ 有 8 条订阅解析失败:
[2025-10-11 02:24:39] - https://tcxx.info/feed
[2025-10-11 02:24:39] - https://tumutanzi.com/feed
[2025-10-11 02:24:39] - https://geekinney.com/index.xml
[2025-10-11 02:24:39] - https://suus.me/index.xml
[2025-10-11 02:24:39] - https://yinwang1.substack.com/feed
[2025-10-11 02:24:39] - https://botanwang.com/rss.xml
[2025-10-11 02:24:39] - https://skywind.me/blog/feed
[2025-10-11 02:24:39] - https://www.shephe.com/feed
[2025-10-11 02:24:39] ✘ 有 1 条订阅为空:
[2025-10-11 02:24:39] - http://feeds.feedburner.com/zhihu-daily
[2025-10-11 02:24:39] ✘ 有 1 条订阅头像字段为空, 已使用默认头像:
[2025-10-11 02:24:39] - https://feed.cnblogs.com/blog/u/66551/rss/
[2025-10-11 02:24:39] ✘ 有 6 条订阅头像无法访问, 已使用默认头像:
[2025-10-11 02:24:39] - https://www.loyhome.com/feed
[2025-10-11 02:24:39] - http://feeds.feedburner.com/ruanyifeng
[2025-10-11 02:24:39] - https://a4.zyzhang.com/index.xml
[2025-10-11 02:24:39] - https://laike9m.com/blog/rss/
[2025-10-11 02:24:39] - https://www.douban.com/feed/review/book
[2025-10-11 02:24:39] - https://www.mrhe.net/feed
[2025-10-11 03:09:19] 本次订阅抓取结果统计:
[2025-10-11 03:09:19] 共 60 条RSS, 成功抓取 52 条.
[2025-10-11 03:09:19] ✘ 有 7 条订阅解析失败:
[2025-10-11 03:09:19] - https://tumutanzi.com/feed
[2025-10-11 03:09:19] - https://tcxx.info/feed
[2025-10-11 03:09:19] - https://geekinney.com/index.xml
[2025-10-11 03:09:19] - https://suus.me/index.xml
[2025-10-11 03:09:19] - https://yinwang1.substack.com/feed
[2025-10-11 03:09:19] - https://skywind.me/blog/feed
[2025-10-11 03:09:19] - https://botanwang.com/rss.xml
[2025-10-11 03:09:19] ✘ 有 1 条订阅为空:
[2025-10-11 03:09:19] - http://feeds.feedburner.com/zhihu-daily
[2025-10-11 03:09:19] ✘ 有 1 条订阅头像字段为空, 已使用默认头像:
[2025-10-11 03:09:19] - https://feed.cnblogs.com/blog/u/66551/rss/
[2025-10-11 03:09:19] ✘ 有 6 条订阅头像无法访问, 已使用默认头像:
[2025-10-11 03:09:19] - http://feeds.feedburner.com/ruanyifeng
[2025-10-11 03:09:19] - https://www.loyhome.com/feed
[2025-10-11 03:09:19] - https://a4.zyzhang.com/index.xml
[2025-10-11 03:09:19] - https://laike9m.com/blog/rss/
[2025-10-11 03:09:19] - https://www.douban.com/feed/review/book
[2025-10-11 03:09:19] - https://www.mrhe.net/feed
[2025-10-11 04:01:43] 抓取到的文章与现有数据相同，无需更新。
[2025-10-11 05:02:00] 抓取到的文章与现有数据相同，无需更新。
[2025-10-11 06:02:00] 抓取到的文章与现有数据相同，无需更新。
[2025-10-11 07:01:45] 抓取到的文章与现有数据相同，无需更新。
[2025-10-11 08:02:15] 抓取到的文章与现有数据相同，无需更新。
[2025-10-11 09:01:49] 抓取到的文章与现有数据相同，无需更新。
[2025-10-11 10:01:41] 本次订阅抓取结果统计:
[2025-10-11 10:01:41] 共 60 条RSS, 成功抓取 52 条.
[2025-10-11 10:01:41] ✘ 有 7 条订阅解析失败:
[2025-10-11 10:01:41] - https://tumutanzi.com/feed
[2025-10-11 10:01:41] - https://tcxx.info/feed
[2025-10-11 10:01:41] - https://geekinney.com/index.xml
[2025-10-11 10:01:41] - https://suus.me/index.xml
[2025-10-11 10:01:41] - https://yinwang1.substack.com/feed
[2025-10-11 10:01:41] - https://skywind.me/blog/feed
[2025-10-11 10:01:41] - https://botanwang.com/rss.xml
[2025-10-11 10:01:41] ✘ 有 1 条订阅为空:
[2025-10-11 10:01:41] - http://feeds.feedburner.com/zhihu-daily
[2025-10-11 10:01:41] ✘ 有 1 条订阅头像字段为空, 已使用默认头像:
[2025-10-11 10:01:41] - https://feed.cnblogs.com/blog/u/66551/rss/
[2025-10-11 10:01:41] ✘ 有 6 条订阅头像无法访问, 已使用默认头像:
[2025-10-11 10:01:41] - http://feeds.feedburner.com/ruanyifeng
[2025-10-11 10:01:41] - https://www.loyhome.com/feed
[2025-10-11 10:01:41] - https://a4.zyzhang.com/index.xml
[2025-10-11 10:01:41] - https://laike9m.com/blog/rss/
[2025-10-11 10:01:41] - https://www.douban.com/feed/review/book
[2025-10-11 10:01:41] - https://www.mrhe.net/feed
[2025-10-11 11:01:36] 本次订阅抓取结果统计:
[2025-10-11 11:01:36] 共 60 条RSS, 成功抓取 52 条.
[2025-10-11 11:01:36] ✘ 有 7 条订阅解析失败:
[2025-10-11 11:01:36] - https://tumutanzi.com/feed
[2025-10-11 11:01:36] - https://tcxx.info/feed
[2025-10-11 11:01:36] - https://geekinney.com/index.xml
[2025-10-11 11:01:36] - https://suus.me/index.xml
[2025-10-11 11:01:36] - https://yinwang1.substack.com/feed
[2025-10-11 11:01:36] - https://skywind.me/blog/feed
[2025-10-11 11:01:36] - https://botanwang.com/rss.xml
[2025-10-11 11:01:36] ✘ 有 1 条订阅为空:
[2025-10-11 11:01:36] - http://feeds.feedburner.com/zhihu-daily
[2025-10-11 11:01:36] ✘ 有 1 条订阅头像字段为空, 已使用默认头像:
[2025-10-11 11:01:36] - https://feed.cnblogs.com/blog/u/66551/rss/
[2025-10-11 11:01:36] ✘ 有 6 条订阅头像无法访问, 已使用默认头像:
[2025-10-11 11:01:36] - http://feeds.feedburner.com/ruanyifeng
[2025-10-11 11:01:36] - https://www.loyhome.com/feed
[2025-10-11 11:01:36] - https://a4.zyzhang.com/index.xml
[2025-10-11 11:01:36] - https://laike9m.com/blog/rss/
[2025-10-11 11:01:36] - https://www.douban.com/feed/review/book
[2025-10-11 11:01:36] - https://www.mrhe.net/feed
