[2025-10-06 00:04:46] 抓取到的文章与现有数据相同，无需更新。
[2025-10-06 01:29:32] 抓取到的文章与现有数据相同，无需更新。
[2025-10-06 02:27:48] 抓取到的文章与现有数据相同，无需更新。
[2025-10-06 03:15:21] 本次订阅抓取结果统计:
[2025-10-06 03:15:21] 共 60 条RSS, 成功抓取 52 条.
[2025-10-06 03:15:21] ✘ 有 6 条订阅解析失败:
[2025-10-06 03:15:21] - https://tcxx.info/feed
[2025-10-06 03:15:21] - https://tumutanzi.com/feed
[2025-10-06 03:15:21] - https://suus.me/index.xml
[2025-10-06 03:15:21] - https://geekinney.com/index.xml
[2025-10-06 03:15:21] - https://yinwang1.substack.com/feed
[2025-10-06 03:15:21] - https://botanwang.com/rss.xml
[2025-10-06 03:15:21] ✘ 有 2 条订阅为空:
[2025-10-06 03:15:21] - http://feeds.feedburner.com/zhihu-daily
[2025-10-06 03:15:21] - https://diygod.cc/feed
[2025-10-06 03:15:21] ✘ 有 1 条订阅头像字段为空, 已使用默认头像:
[2025-10-06 03:15:21] - https://feed.cnblogs.com/blog/u/66551/rss/
[2025-10-06 03:15:21] ✘ 有 7 条订阅头像无法访问, 已使用默认头像:
[2025-10-06 03:15:21] - http://feeds.feedburner.com/ruanyifeng
[2025-10-06 03:15:21] - https://www.loyhome.com/feed
[2025-10-06 03:15:21] - https://a4.zyzhang.com/index.xml
[2025-10-06 03:15:21] - https://laike9m.com/blog/rss/
[2025-10-06 03:15:21] - https://skywind.me/blog/feed
[2025-10-06 03:15:21] - https://www.douban.com/feed/review/book
[2025-10-06 03:15:21] - https://www.mrhe.net/feed
[2025-10-06 04:01:46] 本次订阅抓取结果统计:
[2025-10-06 04:01:46] 共 60 条RSS, 成功抓取 53 条.
[2025-10-06 04:01:46] ✘ 有 6 条订阅解析失败:
[2025-10-06 04:01:46] - https://tumutanzi.com/feed
[2025-10-06 04:01:46] - https://tcxx.info/feed
[2025-10-06 04:01:46] - https://geekinney.com/index.xml
[2025-10-06 04:01:46] - https://suus.me/index.xml
[2025-10-06 04:01:46] - https://yinwang1.substack.com/feed
[2025-10-06 04:01:46] - https://botanwang.com/rss.xml
[2025-10-06 04:01:46] ✘ 有 1 条订阅为空:
[2025-10-06 04:01:46] - http://feeds.feedburner.com/zhihu-daily
[2025-10-06 04:01:46] ✘ 有 1 条订阅头像字段为空, 已使用默认头像:
[2025-10-06 04:01:46] - https://feed.cnblogs.com/blog/u/66551/rss/
[2025-10-06 04:01:46] ✘ 有 7 条订阅头像无法访问, 已使用默认头像:
[2025-10-06 04:01:46] - http://feeds.feedburner.com/ruanyifeng
[2025-10-06 04:01:46] - https://www.loyhome.com/feed
[2025-10-06 04:01:46] - https://a4.zyzhang.com/index.xml
[2025-10-06 04:01:46] - https://skywind.me/blog/feed
[2025-10-06 04:01:46] - https://laike9m.com/blog/rss/
[2025-10-06 04:01:46] - https://www.douban.com/feed/review/book
[2025-10-06 04:01:46] - https://www.mrhe.net/feed
[2025-10-06 05:01:38] 抓取到的文章与现有数据相同，无需更新。
[2025-10-06 06:02:13] 抓取到的文章与现有数据相同，无需更新。
[2025-10-06 07:01:53] 抓取到的文章与现有数据相同，无需更新。
[2025-10-06 08:02:06] 抓取到的文章与现有数据相同，无需更新。
[2025-10-06 09:01:55] 抓取到的文章与现有数据相同，无需更新。
[2025-10-06 10:02:22] 本次订阅抓取结果统计:
[2025-10-06 10:02:22] 共 60 条RSS, 成功抓取 52 条.
[2025-10-06 10:02:22] ✘ 有 6 条订阅解析失败:
[2025-10-06 10:02:22] - https://tumutanzi.com/feed
[2025-10-06 10:02:22] - https://tcxx.info/feed
[2025-10-06 10:02:22] - https://suus.me/index.xml
[2025-10-06 10:02:22] - https://geekinney.com/index.xml
[2025-10-06 10:02:22] - https://yinwang1.substack.com/feed
[2025-10-06 10:02:22] - https://botanwang.com/rss.xml
[2025-10-06 10:02:22] ✘ 有 2 条订阅为空:
[2025-10-06 10:02:22] - http://feeds.feedburner.com/zhihu-daily
[2025-10-06 10:02:22] - https://diygod.cc/feed
[2025-10-06 10:02:22] ✘ 有 1 条订阅头像字段为空, 已使用默认头像:
[2025-10-06 10:02:22] - https://feed.cnblogs.com/blog/u/66551/rss/
[2025-10-06 10:02:22] ✘ 有 7 条订阅头像无法访问, 已使用默认头像:
[2025-10-06 10:02:22] - http://feeds.feedburner.com/ruanyifeng
[2025-10-06 10:02:22] - https://www.loyhome.com/feed
[2025-10-06 10:02:22] - https://a4.zyzhang.com/index.xml
[2025-10-06 10:02:22] - https://laike9m.com/blog/rss/
[2025-10-06 10:02:22] - https://skywind.me/blog/feed
[2025-10-06 10:02:22] - https://www.douban.com/feed/review/book
[2025-10-06 10:02:22] - https://www.mrhe.net/feed
[2025-10-06 11:01:44] 本次订阅抓取结果统计:
[2025-10-06 11:01:44] 共 60 条RSS, 成功抓取 53 条.
[2025-10-06 11:01:44] ✘ 有 6 条订阅解析失败:
[2025-10-06 11:01:44] - https://tumutanzi.com/feed
[2025-10-06 11:01:44] - https://tcxx.info/feed
[2025-10-06 11:01:44] - https://geekinney.com/index.xml
[2025-10-06 11:01:44] - https://suus.me/index.xml
[2025-10-06 11:01:44] - https://yinwang1.substack.com/feed
[2025-10-06 11:01:44] - https://botanwang.com/rss.xml
[2025-10-06 11:01:44] ✘ 有 1 条订阅为空:
[2025-10-06 11:01:44] - http://feeds.feedburner.com/zhihu-daily
[2025-10-06 11:01:44] ✘ 有 1 条订阅头像字段为空, 已使用默认头像:
[2025-10-06 11:01:44] - https://feed.cnblogs.com/blog/u/66551/rss/
[2025-10-06 11:01:44] ✘ 有 7 条订阅头像无法访问, 已使用默认头像:
[2025-10-06 11:01:44] - http://feeds.feedburner.com/ruanyifeng
[2025-10-06 11:01:44] - https://www.loyhome.com/feed
[2025-10-06 11:01:44] - https://a4.zyzhang.com/index.xml
[2025-10-06 11:01:44] - https://skywind.me/blog/feed
[2025-10-06 11:01:44] - https://laike9m.com/blog/rss/
[2025-10-06 11:01:44] - https://www.douban.com/feed/review/book
[2025-10-06 11:01:44] - https://www.mrhe.net/feed
[2025-10-06 12:01:57] 抓取到的文章与现有数据相同，无需更新。
[2025-10-06 13:09:59] 本次订阅抓取结果统计:
[2025-10-06 13:09:59] 共 60 条RSS, 成功抓取 53 条.
[2025-10-06 13:09:59] ✘ 有 6 条订阅解析失败:
[2025-10-06 13:09:59] - https://tcxx.info/feed
[2025-10-06 13:09:59] - https://tumutanzi.com/feed
[2025-10-06 13:09:59] - https://geekinney.com/index.xml
[2025-10-06 13:09:59] - https://suus.me/index.xml
[2025-10-06 13:09:59] - https://yinwang1.substack.com/feed
[2025-10-06 13:09:59] - https://botanwang.com/rss.xml
[2025-10-06 13:09:59] ✘ 有 1 条订阅为空:
[2025-10-06 13:09:59] - http://feeds.feedburner.com/zhihu-daily
[2025-10-06 13:09:59] ✘ 有 1 条订阅头像字段为空, 已使用默认头像:
[2025-10-06 13:09:59] - https://feed.cnblogs.com/blog/u/66551/rss/
[2025-10-06 13:09:59] ✘ 有 7 条订阅头像无法访问, 已使用默认头像:
[2025-10-06 13:09:59] - https://www.loyhome.com/feed
[2025-10-06 13:09:59] - http://feeds.feedburner.com/ruanyifeng
[2025-10-06 13:09:59] - https://a4.zyzhang.com/index.xml
[2025-10-06 13:09:59] - https://laike9m.com/blog/rss/
[2025-10-06 13:09:59] - https://skywind.me/blog/feed
[2025-10-06 13:09:59] - https://www.douban.com/feed/review/book
[2025-10-06 13:09:59] - https://www.mrhe.net/feed
[2025-10-06 14:07:24] 抓取到的文章与现有数据相同，无需更新。
[2025-10-06 15:01:53] 本次订阅抓取结果统计:
[2025-10-06 15:01:53] 共 60 条RSS, 成功抓取 52 条.
[2025-10-06 15:01:53] ✘ 有 7 条订阅解析失败:
[2025-10-06 15:01:53] - https://tcxx.info/feed
[2025-10-06 15:01:53] - https://tumutanzi.com/feed
[2025-10-06 15:01:53] - https://geekinney.com/index.xml
[2025-10-06 15:01:53] - https://diygod.cc/feed
[2025-10-06 15:01:53] - https://suus.me/index.xml
[2025-10-06 15:01:53] - https://yinwang1.substack.com/feed
[2025-10-06 15:01:53] - https://botanwang.com/rss.xml
[2025-10-06 15:01:53] ✘ 有 1 条订阅为空:
[2025-10-06 15:01:53] - http://feeds.feedburner.com/zhihu-daily
[2025-10-06 15:01:53] ✘ 有 1 条订阅头像字段为空, 已使用默认头像:
[2025-10-06 15:01:53] - https://feed.cnblogs.com/blog/u/66551/rss/
[2025-10-06 15:01:53] ✘ 有 7 条订阅头像无法访问, 已使用默认头像:
[2025-10-06 15:01:53] - http://feeds.feedburner.com/ruanyifeng
[2025-10-06 15:01:53] - https://www.loyhome.com/feed
[2025-10-06 15:01:53] - https://a4.zyzhang.com/index.xml
[2025-10-06 15:01:53] - https://laike9m.com/blog/rss/
[2025-10-06 15:01:53] - https://skywind.me/blog/feed
[2025-10-06 15:01:53] - https://www.mrhe.net/feed
[2025-10-06 15:01:53] - https://www.douban.com/feed/review/book
[2025-10-06 16:02:09] 本次订阅抓取结果统计:
[2025-10-06 16:02:09] 共 60 条RSS, 成功抓取 52 条.
[2025-10-06 16:02:09] ✘ 有 7 条订阅解析失败:
[2025-10-06 16:02:09] - https://tumutanzi.com/feed
[2025-10-06 16:02:09] - https://tcxx.info/feed
[2025-10-06 16:02:09] - https://geekinney.com/index.xml
[2025-10-06 16:02:09] - https://diygod.cc/feed
[2025-10-06 16:02:09] - https://suus.me/index.xml
[2025-10-06 16:02:09] - https://yinwang1.substack.com/feed
[2025-10-06 16:02:09] - https://botanwang.com/rss.xml
[2025-10-06 16:02:09] ✘ 有 1 条订阅为空:
[2025-10-06 16:02:09] - http://feeds.feedburner.com/zhihu-daily
[2025-10-06 16:02:09] ✘ 有 1 条订阅头像字段为空, 已使用默认头像:
[2025-10-06 16:02:09] - https://feed.cnblogs.com/blog/u/66551/rss/
[2025-10-06 16:02:09] ✘ 有 7 条订阅头像无法访问, 已使用默认头像:
[2025-10-06 16:02:09] - http://feeds.feedburner.com/ruanyifeng
[2025-10-06 16:02:09] - https://www.loyhome.com/feed
[2025-10-06 16:02:09] - https://a4.zyzhang.com/index.xml
[2025-10-06 16:02:09] - https://skywind.me/blog/feed
[2025-10-06 16:02:09] - https://laike9m.com/blog/rss/
[2025-10-06 16:02:09] - https://www.mrhe.net/feed
[2025-10-06 16:02:09] - https://www.douban.com/feed/review/book
[2025-10-06 17:02:30] 本次订阅抓取结果统计:
[2025-10-06 17:02:30] 共 60 条RSS, 成功抓取 52 条.
[2025-10-06 17:02:30] ✘ 有 7 条订阅解析失败:
[2025-10-06 17:02:30] - https://tcxx.info/feed
[2025-10-06 17:02:30] - https://tumutanzi.com/feed
[2025-10-06 17:02:30] - https://geekinney.com/index.xml
[2025-10-06 17:02:30] - https://diygod.cc/feed
[2025-10-06 17:02:30] - https://suus.me/index.xml
[2025-10-06 17:02:30] - https://yinwang1.substack.com/feed
[2025-10-06 17:02:30] - https://botanwang.com/rss.xml
[2025-10-06 17:02:30] ✘ 有 1 条订阅为空:
[2025-10-06 17:02:30] - http://feeds.feedburner.com/zhihu-daily
[2025-10-06 17:02:30] ✘ 有 1 条订阅头像字段为空, 已使用默认头像:
[2025-10-06 17:02:30] - https://feed.cnblogs.com/blog/u/66551/rss/
[2025-10-06 17:02:30] ✘ 有 7 条订阅头像无法访问, 已使用默认头像:
[2025-10-06 17:02:30] - http://feeds.feedburner.com/ruanyifeng
[2025-10-06 17:02:30] - https://www.loyhome.com/feed
[2025-10-06 17:02:30] - https://a4.zyzhang.com/index.xml
[2025-10-06 17:02:30] - https://laike9m.com/blog/rss/
[2025-10-06 17:02:30] - https://skywind.me/blog/feed
[2025-10-06 17:02:30] - https://www.douban.com/feed/review/book
[2025-10-06 17:02:30] - https://www.mrhe.net/feed
[2025-10-06 18:01:59] 本次订阅抓取结果统计:
[2025-10-06 18:01:59] 共 60 条RSS, 成功抓取 53 条.
[2025-10-06 18:01:59] ✘ 有 6 条订阅解析失败:
[2025-10-06 18:01:59] - https://tcxx.info/feed
[2025-10-06 18:01:59] - https://tumutanzi.com/feed
[2025-10-06 18:01:59] - https://geekinney.com/index.xml
[2025-10-06 18:01:59] - https://suus.me/index.xml
[2025-10-06 18:01:59] - https://yinwang1.substack.com/feed
[2025-10-06 18:01:59] - https://botanwang.com/rss.xml
[2025-10-06 18:01:59] ✘ 有 1 条订阅为空:
[2025-10-06 18:01:59] - http://feeds.feedburner.com/zhihu-daily
[2025-10-06 18:01:59] ✘ 有 1 条订阅头像字段为空, 已使用默认头像:
[2025-10-06 18:01:59] - https://feed.cnblogs.com/blog/u/66551/rss/
[2025-10-06 18:01:59] ✘ 有 7 条订阅头像无法访问, 已使用默认头像:
[2025-10-06 18:01:59] - https://www.loyhome.com/feed
[2025-10-06 18:01:59] - http://feeds.feedburner.com/ruanyifeng
[2025-10-06 18:01:59] - https://a4.zyzhang.com/index.xml
[2025-10-06 18:01:59] - https://skywind.me/blog/feed
[2025-10-06 18:01:59] - https://laike9m.com/blog/rss/
[2025-10-06 18:01:59] - https://www.douban.com/feed/review/book
[2025-10-06 18:01:59] - https://www.mrhe.net/feed
[2025-10-06 19:02:10] 本次订阅抓取结果统计:
[2025-10-06 19:02:10] 共 60 条RSS, 成功抓取 52 条.
[2025-10-06 19:02:10] ✘ 有 7 条订阅解析失败:
[2025-10-06 19:02:10] - https://tumutanzi.com/feed
[2025-10-06 19:02:10] - https://tcxx.info/feed
[2025-10-06 19:02:10] - https://geekinney.com/index.xml
[2025-10-06 19:02:10] - https://suus.me/index.xml
[2025-10-06 19:02:10] - https://diygod.cc/feed
[2025-10-06 19:02:10] - https://yinwang1.substack.com/feed
[2025-10-06 19:02:10] - https://botanwang.com/rss.xml
[2025-10-06 19:02:10] ✘ 有 1 条订阅为空:
[2025-10-06 19:02:10] - http://feeds.feedburner.com/zhihu-daily
[2025-10-06 19:02:10] ✘ 有 1 条订阅头像字段为空, 已使用默认头像:
[2025-10-06 19:02:10] - https://feed.cnblogs.com/blog/u/66551/rss/
[2025-10-06 19:02:10] ✘ 有 7 条订阅头像无法访问, 已使用默认头像:
[2025-10-06 19:02:10] - http://feeds.feedburner.com/ruanyifeng
[2025-10-06 19:02:10] - https://www.loyhome.com/feed
[2025-10-06 19:02:10] - https://a4.zyzhang.com/index.xml
[2025-10-06 19:02:10] - https://laike9m.com/blog/rss/
[2025-10-06 19:02:10] - https://skywind.me/blog/feed
[2025-10-06 19:02:10] - https://www.douban.com/feed/review/book
[2025-10-06 19:02:10] - https://www.mrhe.net/feed
[2025-10-06 20:01:48] 本次订阅抓取结果统计:
[2025-10-06 20:01:48] 共 60 条RSS, 成功抓取 53 条.
[2025-10-06 20:01:48] ✘ 有 6 条订阅解析失败:
[2025-10-06 20:01:48] - https://tumutanzi.com/feed
[2025-10-06 20:01:48] - https://tcxx.info/feed
[2025-10-06 20:01:48] - https://geekinney.com/index.xml
[2025-10-06 20:01:48] - https://suus.me/index.xml
[2025-10-06 20:01:48] - https://yinwang1.substack.com/feed
[2025-10-06 20:01:48] - https://botanwang.com/rss.xml
[2025-10-06 20:01:48] ✘ 有 1 条订阅为空:
[2025-10-06 20:01:48] - http://feeds.feedburner.com/zhihu-daily
[2025-10-06 20:01:48] ✘ 有 1 条订阅头像字段为空, 已使用默认头像:
[2025-10-06 20:01:48] - https://feed.cnblogs.com/blog/u/66551/rss/
[2025-10-06 20:01:48] ✘ 有 7 条订阅头像无法访问, 已使用默认头像:
[2025-10-06 20:01:48] - http://feeds.feedburner.com/ruanyifeng
[2025-10-06 20:01:48] - https://www.loyhome.com/feed
[2025-10-06 20:01:48] - https://a4.zyzhang.com/index.xml
[2025-10-06 20:01:48] - https://skywind.me/blog/feed
[2025-10-06 20:01:48] - https://laike9m.com/blog/rss/
[2025-10-06 20:01:48] - https://www.douban.com/feed/review/book
[2025-10-06 20:01:48] - https://www.mrhe.net/feed
