[2025-06-21 00:04:08] 本次订阅抓取结果统计:
[2025-06-21 00:04:08] 共 45 条RSS, 成功抓取 44 条.
[2025-06-21 00:04:08] ✘ 有 1 条订阅解析失败:
[2025-06-21 00:04:08] - https://tcxx.info/feed
[2025-06-21 00:04:08] ✘ 有 3 条订阅头像无法访问, 已使用默认头像:
[2025-06-21 00:04:08] - http://feeds.feedburner.com/ruanyifeng
[2025-06-21 00:04:08] - https://www.loyhome.com/feed
[2025-06-21 00:04:08] - https://www.douban.com/feed/review/book
[2025-06-21 01:29:22] 本次订阅抓取结果统计:
[2025-06-21 01:29:22] 共 45 条RSS, 成功抓取 44 条.
[2025-06-21 01:29:22] ✘ 有 1 条订阅解析失败:
[2025-06-21 01:29:22] - https://tcxx.info/feed
[2025-06-21 01:29:22] ✘ 有 3 条订阅头像无法访问, 已使用默认头像:
[2025-06-21 01:29:22] - http://feeds.feedburner.com/ruanyifeng
[2025-06-21 01:29:22] - https://www.loyhome.com/feed
[2025-06-21 01:29:22] - https://www.douban.com/feed/review/book
[2025-06-21 02:31:14] 本次订阅抓取结果统计:
[2025-06-21 02:31:14] 共 45 条RSS, 成功抓取 44 条.
[2025-06-21 02:31:14] ✘ 有 1 条订阅解析失败:
[2025-06-21 02:31:14] - https://tcxx.info/feed
[2025-06-21 02:31:14] ✘ 有 3 条订阅头像无法访问, 已使用默认头像:
[2025-06-21 02:31:14] - http://feeds.feedburner.com/ruanyifeng
[2025-06-21 02:31:14] - https://www.loyhome.com/feed
[2025-06-21 02:31:14] - https://www.douban.com/feed/review/book
[2025-06-21 03:20:59] 本次订阅抓取结果统计:
[2025-06-21 03:20:59] 共 45 条RSS, 成功抓取 44 条.
[2025-06-21 03:20:59] ✘ 有 1 条订阅解析失败:
[2025-06-21 03:20:59] - https://tcxx.info/feed
[2025-06-21 03:20:59] ✘ 有 3 条订阅头像无法访问, 已使用默认头像:
[2025-06-21 03:20:59] - http://feeds.feedburner.com/ruanyifeng
[2025-06-21 03:20:59] - https://www.loyhome.com/feed
[2025-06-21 03:20:59] - https://www.douban.com/feed/review/book
[2025-06-21 04:03:51] 本次订阅抓取结果统计:
[2025-06-21 04:03:51] 共 45 条RSS, 成功抓取 44 条.
[2025-06-21 04:03:51] ✘ 有 1 条订阅解析失败:
[2025-06-21 04:03:51] - https://tcxx.info/feed
[2025-06-21 04:03:51] ✘ 有 3 条订阅头像无法访问, 已使用默认头像:
[2025-06-21 04:03:51] - http://feeds.feedburner.com/ruanyifeng
[2025-06-21 04:03:51] - https://www.loyhome.com/feed
[2025-06-21 04:03:51] - https://www.douban.com/feed/review/book
