[2025-03-12 01:14:30] 本次订阅抓取结果统计:
[2025-03-12 01:14:30] 共 28 条RSS, 成功抓取 26 条.
[2025-03-12 01:14:30] ✘ 有 2 条订阅解析失败:
[2025-03-12 01:14:30] - https://tcxx.info/feed
[2025-03-12 01:14:30] - https://ihaihe.cn/feed
[2025-03-12 01:14:30] ✘ 有 2 条订阅头像无法访问, 已使用默认头像:
[2025-03-12 01:14:30] - http://feeds.feedburner.com/ruanyifeng
[2025-03-12 01:14:30] - https://www.loyhome.com/feed
[2025-03-12 02:53:18] 本次订阅抓取结果统计:
[2025-03-12 02:53:18] 共 28 条RSS, 成功抓取 27 条.
[2025-03-12 02:53:18] ✘ 有 1 条订阅解析失败:
[2025-03-12 02:53:18] - https://tcxx.info/feed
[2025-03-12 02:53:18] ✘ 有 2 条订阅头像无法访问, 已使用默认头像:
[2025-03-12 02:53:18] - http://feeds.feedburner.com/ruanyifeng
[2025-03-12 02:53:18] - https://www.loyhome.com/feed
[2025-03-12 03:25:15] 本次订阅抓取结果统计:
[2025-03-12 03:25:15] 共 28 条RSS, 成功抓取 28 条.
[2025-03-12 03:25:15] ✘ 有 3 条订阅头像无法访问, 已使用默认头像:
[2025-03-12 03:25:15] - http://feeds.feedburner.com/ruanyifeng
[2025-03-12 03:25:15] - https://www.loyhome.com/feed
[2025-03-12 03:25:15] - https://tcxx.info/feed
[2025-03-12 04:19:52] 本次订阅抓取结果统计:
[2025-03-12 04:19:52] 共 28 条RSS, 成功抓取 27 条.
[2025-03-12 04:19:52] ✘ 有 1 条订阅解析失败:
[2025-03-12 04:19:52] - https://tcxx.info/feed
[2025-03-12 04:19:52] ✘ 有 2 条订阅头像无法访问, 已使用默认头像:
[2025-03-12 04:19:52] - https://www.loyhome.com/feed
[2025-03-12 04:19:52] - http://feeds.feedburner.com/ruanyifeng
[2025-03-12 05:16:09] 本次订阅抓取结果统计:
[2025-03-12 05:16:09] 共 28 条RSS, 成功抓取 28 条.
[2025-03-12 05:16:09] ✘ 有 2 条订阅头像无法访问, 已使用默认头像:
[2025-03-12 05:16:09] - http://feeds.feedburner.com/ruanyifeng
[2025-03-12 05:16:09] - https://www.loyhome.com/feed
[2025-03-12 06:23:10] 本次订阅抓取结果统计:
[2025-03-12 06:23:10] 共 28 条RSS, 成功抓取 27 条.
[2025-03-12 06:23:10] ✘ 有 1 条订阅解析失败:
[2025-03-12 06:23:10] - https://tcxx.info/feed
[2025-03-12 06:23:10] ✘ 有 2 条订阅头像无法访问, 已使用默认头像:
[2025-03-12 06:23:10] - http://feeds.feedburner.com/ruanyifeng
[2025-03-12 06:23:10] - https://www.loyhome.com/feed
[2025-03-12 07:15:51] 本次订阅抓取结果统计:
[2025-03-12 07:15:51] 共 28 条RSS, 成功抓取 27 条.
[2025-03-12 07:15:51] ✘ 有 1 条订阅解析失败:
[2025-03-12 07:15:51] - https://tcxx.info/feed
[2025-03-12 07:15:51] ✘ 有 2 条订阅头像无法访问, 已使用默认头像:
[2025-03-12 07:15:51] - http://feeds.feedburner.com/ruanyifeng
[2025-03-12 07:15:51] - https://www.loyhome.com/feed
[2025-03-12 08:21:57] 本次订阅抓取结果统计:
[2025-03-12 08:21:57] 共 28 条RSS, 成功抓取 27 条.
[2025-03-12 08:21:57] ✘ 有 1 条订阅解析失败:
[2025-03-12 08:21:57] - https://tcxx.info/feed
[2025-03-12 08:21:57] ✘ 有 2 条订阅头像无法访问, 已使用默认头像:
[2025-03-12 08:21:57] - http://feeds.feedburner.com/ruanyifeng
[2025-03-12 08:21:57] - https://www.loyhome.com/feed
[2025-03-12 09:17:45] 本次订阅抓取结果统计:
[2025-03-12 09:17:45] 共 28 条RSS, 成功抓取 27 条.
[2025-03-12 09:17:45] ✘ 有 1 条订阅解析失败:
[2025-03-12 09:17:45] - https://tcxx.info/feed
[2025-03-12 09:17:45] ✘ 有 2 条订阅头像无法访问, 已使用默认头像:
[2025-03-12 09:17:45] - http://feeds.feedburner.com/ruanyifeng
[2025-03-12 09:17:45] - https://www.loyhome.com/feed
[2025-03-12 10:17:45] 本次订阅抓取结果统计:
[2025-03-12 10:17:45] 共 28 条RSS, 成功抓取 28 条.
[2025-03-12 10:17:45] ✘ 有 2 条订阅头像无法访问, 已使用默认头像:
[2025-03-12 10:17:45] - http://feeds.feedburner.com/ruanyifeng
[2025-03-12 10:17:45] - https://www.loyhome.com/feed
