[2025-10-21 00:04:42] 抓取到的文章与现有数据相同，无需更新。
[2025-10-21 01:29:48] 本次订阅抓取结果统计:
[2025-10-21 01:29:48] 共 63 条RSS, 成功抓取 56 条.
[2025-10-21 01:29:48] ✘ 有 6 条订阅解析失败:
[2025-10-21 01:29:48] - https://tcxx.info/feed
[2025-10-21 01:29:48] - https://tumutanzi.com/feed
[2025-10-21 01:29:48] - https://geekinney.com/index.xml
[2025-10-21 01:29:48] - https://suus.me/index.xml
[2025-10-21 01:29:48] - https://yinwang1.substack.com/feed
[2025-10-21 01:29:48] - https://botanwang.com/rss.xml
[2025-10-21 01:29:48] ✘ 有 1 条订阅为空:
[2025-10-21 01:29:48] - http://feeds.feedburner.com/zhihu-daily
[2025-10-21 01:29:48] ✘ 有 1 条订阅头像字段为空, 已使用默认头像:
[2025-10-21 01:29:48] - https://feed.cnblogs.com/blog/u/66551/rss/
[2025-10-21 01:29:48] ✘ 有 3 条订阅头像无法访问, 已使用默认头像:
[2025-10-21 01:29:48] - http://feeds.feedburner.com/ruanyifeng
[2025-10-21 01:29:48] - https://skywind.me/blog/feed
[2025-10-21 01:29:48] - https://www.douban.com/feed/review/book
[2025-10-21 02:29:12] 抓取到的文章与现有数据相同，无需更新。
[2025-10-21 03:17:46] 本次订阅抓取结果统计:
[2025-10-21 03:17:46] 共 63 条RSS, 成功抓取 55 条.
[2025-10-21 03:17:46] ✘ 有 7 条订阅解析失败:
[2025-10-21 03:17:46] - https://tumutanzi.com/feed
[2025-10-21 03:17:46] - https://tcxx.info/feed
[2025-10-21 03:17:46] - https://geekinney.com/index.xml
[2025-10-21 03:17:46] - https://suus.me/index.xml
[2025-10-21 03:17:46] - https://yinwang1.substack.com/feed
[2025-10-21 03:17:46] - https://botanwang.com/rss.xml
[2025-10-21 03:17:46] - https://www.douban.com/feed/review/book
[2025-10-21 03:17:46] ✘ 有 1 条订阅为空:
[2025-10-21 03:17:46] - http://feeds.feedburner.com/zhihu-daily
[2025-10-21 03:17:46] ✘ 有 1 条订阅头像字段为空, 已使用默认头像:
[2025-10-21 03:17:46] - https://feed.cnblogs.com/blog/u/66551/rss/
[2025-10-21 03:17:46] ✘ 有 2 条订阅头像无法访问, 已使用默认头像:
[2025-10-21 03:17:46] - http://feeds.feedburner.com/ruanyifeng
[2025-10-21 03:17:46] - https://skywind.me/blog/feed
[2025-10-21 04:02:00] 本次订阅抓取结果统计:
[2025-10-21 04:02:00] 共 63 条RSS, 成功抓取 56 条.
[2025-10-21 04:02:00] ✘ 有 6 条订阅解析失败:
[2025-10-21 04:02:00] - https://tumutanzi.com/feed
[2025-10-21 04:02:00] - https://tcxx.info/feed
[2025-10-21 04:02:00] - https://geekinney.com/index.xml
[2025-10-21 04:02:00] - https://suus.me/index.xml
[2025-10-21 04:02:00] - https://yinwang1.substack.com/feed
[2025-10-21 04:02:00] - https://botanwang.com/rss.xml
[2025-10-21 04:02:00] ✘ 有 1 条订阅为空:
[2025-10-21 04:02:00] - http://feeds.feedburner.com/zhihu-daily
[2025-10-21 04:02:00] ✘ 有 1 条订阅头像字段为空, 已使用默认头像:
[2025-10-21 04:02:00] - https://feed.cnblogs.com/blog/u/66551/rss/
[2025-10-21 04:02:00] ✘ 有 3 条订阅头像无法访问, 已使用默认头像:
[2025-10-21 04:02:00] - http://feeds.feedburner.com/ruanyifeng
[2025-10-21 04:02:00] - https://skywind.me/blog/feed
[2025-10-21 04:02:00] - https://www.douban.com/feed/review/book
[2025-10-21 05:01:52] 抓取到的文章与现有数据相同，无需更新。
[2025-10-21 06:02:11] 本次订阅抓取结果统计:
[2025-10-21 06:02:11] 共 63 条RSS, 成功抓取 55 条.
[2025-10-21 06:02:11] ✘ 有 7 条订阅解析失败:
[2025-10-21 06:02:11] - https://tumutanzi.com/feed
[2025-10-21 06:02:11] - https://tcxx.info/feed
[2025-10-21 06:02:11] - https://geekinney.com/index.xml
[2025-10-21 06:02:11] - https://suus.me/index.xml
[2025-10-21 06:02:11] - https://yinwang1.substack.com/feed
[2025-10-21 06:02:11] - https://botanwang.com/rss.xml
[2025-10-21 06:02:11] - https://www.douban.com/feed/review/book
[2025-10-21 06:02:11] ✘ 有 1 条订阅为空:
[2025-10-21 06:02:11] - http://feeds.feedburner.com/zhihu-daily
[2025-10-21 06:02:11] ✘ 有 1 条订阅头像字段为空, 已使用默认头像:
[2025-10-21 06:02:11] - https://feed.cnblogs.com/blog/u/66551/rss/
[2025-10-21 06:02:11] ✘ 有 2 条订阅头像无法访问, 已使用默认头像:
[2025-10-21 06:02:11] - http://feeds.feedburner.com/ruanyifeng
[2025-10-21 06:02:11] - https://skywind.me/blog/feed
[2025-10-21 07:02:09] 本次订阅抓取结果统计:
[2025-10-21 07:02:09] 共 63 条RSS, 成功抓取 56 条.
[2025-10-21 07:02:09] ✘ 有 6 条订阅解析失败:
[2025-10-21 07:02:09] - https://tumutanzi.com/feed
[2025-10-21 07:02:09] - https://tcxx.info/feed
[2025-10-21 07:02:09] - https://geekinney.com/index.xml
[2025-10-21 07:02:09] - https://suus.me/index.xml
[2025-10-21 07:02:09] - https://yinwang1.substack.com/feed
[2025-10-21 07:02:09] - https://botanwang.com/rss.xml
[2025-10-21 07:02:09] ✘ 有 1 条订阅为空:
[2025-10-21 07:02:09] - http://feeds.feedburner.com/zhihu-daily
[2025-10-21 07:02:09] ✘ 有 1 条订阅头像字段为空, 已使用默认头像:
[2025-10-21 07:02:09] - https://feed.cnblogs.com/blog/u/66551/rss/
[2025-10-21 07:02:09] ✘ 有 3 条订阅头像无法访问, 已使用默认头像:
[2025-10-21 07:02:09] - http://feeds.feedburner.com/ruanyifeng
[2025-10-21 07:02:09] - https://skywind.me/blog/feed
[2025-10-21 07:02:09] - https://www.douban.com/feed/review/book
[2025-10-21 08:02:07] 本次订阅抓取结果统计:
[2025-10-21 08:02:07] 共 63 条RSS, 成功抓取 56 条.
[2025-10-21 08:02:07] ✘ 有 6 条订阅解析失败:
[2025-10-21 08:02:07] - https://tcxx.info/feed
[2025-10-21 08:02:07] - https://tumutanzi.com/feed
[2025-10-21 08:02:07] - https://geekinney.com/index.xml
[2025-10-21 08:02:07] - https://suus.me/index.xml
[2025-10-21 08:02:07] - https://yinwang1.substack.com/feed
[2025-10-21 08:02:07] - https://botanwang.com/rss.xml
[2025-10-21 08:02:07] ✘ 有 1 条订阅为空:
[2025-10-21 08:02:07] - http://feeds.feedburner.com/zhihu-daily
[2025-10-21 08:02:07] ✘ 有 1 条订阅头像字段为空, 已使用默认头像:
[2025-10-21 08:02:07] - https://feed.cnblogs.com/blog/u/66551/rss/
[2025-10-21 08:02:07] ✘ 有 3 条订阅头像无法访问, 已使用默认头像:
[2025-10-21 08:02:07] - http://feeds.feedburner.com/ruanyifeng
[2025-10-21 08:02:07] - https://skywind.me/blog/feed
[2025-10-21 08:02:07] - https://www.douban.com/feed/review/book
[2025-10-21 09:01:57] 抓取到的文章与现有数据相同，无需更新。
[2025-10-21 10:02:07] 本次订阅抓取结果统计:
[2025-10-21 10:02:07] 共 63 条RSS, 成功抓取 56 条.
[2025-10-21 10:02:07] ✘ 有 6 条订阅解析失败:
[2025-10-21 10:02:07] - https://tcxx.info/feed
[2025-10-21 10:02:07] - https://tumutanzi.com/feed
[2025-10-21 10:02:07] - https://geekinney.com/index.xml
[2025-10-21 10:02:07] - https://suus.me/index.xml
[2025-10-21 10:02:07] - https://yinwang1.substack.com/feed
[2025-10-21 10:02:07] - https://botanwang.com/rss.xml
[2025-10-21 10:02:07] ✘ 有 1 条订阅为空:
[2025-10-21 10:02:07] - http://feeds.feedburner.com/zhihu-daily
[2025-10-21 10:02:07] ✘ 有 1 条订阅头像字段为空, 已使用默认头像:
[2025-10-21 10:02:07] - https://feed.cnblogs.com/blog/u/66551/rss/
[2025-10-21 10:02:07] ✘ 有 4 条订阅头像无法访问, 已使用默认头像:
[2025-10-21 10:02:07] - http://feeds.feedburner.com/ruanyifeng
[2025-10-21 10:02:07] - https://skywind.me/blog/feed
[2025-10-21 10:02:07] - https://www.douban.com/feed/review/book
[2025-10-21 10:02:07] - http://www.auiou.com/feed/
[2025-10-21 11:02:16] 本次订阅抓取结果统计:
[2025-10-21 11:02:16] 共 63 条RSS, 成功抓取 55 条.
[2025-10-21 11:02:16] ✘ 有 7 条订阅解析失败:
[2025-10-21 11:02:16] - https://tcxx.info/feed
[2025-10-21 11:02:16] - https://tumutanzi.com/feed
[2025-10-21 11:02:16] - https://geekinney.com/index.xml
[2025-10-21 11:02:16] - https://suus.me/index.xml
[2025-10-21 11:02:16] - https://yinwang1.substack.com/feed
[2025-10-21 11:02:16] - https://botanwang.com/rss.xml
[2025-10-21 11:02:16] - http://weiwuhui.com/feed
[2025-10-21 11:02:16] ✘ 有 1 条订阅为空:
[2025-10-21 11:02:16] - http://feeds.feedburner.com/zhihu-daily
[2025-10-21 11:02:16] ✘ 有 1 条订阅头像字段为空, 已使用默认头像:
[2025-10-21 11:02:16] - https://feed.cnblogs.com/blog/u/66551/rss/
[2025-10-21 11:02:16] ✘ 有 3 条订阅头像无法访问, 已使用默认头像:
[2025-10-21 11:02:16] - http://feeds.feedburner.com/ruanyifeng
[2025-10-21 11:02:16] - https://skywind.me/blog/feed
[2025-10-21 11:02:16] - https://www.douban.com/feed/review/book
[2025-10-21 12:02:33] 本次订阅抓取结果统计:
[2025-10-21 12:02:33] 共 63 条RSS, 成功抓取 56 条.
[2025-10-21 12:02:33] ✘ 有 6 条订阅解析失败:
[2025-10-21 12:02:33] - https://tcxx.info/feed
[2025-10-21 12:02:33] - https://tumutanzi.com/feed
[2025-10-21 12:02:33] - https://geekinney.com/index.xml
[2025-10-21 12:02:33] - https://suus.me/index.xml
[2025-10-21 12:02:33] - https://yinwang1.substack.com/feed
[2025-10-21 12:02:33] - https://botanwang.com/rss.xml
[2025-10-21 12:02:33] ✘ 有 1 条订阅为空:
[2025-10-21 12:02:33] - http://feeds.feedburner.com/zhihu-daily
[2025-10-21 12:02:33] ✘ 有 1 条订阅头像字段为空, 已使用默认头像:
[2025-10-21 12:02:33] - https://feed.cnblogs.com/blog/u/66551/rss/
[2025-10-21 12:02:33] ✘ 有 3 条订阅头像无法访问, 已使用默认头像:
[2025-10-21 12:02:33] - http://feeds.feedburner.com/ruanyifeng
[2025-10-21 12:02:33] - https://skywind.me/blog/feed
[2025-10-21 12:02:33] - https://www.douban.com/feed/review/book
[2025-10-21 13:12:26] 本次订阅抓取结果统计:
[2025-10-21 13:12:26] 共 63 条RSS, 成功抓取 56 条.
[2025-10-21 13:12:26] ✘ 有 6 条订阅解析失败:
[2025-10-21 13:12:26] - https://tcxx.info/feed
[2025-10-21 13:12:26] - https://tumutanzi.com/feed
[2025-10-21 13:12:26] - https://geekinney.com/index.xml
[2025-10-21 13:12:26] - https://suus.me/index.xml
[2025-10-21 13:12:26] - https://yinwang1.substack.com/feed
[2025-10-21 13:12:26] - https://botanwang.com/rss.xml
[2025-10-21 13:12:26] ✘ 有 1 条订阅为空:
[2025-10-21 13:12:26] - http://feeds.feedburner.com/zhihu-daily
[2025-10-21 13:12:26] ✘ 有 1 条订阅头像字段为空, 已使用默认头像:
[2025-10-21 13:12:26] - https://feed.cnblogs.com/blog/u/66551/rss/
[2025-10-21 13:12:26] ✘ 有 3 条订阅头像无法访问, 已使用默认头像:
[2025-10-21 13:12:26] - http://feeds.feedburner.com/ruanyifeng
[2025-10-21 13:12:26] - https://skywind.me/blog/feed
[2025-10-21 13:12:26] - https://www.douban.com/feed/review/book
[2025-10-21 14:02:02] 抓取到的文章与现有数据相同，无需更新。
[2025-10-21 15:02:11] 本次订阅抓取结果统计:
[2025-10-21 15:02:11] 共 63 条RSS, 成功抓取 55 条.
[2025-10-21 15:02:11] ✘ 有 7 条订阅解析失败:
[2025-10-21 15:02:11] - https://tumutanzi.com/feed
[2025-10-21 15:02:11] - https://tcxx.info/feed
[2025-10-21 15:02:11] - https://geekinney.com/index.xml
[2025-10-21 15:02:11] - https://suus.me/index.xml
[2025-10-21 15:02:11] - https://yinwang1.substack.com/feed
[2025-10-21 15:02:11] - https://botanwang.com/rss.xml
[2025-10-21 15:02:11] - https://www.douban.com/feed/review/book
[2025-10-21 15:02:11] ✘ 有 1 条订阅为空:
[2025-10-21 15:02:11] - http://feeds.feedburner.com/zhihu-daily
[2025-10-21 15:02:11] ✘ 有 1 条订阅头像字段为空, 已使用默认头像:
[2025-10-21 15:02:11] - https://feed.cnblogs.com/blog/u/66551/rss/
[2025-10-21 15:02:11] ✘ 有 2 条订阅头像无法访问, 已使用默认头像:
[2025-10-21 15:02:11] - http://feeds.feedburner.com/ruanyifeng
[2025-10-21 15:02:11] - https://skywind.me/blog/feed
[2025-10-21 16:02:24] 本次订阅抓取结果统计:
[2025-10-21 16:02:24] 共 63 条RSS, 成功抓取 56 条.
[2025-10-21 16:02:24] ✘ 有 6 条订阅解析失败:
[2025-10-21 16:02:24] - https://tcxx.info/feed
[2025-10-21 16:02:24] - https://tumutanzi.com/feed
[2025-10-21 16:02:24] - https://geekinney.com/index.xml
[2025-10-21 16:02:24] - https://suus.me/index.xml
[2025-10-21 16:02:24] - https://yinwang1.substack.com/feed
[2025-10-21 16:02:24] - https://botanwang.com/rss.xml
[2025-10-21 16:02:24] ✘ 有 1 条订阅为空:
[2025-10-21 16:02:24] - http://feeds.feedburner.com/zhihu-daily
[2025-10-21 16:02:24] ✘ 有 1 条订阅头像字段为空, 已使用默认头像:
[2025-10-21 16:02:24] - https://feed.cnblogs.com/blog/u/66551/rss/
[2025-10-21 16:02:24] ✘ 有 3 条订阅头像无法访问, 已使用默认头像:
[2025-10-21 16:02:24] - http://feeds.feedburner.com/ruanyifeng
[2025-10-21 16:02:24] - https://skywind.me/blog/feed
[2025-10-21 16:02:24] - https://www.douban.com/feed/review/book
[2025-10-21 17:05:46] 本次订阅抓取结果统计:
[2025-10-21 17:05:46] 共 63 条RSS, 成功抓取 55 条.
[2025-10-21 17:05:46] ✘ 有 7 条订阅解析失败:
[2025-10-21 17:05:46] - https://tcxx.info/feed
[2025-10-21 17:05:46] - https://tumutanzi.com/feed
[2025-10-21 17:05:46] - https://geekinney.com/index.xml
[2025-10-21 17:05:46] - https://suus.me/index.xml
[2025-10-21 17:05:46] - https://yinwang1.substack.com/feed
[2025-10-21 17:05:46] - https://botanwang.com/rss.xml
[2025-10-21 17:05:46] - https://www.douban.com/feed/review/book
[2025-10-21 17:05:46] ✘ 有 1 条订阅为空:
[2025-10-21 17:05:46] - http://feeds.feedburner.com/zhihu-daily
[2025-10-21 17:05:46] ✘ 有 1 条订阅头像字段为空, 已使用默认头像:
[2025-10-21 17:05:46] - https://feed.cnblogs.com/blog/u/66551/rss/
[2025-10-21 17:05:46] ✘ 有 2 条订阅头像无法访问, 已使用默认头像:
[2025-10-21 17:05:46] - http://feeds.feedburner.com/ruanyifeng
[2025-10-21 17:05:46] - https://skywind.me/blog/feed
