[2025-08-16 00:04:13] 本次订阅抓取结果统计:
[2025-08-16 00:04:13] 共 55 条RSS, 成功抓取 50 条.
[2025-08-16 00:04:13] ✘ 有 5 条订阅解析失败:
[2025-08-16 00:04:13] - https://tumutanzi.com/feed
[2025-08-16 00:04:13] - https://tcxx.info/feed
[2025-08-16 00:04:13] - https://yinwang1.substack.com/feed
[2025-08-16 00:04:13] - https://botanwang.com/rss.xml
[2025-08-16 00:04:13] - https://www.douban.com/feed/review/book
[2025-08-16 00:04:13] ✘ 有 1 条订阅头像字段为空, 已使用默认头像:
[2025-08-16 00:04:13] - https://feed.cnblogs.com/blog/u/66551/rss/
[2025-08-16 00:04:13] ✘ 有 6 条订阅头像无法访问, 已使用默认头像:
[2025-08-16 00:04:13] - http://feeds.feedburner.com/ruanyifeng
[2025-08-16 00:04:13] - https://www.loyhome.com/feed
[2025-08-16 00:04:13] - https://a4.zyzhang.com/index.xml
[2025-08-16 00:04:13] - https://www.geedea.pro/index.xml
[2025-08-16 00:04:13] - https://skywind.me/blog/feed
[2025-08-16 00:04:13] - https://feeds.appinn.com/appinns/
[2025-08-16 01:29:27] 本次订阅抓取结果统计:
[2025-08-16 01:29:27] 共 55 条RSS, 成功抓取 51 条.
[2025-08-16 01:29:27] ✘ 有 4 条订阅解析失败:
[2025-08-16 01:29:27] - https://tcxx.info/feed
[2025-08-16 01:29:27] - https://tumutanzi.com/feed
[2025-08-16 01:29:27] - https://yinwang1.substack.com/feed
[2025-08-16 01:29:27] - https://botanwang.com/rss.xml
[2025-08-16 01:29:27] ✘ 有 1 条订阅头像字段为空, 已使用默认头像:
[2025-08-16 01:29:27] - https://feed.cnblogs.com/blog/u/66551/rss/
[2025-08-16 01:29:27] ✘ 有 7 条订阅头像无法访问, 已使用默认头像:
[2025-08-16 01:29:27] - http://feeds.feedburner.com/ruanyifeng
[2025-08-16 01:29:27] - https://www.loyhome.com/feed
[2025-08-16 01:29:27] - https://a4.zyzhang.com/index.xml
[2025-08-16 01:29:27] - https://www.geedea.pro/index.xml
[2025-08-16 01:29:27] - https://skywind.me/blog/feed
[2025-08-16 01:29:27] - https://www.douban.com/feed/review/book
[2025-08-16 01:29:27] - https://feeds.appinn.com/appinns/
[2025-08-16 02:31:04] 抓取到的文章与现有数据相同，无需更新。
[2025-08-16 03:22:41] 抓取到的文章与现有数据相同，无需更新。
[2025-08-16 04:04:15] 本次订阅抓取结果统计:
[2025-08-16 04:04:15] 共 55 条RSS, 成功抓取 51 条.
[2025-08-16 04:04:15] ✘ 有 4 条订阅解析失败:
[2025-08-16 04:04:15] - https://tumutanzi.com/feed
[2025-08-16 04:04:15] - https://tcxx.info/feed
[2025-08-16 04:04:15] - https://yinwang1.substack.com/feed
[2025-08-16 04:04:15] - https://botanwang.com/rss.xml
[2025-08-16 04:04:15] ✘ 有 1 条订阅头像字段为空, 已使用默认头像:
[2025-08-16 04:04:15] - https://feed.cnblogs.com/blog/u/66551/rss/
[2025-08-16 04:04:15] ✘ 有 6 条订阅头像无法访问, 已使用默认头像:
[2025-08-16 04:04:15] - http://feeds.feedburner.com/ruanyifeng
[2025-08-16 04:04:15] - https://www.loyhome.com/feed
[2025-08-16 04:04:15] - https://a4.zyzhang.com/index.xml
[2025-08-16 04:04:15] - https://www.geedea.pro/index.xml
[2025-08-16 04:04:15] - https://skywind.me/blog/feed
[2025-08-16 04:04:15] - https://www.douban.com/feed/review/book
