[2025-06-28 00:03:57] 本次订阅抓取结果统计:
[2025-06-28 00:03:57] 共 45 条RSS, 成功抓取 44 条.
[2025-06-28 00:03:57] ✘ 有 1 条订阅解析失败:
[2025-06-28 00:03:57] - https://tcxx.info/feed
[2025-06-28 00:03:57] ✘ 有 4 条订阅头像无法访问, 已使用默认头像:
[2025-06-28 00:03:57] - http://feeds.feedburner.com/ruanyifeng
[2025-06-28 00:03:57] - https://www.loyhome.com/feed
[2025-06-28 00:03:57] - https://www.douban.com/feed/review/book
[2025-06-28 00:03:57] - https://feeds.appinn.com/appinns/
[2025-06-28 01:29:22] 本次订阅抓取结果统计:
[2025-06-28 01:29:22] 共 45 条RSS, 成功抓取 44 条.
[2025-06-28 01:29:22] ✘ 有 1 条订阅解析失败:
[2025-06-28 01:29:22] - https://tcxx.info/feed
[2025-06-28 01:29:22] ✘ 有 4 条订阅头像无法访问, 已使用默认头像:
[2025-06-28 01:29:22] - http://feeds.feedburner.com/ruanyifeng
[2025-06-28 01:29:22] - https://www.loyhome.com/feed
[2025-06-28 01:29:22] - https://www.douban.com/feed/review/book
[2025-06-28 01:29:22] - https://feeds.appinn.com/appinns/
[2025-06-28 02:31:06] 本次订阅抓取结果统计:
[2025-06-28 02:31:06] 共 45 条RSS, 成功抓取 44 条.
[2025-06-28 02:31:06] ✘ 有 1 条订阅解析失败:
[2025-06-28 02:31:06] - https://tcxx.info/feed
[2025-06-28 02:31:06] ✘ 有 4 条订阅头像无法访问, 已使用默认头像:
[2025-06-28 02:31:06] - http://feeds.feedburner.com/ruanyifeng
[2025-06-28 02:31:06] - https://www.loyhome.com/feed
[2025-06-28 02:31:06] - https://www.douban.com/feed/review/book
[2025-06-28 02:31:06] - https://feeds.appinn.com/appinns/
[2025-06-28 03:21:32] 本次订阅抓取结果统计:
[2025-06-28 03:21:32] 共 45 条RSS, 成功抓取 43 条.
[2025-06-28 03:21:32] ✘ 有 2 条订阅解析失败:
[2025-06-28 03:21:32] - https://tcxx.info/feed
[2025-06-28 03:21:32] - https://www.douban.com/feed/review/book
[2025-06-28 03:21:32] ✘ 有 3 条订阅头像无法访问, 已使用默认头像:
[2025-06-28 03:21:32] - http://feeds.feedburner.com/ruanyifeng
[2025-06-28 03:21:32] - https://www.loyhome.com/feed
[2025-06-28 03:21:32] - https://feeds.appinn.com/appinns/
[2025-06-28 04:03:24] 本次订阅抓取结果统计:
[2025-06-28 04:03:24] 共 45 条RSS, 成功抓取 44 条.
[2025-06-28 04:03:24] ✘ 有 1 条订阅解析失败:
[2025-06-28 04:03:24] - https://tcxx.info/feed
[2025-06-28 04:03:24] ✘ 有 3 条订阅头像无法访问, 已使用默认头像:
[2025-06-28 04:03:24] - http://feeds.feedburner.com/ruanyifeng
[2025-06-28 04:03:24] - https://www.loyhome.com/feed
[2025-06-28 04:03:24] - https://www.douban.com/feed/review/book
[2025-06-28 05:01:36] 本次订阅抓取结果统计:
[2025-06-28 05:01:36] 共 45 条RSS, 成功抓取 44 条.
[2025-06-28 05:01:36] ✘ 有 1 条订阅解析失败:
[2025-06-28 05:01:36] - https://tcxx.info/feed
[2025-06-28 05:01:36] ✘ 有 4 条订阅头像无法访问, 已使用默认头像:
[2025-06-28 05:01:36] - http://feeds.feedburner.com/ruanyifeng
[2025-06-28 05:01:36] - https://www.loyhome.com/feed
[2025-06-28 05:01:36] - https://xyzbz.cn/feed
[2025-06-28 05:01:36] - https://www.douban.com/feed/review/book
[2025-06-28 06:02:10] 本次订阅抓取结果统计:
[2025-06-28 06:02:10] 共 45 条RSS, 成功抓取 43 条.
[2025-06-28 06:02:10] ✘ 有 2 条订阅解析失败:
[2025-06-28 06:02:10] - https://tcxx.info/feed
[2025-06-28 06:02:10] - https://www.douban.com/feed/review/book
[2025-06-28 06:02:10] ✘ 有 2 条订阅头像无法访问, 已使用默认头像:
[2025-06-28 06:02:10] - https://www.loyhome.com/feed
[2025-06-28 06:02:10] - http://feeds.feedburner.com/ruanyifeng
[2025-06-28 07:01:33] 本次订阅抓取结果统计:
[2025-06-28 07:01:33] 共 45 条RSS, 成功抓取 44 条.
[2025-06-28 07:01:33] ✘ 有 1 条订阅解析失败:
[2025-06-28 07:01:33] - https://tcxx.info/feed
[2025-06-28 07:01:33] ✘ 有 3 条订阅头像无法访问, 已使用默认头像:
[2025-06-28 07:01:33] - http://feeds.feedburner.com/ruanyifeng
[2025-06-28 07:01:33] - https://www.loyhome.com/feed
[2025-06-28 07:01:33] - https://www.douban.com/feed/review/book
[2025-06-28 08:01:52] 本次订阅抓取结果统计:
[2025-06-28 08:01:52] 共 45 条RSS, 成功抓取 44 条.
[2025-06-28 08:01:52] ✘ 有 1 条订阅解析失败:
[2025-06-28 08:01:52] - https://tcxx.info/feed
[2025-06-28 08:01:52] ✘ 有 3 条订阅头像无法访问, 已使用默认头像:
[2025-06-28 08:01:52] - http://feeds.feedburner.com/ruanyifeng
[2025-06-28 08:01:52] - https://www.loyhome.com/feed
[2025-06-28 08:01:52] - https://www.douban.com/feed/review/book
[2025-06-28 09:02:05] 本次订阅抓取结果统计:
[2025-06-28 09:02:05] 共 45 条RSS, 成功抓取 44 条.
[2025-06-28 09:02:05] ✘ 有 1 条订阅解析失败:
[2025-06-28 09:02:05] - https://tcxx.info/feed
[2025-06-28 09:02:05] ✘ 有 3 条订阅头像无法访问, 已使用默认头像:
[2025-06-28 09:02:05] - http://feeds.feedburner.com/ruanyifeng
[2025-06-28 09:02:05] - https://www.loyhome.com/feed
[2025-06-28 09:02:05] - https://www.douban.com/feed/review/book
[2025-06-28 10:01:34] 本次订阅抓取结果统计:
[2025-06-28 10:01:34] 共 45 条RSS, 成功抓取 44 条.
[2025-06-28 10:01:34] ✘ 有 1 条订阅解析失败:
[2025-06-28 10:01:34] - https://tcxx.info/feed
[2025-06-28 10:01:34] ✘ 有 4 条订阅头像无法访问, 已使用默认头像:
[2025-06-28 10:01:34] - http://feeds.feedburner.com/ruanyifeng
[2025-06-28 10:01:34] - https://www.loyhome.com/feed
[2025-06-28 10:01:34] - https://www.douban.com/feed/review/book
[2025-06-28 10:01:34] - https://feeds.appinn.com/appinns/
[2025-06-28 11:01:54] 本次订阅抓取结果统计:
[2025-06-28 11:01:54] 共 45 条RSS, 成功抓取 44 条.
[2025-06-28 11:01:54] ✘ 有 1 条订阅解析失败:
[2025-06-28 11:01:54] - https://tcxx.info/feed
[2025-06-28 11:01:54] ✘ 有 4 条订阅头像无法访问, 已使用默认头像:
[2025-06-28 11:01:54] - http://feeds.feedburner.com/ruanyifeng
[2025-06-28 11:01:54] - https://www.loyhome.com/feed
[2025-06-28 11:01:54] - https://www.douban.com/feed/review/book
[2025-06-28 11:01:54] - https://feeds.appinn.com/appinns/
[2025-06-28 12:02:06] 本次订阅抓取结果统计:
[2025-06-28 12:02:06] 共 45 条RSS, 成功抓取 44 条.
[2025-06-28 12:02:06] ✘ 有 1 条订阅解析失败:
[2025-06-28 12:02:06] - https://tcxx.info/feed
[2025-06-28 12:02:06] ✘ 有 3 条订阅头像无法访问, 已使用默认头像:
[2025-06-28 12:02:06] - http://feeds.feedburner.com/ruanyifeng
[2025-06-28 12:02:06] - https://www.loyhome.com/feed
[2025-06-28 12:02:06] - https://www.douban.com/feed/review/book
[2025-06-28 13:08:25] 本次订阅抓取结果统计:
[2025-06-28 13:08:25] 共 45 条RSS, 成功抓取 44 条.
[2025-06-28 13:08:25] ✘ 有 1 条订阅解析失败:
[2025-06-28 13:08:25] - https://tcxx.info/feed
[2025-06-28 13:08:25] ✘ 有 4 条订阅头像无法访问, 已使用默认头像:
[2025-06-28 13:08:25] - http://feeds.feedburner.com/ruanyifeng
[2025-06-28 13:08:25] - https://www.loyhome.com/feed
[2025-06-28 13:08:25] - https://www.douban.com/feed/review/book
[2025-06-28 13:08:25] - https://feeds.appinn.com/appinns/
[2025-06-28 14:01:39] 本次订阅抓取结果统计:
[2025-06-28 14:01:39] 共 45 条RSS, 成功抓取 44 条.
[2025-06-28 14:01:39] ✘ 有 1 条订阅解析失败:
[2025-06-28 14:01:39] - https://tcxx.info/feed
[2025-06-28 14:01:39] ✘ 有 4 条订阅头像无法访问, 已使用默认头像:
[2025-06-28 14:01:39] - http://feeds.feedburner.com/ruanyifeng
[2025-06-28 14:01:39] - https://www.loyhome.com/feed
[2025-06-28 14:01:39] - https://www.douban.com/feed/review/book
[2025-06-28 14:01:39] - https://feeds.appinn.com/appinns/
[2025-06-28 15:01:50] 本次订阅抓取结果统计:
[2025-06-28 15:01:50] 共 45 条RSS, 成功抓取 44 条.
[2025-06-28 15:01:50] ✘ 有 1 条订阅解析失败:
[2025-06-28 15:01:50] - https://tcxx.info/feed
[2025-06-28 15:01:50] ✘ 有 4 条订阅头像无法访问, 已使用默认头像:
[2025-06-28 15:01:50] - http://feeds.feedburner.com/ruanyifeng
[2025-06-28 15:01:50] - https://www.loyhome.com/feed
[2025-06-28 15:01:50] - https://www.douban.com/feed/review/book
[2025-06-28 15:01:50] - https://feeds.appinn.com/appinns/
[2025-06-28 16:01:54] 本次订阅抓取结果统计:
[2025-06-28 16:01:54] 共 45 条RSS, 成功抓取 44 条.
[2025-06-28 16:01:54] ✘ 有 1 条订阅解析失败:
[2025-06-28 16:01:54] - https://tcxx.info/feed
[2025-06-28 16:01:54] ✘ 有 4 条订阅头像无法访问, 已使用默认头像:
[2025-06-28 16:01:54] - http://feeds.feedburner.com/ruanyifeng
[2025-06-28 16:01:54] - https://www.loyhome.com/feed
[2025-06-28 16:01:54] - https://www.douban.com/feed/review/book
[2025-06-28 16:01:54] - https://feeds.appinn.com/appinns/
[2025-06-28 17:01:38] 本次订阅抓取结果统计:
[2025-06-28 17:01:38] 共 45 条RSS, 成功抓取 44 条.
[2025-06-28 17:01:38] ✘ 有 1 条订阅解析失败:
[2025-06-28 17:01:38] - https://tcxx.info/feed
[2025-06-28 17:01:38] ✘ 有 5 条订阅头像无法访问, 已使用默认头像:
[2025-06-28 17:01:38] - http://feeds.feedburner.com/ruanyifeng
[2025-06-28 17:01:38] - https://www.loyhome.com/feed
[2025-06-28 17:01:38] - https://xyzbz.cn/feed
[2025-06-28 17:01:38] - https://www.douban.com/feed/review/book
[2025-06-28 17:01:38] - https://feeds.appinn.com/appinns/
[2025-06-28 18:02:11] 本次订阅抓取结果统计:
[2025-06-28 18:02:11] 共 45 条RSS, 成功抓取 44 条.
[2025-06-28 18:02:11] ✘ 有 1 条订阅解析失败:
[2025-06-28 18:02:11] - https://tcxx.info/feed
[2025-06-28 18:02:11] ✘ 有 3 条订阅头像无法访问, 已使用默认头像:
[2025-06-28 18:02:11] - http://feeds.feedburner.com/ruanyifeng
[2025-06-28 18:02:11] - https://www.loyhome.com/feed
[2025-06-28 18:02:11] - https://www.douban.com/feed/review/book
[2025-06-28 19:01:39] 本次订阅抓取结果统计:
[2025-06-28 19:01:39] 共 45 条RSS, 成功抓取 44 条.
[2025-06-28 19:01:39] ✘ 有 1 条订阅解析失败:
[2025-06-28 19:01:39] - https://tcxx.info/feed
[2025-06-28 19:01:39] ✘ 有 4 条订阅头像无法访问, 已使用默认头像:
[2025-06-28 19:01:39] - http://feeds.feedburner.com/ruanyifeng
[2025-06-28 19:01:39] - https://www.loyhome.com/feed
[2025-06-28 19:01:39] - https://feeds.appinn.com/appinns/
[2025-06-28 19:01:39] - https://www.douban.com/feed/review/book
[2025-06-28 20:01:57] 本次订阅抓取结果统计:
[2025-06-28 20:01:57] 共 45 条RSS, 成功抓取 44 条.
[2025-06-28 20:01:57] ✘ 有 1 条订阅解析失败:
[2025-06-28 20:01:57] - https://tcxx.info/feed
[2025-06-28 20:01:57] ✘ 有 4 条订阅头像无法访问, 已使用默认头像:
[2025-06-28 20:01:57] - http://feeds.feedburner.com/ruanyifeng
[2025-06-28 20:01:57] - https://www.loyhome.com/feed
[2025-06-28 20:01:57] - https://www.douban.com/feed/review/book
[2025-06-28 20:01:57] - https://feeds.appinn.com/appinns/
[2025-06-28 21:01:28] 本次订阅抓取结果统计:
[2025-06-28 21:01:28] 共 45 条RSS, 成功抓取 44 条.
[2025-06-28 21:01:28] ✘ 有 1 条订阅解析失败:
[2025-06-28 21:01:28] - https://tcxx.info/feed
[2025-06-28 21:01:28] ✘ 有 3 条订阅头像无法访问, 已使用默认头像:
[2025-06-28 21:01:28] - http://feeds.feedburner.com/ruanyifeng
[2025-06-28 21:01:28] - https://www.loyhome.com/feed
[2025-06-28 21:01:28] - https://www.douban.com/feed/review/book
[2025-06-28 22:01:40] 抓取到的文章与现有数据相同，无需更新。
