[2025-07-07 00:05:01] 本次订阅抓取结果统计:
[2025-07-07 00:05:01] 共 48 条RSS, 成功抓取 46 条.
[2025-07-07 00:05:01] ✘ 有 1 条订阅解析失败:
[2025-07-07 00:05:01] - https://tcxx.info/feed
[2025-07-07 00:05:01] ✘ 有 1 条订阅为空:
[2025-07-07 00:05:01] - https://diygod.cc/feed
[2025-07-07 00:05:01] ✘ 有 5 条订阅头像无法访问, 已使用默认头像:
[2025-07-07 00:05:01] - http://feeds.feedburner.com/ruanyifeng
[2025-07-07 00:05:01] - https://www.loyhome.com/feed
[2025-07-07 00:05:01] - https://a4.zyzhang.com/index.xml
[2025-07-07 00:05:01] - https://www.douban.com/feed/review/book
[2025-07-07 00:05:01] - https://feeds.appinn.com/appinns/
[2025-07-07 01:29:46] 本次订阅抓取结果统计:
[2025-07-07 01:29:46] 共 48 条RSS, 成功抓取 47 条.
[2025-07-07 01:29:46] ✘ 有 1 条订阅解析失败:
[2025-07-07 01:29:46] - https://tcxx.info/feed
[2025-07-07 01:29:46] ✘ 有 4 条订阅头像无法访问, 已使用默认头像:
[2025-07-07 01:29:46] - http://feeds.feedburner.com/ruanyifeng
[2025-07-07 01:29:46] - https://www.loyhome.com/feed
[2025-07-07 01:29:46] - https://a4.zyzhang.com/index.xml
[2025-07-07 01:29:46] - https://www.douban.com/feed/review/book
[2025-07-07 02:36:37] 本次订阅抓取结果统计:
[2025-07-07 02:36:37] 共 48 条RSS, 成功抓取 47 条.
[2025-07-07 02:36:37] ✘ 有 1 条订阅解析失败:
[2025-07-07 02:36:37] - https://tcxx.info/feed
[2025-07-07 02:36:37] ✘ 有 5 条订阅头像无法访问, 已使用默认头像:
[2025-07-07 02:36:37] - http://feeds.feedburner.com/ruanyifeng
[2025-07-07 02:36:37] - https://www.loyhome.com/feed
[2025-07-07 02:36:37] - https://a4.zyzhang.com/index.xml
[2025-07-07 02:36:37] - https://www.douban.com/feed/review/book
[2025-07-07 02:36:37] - https://feeds.appinn.com/appinns/
[2025-07-07 03:28:14] 本次订阅抓取结果统计:
[2025-07-07 03:28:14] 共 48 条RSS, 成功抓取 47 条.
[2025-07-07 03:28:14] ✘ 有 1 条订阅解析失败:
[2025-07-07 03:28:14] - https://tcxx.info/feed
[2025-07-07 03:28:14] ✘ 有 4 条订阅头像无法访问, 已使用默认头像:
[2025-07-07 03:28:14] - http://feeds.feedburner.com/ruanyifeng
[2025-07-07 03:28:14] - https://www.loyhome.com/feed
[2025-07-07 03:28:14] - https://a4.zyzhang.com/index.xml
[2025-07-07 03:28:14] - https://www.douban.com/feed/review/book
[2025-07-07 04:11:07] 本次订阅抓取结果统计:
[2025-07-07 04:11:07] 共 48 条RSS, 成功抓取 47 条.
[2025-07-07 04:11:07] ✘ 有 1 条订阅解析失败:
[2025-07-07 04:11:07] - https://tcxx.info/feed
[2025-07-07 04:11:07] ✘ 有 4 条订阅头像无法访问, 已使用默认头像:
[2025-07-07 04:11:07] - http://feeds.feedburner.com/ruanyifeng
[2025-07-07 04:11:07] - https://www.loyhome.com/feed
[2025-07-07 04:11:07] - https://a4.zyzhang.com/index.xml
[2025-07-07 04:11:07] - https://www.douban.com/feed/review/book
[2025-07-07 05:03:43] 本次订阅抓取结果统计:
[2025-07-07 05:03:43] 共 48 条RSS, 成功抓取 47 条.
[2025-07-07 05:03:43] ✘ 有 1 条订阅解析失败:
[2025-07-07 05:03:43] - https://tcxx.info/feed
[2025-07-07 05:03:43] ✘ 有 5 条订阅头像无法访问, 已使用默认头像:
[2025-07-07 05:03:43] - http://feeds.feedburner.com/ruanyifeng
[2025-07-07 05:03:43] - https://www.loyhome.com/feed
[2025-07-07 05:03:43] - https://a4.zyzhang.com/index.xml
[2025-07-07 05:03:43] - https://feeds.appinn.com/appinns/
[2025-07-07 05:03:43] - https://www.douban.com/feed/review/book
[2025-07-07 06:02:03] 本次订阅抓取结果统计:
[2025-07-07 06:02:03] 共 48 条RSS, 成功抓取 47 条.
[2025-07-07 06:02:03] ✘ 有 1 条订阅解析失败:
[2025-07-07 06:02:03] - https://tcxx.info/feed
[2025-07-07 06:02:03] ✘ 有 5 条订阅头像无法访问, 已使用默认头像:
[2025-07-07 06:02:03] - http://feeds.feedburner.com/ruanyifeng
[2025-07-07 06:02:03] - https://www.loyhome.com/feed
[2025-07-07 06:02:03] - https://a4.zyzhang.com/index.xml
[2025-07-07 06:02:03] - https://www.douban.com/feed/review/book
[2025-07-07 06:02:03] - https://feeds.appinn.com/appinns/
[2025-07-07 07:02:45] 本次订阅抓取结果统计:
[2025-07-07 07:02:45] 共 48 条RSS, 成功抓取 47 条.
[2025-07-07 07:02:45] ✘ 有 1 条订阅解析失败:
[2025-07-07 07:02:45] - https://tcxx.info/feed
[2025-07-07 07:02:45] ✘ 有 5 条订阅头像无法访问, 已使用默认头像:
[2025-07-07 07:02:45] - https://www.loyhome.com/feed
[2025-07-07 07:02:45] - http://feeds.feedburner.com/ruanyifeng
[2025-07-07 07:02:45] - https://a4.zyzhang.com/index.xml
[2025-07-07 07:02:45] - https://www.douban.com/feed/review/book
[2025-07-07 07:02:45] - https://feeds.appinn.com/appinns/
[2025-07-07 08:02:27] 本次订阅抓取结果统计:
[2025-07-07 08:02:27] 共 48 条RSS, 成功抓取 47 条.
[2025-07-07 08:02:27] ✘ 有 1 条订阅解析失败:
[2025-07-07 08:02:27] - https://tcxx.info/feed
[2025-07-07 08:02:27] ✘ 有 4 条订阅头像无法访问, 已使用默认头像:
[2025-07-07 08:02:27] - http://feeds.feedburner.com/ruanyifeng
[2025-07-07 08:02:27] - https://www.loyhome.com/feed
[2025-07-07 08:02:27] - https://a4.zyzhang.com/index.xml
[2025-07-07 08:02:27] - https://www.douban.com/feed/review/book
