[2025-11-21 00:04:38] 本次订阅抓取结果统计:
[2025-11-21 00:04:38] 共 60 条RSS, 成功抓取 54 条.
[2025-11-21 00:04:38] ✘ 有 5 条订阅解析失败:
[2025-11-21 00:04:38] - https://tumutanzi.com/feed
[2025-11-21 00:04:38] - https://tcxx.info/feed
[2025-11-21 00:04:38] - https://geekinney.com/index.xml
[2025-11-21 00:04:38] - https://suus.me/atom.xml
[2025-11-21 00:04:38] - https://botanwang.com/rss.xml
[2025-11-21 00:04:38] ✘ 有 1 条订阅为空:
[2025-11-21 00:04:38] - http://feeds.feedburner.com/zhihu-daily
[2025-11-21 00:04:38] ✘ 有 1 条订阅头像字段为空, 已使用默认头像:
[2025-11-21 00:04:38] - https://feed.cnblogs.com/blog/u/66551/rss/
[2025-11-21 00:04:38] ✘ 有 3 条订阅头像无法访问, 已使用默认头像:
[2025-11-21 00:04:38] - https://wangpei.net/comments/feed/
[2025-11-21 00:04:38] - http://feeds.feedburner.com/ruanyifeng
[2025-11-21 00:04:38] - https://skywind.me/blog/feed
[2025-11-21 01:29:24] 抓取到的文章与现有数据相同，无需更新。
[2025-11-21 02:30:35] 本次订阅抓取结果统计:
[2025-11-21 02:30:35] 共 60 条RSS, 成功抓取 53 条.
[2025-11-21 02:30:35] ✘ 有 6 条订阅解析失败:
[2025-11-21 02:30:35] - https://tumutanzi.com/feed
[2025-11-21 02:30:35] - https://tcxx.info/feed
[2025-11-21 02:30:35] - https://geekinney.com/index.xml
[2025-11-21 02:30:35] - https://suus.me/atom.xml
[2025-11-21 02:30:35] - https://botanwang.com/rss.xml
[2025-11-21 02:30:35] - http://www.auiou.com/feed/
[2025-11-21 02:30:35] ✘ 有 1 条订阅为空:
[2025-11-21 02:30:35] - http://feeds.feedburner.com/zhihu-daily
[2025-11-21 02:30:35] ✘ 有 1 条订阅头像字段为空, 已使用默认头像:
[2025-11-21 02:30:35] - https://feed.cnblogs.com/blog/u/66551/rss/
[2025-11-21 02:30:35] ✘ 有 3 条订阅头像无法访问, 已使用默认头像:
[2025-11-21 02:30:35] - http://feeds.feedburner.com/ruanyifeng
[2025-11-21 02:30:35] - https://wangpei.net/comments/feed/
[2025-11-21 02:30:35] - https://skywind.me/blog/feed
[2025-11-21 03:20:37] 本次订阅抓取结果统计:
[2025-11-21 03:20:37] 共 60 条RSS, 成功抓取 54 条.
[2025-11-21 03:20:37] ✘ 有 5 条订阅解析失败:
[2025-11-21 03:20:37] - https://tumutanzi.com/feed
[2025-11-21 03:20:37] - https://tcxx.info/feed
[2025-11-21 03:20:37] - https://geekinney.com/index.xml
[2025-11-21 03:20:37] - https://suus.me/atom.xml
[2025-11-21 03:20:37] - https://botanwang.com/rss.xml
[2025-11-21 03:20:37] ✘ 有 1 条订阅为空:
[2025-11-21 03:20:37] - http://feeds.feedburner.com/zhihu-daily
[2025-11-21 03:20:37] ✘ 有 1 条订阅头像字段为空, 已使用默认头像:
[2025-11-21 03:20:37] - https://feed.cnblogs.com/blog/u/66551/rss/
[2025-11-21 03:20:37] ✘ 有 3 条订阅头像无法访问, 已使用默认头像:
[2025-11-21 03:20:37] - http://feeds.feedburner.com/ruanyifeng
[2025-11-21 03:20:37] - https://wangpei.net/comments/feed/
[2025-11-21 03:20:37] - https://skywind.me/blog/feed
[2025-11-21 04:02:23] 抓取到的文章与现有数据相同，无需更新。
[2025-11-21 05:01:46] 抓取到的文章与现有数据相同，无需更新。
