[2025-08-18 00:04:52] 抓取到的文章与现有数据相同，无需更新。
[2025-08-18 01:30:34] 本次订阅抓取结果统计:
[2025-08-18 01:30:34] 共 55 条RSS, 成功抓取 50 条.
[2025-08-18 01:30:34] ✘ 有 5 条订阅解析失败:
[2025-08-18 01:30:34] - https://tcxx.info/feed
[2025-08-18 01:30:34] - https://tumutanzi.com/feed
[2025-08-18 01:30:34] - https://yinwang1.substack.com/feed
[2025-08-18 01:30:34] - https://botanwang.com/rss.xml
[2025-08-18 01:30:34] - https://www.douban.com/feed/review/book
[2025-08-18 01:30:34] ✘ 有 1 条订阅头像字段为空, 已使用默认头像:
[2025-08-18 01:30:34] - https://feed.cnblogs.com/blog/u/66551/rss/
[2025-08-18 01:30:34] ✘ 有 6 条订阅头像无法访问, 已使用默认头像:
[2025-08-18 01:30:34] - https://www.loyhome.com/feed
[2025-08-18 01:30:34] - http://feeds.feedburner.com/ruanyifeng
[2025-08-18 01:30:34] - https://a4.zyzhang.com/index.xml
[2025-08-18 01:30:34] - https://www.geedea.pro/index.xml
[2025-08-18 01:30:34] - https://skywind.me/blog/feed
[2025-08-18 01:30:34] - https://rss.utgd.net/feed
[2025-08-18 02:38:30] 本次订阅抓取结果统计:
[2025-08-18 02:38:30] 共 55 条RSS, 成功抓取 51 条.
[2025-08-18 02:38:30] ✘ 有 4 条订阅解析失败:
[2025-08-18 02:38:30] - https://tcxx.info/feed
[2025-08-18 02:38:30] - https://tumutanzi.com/feed
[2025-08-18 02:38:30] - https://yinwang1.substack.com/feed
[2025-08-18 02:38:30] - https://botanwang.com/rss.xml
[2025-08-18 02:38:30] ✘ 有 1 条订阅头像字段为空, 已使用默认头像:
[2025-08-18 02:38:30] - https://feed.cnblogs.com/blog/u/66551/rss/
[2025-08-18 02:38:30] ✘ 有 7 条订阅头像无法访问, 已使用默认头像:
[2025-08-18 02:38:30] - http://feeds.feedburner.com/ruanyifeng
[2025-08-18 02:38:30] - https://www.loyhome.com/feed
[2025-08-18 02:38:30] - https://a4.zyzhang.com/index.xml
[2025-08-18 02:38:30] - https://xyzbz.cn/feed
[2025-08-18 02:38:30] - https://www.geedea.pro/index.xml
[2025-08-18 02:38:30] - https://skywind.me/blog/feed
[2025-08-18 02:38:30] - https://www.douban.com/feed/review/book
[2025-08-18 03:30:16] 本次订阅抓取结果统计:
[2025-08-18 03:30:16] 共 55 条RSS, 成功抓取 50 条.
[2025-08-18 03:30:16] ✘ 有 5 条订阅解析失败:
[2025-08-18 03:30:16] - https://tcxx.info/feed
[2025-08-18 03:30:16] - https://tumutanzi.com/feed
[2025-08-18 03:30:16] - https://yinwang1.substack.com/feed
[2025-08-18 03:30:16] - https://botanwang.com/rss.xml
[2025-08-18 03:30:16] - https://www.douban.com/feed/review/book
[2025-08-18 03:30:16] ✘ 有 1 条订阅头像字段为空, 已使用默认头像:
[2025-08-18 03:30:16] - https://feed.cnblogs.com/blog/u/66551/rss/
[2025-08-18 03:30:16] ✘ 有 7 条订阅头像无法访问, 已使用默认头像:
[2025-08-18 03:30:16] - https://www.loyhome.com/feed
[2025-08-18 03:30:16] - https://xyzbz.cn/feed
[2025-08-18 03:30:16] - http://feeds.feedburner.com/ruanyifeng
[2025-08-18 03:30:16] - https://a4.zyzhang.com/index.xml
[2025-08-18 03:30:16] - https://www.geedea.pro/index.xml
[2025-08-18 03:30:16] - https://skywind.me/blog/feed
[2025-08-18 03:30:16] - https://feeds.appinn.com/appinns/
[2025-08-18 04:14:35] 本次订阅抓取结果统计:
[2025-08-18 04:14:35] 共 55 条RSS, 成功抓取 51 条.
[2025-08-18 04:14:35] ✘ 有 4 条订阅解析失败:
[2025-08-18 04:14:35] - https://tcxx.info/feed
[2025-08-18 04:14:35] - https://tumutanzi.com/feed
[2025-08-18 04:14:35] - https://yinwang1.substack.com/feed
[2025-08-18 04:14:35] - https://botanwang.com/rss.xml
[2025-08-18 04:14:35] ✘ 有 1 条订阅头像字段为空, 已使用默认头像:
[2025-08-18 04:14:35] - https://feed.cnblogs.com/blog/u/66551/rss/
[2025-08-18 04:14:35] ✘ 有 7 条订阅头像无法访问, 已使用默认头像:
[2025-08-18 04:14:35] - http://feeds.feedburner.com/ruanyifeng
[2025-08-18 04:14:35] - https://www.loyhome.com/feed
[2025-08-18 04:14:35] - https://a4.zyzhang.com/index.xml
[2025-08-18 04:14:35] - https://www.geedea.pro/index.xml
[2025-08-18 04:14:35] - https://xyzbz.cn/feed
[2025-08-18 04:14:35] - https://skywind.me/blog/feed
[2025-08-18 04:14:35] - https://www.douban.com/feed/review/book
[2025-08-18 05:04:20] 本次订阅抓取结果统计:
[2025-08-18 05:04:20] 共 55 条RSS, 成功抓取 51 条.
[2025-08-18 05:04:20] ✘ 有 4 条订阅解析失败:
[2025-08-18 05:04:20] - https://tcxx.info/feed
[2025-08-18 05:04:20] - https://tumutanzi.com/feed
[2025-08-18 05:04:20] - https://yinwang1.substack.com/feed
[2025-08-18 05:04:20] - https://botanwang.com/rss.xml
[2025-08-18 05:04:20] ✘ 有 1 条订阅头像字段为空, 已使用默认头像:
[2025-08-18 05:04:20] - https://feed.cnblogs.com/blog/u/66551/rss/
[2025-08-18 05:04:20] ✘ 有 8 条订阅头像无法访问, 已使用默认头像:
[2025-08-18 05:04:20] - http://feeds.feedburner.com/ruanyifeng
[2025-08-18 05:04:20] - https://www.loyhome.com/feed
[2025-08-18 05:04:20] - https://a4.zyzhang.com/index.xml
[2025-08-18 05:04:20] - https://www.geedea.pro/index.xml
[2025-08-18 05:04:20] - https://xyzbz.cn/feed
[2025-08-18 05:04:20] - https://skywind.me/blog/feed
[2025-08-18 05:04:20] - https://www.douban.com/feed/review/book
[2025-08-18 05:04:20] - https://feeds.appinn.com/appinns/
[2025-08-18 06:02:10] 抓取到的文章与现有数据相同，无需更新。
[2025-08-18 07:03:43] 本次订阅抓取结果统计:
[2025-08-18 07:03:43] 共 55 条RSS, 成功抓取 51 条.
[2025-08-18 07:03:43] ✘ 有 4 条订阅解析失败:
[2025-08-18 07:03:43] - https://tcxx.info/feed
[2025-08-18 07:03:43] - https://tumutanzi.com/feed
[2025-08-18 07:03:43] - https://yinwang1.substack.com/feed
[2025-08-18 07:03:43] - https://botanwang.com/rss.xml
[2025-08-18 07:03:43] ✘ 有 1 条订阅头像字段为空, 已使用默认头像:
[2025-08-18 07:03:43] - https://feed.cnblogs.com/blog/u/66551/rss/
[2025-08-18 07:03:43] ✘ 有 7 条订阅头像无法访问, 已使用默认头像:
[2025-08-18 07:03:43] - http://feeds.feedburner.com/ruanyifeng
[2025-08-18 07:03:43] - https://www.loyhome.com/feed
[2025-08-18 07:03:43] - https://a4.zyzhang.com/index.xml
[2025-08-18 07:03:43] - https://www.geedea.pro/index.xml
[2025-08-18 07:03:43] - https://skywind.me/blog/feed
[2025-08-18 07:03:43] - https://feeds.appinn.com/appinns/
[2025-08-18 07:03:43] - https://www.douban.com/feed/review/book
[2025-08-18 08:02:09] 本次订阅抓取结果统计:
[2025-08-18 08:02:09] 共 55 条RSS, 成功抓取 51 条.
[2025-08-18 08:02:09] ✘ 有 4 条订阅解析失败:
[2025-08-18 08:02:09] - https://tumutanzi.com/feed
[2025-08-18 08:02:09] - https://tcxx.info/feed
[2025-08-18 08:02:09] - https://yinwang1.substack.com/feed
[2025-08-18 08:02:09] - https://botanwang.com/rss.xml
[2025-08-18 08:02:09] ✘ 有 1 条订阅头像字段为空, 已使用默认头像:
[2025-08-18 08:02:09] - https://feed.cnblogs.com/blog/u/66551/rss/
[2025-08-18 08:02:09] ✘ 有 6 条订阅头像无法访问, 已使用默认头像:
[2025-08-18 08:02:09] - http://feeds.feedburner.com/ruanyifeng
[2025-08-18 08:02:09] - https://www.loyhome.com/feed
[2025-08-18 08:02:09] - https://a4.zyzhang.com/index.xml
[2025-08-18 08:02:09] - https://www.geedea.pro/index.xml
[2025-08-18 08:02:09] - https://skywind.me/blog/feed
[2025-08-18 08:02:09] - https://www.douban.com/feed/review/book
[2025-08-18 09:03:15] 抓取到的文章与现有数据相同，无需更新。
[2025-08-18 10:02:13] 本次订阅抓取结果统计:
[2025-08-18 10:02:13] 共 55 条RSS, 成功抓取 51 条.
[2025-08-18 10:02:13] ✘ 有 4 条订阅解析失败:
[2025-08-18 10:02:13] - https://tumutanzi.com/feed
[2025-08-18 10:02:13] - https://tcxx.info/feed
[2025-08-18 10:02:13] - https://yinwang1.substack.com/feed
[2025-08-18 10:02:13] - https://botanwang.com/rss.xml
[2025-08-18 10:02:13] ✘ 有 1 条订阅头像字段为空, 已使用默认头像:
[2025-08-18 10:02:13] - https://feed.cnblogs.com/blog/u/66551/rss/
[2025-08-18 10:02:13] ✘ 有 6 条订阅头像无法访问, 已使用默认头像:
[2025-08-18 10:02:13] - http://feeds.feedburner.com/ruanyifeng
[2025-08-18 10:02:13] - https://www.loyhome.com/feed
[2025-08-18 10:02:13] - https://a4.zyzhang.com/index.xml
[2025-08-18 10:02:13] - https://www.geedea.pro/index.xml
[2025-08-18 10:02:13] - https://skywind.me/blog/feed
[2025-08-18 10:02:13] - https://www.douban.com/feed/review/book
[2025-08-18 11:01:50] 本次订阅抓取结果统计:
[2025-08-18 11:01:50] 共 55 条RSS, 成功抓取 51 条.
[2025-08-18 11:01:50] ✘ 有 4 条订阅解析失败:
[2025-08-18 11:01:50] - https://tumutanzi.com/feed
[2025-08-18 11:01:50] - https://tcxx.info/feed
[2025-08-18 11:01:50] - https://yinwang1.substack.com/feed
[2025-08-18 11:01:50] - https://botanwang.com/rss.xml
[2025-08-18 11:01:50] ✘ 有 1 条订阅头像字段为空, 已使用默认头像:
[2025-08-18 11:01:50] - https://feed.cnblogs.com/blog/u/66551/rss/
[2025-08-18 11:01:50] ✘ 有 6 条订阅头像无法访问, 已使用默认头像:
[2025-08-18 11:01:50] - https://www.loyhome.com/feed
[2025-08-18 11:01:50] - http://feeds.feedburner.com/ruanyifeng
[2025-08-18 11:01:50] - https://a4.zyzhang.com/index.xml
[2025-08-18 11:01:50] - https://www.geedea.pro/index.xml
[2025-08-18 11:01:50] - https://skywind.me/blog/feed
[2025-08-18 11:01:50] - https://www.douban.com/feed/review/book
[2025-08-18 12:02:34] 本次订阅抓取结果统计:
[2025-08-18 12:02:34] 共 55 条RSS, 成功抓取 51 条.
[2025-08-18 12:02:34] ✘ 有 4 条订阅解析失败:
[2025-08-18 12:02:34] - https://tcxx.info/feed
[2025-08-18 12:02:34] - https://tumutanzi.com/feed
[2025-08-18 12:02:34] - https://yinwang1.substack.com/feed
[2025-08-18 12:02:34] - https://botanwang.com/rss.xml
[2025-08-18 12:02:34] ✘ 有 1 条订阅头像字段为空, 已使用默认头像:
[2025-08-18 12:02:34] - https://feed.cnblogs.com/blog/u/66551/rss/
[2025-08-18 12:02:34] ✘ 有 7 条订阅头像无法访问, 已使用默认头像:
[2025-08-18 12:02:34] - https://www.loyhome.com/feed
[2025-08-18 12:02:34] - http://feeds.feedburner.com/ruanyifeng
[2025-08-18 12:02:34] - https://a4.zyzhang.com/index.xml
[2025-08-18 12:02:34] - https://www.geedea.pro/index.xml
[2025-08-18 12:02:34] - https://skywind.me/blog/feed
[2025-08-18 12:02:34] - https://www.douban.com/feed/review/book
[2025-08-18 12:02:34] - https://feeds.appinn.com/appinns/
[2025-08-18 13:13:12] 抓取到的文章与现有数据相同，无需更新。
[2025-08-18 14:02:15] 抓取到的文章与现有数据相同，无需更新。
[2025-08-18 15:01:44] 抓取到的文章与现有数据相同，无需更新。
[2025-08-18 16:02:20] 抓取到的文章与现有数据相同，无需更新。
