[2025-04-02 01:18:11] 本次订阅抓取结果统计:
[2025-04-02 01:18:11] 共 28 条RSS, 成功抓取 26 条.
[2025-04-02 01:18:11] ✘ 有 2 条订阅解析失败:
[2025-04-02 01:18:11] - https://geekinney.com/index.xml
[2025-04-02 01:18:11] - https://limboy.me/index.xml
[2025-04-02 01:18:11] ✘ 有 3 条订阅头像无法访问, 已使用默认头像:
[2025-04-02 01:18:11] - https://tcxx.info/feed
[2025-04-02 01:18:11] - http://feeds.feedburner.com/ruanyifeng
[2025-04-02 01:18:11] - https://www.loyhome.com/feed
[2025-04-02 02:59:39] 本次订阅抓取结果统计:
[2025-04-02 02:59:39] 共 28 条RSS, 成功抓取 26 条.
[2025-04-02 02:59:39] ✘ 有 2 条订阅解析失败:
[2025-04-02 02:59:39] - https://geekinney.com/index.xml
[2025-04-02 02:59:39] - https://limboy.me/index.xml
[2025-04-02 02:59:39] ✘ 有 2 条订阅头像无法访问, 已使用默认头像:
[2025-04-02 02:59:39] - http://feeds.feedburner.com/ruanyifeng
[2025-04-02 02:59:39] - https://www.loyhome.com/feed
[2025-04-02 03:38:28] 本次订阅抓取结果统计:
[2025-04-02 03:38:28] 共 28 条RSS, 成功抓取 26 条.
[2025-04-02 03:38:28] ✘ 有 2 条订阅解析失败:
[2025-04-02 03:38:28] - https://limboy.me/index.xml
[2025-04-02 03:38:28] - https://geekinney.com/index.xml
[2025-04-02 03:38:28] ✘ 有 3 条订阅头像无法访问, 已使用默认头像:
[2025-04-02 03:38:28] - http://feeds.feedburner.com/ruanyifeng
[2025-04-02 03:38:28] - https://www.loyhome.com/feed
[2025-04-02 03:38:28] - https://tcxx.info/feed
[2025-04-02 04:19:59] 本次订阅抓取结果统计:
[2025-04-02 04:19:59] 共 28 条RSS, 成功抓取 26 条.
[2025-04-02 04:19:59] ✘ 有 2 条订阅解析失败:
[2025-04-02 04:19:59] - https://geekinney.com/index.xml
[2025-04-02 04:19:59] - https://limboy.me/index.xml
[2025-04-02 04:19:59] ✘ 有 2 条订阅头像无法访问, 已使用默认头像:
[2025-04-02 04:19:59] - http://feeds.feedburner.com/ruanyifeng
[2025-04-02 04:19:59] - https://www.loyhome.com/feed
[2025-04-02 05:17:55] 本次订阅抓取结果统计:
[2025-04-02 05:17:55] 共 28 条RSS, 成功抓取 26 条.
[2025-04-02 05:17:55] ✘ 有 2 条订阅解析失败:
[2025-04-02 05:17:55] - https://geekinney.com/index.xml
[2025-04-02 05:17:55] - https://limboy.me/index.xml
[2025-04-02 05:17:55] ✘ 有 3 条订阅头像无法访问, 已使用默认头像:
[2025-04-02 05:17:55] - https://tcxx.info/feed
[2025-04-02 05:17:55] - http://feeds.feedburner.com/ruanyifeng
[2025-04-02 05:17:55] - https://www.loyhome.com/feed
[2025-04-02 06:24:02] 本次订阅抓取结果统计:
[2025-04-02 06:24:02] 共 28 条RSS, 成功抓取 26 条.
[2025-04-02 06:24:02] ✘ 有 2 条订阅解析失败:
[2025-04-02 06:24:02] - https://geekinney.com/index.xml
[2025-04-02 06:24:02] - https://limboy.me/index.xml
[2025-04-02 06:24:02] ✘ 有 2 条订阅头像无法访问, 已使用默认头像:
[2025-04-02 06:24:02] - http://feeds.feedburner.com/ruanyifeng
[2025-04-02 06:24:02] - https://www.loyhome.com/feed
[2025-04-02 07:16:59] 本次订阅抓取结果统计:
[2025-04-02 07:16:59] 共 28 条RSS, 成功抓取 26 条.
[2025-04-02 07:16:59] ✘ 有 2 条订阅解析失败:
[2025-04-02 07:16:59] - https://limboy.me/index.xml
[2025-04-02 07:16:59] - https://geekinney.com/index.xml
[2025-04-02 07:16:59] ✘ 有 2 条订阅头像无法访问, 已使用默认头像:
[2025-04-02 07:16:59] - https://www.loyhome.com/feed
[2025-04-02 07:16:59] - http://feeds.feedburner.com/ruanyifeng
