[2025-08-19 00:04:28] 本次订阅抓取结果统计:
[2025-08-19 00:04:28] 共 55 条RSS, 成功抓取 51 条.
[2025-08-19 00:04:28] ✘ 有 4 条订阅解析失败:
[2025-08-19 00:04:28] - https://tumutanzi.com/feed
[2025-08-19 00:04:28] - https://tcxx.info/feed
[2025-08-19 00:04:28] - https://yinwang1.substack.com/feed
[2025-08-19 00:04:28] - https://botanwang.com/rss.xml
[2025-08-19 00:04:28] ✘ 有 1 条订阅头像字段为空, 已使用默认头像:
[2025-08-19 00:04:28] - https://feed.cnblogs.com/blog/u/66551/rss/
[2025-08-19 00:04:28] ✘ 有 7 条订阅头像无法访问, 已使用默认头像:
[2025-08-19 00:04:28] - http://feeds.feedburner.com/ruanyifeng
[2025-08-19 00:04:28] - https://www.loyhome.com/feed
[2025-08-19 00:04:28] - https://a4.zyzhang.com/index.xml
[2025-08-19 00:04:28] - https://www.geedea.pro/index.xml
[2025-08-19 00:04:28] - https://skywind.me/blog/feed
[2025-08-19 00:04:28] - https://www.douban.com/feed/review/book
[2025-08-19 00:04:28] - https://feeds.appinn.com/appinns/
[2025-08-19 01:29:17] 抓取到的文章与现有数据相同，无需更新。
[2025-08-19 02:30:49] 本次订阅抓取结果统计:
[2025-08-19 02:30:49] 共 55 条RSS, 成功抓取 51 条.
[2025-08-19 02:30:49] ✘ 有 4 条订阅解析失败:
[2025-08-19 02:30:49] - https://tcxx.info/feed
[2025-08-19 02:30:49] - https://tumutanzi.com/feed
[2025-08-19 02:30:49] - https://yinwang1.substack.com/feed
[2025-08-19 02:30:49] - https://botanwang.com/rss.xml
[2025-08-19 02:30:49] ✘ 有 1 条订阅头像字段为空, 已使用默认头像:
[2025-08-19 02:30:49] - https://feed.cnblogs.com/blog/u/66551/rss/
[2025-08-19 02:30:49] ✘ 有 6 条订阅头像无法访问, 已使用默认头像:
[2025-08-19 02:30:49] - http://feeds.feedburner.com/ruanyifeng
[2025-08-19 02:30:49] - https://www.loyhome.com/feed
[2025-08-19 02:30:49] - https://a4.zyzhang.com/index.xml
[2025-08-19 02:30:49] - https://www.geedea.pro/index.xml
[2025-08-19 02:30:49] - https://skywind.me/blog/feed
[2025-08-19 02:30:49] - https://www.douban.com/feed/review/book
