[2025-05-10 01:18:59] 本次订阅抓取结果统计:
[2025-05-10 01:18:59] 共 28 条RSS, 成功抓取 27 条.
[2025-05-10 01:18:59] ✘ 有 1 条订阅解析失败:
[2025-05-10 01:18:59] - https://tcxx.info/feed
[2025-05-10 01:18:59] ✘ 有 2 条订阅头像无法访问, 已使用默认头像:
[2025-05-10 01:18:59] - http://feeds.feedburner.com/ruanyifeng
[2025-05-10 01:18:59] - https://www.loyhome.com/feed
[2025-05-10 03:02:22] 本次订阅抓取结果统计:
[2025-05-10 03:02:22] 共 28 条RSS, 成功抓取 27 条.
[2025-05-10 03:02:22] ✘ 有 1 条订阅解析失败:
[2025-05-10 03:02:22] - https://tcxx.info/feed
[2025-05-10 03:02:22] ✘ 有 3 条订阅头像无法访问, 已使用默认头像:
[2025-05-10 03:02:22] - http://feeds.feedburner.com/ruanyifeng
[2025-05-10 03:02:22] - https://www.loyhome.com/feed
[2025-05-10 03:02:22] - https://xyzbz.cn/feed
[2025-05-10 04:19:26] 本次订阅抓取结果统计:
[2025-05-10 04:19:26] 共 28 条RSS, 成功抓取 27 条.
[2025-05-10 04:19:26] ✘ 有 1 条订阅解析失败:
[2025-05-10 04:19:26] - https://tcxx.info/feed
[2025-05-10 04:19:26] ✘ 有 2 条订阅头像无法访问, 已使用默认头像:
[2025-05-10 04:19:26] - http://feeds.feedburner.com/ruanyifeng
[2025-05-10 04:19:26] - https://www.loyhome.com/feed
[2025-05-10 05:16:18] 本次订阅抓取结果统计:
[2025-05-10 05:16:18] 共 28 条RSS, 成功抓取 27 条.
[2025-05-10 05:16:18] ✘ 有 1 条订阅解析失败:
[2025-05-10 05:16:18] - https://tcxx.info/feed
[2025-05-10 05:16:18] ✘ 有 2 条订阅头像无法访问, 已使用默认头像:
[2025-05-10 05:16:18] - http://feeds.feedburner.com/ruanyifeng
[2025-05-10 05:16:18] - https://www.loyhome.com/feed
