[2025-04-18 01:17:51] 本次订阅抓取结果统计:
[2025-04-18 01:17:51] 共 28 条RSS, 成功抓取 27 条.
[2025-04-18 01:17:51] ✘ 有 1 条订阅解析失败:
[2025-04-18 01:17:51] - https://tcxx.info/feed
[2025-04-18 01:17:51] ✘ 有 2 条订阅头像无法访问, 已使用默认头像:
[2025-04-18 01:17:51] - http://feeds.feedburner.com/ruanyifeng
[2025-04-18 01:17:51] - https://www.loyhome.com/feed
[2025-04-18 02:58:56] 本次订阅抓取结果统计:
[2025-04-18 02:58:56] 共 28 条RSS, 成功抓取 27 条.
[2025-04-18 02:58:56] ✘ 有 1 条订阅解析失败:
[2025-04-18 02:58:56] - https://tcxx.info/feed
[2025-04-18 02:58:56] ✘ 有 2 条订阅头像无法访问, 已使用默认头像:
[2025-04-18 02:58:56] - http://feeds.feedburner.com/ruanyifeng
[2025-04-18 02:58:56] - https://www.loyhome.com/feed
[2025-04-18 03:36:05] 本次订阅抓取结果统计:
[2025-04-18 03:36:05] 共 28 条RSS, 成功抓取 27 条.
[2025-04-18 03:36:05] ✘ 有 1 条订阅解析失败:
[2025-04-18 03:36:05] - https://tcxx.info/feed
[2025-04-18 03:36:05] ✘ 有 2 条订阅头像无法访问, 已使用默认头像:
[2025-04-18 03:36:05] - http://feeds.feedburner.com/ruanyifeng
[2025-04-18 03:36:05] - https://www.loyhome.com/feed
