[2025-11-02 00:04:44] 抓取到的文章与现有数据相同，无需更新。
[2025-11-02 01:29:54] 抓取到的文章与现有数据相同，无需更新。
[2025-11-02 02:31:37] 抓取到的文章与现有数据相同，无需更新。
[2025-11-02 03:23:04] 本次订阅抓取结果统计:
[2025-11-02 03:23:04] 共 63 条RSS, 成功抓取 56 条.
[2025-11-02 03:23:04] ✘ 有 6 条订阅解析失败:
[2025-11-02 03:23:04] - https://tcxx.info/feed
[2025-11-02 03:23:04] - https://tumutanzi.com/feed
[2025-11-02 03:23:04] - https://geekinney.com/index.xml
[2025-11-02 03:23:04] - https://suus.me/index.xml
[2025-11-02 03:23:04] - https://yinwang1.substack.com/feed
[2025-11-02 03:23:04] - https://botanwang.com/rss.xml
[2025-11-02 03:23:04] ✘ 有 1 条订阅为空:
[2025-11-02 03:23:04] - http://feeds.feedburner.com/zhihu-daily
[2025-11-02 03:23:04] ✘ 有 1 条订阅头像字段为空, 已使用默认头像:
[2025-11-02 03:23:04] - https://feed.cnblogs.com/blog/u/66551/rss/
[2025-11-02 03:23:04] ✘ 有 3 条订阅头像无法访问, 已使用默认头像:
[2025-11-02 03:23:04] - http://feeds.feedburner.com/ruanyifeng
[2025-11-02 03:23:04] - https://skywind.me/blog/feed
[2025-11-02 03:23:04] - https://www.douban.com/feed/review/book
[2025-11-02 04:03:40] 本次订阅抓取结果统计:
[2025-11-02 04:03:40] 共 63 条RSS, 成功抓取 56 条.
[2025-11-02 04:03:40] ✘ 有 6 条订阅解析失败:
[2025-11-02 04:03:40] - https://tcxx.info/feed
[2025-11-02 04:03:40] - https://tumutanzi.com/feed
[2025-11-02 04:03:40] - https://geekinney.com/index.xml
[2025-11-02 04:03:40] - https://suus.me/index.xml
[2025-11-02 04:03:40] - https://yinwang1.substack.com/feed
[2025-11-02 04:03:40] - https://botanwang.com/rss.xml
[2025-11-02 04:03:40] ✘ 有 1 条订阅为空:
[2025-11-02 04:03:40] - http://feeds.feedburner.com/zhihu-daily
[2025-11-02 04:03:40] ✘ 有 1 条订阅头像字段为空, 已使用默认头像:
[2025-11-02 04:03:40] - https://feed.cnblogs.com/blog/u/66551/rss/
[2025-11-02 04:03:40] ✘ 有 3 条订阅头像无法访问, 已使用默认头像:
[2025-11-02 04:03:40] - http://feeds.feedburner.com/ruanyifeng
[2025-11-02 04:03:40] - https://skywind.me/blog/feed
[2025-11-02 04:03:40] - https://www.douban.com/feed/review/book
[2025-11-02 05:02:14] 本次订阅抓取结果统计:
[2025-11-02 05:02:14] 共 63 条RSS, 成功抓取 56 条.
[2025-11-02 05:02:14] ✘ 有 6 条订阅解析失败:
[2025-11-02 05:02:14] - https://tumutanzi.com/feed
[2025-11-02 05:02:14] - https://tcxx.info/feed
[2025-11-02 05:02:14] - https://geekinney.com/index.xml
[2025-11-02 05:02:14] - https://suus.me/index.xml
[2025-11-02 05:02:14] - https://yinwang1.substack.com/feed
[2025-11-02 05:02:14] - https://botanwang.com/rss.xml
[2025-11-02 05:02:14] ✘ 有 1 条订阅为空:
[2025-11-02 05:02:14] - http://feeds.feedburner.com/zhihu-daily
[2025-11-02 05:02:14] ✘ 有 1 条订阅头像字段为空, 已使用默认头像:
[2025-11-02 05:02:14] - https://feed.cnblogs.com/blog/u/66551/rss/
[2025-11-02 05:02:14] ✘ 有 3 条订阅头像无法访问, 已使用默认头像:
[2025-11-02 05:02:14] - http://feeds.feedburner.com/ruanyifeng
[2025-11-02 05:02:14] - https://skywind.me/blog/feed
[2025-11-02 05:02:14] - https://www.douban.com/feed/review/book
