[2025-11-01 00:04:44] 本次订阅抓取结果统计:
[2025-11-01 00:04:44] 共 63 条RSS, 成功抓取 55 条.
[2025-11-01 00:04:44] ✘ 有 7 条订阅解析失败:
[2025-11-01 00:04:44] - https://tcxx.info/feed
[2025-11-01 00:04:44] - https://tumutanzi.com/feed
[2025-11-01 00:04:44] - https://geekinney.com/index.xml
[2025-11-01 00:04:44] - https://suus.me/index.xml
[2025-11-01 00:04:44] - https://yinwang1.substack.com/feed
[2025-11-01 00:04:44] - https://botanwang.com/rss.xml
[2025-11-01 00:04:44] - https://www.douban.com/feed/review/book
[2025-11-01 00:04:44] ✘ 有 1 条订阅为空:
[2025-11-01 00:04:44] - http://feeds.feedburner.com/zhihu-daily
[2025-11-01 00:04:44] ✘ 有 1 条订阅头像字段为空, 已使用默认头像:
[2025-11-01 00:04:44] - https://feed.cnblogs.com/blog/u/66551/rss/
[2025-11-01 00:04:44] ✘ 有 2 条订阅头像无法访问, 已使用默认头像:
[2025-11-01 00:04:44] - http://feeds.feedburner.com/ruanyifeng
[2025-11-01 00:04:44] - https://skywind.me/blog/feed
[2025-11-01 01:29:50] 本次订阅抓取结果统计:
[2025-11-01 01:29:50] 共 63 条RSS, 成功抓取 56 条.
[2025-11-01 01:29:50] ✘ 有 6 条订阅解析失败:
[2025-11-01 01:29:50] - https://tumutanzi.com/feed
[2025-11-01 01:29:50] - https://tcxx.info/feed
[2025-11-01 01:29:50] - https://geekinney.com/index.xml
[2025-11-01 01:29:50] - https://suus.me/index.xml
[2025-11-01 01:29:50] - https://yinwang1.substack.com/feed
[2025-11-01 01:29:50] - https://botanwang.com/rss.xml
[2025-11-01 01:29:50] ✘ 有 1 条订阅为空:
[2025-11-01 01:29:50] - http://feeds.feedburner.com/zhihu-daily
[2025-11-01 01:29:50] ✘ 有 1 条订阅头像字段为空, 已使用默认头像:
[2025-11-01 01:29:50] - https://feed.cnblogs.com/blog/u/66551/rss/
[2025-11-01 01:29:50] ✘ 有 3 条订阅头像无法访问, 已使用默认头像:
[2025-11-01 01:29:50] - http://feeds.feedburner.com/ruanyifeng
[2025-11-01 01:29:50] - https://skywind.me/blog/feed
[2025-11-01 01:29:50] - https://www.douban.com/feed/review/book
[2025-11-01 02:30:51] 抓取到的文章与现有数据相同，无需更新。
[2025-11-01 03:20:10] 抓取到的文章与现有数据相同，无需更新。
[2025-11-01 04:01:51] 本次订阅抓取结果统计:
[2025-11-01 04:01:51] 共 63 条RSS, 成功抓取 56 条.
[2025-11-01 04:01:51] ✘ 有 6 条订阅解析失败:
[2025-11-01 04:01:51] - https://tcxx.info/feed
[2025-11-01 04:01:51] - https://tumutanzi.com/feed
[2025-11-01 04:01:51] - https://geekinney.com/index.xml
[2025-11-01 04:01:51] - https://suus.me/index.xml
[2025-11-01 04:01:51] - https://yinwang1.substack.com/feed
[2025-11-01 04:01:51] - https://botanwang.com/rss.xml
[2025-11-01 04:01:51] ✘ 有 1 条订阅为空:
[2025-11-01 04:01:51] - http://feeds.feedburner.com/zhihu-daily
[2025-11-01 04:01:51] ✘ 有 1 条订阅头像字段为空, 已使用默认头像:
[2025-11-01 04:01:51] - https://feed.cnblogs.com/blog/u/66551/rss/
[2025-11-01 04:01:51] ✘ 有 4 条订阅头像无法访问, 已使用默认头像:
[2025-11-01 04:01:51] - http://feeds.feedburner.com/ruanyifeng
[2025-11-01 04:01:51] - https://skywind.me/blog/feed
[2025-11-01 04:01:51] - https://www.douban.com/feed/review/book
[2025-11-01 04:01:51] - https://rss.utgd.net/feed
[2025-11-01 05:02:39] 本次订阅抓取结果统计:
[2025-11-01 05:02:39] 共 63 条RSS, 成功抓取 55 条.
[2025-11-01 05:02:39] ✘ 有 7 条订阅解析失败:
[2025-11-01 05:02:39] - https://tcxx.info/feed
[2025-11-01 05:02:39] - https://tumutanzi.com/feed
[2025-11-01 05:02:39] - https://geekinney.com/index.xml
[2025-11-01 05:02:39] - https://suus.me/index.xml
[2025-11-01 05:02:39] - https://yinwang1.substack.com/feed
[2025-11-01 05:02:39] - https://botanwang.com/rss.xml
[2025-11-01 05:02:39] - http://www.auiou.com/feed/
[2025-11-01 05:02:39] ✘ 有 1 条订阅为空:
[2025-11-01 05:02:39] - http://feeds.feedburner.com/zhihu-daily
[2025-11-01 05:02:39] ✘ 有 1 条订阅头像字段为空, 已使用默认头像:
[2025-11-01 05:02:39] - https://feed.cnblogs.com/blog/u/66551/rss/
[2025-11-01 05:02:39] ✘ 有 3 条订阅头像无法访问, 已使用默认头像:
[2025-11-01 05:02:39] - http://feeds.feedburner.com/ruanyifeng
[2025-11-01 05:02:39] - https://skywind.me/blog/feed
[2025-11-01 05:02:39] - https://www.douban.com/feed/review/book
[2025-11-01 06:02:39] 本次订阅抓取结果统计:
[2025-11-01 06:02:39] 共 63 条RSS, 成功抓取 56 条.
[2025-11-01 06:02:39] ✘ 有 6 条订阅解析失败:
[2025-11-01 06:02:39] - https://tumutanzi.com/feed
[2025-11-01 06:02:39] - https://tcxx.info/feed
[2025-11-01 06:02:39] - https://geekinney.com/index.xml
[2025-11-01 06:02:39] - https://suus.me/index.xml
[2025-11-01 06:02:39] - https://yinwang1.substack.com/feed
[2025-11-01 06:02:39] - https://botanwang.com/rss.xml
[2025-11-01 06:02:39] ✘ 有 1 条订阅为空:
[2025-11-01 06:02:39] - http://feeds.feedburner.com/zhihu-daily
[2025-11-01 06:02:39] ✘ 有 1 条订阅头像字段为空, 已使用默认头像:
[2025-11-01 06:02:39] - https://feed.cnblogs.com/blog/u/66551/rss/
[2025-11-01 06:02:39] ✘ 有 3 条订阅头像无法访问, 已使用默认头像:
[2025-11-01 06:02:39] - http://feeds.feedburner.com/ruanyifeng
[2025-11-01 06:02:39] - https://skywind.me/blog/feed
[2025-11-01 06:02:39] - https://www.douban.com/feed/review/book
[2025-11-01 07:01:52] 本次订阅抓取结果统计:
[2025-11-01 07:01:52] 共 63 条RSS, 成功抓取 56 条.
[2025-11-01 07:01:52] ✘ 有 6 条订阅解析失败:
[2025-11-01 07:01:52] - https://tcxx.info/feed
[2025-11-01 07:01:52] - https://tumutanzi.com/feed
[2025-11-01 07:01:52] - https://geekinney.com/index.xml
[2025-11-01 07:01:52] - https://suus.me/index.xml
[2025-11-01 07:01:52] - https://yinwang1.substack.com/feed
[2025-11-01 07:01:52] - https://botanwang.com/rss.xml
[2025-11-01 07:01:52] ✘ 有 1 条订阅为空:
[2025-11-01 07:01:52] - http://feeds.feedburner.com/zhihu-daily
[2025-11-01 07:01:52] ✘ 有 1 条订阅头像字段为空, 已使用默认头像:
[2025-11-01 07:01:52] - https://feed.cnblogs.com/blog/u/66551/rss/
[2025-11-01 07:01:52] ✘ 有 3 条订阅头像无法访问, 已使用默认头像:
[2025-11-01 07:01:52] - http://feeds.feedburner.com/ruanyifeng
[2025-11-01 07:01:52] - https://skywind.me/blog/feed
[2025-11-01 07:01:52] - https://www.douban.com/feed/review/book
[2025-11-01 08:01:56] 本次订阅抓取结果统计:
[2025-11-01 08:01:56] 共 63 条RSS, 成功抓取 56 条.
[2025-11-01 08:01:56] ✘ 有 6 条订阅解析失败:
[2025-11-01 08:01:56] - https://tumutanzi.com/feed
[2025-11-01 08:01:56] - https://tcxx.info/feed
[2025-11-01 08:01:56] - https://geekinney.com/index.xml
[2025-11-01 08:01:56] - https://suus.me/index.xml
[2025-11-01 08:01:56] - https://yinwang1.substack.com/feed
[2025-11-01 08:01:56] - https://botanwang.com/rss.xml
[2025-11-01 08:01:56] ✘ 有 1 条订阅为空:
[2025-11-01 08:01:56] - http://feeds.feedburner.com/zhihu-daily
[2025-11-01 08:01:56] ✘ 有 1 条订阅头像字段为空, 已使用默认头像:
[2025-11-01 08:01:56] - https://feed.cnblogs.com/blog/u/66551/rss/
[2025-11-01 08:01:56] ✘ 有 3 条订阅头像无法访问, 已使用默认头像:
[2025-11-01 08:01:56] - http://feeds.feedburner.com/ruanyifeng
[2025-11-01 08:01:56] - https://skywind.me/blog/feed
[2025-11-01 08:01:56] - https://www.douban.com/feed/review/book
[2025-11-01 09:01:46] 本次订阅抓取结果统计:
[2025-11-01 09:01:46] 共 63 条RSS, 成功抓取 56 条.
[2025-11-01 09:01:46] ✘ 有 6 条订阅解析失败:
[2025-11-01 09:01:46] - https://tcxx.info/feed
[2025-11-01 09:01:46] - https://tumutanzi.com/feed
[2025-11-01 09:01:46] - https://geekinney.com/index.xml
[2025-11-01 09:01:46] - https://suus.me/index.xml
[2025-11-01 09:01:46] - https://yinwang1.substack.com/feed
[2025-11-01 09:01:46] - https://botanwang.com/rss.xml
[2025-11-01 09:01:46] ✘ 有 1 条订阅为空:
[2025-11-01 09:01:46] - http://feeds.feedburner.com/zhihu-daily
[2025-11-01 09:01:46] ✘ 有 1 条订阅头像字段为空, 已使用默认头像:
[2025-11-01 09:01:46] - https://feed.cnblogs.com/blog/u/66551/rss/
[2025-11-01 09:01:46] ✘ 有 3 条订阅头像无法访问, 已使用默认头像:
[2025-11-01 09:01:46] - http://feeds.feedburner.com/ruanyifeng
[2025-11-01 09:01:46] - https://skywind.me/blog/feed
[2025-11-01 09:01:46] - https://www.douban.com/feed/review/book
[2025-11-01 10:01:46] 抓取到的文章与现有数据相同，无需更新。
[2025-11-01 11:01:54] 抓取到的文章与现有数据相同，无需更新。
[2025-11-01 12:02:18] 抓取到的文章与现有数据相同，无需更新。
[2025-11-01 13:06:33] 抓取到的文章与现有数据相同，无需更新。
