[2025-07-28 00:04:42] 抓取到的文章与现有数据相同，无需更新。
[2025-07-28 01:31:42] 本次订阅抓取结果统计:
[2025-07-28 01:31:42] 共 51 条RSS, 成功抓取 47 条.
[2025-07-28 01:31:42] ✘ 有 4 条订阅解析失败:
[2025-07-28 01:31:42] - https://tcxx.info/feed
[2025-07-28 01:31:42] - https://blog.ops-coffee.cn/feed.xml
[2025-07-28 01:31:42] - https://yinwang1.substack.com/feed
[2025-07-28 01:31:42] - https://www.douban.com/feed/review/book
[2025-07-28 01:31:42] ✘ 有 4 条订阅头像无法访问, 已使用默认头像:
[2025-07-28 01:31:42] - http://feeds.feedburner.com/ruanyifeng
[2025-07-28 01:31:42] - https://www.loyhome.com/feed
[2025-07-28 01:31:42] - https://a4.zyzhang.com/index.xml
[2025-07-28 01:31:42] - https://www.geedea.pro/index.xml
[2025-07-28 02:43:20] 本次订阅抓取结果统计:
[2025-07-28 02:43:20] 共 51 条RSS, 成功抓取 47 条.
[2025-07-28 02:43:20] ✘ 有 4 条订阅解析失败:
[2025-07-28 02:43:20] - https://tcxx.info/feed
[2025-07-28 02:43:20] - https://blog.ops-coffee.cn/feed.xml
[2025-07-28 02:43:20] - https://yinwang1.substack.com/feed
[2025-07-28 02:43:20] - https://www.douban.com/feed/review/book
[2025-07-28 02:43:20] ✘ 有 5 条订阅头像无法访问, 已使用默认头像:
[2025-07-28 02:43:20] - http://feeds.feedburner.com/ruanyifeng
[2025-07-28 02:43:20] - https://www.loyhome.com/feed
[2025-07-28 02:43:20] - https://a4.zyzhang.com/index.xml
[2025-07-28 02:43:20] - https://www.geedea.pro/index.xml
[2025-07-28 02:43:20] - https://feeds.appinn.com/appinns/
[2025-07-28 03:31:12] 本次订阅抓取结果统计:
[2025-07-28 03:31:12] 共 51 条RSS, 成功抓取 48 条.
[2025-07-28 03:31:12] ✘ 有 3 条订阅解析失败:
[2025-07-28 03:31:12] - https://tcxx.info/feed
[2025-07-28 03:31:12] - https://blog.ops-coffee.cn/feed.xml
[2025-07-28 03:31:12] - https://yinwang1.substack.com/feed
[2025-07-28 03:31:12] ✘ 有 6 条订阅头像无法访问, 已使用默认头像:
[2025-07-28 03:31:12] - http://feeds.feedburner.com/ruanyifeng
[2025-07-28 03:31:12] - https://www.loyhome.com/feed
[2025-07-28 03:31:12] - https://a4.zyzhang.com/index.xml
[2025-07-28 03:31:12] - https://www.geedea.pro/index.xml
[2025-07-28 03:31:12] - https://www.douban.com/feed/review/book
[2025-07-28 03:31:12] - https://feeds.appinn.com/appinns/
[2025-07-28 04:17:29] 本次订阅抓取结果统计:
[2025-07-28 04:17:29] 共 51 条RSS, 成功抓取 47 条.
[2025-07-28 04:17:29] ✘ 有 4 条订阅解析失败:
[2025-07-28 04:17:29] - https://tcxx.info/feed
[2025-07-28 04:17:29] - https://blog.ops-coffee.cn/feed.xml
[2025-07-28 04:17:29] - https://yinwang1.substack.com/feed
[2025-07-28 04:17:29] - https://www.douban.com/feed/review/book
[2025-07-28 04:17:29] ✘ 有 4 条订阅头像无法访问, 已使用默认头像:
[2025-07-28 04:17:29] - http://feeds.feedburner.com/ruanyifeng
[2025-07-28 04:17:29] - https://www.loyhome.com/feed
[2025-07-28 04:17:29] - https://a4.zyzhang.com/index.xml
[2025-07-28 04:17:29] - https://www.geedea.pro/index.xml
[2025-07-28 05:07:46] 本次订阅抓取结果统计:
[2025-07-28 05:07:46] 共 51 条RSS, 成功抓取 47 条.
[2025-07-28 05:07:46] ✘ 有 4 条订阅解析失败:
[2025-07-28 05:07:46] - https://tcxx.info/feed
[2025-07-28 05:07:46] - https://blog.ops-coffee.cn/feed.xml
[2025-07-28 05:07:46] - https://yinwang1.substack.com/feed
[2025-07-28 05:07:46] - https://www.douban.com/feed/review/book
[2025-07-28 05:07:46] ✘ 有 5 条订阅头像无法访问, 已使用默认头像:
[2025-07-28 05:07:46] - http://feeds.feedburner.com/ruanyifeng
[2025-07-28 05:07:46] - https://www.loyhome.com/feed
[2025-07-28 05:07:46] - https://a4.zyzhang.com/index.xml
[2025-07-28 05:07:46] - https://www.geedea.pro/index.xml
[2025-07-28 05:07:46] - https://feeds.appinn.com/appinns/
[2025-07-28 06:02:46] 本次订阅抓取结果统计:
[2025-07-28 06:02:46] 共 51 条RSS, 成功抓取 48 条.
[2025-07-28 06:02:46] ✘ 有 3 条订阅解析失败:
[2025-07-28 06:02:46] - https://tcxx.info/feed
[2025-07-28 06:02:46] - https://blog.ops-coffee.cn/feed.xml
[2025-07-28 06:02:46] - https://yinwang1.substack.com/feed
[2025-07-28 06:02:46] ✘ 有 6 条订阅头像无法访问, 已使用默认头像:
[2025-07-28 06:02:46] - http://feeds.feedburner.com/ruanyifeng
[2025-07-28 06:02:46] - https://www.loyhome.com/feed
[2025-07-28 06:02:46] - https://a4.zyzhang.com/index.xml
[2025-07-28 06:02:46] - https://www.geedea.pro/index.xml
[2025-07-28 06:02:46] - https://www.douban.com/feed/review/book
[2025-07-28 06:02:46] - https://feeds.appinn.com/appinns/
[2025-07-28 07:05:02] 本次订阅抓取结果统计:
[2025-07-28 07:05:02] 共 51 条RSS, 成功抓取 47 条.
[2025-07-28 07:05:02] ✘ 有 4 条订阅解析失败:
[2025-07-28 07:05:02] - https://tcxx.info/feed
[2025-07-28 07:05:02] - https://blog.ops-coffee.cn/feed.xml
[2025-07-28 07:05:02] - https://yinwang1.substack.com/feed
[2025-07-28 07:05:02] - https://www.douban.com/feed/review/book
[2025-07-28 07:05:02] ✘ 有 4 条订阅头像无法访问, 已使用默认头像:
[2025-07-28 07:05:02] - http://feeds.feedburner.com/ruanyifeng
[2025-07-28 07:05:02] - https://www.loyhome.com/feed
[2025-07-28 07:05:02] - https://a4.zyzhang.com/index.xml
[2025-07-28 07:05:02] - https://www.geedea.pro/index.xml
[2025-07-28 08:02:17] 本次订阅抓取结果统计:
[2025-07-28 08:02:17] 共 51 条RSS, 成功抓取 48 条.
[2025-07-28 08:02:17] ✘ 有 3 条订阅解析失败:
[2025-07-28 08:02:17] - https://tcxx.info/feed
[2025-07-28 08:02:17] - https://blog.ops-coffee.cn/feed.xml
[2025-07-28 08:02:17] - https://yinwang1.substack.com/feed
[2025-07-28 08:02:17] ✘ 有 5 条订阅头像无法访问, 已使用默认头像:
[2025-07-28 08:02:17] - http://feeds.feedburner.com/ruanyifeng
[2025-07-28 08:02:17] - https://www.loyhome.com/feed
[2025-07-28 08:02:17] - https://a4.zyzhang.com/index.xml
[2025-07-28 08:02:17] - https://www.geedea.pro/index.xml
[2025-07-28 08:02:17] - https://www.douban.com/feed/review/book
[2025-07-28 09:04:44] 抓取到的文章与现有数据相同，无需更新。
[2025-07-28 10:01:55] 本次订阅抓取结果统计:
[2025-07-28 10:01:55] 共 51 条RSS, 成功抓取 47 条.
[2025-07-28 10:01:55] ✘ 有 4 条订阅解析失败:
[2025-07-28 10:01:55] - https://tcxx.info/feed
[2025-07-28 10:01:55] - https://blog.ops-coffee.cn/feed.xml
[2025-07-28 10:01:55] - https://yinwang1.substack.com/feed
[2025-07-28 10:01:55] - https://www.douban.com/feed/review/book
[2025-07-28 10:01:55] ✘ 有 4 条订阅头像无法访问, 已使用默认头像:
[2025-07-28 10:01:55] - http://feeds.feedburner.com/ruanyifeng
[2025-07-28 10:01:55] - https://a4.zyzhang.com/index.xml
[2025-07-28 10:01:55] - https://www.geedea.pro/index.xml
[2025-07-28 10:01:55] - https://www.loyhome.com/feed
