[2025-06-23 00:04:19] 本次订阅抓取结果统计:
[2025-06-23 00:04:19] 共 45 条RSS, 成功抓取 43 条.
[2025-06-23 00:04:19] ✘ 有 2 条订阅解析失败:
[2025-06-23 00:04:19] - https://tcxx.info/feed
[2025-06-23 00:04:19] - https://limboy.me/index.xml
[2025-06-23 00:04:19] ✘ 有 4 条订阅头像无法访问, 已使用默认头像:
[2025-06-23 00:04:19] - http://feeds.feedburner.com/ruanyifeng
[2025-06-23 00:04:19] - https://www.loyhome.com/feed
[2025-06-23 00:04:19] - https://www.douban.com/feed/review/book
[2025-06-23 00:04:19] - https://feeds.appinn.com/appinns/
[2025-06-23 01:29:49] 本次订阅抓取结果统计:
[2025-06-23 01:29:49] 共 45 条RSS, 成功抓取 43 条.
[2025-06-23 01:29:49] ✘ 有 2 条订阅解析失败:
[2025-06-23 01:29:49] - https://tcxx.info/feed
[2025-06-23 01:29:49] - https://limboy.me/index.xml
[2025-06-23 01:29:49] ✘ 有 4 条订阅头像无法访问, 已使用默认头像:
[2025-06-23 01:29:49] - http://feeds.feedburner.com/ruanyifeng
[2025-06-23 01:29:49] - https://www.loyhome.com/feed
[2025-06-23 01:29:49] - https://www.douban.com/feed/review/book
[2025-06-23 01:29:49] - https://feeds.appinn.com/appinns/
[2025-06-23 02:37:30] 本次订阅抓取结果统计:
[2025-06-23 02:37:30] 共 45 条RSS, 成功抓取 43 条.
[2025-06-23 02:37:30] ✘ 有 2 条订阅解析失败:
[2025-06-23 02:37:30] - https://tcxx.info/feed
[2025-06-23 02:37:30] - https://limboy.me/index.xml
[2025-06-23 02:37:30] ✘ 有 3 条订阅头像无法访问, 已使用默认头像:
[2025-06-23 02:37:30] - http://feeds.feedburner.com/ruanyifeng
[2025-06-23 02:37:30] - https://www.loyhome.com/feed
[2025-06-23 02:37:30] - https://www.douban.com/feed/review/book
[2025-06-23 03:28:45] 本次订阅抓取结果统计:
[2025-06-23 03:28:45] 共 45 条RSS, 成功抓取 43 条.
[2025-06-23 03:28:45] ✘ 有 2 条订阅解析失败:
[2025-06-23 03:28:45] - https://tcxx.info/feed
[2025-06-23 03:28:45] - https://limboy.me/index.xml
[2025-06-23 03:28:45] ✘ 有 4 条订阅头像无法访问, 已使用默认头像:
[2025-06-23 03:28:45] - http://feeds.feedburner.com/ruanyifeng
[2025-06-23 03:28:45] - https://www.loyhome.com/feed
[2025-06-23 03:28:45] - https://www.douban.com/feed/review/book
[2025-06-23 03:28:45] - https://feeds.appinn.com/appinns/
