[2025-07-03 00:04:20] 本次订阅抓取结果统计:
[2025-07-03 00:04:20] 共 46 条RSS, 成功抓取 45 条.
[2025-07-03 00:04:20] ✘ 有 1 条订阅解析失败:
[2025-07-03 00:04:20] - https://tcxx.info/feed
[2025-07-03 00:04:20] ✘ 有 4 条订阅头像无法访问, 已使用默认头像:
[2025-07-03 00:04:20] - http://feeds.feedburner.com/ruanyifeng
[2025-07-03 00:04:20] - https://www.loyhome.com/feed
[2025-07-03 00:04:20] - https://a4.zyzhang.com/index.xml
[2025-07-03 00:04:20] - https://www.douban.com/feed/review/book
[2025-07-03 01:29:39] 本次订阅抓取结果统计:
[2025-07-03 01:29:39] 共 46 条RSS, 成功抓取 45 条.
[2025-07-03 01:29:39] ✘ 有 1 条订阅解析失败:
[2025-07-03 01:29:39] - https://tcxx.info/feed
[2025-07-03 01:29:39] ✘ 有 4 条订阅头像无法访问, 已使用默认头像:
[2025-07-03 01:29:39] - http://feeds.feedburner.com/ruanyifeng
[2025-07-03 01:29:39] - https://www.loyhome.com/feed
[2025-07-03 01:29:39] - https://a4.zyzhang.com/index.xml
[2025-07-03 01:29:39] - https://www.douban.com/feed/review/book
[2025-07-03 02:33:21] 本次订阅抓取结果统计:
[2025-07-03 02:33:21] 共 46 条RSS, 成功抓取 45 条.
[2025-07-03 02:33:21] ✘ 有 1 条订阅解析失败:
[2025-07-03 02:33:21] - https://tcxx.info/feed
[2025-07-03 02:33:21] ✘ 有 4 条订阅头像无法访问, 已使用默认头像:
[2025-07-03 02:33:21] - http://feeds.feedburner.com/ruanyifeng
[2025-07-03 02:33:21] - https://www.loyhome.com/feed
[2025-07-03 02:33:21] - https://a4.zyzhang.com/index.xml
[2025-07-03 02:33:21] - https://www.douban.com/feed/review/book
[2025-07-03 03:25:44] 本次订阅抓取结果统计:
[2025-07-03 03:25:44] 共 46 条RSS, 成功抓取 45 条.
[2025-07-03 03:25:44] ✘ 有 1 条订阅解析失败:
[2025-07-03 03:25:44] - https://tcxx.info/feed
[2025-07-03 03:25:44] ✘ 有 5 条订阅头像无法访问, 已使用默认头像:
[2025-07-03 03:25:44] - http://feeds.feedburner.com/ruanyifeng
[2025-07-03 03:25:44] - https://www.loyhome.com/feed
[2025-07-03 03:25:44] - https://a4.zyzhang.com/index.xml
[2025-07-03 03:25:44] - https://www.douban.com/feed/review/book
[2025-07-03 03:25:44] - https://feeds.appinn.com/appinns/
[2025-07-03 04:09:26] 本次订阅抓取结果统计:
[2025-07-03 04:09:26] 共 46 条RSS, 成功抓取 45 条.
[2025-07-03 04:09:26] ✘ 有 1 条订阅解析失败:
[2025-07-03 04:09:26] - https://tcxx.info/feed
[2025-07-03 04:09:26] ✘ 有 4 条订阅头像无法访问, 已使用默认头像:
[2025-07-03 04:09:26] - http://feeds.feedburner.com/ruanyifeng
[2025-07-03 04:09:26] - https://www.loyhome.com/feed
[2025-07-03 04:09:26] - https://a4.zyzhang.com/index.xml
[2025-07-03 04:09:26] - https://www.douban.com/feed/review/book
[2025-07-03 05:04:03] 本次订阅抓取结果统计:
[2025-07-03 05:04:03] 共 46 条RSS, 成功抓取 45 条.
[2025-07-03 05:04:03] ✘ 有 1 条订阅解析失败:
[2025-07-03 05:04:03] - https://tcxx.info/feed
[2025-07-03 05:04:03] ✘ 有 5 条订阅头像无法访问, 已使用默认头像:
[2025-07-03 05:04:03] - http://feeds.feedburner.com/ruanyifeng
[2025-07-03 05:04:03] - https://www.loyhome.com/feed
[2025-07-03 05:04:03] - https://a4.zyzhang.com/index.xml
[2025-07-03 05:04:03] - https://www.douban.com/feed/review/book
[2025-07-03 05:04:03] - https://feeds.appinn.com/appinns/
[2025-07-03 06:02:13] 本次订阅抓取结果统计:
[2025-07-03 06:02:13] 共 46 条RSS, 成功抓取 45 条.
[2025-07-03 06:02:13] ✘ 有 1 条订阅解析失败:
[2025-07-03 06:02:13] - https://tcxx.info/feed
[2025-07-03 06:02:13] ✘ 有 5 条订阅头像无法访问, 已使用默认头像:
[2025-07-03 06:02:13] - http://feeds.feedburner.com/ruanyifeng
[2025-07-03 06:02:13] - https://www.loyhome.com/feed
[2025-07-03 06:02:13] - https://a4.zyzhang.com/index.xml
[2025-07-03 06:02:13] - https://www.douban.com/feed/review/book
[2025-07-03 06:02:13] - https://feeds.appinn.com/appinns/
[2025-07-03 07:02:29] 本次订阅抓取结果统计:
[2025-07-03 07:02:29] 共 46 条RSS, 成功抓取 45 条.
[2025-07-03 07:02:29] ✘ 有 1 条订阅解析失败:
[2025-07-03 07:02:29] - https://tcxx.info/feed
[2025-07-03 07:02:29] ✘ 有 4 条订阅头像无法访问, 已使用默认头像:
[2025-07-03 07:02:29] - http://feeds.feedburner.com/ruanyifeng
[2025-07-03 07:02:29] - https://www.loyhome.com/feed
[2025-07-03 07:02:29] - https://a4.zyzhang.com/index.xml
[2025-07-03 07:02:29] - https://www.douban.com/feed/review/book
[2025-07-03 08:02:11] 本次订阅抓取结果统计:
[2025-07-03 08:02:11] 共 46 条RSS, 成功抓取 45 条.
[2025-07-03 08:02:11] ✘ 有 1 条订阅解析失败:
[2025-07-03 08:02:11] - https://tcxx.info/feed
[2025-07-03 08:02:11] ✘ 有 4 条订阅头像无法访问, 已使用默认头像:
[2025-07-03 08:02:11] - http://feeds.feedburner.com/ruanyifeng
[2025-07-03 08:02:11] - https://www.loyhome.com/feed
[2025-07-03 08:02:11] - https://a4.zyzhang.com/index.xml
[2025-07-03 08:02:11] - https://www.douban.com/feed/review/book
[2025-07-03 09:02:15] 本次订阅抓取结果统计:
[2025-07-03 09:02:15] 共 46 条RSS, 成功抓取 45 条.
[2025-07-03 09:02:15] ✘ 有 1 条订阅解析失败:
[2025-07-03 09:02:15] - https://tcxx.info/feed
[2025-07-03 09:02:15] ✘ 有 4 条订阅头像无法访问, 已使用默认头像:
[2025-07-03 09:02:15] - http://feeds.feedburner.com/ruanyifeng
[2025-07-03 09:02:15] - https://www.loyhome.com/feed
[2025-07-03 09:02:15] - https://a4.zyzhang.com/index.xml
[2025-07-03 09:02:15] - https://www.douban.com/feed/review/book
[2025-07-03 10:01:46] 本次订阅抓取结果统计:
[2025-07-03 10:01:46] 共 46 条RSS, 成功抓取 45 条.
[2025-07-03 10:01:46] ✘ 有 1 条订阅解析失败:
[2025-07-03 10:01:46] - https://tcxx.info/feed
[2025-07-03 10:01:46] ✘ 有 4 条订阅头像无法访问, 已使用默认头像:
[2025-07-03 10:01:46] - http://feeds.feedburner.com/ruanyifeng
[2025-07-03 10:01:46] - https://www.loyhome.com/feed
[2025-07-03 10:01:46] - https://a4.zyzhang.com/index.xml
[2025-07-03 10:01:46] - https://www.douban.com/feed/review/book
[2025-07-03 11:01:39] 本次订阅抓取结果统计:
[2025-07-03 11:01:39] 共 46 条RSS, 成功抓取 45 条.
[2025-07-03 11:01:39] ✘ 有 1 条订阅解析失败:
[2025-07-03 11:01:39] - https://tcxx.info/feed
[2025-07-03 11:01:39] ✘ 有 5 条订阅头像无法访问, 已使用默认头像:
[2025-07-03 11:01:39] - http://feeds.feedburner.com/ruanyifeng
[2025-07-03 11:01:39] - https://www.loyhome.com/feed
[2025-07-03 11:01:39] - https://a4.zyzhang.com/index.xml
[2025-07-03 11:01:39] - https://www.douban.com/feed/review/book
[2025-07-03 11:01:39] - https://feeds.appinn.com/appinns/
[2025-07-03 12:02:24] 本次订阅抓取结果统计:
[2025-07-03 12:02:24] 共 46 条RSS, 成功抓取 45 条.
[2025-07-03 12:02:24] ✘ 有 1 条订阅解析失败:
[2025-07-03 12:02:24] - https://tcxx.info/feed
[2025-07-03 12:02:24] ✘ 有 4 条订阅头像无法访问, 已使用默认头像:
[2025-07-03 12:02:24] - http://feeds.feedburner.com/ruanyifeng
[2025-07-03 12:02:24] - https://www.loyhome.com/feed
[2025-07-03 12:02:24] - https://a4.zyzhang.com/index.xml
[2025-07-03 12:02:24] - https://www.douban.com/feed/review/book
[2025-07-03 13:10:33] 本次订阅抓取结果统计:
[2025-07-03 13:10:33] 共 46 条RSS, 成功抓取 45 条.
[2025-07-03 13:10:33] ✘ 有 1 条订阅解析失败:
[2025-07-03 13:10:33] - https://tcxx.info/feed
[2025-07-03 13:10:33] ✘ 有 5 条订阅头像无法访问, 已使用默认头像:
[2025-07-03 13:10:33] - http://feeds.feedburner.com/ruanyifeng
[2025-07-03 13:10:33] - https://www.loyhome.com/feed
[2025-07-03 13:10:33] - https://a4.zyzhang.com/index.xml
[2025-07-03 13:10:33] - https://feeds.appinn.com/appinns/
[2025-07-03 13:10:33] - https://www.douban.com/feed/review/book
[2025-07-03 14:01:45] 本次订阅抓取结果统计:
[2025-07-03 14:01:45] 共 46 条RSS, 成功抓取 45 条.
[2025-07-03 14:01:45] ✘ 有 1 条订阅解析失败:
[2025-07-03 14:01:45] - https://tcxx.info/feed
[2025-07-03 14:01:45] ✘ 有 5 条订阅头像无法访问, 已使用默认头像:
[2025-07-03 14:01:45] - http://feeds.feedburner.com/ruanyifeng
[2025-07-03 14:01:45] - https://www.loyhome.com/feed
[2025-07-03 14:01:45] - https://a4.zyzhang.com/index.xml
[2025-07-03 14:01:45] - https://www.douban.com/feed/review/book
[2025-07-03 14:01:45] - https://feeds.appinn.com/appinns/
