[2025-10-23 00:04:38] 抓取到的文章与现有数据相同，无需更新。
[2025-10-23 01:29:41] 本次订阅抓取结果统计:
[2025-10-23 01:29:41] 共 63 条RSS, 成功抓取 56 条.
[2025-10-23 01:29:41] ✘ 有 6 条订阅解析失败:
[2025-10-23 01:29:41] - https://tcxx.info/feed
[2025-10-23 01:29:41] - https://tumutanzi.com/feed
[2025-10-23 01:29:41] - https://geekinney.com/index.xml
[2025-10-23 01:29:41] - https://suus.me/index.xml
[2025-10-23 01:29:41] - https://yinwang1.substack.com/feed
[2025-10-23 01:29:41] - https://botanwang.com/rss.xml
[2025-10-23 01:29:41] ✘ 有 1 条订阅为空:
[2025-10-23 01:29:41] - http://feeds.feedburner.com/zhihu-daily
[2025-10-23 01:29:41] ✘ 有 1 条订阅头像字段为空, 已使用默认头像:
[2025-10-23 01:29:41] - https://feed.cnblogs.com/blog/u/66551/rss/
[2025-10-23 01:29:41] ✘ 有 3 条订阅头像无法访问, 已使用默认头像:
[2025-10-23 01:29:41] - http://feeds.feedburner.com/ruanyifeng
[2025-10-23 01:29:41] - https://skywind.me/blog/feed
[2025-10-23 01:29:41] - https://www.douban.com/feed/review/book
[2025-10-23 02:28:34] 本次订阅抓取结果统计:
[2025-10-23 02:28:34] 共 63 条RSS, 成功抓取 55 条.
[2025-10-23 02:28:34] ✘ 有 7 条订阅解析失败:
[2025-10-23 02:28:34] - https://tcxx.info/feed
[2025-10-23 02:28:34] - https://tumutanzi.com/feed
[2025-10-23 02:28:34] - https://blog.yanqingshan.com/feed
[2025-10-23 02:28:34] - https://geekinney.com/index.xml
[2025-10-23 02:28:34] - https://suus.me/index.xml
[2025-10-23 02:28:34] - https://yinwang1.substack.com/feed
[2025-10-23 02:28:34] - https://botanwang.com/rss.xml
[2025-10-23 02:28:34] ✘ 有 1 条订阅为空:
[2025-10-23 02:28:34] - http://feeds.feedburner.com/zhihu-daily
[2025-10-23 02:28:34] ✘ 有 1 条订阅头像字段为空, 已使用默认头像:
[2025-10-23 02:28:34] - https://feed.cnblogs.com/blog/u/66551/rss/
[2025-10-23 02:28:34] ✘ 有 3 条订阅头像无法访问, 已使用默认头像:
[2025-10-23 02:28:34] - http://feeds.feedburner.com/ruanyifeng
[2025-10-23 02:28:34] - https://skywind.me/blog/feed
[2025-10-23 02:28:34] - https://www.douban.com/feed/review/book
[2025-10-23 03:16:37] 本次订阅抓取结果统计:
[2025-10-23 03:16:37] 共 63 条RSS, 成功抓取 56 条.
[2025-10-23 03:16:37] ✘ 有 6 条订阅解析失败:
[2025-10-23 03:16:37] - https://tumutanzi.com/feed
[2025-10-23 03:16:37] - https://tcxx.info/feed
[2025-10-23 03:16:37] - https://suus.me/index.xml
[2025-10-23 03:16:37] - https://geekinney.com/index.xml
[2025-10-23 03:16:37] - https://yinwang1.substack.com/feed
[2025-10-23 03:16:37] - https://botanwang.com/rss.xml
[2025-10-23 03:16:37] ✘ 有 1 条订阅为空:
[2025-10-23 03:16:37] - http://feeds.feedburner.com/zhihu-daily
[2025-10-23 03:16:37] ✘ 有 1 条订阅头像字段为空, 已使用默认头像:
[2025-10-23 03:16:37] - https://feed.cnblogs.com/blog/u/66551/rss/
[2025-10-23 03:16:37] ✘ 有 3 条订阅头像无法访问, 已使用默认头像:
[2025-10-23 03:16:37] - http://feeds.feedburner.com/ruanyifeng
[2025-10-23 03:16:37] - https://skywind.me/blog/feed
[2025-10-23 03:16:37] - https://www.douban.com/feed/review/book
[2025-10-23 04:02:01] 抓取到的文章与现有数据相同，无需更新。
[2025-10-23 05:01:53] 本次订阅抓取结果统计:
[2025-10-23 05:01:53] 共 63 条RSS, 成功抓取 55 条.
[2025-10-23 05:01:53] ✘ 有 7 条订阅解析失败:
[2025-10-23 05:01:53] - https://tumutanzi.com/feed
[2025-10-23 05:01:53] - https://tcxx.info/feed
[2025-10-23 05:01:53] - https://blog.yanqingshan.com/feed
[2025-10-23 05:01:53] - https://geekinney.com/index.xml
[2025-10-23 05:01:53] - https://suus.me/index.xml
[2025-10-23 05:01:53] - https://yinwang1.substack.com/feed
[2025-10-23 05:01:53] - https://botanwang.com/rss.xml
[2025-10-23 05:01:53] ✘ 有 1 条订阅为空:
[2025-10-23 05:01:53] - http://feeds.feedburner.com/zhihu-daily
[2025-10-23 05:01:53] ✘ 有 1 条订阅头像字段为空, 已使用默认头像:
[2025-10-23 05:01:53] - https://feed.cnblogs.com/blog/u/66551/rss/
[2025-10-23 05:01:53] ✘ 有 3 条订阅头像无法访问, 已使用默认头像:
[2025-10-23 05:01:53] - http://feeds.feedburner.com/ruanyifeng
[2025-10-23 05:01:53] - https://skywind.me/blog/feed
[2025-10-23 05:01:53] - https://www.douban.com/feed/review/book
[2025-10-23 06:02:06] 本次订阅抓取结果统计:
[2025-10-23 06:02:06] 共 63 条RSS, 成功抓取 56 条.
[2025-10-23 06:02:06] ✘ 有 6 条订阅解析失败:
[2025-10-23 06:02:06] - https://tcxx.info/feed
[2025-10-23 06:02:06] - https://tumutanzi.com/feed
[2025-10-23 06:02:06] - https://suus.me/index.xml
[2025-10-23 06:02:06] - https://geekinney.com/index.xml
[2025-10-23 06:02:06] - https://yinwang1.substack.com/feed
[2025-10-23 06:02:06] - https://botanwang.com/rss.xml
[2025-10-23 06:02:06] ✘ 有 1 条订阅为空:
[2025-10-23 06:02:06] - http://feeds.feedburner.com/zhihu-daily
[2025-10-23 06:02:06] ✘ 有 1 条订阅头像字段为空, 已使用默认头像:
[2025-10-23 06:02:06] - https://feed.cnblogs.com/blog/u/66551/rss/
[2025-10-23 06:02:06] ✘ 有 3 条订阅头像无法访问, 已使用默认头像:
[2025-10-23 06:02:06] - http://feeds.feedburner.com/ruanyifeng
[2025-10-23 06:02:06] - https://skywind.me/blog/feed
[2025-10-23 06:02:06] - https://www.douban.com/feed/review/book
[2025-10-23 07:02:09] 抓取到的文章与现有数据相同，无需更新。
[2025-10-23 08:02:38] 本次订阅抓取结果统计:
[2025-10-23 08:02:38] 共 63 条RSS, 成功抓取 55 条.
[2025-10-23 08:02:38] ✘ 有 7 条订阅解析失败:
[2025-10-23 08:02:38] - https://tcxx.info/feed
[2025-10-23 08:02:38] - https://blog.yanqingshan.com/feed
[2025-10-23 08:02:38] - https://tumutanzi.com/feed
[2025-10-23 08:02:38] - https://geekinney.com/index.xml
[2025-10-23 08:02:38] - https://suus.me/index.xml
[2025-10-23 08:02:38] - https://yinwang1.substack.com/feed
[2025-10-23 08:02:38] - https://botanwang.com/rss.xml
[2025-10-23 08:02:38] ✘ 有 1 条订阅为空:
[2025-10-23 08:02:38] - http://feeds.feedburner.com/zhihu-daily
[2025-10-23 08:02:38] ✘ 有 1 条订阅头像字段为空, 已使用默认头像:
[2025-10-23 08:02:38] - https://feed.cnblogs.com/blog/u/66551/rss/
[2025-10-23 08:02:38] ✘ 有 3 条订阅头像无法访问, 已使用默认头像:
[2025-10-23 08:02:38] - http://feeds.feedburner.com/ruanyifeng
[2025-10-23 08:02:38] - https://skywind.me/blog/feed
[2025-10-23 08:02:38] - https://www.douban.com/feed/review/book
[2025-10-23 09:01:57] 本次订阅抓取结果统计:
[2025-10-23 09:01:57] 共 63 条RSS, 成功抓取 56 条.
[2025-10-23 09:01:57] ✘ 有 6 条订阅解析失败:
[2025-10-23 09:01:57] - https://tcxx.info/feed
[2025-10-23 09:01:57] - https://tumutanzi.com/feed
[2025-10-23 09:01:57] - https://suus.me/index.xml
[2025-10-23 09:01:57] - https://geekinney.com/index.xml
[2025-10-23 09:01:57] - https://yinwang1.substack.com/feed
[2025-10-23 09:01:57] - https://botanwang.com/rss.xml
[2025-10-23 09:01:57] ✘ 有 1 条订阅为空:
[2025-10-23 09:01:57] - http://feeds.feedburner.com/zhihu-daily
[2025-10-23 09:01:57] ✘ 有 1 条订阅头像字段为空, 已使用默认头像:
[2025-10-23 09:01:57] - https://feed.cnblogs.com/blog/u/66551/rss/
[2025-10-23 09:01:57] ✘ 有 3 条订阅头像无法访问, 已使用默认头像:
[2025-10-23 09:01:57] - http://feeds.feedburner.com/ruanyifeng
[2025-10-23 09:01:57] - https://skywind.me/blog/feed
[2025-10-23 09:01:57] - https://www.douban.com/feed/review/book
