[2025-04-03 01:17:02] 本次订阅抓取结果统计:
[2025-04-03 01:17:02] 共 28 条RSS, 成功抓取 26 条.
[2025-04-03 01:17:02] ✘ 有 2 条订阅解析失败:
[2025-04-03 01:17:02] - https://geekinney.com/index.xml
[2025-04-03 01:17:02] - https://limboy.me/index.xml
[2025-04-03 01:17:02] ✘ 有 2 条订阅头像无法访问, 已使用默认头像:
[2025-04-03 01:17:02] - http://feeds.feedburner.com/ruanyifeng
[2025-04-03 01:17:02] - https://www.loyhome.com/feed
[2025-04-03 02:58:06] 本次订阅抓取结果统计:
[2025-04-03 02:58:06] 共 28 条RSS, 成功抓取 27 条.
[2025-04-03 02:58:06] ✘ 有 1 条订阅解析失败:
[2025-04-03 02:58:06] - https://geekinney.com/index.xml
[2025-04-03 02:58:06] ✘ 有 2 条订阅头像无法访问, 已使用默认头像:
[2025-04-03 02:58:06] - http://feeds.feedburner.com/ruanyifeng
[2025-04-03 02:58:06] - https://www.loyhome.com/feed
[2025-04-03 03:35:56] 本次订阅抓取结果统计:
[2025-04-03 03:35:56] 共 28 条RSS, 成功抓取 27 条.
[2025-04-03 03:35:56] ✘ 有 1 条订阅解析失败:
[2025-04-03 03:35:56] - https://geekinney.com/index.xml
[2025-04-03 03:35:56] ✘ 有 2 条订阅头像无法访问, 已使用默认头像:
[2025-04-03 03:35:56] - http://feeds.feedburner.com/ruanyifeng
[2025-04-03 03:35:56] - https://www.loyhome.com/feed
[2025-04-03 04:20:40] 本次订阅抓取结果统计:
[2025-04-03 04:20:40] 共 28 条RSS, 成功抓取 27 条.
[2025-04-03 04:20:40] ✘ 有 1 条订阅解析失败:
[2025-04-03 04:20:40] - https://geekinney.com/index.xml
[2025-04-03 04:20:40] ✘ 有 3 条订阅头像无法访问, 已使用默认头像:
[2025-04-03 04:20:40] - https://tcxx.info/feed
[2025-04-03 04:20:40] - http://feeds.feedburner.com/ruanyifeng
[2025-04-03 04:20:40] - https://www.loyhome.com/feed
[2025-04-03 05:16:54] 本次订阅抓取结果统计:
[2025-04-03 05:16:54] 共 28 条RSS, 成功抓取 27 条.
[2025-04-03 05:16:54] ✘ 有 1 条订阅解析失败:
[2025-04-03 05:16:54] - https://geekinney.com/index.xml
[2025-04-03 05:16:54] ✘ 有 3 条订阅头像无法访问, 已使用默认头像:
[2025-04-03 05:16:54] - https://tcxx.info/feed
[2025-04-03 05:16:54] - http://feeds.feedburner.com/ruanyifeng
[2025-04-03 05:16:54] - https://www.loyhome.com/feed
[2025-04-03 06:24:21] 本次订阅抓取结果统计:
[2025-04-03 06:24:21] 共 28 条RSS, 成功抓取 27 条.
[2025-04-03 06:24:21] ✘ 有 1 条订阅解析失败:
[2025-04-03 06:24:21] - https://geekinney.com/index.xml
[2025-04-03 06:24:21] ✘ 有 3 条订阅头像无法访问, 已使用默认头像:
[2025-04-03 06:24:21] - https://tcxx.info/feed
[2025-04-03 06:24:21] - http://feeds.feedburner.com/ruanyifeng
[2025-04-03 06:24:21] - https://www.loyhome.com/feed
[2025-04-03 07:17:11] 本次订阅抓取结果统计:
[2025-04-03 07:17:11] 共 28 条RSS, 成功抓取 27 条.
[2025-04-03 07:17:11] ✘ 有 1 条订阅解析失败:
[2025-04-03 07:17:11] - https://geekinney.com/index.xml
[2025-04-03 07:17:11] ✘ 有 2 条订阅头像无法访问, 已使用默认头像:
[2025-04-03 07:17:11] - http://feeds.feedburner.com/ruanyifeng
[2025-04-03 07:17:11] - https://www.loyhome.com/feed
[2025-04-03 08:22:53] 本次订阅抓取结果统计:
[2025-04-03 08:22:53] 共 28 条RSS, 成功抓取 26 条.
[2025-04-03 08:22:53] ✘ 有 2 条订阅解析失败:
[2025-04-03 08:22:53] - https://tcxx.info/feed
[2025-04-03 08:22:53] - https://geekinney.com/index.xml
[2025-04-03 08:22:53] ✘ 有 2 条订阅头像无法访问, 已使用默认头像:
[2025-04-03 08:22:53] - http://feeds.feedburner.com/ruanyifeng
[2025-04-03 08:22:53] - https://www.loyhome.com/feed
[2025-04-03 09:19:01] 本次订阅抓取结果统计:
[2025-04-03 09:19:01] 共 28 条RSS, 成功抓取 27 条.
[2025-04-03 09:19:01] ✘ 有 1 条订阅解析失败:
[2025-04-03 09:19:01] - https://geekinney.com/index.xml
[2025-04-03 09:19:01] ✘ 有 2 条订阅头像无法访问, 已使用默认头像:
[2025-04-03 09:19:01] - http://feeds.feedburner.com/ruanyifeng
[2025-04-03 09:19:01] - https://www.loyhome.com/feed
[2025-04-03 10:17:53] 本次订阅抓取结果统计:
[2025-04-03 10:17:53] 共 28 条RSS, 成功抓取 27 条.
[2025-04-03 10:17:53] ✘ 有 1 条订阅解析失败:
[2025-04-03 10:17:53] - https://geekinney.com/index.xml
[2025-04-03 10:17:53] ✘ 有 2 条订阅头像无法访问, 已使用默认头像:
[2025-04-03 10:17:53] - http://feeds.feedburner.com/ruanyifeng
[2025-04-03 10:17:53] - https://www.loyhome.com/feed
[2025-04-03 11:15:05] 本次订阅抓取结果统计:
[2025-04-03 11:15:05] 共 28 条RSS, 成功抓取 27 条.
[2025-04-03 11:15:05] ✘ 有 1 条订阅解析失败:
[2025-04-03 11:15:05] - https://geekinney.com/index.xml
[2025-04-03 11:15:05] ✘ 有 2 条订阅头像无法访问, 已使用默认头像:
[2025-04-03 11:15:05] - http://feeds.feedburner.com/ruanyifeng
[2025-04-03 11:15:05] - https://www.loyhome.com/feed
[2025-04-03 12:33:38] 本次订阅抓取结果统计:
[2025-04-03 12:33:38] 共 28 条RSS, 成功抓取 27 条.
[2025-04-03 12:33:38] ✘ 有 1 条订阅解析失败:
[2025-04-03 12:33:38] - https://geekinney.com/index.xml
[2025-04-03 12:33:38] ✘ 有 3 条订阅头像无法访问, 已使用默认头像:
[2025-04-03 12:33:38] - https://tcxx.info/feed
[2025-04-03 12:33:38] - http://feeds.feedburner.com/ruanyifeng
[2025-04-03 12:33:38] - https://www.loyhome.com/feed
[2025-04-03 13:26:26] 本次订阅抓取结果统计:
[2025-04-03 13:26:26] 共 28 条RSS, 成功抓取 27 条.
[2025-04-03 13:26:26] ✘ 有 1 条订阅解析失败:
[2025-04-03 13:26:26] - https://geekinney.com/index.xml
[2025-04-03 13:26:26] ✘ 有 3 条订阅头像无法访问, 已使用默认头像:
[2025-04-03 13:26:26] - http://feeds.feedburner.com/ruanyifeng
[2025-04-03 13:26:26] - https://www.loyhome.com/feed
[2025-04-03 13:26:26] - https://xyzbz.cn/feed
[2025-04-03 14:16:39] 本次订阅抓取结果统计:
[2025-04-03 14:16:39] 共 28 条RSS, 成功抓取 27 条.
[2025-04-03 14:16:39] ✘ 有 1 条订阅解析失败:
[2025-04-03 14:16:39] - https://geekinney.com/index.xml
[2025-04-03 14:16:39] ✘ 有 2 条订阅头像无法访问, 已使用默认头像:
[2025-04-03 14:16:39] - http://feeds.feedburner.com/ruanyifeng
[2025-04-03 14:16:39] - https://www.loyhome.com/feed
[2025-04-03 15:16:14] 本次订阅抓取结果统计:
[2025-04-03 15:16:14] 共 28 条RSS, 成功抓取 27 条.
[2025-04-03 15:16:14] ✘ 有 1 条订阅解析失败:
[2025-04-03 15:16:14] - https://geekinney.com/index.xml
[2025-04-03 15:16:14] ✘ 有 2 条订阅头像无法访问, 已使用默认头像:
[2025-04-03 15:16:14] - https://www.loyhome.com/feed
[2025-04-03 15:16:14] - http://feeds.feedburner.com/ruanyifeng
[2025-04-03 16:20:39] 本次订阅抓取结果统计:
[2025-04-03 16:20:39] 共 28 条RSS, 成功抓取 27 条.
[2025-04-03 16:20:39] ✘ 有 1 条订阅解析失败:
[2025-04-03 16:20:39] - https://geekinney.com/index.xml
[2025-04-03 16:20:39] ✘ 有 3 条订阅头像无法访问, 已使用默认头像:
[2025-04-03 16:20:39] - http://feeds.feedburner.com/ruanyifeng
[2025-04-03 16:20:39] - https://www.loyhome.com/feed
[2025-04-03 16:20:39] - https://xyzbz.cn/feed
[2025-04-03 17:15:08] 本次订阅抓取结果统计:
[2025-04-03 17:15:08] 共 28 条RSS, 成功抓取 26 条.
[2025-04-03 17:15:08] ✘ 有 2 条订阅解析失败:
[2025-04-03 17:15:08] - https://tcxx.info/feed
[2025-04-03 17:15:08] - https://geekinney.com/index.xml
[2025-04-03 17:15:08] ✘ 有 2 条订阅头像无法访问, 已使用默认头像:
[2025-04-03 17:15:08] - http://feeds.feedburner.com/ruanyifeng
[2025-04-03 17:15:08] - https://www.loyhome.com/feed
[2025-04-03 18:22:54] 本次订阅抓取结果统计:
[2025-04-03 18:22:54] 共 28 条RSS, 成功抓取 27 条.
[2025-04-03 18:22:54] ✘ 有 1 条订阅解析失败:
[2025-04-03 18:22:54] - https://geekinney.com/index.xml
[2025-04-03 18:22:54] ✘ 有 4 条订阅头像无法访问, 已使用默认头像:
[2025-04-03 18:22:54] - https://tcxx.info/feed
[2025-04-03 18:22:54] - http://feeds.feedburner.com/ruanyifeng
[2025-04-03 18:22:54] - https://www.loyhome.com/feed
[2025-04-03 18:22:54] - https://xyzbz.cn/feed
[2025-04-03 19:13:46] 本次订阅抓取结果统计:
[2025-04-03 19:13:46] 共 28 条RSS, 成功抓取 26 条.
[2025-04-03 19:13:46] ✘ 有 2 条订阅解析失败:
[2025-04-03 19:13:46] - https://geekinney.com/index.xml
[2025-04-03 19:13:46] - https://tcxx.info/feed
[2025-04-03 19:13:46] ✘ 有 2 条订阅头像无法访问, 已使用默认头像:
[2025-04-03 19:13:46] - https://www.loyhome.com/feed
[2025-04-03 19:13:46] - http://feeds.feedburner.com/ruanyifeng
