[2025-08-24 00:04:37] 抓取到的文章与现有数据相同，无需更新。
[2025-08-24 01:30:57] 本次订阅抓取结果统计:
[2025-08-24 01:30:57] 共 57 条RSS, 成功抓取 52 条.
[2025-08-24 01:30:57] ✘ 有 5 条订阅解析失败:
[2025-08-24 01:30:57] - https://tumutanzi.com/feed
[2025-08-24 01:30:57] - https://tcxx.info/feed
[2025-08-24 01:30:57] - https://yinwang1.substack.com/feed
[2025-08-24 01:30:57] - https://botanwang.com/rss.xml
[2025-08-24 01:30:57] - https://diygod.cc/feed
[2025-08-24 01:30:57] ✘ 有 1 条订阅头像字段为空, 已使用默认头像:
[2025-08-24 01:30:57] - https://feed.cnblogs.com/blog/u/66551/rss/
[2025-08-24 01:30:57] ✘ 有 7 条订阅头像无法访问, 已使用默认头像:
[2025-08-24 01:30:57] - http://feeds.feedburner.com/ruanyifeng
[2025-08-24 01:30:57] - https://www.loyhome.com/feed
[2025-08-24 01:30:57] - https://a4.zyzhang.com/index.xml
[2025-08-24 01:30:57] - https://www.geedea.pro/index.xml
[2025-08-24 01:30:57] - https://laike9m.com/blog/rss/
[2025-08-24 01:30:57] - https://skywind.me/blog/feed
[2025-08-24 01:30:57] - https://www.douban.com/feed/review/book
[2025-08-24 02:33:21] 本次订阅抓取结果统计:
[2025-08-24 02:33:21] 共 57 条RSS, 成功抓取 53 条.
[2025-08-24 02:33:21] ✘ 有 4 条订阅解析失败:
[2025-08-24 02:33:21] - https://tcxx.info/feed
[2025-08-24 02:33:21] - https://tumutanzi.com/feed
[2025-08-24 02:33:21] - https://yinwang1.substack.com/feed
[2025-08-24 02:33:21] - https://botanwang.com/rss.xml
[2025-08-24 02:33:21] ✘ 有 1 条订阅头像字段为空, 已使用默认头像:
[2025-08-24 02:33:21] - https://feed.cnblogs.com/blog/u/66551/rss/
[2025-08-24 02:33:21] ✘ 有 7 条订阅头像无法访问, 已使用默认头像:
[2025-08-24 02:33:21] - http://feeds.feedburner.com/ruanyifeng
[2025-08-24 02:33:21] - https://www.loyhome.com/feed
[2025-08-24 02:33:21] - https://www.geedea.pro/index.xml
[2025-08-24 02:33:21] - https://a4.zyzhang.com/index.xml
[2025-08-24 02:33:21] - https://skywind.me/blog/feed
[2025-08-24 02:33:21] - https://laike9m.com/blog/rss/
[2025-08-24 02:33:21] - https://www.douban.com/feed/review/book
[2025-08-24 03:24:35] 本次订阅抓取结果统计:
[2025-08-24 03:24:35] 共 57 条RSS, 成功抓取 53 条.
[2025-08-24 03:24:35] ✘ 有 4 条订阅解析失败:
[2025-08-24 03:24:35] - https://tumutanzi.com/feed
[2025-08-24 03:24:35] - https://tcxx.info/feed
[2025-08-24 03:24:35] - https://yinwang1.substack.com/feed
[2025-08-24 03:24:35] - https://botanwang.com/rss.xml
[2025-08-24 03:24:35] ✘ 有 1 条订阅头像字段为空, 已使用默认头像:
[2025-08-24 03:24:35] - https://feed.cnblogs.com/blog/u/66551/rss/
[2025-08-24 03:24:35] ✘ 有 8 条订阅头像无法访问, 已使用默认头像:
[2025-08-24 03:24:35] - http://feeds.feedburner.com/ruanyifeng
[2025-08-24 03:24:35] - https://www.loyhome.com/feed
[2025-08-24 03:24:35] - https://www.geedea.pro/index.xml
[2025-08-24 03:24:35] - https://a4.zyzhang.com/index.xml
[2025-08-24 03:24:35] - https://skywind.me/blog/feed
[2025-08-24 03:24:35] - https://xyzbz.cn/feed
[2025-08-24 03:24:35] - https://laike9m.com/blog/rss/
[2025-08-24 03:24:35] - https://www.douban.com/feed/review/book
[2025-08-24 04:05:37] 抓取到的文章与现有数据相同，无需更新。
[2025-08-24 05:02:09] 本次订阅抓取结果统计:
[2025-08-24 05:02:09] 共 57 条RSS, 成功抓取 52 条.
[2025-08-24 05:02:09] ✘ 有 5 条订阅解析失败:
[2025-08-24 05:02:09] - https://tcxx.info/feed
[2025-08-24 05:02:09] - https://tumutanzi.com/feed
[2025-08-24 05:02:09] - https://yinwang1.substack.com/feed
[2025-08-24 05:02:09] - https://botanwang.com/rss.xml
[2025-08-24 05:02:09] - https://www.luzhaojun.com/feed
[2025-08-24 05:02:09] ✘ 有 1 条订阅头像字段为空, 已使用默认头像:
[2025-08-24 05:02:09] - https://feed.cnblogs.com/blog/u/66551/rss/
[2025-08-24 05:02:09] ✘ 有 7 条订阅头像无法访问, 已使用默认头像:
[2025-08-24 05:02:09] - http://feeds.feedburner.com/ruanyifeng
[2025-08-24 05:02:09] - https://www.loyhome.com/feed
[2025-08-24 05:02:09] - https://www.geedea.pro/index.xml
[2025-08-24 05:02:09] - https://a4.zyzhang.com/index.xml
[2025-08-24 05:02:09] - https://skywind.me/blog/feed
[2025-08-24 05:02:09] - https://laike9m.com/blog/rss/
[2025-08-24 05:02:09] - https://www.douban.com/feed/review/book
[2025-08-24 06:01:53] 本次订阅抓取结果统计:
[2025-08-24 06:01:53] 共 57 条RSS, 成功抓取 53 条.
[2025-08-24 06:01:53] ✘ 有 4 条订阅解析失败:
[2025-08-24 06:01:53] - https://tumutanzi.com/feed
[2025-08-24 06:01:53] - https://tcxx.info/feed
[2025-08-24 06:01:53] - https://yinwang1.substack.com/feed
[2025-08-24 06:01:53] - https://botanwang.com/rss.xml
[2025-08-24 06:01:53] ✘ 有 1 条订阅头像字段为空, 已使用默认头像:
[2025-08-24 06:01:53] - https://feed.cnblogs.com/blog/u/66551/rss/
[2025-08-24 06:01:53] ✘ 有 7 条订阅头像无法访问, 已使用默认头像:
[2025-08-24 06:01:53] - http://feeds.feedburner.com/ruanyifeng
[2025-08-24 06:01:53] - https://www.loyhome.com/feed
[2025-08-24 06:01:53] - https://a4.zyzhang.com/index.xml
[2025-08-24 06:01:53] - https://www.geedea.pro/index.xml
[2025-08-24 06:01:53] - https://skywind.me/blog/feed
[2025-08-24 06:01:53] - https://laike9m.com/blog/rss/
[2025-08-24 06:01:53] - https://www.douban.com/feed/review/book
[2025-08-24 07:01:39] 抓取到的文章与现有数据相同，无需更新。
[2025-08-24 08:02:07] 抓取到的文章与现有数据相同，无需更新。
[2025-08-24 09:01:50] 抓取到的文章与现有数据相同，无需更新。
[2025-08-24 10:01:37] 抓取到的文章与现有数据相同，无需更新。
[2025-08-24 11:01:36] 本次订阅抓取结果统计:
[2025-08-24 11:01:36] 共 57 条RSS, 成功抓取 53 条.
[2025-08-24 11:01:36] ✘ 有 4 条订阅解析失败:
[2025-08-24 11:01:36] - https://tcxx.info/feed
[2025-08-24 11:01:36] - https://tumutanzi.com/feed
[2025-08-24 11:01:36] - https://yinwang1.substack.com/feed
[2025-08-24 11:01:36] - https://botanwang.com/rss.xml
[2025-08-24 11:01:36] ✘ 有 1 条订阅头像字段为空, 已使用默认头像:
[2025-08-24 11:01:36] - https://feed.cnblogs.com/blog/u/66551/rss/
[2025-08-24 11:01:36] ✘ 有 7 条订阅头像无法访问, 已使用默认头像:
[2025-08-24 11:01:36] - http://feeds.feedburner.com/ruanyifeng
[2025-08-24 11:01:36] - https://www.loyhome.com/feed
[2025-08-24 11:01:36] - https://www.geedea.pro/index.xml
[2025-08-24 11:01:36] - https://a4.zyzhang.com/index.xml
[2025-08-24 11:01:36] - https://skywind.me/blog/feed
[2025-08-24 11:01:36] - https://laike9m.com/blog/rss/
[2025-08-24 11:01:36] - https://www.douban.com/feed/review/book
[2025-08-24 12:02:17] 本次订阅抓取结果统计:
[2025-08-24 12:02:17] 共 57 条RSS, 成功抓取 53 条.
[2025-08-24 12:02:17] ✘ 有 4 条订阅解析失败:
[2025-08-24 12:02:17] - https://tcxx.info/feed
[2025-08-24 12:02:17] - https://tumutanzi.com/feed
[2025-08-24 12:02:17] - https://yinwang1.substack.com/feed
[2025-08-24 12:02:17] - https://botanwang.com/rss.xml
[2025-08-24 12:02:17] ✘ 有 1 条订阅头像字段为空, 已使用默认头像:
[2025-08-24 12:02:17] - https://feed.cnblogs.com/blog/u/66551/rss/
[2025-08-24 12:02:17] ✘ 有 7 条订阅头像无法访问, 已使用默认头像:
[2025-08-24 12:02:17] - http://feeds.feedburner.com/ruanyifeng
[2025-08-24 12:02:17] - https://www.loyhome.com/feed
[2025-08-24 12:02:17] - https://a4.zyzhang.com/index.xml
[2025-08-24 12:02:17] - https://www.geedea.pro/index.xml
[2025-08-24 12:02:17] - https://laike9m.com/blog/rss/
[2025-08-24 12:02:17] - https://skywind.me/blog/feed
[2025-08-24 12:02:17] - https://www.douban.com/feed/review/book
[2025-08-24 13:07:19] 抓取到的文章与现有数据相同，无需更新。
[2025-08-24 14:01:47] 抓取到的文章与现有数据相同，无需更新。
[2025-08-24 15:01:38] 抓取到的文章与现有数据相同，无需更新。
[2025-08-24 16:01:58] 本次订阅抓取结果统计:
[2025-08-24 16:01:58] 共 57 条RSS, 成功抓取 53 条.
[2025-08-24 16:01:58] ✘ 有 4 条订阅解析失败:
[2025-08-24 16:01:58] - https://tcxx.info/feed
[2025-08-24 16:01:58] - https://tumutanzi.com/feed
[2025-08-24 16:01:58] - https://yinwang1.substack.com/feed
[2025-08-24 16:01:58] - https://botanwang.com/rss.xml
[2025-08-24 16:01:58] ✘ 有 1 条订阅头像字段为空, 已使用默认头像:
[2025-08-24 16:01:58] - https://feed.cnblogs.com/blog/u/66551/rss/
[2025-08-24 16:01:58] ✘ 有 7 条订阅头像无法访问, 已使用默认头像:
[2025-08-24 16:01:58] - https://www.loyhome.com/feed
[2025-08-24 16:01:58] - http://feeds.feedburner.com/ruanyifeng
[2025-08-24 16:01:58] - https://a4.zyzhang.com/index.xml
[2025-08-24 16:01:58] - https://www.geedea.pro/index.xml
[2025-08-24 16:01:58] - https://skywind.me/blog/feed
[2025-08-24 16:01:58] - https://laike9m.com/blog/rss/
[2025-08-24 16:01:58] - https://www.douban.com/feed/review/book
[2025-08-24 17:01:45] 本次订阅抓取结果统计:
[2025-08-24 17:01:45] 共 57 条RSS, 成功抓取 53 条.
[2025-08-24 17:01:45] ✘ 有 4 条订阅解析失败:
[2025-08-24 17:01:45] - https://tcxx.info/feed
[2025-08-24 17:01:45] - https://tumutanzi.com/feed
[2025-08-24 17:01:45] - https://yinwang1.substack.com/feed
[2025-08-24 17:01:45] - https://botanwang.com/rss.xml
[2025-08-24 17:01:45] ✘ 有 1 条订阅头像字段为空, 已使用默认头像:
[2025-08-24 17:01:45] - https://feed.cnblogs.com/blog/u/66551/rss/
[2025-08-24 17:01:45] ✘ 有 7 条订阅头像无法访问, 已使用默认头像:
[2025-08-24 17:01:45] - http://feeds.feedburner.com/ruanyifeng
[2025-08-24 17:01:45] - https://www.loyhome.com/feed
[2025-08-24 17:01:45] - https://a4.zyzhang.com/index.xml
[2025-08-24 17:01:45] - https://www.geedea.pro/index.xml
[2025-08-24 17:01:45] - https://skywind.me/blog/feed
[2025-08-24 17:01:45] - https://laike9m.com/blog/rss/
[2025-08-24 17:01:45] - https://www.douban.com/feed/review/book
