[2025-08-30 00:04:08] 抓取到的文章与现有数据相同，无需更新。
[2025-08-30 01:29:02] 抓取到的文章与现有数据相同，无需更新。
[2025-08-30 02:25:45] 本次订阅抓取结果统计:
[2025-08-30 02:25:45] 共 57 条RSS, 成功抓取 52 条.
[2025-08-30 02:25:45] ✘ 有 5 条订阅解析失败:
[2025-08-30 02:25:45] - https://tcxx.info/feed
[2025-08-30 02:25:45] - https://tumutanzi.com/feed
[2025-08-30 02:25:45] - https://geekinney.com/index.xml
[2025-08-30 02:25:45] - https://yinwang1.substack.com/feed
[2025-08-30 02:25:45] - https://botanwang.com/rss.xml
[2025-08-30 02:25:45] ✘ 有 1 条订阅头像字段为空, 已使用默认头像:
[2025-08-30 02:25:45] - https://feed.cnblogs.com/blog/u/66551/rss/
[2025-08-30 02:25:45] ✘ 有 8 条订阅头像无法访问, 已使用默认头像:
[2025-08-30 02:25:45] - https://hwv430.blogspot.com/feeds/posts/default
[2025-08-30 02:25:45] - https://www.loyhome.com/feed
[2025-08-30 02:25:45] - http://feeds.feedburner.com/ruanyifeng
[2025-08-30 02:25:45] - https://a4.zyzhang.com/index.xml
[2025-08-30 02:25:45] - https://www.geedea.pro/index.xml
[2025-08-30 02:25:45] - https://laike9m.com/blog/rss/
[2025-08-30 02:25:45] - https://skywind.me/blog/feed
[2025-08-30 02:25:45] - https://www.douban.com/feed/review/book
