[2025-03-28 01:16:20] 本次订阅抓取结果统计:
[2025-03-28 01:16:20] 共 28 条RSS, 成功抓取 26 条.
[2025-03-28 01:16:20] ✘ 有 2 条订阅解析失败:
[2025-03-28 01:16:20] - https://tcxx.info/feed
[2025-03-28 01:16:20] - https://geekinney.com/index.xml
[2025-03-28 01:16:20] ✘ 有 2 条订阅头像无法访问, 已使用默认头像:
[2025-03-28 01:16:20] - https://www.loyhome.com/feed
[2025-03-28 01:16:20] - http://feeds.feedburner.com/ruanyifeng
[2025-03-28 02:59:15] 本次订阅抓取结果统计:
[2025-03-28 02:59:15] 共 28 条RSS, 成功抓取 27 条.
[2025-03-28 02:59:15] ✘ 有 1 条订阅解析失败:
[2025-03-28 02:59:15] - https://geekinney.com/index.xml
[2025-03-28 02:59:15] ✘ 有 3 条订阅头像无法访问, 已使用默认头像:
[2025-03-28 02:59:15] - https://tcxx.info/feed
[2025-03-28 02:59:15] - http://feeds.feedburner.com/ruanyifeng
[2025-03-28 02:59:15] - https://www.loyhome.com/feed
[2025-03-28 03:35:22] 本次订阅抓取结果统计:
[2025-03-28 03:35:22] 共 28 条RSS, 成功抓取 26 条.
[2025-03-28 03:35:22] ✘ 有 2 条订阅解析失败:
[2025-03-28 03:35:22] - https://tcxx.info/feed
[2025-03-28 03:35:22] - https://geekinney.com/index.xml
[2025-03-28 03:35:22] ✘ 有 2 条订阅头像无法访问, 已使用默认头像:
[2025-03-28 03:35:22] - http://feeds.feedburner.com/ruanyifeng
[2025-03-28 03:35:22] - https://www.loyhome.com/feed
