[2025-10-05 00:04:46] 本次订阅抓取结果统计:
[2025-10-05 00:04:46] 共 60 条RSS, 成功抓取 51 条.
[2025-10-05 00:04:46] ✘ 有 7 条订阅解析失败:
[2025-10-05 00:04:46] - https://tcxx.info/feed
[2025-10-05 00:04:46] - https://blog.ursb.me/feed.xml
[2025-10-05 00:04:46] - https://tumutanzi.com/feed
[2025-10-05 00:04:46] - https://geekinney.com/index.xml
[2025-10-05 00:04:46] - https://suus.me/index.xml
[2025-10-05 00:04:46] - https://yinwang1.substack.com/feed
[2025-10-05 00:04:46] - https://botanwang.com/rss.xml
[2025-10-05 00:04:46] ✘ 有 2 条订阅为空:
[2025-10-05 00:04:46] - http://feeds.feedburner.com/zhihu-daily
[2025-10-05 00:04:46] - https://diygod.cc/feed
[2025-10-05 00:04:46] ✘ 有 1 条订阅头像字段为空, 已使用默认头像:
[2025-10-05 00:04:46] - https://feed.cnblogs.com/blog/u/66551/rss/
[2025-10-05 00:04:46] ✘ 有 7 条订阅头像无法访问, 已使用默认头像:
[2025-10-05 00:04:46] - http://feeds.feedburner.com/ruanyifeng
[2025-10-05 00:04:46] - https://www.loyhome.com/feed
[2025-10-05 00:04:46] - https://a4.zyzhang.com/index.xml
[2025-10-05 00:04:46] - https://laike9m.com/blog/rss/
[2025-10-05 00:04:46] - https://skywind.me/blog/feed
[2025-10-05 00:04:46] - https://www.douban.com/feed/review/book
[2025-10-05 00:04:46] - https://www.mrhe.net/feed
[2025-10-05 01:29:33] 本次订阅抓取结果统计:
[2025-10-05 01:29:33] 共 60 条RSS, 成功抓取 52 条.
[2025-10-05 01:29:33] ✘ 有 7 条订阅解析失败:
[2025-10-05 01:29:33] - https://blog.ursb.me/feed.xml
[2025-10-05 01:29:33] - https://tcxx.info/feed
[2025-10-05 01:29:33] - https://tumutanzi.com/feed
[2025-10-05 01:29:33] - https://geekinney.com/index.xml
[2025-10-05 01:29:33] - https://suus.me/index.xml
[2025-10-05 01:29:33] - https://yinwang1.substack.com/feed
[2025-10-05 01:29:33] - https://botanwang.com/rss.xml
[2025-10-05 01:29:33] ✘ 有 1 条订阅为空:
[2025-10-05 01:29:33] - http://feeds.feedburner.com/zhihu-daily
[2025-10-05 01:29:33] ✘ 有 1 条订阅头像字段为空, 已使用默认头像:
[2025-10-05 01:29:33] - https://feed.cnblogs.com/blog/u/66551/rss/
[2025-10-05 01:29:33] ✘ 有 7 条订阅头像无法访问, 已使用默认头像:
[2025-10-05 01:29:33] - https://www.loyhome.com/feed
[2025-10-05 01:29:33] - http://feeds.feedburner.com/ruanyifeng
[2025-10-05 01:29:33] - https://a4.zyzhang.com/index.xml
[2025-10-05 01:29:33] - https://laike9m.com/blog/rss/
[2025-10-05 01:29:33] - https://skywind.me/blog/feed
[2025-10-05 01:29:33] - https://www.douban.com/feed/review/book
[2025-10-05 01:29:33] - https://www.mrhe.net/feed
[2025-10-05 02:29:53] 本次订阅抓取结果统计:
[2025-10-05 02:29:53] 共 60 条RSS, 成功抓取 51 条.
[2025-10-05 02:29:53] ✘ 有 8 条订阅解析失败:
[2025-10-05 02:29:53] - https://blog.ursb.me/feed.xml
[2025-10-05 02:29:53] - https://tcxx.info/feed
[2025-10-05 02:29:53] - https://tumutanzi.com/feed
[2025-10-05 02:29:53] - https://geekinney.com/index.xml
[2025-10-05 02:29:53] - https://suus.me/index.xml
[2025-10-05 02:29:53] - https://yinwang1.substack.com/feed
[2025-10-05 02:29:53] - https://botanwang.com/rss.xml
[2025-10-05 02:29:53] - https://www.douban.com/feed/review/book
[2025-10-05 02:29:53] ✘ 有 1 条订阅为空:
[2025-10-05 02:29:53] - http://feeds.feedburner.com/zhihu-daily
[2025-10-05 02:29:53] ✘ 有 1 条订阅头像字段为空, 已使用默认头像:
[2025-10-05 02:29:53] - https://feed.cnblogs.com/blog/u/66551/rss/
[2025-10-05 02:29:53] ✘ 有 6 条订阅头像无法访问, 已使用默认头像:
[2025-10-05 02:29:53] - https://www.loyhome.com/feed
[2025-10-05 02:29:53] - http://feeds.feedburner.com/ruanyifeng
[2025-10-05 02:29:53] - https://a4.zyzhang.com/index.xml
[2025-10-05 02:29:53] - https://laike9m.com/blog/rss/
[2025-10-05 02:29:53] - https://skywind.me/blog/feed
[2025-10-05 02:29:53] - https://www.mrhe.net/feed
[2025-10-05 03:16:53] 本次订阅抓取结果统计:
[2025-10-05 03:16:53] 共 60 条RSS, 成功抓取 52 条.
[2025-10-05 03:16:53] ✘ 有 7 条订阅解析失败:
[2025-10-05 03:16:53] - https://blog.ursb.me/feed.xml
[2025-10-05 03:16:53] - https://tcxx.info/feed
[2025-10-05 03:16:53] - https://tumutanzi.com/feed
[2025-10-05 03:16:53] - https://geekinney.com/index.xml
[2025-10-05 03:16:53] - https://suus.me/index.xml
[2025-10-05 03:16:53] - https://yinwang1.substack.com/feed
[2025-10-05 03:16:53] - https://botanwang.com/rss.xml
[2025-10-05 03:16:53] ✘ 有 1 条订阅为空:
[2025-10-05 03:16:53] - http://feeds.feedburner.com/zhihu-daily
[2025-10-05 03:16:53] ✘ 有 1 条订阅头像字段为空, 已使用默认头像:
[2025-10-05 03:16:53] - https://feed.cnblogs.com/blog/u/66551/rss/
[2025-10-05 03:16:53] ✘ 有 7 条订阅头像无法访问, 已使用默认头像:
[2025-10-05 03:16:53] - https://www.loyhome.com/feed
[2025-10-05 03:16:53] - http://feeds.feedburner.com/ruanyifeng
[2025-10-05 03:16:53] - https://a4.zyzhang.com/index.xml
[2025-10-05 03:16:53] - https://laike9m.com/blog/rss/
[2025-10-05 03:16:53] - https://skywind.me/blog/feed
[2025-10-05 03:16:53] - https://www.douban.com/feed/review/book
[2025-10-05 03:16:53] - https://www.mrhe.net/feed
[2025-10-05 04:01:40] 抓取到的文章与现有数据相同，无需更新。
[2025-10-05 05:01:46] 抓取到的文章与现有数据相同，无需更新。
