[2025-06-22 00:04:47] 本次订阅抓取结果统计:
[2025-06-22 00:04:47] 共 45 条RSS, 成功抓取 43 条.
[2025-06-22 00:04:47] ✘ 有 2 条订阅解析失败:
[2025-06-22 00:04:47] - https://tcxx.info/feed
[2025-06-22 00:04:47] - https://limboy.me/index.xml
[2025-06-22 00:04:47] ✘ 有 4 条订阅头像无法访问, 已使用默认头像:
[2025-06-22 00:04:47] - https://www.loyhome.com/feed
[2025-06-22 00:04:47] - http://feeds.feedburner.com/ruanyifeng
[2025-06-22 00:04:47] - https://www.douban.com/feed/review/book
[2025-06-22 00:04:47] - https://feeds.appinn.com/appinns/
[2025-06-22 01:29:48] 本次订阅抓取结果统计:
[2025-06-22 01:29:48] 共 45 条RSS, 成功抓取 43 条.
[2025-06-22 01:29:48] ✘ 有 2 条订阅解析失败:
[2025-06-22 01:29:48] - https://tcxx.info/feed
[2025-06-22 01:29:48] - https://limboy.me/index.xml
[2025-06-22 01:29:48] ✘ 有 3 条订阅头像无法访问, 已使用默认头像:
[2025-06-22 01:29:48] - http://feeds.feedburner.com/ruanyifeng
[2025-06-22 01:29:48] - https://www.loyhome.com/feed
[2025-06-22 01:29:48] - https://www.douban.com/feed/review/book
[2025-06-22 02:38:01] 本次订阅抓取结果统计:
[2025-06-22 02:38:01] 共 45 条RSS, 成功抓取 43 条.
[2025-06-22 02:38:01] ✘ 有 2 条订阅解析失败:
[2025-06-22 02:38:01] - https://tcxx.info/feed
[2025-06-22 02:38:01] - https://limboy.me/index.xml
[2025-06-22 02:38:01] ✘ 有 3 条订阅头像无法访问, 已使用默认头像:
[2025-06-22 02:38:01] - http://feeds.feedburner.com/ruanyifeng
[2025-06-22 02:38:01] - https://www.loyhome.com/feed
[2025-06-22 02:38:01] - https://www.douban.com/feed/review/book
[2025-06-22 03:28:17] 本次订阅抓取结果统计:
[2025-06-22 03:28:17] 共 45 条RSS, 成功抓取 43 条.
[2025-06-22 03:28:17] ✘ 有 2 条订阅解析失败:
[2025-06-22 03:28:17] - https://tcxx.info/feed
[2025-06-22 03:28:17] - https://limboy.me/index.xml
[2025-06-22 03:28:17] ✘ 有 3 条订阅头像无法访问, 已使用默认头像:
[2025-06-22 03:28:17] - http://feeds.feedburner.com/ruanyifeng
[2025-06-22 03:28:17] - https://www.loyhome.com/feed
[2025-06-22 03:28:17] - https://www.douban.com/feed/review/book
[2025-06-22 04:08:59] 本次订阅抓取结果统计:
[2025-06-22 04:08:59] 共 45 条RSS, 成功抓取 43 条.
[2025-06-22 04:08:59] ✘ 有 2 条订阅解析失败:
[2025-06-22 04:08:59] - https://tcxx.info/feed
[2025-06-22 04:08:59] - https://limboy.me/index.xml
[2025-06-22 04:08:59] ✘ 有 3 条订阅头像无法访问, 已使用默认头像:
[2025-06-22 04:08:59] - http://feeds.feedburner.com/ruanyifeng
[2025-06-22 04:08:59] - https://www.loyhome.com/feed
[2025-06-22 04:08:59] - https://www.douban.com/feed/review/book
[2025-06-22 05:02:28] 本次订阅抓取结果统计:
[2025-06-22 05:02:28] 共 45 条RSS, 成功抓取 43 条.
[2025-06-22 05:02:28] ✘ 有 2 条订阅解析失败:
[2025-06-22 05:02:28] - https://limboy.me/index.xml
[2025-06-22 05:02:28] - https://tcxx.info/feed
[2025-06-22 05:02:28] ✘ 有 3 条订阅头像无法访问, 已使用默认头像:
[2025-06-22 05:02:28] - http://feeds.feedburner.com/ruanyifeng
[2025-06-22 05:02:28] - https://www.loyhome.com/feed
[2025-06-22 05:02:28] - https://www.douban.com/feed/review/book
