[2025-10-18 00:04:03] 抓取到的文章与现有数据相同，无需更新。
[2025-10-18 01:29:17] 本次订阅抓取结果统计:
[2025-10-18 01:29:17] 共 61 条RSS, 成功抓取 53 条.
[2025-10-18 01:29:17] ✘ 有 6 条订阅解析失败:
[2025-10-18 01:29:17] - https://tcxx.info/feed
[2025-10-18 01:29:17] - https://tumutanzi.com/feed
[2025-10-18 01:29:17] - https://geekinney.com/index.xml
[2025-10-18 01:29:17] - https://suus.me/index.xml
[2025-10-18 01:29:17] - https://yinwang1.substack.com/feed
[2025-10-18 01:29:17] - https://botanwang.com/rss.xml
[2025-10-18 01:29:17] ✘ 有 2 条订阅为空:
[2025-10-18 01:29:17] - http://feeds.feedburner.com/zhihu-daily
[2025-10-18 01:29:17] - https://diygod.cc/feed
[2025-10-18 01:29:17] ✘ 有 1 条订阅头像字段为空, 已使用默认头像:
[2025-10-18 01:29:17] - https://feed.cnblogs.com/blog/u/66551/rss/
[2025-10-18 01:29:17] ✘ 有 3 条订阅头像无法访问, 已使用默认头像:
[2025-10-18 01:29:17] - http://feeds.feedburner.com/ruanyifeng
[2025-10-18 01:29:17] - https://skywind.me/blog/feed
[2025-10-18 01:29:17] - https://www.douban.com/feed/review/book
[2025-10-18 02:24:57] 本次订阅抓取结果统计:
[2025-10-18 02:24:57] 共 61 条RSS, 成功抓取 54 条.
[2025-10-18 02:24:57] ✘ 有 6 条订阅解析失败:
[2025-10-18 02:24:57] - https://tcxx.info/feed
[2025-10-18 02:24:57] - https://tumutanzi.com/feed
[2025-10-18 02:24:57] - https://geekinney.com/index.xml
[2025-10-18 02:24:57] - https://suus.me/index.xml
[2025-10-18 02:24:57] - https://yinwang1.substack.com/feed
[2025-10-18 02:24:57] - https://botanwang.com/rss.xml
[2025-10-18 02:24:57] ✘ 有 1 条订阅为空:
[2025-10-18 02:24:57] - http://feeds.feedburner.com/zhihu-daily
[2025-10-18 02:24:57] ✘ 有 1 条订阅头像字段为空, 已使用默认头像:
[2025-10-18 02:24:57] - https://feed.cnblogs.com/blog/u/66551/rss/
[2025-10-18 02:24:57] ✘ 有 3 条订阅头像无法访问, 已使用默认头像:
[2025-10-18 02:24:57] - http://feeds.feedburner.com/ruanyifeng
[2025-10-18 02:24:57] - https://skywind.me/blog/feed
[2025-10-18 02:24:57] - https://www.douban.com/feed/review/book
