[2025-08-04 00:05:01] 本次订阅抓取结果统计:
[2025-08-04 00:05:01] 共 51 条RSS, 成功抓取 47 条.
[2025-08-04 00:05:01] ✘ 有 4 条订阅解析失败:
[2025-08-04 00:05:01] - https://tcxx.info/feed
[2025-08-04 00:05:01] - https://tumutanzi.com/feed
[2025-08-04 00:05:01] - https://www.williamlong.info/rss.xml
[2025-08-04 00:05:01] - https://yinwang1.substack.com/feed
[2025-08-04 00:05:01] ✘ 有 6 条订阅头像无法访问, 已使用默认头像:
[2025-08-04 00:05:01] - http://feeds.feedburner.com/ruanyifeng
[2025-08-04 00:05:01] - https://www.loyhome.com/feed
[2025-08-04 00:05:01] - https://a4.zyzhang.com/index.xml
[2025-08-04 00:05:01] - https://www.geedea.pro/index.xml
[2025-08-04 00:05:01] - https://www.douban.com/feed/review/book
[2025-08-04 00:05:01] - https://feeds.appinn.com/appinns/
[2025-08-04 01:30:33] 本次订阅抓取结果统计:
[2025-08-04 01:30:33] 共 51 条RSS, 成功抓取 46 条.
[2025-08-04 01:30:33] ✘ 有 5 条订阅解析失败:
[2025-08-04 01:30:33] - https://tcxx.info/feed
[2025-08-04 01:30:33] - https://tumutanzi.com/feed
[2025-08-04 01:30:33] - https://www.williamlong.info/rss.xml
[2025-08-04 01:30:33] - https://yinwang1.substack.com/feed
[2025-08-04 01:30:33] - https://www.douban.com/feed/review/book
[2025-08-04 01:30:33] ✘ 有 4 条订阅头像无法访问, 已使用默认头像:
[2025-08-04 01:30:33] - http://feeds.feedburner.com/ruanyifeng
[2025-08-04 01:30:33] - https://www.loyhome.com/feed
[2025-08-04 01:30:33] - https://a4.zyzhang.com/index.xml
[2025-08-04 01:30:33] - https://www.geedea.pro/index.xml
[2025-08-04 02:46:49] 本次订阅抓取结果统计:
[2025-08-04 02:46:49] 共 51 条RSS, 成功抓取 47 条.
[2025-08-04 02:46:49] ✘ 有 4 条订阅解析失败:
[2025-08-04 02:46:49] - https://tumutanzi.com/feed
[2025-08-04 02:46:49] - https://tcxx.info/feed
[2025-08-04 02:46:49] - https://www.williamlong.info/rss.xml
[2025-08-04 02:46:49] - https://yinwang1.substack.com/feed
[2025-08-04 02:46:49] ✘ 有 6 条订阅头像无法访问, 已使用默认头像:
[2025-08-04 02:46:49] - http://feeds.feedburner.com/ruanyifeng
[2025-08-04 02:46:49] - https://www.loyhome.com/feed
[2025-08-04 02:46:49] - https://a4.zyzhang.com/index.xml
[2025-08-04 02:46:49] - https://www.geedea.pro/index.xml
[2025-08-04 02:46:49] - https://www.douban.com/feed/review/book
[2025-08-04 02:46:49] - https://feeds.appinn.com/appinns/
[2025-08-04 03:36:26] 抓取到的文章与现有数据相同，无需更新。
[2025-08-04 04:23:54] 抓取到的文章与现有数据相同，无需更新。
[2025-08-04 05:13:07] 本次订阅抓取结果统计:
[2025-08-04 05:13:07] 共 51 条RSS, 成功抓取 47 条.
[2025-08-04 05:13:07] ✘ 有 4 条订阅解析失败:
[2025-08-04 05:13:07] - https://tcxx.info/feed
[2025-08-04 05:13:07] - https://tumutanzi.com/feed
[2025-08-04 05:13:07] - https://www.williamlong.info/rss.xml
[2025-08-04 05:13:07] - https://yinwang1.substack.com/feed
[2025-08-04 05:13:07] ✘ 有 5 条订阅头像无法访问, 已使用默认头像:
[2025-08-04 05:13:07] - http://feeds.feedburner.com/ruanyifeng
[2025-08-04 05:13:07] - https://www.loyhome.com/feed
[2025-08-04 05:13:07] - https://a4.zyzhang.com/index.xml
[2025-08-04 05:13:07] - https://www.geedea.pro/index.xml
[2025-08-04 05:13:07] - https://www.douban.com/feed/review/book
[2025-08-04 06:05:12] 抓取到的文章与现有数据相同，无需更新。
[2025-08-04 07:07:32] 抓取到的文章与现有数据相同，无需更新。
