[2025-11-15 00:05:31] 抓取到的文章与现有数据相同，无需更新。
[2025-11-15 01:34:34] 本次订阅抓取结果统计:
[2025-11-15 01:34:34] 共 63 条RSS, 成功抓取 54 条.
[2025-11-15 01:34:34] ✘ 有 8 条订阅解析失败:
[2025-11-15 01:34:34] - https://tcxx.info/feed
[2025-11-15 01:34:34] - https://tumutanzi.com/feed
[2025-11-15 01:34:34] - https://geekinney.com/index.xml
[2025-11-15 01:34:34] - https://blog.twofei.com/rss
[2025-11-15 01:34:34] - https://suus.me/index.xml
[2025-11-15 01:34:34] - https://yinwang1.substack.com/feed
[2025-11-15 01:34:34] - https://botanwang.com/rss.xml
[2025-11-15 01:34:34] - https://www.shephe.com/feed
[2025-11-15 01:34:34] ✘ 有 1 条订阅为空:
[2025-11-15 01:34:34] - http://feeds.feedburner.com/zhihu-daily
[2025-11-15 01:34:34] ✘ 有 1 条订阅头像字段为空, 已使用默认头像:
[2025-11-15 01:34:34] - https://feed.cnblogs.com/blog/u/66551/rss/
[2025-11-15 01:34:34] ✘ 有 3 条订阅头像无法访问, 已使用默认头像:
[2025-11-15 01:34:34] - http://feeds.feedburner.com/ruanyifeng
[2025-11-15 01:34:34] - https://skywind.me/blog/feed
[2025-11-15 01:34:34] - https://www.douban.com/feed/review/book
[2025-11-15 02:29:32] 抓取到的文章与现有数据相同，无需更新。
[2025-11-15 03:19:32] 抓取到的文章与现有数据相同，无需更新。
