[2025-08-07 00:04:30] 抓取到的文章与现有数据相同，无需更新。
[2025-08-07 01:30:09] 本次订阅抓取结果统计:
[2025-08-07 01:30:09] 共 51 条RSS, 成功抓取 47 条.
[2025-08-07 01:30:09] ✘ 有 4 条订阅解析失败:
[2025-08-07 01:30:09] - https://tumutanzi.com/feed
[2025-08-07 01:30:09] - https://tcxx.info/feed
[2025-08-07 01:30:09] - https://www.williamlong.info/rss.xml
[2025-08-07 01:30:09] - https://yinwang1.substack.com/feed
[2025-08-07 01:30:09] ✘ 有 6 条订阅头像无法访问, 已使用默认头像:
[2025-08-07 01:30:09] - http://feeds.feedburner.com/ruanyifeng
[2025-08-07 01:30:09] - https://www.loyhome.com/feed
[2025-08-07 01:30:09] - https://a4.zyzhang.com/index.xml
[2025-08-07 01:30:09] - https://www.geedea.pro/index.xml
[2025-08-07 01:30:09] - https://feeds.appinn.com/appinns/
[2025-08-07 01:30:09] - https://www.douban.com/feed/review/book
[2025-08-07 02:41:27] 抓取到的文章与现有数据相同，无需更新。
[2025-08-07 03:30:45] 本次订阅抓取结果统计:
[2025-08-07 03:30:45] 共 51 条RSS, 成功抓取 47 条.
[2025-08-07 03:30:45] ✘ 有 4 条订阅解析失败:
[2025-08-07 03:30:45] - https://tcxx.info/feed
[2025-08-07 03:30:45] - https://tumutanzi.com/feed
[2025-08-07 03:30:45] - https://www.williamlong.info/rss.xml
[2025-08-07 03:30:45] - https://yinwang1.substack.com/feed
[2025-08-07 03:30:45] ✘ 有 6 条订阅头像无法访问, 已使用默认头像:
[2025-08-07 03:30:45] - http://feeds.feedburner.com/ruanyifeng
[2025-08-07 03:30:45] - https://www.loyhome.com/feed
[2025-08-07 03:30:45] - https://a4.zyzhang.com/index.xml
[2025-08-07 03:30:45] - https://www.geedea.pro/index.xml
[2025-08-07 03:30:45] - https://www.douban.com/feed/review/book
[2025-08-07 03:30:45] - https://feeds.appinn.com/appinns/
[2025-08-07 04:17:20] 本次订阅抓取结果统计:
[2025-08-07 04:17:20] 共 51 条RSS, 成功抓取 47 条.
[2025-08-07 04:17:20] ✘ 有 4 条订阅解析失败:
[2025-08-07 04:17:20] - https://tcxx.info/feed
[2025-08-07 04:17:20] - https://tumutanzi.com/feed
[2025-08-07 04:17:20] - https://www.williamlong.info/rss.xml
[2025-08-07 04:17:20] - https://yinwang1.substack.com/feed
[2025-08-07 04:17:20] ✘ 有 6 条订阅头像无法访问, 已使用默认头像:
[2025-08-07 04:17:20] - http://feeds.feedburner.com/ruanyifeng
[2025-08-07 04:17:20] - https://www.loyhome.com/feed
[2025-08-07 04:17:20] - https://a4.zyzhang.com/index.xml
[2025-08-07 04:17:20] - https://www.geedea.pro/index.xml
[2025-08-07 04:17:20] - https://feeds.appinn.com/appinns/
[2025-08-07 04:17:20] - https://www.douban.com/feed/review/book
[2025-08-07 05:08:09] 本次订阅抓取结果统计:
[2025-08-07 05:08:09] 共 51 条RSS, 成功抓取 47 条.
[2025-08-07 05:08:09] ✘ 有 4 条订阅解析失败:
[2025-08-07 05:08:09] - https://tcxx.info/feed
[2025-08-07 05:08:09] - https://tumutanzi.com/feed
[2025-08-07 05:08:09] - https://www.williamlong.info/rss.xml
[2025-08-07 05:08:09] - https://yinwang1.substack.com/feed
[2025-08-07 05:08:09] ✘ 有 6 条订阅头像无法访问, 已使用默认头像:
[2025-08-07 05:08:09] - https://www.loyhome.com/feed
[2025-08-07 05:08:09] - http://feeds.feedburner.com/ruanyifeng
[2025-08-07 05:08:09] - https://a4.zyzhang.com/index.xml
[2025-08-07 05:08:09] - https://www.geedea.pro/index.xml
[2025-08-07 05:08:09] - https://feeds.appinn.com/appinns/
[2025-08-07 05:08:09] - https://www.douban.com/feed/review/book
[2025-08-07 06:02:33] 抓取到的文章与现有数据相同，无需更新。
[2025-08-07 07:05:08] 本次订阅抓取结果统计:
[2025-08-07 07:05:08] 共 51 条RSS, 成功抓取 46 条.
[2025-08-07 07:05:08] ✘ 有 5 条订阅解析失败:
[2025-08-07 07:05:08] - https://blog.pursuitus.com/feed
[2025-08-07 07:05:08] - https://tcxx.info/feed
[2025-08-07 07:05:08] - https://tumutanzi.com/feed
[2025-08-07 07:05:08] - https://www.williamlong.info/rss.xml
[2025-08-07 07:05:08] - https://yinwang1.substack.com/feed
[2025-08-07 07:05:08] ✘ 有 5 条订阅头像无法访问, 已使用默认头像:
[2025-08-07 07:05:08] - http://feeds.feedburner.com/ruanyifeng
[2025-08-07 07:05:08] - https://www.loyhome.com/feed
[2025-08-07 07:05:08] - https://a4.zyzhang.com/index.xml
[2025-08-07 07:05:08] - https://www.geedea.pro/index.xml
[2025-08-07 07:05:08] - https://www.douban.com/feed/review/book
[2025-08-07 08:02:12] 本次订阅抓取结果统计:
[2025-08-07 08:02:12] 共 51 条RSS, 成功抓取 47 条.
[2025-08-07 08:02:12] ✘ 有 4 条订阅解析失败:
[2025-08-07 08:02:12] - https://tcxx.info/feed
[2025-08-07 08:02:12] - https://tumutanzi.com/feed
[2025-08-07 08:02:12] - https://www.williamlong.info/rss.xml
[2025-08-07 08:02:12] - https://yinwang1.substack.com/feed
[2025-08-07 08:02:12] ✘ 有 6 条订阅头像无法访问, 已使用默认头像:
[2025-08-07 08:02:12] - http://feeds.feedburner.com/ruanyifeng
[2025-08-07 08:02:12] - https://www.loyhome.com/feed
[2025-08-07 08:02:12] - https://a4.zyzhang.com/index.xml
[2025-08-07 08:02:12] - https://www.geedea.pro/index.xml
[2025-08-07 08:02:12] - https://www.douban.com/feed/review/book
[2025-08-07 08:02:12] - https://feeds.appinn.com/appinns/
[2025-08-07 09:04:37] 本次订阅抓取结果统计:
[2025-08-07 09:04:37] 共 51 条RSS, 成功抓取 47 条.
[2025-08-07 09:04:37] ✘ 有 4 条订阅解析失败:
[2025-08-07 09:04:37] - https://tumutanzi.com/feed
[2025-08-07 09:04:37] - https://tcxx.info/feed
[2025-08-07 09:04:37] - https://www.williamlong.info/rss.xml
[2025-08-07 09:04:37] - https://yinwang1.substack.com/feed
[2025-08-07 09:04:37] ✘ 有 5 条订阅头像无法访问, 已使用默认头像:
[2025-08-07 09:04:37] - http://feeds.feedburner.com/ruanyifeng
[2025-08-07 09:04:37] - https://www.loyhome.com/feed
[2025-08-07 09:04:37] - https://a4.zyzhang.com/index.xml
[2025-08-07 09:04:37] - https://www.geedea.pro/index.xml
[2025-08-07 09:04:37] - https://www.douban.com/feed/review/book
[2025-08-07 10:02:15] 本次订阅抓取结果统计:
[2025-08-07 10:02:15] 共 51 条RSS, 成功抓取 47 条.
[2025-08-07 10:02:15] ✘ 有 4 条订阅解析失败:
[2025-08-07 10:02:15] - https://tcxx.info/feed
[2025-08-07 10:02:15] - https://tumutanzi.com/feed
[2025-08-07 10:02:15] - https://www.williamlong.info/rss.xml
[2025-08-07 10:02:15] - https://yinwang1.substack.com/feed
[2025-08-07 10:02:15] ✘ 有 6 条订阅头像无法访问, 已使用默认头像:
[2025-08-07 10:02:15] - http://feeds.feedburner.com/ruanyifeng
[2025-08-07 10:02:15] - https://www.loyhome.com/feed
[2025-08-07 10:02:15] - https://a4.zyzhang.com/index.xml
[2025-08-07 10:02:15] - https://www.geedea.pro/index.xml
[2025-08-07 10:02:15] - https://feeds.appinn.com/appinns/
[2025-08-07 10:02:15] - https://www.douban.com/feed/review/book
[2025-08-07 11:02:00] 本次订阅抓取结果统计:
[2025-08-07 11:02:00] 共 51 条RSS, 成功抓取 47 条.
[2025-08-07 11:02:00] ✘ 有 4 条订阅解析失败:
[2025-08-07 11:02:00] - https://tcxx.info/feed
[2025-08-07 11:02:00] - https://tumutanzi.com/feed
[2025-08-07 11:02:00] - https://www.williamlong.info/rss.xml
[2025-08-07 11:02:00] - https://yinwang1.substack.com/feed
[2025-08-07 11:02:00] ✘ 有 6 条订阅头像无法访问, 已使用默认头像:
[2025-08-07 11:02:00] - http://feeds.feedburner.com/ruanyifeng
[2025-08-07 11:02:00] - https://www.loyhome.com/feed
[2025-08-07 11:02:00] - https://a4.zyzhang.com/index.xml
[2025-08-07 11:02:00] - https://www.geedea.pro/index.xml
[2025-08-07 11:02:00] - https://www.douban.com/feed/review/book
[2025-08-07 11:02:00] - https://feeds.appinn.com/appinns/
[2025-08-07 12:02:14] 抓取到的文章与现有数据相同，无需更新。
[2025-08-07 13:15:16] 本次订阅抓取结果统计:
[2025-08-07 13:15:16] 共 51 条RSS, 成功抓取 46 条.
[2025-08-07 13:15:16] ✘ 有 5 条订阅解析失败:
[2025-08-07 13:15:16] - https://tcxx.info/feed
[2025-08-07 13:15:16] - https://tumutanzi.com/feed
[2025-08-07 13:15:16] - https://www.williamlong.info/rss.xml
[2025-08-07 13:15:16] - https://yinwang1.substack.com/feed
[2025-08-07 13:15:16] - https://www.douban.com/feed/review/book
[2025-08-07 13:15:16] ✘ 有 6 条订阅头像无法访问, 已使用默认头像:
[2025-08-07 13:15:16] - http://feeds.feedburner.com/ruanyifeng
[2025-08-07 13:15:16] - https://www.loyhome.com/feed
[2025-08-07 13:15:16] - https://a4.zyzhang.com/index.xml
[2025-08-07 13:15:16] - https://www.geedea.pro/index.xml
[2025-08-07 13:15:16] - https://feeds.appinn.com/appinns/
[2025-08-07 13:15:16] - https://xyzbz.cn/feed
[2025-08-07 14:03:56] 本次订阅抓取结果统计:
[2025-08-07 14:03:56] 共 51 条RSS, 成功抓取 47 条.
[2025-08-07 14:03:56] ✘ 有 4 条订阅解析失败:
[2025-08-07 14:03:56] - https://tcxx.info/feed
[2025-08-07 14:03:56] - https://tumutanzi.com/feed
[2025-08-07 14:03:56] - https://www.williamlong.info/rss.xml
[2025-08-07 14:03:56] - https://yinwang1.substack.com/feed
[2025-08-07 14:03:56] ✘ 有 5 条订阅头像无法访问, 已使用默认头像:
[2025-08-07 14:03:56] - http://feeds.feedburner.com/ruanyifeng
[2025-08-07 14:03:56] - https://www.loyhome.com/feed
[2025-08-07 14:03:56] - https://a4.zyzhang.com/index.xml
[2025-08-07 14:03:56] - https://www.geedea.pro/index.xml
[2025-08-07 14:03:56] - https://www.douban.com/feed/review/book
[2025-08-07 15:02:36] 抓取到的文章与现有数据相同，无需更新。
[2025-08-07 16:02:24] 本次订阅抓取结果统计:
[2025-08-07 16:02:24] 共 51 条RSS, 成功抓取 47 条.
[2025-08-07 16:02:24] ✘ 有 4 条订阅解析失败:
[2025-08-07 16:02:24] - https://tumutanzi.com/feed
[2025-08-07 16:02:24] - https://tcxx.info/feed
[2025-08-07 16:02:24] - https://www.williamlong.info/rss.xml
[2025-08-07 16:02:24] - https://yinwang1.substack.com/feed
[2025-08-07 16:02:24] ✘ 有 6 条订阅头像无法访问, 已使用默认头像:
[2025-08-07 16:02:24] - http://feeds.feedburner.com/ruanyifeng
[2025-08-07 16:02:24] - https://www.loyhome.com/feed
[2025-08-07 16:02:24] - https://a4.zyzhang.com/index.xml
[2025-08-07 16:02:24] - https://www.geedea.pro/index.xml
[2025-08-07 16:02:24] - https://feeds.appinn.com/appinns/
[2025-08-07 16:02:24] - https://www.douban.com/feed/review/book
[2025-08-07 17:04:00] 本次订阅抓取结果统计:
[2025-08-07 17:04:00] 共 51 条RSS, 成功抓取 47 条.
[2025-08-07 17:04:00] ✘ 有 4 条订阅解析失败:
[2025-08-07 17:04:00] - https://tcxx.info/feed
[2025-08-07 17:04:00] - https://tumutanzi.com/feed
[2025-08-07 17:04:00] - https://www.williamlong.info/rss.xml
[2025-08-07 17:04:00] - https://yinwang1.substack.com/feed
[2025-08-07 17:04:00] ✘ 有 5 条订阅头像无法访问, 已使用默认头像:
[2025-08-07 17:04:00] - http://feeds.feedburner.com/ruanyifeng
[2025-08-07 17:04:00] - https://www.loyhome.com/feed
[2025-08-07 17:04:00] - https://a4.zyzhang.com/index.xml
[2025-08-07 17:04:00] - https://www.geedea.pro/index.xml
[2025-08-07 17:04:00] - https://www.douban.com/feed/review/book
[2025-08-07 18:02:05] 抓取到的文章与现有数据相同，无需更新。
