[2025-08-21 00:03:45] 本次订阅抓取结果统计:
[2025-08-21 00:03:45] 共 55 条RSS, 成功抓取 50 条.
[2025-08-21 00:03:45] ✘ 有 5 条订阅解析失败:
[2025-08-21 00:03:45] - https://tumutanzi.com/feed
[2025-08-21 00:03:45] - https://tcxx.info/feed
[2025-08-21 00:03:45] - https://yinwang1.substack.com/feed
[2025-08-21 00:03:45] - https://botanwang.com/rss.xml
[2025-08-21 00:03:45] - https://www.douban.com/feed/review/book
[2025-08-21 00:03:45] ✘ 有 1 条订阅头像字段为空, 已使用默认头像:
[2025-08-21 00:03:45] - https://feed.cnblogs.com/blog/u/66551/rss/
[2025-08-21 00:03:45] ✘ 有 6 条订阅头像无法访问, 已使用默认头像:
[2025-08-21 00:03:45] - http://feeds.feedburner.com/ruanyifeng
[2025-08-21 00:03:45] - https://www.loyhome.com/feed
[2025-08-21 00:03:45] - https://a4.zyzhang.com/index.xml
[2025-08-21 00:03:45] - https://www.geedea.pro/index.xml
[2025-08-21 00:03:45] - https://skywind.me/blog/feed
[2025-08-21 00:03:45] - https://feeds.appinn.com/appinns/
[2025-08-21 01:29:14] 本次订阅抓取结果统计:
[2025-08-21 01:29:14] 共 55 条RSS, 成功抓取 51 条.
[2025-08-21 01:29:14] ✘ 有 4 条订阅解析失败:
[2025-08-21 01:29:14] - https://tcxx.info/feed
[2025-08-21 01:29:14] - https://tumutanzi.com/feed
[2025-08-21 01:29:14] - https://yinwang1.substack.com/feed
[2025-08-21 01:29:14] - https://botanwang.com/rss.xml
[2025-08-21 01:29:14] ✘ 有 1 条订阅头像字段为空, 已使用默认头像:
[2025-08-21 01:29:14] - https://feed.cnblogs.com/blog/u/66551/rss/
[2025-08-21 01:29:14] ✘ 有 7 条订阅头像无法访问, 已使用默认头像:
[2025-08-21 01:29:14] - http://feeds.feedburner.com/ruanyifeng
[2025-08-21 01:29:14] - https://www.loyhome.com/feed
[2025-08-21 01:29:14] - https://a4.zyzhang.com/index.xml
[2025-08-21 01:29:14] - https://www.geedea.pro/index.xml
[2025-08-21 01:29:14] - https://skywind.me/blog/feed
[2025-08-21 01:29:14] - https://www.douban.com/feed/review/book
[2025-08-21 01:29:14] - https://feeds.appinn.com/appinns/
[2025-08-21 02:29:55] 本次订阅抓取结果统计:
[2025-08-21 02:29:55] 共 55 条RSS, 成功抓取 51 条.
[2025-08-21 02:29:55] ✘ 有 4 条订阅解析失败:
[2025-08-21 02:29:55] - https://tcxx.info/feed
[2025-08-21 02:29:55] - https://tumutanzi.com/feed
[2025-08-21 02:29:55] - https://yinwang1.substack.com/feed
[2025-08-21 02:29:55] - https://botanwang.com/rss.xml
[2025-08-21 02:29:55] ✘ 有 1 条订阅头像字段为空, 已使用默认头像:
[2025-08-21 02:29:55] - https://feed.cnblogs.com/blog/u/66551/rss/
[2025-08-21 02:29:55] ✘ 有 6 条订阅头像无法访问, 已使用默认头像:
[2025-08-21 02:29:55] - http://feeds.feedburner.com/ruanyifeng
[2025-08-21 02:29:55] - https://www.loyhome.com/feed
[2025-08-21 02:29:55] - https://a4.zyzhang.com/index.xml
[2025-08-21 02:29:55] - https://www.geedea.pro/index.xml
[2025-08-21 02:29:55] - https://skywind.me/blog/feed
[2025-08-21 02:29:55] - https://www.douban.com/feed/review/book
[2025-08-21 03:18:38] 本次订阅抓取结果统计:
[2025-08-21 03:18:38] 共 55 条RSS, 成功抓取 51 条.
[2025-08-21 03:18:38] ✘ 有 4 条订阅解析失败:
[2025-08-21 03:18:38] - https://tcxx.info/feed
[2025-08-21 03:18:38] - https://tumutanzi.com/feed
[2025-08-21 03:18:38] - https://yinwang1.substack.com/feed
[2025-08-21 03:18:38] - https://botanwang.com/rss.xml
[2025-08-21 03:18:38] ✘ 有 1 条订阅头像字段为空, 已使用默认头像:
[2025-08-21 03:18:38] - https://feed.cnblogs.com/blog/u/66551/rss/
[2025-08-21 03:18:38] ✘ 有 6 条订阅头像无法访问, 已使用默认头像:
[2025-08-21 03:18:38] - http://feeds.feedburner.com/ruanyifeng
[2025-08-21 03:18:38] - https://www.loyhome.com/feed
[2025-08-21 03:18:38] - https://a4.zyzhang.com/index.xml
[2025-08-21 03:18:38] - https://www.geedea.pro/index.xml
[2025-08-21 03:18:38] - https://skywind.me/blog/feed
[2025-08-21 03:18:38] - https://www.douban.com/feed/review/book
[2025-08-21 04:02:14] 本次订阅抓取结果统计:
[2025-08-21 04:02:14] 共 55 条RSS, 成功抓取 51 条.
[2025-08-21 04:02:14] ✘ 有 4 条订阅解析失败:
[2025-08-21 04:02:14] - https://tcxx.info/feed
[2025-08-21 04:02:14] - https://tumutanzi.com/feed
[2025-08-21 04:02:14] - https://yinwang1.substack.com/feed
[2025-08-21 04:02:14] - https://botanwang.com/rss.xml
[2025-08-21 04:02:14] ✘ 有 1 条订阅头像字段为空, 已使用默认头像:
[2025-08-21 04:02:14] - https://feed.cnblogs.com/blog/u/66551/rss/
[2025-08-21 04:02:14] ✘ 有 6 条订阅头像无法访问, 已使用默认头像:
[2025-08-21 04:02:14] - http://feeds.feedburner.com/ruanyifeng
[2025-08-21 04:02:14] - https://www.loyhome.com/feed
[2025-08-21 04:02:14] - https://a4.zyzhang.com/index.xml
[2025-08-21 04:02:14] - https://www.geedea.pro/index.xml
[2025-08-21 04:02:14] - https://skywind.me/blog/feed
[2025-08-21 04:02:14] - https://www.douban.com/feed/review/book
[2025-08-21 05:01:54] 本次订阅抓取结果统计:
[2025-08-21 05:01:54] 共 55 条RSS, 成功抓取 51 条.
[2025-08-21 05:01:54] ✘ 有 4 条订阅解析失败:
[2025-08-21 05:01:54] - https://tcxx.info/feed
[2025-08-21 05:01:54] - https://tumutanzi.com/feed
[2025-08-21 05:01:54] - https://yinwang1.substack.com/feed
[2025-08-21 05:01:54] - https://botanwang.com/rss.xml
[2025-08-21 05:01:54] ✘ 有 1 条订阅头像字段为空, 已使用默认头像:
[2025-08-21 05:01:54] - https://feed.cnblogs.com/blog/u/66551/rss/
[2025-08-21 05:01:54] ✘ 有 7 条订阅头像无法访问, 已使用默认头像:
[2025-08-21 05:01:54] - http://feeds.feedburner.com/ruanyifeng
[2025-08-21 05:01:54] - https://www.loyhome.com/feed
[2025-08-21 05:01:54] - https://a4.zyzhang.com/index.xml
[2025-08-21 05:01:54] - https://www.geedea.pro/index.xml
[2025-08-21 05:01:54] - https://skywind.me/blog/feed
[2025-08-21 05:01:54] - https://feeds.appinn.com/appinns/
[2025-08-21 05:01:54] - https://www.douban.com/feed/review/book
