[2025-08-25 00:04:24] 抓取到的文章与现有数据相同，无需更新。
[2025-08-25 01:29:26] 抓取到的文章与现有数据相同，无需更新。
[2025-08-25 02:31:19] 本次订阅抓取结果统计:
[2025-08-25 02:31:19] 共 57 条RSS, 成功抓取 52 条.
[2025-08-25 02:31:19] ✘ 有 5 条订阅解析失败:
[2025-08-25 02:31:19] - https://tumutanzi.com/feed
[2025-08-25 02:31:19] - https://tcxx.info/feed
[2025-08-25 02:31:19] - https://yinwang1.substack.com/feed
[2025-08-25 02:31:19] - https://botanwang.com/rss.xml
[2025-08-25 02:31:19] - https://www.douban.com/feed/review/book
[2025-08-25 02:31:19] ✘ 有 1 条订阅头像字段为空, 已使用默认头像:
[2025-08-25 02:31:19] - https://feed.cnblogs.com/blog/u/66551/rss/
[2025-08-25 02:31:19] ✘ 有 6 条订阅头像无法访问, 已使用默认头像:
[2025-08-25 02:31:19] - http://feeds.feedburner.com/ruanyifeng
[2025-08-25 02:31:19] - https://www.loyhome.com/feed
[2025-08-25 02:31:19] - https://a4.zyzhang.com/index.xml
[2025-08-25 02:31:19] - https://www.geedea.pro/index.xml
[2025-08-25 02:31:19] - https://skywind.me/blog/feed
[2025-08-25 02:31:19] - https://laike9m.com/blog/rss/
[2025-08-25 03:22:23] 本次订阅抓取结果统计:
[2025-08-25 03:22:23] 共 57 条RSS, 成功抓取 53 条.
[2025-08-25 03:22:23] ✘ 有 4 条订阅解析失败:
[2025-08-25 03:22:23] - https://tcxx.info/feed
[2025-08-25 03:22:23] - https://tumutanzi.com/feed
[2025-08-25 03:22:23] - https://yinwang1.substack.com/feed
[2025-08-25 03:22:23] - https://botanwang.com/rss.xml
[2025-08-25 03:22:23] ✘ 有 1 条订阅头像字段为空, 已使用默认头像:
[2025-08-25 03:22:23] - https://feed.cnblogs.com/blog/u/66551/rss/
[2025-08-25 03:22:23] ✘ 有 7 条订阅头像无法访问, 已使用默认头像:
[2025-08-25 03:22:23] - http://feeds.feedburner.com/ruanyifeng
[2025-08-25 03:22:23] - https://www.loyhome.com/feed
[2025-08-25 03:22:23] - https://a4.zyzhang.com/index.xml
[2025-08-25 03:22:23] - https://www.geedea.pro/index.xml
[2025-08-25 03:22:23] - https://laike9m.com/blog/rss/
[2025-08-25 03:22:23] - https://skywind.me/blog/feed
[2025-08-25 03:22:23] - https://www.douban.com/feed/review/book
[2025-08-25 04:05:26] 本次订阅抓取结果统计:
[2025-08-25 04:05:26] 共 57 条RSS, 成功抓取 53 条.
[2025-08-25 04:05:26] ✘ 有 4 条订阅解析失败:
[2025-08-25 04:05:26] - https://tumutanzi.com/feed
[2025-08-25 04:05:26] - https://tcxx.info/feed
[2025-08-25 04:05:26] - https://yinwang1.substack.com/feed
[2025-08-25 04:05:26] - https://botanwang.com/rss.xml
[2025-08-25 04:05:26] ✘ 有 1 条订阅头像字段为空, 已使用默认头像:
[2025-08-25 04:05:26] - https://feed.cnblogs.com/blog/u/66551/rss/
[2025-08-25 04:05:26] ✘ 有 7 条订阅头像无法访问, 已使用默认头像:
[2025-08-25 04:05:26] - https://www.loyhome.com/feed
[2025-08-25 04:05:26] - http://feeds.feedburner.com/ruanyifeng
[2025-08-25 04:05:26] - https://a4.zyzhang.com/index.xml
[2025-08-25 04:05:26] - https://www.geedea.pro/index.xml
[2025-08-25 04:05:26] - https://skywind.me/blog/feed
[2025-08-25 04:05:26] - https://laike9m.com/blog/rss/
[2025-08-25 04:05:26] - https://www.douban.com/feed/review/book
[2025-08-25 05:02:00] 抓取到的文章与现有数据相同，无需更新。
[2025-08-25 06:02:23] 抓取到的文章与现有数据相同，无需更新。
[2025-08-25 07:02:11] 抓取到的文章与现有数据相同，无需更新。
[2025-08-25 08:02:17] 本次订阅抓取结果统计:
[2025-08-25 08:02:17] 共 57 条RSS, 成功抓取 53 条.
[2025-08-25 08:02:17] ✘ 有 4 条订阅解析失败:
[2025-08-25 08:02:17] - https://tcxx.info/feed
[2025-08-25 08:02:17] - https://tumutanzi.com/feed
[2025-08-25 08:02:17] - https://yinwang1.substack.com/feed
[2025-08-25 08:02:17] - https://botanwang.com/rss.xml
[2025-08-25 08:02:17] ✘ 有 1 条订阅头像字段为空, 已使用默认头像:
[2025-08-25 08:02:17] - https://feed.cnblogs.com/blog/u/66551/rss/
[2025-08-25 08:02:17] ✘ 有 7 条订阅头像无法访问, 已使用默认头像:
[2025-08-25 08:02:17] - http://feeds.feedburner.com/ruanyifeng
[2025-08-25 08:02:17] - https://www.loyhome.com/feed
[2025-08-25 08:02:17] - https://a4.zyzhang.com/index.xml
[2025-08-25 08:02:17] - https://www.geedea.pro/index.xml
[2025-08-25 08:02:17] - https://skywind.me/blog/feed
[2025-08-25 08:02:17] - https://laike9m.com/blog/rss/
[2025-08-25 08:02:17] - https://www.douban.com/feed/review/book
[2025-08-25 09:02:27] 抓取到的文章与现有数据相同，无需更新。
[2025-08-25 10:01:45] 本次订阅抓取结果统计:
[2025-08-25 10:01:45] 共 57 条RSS, 成功抓取 53 条.
[2025-08-25 10:01:45] ✘ 有 4 条订阅解析失败:
[2025-08-25 10:01:45] - https://tcxx.info/feed
[2025-08-25 10:01:45] - https://tumutanzi.com/feed
[2025-08-25 10:01:45] - https://yinwang1.substack.com/feed
[2025-08-25 10:01:45] - https://botanwang.com/rss.xml
[2025-08-25 10:01:45] ✘ 有 1 条订阅头像字段为空, 已使用默认头像:
[2025-08-25 10:01:45] - https://feed.cnblogs.com/blog/u/66551/rss/
[2025-08-25 10:01:45] ✘ 有 7 条订阅头像无法访问, 已使用默认头像:
[2025-08-25 10:01:45] - http://feeds.feedburner.com/ruanyifeng
[2025-08-25 10:01:45] - https://www.loyhome.com/feed
[2025-08-25 10:01:45] - https://a4.zyzhang.com/index.xml
[2025-08-25 10:01:45] - https://www.geedea.pro/index.xml
[2025-08-25 10:01:45] - https://laike9m.com/blog/rss/
[2025-08-25 10:01:45] - https://skywind.me/blog/feed
[2025-08-25 10:01:45] - https://www.douban.com/feed/review/book
[2025-08-25 11:01:44] 抓取到的文章与现有数据相同，无需更新。
