[2025-10-25 00:05:24] 本次订阅抓取结果统计:
[2025-10-25 00:05:24] 共 63 条RSS, 成功抓取 54 条.
[2025-10-25 00:05:24] ✘ 有 8 条订阅解析失败:
[2025-10-25 00:05:24] - https://tcxx.info/feed
[2025-10-25 00:05:24] - https://tumutanzi.com/feed
[2025-10-25 00:05:24] - https://geekinney.com/index.xml
[2025-10-25 00:05:24] - https://suus.me/index.xml
[2025-10-25 00:05:24] - https://yinwang1.substack.com/feed
[2025-10-25 00:05:24] - https://botanwang.com/rss.xml
[2025-10-25 00:05:24] - https://www.douban.com/feed/review/book
[2025-10-25 00:05:24] - https://www.mrhe.net/feed
[2025-10-25 00:05:24] ✘ 有 1 条订阅为空:
[2025-10-25 00:05:24] - http://feeds.feedburner.com/zhihu-daily
[2025-10-25 00:05:24] ✘ 有 1 条订阅头像字段为空, 已使用默认头像:
[2025-10-25 00:05:24] - https://feed.cnblogs.com/blog/u/66551/rss/
[2025-10-25 00:05:24] ✘ 有 2 条订阅头像无法访问, 已使用默认头像:
[2025-10-25 00:05:24] - http://feeds.feedburner.com/ruanyifeng
[2025-10-25 00:05:24] - https://skywind.me/blog/feed
[2025-10-25 01:30:16] 抓取到的文章与现有数据相同，无需更新。
[2025-10-25 02:28:04] 本次订阅抓取结果统计:
[2025-10-25 02:28:04] 共 63 条RSS, 成功抓取 56 条.
[2025-10-25 02:28:04] ✘ 有 6 条订阅解析失败:
[2025-10-25 02:28:04] - https://tcxx.info/feed
[2025-10-25 02:28:04] - https://tumutanzi.com/feed
[2025-10-25 02:28:04] - https://geekinney.com/index.xml
[2025-10-25 02:28:04] - https://suus.me/index.xml
[2025-10-25 02:28:04] - https://yinwang1.substack.com/feed
[2025-10-25 02:28:04] - https://botanwang.com/rss.xml
[2025-10-25 02:28:04] ✘ 有 1 条订阅为空:
[2025-10-25 02:28:04] - http://feeds.feedburner.com/zhihu-daily
[2025-10-25 02:28:04] ✘ 有 1 条订阅头像字段为空, 已使用默认头像:
[2025-10-25 02:28:04] - https://feed.cnblogs.com/blog/u/66551/rss/
[2025-10-25 02:28:04] ✘ 有 3 条订阅头像无法访问, 已使用默认头像:
[2025-10-25 02:28:04] - http://feeds.feedburner.com/ruanyifeng
[2025-10-25 02:28:04] - https://skywind.me/blog/feed
[2025-10-25 02:28:04] - https://www.douban.com/feed/review/book
[2025-10-25 03:15:59] 抓取到的文章与现有数据相同，无需更新。
[2025-10-25 04:02:04] 抓取到的文章与现有数据相同，无需更新。
[2025-10-25 05:01:59] 抓取到的文章与现有数据相同，无需更新。
[2025-10-25 06:02:05] 抓取到的文章与现有数据相同，无需更新。
[2025-10-25 07:01:50] 抓取到的文章与现有数据相同，无需更新。
[2025-10-25 08:02:02] 本次订阅抓取结果统计:
[2025-10-25 08:02:02] 共 63 条RSS, 成功抓取 56 条.
[2025-10-25 08:02:02] ✘ 有 6 条订阅解析失败:
[2025-10-25 08:02:02] - https://tumutanzi.com/feed
[2025-10-25 08:02:02] - https://tcxx.info/feed
[2025-10-25 08:02:02] - https://geekinney.com/index.xml
[2025-10-25 08:02:02] - https://suus.me/index.xml
[2025-10-25 08:02:02] - https://yinwang1.substack.com/feed
[2025-10-25 08:02:02] - https://botanwang.com/rss.xml
[2025-10-25 08:02:02] ✘ 有 1 条订阅为空:
[2025-10-25 08:02:02] - http://feeds.feedburner.com/zhihu-daily
[2025-10-25 08:02:02] ✘ 有 1 条订阅头像字段为空, 已使用默认头像:
[2025-10-25 08:02:02] - https://feed.cnblogs.com/blog/u/66551/rss/
[2025-10-25 08:02:02] ✘ 有 3 条订阅头像无法访问, 已使用默认头像:
[2025-10-25 08:02:02] - http://feeds.feedburner.com/ruanyifeng
[2025-10-25 08:02:02] - https://skywind.me/blog/feed
[2025-10-25 08:02:02] - https://www.douban.com/feed/review/book
[2025-10-25 09:01:57] 抓取到的文章与现有数据相同，无需更新。
[2025-10-25 10:01:56] 抓取到的文章与现有数据相同，无需更新。
[2025-10-25 11:01:53] 抓取到的文章与现有数据相同，无需更新。
[2025-10-25 12:02:05] 抓取到的文章与现有数据相同，无需更新。
[2025-10-25 13:06:06] [WARN] 加载头像映射失败: failed to fetch avatar map: Get "https://cos.lhasa.icu/lhasaRSS/avatar.json": dial tcp: lookup cos.lhasa.icu on 127.0.0.53:53: no such host
[2025-10-25 13:07:14] 本次订阅抓取结果统计:
[2025-10-25 13:07:14] 共 63 条RSS, 成功抓取 54 条.
[2025-10-25 13:07:14] ✘ 有 8 条订阅解析失败:
[2025-10-25 13:07:14] - https://tumutanzi.com/feed
[2025-10-25 13:07:14] - https://tcxx.info/feed
[2025-10-25 13:07:14] - https://geekinney.com/index.xml
[2025-10-25 13:07:14] - https://suus.me/index.xml
[2025-10-25 13:07:14] - https://yinwang1.substack.com/feed
[2025-10-25 13:07:14] - https://botanwang.com/rss.xml
[2025-10-25 13:07:14] - https://www.douban.com/feed/review/book
[2025-10-25 13:07:14] - http://www.auiou.com/feed/
[2025-10-25 13:07:14] ✘ 有 1 条订阅为空:
[2025-10-25 13:07:14] - http://feeds.feedburner.com/zhihu-daily
[2025-10-25 13:07:14] ✘ 有 1 条订阅头像字段为空, 已使用默认头像:
[2025-10-25 13:07:14] - https://feed.cnblogs.com/blog/u/66551/rss/
[2025-10-25 13:07:14] ✘ 有 6 条订阅头像无法访问, 已使用默认头像:
[2025-10-25 13:07:14] - http://feeds.feedburner.com/ruanyifeng
[2025-10-25 13:07:14] - https://www.loyhome.com/feed
[2025-10-25 13:07:14] - https://a4.zyzhang.com/index.xml
[2025-10-25 13:07:14] - https://skywind.me/blog/feed
[2025-10-25 13:07:14] - https://laike9m.com/blog/rss/
[2025-10-25 13:07:14] - https://www.mrhe.net/feed
[2025-10-25 14:02:20] 本次订阅抓取结果统计:
[2025-10-25 14:02:20] 共 63 条RSS, 成功抓取 56 条.
[2025-10-25 14:02:20] ✘ 有 6 条订阅解析失败:
[2025-10-25 14:02:20] - https://tumutanzi.com/feed
[2025-10-25 14:02:20] - https://tcxx.info/feed
[2025-10-25 14:02:20] - https://geekinney.com/index.xml
[2025-10-25 14:02:20] - https://suus.me/index.xml
[2025-10-25 14:02:20] - https://yinwang1.substack.com/feed
[2025-10-25 14:02:20] - https://botanwang.com/rss.xml
[2025-10-25 14:02:20] ✘ 有 1 条订阅为空:
[2025-10-25 14:02:20] - http://feeds.feedburner.com/zhihu-daily
[2025-10-25 14:02:20] ✘ 有 1 条订阅头像字段为空, 已使用默认头像:
[2025-10-25 14:02:20] - https://feed.cnblogs.com/blog/u/66551/rss/
[2025-10-25 14:02:20] ✘ 有 4 条订阅头像无法访问, 已使用默认头像:
[2025-10-25 14:02:20] - http://feeds.feedburner.com/ruanyifeng
[2025-10-25 14:02:20] - https://skywind.me/blog/feed
[2025-10-25 14:02:20] - https://blog.yanqingshan.com/feed
[2025-10-25 14:02:20] - https://www.douban.com/feed/review/book
[2025-10-25 15:02:21] 抓取到的文章与现有数据相同，无需更新。
[2025-10-25 16:02:01] 抓取到的文章与现有数据相同，无需更新。
[2025-10-25 17:02:00] 本次订阅抓取结果统计:
[2025-10-25 17:02:00] 共 63 条RSS, 成功抓取 55 条.
[2025-10-25 17:02:00] ✘ 有 6 条订阅解析失败:
[2025-10-25 17:02:00] - https://tcxx.info/feed
[2025-10-25 17:02:00] - https://tumutanzi.com/feed
[2025-10-25 17:02:00] - https://geekinney.com/index.xml
[2025-10-25 17:02:00] - https://suus.me/index.xml
[2025-10-25 17:02:00] - https://yinwang1.substack.com/feed
[2025-10-25 17:02:00] - https://botanwang.com/rss.xml
[2025-10-25 17:02:00] ✘ 有 2 条订阅为空:
[2025-10-25 17:02:00] - http://feeds.feedburner.com/zhihu-daily
[2025-10-25 17:02:00] - https://diygod.cc/feed
[2025-10-25 17:02:00] ✘ 有 1 条订阅头像字段为空, 已使用默认头像:
[2025-10-25 17:02:00] - https://feed.cnblogs.com/blog/u/66551/rss/
[2025-10-25 17:02:00] ✘ 有 3 条订阅头像无法访问, 已使用默认头像:
[2025-10-25 17:02:00] - http://feeds.feedburner.com/ruanyifeng
[2025-10-25 17:02:00] - https://skywind.me/blog/feed
[2025-10-25 17:02:00] - https://www.douban.com/feed/review/book
[2025-10-25 18:02:05] 本次订阅抓取结果统计:
[2025-10-25 18:02:05] 共 63 条RSS, 成功抓取 56 条.
[2025-10-25 18:02:05] ✘ 有 6 条订阅解析失败:
[2025-10-25 18:02:05] - https://tcxx.info/feed
[2025-10-25 18:02:05] - https://tumutanzi.com/feed
[2025-10-25 18:02:05] - https://geekinney.com/index.xml
[2025-10-25 18:02:05] - https://suus.me/index.xml
[2025-10-25 18:02:05] - https://yinwang1.substack.com/feed
[2025-10-25 18:02:05] - https://botanwang.com/rss.xml
[2025-10-25 18:02:05] ✘ 有 1 条订阅为空:
[2025-10-25 18:02:05] - http://feeds.feedburner.com/zhihu-daily
[2025-10-25 18:02:05] ✘ 有 1 条订阅头像字段为空, 已使用默认头像:
[2025-10-25 18:02:05] - https://feed.cnblogs.com/blog/u/66551/rss/
[2025-10-25 18:02:05] ✘ 有 3 条订阅头像无法访问, 已使用默认头像:
[2025-10-25 18:02:05] - http://feeds.feedburner.com/ruanyifeng
[2025-10-25 18:02:05] - https://skywind.me/blog/feed
[2025-10-25 18:02:05] - https://www.douban.com/feed/review/book
[2025-10-25 19:01:51] 本次订阅抓取结果统计:
[2025-10-25 19:01:51] 共 63 条RSS, 成功抓取 56 条.
[2025-10-25 19:01:51] ✘ 有 6 条订阅解析失败:
[2025-10-25 19:01:51] - https://tcxx.info/feed
[2025-10-25 19:01:51] - https://tumutanzi.com/feed
[2025-10-25 19:01:51] - https://geekinney.com/index.xml
[2025-10-25 19:01:51] - https://suus.me/index.xml
[2025-10-25 19:01:51] - https://yinwang1.substack.com/feed
[2025-10-25 19:01:51] - https://botanwang.com/rss.xml
[2025-10-25 19:01:51] ✘ 有 1 条订阅为空:
[2025-10-25 19:01:51] - http://feeds.feedburner.com/zhihu-daily
[2025-10-25 19:01:51] ✘ 有 1 条订阅头像字段为空, 已使用默认头像:
[2025-10-25 19:01:51] - https://feed.cnblogs.com/blog/u/66551/rss/
[2025-10-25 19:01:51] ✘ 有 3 条订阅头像无法访问, 已使用默认头像:
[2025-10-25 19:01:51] - http://feeds.feedburner.com/ruanyifeng
[2025-10-25 19:01:51] - https://skywind.me/blog/feed
[2025-10-25 19:01:51] - https://www.douban.com/feed/review/book
[2025-10-25 20:01:54] 抓取到的文章与现有数据相同，无需更新。
[2025-10-25 21:01:48] 抓取到的文章与现有数据相同，无需更新。
[2025-10-25 22:02:37] 抓取到的文章与现有数据相同，无需更新。
[2025-10-25 23:01:50] 抓取到的文章与现有数据相同，无需更新。
