[2025-03-30 01:22:39] 本次订阅抓取结果统计:
[2025-03-30 01:22:39] 共 28 条RSS, 成功抓取 26 条.
[2025-03-30 01:22:39] ✘ 有 2 条订阅解析失败:
[2025-03-30 01:22:39] - https://tcxx.info/feed
[2025-03-30 01:22:39] - https://geekinney.com/index.xml
[2025-03-30 01:22:39] ✘ 有 2 条订阅头像无法访问, 已使用默认头像:
[2025-03-30 01:22:39] - http://feeds.feedburner.com/ruanyifeng
[2025-03-30 01:22:39] - https://www.loyhome.com/feed
[2025-03-30 03:04:10] 本次订阅抓取结果统计:
[2025-03-30 03:04:10] 共 28 条RSS, 成功抓取 26 条.
[2025-03-30 03:04:10] ✘ 有 2 条订阅解析失败:
[2025-03-30 03:04:10] - https://tcxx.info/feed
[2025-03-30 03:04:10] - https://geekinney.com/index.xml
[2025-03-30 03:04:10] ✘ 有 2 条订阅头像无法访问, 已使用默认头像:
[2025-03-30 03:04:10] - http://feeds.feedburner.com/ruanyifeng
[2025-03-30 03:04:10] - https://www.loyhome.com/feed
[2025-03-30 04:20:09] 本次订阅抓取结果统计:
[2025-03-30 04:20:09] 共 28 条RSS, 成功抓取 25 条.
[2025-03-30 04:20:09] ✘ 有 3 条订阅解析失败:
[2025-03-30 04:20:09] - https://oba.by/feed
[2025-03-30 04:20:09] - https://tcxx.info/feed
[2025-03-30 04:20:09] - https://geekinney.com/index.xml
[2025-03-30 04:20:09] ✘ 有 2 条订阅头像无法访问, 已使用默认头像:
[2025-03-30 04:20:09] - http://feeds.feedburner.com/ruanyifeng
[2025-03-30 04:20:09] - https://www.loyhome.com/feed
