[2025-10-19 00:05:00] 本次订阅抓取结果统计:
[2025-10-19 00:05:00] 共 63 条RSS, 成功抓取 55 条.
[2025-10-19 00:05:00] ✘ 有 6 条订阅解析失败:
[2025-10-19 00:05:00] - https://tcxx.info/feed
[2025-10-19 00:05:00] - https://tumutanzi.com/feed
[2025-10-19 00:05:00] - https://geekinney.com/index.xml
[2025-10-19 00:05:00] - https://suus.me/index.xml
[2025-10-19 00:05:00] - https://yinwang1.substack.com/feed
[2025-10-19 00:05:00] - https://botanwang.com/rss.xml
[2025-10-19 00:05:00] ✘ 有 2 条订阅为空:
[2025-10-19 00:05:00] - http://feeds.feedburner.com/zhihu-daily
[2025-10-19 00:05:00] - https://diygod.cc/feed
[2025-10-19 00:05:00] ✘ 有 1 条订阅头像字段为空, 已使用默认头像:
[2025-10-19 00:05:00] - https://feed.cnblogs.com/blog/u/66551/rss/
[2025-10-19 00:05:00] ✘ 有 3 条订阅头像无法访问, 已使用默认头像:
[2025-10-19 00:05:00] - http://feeds.feedburner.com/ruanyifeng
[2025-10-19 00:05:00] - https://skywind.me/blog/feed
[2025-10-19 00:05:00] - https://www.douban.com/feed/review/book
[2025-10-19 01:30:01] 抓取到的文章与现有数据相同，无需更新。
[2025-10-19 02:31:40] 本次订阅抓取结果统计:
[2025-10-19 02:31:40] 共 63 条RSS, 成功抓取 56 条.
[2025-10-19 02:31:40] ✘ 有 6 条订阅解析失败:
[2025-10-19 02:31:40] - https://tcxx.info/feed
[2025-10-19 02:31:40] - https://tumutanzi.com/feed
[2025-10-19 02:31:40] - https://geekinney.com/index.xml
[2025-10-19 02:31:40] - https://suus.me/index.xml
[2025-10-19 02:31:40] - https://yinwang1.substack.com/feed
[2025-10-19 02:31:40] - https://botanwang.com/rss.xml
[2025-10-19 02:31:40] ✘ 有 1 条订阅为空:
[2025-10-19 02:31:40] - http://feeds.feedburner.com/zhihu-daily
[2025-10-19 02:31:40] ✘ 有 1 条订阅头像字段为空, 已使用默认头像:
[2025-10-19 02:31:40] - https://feed.cnblogs.com/blog/u/66551/rss/
[2025-10-19 02:31:40] ✘ 有 3 条订阅头像无法访问, 已使用默认头像:
[2025-10-19 02:31:40] - http://feeds.feedburner.com/ruanyifeng
[2025-10-19 02:31:40] - https://skywind.me/blog/feed
[2025-10-19 02:31:40] - https://www.douban.com/feed/review/book
[2025-10-19 03:22:47] 抓取到的文章与现有数据相同，无需更新。
[2025-10-19 04:03:25] 抓取到的文章与现有数据相同，无需更新。
[2025-10-19 05:01:54] 抓取到的文章与现有数据相同，无需更新。
[2025-10-19 06:02:01] 抓取到的文章与现有数据相同，无需更新。
[2025-10-19 07:02:00] 本次订阅抓取结果统计:
[2025-10-19 07:02:00] 共 63 条RSS, 成功抓取 56 条.
[2025-10-19 07:02:00] ✘ 有 6 条订阅解析失败:
[2025-10-19 07:02:00] - https://tcxx.info/feed
[2025-10-19 07:02:00] - https://tumutanzi.com/feed
[2025-10-19 07:02:00] - https://geekinney.com/index.xml
[2025-10-19 07:02:00] - https://suus.me/index.xml
[2025-10-19 07:02:00] - https://yinwang1.substack.com/feed
[2025-10-19 07:02:00] - https://botanwang.com/rss.xml
[2025-10-19 07:02:00] ✘ 有 1 条订阅为空:
[2025-10-19 07:02:00] - http://feeds.feedburner.com/zhihu-daily
[2025-10-19 07:02:00] ✘ 有 1 条订阅头像字段为空, 已使用默认头像:
[2025-10-19 07:02:00] - https://feed.cnblogs.com/blog/u/66551/rss/
[2025-10-19 07:02:00] ✘ 有 3 条订阅头像无法访问, 已使用默认头像:
[2025-10-19 07:02:00] - http://feeds.feedburner.com/ruanyifeng
[2025-10-19 07:02:00] - https://skywind.me/blog/feed
[2025-10-19 07:02:00] - https://www.douban.com/feed/review/book
[2025-10-19 08:01:58] 抓取到的文章与现有数据相同，无需更新。
[2025-10-19 09:01:48] 抓取到的文章与现有数据相同，无需更新。
[2025-10-19 10:01:48] 本次订阅抓取结果统计:
[2025-10-19 10:01:48] 共 63 条RSS, 成功抓取 56 条.
[2025-10-19 10:01:48] ✘ 有 6 条订阅解析失败:
[2025-10-19 10:01:48] - https://tcxx.info/feed
[2025-10-19 10:01:48] - https://tumutanzi.com/feed
[2025-10-19 10:01:48] - https://suus.me/index.xml
[2025-10-19 10:01:48] - https://geekinney.com/index.xml
[2025-10-19 10:01:48] - https://yinwang1.substack.com/feed
[2025-10-19 10:01:48] - https://botanwang.com/rss.xml
[2025-10-19 10:01:48] ✘ 有 1 条订阅为空:
[2025-10-19 10:01:48] - http://feeds.feedburner.com/zhihu-daily
[2025-10-19 10:01:48] ✘ 有 1 条订阅头像字段为空, 已使用默认头像:
[2025-10-19 10:01:48] - https://feed.cnblogs.com/blog/u/66551/rss/
[2025-10-19 10:01:48] ✘ 有 3 条订阅头像无法访问, 已使用默认头像:
[2025-10-19 10:01:48] - http://feeds.feedburner.com/ruanyifeng
[2025-10-19 10:01:48] - https://skywind.me/blog/feed
[2025-10-19 10:01:48] - https://www.douban.com/feed/review/book
[2025-10-19 11:01:48] 抓取到的文章与现有数据相同，无需更新。
[2025-10-19 12:02:11] 抓取到的文章与现有数据相同，无需更新。
[2025-10-19 13:06:32] 本次订阅抓取结果统计:
[2025-10-19 13:06:32] 共 63 条RSS, 成功抓取 55 条.
[2025-10-19 13:06:32] ✘ 有 7 条订阅解析失败:
[2025-10-19 13:06:32] - https://tumutanzi.com/feed
[2025-10-19 13:06:32] - https://tcxx.info/feed
[2025-10-19 13:06:32] - https://www.shephe.com/feed
[2025-10-19 13:06:32] - https://geekinney.com/index.xml
[2025-10-19 13:06:32] - https://suus.me/index.xml
[2025-10-19 13:06:32] - https://yinwang1.substack.com/feed
[2025-10-19 13:06:32] - https://botanwang.com/rss.xml
[2025-10-19 13:06:32] ✘ 有 1 条订阅为空:
[2025-10-19 13:06:32] - http://feeds.feedburner.com/zhihu-daily
[2025-10-19 13:06:32] ✘ 有 1 条订阅头像字段为空, 已使用默认头像:
[2025-10-19 13:06:32] - https://feed.cnblogs.com/blog/u/66551/rss/
[2025-10-19 13:06:32] ✘ 有 3 条订阅头像无法访问, 已使用默认头像:
[2025-10-19 13:06:32] - http://feeds.feedburner.com/ruanyifeng
[2025-10-19 13:06:32] - https://skywind.me/blog/feed
[2025-10-19 13:06:32] - https://www.douban.com/feed/review/book
[2025-10-19 14:01:46] 本次订阅抓取结果统计:
[2025-10-19 14:01:46] 共 63 条RSS, 成功抓取 56 条.
[2025-10-19 14:01:46] ✘ 有 6 条订阅解析失败:
[2025-10-19 14:01:46] - https://tcxx.info/feed
[2025-10-19 14:01:46] - https://tumutanzi.com/feed
[2025-10-19 14:01:46] - https://geekinney.com/index.xml
[2025-10-19 14:01:46] - https://suus.me/index.xml
[2025-10-19 14:01:46] - https://yinwang1.substack.com/feed
[2025-10-19 14:01:46] - https://botanwang.com/rss.xml
[2025-10-19 14:01:46] ✘ 有 1 条订阅为空:
[2025-10-19 14:01:46] - http://feeds.feedburner.com/zhihu-daily
[2025-10-19 14:01:46] ✘ 有 1 条订阅头像字段为空, 已使用默认头像:
[2025-10-19 14:01:46] - https://feed.cnblogs.com/blog/u/66551/rss/
[2025-10-19 14:01:46] ✘ 有 3 条订阅头像无法访问, 已使用默认头像:
[2025-10-19 14:01:46] - http://feeds.feedburner.com/ruanyifeng
[2025-10-19 14:01:46] - https://skywind.me/blog/feed
[2025-10-19 14:01:46] - https://www.douban.com/feed/review/book
[2025-10-19 15:01:57] 本次订阅抓取结果统计:
[2025-10-19 15:01:57] 共 63 条RSS, 成功抓取 56 条.
[2025-10-19 15:01:57] ✘ 有 6 条订阅解析失败:
[2025-10-19 15:01:57] - https://tcxx.info/feed
[2025-10-19 15:01:57] - https://tumutanzi.com/feed
[2025-10-19 15:01:57] - https://geekinney.com/index.xml
[2025-10-19 15:01:57] - https://suus.me/index.xml
[2025-10-19 15:01:57] - https://yinwang1.substack.com/feed
[2025-10-19 15:01:57] - https://botanwang.com/rss.xml
[2025-10-19 15:01:57] ✘ 有 1 条订阅为空:
[2025-10-19 15:01:57] - http://feeds.feedburner.com/zhihu-daily
[2025-10-19 15:01:57] ✘ 有 1 条订阅头像字段为空, 已使用默认头像:
[2025-10-19 15:01:57] - https://feed.cnblogs.com/blog/u/66551/rss/
[2025-10-19 15:01:57] ✘ 有 3 条订阅头像无法访问, 已使用默认头像:
[2025-10-19 15:01:57] - http://feeds.feedburner.com/ruanyifeng
[2025-10-19 15:01:57] - https://skywind.me/blog/feed
[2025-10-19 15:01:57] - https://www.douban.com/feed/review/book
[2025-10-19 16:01:47] 本次订阅抓取结果统计:
[2025-10-19 16:01:47] 共 63 条RSS, 成功抓取 55 条.
[2025-10-19 16:01:47] ✘ 有 7 条订阅解析失败:
[2025-10-19 16:01:47] - https://tumutanzi.com/feed
[2025-10-19 16:01:47] - https://tcxx.info/feed
[2025-10-19 16:01:47] - https://geekinney.com/index.xml
[2025-10-19 16:01:47] - https://suus.me/index.xml
[2025-10-19 16:01:47] - https://yinwang1.substack.com/feed
[2025-10-19 16:01:47] - https://botanwang.com/rss.xml
[2025-10-19 16:01:47] - https://www.douban.com/feed/review/book
[2025-10-19 16:01:47] ✘ 有 1 条订阅为空:
[2025-10-19 16:01:47] - http://feeds.feedburner.com/zhihu-daily
[2025-10-19 16:01:47] ✘ 有 1 条订阅头像字段为空, 已使用默认头像:
[2025-10-19 16:01:47] - https://feed.cnblogs.com/blog/u/66551/rss/
[2025-10-19 16:01:47] ✘ 有 2 条订阅头像无法访问, 已使用默认头像:
[2025-10-19 16:01:47] - http://feeds.feedburner.com/ruanyifeng
[2025-10-19 16:01:47] - https://skywind.me/blog/feed
[2025-10-19 17:01:43] 本次订阅抓取结果统计:
[2025-10-19 17:01:43] 共 63 条RSS, 成功抓取 56 条.
[2025-10-19 17:01:43] ✘ 有 6 条订阅解析失败:
[2025-10-19 17:01:43] - https://tcxx.info/feed
[2025-10-19 17:01:43] - https://tumutanzi.com/feed
[2025-10-19 17:01:43] - https://geekinney.com/index.xml
[2025-10-19 17:01:43] - https://suus.me/index.xml
[2025-10-19 17:01:43] - https://yinwang1.substack.com/feed
[2025-10-19 17:01:43] - https://botanwang.com/rss.xml
[2025-10-19 17:01:43] ✘ 有 1 条订阅为空:
[2025-10-19 17:01:43] - http://feeds.feedburner.com/zhihu-daily
[2025-10-19 17:01:43] ✘ 有 1 条订阅头像字段为空, 已使用默认头像:
[2025-10-19 17:01:43] - https://feed.cnblogs.com/blog/u/66551/rss/
[2025-10-19 17:01:43] ✘ 有 3 条订阅头像无法访问, 已使用默认头像:
[2025-10-19 17:01:43] - http://feeds.feedburner.com/ruanyifeng
[2025-10-19 17:01:43] - https://skywind.me/blog/feed
[2025-10-19 17:01:43] - https://www.douban.com/feed/review/book
[2025-10-19 18:01:49] 抓取到的文章与现有数据相同，无需更新。
[2025-10-19 19:01:41] 抓取到的文章与现有数据相同，无需更新。
[2025-10-19 20:02:16] 抓取到的文章与现有数据相同，无需更新。
[2025-10-19 21:02:00] [WARN] 加载头像映射失败: failed to fetch avatar map: Get "https://cos.lhasa.icu/lhasaRSS/avatar.json": context deadline exceeded (Client.Timeout exceeded while awaiting headers)
[2025-10-19 21:03:07] 本次订阅抓取结果统计:
[2025-10-19 21:03:07] 共 63 条RSS, 成功抓取 52 条.
[2025-10-19 21:03:07] ✘ 有 10 条订阅解析失败:
[2025-10-19 21:03:07] - https://tcxx.info/feed
[2025-10-19 21:03:07] - https://tumutanzi.com/feed
[2025-10-19 21:03:07] - https://geekinney.com/index.xml
[2025-10-19 21:03:07] - https://suus.me/index.xml
[2025-10-19 21:03:07] - https://yinwang1.substack.com/feed
[2025-10-19 21:03:07] - https://botanwang.com/rss.xml
[2025-10-19 21:03:07] - https://xyzbz.cn/feed
[2025-10-19 21:03:07] - https://oba.by/feed
[2025-10-19 21:03:07] - https://www.douban.com/feed/review/book
[2025-10-19 21:03:07] - https://www.laomuzhu.cn/feed/
[2025-10-19 21:03:07] ✘ 有 1 条订阅为空:
[2025-10-19 21:03:07] - http://feeds.feedburner.com/zhihu-daily
[2025-10-19 21:03:07] ✘ 有 1 条订阅头像字段为空, 已使用默认头像:
[2025-10-19 21:03:07] - https://feed.cnblogs.com/blog/u/66551/rss/
[2025-10-19 21:03:07] ✘ 有 6 条订阅头像无法访问, 已使用默认头像:
[2025-10-19 21:03:07] - http://feeds.feedburner.com/ruanyifeng
[2025-10-19 21:03:07] - https://www.loyhome.com/feed
[2025-10-19 21:03:07] - https://a4.zyzhang.com/index.xml
[2025-10-19 21:03:07] - https://skywind.me/blog/feed
[2025-10-19 21:03:07] - https://laike9m.com/blog/rss/
[2025-10-19 21:03:07] - https://www.mrhe.net/feed
[2025-10-19 22:01:45] 本次订阅抓取结果统计:
[2025-10-19 22:01:45] 共 63 条RSS, 成功抓取 56 条.
[2025-10-19 22:01:45] ✘ 有 6 条订阅解析失败:
[2025-10-19 22:01:45] - https://tumutanzi.com/feed
[2025-10-19 22:01:45] - https://tcxx.info/feed
[2025-10-19 22:01:45] - https://geekinney.com/index.xml
[2025-10-19 22:01:45] - https://suus.me/index.xml
[2025-10-19 22:01:45] - https://yinwang1.substack.com/feed
[2025-10-19 22:01:45] - https://botanwang.com/rss.xml
[2025-10-19 22:01:45] ✘ 有 1 条订阅为空:
[2025-10-19 22:01:45] - http://feeds.feedburner.com/zhihu-daily
[2025-10-19 22:01:45] ✘ 有 1 条订阅头像字段为空, 已使用默认头像:
[2025-10-19 22:01:45] - https://feed.cnblogs.com/blog/u/66551/rss/
[2025-10-19 22:01:45] ✘ 有 3 条订阅头像无法访问, 已使用默认头像:
[2025-10-19 22:01:45] - http://feeds.feedburner.com/ruanyifeng
[2025-10-19 22:01:45] - https://skywind.me/blog/feed
[2025-10-19 22:01:45] - https://www.douban.com/feed/review/book
