[2025-06-17 00:04:23] 本次订阅抓取结果统计:
[2025-06-17 00:04:23] 共 45 条RSS, 成功抓取 44 条.
[2025-06-17 00:04:23] ✘ 有 1 条订阅解析失败:
[2025-06-17 00:04:23] - https://tcxx.info/feed
[2025-06-17 00:04:23] ✘ 有 4 条订阅头像无法访问, 已使用默认头像:
[2025-06-17 00:04:23] - http://feeds.feedburner.com/ruanyifeng
[2025-06-17 00:04:23] - https://www.williamlong.info/rss.xml
[2025-06-17 00:04:23] - https://www.douban.com/feed/review/book
[2025-06-17 00:04:23] - https://www.loyhome.com/feed
[2025-06-17 01:29:33] 本次订阅抓取结果统计:
[2025-06-17 01:29:33] 共 45 条RSS, 成功抓取 44 条.
[2025-06-17 01:29:33] ✘ 有 1 条订阅解析失败:
[2025-06-17 01:29:33] - https://tcxx.info/feed
[2025-06-17 01:29:33] ✘ 有 4 条订阅头像无法访问, 已使用默认头像:
[2025-06-17 01:29:33] - http://feeds.feedburner.com/ruanyifeng
[2025-06-17 01:29:33] - https://www.loyhome.com/feed
[2025-06-17 01:29:33] - https://www.williamlong.info/rss.xml
[2025-06-17 01:29:33] - https://www.douban.com/feed/review/book
[2025-06-17 02:32:13] 本次订阅抓取结果统计:
[2025-06-17 02:32:13] 共 45 条RSS, 成功抓取 44 条.
[2025-06-17 02:32:13] ✘ 有 1 条订阅解析失败:
[2025-06-17 02:32:13] - https://tcxx.info/feed
[2025-06-17 02:32:13] ✘ 有 5 条订阅头像无法访问, 已使用默认头像:
[2025-06-17 02:32:13] - http://feeds.feedburner.com/ruanyifeng
[2025-06-17 02:32:13] - https://www.loyhome.com/feed
[2025-06-17 02:32:13] - https://www.williamlong.info/rss.xml
[2025-06-17 02:32:13] - https://www.douban.com/feed/review/book
[2025-06-17 02:32:13] - https://feeds.appinn.com/appinns/
