[2025-04-24 01:19:20] 本次订阅抓取结果统计:
[2025-04-24 01:19:20] 共 28 条RSS, 成功抓取 27 条.
[2025-04-24 01:19:20] ✘ 有 1 条订阅解析失败:
[2025-04-24 01:19:20] - https://tcxx.info/feed
[2025-04-24 01:19:20] ✘ 有 2 条订阅头像无法访问, 已使用默认头像:
[2025-04-24 01:19:20] - http://feeds.feedburner.com/ruanyifeng
[2025-04-24 01:19:20] - https://www.loyhome.com/feed
[2025-04-24 03:04:31] 本次订阅抓取结果统计:
[2025-04-24 03:04:31] 共 28 条RSS, 成功抓取 27 条.
[2025-04-24 03:04:31] ✘ 有 1 条订阅解析失败:
[2025-04-24 03:04:31] - https://tcxx.info/feed
[2025-04-24 03:04:31] ✘ 有 2 条订阅头像无法访问, 已使用默认头像:
[2025-04-24 03:04:31] - http://feeds.feedburner.com/ruanyifeng
[2025-04-24 03:04:31] - https://www.loyhome.com/feed
[2025-04-24 04:20:26] 本次订阅抓取结果统计:
[2025-04-24 04:20:26] 共 28 条RSS, 成功抓取 27 条.
[2025-04-24 04:20:26] ✘ 有 1 条订阅解析失败:
[2025-04-24 04:20:26] - https://tcxx.info/feed
[2025-04-24 04:20:26] ✘ 有 2 条订阅头像无法访问, 已使用默认头像:
[2025-04-24 04:20:26] - http://feeds.feedburner.com/ruanyifeng
[2025-04-24 04:20:26] - https://www.loyhome.com/feed
[2025-04-24 05:17:36] 本次订阅抓取结果统计:
[2025-04-24 05:17:36] 共 28 条RSS, 成功抓取 27 条.
[2025-04-24 05:17:36] ✘ 有 1 条订阅解析失败:
[2025-04-24 05:17:36] - https://tcxx.info/feed
[2025-04-24 05:17:36] ✘ 有 2 条订阅头像无法访问, 已使用默认头像:
[2025-04-24 05:17:36] - http://feeds.feedburner.com/ruanyifeng
[2025-04-24 05:17:36] - https://www.loyhome.com/feed
[2025-04-24 06:25:08] 本次订阅抓取结果统计:
[2025-04-24 06:25:08] 共 28 条RSS, 成功抓取 27 条.
[2025-04-24 06:25:08] ✘ 有 1 条订阅解析失败:
[2025-04-24 06:25:08] - https://tcxx.info/feed
[2025-04-24 06:25:08] ✘ 有 2 条订阅头像无法访问, 已使用默认头像:
[2025-04-24 06:25:08] - https://www.loyhome.com/feed
[2025-04-24 06:25:08] - http://feeds.feedburner.com/ruanyifeng
[2025-04-24 07:17:20] 本次订阅抓取结果统计:
[2025-04-24 07:17:20] 共 28 条RSS, 成功抓取 27 条.
[2025-04-24 07:17:20] ✘ 有 1 条订阅解析失败:
[2025-04-24 07:17:20] - https://tcxx.info/feed
[2025-04-24 07:17:20] ✘ 有 2 条订阅头像无法访问, 已使用默认头像:
[2025-04-24 07:17:20] - http://feeds.feedburner.com/ruanyifeng
[2025-04-24 07:17:20] - https://www.loyhome.com/feed
[2025-04-24 08:22:44] 本次订阅抓取结果统计:
[2025-04-24 08:22:44] 共 28 条RSS, 成功抓取 27 条.
[2025-04-24 08:22:44] ✘ 有 1 条订阅解析失败:
[2025-04-24 08:22:44] - https://tcxx.info/feed
[2025-04-24 08:22:44] ✘ 有 3 条订阅头像无法访问, 已使用默认头像:
[2025-04-24 08:22:44] - https://blog.fooleap.org/atom.xml
[2025-04-24 08:22:44] - http://feeds.feedburner.com/ruanyifeng
[2025-04-24 08:22:44] - https://www.loyhome.com/feed
[2025-04-24 09:19:07] 本次订阅抓取结果统计:
[2025-04-24 09:19:07] 共 28 条RSS, 成功抓取 26 条.
[2025-04-24 09:19:07] ✘ 有 2 条订阅解析失败:
[2025-04-24 09:19:07] - https://wangpei.net/feed
[2025-04-24 09:19:07] - https://tcxx.info/feed
[2025-04-24 09:19:07] ✘ 有 3 条订阅头像无法访问, 已使用默认头像:
[2025-04-24 09:19:07] - https://blog.fooleap.org/atom.xml
[2025-04-24 09:19:07] - http://feeds.feedburner.com/ruanyifeng
[2025-04-24 09:19:07] - https://www.loyhome.com/feed
[2025-04-24 10:19:05] 本次订阅抓取结果统计:
[2025-04-24 10:19:05] 共 28 条RSS, 成功抓取 27 条.
[2025-04-24 10:19:05] ✘ 有 1 条订阅解析失败:
[2025-04-24 10:19:05] - https://tcxx.info/feed
[2025-04-24 10:19:05] ✘ 有 3 条订阅头像无法访问, 已使用默认头像:
[2025-04-24 10:19:05] - https://blog.fooleap.org/atom.xml
[2025-04-24 10:19:05] - http://feeds.feedburner.com/ruanyifeng
[2025-04-24 10:19:05] - https://www.loyhome.com/feed
[2025-04-24 11:14:34] 本次订阅抓取结果统计:
[2025-04-24 11:14:34] 共 28 条RSS, 成功抓取 27 条.
[2025-04-24 11:14:34] ✘ 有 1 条订阅解析失败:
[2025-04-24 11:14:34] - https://tcxx.info/feed
[2025-04-24 11:14:34] ✘ 有 3 条订阅头像无法访问, 已使用默认头像:
[2025-04-24 11:14:34] - https://blog.fooleap.org/atom.xml
[2025-04-24 11:14:34] - http://feeds.feedburner.com/ruanyifeng
[2025-04-24 11:14:34] - https://www.loyhome.com/feed
