[2025-07-31 00:04:33] 抓取到的文章与现有数据相同，无需更新。
[2025-07-31 01:29:54] 本次订阅抓取结果统计:
[2025-07-31 01:29:54] 共 51 条RSS, 成功抓取 49 条.
[2025-07-31 01:29:54] ✘ 有 2 条订阅解析失败:
[2025-07-31 01:29:54] - https://tcxx.info/feed
[2025-07-31 01:29:54] - https://yinwang1.substack.com/feed
[2025-07-31 01:29:54] ✘ 有 5 条订阅头像无法访问, 已使用默认头像:
[2025-07-31 01:29:54] - http://feeds.feedburner.com/ruanyifeng
[2025-07-31 01:29:54] - https://www.loyhome.com/feed
[2025-07-31 01:29:54] - https://a4.zyzhang.com/index.xml
[2025-07-31 01:29:54] - https://www.geedea.pro/index.xml
[2025-07-31 01:29:54] - https://www.douban.com/feed/review/book
[2025-07-31 02:40:13] 本次订阅抓取结果统计:
[2025-07-31 02:40:13] 共 51 条RSS, 成功抓取 49 条.
[2025-07-31 02:40:13] ✘ 有 2 条订阅解析失败:
[2025-07-31 02:40:13] - https://tcxx.info/feed
[2025-07-31 02:40:13] - https://yinwang1.substack.com/feed
[2025-07-31 02:40:13] ✘ 有 6 条订阅头像无法访问, 已使用默认头像:
[2025-07-31 02:40:13] - http://feeds.feedburner.com/ruanyifeng
[2025-07-31 02:40:13] - https://www.loyhome.com/feed
[2025-07-31 02:40:13] - https://a4.zyzhang.com/index.xml
[2025-07-31 02:40:13] - https://www.geedea.pro/index.xml
[2025-07-31 02:40:13] - https://www.douban.com/feed/review/book
[2025-07-31 02:40:13] - https://feeds.appinn.com/appinns/
[2025-07-31 03:30:30] 抓取到的文章与现有数据相同，无需更新。
[2025-07-31 04:15:53] 本次订阅抓取结果统计:
[2025-07-31 04:15:53] 共 51 条RSS, 成功抓取 49 条.
[2025-07-31 04:15:53] ✘ 有 2 条订阅解析失败:
[2025-07-31 04:15:53] - https://tcxx.info/feed
[2025-07-31 04:15:53] - https://yinwang1.substack.com/feed
[2025-07-31 04:15:53] ✘ 有 6 条订阅头像无法访问, 已使用默认头像:
[2025-07-31 04:15:53] - http://feeds.feedburner.com/ruanyifeng
[2025-07-31 04:15:53] - https://www.loyhome.com/feed
[2025-07-31 04:15:53] - https://a4.zyzhang.com/index.xml
[2025-07-31 04:15:53] - https://www.geedea.pro/index.xml
[2025-07-31 04:15:53] - https://www.douban.com/feed/review/book
[2025-07-31 04:15:53] - https://feeds.appinn.com/appinns/
[2025-07-31 05:06:29] 本次订阅抓取结果统计:
[2025-07-31 05:06:29] 共 51 条RSS, 成功抓取 49 条.
[2025-07-31 05:06:29] ✘ 有 2 条订阅解析失败:
[2025-07-31 05:06:29] - https://tcxx.info/feed
[2025-07-31 05:06:29] - https://yinwang1.substack.com/feed
[2025-07-31 05:06:29] ✘ 有 6 条订阅头像无法访问, 已使用默认头像:
[2025-07-31 05:06:29] - http://feeds.feedburner.com/ruanyifeng
[2025-07-31 05:06:29] - https://www.loyhome.com/feed
[2025-07-31 05:06:29] - https://a4.zyzhang.com/index.xml
[2025-07-31 05:06:29] - https://www.geedea.pro/index.xml
[2025-07-31 05:06:29] - https://www.douban.com/feed/review/book
[2025-07-31 05:06:29] - https://feeds.appinn.com/appinns/
[2025-07-31 06:02:15] 本次订阅抓取结果统计:
[2025-07-31 06:02:15] 共 51 条RSS, 成功抓取 49 条.
[2025-07-31 06:02:15] ✘ 有 2 条订阅解析失败:
[2025-07-31 06:02:15] - https://tcxx.info/feed
[2025-07-31 06:02:15] - https://yinwang1.substack.com/feed
[2025-07-31 06:02:15] ✘ 有 5 条订阅头像无法访问, 已使用默认头像:
[2025-07-31 06:02:15] - https://www.loyhome.com/feed
[2025-07-31 06:02:15] - http://feeds.feedburner.com/ruanyifeng
[2025-07-31 06:02:15] - https://a4.zyzhang.com/index.xml
[2025-07-31 06:02:15] - https://www.geedea.pro/index.xml
[2025-07-31 06:02:15] - https://www.douban.com/feed/review/book
[2025-07-31 07:04:06] 抓取到的文章与现有数据相同，无需更新。
[2025-07-31 08:02:29] 本次订阅抓取结果统计:
[2025-07-31 08:02:29] 共 51 条RSS, 成功抓取 49 条.
[2025-07-31 08:02:29] ✘ 有 2 条订阅解析失败:
[2025-07-31 08:02:29] - https://tcxx.info/feed
[2025-07-31 08:02:29] - https://yinwang1.substack.com/feed
[2025-07-31 08:02:29] ✘ 有 5 条订阅头像无法访问, 已使用默认头像:
[2025-07-31 08:02:29] - http://feeds.feedburner.com/ruanyifeng
[2025-07-31 08:02:29] - https://www.loyhome.com/feed
[2025-07-31 08:02:29] - https://a4.zyzhang.com/index.xml
[2025-07-31 08:02:29] - https://www.geedea.pro/index.xml
[2025-07-31 08:02:29] - https://www.douban.com/feed/review/book
[2025-07-31 09:04:22] 本次订阅抓取结果统计:
[2025-07-31 09:04:22] 共 51 条RSS, 成功抓取 49 条.
[2025-07-31 09:04:22] ✘ 有 2 条订阅解析失败:
[2025-07-31 09:04:22] - https://tcxx.info/feed
[2025-07-31 09:04:22] - https://yinwang1.substack.com/feed
[2025-07-31 09:04:22] ✘ 有 6 条订阅头像无法访问, 已使用默认头像:
[2025-07-31 09:04:22] - http://feeds.feedburner.com/ruanyifeng
[2025-07-31 09:04:22] - https://www.loyhome.com/feed
[2025-07-31 09:04:22] - https://a4.zyzhang.com/index.xml
[2025-07-31 09:04:22] - https://www.geedea.pro/index.xml
[2025-07-31 09:04:22] - https://www.douban.com/feed/review/book
[2025-07-31 09:04:22] - https://feeds.appinn.com/appinns/
[2025-07-31 10:02:00] 抓取到的文章与现有数据相同，无需更新。
