[2025-07-30 00:04:32] 抓取到的文章与现有数据相同，无需更新。
[2025-07-30 01:29:45] 抓取到的文章与现有数据相同，无需更新。
[2025-07-30 02:41:01] 本次订阅抓取结果统计:
[2025-07-30 02:41:01] 共 51 条RSS, 成功抓取 49 条.
[2025-07-30 02:41:01] ✘ 有 2 条订阅解析失败:
[2025-07-30 02:41:01] - https://tcxx.info/feed
[2025-07-30 02:41:01] - https://yinwang1.substack.com/feed
[2025-07-30 02:41:01] ✘ 有 6 条订阅头像无法访问, 已使用默认头像:
[2025-07-30 02:41:01] - http://feeds.feedburner.com/ruanyifeng
[2025-07-30 02:41:01] - https://www.loyhome.com/feed
[2025-07-30 02:41:01] - https://a4.zyzhang.com/index.xml
[2025-07-30 02:41:01] - https://www.geedea.pro/index.xml
[2025-07-30 02:41:01] - https://www.douban.com/feed/review/book
[2025-07-30 02:41:01] - https://feeds.appinn.com/appinns/
[2025-07-30 03:30:41] 抓取到的文章与现有数据相同，无需更新。
[2025-07-30 04:16:35] 本次订阅抓取结果统计:
[2025-07-30 04:16:35] 共 51 条RSS, 成功抓取 49 条.
[2025-07-30 04:16:35] ✘ 有 2 条订阅解析失败:
[2025-07-30 04:16:35] - https://tcxx.info/feed
[2025-07-30 04:16:35] - https://yinwang1.substack.com/feed
[2025-07-30 04:16:35] ✘ 有 6 条订阅头像无法访问, 已使用默认头像:
[2025-07-30 04:16:35] - http://feeds.feedburner.com/ruanyifeng
[2025-07-30 04:16:35] - https://www.loyhome.com/feed
[2025-07-30 04:16:35] - https://a4.zyzhang.com/index.xml
[2025-07-30 04:16:35] - https://www.geedea.pro/index.xml
[2025-07-30 04:16:35] - https://www.douban.com/feed/review/book
[2025-07-30 04:16:35] - https://feeds.appinn.com/appinns/
[2025-07-30 05:07:46] 本次订阅抓取结果统计:
[2025-07-30 05:07:46] 共 51 条RSS, 成功抓取 49 条.
[2025-07-30 05:07:46] ✘ 有 2 条订阅解析失败:
[2025-07-30 05:07:46] - https://tcxx.info/feed
[2025-07-30 05:07:46] - https://yinwang1.substack.com/feed
[2025-07-30 05:07:46] ✘ 有 6 条订阅头像无法访问, 已使用默认头像:
[2025-07-30 05:07:46] - http://feeds.feedburner.com/ruanyifeng
[2025-07-30 05:07:46] - https://www.loyhome.com/feed
[2025-07-30 05:07:46] - https://a4.zyzhang.com/index.xml
[2025-07-30 05:07:46] - https://www.geedea.pro/index.xml
[2025-07-30 05:07:46] - https://www.douban.com/feed/review/book
[2025-07-30 05:07:46] - https://feeds.appinn.com/appinns/
[2025-07-30 06:02:44] 本次订阅抓取结果统计:
[2025-07-30 06:02:44] 共 51 条RSS, 成功抓取 49 条.
[2025-07-30 06:02:44] ✘ 有 2 条订阅解析失败:
[2025-07-30 06:02:44] - https://tcxx.info/feed
[2025-07-30 06:02:44] - https://yinwang1.substack.com/feed
[2025-07-30 06:02:44] ✘ 有 5 条订阅头像无法访问, 已使用默认头像:
[2025-07-30 06:02:44] - http://feeds.feedburner.com/ruanyifeng
[2025-07-30 06:02:44] - https://www.loyhome.com/feed
[2025-07-30 06:02:44] - https://a4.zyzhang.com/index.xml
[2025-07-30 06:02:44] - https://www.geedea.pro/index.xml
[2025-07-30 06:02:44] - https://www.douban.com/feed/review/book
[2025-07-30 07:04:58] 本次订阅抓取结果统计:
[2025-07-30 07:04:58] 共 51 条RSS, 成功抓取 48 条.
[2025-07-30 07:04:58] ✘ 有 3 条订阅解析失败:
[2025-07-30 07:04:58] - https://tcxx.info/feed
[2025-07-30 07:04:58] - https://yinwang1.substack.com/feed
[2025-07-30 07:04:58] - https://www.douban.com/feed/review/book
[2025-07-30 07:04:58] ✘ 有 5 条订阅头像无法访问, 已使用默认头像:
[2025-07-30 07:04:58] - http://feeds.feedburner.com/ruanyifeng
[2025-07-30 07:04:58] - https://www.loyhome.com/feed
[2025-07-30 07:04:58] - https://a4.zyzhang.com/index.xml
[2025-07-30 07:04:58] - https://www.geedea.pro/index.xml
[2025-07-30 07:04:58] - https://feeds.appinn.com/appinns/
