[2025-10-24 00:04:34] 本次订阅抓取结果统计:
[2025-10-24 00:04:34] 共 63 条RSS, 成功抓取 55 条.
[2025-10-24 00:04:34] ✘ 有 7 条订阅解析失败:
[2025-10-24 00:04:34] - https://tcxx.info/feed
[2025-10-24 00:04:34] - https://tumutanzi.com/feed
[2025-10-24 00:04:34] - https://geekinney.com/index.xml
[2025-10-24 00:04:34] - https://suus.me/index.xml
[2025-10-24 00:04:34] - https://yinwang1.substack.com/feed
[2025-10-24 00:04:34] - https://botanwang.com/rss.xml
[2025-10-24 00:04:34] - https://www.douban.com/feed/review/book
[2025-10-24 00:04:34] ✘ 有 1 条订阅为空:
[2025-10-24 00:04:34] - http://feeds.feedburner.com/zhihu-daily
[2025-10-24 00:04:34] ✘ 有 1 条订阅头像字段为空, 已使用默认头像:
[2025-10-24 00:04:34] - https://feed.cnblogs.com/blog/u/66551/rss/
[2025-10-24 00:04:34] ✘ 有 2 条订阅头像无法访问, 已使用默认头像:
[2025-10-24 00:04:34] - http://feeds.feedburner.com/ruanyifeng
[2025-10-24 00:04:34] - https://skywind.me/blog/feed
[2025-10-24 01:29:32] 本次订阅抓取结果统计:
[2025-10-24 01:29:32] 共 63 条RSS, 成功抓取 55 条.
[2025-10-24 01:29:32] ✘ 有 7 条订阅解析失败:
[2025-10-24 01:29:32] - https://tumutanzi.com/feed
[2025-10-24 01:29:32] - https://tcxx.info/feed
[2025-10-24 01:29:32] - https://geekinney.com/index.xml
[2025-10-24 01:29:32] - https://suus.me/index.xml
[2025-10-24 01:29:32] - https://yinwang1.substack.com/feed
[2025-10-24 01:29:32] - https://botanwang.com/rss.xml
[2025-10-24 01:29:32] - https://www.douban.com/feed/review/book
[2025-10-24 01:29:32] ✘ 有 1 条订阅为空:
[2025-10-24 01:29:32] - http://feeds.feedburner.com/zhihu-daily
[2025-10-24 01:29:32] ✘ 有 1 条订阅头像字段为空, 已使用默认头像:
[2025-10-24 01:29:32] - https://feed.cnblogs.com/blog/u/66551/rss/
[2025-10-24 01:29:32] ✘ 有 2 条订阅头像无法访问, 已使用默认头像:
[2025-10-24 01:29:32] - http://feeds.feedburner.com/ruanyifeng
[2025-10-24 01:29:32] - https://skywind.me/blog/feed
[2025-10-24 02:28:23] 本次订阅抓取结果统计:
[2025-10-24 02:28:23] 共 63 条RSS, 成功抓取 56 条.
[2025-10-24 02:28:23] ✘ 有 6 条订阅解析失败:
[2025-10-24 02:28:23] - https://tcxx.info/feed
[2025-10-24 02:28:23] - https://tumutanzi.com/feed
[2025-10-24 02:28:23] - https://suus.me/index.xml
[2025-10-24 02:28:23] - https://geekinney.com/index.xml
[2025-10-24 02:28:23] - https://yinwang1.substack.com/feed
[2025-10-24 02:28:23] - https://botanwang.com/rss.xml
[2025-10-24 02:28:23] ✘ 有 1 条订阅为空:
[2025-10-24 02:28:23] - http://feeds.feedburner.com/zhihu-daily
[2025-10-24 02:28:23] ✘ 有 1 条订阅头像字段为空, 已使用默认头像:
[2025-10-24 02:28:23] - https://feed.cnblogs.com/blog/u/66551/rss/
[2025-10-24 02:28:23] ✘ 有 3 条订阅头像无法访问, 已使用默认头像:
[2025-10-24 02:28:23] - http://feeds.feedburner.com/ruanyifeng
[2025-10-24 02:28:23] - https://skywind.me/blog/feed
[2025-10-24 02:28:23] - https://www.douban.com/feed/review/book
[2025-10-24 03:14:29] 本次订阅抓取结果统计:
[2025-10-24 03:14:29] 共 63 条RSS, 成功抓取 56 条.
[2025-10-24 03:14:29] ✘ 有 6 条订阅解析失败:
[2025-10-24 03:14:29] - https://tcxx.info/feed
[2025-10-24 03:14:29] - https://tumutanzi.com/feed
[2025-10-24 03:14:29] - https://geekinney.com/index.xml
[2025-10-24 03:14:29] - https://suus.me/index.xml
[2025-10-24 03:14:29] - https://yinwang1.substack.com/feed
[2025-10-24 03:14:29] - https://botanwang.com/rss.xml
[2025-10-24 03:14:29] ✘ 有 1 条订阅为空:
[2025-10-24 03:14:29] - http://feeds.feedburner.com/zhihu-daily
[2025-10-24 03:14:29] ✘ 有 1 条订阅头像字段为空, 已使用默认头像:
[2025-10-24 03:14:29] - https://feed.cnblogs.com/blog/u/66551/rss/
[2025-10-24 03:14:29] ✘ 有 3 条订阅头像无法访问, 已使用默认头像:
[2025-10-24 03:14:29] - http://feeds.feedburner.com/ruanyifeng
[2025-10-24 03:14:29] - https://skywind.me/blog/feed
[2025-10-24 03:14:29] - https://www.douban.com/feed/review/book
[2025-10-24 04:01:49] 抓取到的文章与现有数据相同，无需更新。
[2025-10-24 05:02:01] 抓取到的文章与现有数据相同，无需更新。
[2025-10-24 06:02:06] 抓取到的文章与现有数据相同，无需更新。
[2025-10-24 07:01:53] 本次订阅抓取结果统计:
[2025-10-24 07:01:53] 共 63 条RSS, 成功抓取 56 条.
[2025-10-24 07:01:53] ✘ 有 6 条订阅解析失败:
[2025-10-24 07:01:53] - https://tcxx.info/feed
[2025-10-24 07:01:53] - https://tumutanzi.com/feed
[2025-10-24 07:01:53] - https://suus.me/index.xml
[2025-10-24 07:01:53] - https://geekinney.com/index.xml
[2025-10-24 07:01:53] - https://yinwang1.substack.com/feed
[2025-10-24 07:01:53] - https://botanwang.com/rss.xml
[2025-10-24 07:01:53] ✘ 有 1 条订阅为空:
[2025-10-24 07:01:53] - http://feeds.feedburner.com/zhihu-daily
[2025-10-24 07:01:53] ✘ 有 1 条订阅头像字段为空, 已使用默认头像:
[2025-10-24 07:01:53] - https://feed.cnblogs.com/blog/u/66551/rss/
[2025-10-24 07:01:53] ✘ 有 3 条订阅头像无法访问, 已使用默认头像:
[2025-10-24 07:01:53] - http://feeds.feedburner.com/ruanyifeng
[2025-10-24 07:01:53] - https://skywind.me/blog/feed
[2025-10-24 07:01:53] - https://www.douban.com/feed/review/book
[2025-10-24 08:02:11] 抓取到的文章与现有数据相同，无需更新。
[2025-10-24 09:01:58] 本次订阅抓取结果统计:
[2025-10-24 09:01:58] 共 63 条RSS, 成功抓取 56 条.
[2025-10-24 09:01:58] ✘ 有 6 条订阅解析失败:
[2025-10-24 09:01:58] - https://tcxx.info/feed
[2025-10-24 09:01:58] - https://tumutanzi.com/feed
[2025-10-24 09:01:58] - https://geekinney.com/index.xml
[2025-10-24 09:01:58] - https://suus.me/index.xml
[2025-10-24 09:01:58] - https://yinwang1.substack.com/feed
[2025-10-24 09:01:58] - https://botanwang.com/rss.xml
[2025-10-24 09:01:58] ✘ 有 1 条订阅为空:
[2025-10-24 09:01:58] - http://feeds.feedburner.com/zhihu-daily
[2025-10-24 09:01:58] ✘ 有 1 条订阅头像字段为空, 已使用默认头像:
[2025-10-24 09:01:58] - https://feed.cnblogs.com/blog/u/66551/rss/
[2025-10-24 09:01:58] ✘ 有 3 条订阅头像无法访问, 已使用默认头像:
[2025-10-24 09:01:58] - http://feeds.feedburner.com/ruanyifeng
[2025-10-24 09:01:58] - https://skywind.me/blog/feed
[2025-10-24 09:01:58] - https://www.douban.com/feed/review/book
[2025-10-24 10:02:01] 本次订阅抓取结果统计:
[2025-10-24 10:02:01] 共 63 条RSS, 成功抓取 56 条.
[2025-10-24 10:02:01] ✘ 有 6 条订阅解析失败:
[2025-10-24 10:02:01] - https://tcxx.info/feed
[2025-10-24 10:02:01] - https://tumutanzi.com/feed
[2025-10-24 10:02:01] - https://suus.me/index.xml
[2025-10-24 10:02:01] - https://geekinney.com/index.xml
[2025-10-24 10:02:01] - https://yinwang1.substack.com/feed
[2025-10-24 10:02:01] - https://botanwang.com/rss.xml
[2025-10-24 10:02:01] ✘ 有 1 条订阅为空:
[2025-10-24 10:02:01] - http://feeds.feedburner.com/zhihu-daily
[2025-10-24 10:02:01] ✘ 有 1 条订阅头像字段为空, 已使用默认头像:
[2025-10-24 10:02:01] - https://feed.cnblogs.com/blog/u/66551/rss/
[2025-10-24 10:02:01] ✘ 有 3 条订阅头像无法访问, 已使用默认头像:
[2025-10-24 10:02:01] - http://feeds.feedburner.com/ruanyifeng
[2025-10-24 10:02:01] - https://skywind.me/blog/feed
[2025-10-24 10:02:01] - https://www.douban.com/feed/review/book
[2025-10-24 11:02:07] 抓取到的文章与现有数据相同，无需更新。
[2025-10-24 12:03:00] 抓取到的文章与现有数据相同，无需更新。
[2025-10-24 13:10:55] 抓取到的文章与现有数据相同，无需更新。
[2025-10-24 14:02:04] 抓取到的文章与现有数据相同，无需更新。
