[2025-09-20 00:04:20] 抓取到的文章与现有数据相同，无需更新。
[2025-09-20 01:29:05] 本次订阅抓取结果统计:
[2025-09-20 01:29:05] 共 59 条RSS, 成功抓取 52 条.
[2025-09-20 01:29:05] ✘ 有 6 条订阅解析失败:
[2025-09-20 01:29:05] - https://oba.by/feed
[2025-09-20 01:29:05] - https://tcxx.info/feed
[2025-09-20 01:29:05] - https://tumutanzi.com/feed
[2025-09-20 01:29:05] - https://geekinney.com/index.xml
[2025-09-20 01:29:05] - https://yinwang1.substack.com/feed
[2025-09-20 01:29:05] - https://botanwang.com/rss.xml
[2025-09-20 01:29:05] ✘ 有 1 条订阅为空:
[2025-09-20 01:29:05] - http://feeds.feedburner.com/zhihu-daily
[2025-09-20 01:29:05] ✘ 有 1 条订阅头像字段为空, 已使用默认头像:
[2025-09-20 01:29:05] - https://feed.cnblogs.com/blog/u/66551/rss/
[2025-09-20 01:29:05] ✘ 有 8 条订阅头像无法访问, 已使用默认头像:
[2025-09-20 01:29:05] - http://feeds.feedburner.com/ruanyifeng
[2025-09-20 01:29:05] - https://www.loyhome.com/feed
[2025-09-20 01:29:05] - https://a4.zyzhang.com/index.xml
[2025-09-20 01:29:05] - https://laike9m.com/blog/rss/
[2025-09-20 01:29:05] - https://skywind.me/blog/feed
[2025-09-20 01:29:05] - https://www.douban.com/feed/review/book
[2025-09-20 01:29:05] - https://www.mrhe.net/feed
[2025-09-20 01:29:05] - https://lenciel.com/feed.xml
[2025-09-20 02:24:31] 本次订阅抓取结果统计:
[2025-09-20 02:24:31] 共 59 条RSS, 成功抓取 49 条.
[2025-09-20 02:24:31] ✘ 有 8 条订阅解析失败:
[2025-09-20 02:24:31] - https://oba.by/feed
[2025-09-20 02:24:31] - https://tumutanzi.com/feed
[2025-09-20 02:24:31] - https://tcxx.info/feed
[2025-09-20 02:24:31] - https://geekinney.com/index.xml
[2025-09-20 02:24:31] - https://yinwang1.substack.com/feed
[2025-09-20 02:24:31] - https://www.luzhaojun.com/feed
[2025-09-20 02:24:31] - https://botanwang.com/rss.xml
[2025-09-20 02:24:31] - https://leixus.cn/index.php/feed/
[2025-09-20 02:24:31] ✘ 有 2 条订阅为空:
[2025-09-20 02:24:31] - http://feeds.feedburner.com/zhihu-daily
[2025-09-20 02:24:31] - https://diygod.cc/feed
[2025-09-20 02:24:31] ✘ 有 1 条订阅头像字段为空, 已使用默认头像:
[2025-09-20 02:24:31] - https://feed.cnblogs.com/blog/u/66551/rss/
[2025-09-20 02:24:31] ✘ 有 8 条订阅头像无法访问, 已使用默认头像:
[2025-09-20 02:24:31] - http://feeds.feedburner.com/ruanyifeng
[2025-09-20 02:24:31] - https://www.loyhome.com/feed
[2025-09-20 02:24:31] - https://a4.zyzhang.com/index.xml
[2025-09-20 02:24:31] - https://laike9m.com/blog/rss/
[2025-09-20 02:24:31] - https://skywind.me/blog/feed
[2025-09-20 02:24:31] - https://www.mrhe.net/feed
[2025-09-20 02:24:31] - https://www.douban.com/feed/review/book
[2025-09-20 02:24:31] - https://lenciel.com/feed.xml
