[2025-11-14 00:04:37] 本次订阅抓取结果统计:
[2025-11-14 00:04:37] 共 63 条RSS, 成功抓取 55 条.
[2025-11-14 00:04:37] ✘ 有 7 条订阅解析失败:
[2025-11-14 00:04:37] - https://tcxx.info/feed
[2025-11-14 00:04:37] - https://tumutanzi.com/feed
[2025-11-14 00:04:37] - https://blog.twofei.com/rss
[2025-11-14 00:04:37] - https://geekinney.com/index.xml
[2025-11-14 00:04:37] - https://suus.me/index.xml
[2025-11-14 00:04:37] - https://yinwang1.substack.com/feed
[2025-11-14 00:04:37] - https://botanwang.com/rss.xml
[2025-11-14 00:04:37] ✘ 有 1 条订阅为空:
[2025-11-14 00:04:37] - http://feeds.feedburner.com/zhihu-daily
[2025-11-14 00:04:37] ✘ 有 1 条订阅头像字段为空, 已使用默认头像:
[2025-11-14 00:04:37] - https://feed.cnblogs.com/blog/u/66551/rss/
[2025-11-14 00:04:37] ✘ 有 3 条订阅头像无法访问, 已使用默认头像:
[2025-11-14 00:04:37] - http://feeds.feedburner.com/ruanyifeng
[2025-11-14 00:04:37] - https://skywind.me/blog/feed
[2025-11-14 00:04:37] - https://www.douban.com/feed/review/book
[2025-11-14 01:29:44] 本次订阅抓取结果统计:
[2025-11-14 01:29:44] 共 63 条RSS, 成功抓取 55 条.
[2025-11-14 01:29:44] ✘ 有 7 条订阅解析失败:
[2025-11-14 01:29:44] - https://tcxx.info/feed
[2025-11-14 01:29:44] - https://tumutanzi.com/feed
[2025-11-14 01:29:44] - https://blog.twofei.com/rss
[2025-11-14 01:29:44] - https://geekinney.com/index.xml
[2025-11-14 01:29:44] - https://suus.me/index.xml
[2025-11-14 01:29:44] - https://yinwang1.substack.com/feed
[2025-11-14 01:29:44] - https://botanwang.com/rss.xml
[2025-11-14 01:29:44] ✘ 有 1 条订阅为空:
[2025-11-14 01:29:44] - http://feeds.feedburner.com/zhihu-daily
[2025-11-14 01:29:44] ✘ 有 1 条订阅头像字段为空, 已使用默认头像:
[2025-11-14 01:29:44] - https://feed.cnblogs.com/blog/u/66551/rss/
[2025-11-14 01:29:44] ✘ 有 3 条订阅头像无法访问, 已使用默认头像:
[2025-11-14 01:29:44] - http://feeds.feedburner.com/ruanyifeng
[2025-11-14 01:29:44] - https://skywind.me/blog/feed
[2025-11-14 01:29:44] - https://www.douban.com/feed/review/book
[2025-11-14 02:30:45] 本次订阅抓取结果统计:
[2025-11-14 02:30:45] 共 63 条RSS, 成功抓取 54 条.
[2025-11-14 02:30:45] ✘ 有 8 条订阅解析失败:
[2025-11-14 02:30:45] - https://tcxx.info/feed
[2025-11-14 02:30:45] - https://tumutanzi.com/feed
[2025-11-14 02:30:45] - https://geekinney.com/index.xml
[2025-11-14 02:30:45] - https://blog.twofei.com/rss
[2025-11-14 02:30:45] - https://suus.me/index.xml
[2025-11-14 02:30:45] - https://yinwang1.substack.com/feed
[2025-11-14 02:30:45] - https://botanwang.com/rss.xml
[2025-11-14 02:30:45] - https://www.douban.com/feed/review/book
[2025-11-14 02:30:45] ✘ 有 1 条订阅为空:
[2025-11-14 02:30:45] - http://feeds.feedburner.com/zhihu-daily
[2025-11-14 02:30:45] ✘ 有 1 条订阅头像字段为空, 已使用默认头像:
[2025-11-14 02:30:45] - https://feed.cnblogs.com/blog/u/66551/rss/
[2025-11-14 02:30:45] ✘ 有 2 条订阅头像无法访问, 已使用默认头像:
[2025-11-14 02:30:45] - http://feeds.feedburner.com/ruanyifeng
[2025-11-14 02:30:45] - https://skywind.me/blog/feed
