[2025-09-21 00:04:42] 抓取到的文章与现有数据相同，无需更新。
[2025-09-21 01:29:49] 抓取到的文章与现有数据相同，无需更新。
[2025-09-21 02:29:49] 抓取到的文章与现有数据相同，无需更新。
[2025-09-21 03:18:00] 抓取到的文章与现有数据相同，无需更新。
[2025-09-21 04:01:49] 本次订阅抓取结果统计:
[2025-09-21 04:01:49] 共 59 条RSS, 成功抓取 51 条.
[2025-09-21 04:01:49] ✘ 有 7 条订阅解析失败:
[2025-09-21 04:01:49] - https://oba.by/feed
[2025-09-21 04:01:49] - https://tumutanzi.com/feed
[2025-09-21 04:01:49] - https://tcxx.info/feed
[2025-09-21 04:01:49] - https://geekinney.com/index.xml
[2025-09-21 04:01:49] - https://diygod.cc/feed
[2025-09-21 04:01:49] - https://yinwang1.substack.com/feed
[2025-09-21 04:01:49] - https://botanwang.com/rss.xml
[2025-09-21 04:01:49] ✘ 有 1 条订阅为空:
[2025-09-21 04:01:49] - http://feeds.feedburner.com/zhihu-daily
[2025-09-21 04:01:49] ✘ 有 1 条订阅头像字段为空, 已使用默认头像:
[2025-09-21 04:01:49] - https://feed.cnblogs.com/blog/u/66551/rss/
[2025-09-21 04:01:49] ✘ 有 8 条订阅头像无法访问, 已使用默认头像:
[2025-09-21 04:01:49] - http://feeds.feedburner.com/ruanyifeng
[2025-09-21 04:01:49] - https://www.loyhome.com/feed
[2025-09-21 04:01:49] - https://a4.zyzhang.com/index.xml
[2025-09-21 04:01:49] - https://laike9m.com/blog/rss/
[2025-09-21 04:01:49] - https://skywind.me/blog/feed
[2025-09-21 04:01:49] - https://www.douban.com/feed/review/book
[2025-09-21 04:01:49] - https://www.mrhe.net/feed
[2025-09-21 04:01:49] - https://lenciel.com/feed.xml
[2025-09-21 05:01:49] 本次订阅抓取结果统计:
[2025-09-21 05:01:49] 共 59 条RSS, 成功抓取 52 条.
[2025-09-21 05:01:49] ✘ 有 6 条订阅解析失败:
[2025-09-21 05:01:49] - https://oba.by/feed
[2025-09-21 05:01:49] - https://tumutanzi.com/feed
[2025-09-21 05:01:49] - https://tcxx.info/feed
[2025-09-21 05:01:49] - https://geekinney.com/index.xml
[2025-09-21 05:01:49] - https://yinwang1.substack.com/feed
[2025-09-21 05:01:49] - https://botanwang.com/rss.xml
[2025-09-21 05:01:49] ✘ 有 1 条订阅为空:
[2025-09-21 05:01:49] - http://feeds.feedburner.com/zhihu-daily
[2025-09-21 05:01:49] ✘ 有 1 条订阅头像字段为空, 已使用默认头像:
[2025-09-21 05:01:49] - https://feed.cnblogs.com/blog/u/66551/rss/
[2025-09-21 05:01:49] ✘ 有 8 条订阅头像无法访问, 已使用默认头像:
[2025-09-21 05:01:49] - http://feeds.feedburner.com/ruanyifeng
[2025-09-21 05:01:49] - https://www.loyhome.com/feed
[2025-09-21 05:01:49] - https://a4.zyzhang.com/index.xml
[2025-09-21 05:01:49] - https://laike9m.com/blog/rss/
[2025-09-21 05:01:49] - https://skywind.me/blog/feed
[2025-09-21 05:01:49] - https://www.douban.com/feed/review/book
[2025-09-21 05:01:49] - https://www.mrhe.net/feed
[2025-09-21 05:01:49] - https://lenciel.com/feed.xml
[2025-09-21 06:02:59] 抓取到的文章与现有数据相同，无需更新。
[2025-09-21 07:02:54] 本次订阅抓取结果统计:
[2025-09-21 07:02:54] 共 59 条RSS, 成功抓取 51 条.
[2025-09-21 07:02:54] ✘ 有 7 条订阅解析失败:
[2025-09-21 07:02:54] - https://oba.by/feed
[2025-09-21 07:02:54] - https://tcxx.info/feed
[2025-09-21 07:02:54] - https://tumutanzi.com/feed
[2025-09-21 07:02:54] - https://geekinney.com/index.xml
[2025-09-21 07:02:54] - https://yinwang1.substack.com/feed
[2025-09-21 07:02:54] - https://botanwang.com/rss.xml
[2025-09-21 07:02:54] - https://diygod.cc/feed
[2025-09-21 07:02:54] ✘ 有 1 条订阅为空:
[2025-09-21 07:02:54] - http://feeds.feedburner.com/zhihu-daily
[2025-09-21 07:02:54] ✘ 有 1 条订阅头像字段为空, 已使用默认头像:
[2025-09-21 07:02:54] - https://feed.cnblogs.com/blog/u/66551/rss/
[2025-09-21 07:02:54] ✘ 有 8 条订阅头像无法访问, 已使用默认头像:
[2025-09-21 07:02:54] - http://feeds.feedburner.com/ruanyifeng
[2025-09-21 07:02:54] - https://www.loyhome.com/feed
[2025-09-21 07:02:54] - https://a4.zyzhang.com/index.xml
[2025-09-21 07:02:54] - https://skywind.me/blog/feed
[2025-09-21 07:02:54] - https://laike9m.com/blog/rss/
[2025-09-21 07:02:54] - https://www.douban.com/feed/review/book
[2025-09-21 07:02:54] - https://lenciel.com/feed.xml
[2025-09-21 07:02:54] - https://www.mrhe.net/feed
[2025-09-21 08:01:52] 本次订阅抓取结果统计:
[2025-09-21 08:01:52] 共 59 条RSS, 成功抓取 52 条.
[2025-09-21 08:01:52] ✘ 有 6 条订阅解析失败:
[2025-09-21 08:01:52] - https://oba.by/feed
[2025-09-21 08:01:52] - https://tcxx.info/feed
[2025-09-21 08:01:52] - https://tumutanzi.com/feed
[2025-09-21 08:01:52] - https://geekinney.com/index.xml
[2025-09-21 08:01:52] - https://yinwang1.substack.com/feed
[2025-09-21 08:01:52] - https://botanwang.com/rss.xml
[2025-09-21 08:01:52] ✘ 有 1 条订阅为空:
[2025-09-21 08:01:52] - http://feeds.feedburner.com/zhihu-daily
[2025-09-21 08:01:52] ✘ 有 1 条订阅头像字段为空, 已使用默认头像:
[2025-09-21 08:01:52] - https://feed.cnblogs.com/blog/u/66551/rss/
[2025-09-21 08:01:52] ✘ 有 8 条订阅头像无法访问, 已使用默认头像:
[2025-09-21 08:01:52] - http://feeds.feedburner.com/ruanyifeng
[2025-09-21 08:01:52] - https://www.loyhome.com/feed
[2025-09-21 08:01:52] - https://a4.zyzhang.com/index.xml
[2025-09-21 08:01:52] - https://laike9m.com/blog/rss/
[2025-09-21 08:01:52] - https://skywind.me/blog/feed
[2025-09-21 08:01:52] - https://www.mrhe.net/feed
[2025-09-21 08:01:52] - https://lenciel.com/feed.xml
[2025-09-21 08:01:52] - https://www.douban.com/feed/review/book
[2025-09-21 09:02:18] 本次订阅抓取结果统计:
[2025-09-21 09:02:18] 共 59 条RSS, 成功抓取 52 条.
[2025-09-21 09:02:18] ✘ 有 6 条订阅解析失败:
[2025-09-21 09:02:18] - https://oba.by/feed
[2025-09-21 09:02:18] - https://tcxx.info/feed
[2025-09-21 09:02:18] - https://tumutanzi.com/feed
[2025-09-21 09:02:18] - https://geekinney.com/index.xml
[2025-09-21 09:02:18] - https://yinwang1.substack.com/feed
[2025-09-21 09:02:18] - https://botanwang.com/rss.xml
[2025-09-21 09:02:18] ✘ 有 1 条订阅为空:
[2025-09-21 09:02:18] - http://feeds.feedburner.com/zhihu-daily
[2025-09-21 09:02:18] ✘ 有 1 条订阅头像字段为空, 已使用默认头像:
[2025-09-21 09:02:18] - https://feed.cnblogs.com/blog/u/66551/rss/
[2025-09-21 09:02:18] ✘ 有 8 条订阅头像无法访问, 已使用默认头像:
[2025-09-21 09:02:18] - http://feeds.feedburner.com/ruanyifeng
[2025-09-21 09:02:18] - https://www.loyhome.com/feed
[2025-09-21 09:02:18] - https://a4.zyzhang.com/index.xml
[2025-09-21 09:02:18] - https://laike9m.com/blog/rss/
[2025-09-21 09:02:18] - https://skywind.me/blog/feed
[2025-09-21 09:02:18] - https://www.mrhe.net/feed
[2025-09-21 09:02:18] - https://www.douban.com/feed/review/book
[2025-09-21 09:02:18] - https://lenciel.com/feed.xml
[2025-09-21 10:01:54] 抓取到的文章与现有数据相同，无需更新。
[2025-09-21 11:02:35] 抓取到的文章与现有数据相同，无需更新。
[2025-09-21 12:01:54] 抓取到的文章与现有数据相同，无需更新。
[2025-09-21 13:05:45] 本次订阅抓取结果统计:
[2025-09-21 13:05:45] 共 59 条RSS, 成功抓取 52 条.
[2025-09-21 13:05:45] ✘ 有 6 条订阅解析失败:
[2025-09-21 13:05:45] - https://oba.by/feed
[2025-09-21 13:05:45] - https://tcxx.info/feed
[2025-09-21 13:05:45] - https://tumutanzi.com/feed
[2025-09-21 13:05:45] - https://geekinney.com/index.xml
[2025-09-21 13:05:45] - https://yinwang1.substack.com/feed
[2025-09-21 13:05:45] - https://botanwang.com/rss.xml
[2025-09-21 13:05:45] ✘ 有 1 条订阅为空:
[2025-09-21 13:05:45] - http://feeds.feedburner.com/zhihu-daily
[2025-09-21 13:05:45] ✘ 有 1 条订阅头像字段为空, 已使用默认头像:
[2025-09-21 13:05:45] - https://feed.cnblogs.com/blog/u/66551/rss/
[2025-09-21 13:05:45] ✘ 有 8 条订阅头像无法访问, 已使用默认头像:
[2025-09-21 13:05:45] - https://www.loyhome.com/feed
[2025-09-21 13:05:45] - http://feeds.feedburner.com/ruanyifeng
[2025-09-21 13:05:45] - https://a4.zyzhang.com/index.xml
[2025-09-21 13:05:45] - https://laike9m.com/blog/rss/
[2025-09-21 13:05:45] - https://skywind.me/blog/feed
[2025-09-21 13:05:45] - https://www.mrhe.net/feed
[2025-09-21 13:05:45] - https://www.douban.com/feed/review/book
[2025-09-21 13:05:45] - https://lenciel.com/feed.xml
[2025-09-21 14:01:47] 本次订阅抓取结果统计:
[2025-09-21 14:01:47] 共 59 条RSS, 成功抓取 51 条.
[2025-09-21 14:01:47] ✘ 有 7 条订阅解析失败:
[2025-09-21 14:01:47] - https://oba.by/feed
[2025-09-21 14:01:47] - https://tcxx.info/feed
[2025-09-21 14:01:47] - https://tumutanzi.com/feed
[2025-09-21 14:01:47] - https://geekinney.com/index.xml
[2025-09-21 14:01:47] - https://yinwang1.substack.com/feed
[2025-09-21 14:01:47] - https://botanwang.com/rss.xml
[2025-09-21 14:01:47] - https://www.douban.com/feed/review/book
[2025-09-21 14:01:47] ✘ 有 1 条订阅为空:
[2025-09-21 14:01:47] - http://feeds.feedburner.com/zhihu-daily
[2025-09-21 14:01:47] ✘ 有 1 条订阅头像字段为空, 已使用默认头像:
[2025-09-21 14:01:47] - https://feed.cnblogs.com/blog/u/66551/rss/
[2025-09-21 14:01:47] ✘ 有 7 条订阅头像无法访问, 已使用默认头像:
[2025-09-21 14:01:47] - http://feeds.feedburner.com/ruanyifeng
[2025-09-21 14:01:47] - https://www.loyhome.com/feed
[2025-09-21 14:01:47] - https://a4.zyzhang.com/index.xml
[2025-09-21 14:01:47] - https://skywind.me/blog/feed
[2025-09-21 14:01:47] - https://laike9m.com/blog/rss/
[2025-09-21 14:01:47] - https://www.mrhe.net/feed
[2025-09-21 14:01:47] - https://lenciel.com/feed.xml
[2025-09-21 15:01:46] 本次订阅抓取结果统计:
[2025-09-21 15:01:46] 共 59 条RSS, 成功抓取 52 条.
[2025-09-21 15:01:46] ✘ 有 6 条订阅解析失败:
[2025-09-21 15:01:46] - https://oba.by/feed
[2025-09-21 15:01:46] - https://tcxx.info/feed
[2025-09-21 15:01:46] - https://tumutanzi.com/feed
[2025-09-21 15:01:46] - https://geekinney.com/index.xml
[2025-09-21 15:01:46] - https://yinwang1.substack.com/feed
[2025-09-21 15:01:46] - https://botanwang.com/rss.xml
[2025-09-21 15:01:46] ✘ 有 1 条订阅为空:
[2025-09-21 15:01:46] - http://feeds.feedburner.com/zhihu-daily
[2025-09-21 15:01:46] ✘ 有 1 条订阅头像字段为空, 已使用默认头像:
[2025-09-21 15:01:46] - https://feed.cnblogs.com/blog/u/66551/rss/
[2025-09-21 15:01:46] ✘ 有 8 条订阅头像无法访问, 已使用默认头像:
[2025-09-21 15:01:46] - http://feeds.feedburner.com/ruanyifeng
[2025-09-21 15:01:46] - https://www.loyhome.com/feed
[2025-09-21 15:01:46] - https://a4.zyzhang.com/index.xml
[2025-09-21 15:01:46] - https://skywind.me/blog/feed
[2025-09-21 15:01:46] - https://laike9m.com/blog/rss/
[2025-09-21 15:01:46] - https://lenciel.com/feed.xml
[2025-09-21 15:01:46] - https://www.mrhe.net/feed
[2025-09-21 15:01:46] - https://www.douban.com/feed/review/book
[2025-09-21 16:01:58] 本次订阅抓取结果统计:
[2025-09-21 16:01:58] 共 59 条RSS, 成功抓取 52 条.
[2025-09-21 16:01:58] ✘ 有 6 条订阅解析失败:
[2025-09-21 16:01:58] - https://oba.by/feed
[2025-09-21 16:01:58] - https://tcxx.info/feed
[2025-09-21 16:01:58] - https://tumutanzi.com/feed
[2025-09-21 16:01:58] - https://geekinney.com/index.xml
[2025-09-21 16:01:58] - https://yinwang1.substack.com/feed
[2025-09-21 16:01:58] - https://botanwang.com/rss.xml
[2025-09-21 16:01:58] ✘ 有 1 条订阅为空:
[2025-09-21 16:01:58] - http://feeds.feedburner.com/zhihu-daily
[2025-09-21 16:01:58] ✘ 有 1 条订阅头像字段为空, 已使用默认头像:
[2025-09-21 16:01:58] - https://feed.cnblogs.com/blog/u/66551/rss/
[2025-09-21 16:01:58] ✘ 有 8 条订阅头像无法访问, 已使用默认头像:
[2025-09-21 16:01:58] - http://feeds.feedburner.com/ruanyifeng
[2025-09-21 16:01:58] - https://www.loyhome.com/feed
[2025-09-21 16:01:58] - https://a4.zyzhang.com/index.xml
[2025-09-21 16:01:58] - https://laike9m.com/blog/rss/
[2025-09-21 16:01:58] - https://skywind.me/blog/feed
[2025-09-21 16:01:58] - https://lenciel.com/feed.xml
[2025-09-21 16:01:58] - https://www.douban.com/feed/review/book
[2025-09-21 16:01:58] - https://www.mrhe.net/feed
[2025-09-21 17:01:52] 本次订阅抓取结果统计:
[2025-09-21 17:01:52] 共 59 条RSS, 成功抓取 52 条.
[2025-09-21 17:01:52] ✘ 有 6 条订阅解析失败:
[2025-09-21 17:01:52] - https://oba.by/feed
[2025-09-21 17:01:52] - https://tumutanzi.com/feed
[2025-09-21 17:01:52] - https://tcxx.info/feed
[2025-09-21 17:01:52] - https://geekinney.com/index.xml
[2025-09-21 17:01:52] - https://yinwang1.substack.com/feed
[2025-09-21 17:01:52] - https://botanwang.com/rss.xml
[2025-09-21 17:01:52] ✘ 有 1 条订阅为空:
[2025-09-21 17:01:52] - http://feeds.feedburner.com/zhihu-daily
[2025-09-21 17:01:52] ✘ 有 1 条订阅头像字段为空, 已使用默认头像:
[2025-09-21 17:01:52] - https://feed.cnblogs.com/blog/u/66551/rss/
[2025-09-21 17:01:52] ✘ 有 8 条订阅头像无法访问, 已使用默认头像:
[2025-09-21 17:01:52] - http://feeds.feedburner.com/ruanyifeng
[2025-09-21 17:01:52] - https://www.loyhome.com/feed
[2025-09-21 17:01:52] - https://a4.zyzhang.com/index.xml
[2025-09-21 17:01:52] - https://skywind.me/blog/feed
[2025-09-21 17:01:52] - https://laike9m.com/blog/rss/
[2025-09-21 17:01:52] - https://www.douban.com/feed/review/book
[2025-09-21 17:01:52] - https://www.mrhe.net/feed
[2025-09-21 17:01:52] - https://lenciel.com/feed.xml
[2025-09-21 18:01:49] 抓取到的文章与现有数据相同，无需更新。
