[2025-05-13 01:22:42] 本次订阅抓取结果统计:
[2025-05-13 01:22:42] 共 28 条RSS, 成功抓取 27 条.
[2025-05-13 01:22:42] ✘ 有 1 条订阅解析失败:
[2025-05-13 01:22:42] - https://tcxx.info/feed
[2025-05-13 01:22:42] ✘ 有 2 条订阅头像无法访问, 已使用默认头像:
[2025-05-13 01:22:42] - http://feeds.feedburner.com/ruanyifeng
[2025-05-13 01:22:42] - https://www.loyhome.com/feed
[2025-05-13 03:10:23] 本次订阅抓取结果统计:
[2025-05-13 03:10:23] 共 28 条RSS, 成功抓取 27 条.
[2025-05-13 03:10:23] ✘ 有 1 条订阅解析失败:
[2025-05-13 03:10:23] - https://tcxx.info/feed
[2025-05-13 03:10:23] ✘ 有 2 条订阅头像无法访问, 已使用默认头像:
[2025-05-13 03:10:23] - https://www.loyhome.com/feed
[2025-05-13 03:10:23] - http://feeds.feedburner.com/ruanyifeng
[2025-05-13 04:21:25] 本次订阅抓取结果统计:
[2025-05-13 04:21:25] 共 28 条RSS, 成功抓取 27 条.
[2025-05-13 04:21:25] ✘ 有 1 条订阅解析失败:
[2025-05-13 04:21:25] - https://tcxx.info/feed
[2025-05-13 04:21:25] ✘ 有 2 条订阅头像无法访问, 已使用默认头像:
[2025-05-13 04:21:25] - http://feeds.feedburner.com/ruanyifeng
[2025-05-13 04:21:25] - https://www.loyhome.com/feed
[2025-05-13 05:17:38] 本次订阅抓取结果统计:
[2025-05-13 05:17:38] 共 28 条RSS, 成功抓取 27 条.
[2025-05-13 05:17:38] ✘ 有 1 条订阅解析失败:
[2025-05-13 05:17:38] - https://tcxx.info/feed
[2025-05-13 05:17:38] ✘ 有 2 条订阅头像无法访问, 已使用默认头像:
[2025-05-13 05:17:38] - https://www.loyhome.com/feed
[2025-05-13 05:17:38] - http://feeds.feedburner.com/ruanyifeng
[2025-05-13 06:26:19] 本次订阅抓取结果统计:
[2025-05-13 06:26:19] 共 28 条RSS, 成功抓取 27 条.
[2025-05-13 06:26:19] ✘ 有 1 条订阅解析失败:
[2025-05-13 06:26:19] - https://tcxx.info/feed
[2025-05-13 06:26:19] ✘ 有 2 条订阅头像无法访问, 已使用默认头像:
[2025-05-13 06:26:19] - https://www.loyhome.com/feed
[2025-05-13 06:26:19] - http://feeds.feedburner.com/ruanyifeng
