[2025-11-18 00:05:21] 抓取到的文章与现有数据相同，无需更新。
[2025-11-18 01:35:45] 抓取到的文章与现有数据相同，无需更新。
[2025-11-18 02:31:26] 抓取到的文章与现有数据相同，无需更新。
[2025-11-18 03:22:14] 抓取到的文章与现有数据相同，无需更新。
[2025-11-18 04:10:58] 抓取到的文章与现有数据相同，无需更新。
[2025-11-18 05:03:03] 抓取到的文章与现有数据相同，无需更新。
[2025-11-18 06:06:50] 抓取到的文章与现有数据相同，无需更新。
[2025-11-18 07:02:39] 抓取到的文章与现有数据相同，无需更新。
[2025-11-18 08:02:47] 抓取到的文章与现有数据相同，无需更新。
[2025-11-18 09:06:31] 本次订阅抓取结果统计:
[2025-11-18 09:06:31] 共 60 条RSS, 成功抓取 53 条.
[2025-11-18 09:06:31] ✘ 有 6 条订阅解析失败:
[2025-11-18 09:06:31] - https://tcxx.info/feed
[2025-11-18 09:06:31] - https://tumutanzi.com/feed
[2025-11-18 09:06:31] - https://geekinney.com/index.xml
[2025-11-18 09:06:31] - https://suus.me/atom.xml
[2025-11-18 09:06:31] - https://botanwang.com/rss.xml
[2025-11-18 09:06:31] - https://www.shephe.com/feed
[2025-11-18 09:06:31] ✘ 有 1 条订阅为空:
[2025-11-18 09:06:31] - http://feeds.feedburner.com/zhihu-daily
[2025-11-18 09:06:31] ✘ 有 1 条订阅头像字段为空, 已使用默认头像:
[2025-11-18 09:06:31] - https://feed.cnblogs.com/blog/u/66551/rss/
[2025-11-18 09:06:31] ✘ 有 3 条订阅头像无法访问, 已使用默认头像:
[2025-11-18 09:06:31] - https://wangpei.net/comments/feed/
[2025-11-18 09:06:31] - http://feeds.feedburner.com/ruanyifeng
[2025-11-18 09:06:31] - https://skywind.me/blog/feed
[2025-11-18 10:02:37] 本次订阅抓取结果统计:
[2025-11-18 10:02:37] 共 60 条RSS, 成功抓取 53 条.
[2025-11-18 10:02:37] ✘ 有 6 条订阅解析失败:
[2025-11-18 10:02:37] - https://tcxx.info/feed
[2025-11-18 10:02:37] - https://tumutanzi.com/feed
[2025-11-18 10:02:37] - https://geekinney.com/index.xml
[2025-11-18 10:02:37] - https://suus.me/atom.xml
[2025-11-18 10:02:37] - https://botanwang.com/rss.xml
[2025-11-18 10:02:37] - https://www.shephe.com/feed
[2025-11-18 10:02:37] ✘ 有 1 条订阅为空:
[2025-11-18 10:02:37] - http://feeds.feedburner.com/zhihu-daily
[2025-11-18 10:02:37] ✘ 有 1 条订阅头像字段为空, 已使用默认头像:
[2025-11-18 10:02:37] - https://feed.cnblogs.com/blog/u/66551/rss/
[2025-11-18 10:02:37] ✘ 有 3 条订阅头像无法访问, 已使用默认头像:
[2025-11-18 10:02:37] - https://wangpei.net/comments/feed/
[2025-11-18 10:02:37] - http://feeds.feedburner.com/ruanyifeng
[2025-11-18 10:02:37] - https://skywind.me/blog/feed
[2025-11-18 11:02:53] 抓取到的文章与现有数据相同，无需更新。
