[2025-07-15 00:05:10] 本次订阅抓取结果统计:
[2025-07-15 00:05:10] 共 50 条RSS, 成功抓取 48 条.
[2025-07-15 00:05:10] ✘ 有 2 条订阅解析失败:
[2025-07-15 00:05:10] - https://stephenleng.com/cn/rss
[2025-07-15 00:05:10] - https://tcxx.info/feed
[2025-07-15 00:05:10] ✘ 有 4 条订阅头像无法访问, 已使用默认头像:
[2025-07-15 00:05:10] - https://www.loyhome.com/feed
[2025-07-15 00:05:10] - http://feeds.feedburner.com/ruanyifeng
[2025-07-15 00:05:10] - https://a4.zyzhang.com/index.xml
[2025-07-15 00:05:10] - https://www.douban.com/feed/review/book
[2025-07-15 01:29:53] 本次订阅抓取结果统计:
[2025-07-15 01:29:53] 共 50 条RSS, 成功抓取 48 条.
[2025-07-15 01:29:53] ✘ 有 2 条订阅解析失败:
[2025-07-15 01:29:53] - https://stephenleng.com/cn/rss
[2025-07-15 01:29:53] - https://tcxx.info/feed
[2025-07-15 01:29:53] ✘ 有 4 条订阅头像无法访问, 已使用默认头像:
[2025-07-15 01:29:53] - https://www.loyhome.com/feed
[2025-07-15 01:29:53] - http://feeds.feedburner.com/ruanyifeng
[2025-07-15 01:29:53] - https://a4.zyzhang.com/index.xml
[2025-07-15 01:29:53] - https://www.douban.com/feed/review/book
[2025-07-15 02:39:23] 本次订阅抓取结果统计:
[2025-07-15 02:39:23] 共 50 条RSS, 成功抓取 49 条.
[2025-07-15 02:39:23] ✘ 有 1 条订阅解析失败:
[2025-07-15 02:39:23] - https://tcxx.info/feed
[2025-07-15 02:39:23] ✘ 有 5 条订阅头像无法访问, 已使用默认头像:
[2025-07-15 02:39:23] - http://feeds.feedburner.com/ruanyifeng
[2025-07-15 02:39:23] - https://www.loyhome.com/feed
[2025-07-15 02:39:23] - https://a4.zyzhang.com/index.xml
[2025-07-15 02:39:23] - https://feeds.appinn.com/appinns/
[2025-07-15 02:39:23] - https://www.douban.com/feed/review/book
[2025-07-15 03:29:28] 本次订阅抓取结果统计:
[2025-07-15 03:29:28] 共 50 条RSS, 成功抓取 49 条.
[2025-07-15 03:29:28] ✘ 有 1 条订阅解析失败:
[2025-07-15 03:29:28] - https://tcxx.info/feed
[2025-07-15 03:29:28] ✘ 有 4 条订阅头像无法访问, 已使用默认头像:
[2025-07-15 03:29:28] - http://feeds.feedburner.com/ruanyifeng
[2025-07-15 03:29:28] - https://www.loyhome.com/feed
[2025-07-15 03:29:28] - https://a4.zyzhang.com/index.xml
[2025-07-15 03:29:28] - https://www.douban.com/feed/review/book
[2025-07-15 04:14:14] 本次订阅抓取结果统计:
[2025-07-15 04:14:14] 共 50 条RSS, 成功抓取 49 条.
[2025-07-15 04:14:14] ✘ 有 1 条订阅解析失败:
[2025-07-15 04:14:14] - https://tcxx.info/feed
[2025-07-15 04:14:14] ✘ 有 4 条订阅头像无法访问, 已使用默认头像:
[2025-07-15 04:14:14] - https://www.loyhome.com/feed
[2025-07-15 04:14:14] - http://feeds.feedburner.com/ruanyifeng
[2025-07-15 04:14:14] - https://a4.zyzhang.com/index.xml
[2025-07-15 04:14:14] - https://www.douban.com/feed/review/book
[2025-07-15 05:04:47] 本次订阅抓取结果统计:
[2025-07-15 05:04:47] 共 50 条RSS, 成功抓取 49 条.
[2025-07-15 05:04:47] ✘ 有 1 条订阅解析失败:
[2025-07-15 05:04:47] - https://tcxx.info/feed
[2025-07-15 05:04:47] ✘ 有 4 条订阅头像无法访问, 已使用默认头像:
[2025-07-15 05:04:47] - http://feeds.feedburner.com/ruanyifeng
[2025-07-15 05:04:47] - https://www.loyhome.com/feed
[2025-07-15 05:04:47] - https://a4.zyzhang.com/index.xml
[2025-07-15 05:04:47] - https://www.douban.com/feed/review/book
[2025-07-15 06:02:08] 本次订阅抓取结果统计:
[2025-07-15 06:02:08] 共 50 条RSS, 成功抓取 49 条.
[2025-07-15 06:02:08] ✘ 有 1 条订阅解析失败:
[2025-07-15 06:02:08] - https://tcxx.info/feed
[2025-07-15 06:02:08] ✘ 有 4 条订阅头像无法访问, 已使用默认头像:
[2025-07-15 06:02:08] - http://feeds.feedburner.com/ruanyifeng
[2025-07-15 06:02:08] - https://www.loyhome.com/feed
[2025-07-15 06:02:08] - https://a4.zyzhang.com/index.xml
[2025-07-15 06:02:08] - https://www.douban.com/feed/review/book
[2025-07-15 07:03:49] 本次订阅抓取结果统计:
[2025-07-15 07:03:49] 共 50 条RSS, 成功抓取 48 条.
[2025-07-15 07:03:49] ✘ 有 2 条订阅解析失败:
[2025-07-15 07:03:49] - https://www.shephe.com/feed
[2025-07-15 07:03:49] - https://tcxx.info/feed
[2025-07-15 07:03:49] ✘ 有 5 条订阅头像无法访问, 已使用默认头像:
[2025-07-15 07:03:49] - http://feeds.feedburner.com/ruanyifeng
[2025-07-15 07:03:49] - https://www.loyhome.com/feed
[2025-07-15 07:03:49] - https://a4.zyzhang.com/index.xml
[2025-07-15 07:03:49] - https://feeds.appinn.com/appinns/
[2025-07-15 07:03:49] - https://www.douban.com/feed/review/book
[2025-07-15 08:01:59] 本次订阅抓取结果统计:
[2025-07-15 08:01:59] 共 50 条RSS, 成功抓取 49 条.
[2025-07-15 08:01:59] ✘ 有 1 条订阅解析失败:
[2025-07-15 08:01:59] - https://tcxx.info/feed
[2025-07-15 08:01:59] ✘ 有 5 条订阅头像无法访问, 已使用默认头像:
[2025-07-15 08:01:59] - http://feeds.feedburner.com/ruanyifeng
[2025-07-15 08:01:59] - https://www.loyhome.com/feed
[2025-07-15 08:01:59] - https://a4.zyzhang.com/index.xml
[2025-07-15 08:01:59] - https://www.douban.com/feed/review/book
[2025-07-15 08:01:59] - https://feeds.appinn.com/appinns/
[2025-07-15 09:06:35] 本次订阅抓取结果统计:
[2025-07-15 09:06:35] 共 50 条RSS, 成功抓取 49 条.
[2025-07-15 09:06:35] ✘ 有 1 条订阅解析失败:
[2025-07-15 09:06:35] - https://tcxx.info/feed
[2025-07-15 09:06:35] ✘ 有 4 条订阅头像无法访问, 已使用默认头像:
[2025-07-15 09:06:35] - http://feeds.feedburner.com/ruanyifeng
[2025-07-15 09:06:35] - https://www.loyhome.com/feed
[2025-07-15 09:06:35] - https://a4.zyzhang.com/index.xml
[2025-07-15 09:06:35] - https://www.douban.com/feed/review/book
[2025-07-15 10:02:03] 本次订阅抓取结果统计:
[2025-07-15 10:02:03] 共 50 条RSS, 成功抓取 49 条.
[2025-07-15 10:02:03] ✘ 有 1 条订阅解析失败:
[2025-07-15 10:02:03] - https://tcxx.info/feed
[2025-07-15 10:02:03] ✘ 有 5 条订阅头像无法访问, 已使用默认头像:
[2025-07-15 10:02:03] - http://feeds.feedburner.com/ruanyifeng
[2025-07-15 10:02:03] - https://www.loyhome.com/feed
[2025-07-15 10:02:03] - https://a4.zyzhang.com/index.xml
[2025-07-15 10:02:03] - https://feeds.appinn.com/appinns/
[2025-07-15 10:02:03] - https://www.douban.com/feed/review/book
[2025-07-15 11:01:51] 本次订阅抓取结果统计:
[2025-07-15 11:01:51] 共 50 条RSS, 成功抓取 48 条.
[2025-07-15 11:01:51] ✘ 有 2 条订阅解析失败:
[2025-07-15 11:01:51] - https://www.shephe.com/feed
[2025-07-15 11:01:51] - https://tcxx.info/feed
[2025-07-15 11:01:51] ✘ 有 4 条订阅头像无法访问, 已使用默认头像:
[2025-07-15 11:01:51] - https://www.loyhome.com/feed
[2025-07-15 11:01:51] - http://feeds.feedburner.com/ruanyifeng
[2025-07-15 11:01:51] - https://a4.zyzhang.com/index.xml
[2025-07-15 11:01:51] - https://www.douban.com/feed/review/book
[2025-07-15 12:02:29] 本次订阅抓取结果统计:
[2025-07-15 12:02:29] 共 50 条RSS, 成功抓取 49 条.
[2025-07-15 12:02:29] ✘ 有 1 条订阅解析失败:
[2025-07-15 12:02:29] - https://tcxx.info/feed
[2025-07-15 12:02:29] ✘ 有 5 条订阅头像无法访问, 已使用默认头像:
[2025-07-15 12:02:29] - http://feeds.feedburner.com/ruanyifeng
[2025-07-15 12:02:29] - https://www.loyhome.com/feed
[2025-07-15 12:02:29] - https://a4.zyzhang.com/index.xml
[2025-07-15 12:02:29] - https://feeds.appinn.com/appinns/
[2025-07-15 12:02:29] - https://www.douban.com/feed/review/book
[2025-07-15 13:13:13] 本次订阅抓取结果统计:
[2025-07-15 13:13:13] 共 50 条RSS, 成功抓取 49 条.
[2025-07-15 13:13:13] ✘ 有 1 条订阅解析失败:
[2025-07-15 13:13:13] - https://tcxx.info/feed
[2025-07-15 13:13:13] ✘ 有 5 条订阅头像无法访问, 已使用默认头像:
[2025-07-15 13:13:13] - http://feeds.feedburner.com/ruanyifeng
[2025-07-15 13:13:13] - https://www.loyhome.com/feed
[2025-07-15 13:13:13] - https://a4.zyzhang.com/index.xml
[2025-07-15 13:13:13] - https://feeds.appinn.com/appinns/
[2025-07-15 13:13:13] - https://www.douban.com/feed/review/book
[2025-07-15 14:02:26] 本次订阅抓取结果统计:
[2025-07-15 14:02:26] 共 50 条RSS, 成功抓取 49 条.
[2025-07-15 14:02:26] ✘ 有 1 条订阅解析失败:
[2025-07-15 14:02:26] - https://tcxx.info/feed
[2025-07-15 14:02:26] ✘ 有 5 条订阅头像无法访问, 已使用默认头像:
[2025-07-15 14:02:26] - http://feeds.feedburner.com/ruanyifeng
[2025-07-15 14:02:26] - https://www.loyhome.com/feed
[2025-07-15 14:02:26] - https://a4.zyzhang.com/index.xml
[2025-07-15 14:02:26] - https://feeds.appinn.com/appinns/
[2025-07-15 14:02:26] - https://www.douban.com/feed/review/book
[2025-07-15 15:02:20] 本次订阅抓取结果统计:
[2025-07-15 15:02:20] 共 50 条RSS, 成功抓取 49 条.
[2025-07-15 15:02:20] ✘ 有 1 条订阅解析失败:
[2025-07-15 15:02:20] - https://tcxx.info/feed
[2025-07-15 15:02:20] ✘ 有 5 条订阅头像无法访问, 已使用默认头像:
[2025-07-15 15:02:20] - https://www.loyhome.com/feed
[2025-07-15 15:02:20] - http://feeds.feedburner.com/ruanyifeng
[2025-07-15 15:02:20] - https://www.shephe.com/feed
[2025-07-15 15:02:20] - https://a4.zyzhang.com/index.xml
[2025-07-15 15:02:20] - https://www.douban.com/feed/review/book
[2025-07-15 16:02:14] 本次订阅抓取结果统计:
[2025-07-15 16:02:14] 共 51 条RSS, 成功抓取 49 条.
[2025-07-15 16:02:14] ✘ 有 2 条订阅解析失败:
[2025-07-15 16:02:14] - https://tcxx.info/feed
[2025-07-15 16:02:14] - https://yinwang1.substack.com/feed
[2025-07-15 16:02:14] ✘ 有 5 条订阅头像无法访问, 已使用默认头像:
[2025-07-15 16:02:14] - http://feeds.feedburner.com/ruanyifeng
[2025-07-15 16:02:14] - https://www.loyhome.com/feed
[2025-07-15 16:02:14] - https://a4.zyzhang.com/index.xml
[2025-07-15 16:02:14] - https://feeds.appinn.com/appinns/
[2025-07-15 16:02:14] - https://www.douban.com/feed/review/book
[2025-07-15 17:02:20] 本次订阅抓取结果统计:
[2025-07-15 17:02:20] 共 51 条RSS, 成功抓取 49 条.
[2025-07-15 17:02:20] ✘ 有 2 条订阅解析失败:
[2025-07-15 17:02:20] - https://tcxx.info/feed
[2025-07-15 17:02:20] - https://yinwang1.substack.com/feed
[2025-07-15 17:02:20] ✘ 有 4 条订阅头像无法访问, 已使用默认头像:
[2025-07-15 17:02:20] - http://feeds.feedburner.com/ruanyifeng
[2025-07-15 17:02:20] - https://www.loyhome.com/feed
[2025-07-15 17:02:20] - https://a4.zyzhang.com/index.xml
[2025-07-15 17:02:20] - https://www.douban.com/feed/review/book
[2025-07-15 18:02:08] 本次订阅抓取结果统计:
[2025-07-15 18:02:08] 共 51 条RSS, 成功抓取 49 条.
[2025-07-15 18:02:08] ✘ 有 2 条订阅解析失败:
[2025-07-15 18:02:08] - https://tcxx.info/feed
[2025-07-15 18:02:08] - https://yinwang1.substack.com/feed
[2025-07-15 18:02:08] ✘ 有 5 条订阅头像无法访问, 已使用默认头像:
[2025-07-15 18:02:08] - http://feeds.feedburner.com/ruanyifeng
[2025-07-15 18:02:08] - https://www.loyhome.com/feed
[2025-07-15 18:02:08] - https://a4.zyzhang.com/index.xml
[2025-07-15 18:02:08] - https://www.douban.com/feed/review/book
[2025-07-15 18:02:08] - https://feeds.appinn.com/appinns/
[2025-07-15 19:03:02] 本次订阅抓取结果统计:
[2025-07-15 19:03:02] 共 51 条RSS, 成功抓取 49 条.
[2025-07-15 19:03:02] ✘ 有 2 条订阅解析失败:
[2025-07-15 19:03:02] - https://tcxx.info/feed
[2025-07-15 19:03:02] - https://yinwang1.substack.com/feed
[2025-07-15 19:03:02] ✘ 有 5 条订阅头像无法访问, 已使用默认头像:
[2025-07-15 19:03:02] - http://feeds.feedburner.com/ruanyifeng
[2025-07-15 19:03:02] - https://www.loyhome.com/feed
[2025-07-15 19:03:02] - https://a4.zyzhang.com/index.xml
[2025-07-15 19:03:02] - https://www.douban.com/feed/review/book
[2025-07-15 19:03:02] - https://feeds.appinn.com/appinns/
[2025-07-15 20:01:54] 抓取到的文章与现有数据相同，无需更新。
[2025-07-15 21:01:35] 抓取到的文章与现有数据相同，无需更新。
