[2025-05-06 01:21:02] 本次订阅抓取结果统计:
[2025-05-06 01:21:02] 共 28 条RSS, 成功抓取 27 条.
[2025-05-06 01:21:02] ✘ 有 1 条订阅解析失败:
[2025-05-06 01:21:02] - https://tcxx.info/feed
[2025-05-06 01:21:02] ✘ 有 2 条订阅头像无法访问, 已使用默认头像:
[2025-05-06 01:21:02] - https://www.loyhome.com/feed
[2025-05-06 01:21:02] - http://feeds.feedburner.com/ruanyifeng
[2025-05-06 03:06:58] 本次订阅抓取结果统计:
[2025-05-06 03:06:58] 共 28 条RSS, 成功抓取 27 条.
[2025-05-06 03:06:58] ✘ 有 1 条订阅解析失败:
[2025-05-06 03:06:58] - https://tcxx.info/feed
[2025-05-06 03:06:58] ✘ 有 2 条订阅头像无法访问, 已使用默认头像:
[2025-05-06 03:06:58] - http://feeds.feedburner.com/ruanyifeng
[2025-05-06 03:06:58] - https://www.loyhome.com/feed
[2025-05-06 04:21:05] 本次订阅抓取结果统计:
[2025-05-06 04:21:05] 共 28 条RSS, 成功抓取 27 条.
[2025-05-06 04:21:05] ✘ 有 1 条订阅解析失败:
[2025-05-06 04:21:05] - https://tcxx.info/feed
[2025-05-06 04:21:05] ✘ 有 3 条订阅头像无法访问, 已使用默认头像:
[2025-05-06 04:21:05] - http://feeds.feedburner.com/ruanyifeng
[2025-05-06 04:21:05] - https://www.loyhome.com/feed
[2025-05-06 04:21:05] - https://blog.zhheo.com/rss.xml
[2025-05-06 05:17:58] 本次订阅抓取结果统计:
[2025-05-06 05:17:58] 共 28 条RSS, 成功抓取 27 条.
[2025-05-06 05:17:58] ✘ 有 1 条订阅解析失败:
[2025-05-06 05:17:58] - https://tcxx.info/feed
[2025-05-06 05:17:58] ✘ 有 2 条订阅头像无法访问, 已使用默认头像:
[2025-05-06 05:17:58] - http://feeds.feedburner.com/ruanyifeng
[2025-05-06 05:17:58] - https://www.loyhome.com/feed
