[2025-07-10 00:04:42] 本次订阅抓取结果统计:
[2025-07-10 00:04:42] 共 49 条RSS, 成功抓取 46 条.
[2025-07-10 00:04:42] ✘ 有 3 条订阅解析失败:
[2025-07-10 00:04:42] - https://blog.fooleap.org/atom.xml
[2025-07-10 00:04:42] - https://tcxx.info/feed
[2025-07-10 00:04:42] - https://diygod.cc/feed
[2025-07-10 00:04:42] ✘ 有 5 条订阅头像无法访问, 已使用默认头像:
[2025-07-10 00:04:42] - https://www.shephe.com/feed
[2025-07-10 00:04:42] - http://feeds.feedburner.com/ruanyifeng
[2025-07-10 00:04:42] - https://www.loyhome.com/feed
[2025-07-10 00:04:42] - https://a4.zyzhang.com/index.xml
[2025-07-10 00:04:42] - https://www.douban.com/feed/review/book
[2025-07-10 01:29:41] 本次订阅抓取结果统计:
[2025-07-10 01:29:41] 共 49 条RSS, 成功抓取 47 条.
[2025-07-10 01:29:41] ✘ 有 2 条订阅解析失败:
[2025-07-10 01:29:41] - https://blog.fooleap.org/atom.xml
[2025-07-10 01:29:41] - https://tcxx.info/feed
[2025-07-10 01:29:41] ✘ 有 6 条订阅头像无法访问, 已使用默认头像:
[2025-07-10 01:29:41] - https://www.shephe.com/feed
[2025-07-10 01:29:41] - http://feeds.feedburner.com/ruanyifeng
[2025-07-10 01:29:41] - https://www.loyhome.com/feed
[2025-07-10 01:29:41] - https://a4.zyzhang.com/index.xml
[2025-07-10 01:29:41] - https://www.douban.com/feed/review/book
[2025-07-10 01:29:41] - https://feeds.appinn.com/appinns/
[2025-07-10 02:35:23] 本次订阅抓取结果统计:
[2025-07-10 02:35:23] 共 49 条RSS, 成功抓取 46 条.
[2025-07-10 02:35:23] ✘ 有 3 条订阅解析失败:
[2025-07-10 02:35:23] - https://blog.fooleap.org/atom.xml
[2025-07-10 02:35:23] - https://tcxx.info/feed
[2025-07-10 02:35:23] - https://diygod.cc/feed
[2025-07-10 02:35:23] ✘ 有 5 条订阅头像无法访问, 已使用默认头像:
[2025-07-10 02:35:23] - https://www.shephe.com/feed
[2025-07-10 02:35:23] - https://www.loyhome.com/feed
[2025-07-10 02:35:23] - http://feeds.feedburner.com/ruanyifeng
[2025-07-10 02:35:23] - https://a4.zyzhang.com/index.xml
[2025-07-10 02:35:23] - https://www.douban.com/feed/review/book
[2025-07-10 03:28:45] 本次订阅抓取结果统计:
[2025-07-10 03:28:45] 共 49 条RSS, 成功抓取 46 条.
[2025-07-10 03:28:45] ✘ 有 3 条订阅解析失败:
[2025-07-10 03:28:45] - https://blog.fooleap.org/atom.xml
[2025-07-10 03:28:45] - https://tcxx.info/feed
[2025-07-10 03:28:45] - https://diygod.cc/feed
[2025-07-10 03:28:45] ✘ 有 6 条订阅头像无法访问, 已使用默认头像:
[2025-07-10 03:28:45] - https://www.shephe.com/feed
[2025-07-10 03:28:45] - http://feeds.feedburner.com/ruanyifeng
[2025-07-10 03:28:45] - https://www.loyhome.com/feed
[2025-07-10 03:28:45] - https://a4.zyzhang.com/index.xml
[2025-07-10 03:28:45] - https://www.douban.com/feed/review/book
[2025-07-10 03:28:45] - https://feeds.appinn.com/appinns/
[2025-07-10 04:08:56] 本次订阅抓取结果统计:
[2025-07-10 04:08:56] 共 49 条RSS, 成功抓取 47 条.
[2025-07-10 04:08:56] ✘ 有 2 条订阅解析失败:
[2025-07-10 04:08:56] - https://blog.fooleap.org/atom.xml
[2025-07-10 04:08:56] - https://tcxx.info/feed
[2025-07-10 04:08:56] ✘ 有 6 条订阅头像无法访问, 已使用默认头像:
[2025-07-10 04:08:56] - https://www.shephe.com/feed
[2025-07-10 04:08:56] - http://feeds.feedburner.com/ruanyifeng
[2025-07-10 04:08:56] - https://www.loyhome.com/feed
[2025-07-10 04:08:56] - https://a4.zyzhang.com/index.xml
[2025-07-10 04:08:56] - https://www.douban.com/feed/review/book
[2025-07-10 04:08:56] - https://feeds.appinn.com/appinns/
[2025-07-10 05:05:47] 本次订阅抓取结果统计:
[2025-07-10 05:05:47] 共 49 条RSS, 成功抓取 47 条.
[2025-07-10 05:05:47] ✘ 有 2 条订阅解析失败:
[2025-07-10 05:05:47] - https://blog.fooleap.org/atom.xml
[2025-07-10 05:05:47] - https://tcxx.info/feed
[2025-07-10 05:05:47] ✘ 有 5 条订阅头像无法访问, 已使用默认头像:
[2025-07-10 05:05:47] - https://www.shephe.com/feed
[2025-07-10 05:05:47] - https://www.loyhome.com/feed
[2025-07-10 05:05:47] - http://feeds.feedburner.com/ruanyifeng
[2025-07-10 05:05:47] - https://a4.zyzhang.com/index.xml
[2025-07-10 05:05:47] - https://www.douban.com/feed/review/book
[2025-07-10 06:02:18] 本次订阅抓取结果统计:
[2025-07-10 06:02:18] 共 49 条RSS, 成功抓取 47 条.
[2025-07-10 06:02:18] ✘ 有 2 条订阅解析失败:
[2025-07-10 06:02:18] - https://blog.fooleap.org/atom.xml
[2025-07-10 06:02:18] - https://tcxx.info/feed
[2025-07-10 06:02:18] ✘ 有 5 条订阅头像无法访问, 已使用默认头像:
[2025-07-10 06:02:18] - https://www.shephe.com/feed
[2025-07-10 06:02:18] - http://feeds.feedburner.com/ruanyifeng
[2025-07-10 06:02:18] - https://www.loyhome.com/feed
[2025-07-10 06:02:18] - https://a4.zyzhang.com/index.xml
[2025-07-10 06:02:18] - https://www.douban.com/feed/review/book
[2025-07-10 07:02:40] 本次订阅抓取结果统计:
[2025-07-10 07:02:40] 共 49 条RSS, 成功抓取 47 条.
[2025-07-10 07:02:40] ✘ 有 2 条订阅解析失败:
[2025-07-10 07:02:40] - https://blog.fooleap.org/atom.xml
[2025-07-10 07:02:40] - https://tcxx.info/feed
[2025-07-10 07:02:40] ✘ 有 6 条订阅头像无法访问, 已使用默认头像:
[2025-07-10 07:02:40] - https://www.shephe.com/feed
[2025-07-10 07:02:40] - http://feeds.feedburner.com/ruanyifeng
[2025-07-10 07:02:40] - https://www.loyhome.com/feed
[2025-07-10 07:02:40] - https://a4.zyzhang.com/index.xml
[2025-07-10 07:02:40] - https://xyzbz.cn/feed
[2025-07-10 07:02:40] - https://www.douban.com/feed/review/book
[2025-07-10 08:02:00] 本次订阅抓取结果统计:
[2025-07-10 08:02:00] 共 49 条RSS, 成功抓取 48 条.
[2025-07-10 08:02:00] ✘ 有 1 条订阅解析失败:
[2025-07-10 08:02:00] - https://tcxx.info/feed
[2025-07-10 08:02:00] ✘ 有 4 条订阅头像无法访问, 已使用默认头像:
[2025-07-10 08:02:00] - http://feeds.feedburner.com/ruanyifeng
[2025-07-10 08:02:00] - https://www.loyhome.com/feed
[2025-07-10 08:02:00] - https://a4.zyzhang.com/index.xml
[2025-07-10 08:02:00] - https://www.douban.com/feed/review/book
[2025-07-10 09:02:50] 本次订阅抓取结果统计:
[2025-07-10 09:02:50] 共 49 条RSS, 成功抓取 48 条.
[2025-07-10 09:02:50] ✘ 有 1 条订阅解析失败:
[2025-07-10 09:02:50] - https://tcxx.info/feed
[2025-07-10 09:02:50] ✘ 有 5 条订阅头像无法访问, 已使用默认头像:
[2025-07-10 09:02:50] - http://feeds.feedburner.com/ruanyifeng
[2025-07-10 09:02:50] - https://www.loyhome.com/feed
[2025-07-10 09:02:50] - https://a4.zyzhang.com/index.xml
[2025-07-10 09:02:50] - https://www.douban.com/feed/review/book
[2025-07-10 09:02:50] - https://feeds.appinn.com/appinns/
[2025-07-10 10:01:39] 本次订阅抓取结果统计:
[2025-07-10 10:01:39] 共 49 条RSS, 成功抓取 48 条.
[2025-07-10 10:01:39] ✘ 有 1 条订阅解析失败:
[2025-07-10 10:01:39] - https://tcxx.info/feed
[2025-07-10 10:01:39] ✘ 有 4 条订阅头像无法访问, 已使用默认头像:
[2025-07-10 10:01:39] - http://feeds.feedburner.com/ruanyifeng
[2025-07-10 10:01:39] - https://www.loyhome.com/feed
[2025-07-10 10:01:39] - https://a4.zyzhang.com/index.xml
[2025-07-10 10:01:39] - https://www.douban.com/feed/review/book
[2025-07-10 11:01:56] 本次订阅抓取结果统计:
[2025-07-10 11:01:56] 共 49 条RSS, 成功抓取 48 条.
[2025-07-10 11:01:56] ✘ 有 1 条订阅解析失败:
[2025-07-10 11:01:56] - https://tcxx.info/feed
[2025-07-10 11:01:56] ✘ 有 4 条订阅头像无法访问, 已使用默认头像:
[2025-07-10 11:01:56] - http://feeds.feedburner.com/ruanyifeng
[2025-07-10 11:01:56] - https://www.loyhome.com/feed
[2025-07-10 11:01:56] - https://a4.zyzhang.com/index.xml
[2025-07-10 11:01:56] - https://www.douban.com/feed/review/book
[2025-07-10 12:02:11] 本次订阅抓取结果统计:
[2025-07-10 12:02:11] 共 49 条RSS, 成功抓取 48 条.
[2025-07-10 12:02:11] ✘ 有 1 条订阅解析失败:
[2025-07-10 12:02:11] - https://tcxx.info/feed
[2025-07-10 12:02:11] ✘ 有 4 条订阅头像无法访问, 已使用默认头像:
[2025-07-10 12:02:11] - http://feeds.feedburner.com/ruanyifeng
[2025-07-10 12:02:11] - https://www.loyhome.com/feed
[2025-07-10 12:02:11] - https://a4.zyzhang.com/index.xml
[2025-07-10 12:02:11] - https://www.douban.com/feed/review/book
[2025-07-10 13:12:34] 本次订阅抓取结果统计:
[2025-07-10 13:12:34] 共 49 条RSS, 成功抓取 47 条.
[2025-07-10 13:12:34] ✘ 有 2 条订阅解析失败:
[2025-07-10 13:12:34] - https://tcxx.info/feed
[2025-07-10 13:12:34] - https://blog.fooleap.org/atom.xml
[2025-07-10 13:12:34] ✘ 有 6 条订阅头像无法访问, 已使用默认头像:
[2025-07-10 13:12:34] - http://feeds.feedburner.com/ruanyifeng
[2025-07-10 13:12:34] - https://www.loyhome.com/feed
[2025-07-10 13:12:34] - https://www.shephe.com/feed
[2025-07-10 13:12:34] - https://a4.zyzhang.com/index.xml
[2025-07-10 13:12:34] - https://feeds.appinn.com/appinns/
[2025-07-10 13:12:34] - https://www.douban.com/feed/review/book
