[2025-09-22 00:04:50] 本次订阅抓取结果统计:
[2025-09-22 00:04:50] 共 59 条RSS, 成功抓取 51 条.
[2025-09-22 00:04:50] ✘ 有 7 条订阅解析失败:
[2025-09-22 00:04:50] - https://oba.by/feed
[2025-09-22 00:04:50] - https://tumutanzi.com/feed
[2025-09-22 00:04:50] - https://tcxx.info/feed
[2025-09-22 00:04:50] - https://geekinney.com/index.xml
[2025-09-22 00:04:50] - https://yinwang1.substack.com/feed
[2025-09-22 00:04:50] - https://botanwang.com/rss.xml
[2025-09-22 00:04:50] - https://www.douban.com/feed/review/book
[2025-09-22 00:04:50] ✘ 有 1 条订阅为空:
[2025-09-22 00:04:50] - http://feeds.feedburner.com/zhihu-daily
[2025-09-22 00:04:50] ✘ 有 1 条订阅头像字段为空, 已使用默认头像:
[2025-09-22 00:04:50] - https://feed.cnblogs.com/blog/u/66551/rss/
[2025-09-22 00:04:50] ✘ 有 7 条订阅头像无法访问, 已使用默认头像:
[2025-09-22 00:04:50] - http://feeds.feedburner.com/ruanyifeng
[2025-09-22 00:04:50] - https://www.loyhome.com/feed
[2025-09-22 00:04:50] - https://a4.zyzhang.com/index.xml
[2025-09-22 00:04:50] - https://skywind.me/blog/feed
[2025-09-22 00:04:50] - https://laike9m.com/blog/rss/
[2025-09-22 00:04:50] - https://lenciel.com/feed.xml
[2025-09-22 00:04:50] - https://www.mrhe.net/feed
[2025-09-22 01:29:31] 本次订阅抓取结果统计:
[2025-09-22 01:29:31] 共 59 条RSS, 成功抓取 52 条.
[2025-09-22 01:29:31] ✘ 有 6 条订阅解析失败:
[2025-09-22 01:29:31] - https://oba.by/feed
[2025-09-22 01:29:31] - https://tcxx.info/feed
[2025-09-22 01:29:31] - https://tumutanzi.com/feed
[2025-09-22 01:29:31] - https://geekinney.com/index.xml
[2025-09-22 01:29:31] - https://yinwang1.substack.com/feed
[2025-09-22 01:29:31] - https://botanwang.com/rss.xml
[2025-09-22 01:29:31] ✘ 有 1 条订阅为空:
[2025-09-22 01:29:31] - http://feeds.feedburner.com/zhihu-daily
[2025-09-22 01:29:31] ✘ 有 1 条订阅头像字段为空, 已使用默认头像:
[2025-09-22 01:29:31] - https://feed.cnblogs.com/blog/u/66551/rss/
[2025-09-22 01:29:31] ✘ 有 8 条订阅头像无法访问, 已使用默认头像:
[2025-09-22 01:29:31] - http://feeds.feedburner.com/ruanyifeng
[2025-09-22 01:29:31] - https://www.loyhome.com/feed
[2025-09-22 01:29:31] - https://a4.zyzhang.com/index.xml
[2025-09-22 01:29:31] - https://skywind.me/blog/feed
[2025-09-22 01:29:31] - https://laike9m.com/blog/rss/
[2025-09-22 01:29:31] - https://www.douban.com/feed/review/book
[2025-09-22 01:29:31] - https://lenciel.com/feed.xml
[2025-09-22 01:29:31] - https://www.mrhe.net/feed
[2025-09-22 02:29:50] 本次订阅抓取结果统计:
[2025-09-22 02:29:50] 共 59 条RSS, 成功抓取 52 条.
[2025-09-22 02:29:50] ✘ 有 6 条订阅解析失败:
[2025-09-22 02:29:50] - https://oba.by/feed
[2025-09-22 02:29:50] - https://tumutanzi.com/feed
[2025-09-22 02:29:50] - https://tcxx.info/feed
[2025-09-22 02:29:50] - https://geekinney.com/index.xml
[2025-09-22 02:29:50] - https://yinwang1.substack.com/feed
[2025-09-22 02:29:50] - https://botanwang.com/rss.xml
[2025-09-22 02:29:50] ✘ 有 1 条订阅为空:
[2025-09-22 02:29:50] - http://feeds.feedburner.com/zhihu-daily
[2025-09-22 02:29:50] ✘ 有 1 条订阅头像字段为空, 已使用默认头像:
[2025-09-22 02:29:50] - https://feed.cnblogs.com/blog/u/66551/rss/
[2025-09-22 02:29:50] ✘ 有 8 条订阅头像无法访问, 已使用默认头像:
[2025-09-22 02:29:50] - http://feeds.feedburner.com/ruanyifeng
[2025-09-22 02:29:50] - https://www.loyhome.com/feed
[2025-09-22 02:29:50] - https://a4.zyzhang.com/index.xml
[2025-09-22 02:29:50] - https://skywind.me/blog/feed
[2025-09-22 02:29:50] - https://laike9m.com/blog/rss/
[2025-09-22 02:29:50] - https://www.douban.com/feed/review/book
[2025-09-22 02:29:50] - https://www.mrhe.net/feed
[2025-09-22 02:29:50] - https://lenciel.com/feed.xml
[2025-09-22 03:18:26] 本次订阅抓取结果统计:
[2025-09-22 03:18:26] 共 59 条RSS, 成功抓取 51 条.
[2025-09-22 03:18:26] ✘ 有 6 条订阅解析失败:
[2025-09-22 03:18:26] - https://oba.by/feed
[2025-09-22 03:18:26] - https://tcxx.info/feed
[2025-09-22 03:18:26] - https://tumutanzi.com/feed
[2025-09-22 03:18:26] - https://geekinney.com/index.xml
[2025-09-22 03:18:26] - https://yinwang1.substack.com/feed
[2025-09-22 03:18:26] - https://botanwang.com/rss.xml
[2025-09-22 03:18:26] ✘ 有 2 条订阅为空:
[2025-09-22 03:18:26] - http://feeds.feedburner.com/zhihu-daily
[2025-09-22 03:18:26] - https://diygod.cc/feed
[2025-09-22 03:18:26] ✘ 有 1 条订阅头像字段为空, 已使用默认头像:
[2025-09-22 03:18:26] - https://feed.cnblogs.com/blog/u/66551/rss/
[2025-09-22 03:18:26] ✘ 有 8 条订阅头像无法访问, 已使用默认头像:
[2025-09-22 03:18:26] - http://feeds.feedburner.com/ruanyifeng
[2025-09-22 03:18:26] - https://www.loyhome.com/feed
[2025-09-22 03:18:26] - https://a4.zyzhang.com/index.xml
[2025-09-22 03:18:26] - https://skywind.me/blog/feed
[2025-09-22 03:18:26] - https://laike9m.com/blog/rss/
[2025-09-22 03:18:26] - https://www.douban.com/feed/review/book
[2025-09-22 03:18:26] - https://lenciel.com/feed.xml
[2025-09-22 03:18:26] - https://www.mrhe.net/feed
[2025-09-22 04:01:59] 本次订阅抓取结果统计:
[2025-09-22 04:01:59] 共 59 条RSS, 成功抓取 52 条.
[2025-09-22 04:01:59] ✘ 有 6 条订阅解析失败:
[2025-09-22 04:01:59] - https://oba.by/feed
[2025-09-22 04:01:59] - https://tcxx.info/feed
[2025-09-22 04:01:59] - https://tumutanzi.com/feed
[2025-09-22 04:01:59] - https://geekinney.com/index.xml
[2025-09-22 04:01:59] - https://yinwang1.substack.com/feed
[2025-09-22 04:01:59] - https://botanwang.com/rss.xml
[2025-09-22 04:01:59] ✘ 有 1 条订阅为空:
[2025-09-22 04:01:59] - http://feeds.feedburner.com/zhihu-daily
[2025-09-22 04:01:59] ✘ 有 1 条订阅头像字段为空, 已使用默认头像:
[2025-09-22 04:01:59] - https://feed.cnblogs.com/blog/u/66551/rss/
[2025-09-22 04:01:59] ✘ 有 8 条订阅头像无法访问, 已使用默认头像:
[2025-09-22 04:01:59] - http://feeds.feedburner.com/ruanyifeng
[2025-09-22 04:01:59] - https://www.loyhome.com/feed
[2025-09-22 04:01:59] - https://a4.zyzhang.com/index.xml
[2025-09-22 04:01:59] - https://skywind.me/blog/feed
[2025-09-22 04:01:59] - https://laike9m.com/blog/rss/
[2025-09-22 04:01:59] - https://www.douban.com/feed/review/book
[2025-09-22 04:01:59] - https://lenciel.com/feed.xml
[2025-09-22 04:01:59] - https://www.mrhe.net/feed
[2025-09-22 05:01:59] 本次订阅抓取结果统计:
[2025-09-22 05:01:59] 共 59 条RSS, 成功抓取 52 条.
[2025-09-22 05:01:59] ✘ 有 6 条订阅解析失败:
[2025-09-22 05:01:59] - https://oba.by/feed
[2025-09-22 05:01:59] - https://tcxx.info/feed
[2025-09-22 05:01:59] - https://tumutanzi.com/feed
[2025-09-22 05:01:59] - https://geekinney.com/index.xml
[2025-09-22 05:01:59] - https://yinwang1.substack.com/feed
[2025-09-22 05:01:59] - https://botanwang.com/rss.xml
[2025-09-22 05:01:59] ✘ 有 1 条订阅为空:
[2025-09-22 05:01:59] - http://feeds.feedburner.com/zhihu-daily
[2025-09-22 05:01:59] ✘ 有 1 条订阅头像字段为空, 已使用默认头像:
[2025-09-22 05:01:59] - https://feed.cnblogs.com/blog/u/66551/rss/
[2025-09-22 05:01:59] ✘ 有 8 条订阅头像无法访问, 已使用默认头像:
[2025-09-22 05:01:59] - http://feeds.feedburner.com/ruanyifeng
[2025-09-22 05:01:59] - https://www.loyhome.com/feed
[2025-09-22 05:01:59] - https://a4.zyzhang.com/index.xml
[2025-09-22 05:01:59] - https://laike9m.com/blog/rss/
[2025-09-22 05:01:59] - https://skywind.me/blog/feed
[2025-09-22 05:01:59] - https://www.douban.com/feed/review/book
[2025-09-22 05:01:59] - https://www.mrhe.net/feed
[2025-09-22 05:01:59] - https://lenciel.com/feed.xml
[2025-09-22 06:03:15] 本次订阅抓取结果统计:
[2025-09-22 06:03:15] 共 59 条RSS, 成功抓取 51 条.
[2025-09-22 06:03:15] ✘ 有 7 条订阅解析失败:
[2025-09-22 06:03:15] - https://oba.by/feed
[2025-09-22 06:03:15] - https://tumutanzi.com/feed
[2025-09-22 06:03:15] - https://tcxx.info/feed
[2025-09-22 06:03:15] - https://geekinney.com/index.xml
[2025-09-22 06:03:15] - https://yinwang1.substack.com/feed
[2025-09-22 06:03:15] - https://botanwang.com/rss.xml
[2025-09-22 06:03:15] - https://diygod.cc/feed
[2025-09-22 06:03:15] ✘ 有 1 条订阅为空:
[2025-09-22 06:03:15] - http://feeds.feedburner.com/zhihu-daily
[2025-09-22 06:03:15] ✘ 有 1 条订阅头像字段为空, 已使用默认头像:
[2025-09-22 06:03:15] - https://feed.cnblogs.com/blog/u/66551/rss/
[2025-09-22 06:03:15] ✘ 有 8 条订阅头像无法访问, 已使用默认头像:
[2025-09-22 06:03:15] - http://feeds.feedburner.com/ruanyifeng
[2025-09-22 06:03:15] - https://www.loyhome.com/feed
[2025-09-22 06:03:15] - https://a4.zyzhang.com/index.xml
[2025-09-22 06:03:15] - https://skywind.me/blog/feed
[2025-09-22 06:03:15] - https://laike9m.com/blog/rss/
[2025-09-22 06:03:15] - https://www.douban.com/feed/review/book
[2025-09-22 06:03:15] - https://www.mrhe.net/feed
[2025-09-22 06:03:15] - https://lenciel.com/feed.xml
[2025-09-22 07:02:31] 本次订阅抓取结果统计:
[2025-09-22 07:02:31] 共 59 条RSS, 成功抓取 52 条.
[2025-09-22 07:02:31] ✘ 有 6 条订阅解析失败:
[2025-09-22 07:02:31] - https://tcxx.info/feed
[2025-09-22 07:02:31] - https://tumutanzi.com/feed
[2025-09-22 07:02:31] - https://geekinney.com/index.xml
[2025-09-22 07:02:31] - https://yinwang1.substack.com/feed
[2025-09-22 07:02:31] - https://botanwang.com/rss.xml
[2025-09-22 07:02:31] - https://oba.by/feed
[2025-09-22 07:02:31] ✘ 有 1 条订阅为空:
[2025-09-22 07:02:31] - http://feeds.feedburner.com/zhihu-daily
[2025-09-22 07:02:31] ✘ 有 1 条订阅头像字段为空, 已使用默认头像:
[2025-09-22 07:02:31] - https://feed.cnblogs.com/blog/u/66551/rss/
[2025-09-22 07:02:31] ✘ 有 9 条订阅头像无法访问, 已使用默认头像:
[2025-09-22 07:02:31] - http://feeds.feedburner.com/ruanyifeng
[2025-09-22 07:02:31] - https://www.loyhome.com/feed
[2025-09-22 07:02:31] - https://a4.zyzhang.com/index.xml
[2025-09-22 07:02:31] - https://laike9m.com/blog/rss/
[2025-09-22 07:02:31] - https://skywind.me/blog/feed
[2025-09-22 07:02:31] - https://www.douban.com/feed/review/book
[2025-09-22 07:02:31] - https://www.mrhe.net/feed
[2025-09-22 07:02:31] - https://rss.utgd.net/feed
[2025-09-22 07:02:31] - https://lenciel.com/feed.xml
[2025-09-22 08:02:25] 抓取到的文章与现有数据相同，无需更新。
[2025-09-22 09:01:58] 抓取到的文章与现有数据相同，无需更新。
[2025-09-22 10:01:53] 本次订阅抓取结果统计:
[2025-09-22 10:01:53] 共 59 条RSS, 成功抓取 51 条.
[2025-09-22 10:01:53] ✘ 有 7 条订阅解析失败:
[2025-09-22 10:01:53] - https://oba.by/feed
[2025-09-22 10:01:53] - https://tcxx.info/feed
[2025-09-22 10:01:53] - https://tumutanzi.com/feed
[2025-09-22 10:01:53] - https://geekinney.com/index.xml
[2025-09-22 10:01:53] - https://diygod.cc/feed
[2025-09-22 10:01:53] - https://yinwang1.substack.com/feed
[2025-09-22 10:01:53] - https://botanwang.com/rss.xml
[2025-09-22 10:01:53] ✘ 有 1 条订阅为空:
[2025-09-22 10:01:53] - http://feeds.feedburner.com/zhihu-daily
[2025-09-22 10:01:53] ✘ 有 1 条订阅头像字段为空, 已使用默认头像:
[2025-09-22 10:01:53] - https://feed.cnblogs.com/blog/u/66551/rss/
[2025-09-22 10:01:53] ✘ 有 8 条订阅头像无法访问, 已使用默认头像:
[2025-09-22 10:01:53] - http://feeds.feedburner.com/ruanyifeng
[2025-09-22 10:01:53] - https://www.loyhome.com/feed
[2025-09-22 10:01:53] - https://a4.zyzhang.com/index.xml
[2025-09-22 10:01:53] - https://skywind.me/blog/feed
[2025-09-22 10:01:53] - https://laike9m.com/blog/rss/
[2025-09-22 10:01:53] - https://www.douban.com/feed/review/book
[2025-09-22 10:01:53] - https://www.mrhe.net/feed
[2025-09-22 10:01:53] - https://lenciel.com/feed.xml
[2025-09-22 11:02:31] 本次订阅抓取结果统计:
[2025-09-22 11:02:31] 共 59 条RSS, 成功抓取 52 条.
[2025-09-22 11:02:31] ✘ 有 6 条订阅解析失败:
[2025-09-22 11:02:31] - https://oba.by/feed
[2025-09-22 11:02:31] - https://tcxx.info/feed
[2025-09-22 11:02:31] - https://tumutanzi.com/feed
[2025-09-22 11:02:31] - https://geekinney.com/index.xml
[2025-09-22 11:02:31] - https://yinwang1.substack.com/feed
[2025-09-22 11:02:31] - https://botanwang.com/rss.xml
[2025-09-22 11:02:31] ✘ 有 1 条订阅为空:
[2025-09-22 11:02:31] - http://feeds.feedburner.com/zhihu-daily
[2025-09-22 11:02:31] ✘ 有 1 条订阅头像字段为空, 已使用默认头像:
[2025-09-22 11:02:31] - https://feed.cnblogs.com/blog/u/66551/rss/
[2025-09-22 11:02:31] ✘ 有 8 条订阅头像无法访问, 已使用默认头像:
[2025-09-22 11:02:31] - http://feeds.feedburner.com/ruanyifeng
[2025-09-22 11:02:31] - https://www.loyhome.com/feed
[2025-09-22 11:02:31] - https://a4.zyzhang.com/index.xml
[2025-09-22 11:02:31] - https://skywind.me/blog/feed
[2025-09-22 11:02:31] - https://laike9m.com/blog/rss/
[2025-09-22 11:02:31] - https://www.douban.com/feed/review/book
[2025-09-22 11:02:31] - https://www.mrhe.net/feed
[2025-09-22 11:02:31] - https://lenciel.com/feed.xml
[2025-09-22 12:02:10] 抓取到的文章与现有数据相同，无需更新。
[2025-09-22 13:09:52] 本次订阅抓取结果统计:
[2025-09-22 13:09:52] 共 60 条RSS, 成功抓取 53 条.
[2025-09-22 13:09:52] ✘ 有 6 条订阅解析失败:
[2025-09-22 13:09:52] - https://oba.by/feed
[2025-09-22 13:09:52] - https://tcxx.info/feed
[2025-09-22 13:09:52] - https://tumutanzi.com/feed
[2025-09-22 13:09:52] - https://geekinney.com/index.xml
[2025-09-22 13:09:52] - https://yinwang1.substack.com/feed
[2025-09-22 13:09:52] - https://botanwang.com/rss.xml
[2025-09-22 13:09:52] ✘ 有 1 条订阅为空:
[2025-09-22 13:09:52] - http://feeds.feedburner.com/zhihu-daily
[2025-09-22 13:09:52] ✘ 有 1 条订阅头像字段为空, 已使用默认头像:
[2025-09-22 13:09:52] - https://feed.cnblogs.com/blog/u/66551/rss/
[2025-09-22 13:09:52] ✘ 有 8 条订阅头像无法访问, 已使用默认头像:
[2025-09-22 13:09:52] - http://feeds.feedburner.com/ruanyifeng
[2025-09-22 13:09:52] - https://www.loyhome.com/feed
[2025-09-22 13:09:52] - https://a4.zyzhang.com/index.xml
[2025-09-22 13:09:52] - https://skywind.me/blog/feed
[2025-09-22 13:09:52] - https://laike9m.com/blog/rss/
[2025-09-22 13:09:52] - https://www.mrhe.net/feed
[2025-09-22 13:09:52] - https://lenciel.com/feed.xml
[2025-09-22 13:09:52] - https://www.douban.com/feed/review/book
[2025-09-22 14:02:26] 抓取到的文章与现有数据相同，无需更新。
[2025-09-22 15:02:23] 本次订阅抓取结果统计:
[2025-09-22 15:02:23] 共 60 条RSS, 成功抓取 52 条.
[2025-09-22 15:02:23] ✘ 有 7 条订阅解析失败:
[2025-09-22 15:02:23] - https://oba.by/feed
[2025-09-22 15:02:23] - https://tcxx.info/feed
[2025-09-22 15:02:23] - https://tumutanzi.com/feed
[2025-09-22 15:02:23] - https://geekinney.com/index.xml
[2025-09-22 15:02:23] - https://yinwang1.substack.com/feed
[2025-09-22 15:02:23] - https://botanwang.com/rss.xml
[2025-09-22 15:02:23] - https://blog.twofei.com/rss
[2025-09-22 15:02:23] ✘ 有 1 条订阅为空:
[2025-09-22 15:02:23] - http://feeds.feedburner.com/zhihu-daily
[2025-09-22 15:02:23] ✘ 有 1 条订阅头像字段为空, 已使用默认头像:
[2025-09-22 15:02:23] - https://feed.cnblogs.com/blog/u/66551/rss/
[2025-09-22 15:02:23] ✘ 有 8 条订阅头像无法访问, 已使用默认头像:
[2025-09-22 15:02:23] - http://feeds.feedburner.com/ruanyifeng
[2025-09-22 15:02:23] - https://www.loyhome.com/feed
[2025-09-22 15:02:23] - https://a4.zyzhang.com/index.xml
[2025-09-22 15:02:23] - https://skywind.me/blog/feed
[2025-09-22 15:02:23] - https://laike9m.com/blog/rss/
[2025-09-22 15:02:23] - https://lenciel.com/feed.xml
[2025-09-22 15:02:23] - https://www.mrhe.net/feed
[2025-09-22 15:02:23] - https://www.douban.com/feed/review/book
[2025-09-22 16:02:52] 本次订阅抓取结果统计:
[2025-09-22 16:02:52] 共 60 条RSS, 成功抓取 51 条.
[2025-09-22 16:02:52] ✘ 有 8 条订阅解析失败:
[2025-09-22 16:02:52] - https://oba.by/feed
[2025-09-22 16:02:52] - https://tcxx.info/feed
[2025-09-22 16:02:52] - https://tumutanzi.com/feed
[2025-09-22 16:02:52] - https://geekinney.com/index.xml
[2025-09-22 16:02:52] - https://diygod.cc/feed
[2025-09-22 16:02:52] - https://yinwang1.substack.com/feed
[2025-09-22 16:02:52] - https://botanwang.com/rss.xml
[2025-09-22 16:02:52] - https://leixus.cn/index.php/feed/
[2025-09-22 16:02:52] ✘ 有 1 条订阅为空:
[2025-09-22 16:02:52] - http://feeds.feedburner.com/zhihu-daily
[2025-09-22 16:02:52] ✘ 有 1 条订阅头像字段为空, 已使用默认头像:
[2025-09-22 16:02:52] - https://feed.cnblogs.com/blog/u/66551/rss/
[2025-09-22 16:02:52] ✘ 有 8 条订阅头像无法访问, 已使用默认头像:
[2025-09-22 16:02:52] - http://feeds.feedburner.com/ruanyifeng
[2025-09-22 16:02:52] - https://www.loyhome.com/feed
[2025-09-22 16:02:52] - https://a4.zyzhang.com/index.xml
[2025-09-22 16:02:52] - https://laike9m.com/blog/rss/
[2025-09-22 16:02:52] - https://skywind.me/blog/feed
[2025-09-22 16:02:52] - https://www.douban.com/feed/review/book
[2025-09-22 16:02:52] - https://www.mrhe.net/feed
[2025-09-22 16:02:52] - https://lenciel.com/feed.xml
[2025-09-22 17:01:58] 本次订阅抓取结果统计:
[2025-09-22 17:01:58] 共 60 条RSS, 成功抓取 53 条.
[2025-09-22 17:01:58] ✘ 有 6 条订阅解析失败:
[2025-09-22 17:01:58] - https://oba.by/feed
[2025-09-22 17:01:58] - https://tcxx.info/feed
[2025-09-22 17:01:58] - https://tumutanzi.com/feed
[2025-09-22 17:01:58] - https://geekinney.com/index.xml
[2025-09-22 17:01:58] - https://yinwang1.substack.com/feed
[2025-09-22 17:01:58] - https://botanwang.com/rss.xml
[2025-09-22 17:01:58] ✘ 有 1 条订阅为空:
[2025-09-22 17:01:58] - http://feeds.feedburner.com/zhihu-daily
[2025-09-22 17:01:58] ✘ 有 1 条订阅头像字段为空, 已使用默认头像:
[2025-09-22 17:01:58] - https://feed.cnblogs.com/blog/u/66551/rss/
[2025-09-22 17:01:58] ✘ 有 8 条订阅头像无法访问, 已使用默认头像:
[2025-09-22 17:01:58] - http://feeds.feedburner.com/ruanyifeng
[2025-09-22 17:01:58] - https://www.loyhome.com/feed
[2025-09-22 17:01:58] - https://a4.zyzhang.com/index.xml
[2025-09-22 17:01:58] - https://laike9m.com/blog/rss/
[2025-09-22 17:01:58] - https://skywind.me/blog/feed
[2025-09-22 17:01:58] - https://lenciel.com/feed.xml
[2025-09-22 17:01:58] - https://www.mrhe.net/feed
[2025-09-22 17:01:58] - https://www.douban.com/feed/review/book
[2025-09-22 18:01:57] 抓取到的文章与现有数据相同，无需更新。
[2025-09-22 19:01:49] 抓取到的文章与现有数据相同，无需更新。
[2025-09-22 20:02:22] 本次订阅抓取结果统计:
[2025-09-22 20:02:22] 共 60 条RSS, 成功抓取 52 条.
[2025-09-22 20:02:22] ✘ 有 6 条订阅解析失败:
[2025-09-22 20:02:22] - https://oba.by/feed
[2025-09-22 20:02:22] - https://tcxx.info/feed
[2025-09-22 20:02:22] - https://tumutanzi.com/feed
[2025-09-22 20:02:22] - https://geekinney.com/index.xml
[2025-09-22 20:02:22] - https://yinwang1.substack.com/feed
[2025-09-22 20:02:22] - https://botanwang.com/rss.xml
[2025-09-22 20:02:22] ✘ 有 2 条订阅为空:
[2025-09-22 20:02:22] - http://feeds.feedburner.com/zhihu-daily
[2025-09-22 20:02:22] - https://diygod.cc/feed
[2025-09-22 20:02:22] ✘ 有 1 条订阅头像字段为空, 已使用默认头像:
[2025-09-22 20:02:22] - https://feed.cnblogs.com/blog/u/66551/rss/
[2025-09-22 20:02:22] ✘ 有 8 条订阅头像无法访问, 已使用默认头像:
[2025-09-22 20:02:22] - http://feeds.feedburner.com/ruanyifeng
[2025-09-22 20:02:22] - https://www.loyhome.com/feed
[2025-09-22 20:02:22] - https://a4.zyzhang.com/index.xml
[2025-09-22 20:02:22] - https://skywind.me/blog/feed
[2025-09-22 20:02:22] - https://laike9m.com/blog/rss/
[2025-09-22 20:02:22] - https://www.douban.com/feed/review/book
[2025-09-22 20:02:22] - https://www.mrhe.net/feed
[2025-09-22 20:02:22] - https://lenciel.com/feed.xml
