[2025-09-17 00:04:16] 本次订阅抓取结果统计:
[2025-09-17 00:04:16] 共 59 条RSS, 成功抓取 53 条.
[2025-09-17 00:04:16] ✘ 有 5 条订阅解析失败:
[2025-09-17 00:04:16] - https://tumutanzi.com/feed
[2025-09-17 00:04:16] - https://tcxx.info/feed
[2025-09-17 00:04:16] - https://geekinney.com/index.xml
[2025-09-17 00:04:16] - https://yinwang1.substack.com/feed
[2025-09-17 00:04:16] - https://botanwang.com/rss.xml
[2025-09-17 00:04:16] ✘ 有 1 条订阅为空:
[2025-09-17 00:04:16] - http://feeds.feedburner.com/zhihu-daily
[2025-09-17 00:04:16] ✘ 有 1 条订阅头像字段为空, 已使用默认头像:
[2025-09-17 00:04:16] - https://feed.cnblogs.com/blog/u/66551/rss/
[2025-09-17 00:04:16] ✘ 有 8 条订阅头像无法访问, 已使用默认头像:
[2025-09-17 00:04:16] - https://hwv430.blogspot.com/feeds/posts/default
[2025-09-17 00:04:16] - http://feeds.feedburner.com/ruanyifeng
[2025-09-17 00:04:16] - https://www.loyhome.com/feed
[2025-09-17 00:04:16] - https://a4.zyzhang.com/index.xml
[2025-09-17 00:04:16] - https://laike9m.com/blog/rss/
[2025-09-17 00:04:16] - https://skywind.me/blog/feed
[2025-09-17 00:04:16] - https://www.mrhe.net/feed
[2025-09-17 00:04:16] - https://www.douban.com/feed/review/book
[2025-09-17 01:29:40] 本次订阅抓取结果统计:
[2025-09-17 01:29:40] 共 59 条RSS, 成功抓取 53 条.
[2025-09-17 01:29:40] ✘ 有 5 条订阅解析失败:
[2025-09-17 01:29:40] - https://tumutanzi.com/feed
[2025-09-17 01:29:40] - https://tcxx.info/feed
[2025-09-17 01:29:40] - https://geekinney.com/index.xml
[2025-09-17 01:29:40] - https://yinwang1.substack.com/feed
[2025-09-17 01:29:40] - https://botanwang.com/rss.xml
[2025-09-17 01:29:40] ✘ 有 1 条订阅为空:
[2025-09-17 01:29:40] - http://feeds.feedburner.com/zhihu-daily
[2025-09-17 01:29:40] ✘ 有 1 条订阅头像字段为空, 已使用默认头像:
[2025-09-17 01:29:40] - https://feed.cnblogs.com/blog/u/66551/rss/
[2025-09-17 01:29:40] ✘ 有 8 条订阅头像无法访问, 已使用默认头像:
[2025-09-17 01:29:40] - http://feeds.feedburner.com/ruanyifeng
[2025-09-17 01:29:40] - https://www.loyhome.com/feed
[2025-09-17 01:29:40] - https://a4.zyzhang.com/index.xml
[2025-09-17 01:29:40] - https://skywind.me/blog/feed
[2025-09-17 01:29:40] - https://laike9m.com/blog/rss/
[2025-09-17 01:29:40] - https://www.douban.com/feed/review/book
[2025-09-17 01:29:40] - https://www.mrhe.net/feed
[2025-09-17 01:29:40] - https://lenciel.com/feed.xml
[2025-09-17 02:25:18] 抓取到的文章与现有数据相同，无需更新。
[2025-09-17 03:10:16] 抓取到的文章与现有数据相同，无需更新。
[2025-09-17 04:02:32] 本次订阅抓取结果统计:
[2025-09-17 04:02:32] 共 59 条RSS, 成功抓取 52 条.
[2025-09-17 04:02:32] ✘ 有 6 条订阅解析失败:
[2025-09-17 04:02:32] - https://tcxx.info/feed
[2025-09-17 04:02:32] - https://tumutanzi.com/feed
[2025-09-17 04:02:32] - https://geekinney.com/index.xml
[2025-09-17 04:02:32] - https://yinwang1.substack.com/feed
[2025-09-17 04:02:32] - https://botanwang.com/rss.xml
[2025-09-17 04:02:32] - https://www.shephe.com/feed
[2025-09-17 04:02:32] ✘ 有 1 条订阅为空:
[2025-09-17 04:02:32] - http://feeds.feedburner.com/zhihu-daily
[2025-09-17 04:02:32] ✘ 有 1 条订阅头像字段为空, 已使用默认头像:
[2025-09-17 04:02:32] - https://feed.cnblogs.com/blog/u/66551/rss/
[2025-09-17 04:02:32] ✘ 有 9 条订阅头像无法访问, 已使用默认头像:
[2025-09-17 04:02:32] - https://hwv430.blogspot.com/feeds/posts/default
[2025-09-17 04:02:32] - http://feeds.feedburner.com/ruanyifeng
[2025-09-17 04:02:32] - https://www.loyhome.com/feed
[2025-09-17 04:02:32] - https://a4.zyzhang.com/index.xml
[2025-09-17 04:02:32] - https://skywind.me/blog/feed
[2025-09-17 04:02:32] - https://laike9m.com/blog/rss/
[2025-09-17 04:02:32] - https://lenciel.com/feed.xml
[2025-09-17 04:02:32] - https://www.mrhe.net/feed
[2025-09-17 04:02:32] - https://www.douban.com/feed/review/book
[2025-09-17 05:02:13] 本次订阅抓取结果统计:
[2025-09-17 05:02:13] 共 59 条RSS, 成功抓取 53 条.
[2025-09-17 05:02:13] ✘ 有 5 条订阅解析失败:
[2025-09-17 05:02:13] - https://tcxx.info/feed
[2025-09-17 05:02:13] - https://tumutanzi.com/feed
[2025-09-17 05:02:13] - https://geekinney.com/index.xml
[2025-09-17 05:02:13] - https://yinwang1.substack.com/feed
[2025-09-17 05:02:13] - https://botanwang.com/rss.xml
[2025-09-17 05:02:13] ✘ 有 1 条订阅为空:
[2025-09-17 05:02:13] - http://feeds.feedburner.com/zhihu-daily
[2025-09-17 05:02:13] ✘ 有 1 条订阅头像字段为空, 已使用默认头像:
[2025-09-17 05:02:13] - https://feed.cnblogs.com/blog/u/66551/rss/
[2025-09-17 05:02:13] ✘ 有 9 条订阅头像无法访问, 已使用默认头像:
[2025-09-17 05:02:13] - https://hwv430.blogspot.com/feeds/posts/default
[2025-09-17 05:02:13] - http://feeds.feedburner.com/ruanyifeng
[2025-09-17 05:02:13] - https://www.loyhome.com/feed
[2025-09-17 05:02:13] - https://a4.zyzhang.com/index.xml
[2025-09-17 05:02:13] - https://skywind.me/blog/feed
[2025-09-17 05:02:13] - https://laike9m.com/blog/rss/
[2025-09-17 05:02:13] - https://www.douban.com/feed/review/book
[2025-09-17 05:02:13] - https://www.mrhe.net/feed
[2025-09-17 05:02:13] - https://lenciel.com/feed.xml
[2025-09-17 06:02:23] 本次订阅抓取结果统计:
[2025-09-17 06:02:23] 共 59 条RSS, 成功抓取 53 条.
[2025-09-17 06:02:23] ✘ 有 5 条订阅解析失败:
[2025-09-17 06:02:23] - https://tumutanzi.com/feed
[2025-09-17 06:02:23] - https://tcxx.info/feed
[2025-09-17 06:02:23] - https://geekinney.com/index.xml
[2025-09-17 06:02:23] - https://yinwang1.substack.com/feed
[2025-09-17 06:02:23] - https://botanwang.com/rss.xml
[2025-09-17 06:02:23] ✘ 有 1 条订阅为空:
[2025-09-17 06:02:23] - http://feeds.feedburner.com/zhihu-daily
[2025-09-17 06:02:23] ✘ 有 1 条订阅头像字段为空, 已使用默认头像:
[2025-09-17 06:02:23] - https://feed.cnblogs.com/blog/u/66551/rss/
[2025-09-17 06:02:23] ✘ 有 7 条订阅头像无法访问, 已使用默认头像:
[2025-09-17 06:02:23] - http://feeds.feedburner.com/ruanyifeng
[2025-09-17 06:02:23] - https://www.loyhome.com/feed
[2025-09-17 06:02:23] - https://a4.zyzhang.com/index.xml
[2025-09-17 06:02:23] - https://laike9m.com/blog/rss/
[2025-09-17 06:02:23] - https://skywind.me/blog/feed
[2025-09-17 06:02:23] - https://www.mrhe.net/feed
[2025-09-17 06:02:23] - https://www.douban.com/feed/review/book
[2025-09-17 07:02:53] 本次订阅抓取结果统计:
[2025-09-17 07:02:53] 共 59 条RSS, 成功抓取 52 条.
[2025-09-17 07:02:53] ✘ 有 6 条订阅解析失败:
[2025-09-17 07:02:53] - https://tumutanzi.com/feed
[2025-09-17 07:02:53] - https://tcxx.info/feed
[2025-09-17 07:02:53] - https://geekinney.com/index.xml
[2025-09-17 07:02:53] - https://yinwang1.substack.com/feed
[2025-09-17 07:02:53] - https://botanwang.com/rss.xml
[2025-09-17 07:02:53] - https://diygod.cc/feed
[2025-09-17 07:02:53] ✘ 有 1 条订阅为空:
[2025-09-17 07:02:53] - http://feeds.feedburner.com/zhihu-daily
[2025-09-17 07:02:53] ✘ 有 1 条订阅头像字段为空, 已使用默认头像:
[2025-09-17 07:02:53] - https://feed.cnblogs.com/blog/u/66551/rss/
[2025-09-17 07:02:53] ✘ 有 8 条订阅头像无法访问, 已使用默认头像:
[2025-09-17 07:02:53] - http://feeds.feedburner.com/ruanyifeng
[2025-09-17 07:02:53] - https://www.loyhome.com/feed
[2025-09-17 07:02:53] - https://a4.zyzhang.com/index.xml
[2025-09-17 07:02:53] - https://laike9m.com/blog/rss/
[2025-09-17 07:02:53] - https://skywind.me/blog/feed
[2025-09-17 07:02:53] - https://www.douban.com/feed/review/book
[2025-09-17 07:02:53] - https://lenciel.com/feed.xml
[2025-09-17 07:02:53] - https://www.mrhe.net/feed
[2025-09-17 08:02:03] 本次订阅抓取结果统计:
[2025-09-17 08:02:03] 共 59 条RSS, 成功抓取 53 条.
[2025-09-17 08:02:03] ✘ 有 5 条订阅解析失败:
[2025-09-17 08:02:03] - https://tumutanzi.com/feed
[2025-09-17 08:02:03] - https://tcxx.info/feed
[2025-09-17 08:02:03] - https://geekinney.com/index.xml
[2025-09-17 08:02:03] - https://yinwang1.substack.com/feed
[2025-09-17 08:02:03] - https://botanwang.com/rss.xml
[2025-09-17 08:02:03] ✘ 有 1 条订阅为空:
[2025-09-17 08:02:03] - http://feeds.feedburner.com/zhihu-daily
[2025-09-17 08:02:03] ✘ 有 1 条订阅头像字段为空, 已使用默认头像:
[2025-09-17 08:02:03] - https://feed.cnblogs.com/blog/u/66551/rss/
[2025-09-17 08:02:03] ✘ 有 9 条订阅头像无法访问, 已使用默认头像:
[2025-09-17 08:02:03] - https://hwv430.blogspot.com/feeds/posts/default
[2025-09-17 08:02:03] - http://feeds.feedburner.com/ruanyifeng
[2025-09-17 08:02:03] - https://www.loyhome.com/feed
[2025-09-17 08:02:03] - https://a4.zyzhang.com/index.xml
[2025-09-17 08:02:03] - https://skywind.me/blog/feed
[2025-09-17 08:02:03] - https://laike9m.com/blog/rss/
[2025-09-17 08:02:03] - https://www.douban.com/feed/review/book
[2025-09-17 08:02:03] - https://www.mrhe.net/feed
[2025-09-17 08:02:03] - https://lenciel.com/feed.xml
[2025-09-17 09:02:05] 本次订阅抓取结果统计:
[2025-09-17 09:02:05] 共 59 条RSS, 成功抓取 53 条.
[2025-09-17 09:02:05] ✘ 有 5 条订阅解析失败:
[2025-09-17 09:02:05] - https://tumutanzi.com/feed
[2025-09-17 09:02:05] - https://tcxx.info/feed
[2025-09-17 09:02:05] - https://geekinney.com/index.xml
[2025-09-17 09:02:05] - https://yinwang1.substack.com/feed
[2025-09-17 09:02:05] - https://botanwang.com/rss.xml
[2025-09-17 09:02:05] ✘ 有 1 条订阅为空:
[2025-09-17 09:02:05] - http://feeds.feedburner.com/zhihu-daily
[2025-09-17 09:02:05] ✘ 有 1 条订阅头像字段为空, 已使用默认头像:
[2025-09-17 09:02:05] - https://feed.cnblogs.com/blog/u/66551/rss/
[2025-09-17 09:02:05] ✘ 有 9 条订阅头像无法访问, 已使用默认头像:
[2025-09-17 09:02:05] - https://hwv430.blogspot.com/feeds/posts/default
[2025-09-17 09:02:05] - http://feeds.feedburner.com/ruanyifeng
[2025-09-17 09:02:05] - https://www.loyhome.com/feed
[2025-09-17 09:02:05] - https://a4.zyzhang.com/index.xml
[2025-09-17 09:02:05] - https://skywind.me/blog/feed
[2025-09-17 09:02:05] - https://laike9m.com/blog/rss/
[2025-09-17 09:02:05] - https://www.douban.com/feed/review/book
[2025-09-17 09:02:05] - https://www.mrhe.net/feed
[2025-09-17 09:02:05] - https://lenciel.com/feed.xml
[2025-09-17 10:01:49] 抓取到的文章与现有数据相同，无需更新。
[2025-09-17 11:01:41] 抓取到的文章与现有数据相同，无需更新。
[2025-09-17 12:02:04] 抓取到的文章与现有数据相同，无需更新。
