[2025-07-25 00:04:14] 抓取到的文章与现有数据相同，无需更新。
[2025-07-25 01:29:44] 本次订阅抓取结果统计:
[2025-07-25 01:29:44] 共 51 条RSS, 成功抓取 48 条.
[2025-07-25 01:29:44] ✘ 有 3 条订阅解析失败:
[2025-07-25 01:29:44] - https://tcxx.info/feed
[2025-07-25 01:29:44] - https://blog.ops-coffee.cn/feed.xml
[2025-07-25 01:29:44] - https://yinwang1.substack.com/feed
[2025-07-25 01:29:44] ✘ 有 6 条订阅头像无法访问, 已使用默认头像:
[2025-07-25 01:29:44] - http://feeds.feedburner.com/ruanyifeng
[2025-07-25 01:29:44] - https://www.loyhome.com/feed
[2025-07-25 01:29:44] - https://a4.zyzhang.com/index.xml
[2025-07-25 01:29:44] - https://www.geedea.pro/index.xml
[2025-07-25 01:29:44] - https://www.douban.com/feed/review/book
[2025-07-25 01:29:44] - https://feeds.appinn.com/appinns/
[2025-07-25 02:38:17] 本次订阅抓取结果统计:
[2025-07-25 02:38:17] 共 51 条RSS, 成功抓取 47 条.
[2025-07-25 02:38:17] ✘ 有 4 条订阅解析失败:
[2025-07-25 02:38:17] - https://tcxx.info/feed
[2025-07-25 02:38:17] - https://blog.ops-coffee.cn/feed.xml
[2025-07-25 02:38:17] - https://yinwang1.substack.com/feed
[2025-07-25 02:38:17] - https://www.douban.com/feed/review/book
[2025-07-25 02:38:17] ✘ 有 5 条订阅头像无法访问, 已使用默认头像:
[2025-07-25 02:38:17] - http://feeds.feedburner.com/ruanyifeng
[2025-07-25 02:38:17] - https://www.loyhome.com/feed
[2025-07-25 02:38:17] - https://a4.zyzhang.com/index.xml
[2025-07-25 02:38:17] - https://www.geedea.pro/index.xml
[2025-07-25 02:38:17] - https://feeds.appinn.com/appinns/
[2025-07-25 03:29:37] 本次订阅抓取结果统计:
[2025-07-25 03:29:37] 共 51 条RSS, 成功抓取 48 条.
[2025-07-25 03:29:37] ✘ 有 3 条订阅解析失败:
[2025-07-25 03:29:37] - https://tcxx.info/feed
[2025-07-25 03:29:37] - https://blog.ops-coffee.cn/feed.xml
[2025-07-25 03:29:37] - https://yinwang1.substack.com/feed
[2025-07-25 03:29:37] ✘ 有 6 条订阅头像无法访问, 已使用默认头像:
[2025-07-25 03:29:37] - http://feeds.feedburner.com/ruanyifeng
[2025-07-25 03:29:37] - https://www.loyhome.com/feed
[2025-07-25 03:29:37] - https://a4.zyzhang.com/index.xml
[2025-07-25 03:29:37] - https://www.geedea.pro/index.xml
[2025-07-25 03:29:37] - https://www.douban.com/feed/review/book
[2025-07-25 03:29:37] - https://feeds.appinn.com/appinns/
[2025-07-25 04:14:14] 本次订阅抓取结果统计:
[2025-07-25 04:14:14] 共 51 条RSS, 成功抓取 48 条.
[2025-07-25 04:14:14] ✘ 有 3 条订阅解析失败:
[2025-07-25 04:14:14] - https://blog.ops-coffee.cn/feed.xml
[2025-07-25 04:14:14] - https://tcxx.info/feed
[2025-07-25 04:14:14] - https://yinwang1.substack.com/feed
[2025-07-25 04:14:14] ✘ 有 5 条订阅头像无法访问, 已使用默认头像:
[2025-07-25 04:14:14] - http://feeds.feedburner.com/ruanyifeng
[2025-07-25 04:14:14] - https://www.loyhome.com/feed
[2025-07-25 04:14:14] - https://a4.zyzhang.com/index.xml
[2025-07-25 04:14:14] - https://www.geedea.pro/index.xml
[2025-07-25 04:14:14] - https://www.douban.com/feed/review/book
[2025-07-25 05:07:10] 本次订阅抓取结果统计:
[2025-07-25 05:07:10] 共 51 条RSS, 成功抓取 48 条.
[2025-07-25 05:07:10] ✘ 有 3 条订阅解析失败:
[2025-07-25 05:07:10] - https://tcxx.info/feed
[2025-07-25 05:07:10] - https://blog.ops-coffee.cn/feed.xml
[2025-07-25 05:07:10] - https://yinwang1.substack.com/feed
[2025-07-25 05:07:10] ✘ 有 7 条订阅头像无法访问, 已使用默认头像:
[2025-07-25 05:07:10] - http://feeds.feedburner.com/ruanyifeng
[2025-07-25 05:07:10] - https://www.loyhome.com/feed
[2025-07-25 05:07:10] - https://a4.zyzhang.com/index.xml
[2025-07-25 05:07:10] - https://www.geedea.pro/index.xml
[2025-07-25 05:07:10] - https://feeds.appinn.com/appinns/
[2025-07-25 05:07:10] - https://xyzbz.cn/feed
[2025-07-25 05:07:10] - https://www.douban.com/feed/review/book
[2025-07-25 06:02:17] 抓取到的文章与现有数据相同，无需更新。
[2025-07-25 07:04:03] 抓取到的文章与现有数据相同，无需更新。
[2025-07-25 08:02:07] 本次订阅抓取结果统计:
[2025-07-25 08:02:07] 共 51 条RSS, 成功抓取 48 条.
[2025-07-25 08:02:07] ✘ 有 3 条订阅解析失败:
[2025-07-25 08:02:07] - https://tcxx.info/feed
[2025-07-25 08:02:07] - https://blog.ops-coffee.cn/feed.xml
[2025-07-25 08:02:07] - https://yinwang1.substack.com/feed
[2025-07-25 08:02:07] ✘ 有 5 条订阅头像无法访问, 已使用默认头像:
[2025-07-25 08:02:07] - http://feeds.feedburner.com/ruanyifeng
[2025-07-25 08:02:07] - https://www.loyhome.com/feed
[2025-07-25 08:02:07] - https://a4.zyzhang.com/index.xml
[2025-07-25 08:02:07] - https://www.geedea.pro/index.xml
[2025-07-25 08:02:07] - https://www.douban.com/feed/review/book
[2025-07-25 09:03:33] 本次订阅抓取结果统计:
[2025-07-25 09:03:33] 共 51 条RSS, 成功抓取 48 条.
[2025-07-25 09:03:33] ✘ 有 3 条订阅解析失败:
[2025-07-25 09:03:33] - https://tcxx.info/feed
[2025-07-25 09:03:33] - https://blog.ops-coffee.cn/feed.xml
[2025-07-25 09:03:33] - https://yinwang1.substack.com/feed
[2025-07-25 09:03:33] ✘ 有 5 条订阅头像无法访问, 已使用默认头像:
[2025-07-25 09:03:33] - http://feeds.feedburner.com/ruanyifeng
[2025-07-25 09:03:33] - https://www.loyhome.com/feed
[2025-07-25 09:03:33] - https://a4.zyzhang.com/index.xml
[2025-07-25 09:03:33] - https://www.geedea.pro/index.xml
[2025-07-25 09:03:33] - https://www.douban.com/feed/review/book
[2025-07-25 10:02:10] 抓取到的文章与现有数据相同，无需更新。
[2025-07-25 11:01:38] 本次订阅抓取结果统计:
[2025-07-25 11:01:38] 共 51 条RSS, 成功抓取 48 条.
[2025-07-25 11:01:38] ✘ 有 3 条订阅解析失败:
[2025-07-25 11:01:38] - https://tcxx.info/feed
[2025-07-25 11:01:38] - https://blog.ops-coffee.cn/feed.xml
[2025-07-25 11:01:38] - https://yinwang1.substack.com/feed
[2025-07-25 11:01:38] ✘ 有 5 条订阅头像无法访问, 已使用默认头像:
[2025-07-25 11:01:38] - http://feeds.feedburner.com/ruanyifeng
[2025-07-25 11:01:38] - https://www.loyhome.com/feed
[2025-07-25 11:01:38] - https://a4.zyzhang.com/index.xml
[2025-07-25 11:01:38] - https://www.geedea.pro/index.xml
[2025-07-25 11:01:38] - https://www.douban.com/feed/review/book
[2025-07-25 12:02:14] 抓取到的文章与现有数据相同，无需更新。
[2025-07-25 13:14:08] 抓取到的文章与现有数据相同，无需更新。
[2025-07-25 14:02:15] 抓取到的文章与现有数据相同，无需更新。
[2025-07-25 15:01:53] 抓取到的文章与现有数据相同，无需更新。
[2025-07-25 16:01:55] 抓取到的文章与现有数据相同，无需更新。
[2025-07-25 17:03:11] 抓取到的文章与现有数据相同，无需更新。
[2025-07-25 18:02:04] 抓取到的文章与现有数据相同，无需更新。
[2025-07-25 19:03:00] 本次订阅抓取结果统计:
[2025-07-25 19:03:00] 共 51 条RSS, 成功抓取 48 条.
[2025-07-25 19:03:00] ✘ 有 3 条订阅解析失败:
[2025-07-25 19:03:00] - https://tcxx.info/feed
[2025-07-25 19:03:00] - https://blog.ops-coffee.cn/feed.xml
[2025-07-25 19:03:00] - https://yinwang1.substack.com/feed
[2025-07-25 19:03:00] ✘ 有 5 条订阅头像无法访问, 已使用默认头像:
[2025-07-25 19:03:00] - http://feeds.feedburner.com/ruanyifeng
[2025-07-25 19:03:00] - https://www.loyhome.com/feed
[2025-07-25 19:03:00] - https://a4.zyzhang.com/index.xml
[2025-07-25 19:03:00] - https://www.geedea.pro/index.xml
[2025-07-25 19:03:00] - https://www.douban.com/feed/review/book
[2025-07-25 20:02:08] 本次订阅抓取结果统计:
[2025-07-25 20:02:08] 共 51 条RSS, 成功抓取 47 条.
[2025-07-25 20:02:08] ✘ 有 4 条订阅解析失败:
[2025-07-25 20:02:08] - https://tcxx.info/feed
[2025-07-25 20:02:08] - https://blog.ops-coffee.cn/feed.xml
[2025-07-25 20:02:08] - https://yinwang1.substack.com/feed
[2025-07-25 20:02:08] - https://www.douban.com/feed/review/book
[2025-07-25 20:02:08] ✘ 有 4 条订阅头像无法访问, 已使用默认头像:
[2025-07-25 20:02:08] - http://feeds.feedburner.com/ruanyifeng
[2025-07-25 20:02:08] - https://www.loyhome.com/feed
[2025-07-25 20:02:08] - https://a4.zyzhang.com/index.xml
[2025-07-25 20:02:08] - https://www.geedea.pro/index.xml
[2025-07-25 21:01:43] 本次订阅抓取结果统计:
[2025-07-25 21:01:43] 共 51 条RSS, 成功抓取 48 条.
[2025-07-25 21:01:43] ✘ 有 3 条订阅解析失败:
[2025-07-25 21:01:43] - https://tcxx.info/feed
[2025-07-25 21:01:43] - https://blog.ops-coffee.cn/feed.xml
[2025-07-25 21:01:43] - https://yinwang1.substack.com/feed
[2025-07-25 21:01:43] ✘ 有 5 条订阅头像无法访问, 已使用默认头像:
[2025-07-25 21:01:43] - http://feeds.feedburner.com/ruanyifeng
[2025-07-25 21:01:43] - https://www.loyhome.com/feed
[2025-07-25 21:01:43] - https://a4.zyzhang.com/index.xml
[2025-07-25 21:01:43] - https://www.geedea.pro/index.xml
[2025-07-25 21:01:43] - https://www.douban.com/feed/review/book
[2025-07-25 22:01:37] 抓取到的文章与现有数据相同，无需更新。
[2025-07-25 23:01:41] 抓取到的文章与现有数据相同，无需更新。
