[2025-10-01 00:05:08] 抓取到的文章与现有数据相同，无需更新。
[2025-10-01 01:29:49] 抓取到的文章与现有数据相同，无需更新。
[2025-10-01 02:30:42] 本次订阅抓取结果统计:
[2025-10-01 02:30:42] 共 60 条RSS, 成功抓取 52 条.
[2025-10-01 02:30:42] ✘ 有 7 条订阅解析失败:
[2025-10-01 02:30:42] - https://tumutanzi.com/feed
[2025-10-01 02:30:42] - https://tcxx.info/feed
[2025-10-01 02:30:42] - https://geekinney.com/index.xml
[2025-10-01 02:30:42] - https://suus.me/index.xml
[2025-10-01 02:30:42] - https://yinwang1.substack.com/feed
[2025-10-01 02:30:42] - https://botanwang.com/rss.xml
[2025-10-01 02:30:42] - https://www.douban.com/feed/review/book
[2025-10-01 02:30:42] ✘ 有 1 条订阅为空:
[2025-10-01 02:30:42] - http://feeds.feedburner.com/zhihu-daily
[2025-10-01 02:30:42] ✘ 有 1 条订阅头像字段为空, 已使用默认头像:
[2025-10-01 02:30:42] - https://feed.cnblogs.com/blog/u/66551/rss/
[2025-10-01 02:30:42] ✘ 有 6 条订阅头像无法访问, 已使用默认头像:
[2025-10-01 02:30:42] - http://feeds.feedburner.com/ruanyifeng
[2025-10-01 02:30:42] - https://www.loyhome.com/feed
[2025-10-01 02:30:42] - https://a4.zyzhang.com/index.xml
[2025-10-01 02:30:42] - https://laike9m.com/blog/rss/
[2025-10-01 02:30:42] - https://skywind.me/blog/feed
[2025-10-01 02:30:42] - https://www.mrhe.net/feed
[2025-10-01 03:19:49] 本次订阅抓取结果统计:
[2025-10-01 03:19:49] 共 60 条RSS, 成功抓取 53 条.
[2025-10-01 03:19:49] ✘ 有 6 条订阅解析失败:
[2025-10-01 03:19:49] - https://tcxx.info/feed
[2025-10-01 03:19:49] - https://tumutanzi.com/feed
[2025-10-01 03:19:49] - https://geekinney.com/index.xml
[2025-10-01 03:19:49] - https://suus.me/index.xml
[2025-10-01 03:19:49] - https://yinwang1.substack.com/feed
[2025-10-01 03:19:49] - https://botanwang.com/rss.xml
[2025-10-01 03:19:49] ✘ 有 1 条订阅为空:
[2025-10-01 03:19:49] - http://feeds.feedburner.com/zhihu-daily
[2025-10-01 03:19:49] ✘ 有 1 条订阅头像字段为空, 已使用默认头像:
[2025-10-01 03:19:49] - https://feed.cnblogs.com/blog/u/66551/rss/
[2025-10-01 03:19:49] ✘ 有 7 条订阅头像无法访问, 已使用默认头像:
[2025-10-01 03:19:49] - http://feeds.feedburner.com/ruanyifeng
[2025-10-01 03:19:49] - https://www.loyhome.com/feed
[2025-10-01 03:19:49] - https://a4.zyzhang.com/index.xml
[2025-10-01 03:19:49] - https://laike9m.com/blog/rss/
[2025-10-01 03:19:49] - https://skywind.me/blog/feed
[2025-10-01 03:19:49] - https://www.douban.com/feed/review/book
[2025-10-01 03:19:49] - https://www.mrhe.net/feed
[2025-10-01 04:01:57] 抓取到的文章与现有数据相同，无需更新。
[2025-10-01 05:02:04] 抓取到的文章与现有数据相同，无需更新。
[2025-10-01 06:02:08] 抓取到的文章与现有数据相同，无需更新。
[2025-10-01 07:02:06] 抓取到的文章与现有数据相同，无需更新。
[2025-10-01 08:02:03] 本次订阅抓取结果统计:
[2025-10-01 08:02:03] 共 60 条RSS, 成功抓取 53 条.
[2025-10-01 08:02:03] ✘ 有 6 条订阅解析失败:
[2025-10-01 08:02:03] - https://tcxx.info/feed
[2025-10-01 08:02:03] - https://tumutanzi.com/feed
[2025-10-01 08:02:03] - https://geekinney.com/index.xml
[2025-10-01 08:02:03] - https://suus.me/index.xml
[2025-10-01 08:02:03] - https://yinwang1.substack.com/feed
[2025-10-01 08:02:03] - https://botanwang.com/rss.xml
[2025-10-01 08:02:03] ✘ 有 1 条订阅为空:
[2025-10-01 08:02:03] - http://feeds.feedburner.com/zhihu-daily
[2025-10-01 08:02:03] ✘ 有 1 条订阅头像字段为空, 已使用默认头像:
[2025-10-01 08:02:03] - https://feed.cnblogs.com/blog/u/66551/rss/
[2025-10-01 08:02:03] ✘ 有 7 条订阅头像无法访问, 已使用默认头像:
[2025-10-01 08:02:03] - http://feeds.feedburner.com/ruanyifeng
[2025-10-01 08:02:03] - https://www.loyhome.com/feed
[2025-10-01 08:02:03] - https://a4.zyzhang.com/index.xml
[2025-10-01 08:02:03] - https://laike9m.com/blog/rss/
[2025-10-01 08:02:03] - https://skywind.me/blog/feed
[2025-10-01 08:02:03] - https://www.douban.com/feed/review/book
[2025-10-01 08:02:03] - https://www.mrhe.net/feed
[2025-10-01 09:01:45] 抓取到的文章与现有数据相同，无需更新。
[2025-10-01 10:01:48] 抓取到的文章与现有数据相同，无需更新。
[2025-10-01 11:01:43] 抓取到的文章与现有数据相同，无需更新。
[2025-10-01 12:03:11] 本次订阅抓取结果统计:
[2025-10-01 12:03:11] 共 60 条RSS, 成功抓取 53 条.
[2025-10-01 12:03:11] ✘ 有 6 条订阅解析失败:
[2025-10-01 12:03:11] - https://tcxx.info/feed
[2025-10-01 12:03:11] - https://tumutanzi.com/feed
[2025-10-01 12:03:11] - https://geekinney.com/index.xml
[2025-10-01 12:03:11] - https://suus.me/index.xml
[2025-10-01 12:03:11] - https://yinwang1.substack.com/feed
[2025-10-01 12:03:11] - https://botanwang.com/rss.xml
[2025-10-01 12:03:11] ✘ 有 1 条订阅为空:
[2025-10-01 12:03:11] - http://feeds.feedburner.com/zhihu-daily
[2025-10-01 12:03:11] ✘ 有 1 条订阅头像字段为空, 已使用默认头像:
[2025-10-01 12:03:11] - https://feed.cnblogs.com/blog/u/66551/rss/
[2025-10-01 12:03:11] ✘ 有 7 条订阅头像无法访问, 已使用默认头像:
[2025-10-01 12:03:11] - http://feeds.feedburner.com/ruanyifeng
[2025-10-01 12:03:11] - https://www.loyhome.com/feed
[2025-10-01 12:03:11] - https://a4.zyzhang.com/index.xml
[2025-10-01 12:03:11] - https://laike9m.com/blog/rss/
[2025-10-01 12:03:11] - https://skywind.me/blog/feed
[2025-10-01 12:03:11] - https://www.douban.com/feed/review/book
[2025-10-01 12:03:11] - https://www.mrhe.net/feed
