[2025-07-22 00:05:00] 抓取到的文章与现有数据相同，无需更新。
[2025-07-22 01:29:49] 本次订阅抓取结果统计:
[2025-07-22 01:29:49] 共 50 条RSS, 成功抓取 48 条.
[2025-07-22 01:29:49] ✘ 有 2 条订阅解析失败:
[2025-07-22 01:29:49] - https://tcxx.info/feed
[2025-07-22 01:29:49] - https://yinwang1.substack.com/feed
[2025-07-22 01:29:49] ✘ 有 5 条订阅头像无法访问, 已使用默认头像:
[2025-07-22 01:29:49] - http://feeds.feedburner.com/ruanyifeng
[2025-07-22 01:29:49] - https://www.loyhome.com/feed
[2025-07-22 01:29:49] - https://a4.zyzhang.com/index.xml
[2025-07-22 01:29:49] - https://www.douban.com/feed/review/book
[2025-07-22 01:29:49] - https://weekly.shawnxie.top/rss.xml
[2025-07-22 02:38:07] 本次订阅抓取结果统计:
[2025-07-22 02:38:07] 共 50 条RSS, 成功抓取 48 条.
[2025-07-22 02:38:07] ✘ 有 2 条订阅解析失败:
[2025-07-22 02:38:07] - https://tcxx.info/feed
[2025-07-22 02:38:07] - https://yinwang1.substack.com/feed
[2025-07-22 02:38:07] ✘ 有 5 条订阅头像无法访问, 已使用默认头像:
[2025-07-22 02:38:07] - http://feeds.feedburner.com/ruanyifeng
[2025-07-22 02:38:07] - https://www.loyhome.com/feed
[2025-07-22 02:38:07] - https://a4.zyzhang.com/index.xml
[2025-07-22 02:38:07] - https://www.douban.com/feed/review/book
[2025-07-22 02:38:07] - https://feeds.appinn.com/appinns/
[2025-07-22 03:29:29] 抓取到的文章与现有数据相同，无需更新。
[2025-07-22 04:14:14] 抓取到的文章与现有数据相同，无需更新。
[2025-07-22 05:05:47] 本次订阅抓取结果统计:
[2025-07-22 05:05:47] 共 50 条RSS, 成功抓取 47 条.
[2025-07-22 05:05:47] ✘ 有 3 条订阅解析失败:
[2025-07-22 05:05:47] - https://tcxx.info/feed
[2025-07-22 05:05:47] - https://yinwang1.substack.com/feed
[2025-07-22 05:05:47] - https://blog.twofei.com/rss
[2025-07-22 05:05:47] ✘ 有 5 条订阅头像无法访问, 已使用默认头像:
[2025-07-22 05:05:47] - http://feeds.feedburner.com/ruanyifeng
[2025-07-22 05:05:47] - https://www.loyhome.com/feed
[2025-07-22 05:05:47] - https://a4.zyzhang.com/index.xml
[2025-07-22 05:05:47] - https://www.douban.com/feed/review/book
[2025-07-22 05:05:47] - https://feeds.appinn.com/appinns/
[2025-07-22 06:02:18] 本次订阅抓取结果统计:
[2025-07-22 06:02:18] 共 50 条RSS, 成功抓取 48 条.
[2025-07-22 06:02:18] ✘ 有 2 条订阅解析失败:
[2025-07-22 06:02:18] - https://tcxx.info/feed
[2025-07-22 06:02:18] - https://yinwang1.substack.com/feed
[2025-07-22 06:02:18] ✘ 有 5 条订阅头像无法访问, 已使用默认头像:
[2025-07-22 06:02:18] - http://feeds.feedburner.com/ruanyifeng
[2025-07-22 06:02:18] - https://www.loyhome.com/feed
[2025-07-22 06:02:18] - https://a4.zyzhang.com/index.xml
[2025-07-22 06:02:18] - https://www.douban.com/feed/review/book
[2025-07-22 06:02:18] - https://feeds.appinn.com/appinns/
