[2025-05-25 00:00:07] 本次订阅抓取结果统计:
[2025-05-25 00:00:07] 共 28 条RSS, 成功抓取 24 条.
[2025-05-25 00:00:07] ✘ 有 4 条订阅解析失败:
[2025-05-25 00:00:07] - https://tcxx.info/feed
[2025-05-25 00:00:07] - https://hwv430.blogspot.com/feeds/posts/default
[2025-05-25 00:00:07] - http://feeds.kenengba.com/kenengbarss
[2025-05-25 00:00:07] - http://feeds.feedburner.com/ruanyifeng
[2025-05-25 00:00:07] ✘ 有 1 条订阅头像无法访问, 已使用默认头像:
[2025-05-25 00:00:07] - https://www.loyhome.com/feed
[2025-05-25 00:27:11] 本次订阅抓取结果统计:
[2025-05-25 00:27:11] 共 28 条RSS, 成功抓取 23 条.
[2025-05-25 00:27:11] ✘ 有 5 条订阅解析失败:
[2025-05-25 00:27:11] - https://tcxx.info/feed
[2025-05-25 00:27:11] - http://feeds.kenengba.com/kenengbarss
[2025-05-25 00:27:11] - https://hwv430.blogspot.com/feeds/posts/default
[2025-05-25 00:27:11] - http://feeds.feedburner.com/ruanyifeng
[2025-05-25 00:27:11] - https://lingxiankong.github.io/pages/rss.xml
[2025-05-25 00:27:11] ✘ 有 1 条订阅头像无法访问, 已使用默认头像:
[2025-05-25 00:27:11] - https://www.loyhome.com/feed
[2025-05-25 01:00:47] 本次订阅抓取结果统计:
[2025-05-25 01:00:47] 共 28 条RSS, 成功抓取 24 条.
[2025-05-25 01:00:47] ✘ 有 4 条订阅解析失败:
[2025-05-25 01:00:47] - https://tcxx.info/feed
[2025-05-25 01:00:47] - https://hwv430.blogspot.com/feeds/posts/default
[2025-05-25 01:00:47] - http://feeds.kenengba.com/kenengbarss
[2025-05-25 01:00:47] - http://feeds.feedburner.com/ruanyifeng
[2025-05-25 01:00:47] ✘ 有 1 条订阅头像无法访问, 已使用默认头像:
[2025-05-25 01:00:47] - https://www.loyhome.com/feed
[2025-05-25 02:00:01] 本次订阅抓取结果统计:
[2025-05-25 02:00:01] 共 28 条RSS, 成功抓取 24 条.
[2025-05-25 02:00:01] ✘ 有 4 条订阅解析失败:
[2025-05-25 02:00:01] - https://tcxx.info/feed
[2025-05-25 02:00:01] - https://hwv430.blogspot.com/feeds/posts/default
[2025-05-25 02:00:01] - http://feeds.kenengba.com/kenengbarss
[2025-05-25 02:00:01] - http://feeds.feedburner.com/ruanyifeng
[2025-05-25 02:00:01] ✘ 有 1 条订阅头像无法访问, 已使用默认头像:
[2025-05-25 02:00:01] - https://www.loyhome.com/feed
[2025-05-25 02:08:25] 本次订阅抓取结果统计:
[2025-05-25 02:08:25] 共 28 条RSS, 成功抓取 24 条.
[2025-05-25 02:08:25] ✘ 有 4 条订阅解析失败:
[2025-05-25 02:08:25] - https://tcxx.info/feed
[2025-05-25 02:08:25] - https://hwv430.blogspot.com/feeds/posts/default
[2025-05-25 02:08:25] - http://feeds.kenengba.com/kenengbarss
[2025-05-25 02:08:25] - http://feeds.feedburner.com/ruanyifeng
[2025-05-25 02:08:25] ✘ 有 1 条订阅头像无法访问, 已使用默认头像:
[2025-05-25 02:08:25] - https://www.loyhome.com/feed
[2025-05-25 03:00:00] 本次订阅抓取结果统计:
[2025-05-25 03:00:00] 共 28 条RSS, 成功抓取 24 条.
[2025-05-25 03:00:00] ✘ 有 4 条订阅解析失败:
[2025-05-25 03:00:00] - https://tcxx.info/feed
[2025-05-25 03:00:00] - https://hwv430.blogspot.com/feeds/posts/default
[2025-05-25 03:00:00] - http://feeds.kenengba.com/kenengbarss
[2025-05-25 03:00:00] - http://feeds.feedburner.com/ruanyifeng
[2025-05-25 03:00:00] ✘ 有 1 条订阅头像无法访问, 已使用默认头像:
[2025-05-25 03:00:00] - https://www.loyhome.com/feed
[2025-05-25 04:00:01] 本次订阅抓取结果统计:
[2025-05-25 04:00:01] 共 28 条RSS, 成功抓取 24 条.
[2025-05-25 04:00:01] ✘ 有 4 条订阅解析失败:
[2025-05-25 04:00:01] - https://tcxx.info/feed
[2025-05-25 04:00:01] - http://feeds.kenengba.com/kenengbarss
[2025-05-25 04:00:01] - https://hwv430.blogspot.com/feeds/posts/default
[2025-05-25 04:00:01] - http://feeds.feedburner.com/ruanyifeng
[2025-05-25 04:00:01] ✘ 有 1 条订阅头像无法访问, 已使用默认头像:
[2025-05-25 04:00:01] - https://www.loyhome.com/feed
[2025-05-25 05:00:00] 本次订阅抓取结果统计:
[2025-05-25 05:00:00] 共 28 条RSS, 成功抓取 24 条.
[2025-05-25 05:00:00] ✘ 有 4 条订阅解析失败:
[2025-05-25 05:00:00] - https://tcxx.info/feed
[2025-05-25 05:00:00] - https://hwv430.blogspot.com/feeds/posts/default
[2025-05-25 05:00:00] - http://feeds.kenengba.com/kenengbarss
[2025-05-25 05:00:00] - http://feeds.feedburner.com/ruanyifeng
[2025-05-25 05:00:00] ✘ 有 1 条订阅头像无法访问, 已使用默认头像:
[2025-05-25 05:00:00] - https://www.loyhome.com/feed
[2025-05-25 06:00:01] 本次订阅抓取结果统计:
[2025-05-25 06:00:01] 共 28 条RSS, 成功抓取 24 条.
[2025-05-25 06:00:01] ✘ 有 4 条订阅解析失败:
[2025-05-25 06:00:01] - https://tcxx.info/feed
[2025-05-25 06:00:01] - http://feeds.kenengba.com/kenengbarss
[2025-05-25 06:00:01] - https://hwv430.blogspot.com/feeds/posts/default
[2025-05-25 06:00:01] - http://feeds.feedburner.com/ruanyifeng
[2025-05-25 06:00:01] ✘ 有 1 条订阅头像无法访问, 已使用默认头像:
[2025-05-25 06:00:01] - https://www.loyhome.com/feed
[2025-05-25 07:00:01] 本次订阅抓取结果统计:
[2025-05-25 07:00:01] 共 28 条RSS, 成功抓取 24 条.
[2025-05-25 07:00:01] ✘ 有 4 条订阅解析失败:
[2025-05-25 07:00:01] - https://tcxx.info/feed
[2025-05-25 07:00:01] - https://hwv430.blogspot.com/feeds/posts/default
[2025-05-25 07:00:01] - http://feeds.kenengba.com/kenengbarss
[2025-05-25 07:00:01] - http://feeds.feedburner.com/ruanyifeng
[2025-05-25 07:00:01] ✘ 有 1 条订阅头像无法访问, 已使用默认头像:
[2025-05-25 07:00:01] - https://www.loyhome.com/feed
[2025-05-25 08:00:01] 本次订阅抓取结果统计:
[2025-05-25 08:00:01] 共 28 条RSS, 成功抓取 24 条.
[2025-05-25 08:00:01] ✘ 有 4 条订阅解析失败:
[2025-05-25 08:00:01] - https://tcxx.info/feed
[2025-05-25 08:00:01] - https://hwv430.blogspot.com/feeds/posts/default
[2025-05-25 08:00:01] - http://feeds.kenengba.com/kenengbarss
[2025-05-25 08:00:01] - http://feeds.feedburner.com/ruanyifeng
[2025-05-25 08:00:01] ✘ 有 1 条订阅头像无法访问, 已使用默认头像:
[2025-05-25 08:00:01] - https://www.loyhome.com/feed
[2025-05-25 09:00:00] 本次订阅抓取结果统计:
[2025-05-25 09:00:00] 共 28 条RSS, 成功抓取 24 条.
[2025-05-25 09:00:00] ✘ 有 4 条订阅解析失败:
[2025-05-25 09:00:00] - https://tcxx.info/feed
[2025-05-25 09:00:00] - https://hwv430.blogspot.com/feeds/posts/default
[2025-05-25 09:00:00] - http://feeds.kenengba.com/kenengbarss
[2025-05-25 09:00:00] - http://feeds.feedburner.com/ruanyifeng
[2025-05-25 09:00:00] ✘ 有 1 条订阅头像无法访问, 已使用默认头像:
[2025-05-25 09:00:00] - https://www.loyhome.com/feed
[2025-05-25 10:00:01] 本次订阅抓取结果统计:
[2025-05-25 10:00:01] 共 28 条RSS, 成功抓取 24 条.
[2025-05-25 10:00:01] ✘ 有 4 条订阅解析失败:
[2025-05-25 10:00:01] - https://tcxx.info/feed
[2025-05-25 10:00:01] - https://hwv430.blogspot.com/feeds/posts/default
[2025-05-25 10:00:01] - http://feeds.kenengba.com/kenengbarss
[2025-05-25 10:00:01] - http://feeds.feedburner.com/ruanyifeng
[2025-05-25 10:00:01] ✘ 有 1 条订阅头像无法访问, 已使用默认头像:
[2025-05-25 10:00:01] - https://www.loyhome.com/feed
[2025-05-25 11:00:01] 本次订阅抓取结果统计:
[2025-05-25 11:00:01] 共 28 条RSS, 成功抓取 24 条.
[2025-05-25 11:00:01] ✘ 有 4 条订阅解析失败:
[2025-05-25 11:00:01] - https://tcxx.info/feed
[2025-05-25 11:00:01] - https://hwv430.blogspot.com/feeds/posts/default
[2025-05-25 11:00:01] - http://feeds.kenengba.com/kenengbarss
[2025-05-25 11:00:01] - http://feeds.feedburner.com/ruanyifeng
[2025-05-25 11:00:01] ✘ 有 1 条订阅头像无法访问, 已使用默认头像:
[2025-05-25 11:00:01] - https://www.loyhome.com/feed
[2025-05-25 12:00:03] 本次订阅抓取结果统计:
[2025-05-25 12:00:03] 共 28 条RSS, 成功抓取 24 条.
[2025-05-25 12:00:03] ✘ 有 4 条订阅解析失败:
[2025-05-25 12:00:03] - https://tcxx.info/feed
[2025-05-25 12:00:03] - https://hwv430.blogspot.com/feeds/posts/default
[2025-05-25 12:00:03] - http://feeds.kenengba.com/kenengbarss
[2025-05-25 12:00:03] - http://feeds.feedburner.com/ruanyifeng
[2025-05-25 12:00:03] ✘ 有 1 条订阅头像无法访问, 已使用默认头像:
[2025-05-25 12:00:03] - https://www.loyhome.com/feed
[2025-05-25 13:13:34] 本次订阅抓取结果统计:
[2025-05-25 13:13:34] 共 28 条RSS, 成功抓取 23 条.
[2025-05-25 13:13:34] ✘ 有 5 条订阅解析失败:
[2025-05-25 13:13:34] - https://tcxx.info/feed
[2025-05-25 13:13:34] - https://hwv430.blogspot.com/feeds/posts/default
[2025-05-25 13:13:34] - http://feeds.kenengba.com/kenengbarss
[2025-05-25 13:13:34] - http://feeds.feedburner.com/ruanyifeng
[2025-05-25 13:13:34] - https://lingxiankong.github.io/pages/rss.xml
[2025-05-25 13:13:34] ✘ 有 1 条订阅头像无法访问, 已使用默认头像:
[2025-05-25 13:13:34] - https://www.loyhome.com/feed
[2025-05-25 14:00:38] 本次订阅抓取结果统计:
[2025-05-25 14:00:38] 共 28 条RSS, 成功抓取 24 条.
[2025-05-25 14:00:38] ✘ 有 4 条订阅解析失败:
[2025-05-25 14:00:38] - https://tcxx.info/feed
[2025-05-25 14:00:38] - https://hwv430.blogspot.com/feeds/posts/default
[2025-05-25 14:00:38] - http://feeds.kenengba.com/kenengbarss
[2025-05-25 14:00:38] - http://feeds.feedburner.com/ruanyifeng
[2025-05-25 14:00:38] ✘ 有 1 条订阅头像无法访问, 已使用默认头像:
[2025-05-25 14:00:38] - https://www.loyhome.com/feed
[2025-05-25 15:01:12] 本次订阅抓取结果统计:
[2025-05-25 15:01:12] 共 28 条RSS, 成功抓取 24 条.
[2025-05-25 15:01:12] ✘ 有 4 条订阅解析失败:
[2025-05-25 15:01:12] - https://tcxx.info/feed
[2025-05-25 15:01:12] - https://hwv430.blogspot.com/feeds/posts/default
[2025-05-25 15:01:12] - http://feeds.kenengba.com/kenengbarss
[2025-05-25 15:01:12] - http://feeds.feedburner.com/ruanyifeng
[2025-05-25 15:01:12] ✘ 有 1 条订阅头像无法访问, 已使用默认头像:
[2025-05-25 15:01:12] - https://www.loyhome.com/feed
[2025-05-25 16:00:01] 本次订阅抓取结果统计:
[2025-05-25 16:00:01] 共 28 条RSS, 成功抓取 24 条.
[2025-05-25 16:00:01] ✘ 有 4 条订阅解析失败:
[2025-05-25 16:00:01] - https://tcxx.info/feed
[2025-05-25 16:00:01] - http://feeds.kenengba.com/kenengbarss
[2025-05-25 16:00:01] - https://hwv430.blogspot.com/feeds/posts/default
[2025-05-25 16:00:01] - http://feeds.feedburner.com/ruanyifeng
[2025-05-25 16:00:01] ✘ 有 1 条订阅头像无法访问, 已使用默认头像:
[2025-05-25 16:00:01] - https://www.loyhome.com/feed
[2025-05-25 17:00:11] 本次订阅抓取结果统计:
[2025-05-25 17:00:11] 共 28 条RSS, 成功抓取 24 条.
[2025-05-25 17:00:11] ✘ 有 4 条订阅解析失败:
[2025-05-25 17:00:11] - https://tcxx.info/feed
[2025-05-25 17:00:11] - https://hwv430.blogspot.com/feeds/posts/default
[2025-05-25 17:00:11] - http://feeds.kenengba.com/kenengbarss
[2025-05-25 17:00:11] - http://feeds.feedburner.com/ruanyifeng
[2025-05-25 17:00:11] ✘ 有 1 条订阅头像无法访问, 已使用默认头像:
[2025-05-25 17:00:11] - https://www.loyhome.com/feed
[2025-05-25 18:00:24] 本次订阅抓取结果统计:
[2025-05-25 18:00:24] 共 29 条RSS, 成功抓取 25 条.
[2025-05-25 18:00:24] ✘ 有 4 条订阅解析失败:
[2025-05-25 18:00:24] - https://tcxx.info/feed
[2025-05-25 18:00:24] - https://hwv430.blogspot.com/feeds/posts/default
[2025-05-25 18:00:24] - http://feeds.kenengba.com/kenengbarss
[2025-05-25 18:00:24] - http://feeds.feedburner.com/ruanyifeng
[2025-05-25 18:00:24] ✘ 有 1 条订阅头像无法访问, 已使用默认头像:
[2025-05-25 18:00:24] - https://www.loyhome.com/feed
[2025-05-25 19:00:33] 本次订阅抓取结果统计:
[2025-05-25 19:00:33] 共 29 条RSS, 成功抓取 24 条.
[2025-05-25 19:00:33] ✘ 有 5 条订阅解析失败:
[2025-05-25 19:00:33] - https://tcxx.info/feed
[2025-05-25 19:00:33] - https://lingxiankong.github.io/pages/rss.xml
[2025-05-25 19:00:33] - http://feeds.kenengba.com/kenengbarss
[2025-05-25 19:00:33] - https://hwv430.blogspot.com/feeds/posts/default
[2025-05-25 19:00:33] - http://feeds.feedburner.com/ruanyifeng
[2025-05-25 19:00:33] ✘ 有 1 条订阅头像无法访问, 已使用默认头像:
[2025-05-25 19:00:33] - https://www.loyhome.com/feed
