[2025-04-11 01:18:17] 本次订阅抓取结果统计:
[2025-04-11 01:18:17] 共 28 条RSS, 成功抓取 27 条.
[2025-04-11 01:18:17] ✘ 有 1 条订阅解析失败:
[2025-04-11 01:18:17] - https://geekinney.com/index.xml
[2025-04-11 01:18:17] ✘ 有 2 条订阅头像无法访问, 已使用默认头像:
[2025-04-11 01:18:17] - http://feeds.feedburner.com/ruanyifeng
[2025-04-11 01:18:17] - https://www.loyhome.com/feed
[2025-04-11 03:00:22] 本次订阅抓取结果统计:
[2025-04-11 03:00:22] 共 28 条RSS, 成功抓取 27 条.
[2025-04-11 03:00:22] ✘ 有 1 条订阅解析失败:
[2025-04-11 03:00:22] - https://geekinney.com/index.xml
[2025-04-11 03:00:22] ✘ 有 3 条订阅头像无法访问, 已使用默认头像:
[2025-04-11 03:00:22] - http://feeds.feedburner.com/ruanyifeng
[2025-04-11 03:00:22] - https://www.loyhome.com/feed
[2025-04-11 03:00:22] - https://xyzbz.cn/feed
[2025-04-11 03:37:31] 本次订阅抓取结果统计:
[2025-04-11 03:37:31] 共 28 条RSS, 成功抓取 28 条.
[2025-04-11 03:37:31] ✘ 有 2 条订阅头像无法访问, 已使用默认头像:
[2025-04-11 03:37:31] - http://feeds.feedburner.com/ruanyifeng
[2025-04-11 03:37:31] - https://www.loyhome.com/feed
[2025-04-11 04:20:56] 本次订阅抓取结果统计:
[2025-04-11 04:20:56] 共 28 条RSS, 成功抓取 28 条.
[2025-04-11 04:20:56] ✘ 有 2 条订阅头像无法访问, 已使用默认头像:
[2025-04-11 04:20:56] - http://feeds.feedburner.com/ruanyifeng
[2025-04-11 04:20:56] - https://www.loyhome.com/feed
