[2025-09-09 00:04:23] 抓取到的文章与现有数据相同，无需更新。
[2025-09-09 01:29:21] 本次订阅抓取结果统计:
[2025-09-09 01:29:21] 共 59 条RSS, 成功抓取 53 条.
[2025-09-09 01:29:21] ✘ 有 5 条订阅解析失败:
[2025-09-09 01:29:21] - https://tumutanzi.com/feed
[2025-09-09 01:29:21] - https://tcxx.info/feed
[2025-09-09 01:29:21] - https://geekinney.com/index.xml
[2025-09-09 01:29:21] - https://yinwang1.substack.com/feed
[2025-09-09 01:29:21] - https://botanwang.com/rss.xml
[2025-09-09 01:29:21] ✘ 有 1 条订阅为空:
[2025-09-09 01:29:21] - http://feeds.feedburner.com/zhihu-daily
[2025-09-09 01:29:21] ✘ 有 1 条订阅头像字段为空, 已使用默认头像:
[2025-09-09 01:29:21] - https://feed.cnblogs.com/blog/u/66551/rss/
[2025-09-09 01:29:21] ✘ 有 8 条订阅头像无法访问, 已使用默认头像:
[2025-09-09 01:29:21] - https://hwv430.blogspot.com/feeds/posts/default
[2025-09-09 01:29:21] - http://feeds.feedburner.com/ruanyifeng
[2025-09-09 01:29:21] - https://www.loyhome.com/feed
[2025-09-09 01:29:21] - https://a4.zyzhang.com/index.xml
[2025-09-09 01:29:21] - https://skywind.me/blog/feed
[2025-09-09 01:29:21] - https://laike9m.com/blog/rss/
[2025-09-09 01:29:21] - https://www.mrhe.net/feed
[2025-09-09 01:29:21] - https://www.douban.com/feed/review/book
[2025-09-09 02:28:13] 抓取到的文章与现有数据相同，无需更新。
[2025-09-09 03:15:02] 抓取到的文章与现有数据相同，无需更新。
[2025-09-09 04:01:58] 本次订阅抓取结果统计:
[2025-09-09 04:01:58] 共 59 条RSS, 成功抓取 53 条.
[2025-09-09 04:01:58] ✘ 有 5 条订阅解析失败:
[2025-09-09 04:01:58] - https://tumutanzi.com/feed
[2025-09-09 04:01:58] - https://tcxx.info/feed
[2025-09-09 04:01:58] - https://geekinney.com/index.xml
[2025-09-09 04:01:58] - https://yinwang1.substack.com/feed
[2025-09-09 04:01:58] - https://botanwang.com/rss.xml
[2025-09-09 04:01:58] ✘ 有 1 条订阅为空:
[2025-09-09 04:01:58] - http://feeds.feedburner.com/zhihu-daily
[2025-09-09 04:01:58] ✘ 有 1 条订阅头像字段为空, 已使用默认头像:
[2025-09-09 04:01:58] - https://feed.cnblogs.com/blog/u/66551/rss/
[2025-09-09 04:01:58] ✘ 有 8 条订阅头像无法访问, 已使用默认头像:
[2025-09-09 04:01:58] - https://hwv430.blogspot.com/feeds/posts/default
[2025-09-09 04:01:58] - http://feeds.feedburner.com/ruanyifeng
[2025-09-09 04:01:58] - https://www.loyhome.com/feed
[2025-09-09 04:01:58] - https://a4.zyzhang.com/index.xml
[2025-09-09 04:01:58] - https://laike9m.com/blog/rss/
[2025-09-09 04:01:58] - https://skywind.me/blog/feed
[2025-09-09 04:01:58] - https://www.douban.com/feed/review/book
[2025-09-09 04:01:58] - https://www.mrhe.net/feed
[2025-09-09 05:01:48] 抓取到的文章与现有数据相同，无需更新。
[2025-09-09 06:01:45] 本次订阅抓取结果统计:
[2025-09-09 06:01:45] 共 59 条RSS, 成功抓取 52 条.
[2025-09-09 06:01:45] ✘ 有 6 条订阅解析失败:
[2025-09-09 06:01:45] - https://tumutanzi.com/feed
[2025-09-09 06:01:45] - https://tcxx.info/feed
[2025-09-09 06:01:45] - https://geekinney.com/index.xml
[2025-09-09 06:01:45] - https://yinwang1.substack.com/feed
[2025-09-09 06:01:45] - https://rss.utgd.net/feed
[2025-09-09 06:01:45] - https://botanwang.com/rss.xml
[2025-09-09 06:01:45] ✘ 有 1 条订阅为空:
[2025-09-09 06:01:45] - http://feeds.feedburner.com/zhihu-daily
[2025-09-09 06:01:45] ✘ 有 1 条订阅头像字段为空, 已使用默认头像:
[2025-09-09 06:01:45] - https://feed.cnblogs.com/blog/u/66551/rss/
[2025-09-09 06:01:45] ✘ 有 7 条订阅头像无法访问, 已使用默认头像:
[2025-09-09 06:01:45] - http://feeds.feedburner.com/ruanyifeng
[2025-09-09 06:01:45] - https://www.loyhome.com/feed
[2025-09-09 06:01:45] - https://a4.zyzhang.com/index.xml
[2025-09-09 06:01:45] - https://laike9m.com/blog/rss/
[2025-09-09 06:01:45] - https://skywind.me/blog/feed
[2025-09-09 06:01:45] - https://www.douban.com/feed/review/book
[2025-09-09 06:01:45] - https://www.mrhe.net/feed
[2025-09-09 07:02:34] 本次订阅抓取结果统计:
[2025-09-09 07:02:34] 共 59 条RSS, 成功抓取 52 条.
[2025-09-09 07:02:34] ✘ 有 6 条订阅解析失败:
[2025-09-09 07:02:34] - https://tcxx.info/feed
[2025-09-09 07:02:34] - https://tumutanzi.com/feed
[2025-09-09 07:02:34] - https://geekinney.com/index.xml
[2025-09-09 07:02:34] - https://diygod.cc/feed
[2025-09-09 07:02:34] - https://yinwang1.substack.com/feed
[2025-09-09 07:02:34] - https://botanwang.com/rss.xml
[2025-09-09 07:02:34] ✘ 有 1 条订阅为空:
[2025-09-09 07:02:34] - http://feeds.feedburner.com/zhihu-daily
[2025-09-09 07:02:34] ✘ 有 1 条订阅头像字段为空, 已使用默认头像:
[2025-09-09 07:02:34] - https://feed.cnblogs.com/blog/u/66551/rss/
[2025-09-09 07:02:34] ✘ 有 8 条订阅头像无法访问, 已使用默认头像:
[2025-09-09 07:02:34] - https://hwv430.blogspot.com/feeds/posts/default
[2025-09-09 07:02:34] - http://feeds.feedburner.com/ruanyifeng
[2025-09-09 07:02:34] - https://www.loyhome.com/feed
[2025-09-09 07:02:34] - https://a4.zyzhang.com/index.xml
[2025-09-09 07:02:34] - https://laike9m.com/blog/rss/
[2025-09-09 07:02:34] - https://skywind.me/blog/feed
[2025-09-09 07:02:34] - https://www.douban.com/feed/review/book
[2025-09-09 07:02:34] - https://www.mrhe.net/feed
[2025-09-09 08:02:32] 本次订阅抓取结果统计:
[2025-09-09 08:02:32] 共 59 条RSS, 成功抓取 53 条.
[2025-09-09 08:02:32] ✘ 有 5 条订阅解析失败:
[2025-09-09 08:02:32] - https://tcxx.info/feed
[2025-09-09 08:02:32] - https://tumutanzi.com/feed
[2025-09-09 08:02:32] - https://geekinney.com/index.xml
[2025-09-09 08:02:32] - https://yinwang1.substack.com/feed
[2025-09-09 08:02:32] - https://botanwang.com/rss.xml
[2025-09-09 08:02:32] ✘ 有 1 条订阅为空:
[2025-09-09 08:02:32] - http://feeds.feedburner.com/zhihu-daily
[2025-09-09 08:02:32] ✘ 有 1 条订阅头像字段为空, 已使用默认头像:
[2025-09-09 08:02:32] - https://feed.cnblogs.com/blog/u/66551/rss/
[2025-09-09 08:02:32] ✘ 有 7 条订阅头像无法访问, 已使用默认头像:
[2025-09-09 08:02:32] - http://feeds.feedburner.com/ruanyifeng
[2025-09-09 08:02:32] - https://www.loyhome.com/feed
[2025-09-09 08:02:32] - https://a4.zyzhang.com/index.xml
[2025-09-09 08:02:32] - https://laike9m.com/blog/rss/
[2025-09-09 08:02:32] - https://skywind.me/blog/feed
[2025-09-09 08:02:32] - https://www.douban.com/feed/review/book
[2025-09-09 08:02:32] - https://www.mrhe.net/feed
[2025-09-09 09:02:02] 抓取到的文章与现有数据相同，无需更新。
[2025-09-09 10:01:50] 本次订阅抓取结果统计:
[2025-09-09 10:01:50] 共 59 条RSS, 成功抓取 53 条.
[2025-09-09 10:01:50] ✘ 有 5 条订阅解析失败:
[2025-09-09 10:01:50] - https://tcxx.info/feed
[2025-09-09 10:01:50] - https://tumutanzi.com/feed
[2025-09-09 10:01:50] - https://geekinney.com/index.xml
[2025-09-09 10:01:50] - https://yinwang1.substack.com/feed
[2025-09-09 10:01:50] - https://botanwang.com/rss.xml
[2025-09-09 10:01:50] ✘ 有 1 条订阅为空:
[2025-09-09 10:01:50] - http://feeds.feedburner.com/zhihu-daily
[2025-09-09 10:01:50] ✘ 有 1 条订阅头像字段为空, 已使用默认头像:
[2025-09-09 10:01:50] - https://feed.cnblogs.com/blog/u/66551/rss/
[2025-09-09 10:01:50] ✘ 有 7 条订阅头像无法访问, 已使用默认头像:
[2025-09-09 10:01:50] - http://feeds.feedburner.com/ruanyifeng
[2025-09-09 10:01:50] - https://www.loyhome.com/feed
[2025-09-09 10:01:50] - https://a4.zyzhang.com/index.xml
[2025-09-09 10:01:50] - https://laike9m.com/blog/rss/
[2025-09-09 10:01:50] - https://skywind.me/blog/feed
[2025-09-09 10:01:50] - https://www.douban.com/feed/review/book
[2025-09-09 10:01:50] - https://www.mrhe.net/feed
[2025-09-09 11:01:52] 本次订阅抓取结果统计:
[2025-09-09 11:01:52] 共 59 条RSS, 成功抓取 52 条.
[2025-09-09 11:01:52] ✘ 有 6 条订阅解析失败:
[2025-09-09 11:01:52] - https://tcxx.info/feed
[2025-09-09 11:01:52] - https://tumutanzi.com/feed
[2025-09-09 11:01:52] - https://geekinney.com/index.xml
[2025-09-09 11:01:52] - https://yinwang1.substack.com/feed
[2025-09-09 11:01:52] - https://botanwang.com/rss.xml
[2025-09-09 11:01:52] - https://www.douban.com/feed/review/book
[2025-09-09 11:01:52] ✘ 有 1 条订阅为空:
[2025-09-09 11:01:52] - http://feeds.feedburner.com/zhihu-daily
[2025-09-09 11:01:52] ✘ 有 1 条订阅头像字段为空, 已使用默认头像:
[2025-09-09 11:01:52] - https://feed.cnblogs.com/blog/u/66551/rss/
[2025-09-09 11:01:52] ✘ 有 7 条订阅头像无法访问, 已使用默认头像:
[2025-09-09 11:01:52] - https://hwv430.blogspot.com/feeds/posts/default
[2025-09-09 11:01:52] - http://feeds.feedburner.com/ruanyifeng
[2025-09-09 11:01:52] - https://www.loyhome.com/feed
[2025-09-09 11:01:52] - https://a4.zyzhang.com/index.xml
[2025-09-09 11:01:52] - https://skywind.me/blog/feed
[2025-09-09 11:01:52] - https://laike9m.com/blog/rss/
[2025-09-09 11:01:52] - https://www.mrhe.net/feed
[2025-09-09 12:02:22] 本次订阅抓取结果统计:
[2025-09-09 12:02:22] 共 59 条RSS, 成功抓取 53 条.
[2025-09-09 12:02:22] ✘ 有 5 条订阅解析失败:
[2025-09-09 12:02:22] - https://tumutanzi.com/feed
[2025-09-09 12:02:22] - https://tcxx.info/feed
[2025-09-09 12:02:22] - https://geekinney.com/index.xml
[2025-09-09 12:02:22] - https://yinwang1.substack.com/feed
[2025-09-09 12:02:22] - https://botanwang.com/rss.xml
[2025-09-09 12:02:22] ✘ 有 1 条订阅为空:
[2025-09-09 12:02:22] - http://feeds.feedburner.com/zhihu-daily
[2025-09-09 12:02:22] ✘ 有 1 条订阅头像字段为空, 已使用默认头像:
[2025-09-09 12:02:22] - https://feed.cnblogs.com/blog/u/66551/rss/
[2025-09-09 12:02:22] ✘ 有 8 条订阅头像无法访问, 已使用默认头像:
[2025-09-09 12:02:22] - https://hwv430.blogspot.com/feeds/posts/default
[2025-09-09 12:02:22] - http://feeds.feedburner.com/ruanyifeng
[2025-09-09 12:02:22] - https://www.loyhome.com/feed
[2025-09-09 12:02:22] - https://a4.zyzhang.com/index.xml
[2025-09-09 12:02:22] - https://laike9m.com/blog/rss/
[2025-09-09 12:02:22] - https://skywind.me/blog/feed
[2025-09-09 12:02:22] - https://www.douban.com/feed/review/book
[2025-09-09 12:02:22] - https://www.mrhe.net/feed
[2025-09-09 13:10:35] 抓取到的文章与现有数据相同，无需更新。
[2025-09-09 14:01:49] 抓取到的文章与现有数据相同，无需更新。
[2025-09-09 15:01:50] 本次订阅抓取结果统计:
[2025-09-09 15:01:50] 共 59 条RSS, 成功抓取 52 条.
[2025-09-09 15:01:50] ✘ 有 6 条订阅解析失败:
[2025-09-09 15:01:50] - https://tcxx.info/feed
[2025-09-09 15:01:50] - https://tumutanzi.com/feed
[2025-09-09 15:01:50] - https://geekinney.com/index.xml
[2025-09-09 15:01:50] - https://diygod.cc/feed
[2025-09-09 15:01:50] - https://yinwang1.substack.com/feed
[2025-09-09 15:01:50] - https://botanwang.com/rss.xml
[2025-09-09 15:01:50] ✘ 有 1 条订阅为空:
[2025-09-09 15:01:50] - http://feeds.feedburner.com/zhihu-daily
[2025-09-09 15:01:50] ✘ 有 1 条订阅头像字段为空, 已使用默认头像:
[2025-09-09 15:01:50] - https://feed.cnblogs.com/blog/u/66551/rss/
[2025-09-09 15:01:50] ✘ 有 9 条订阅头像无法访问, 已使用默认头像:
[2025-09-09 15:01:50] - https://hwv430.blogspot.com/feeds/posts/default
[2025-09-09 15:01:50] - https://www.loyhome.com/feed
[2025-09-09 15:01:50] - http://feeds.feedburner.com/ruanyifeng
[2025-09-09 15:01:50] - https://a4.zyzhang.com/index.xml
[2025-09-09 15:01:50] - https://xyzbz.cn/feed
[2025-09-09 15:01:50] - https://laike9m.com/blog/rss/
[2025-09-09 15:01:50] - https://skywind.me/blog/feed
[2025-09-09 15:01:50] - https://www.mrhe.net/feed
[2025-09-09 15:01:50] - https://www.douban.com/feed/review/book
[2025-09-09 16:01:54] 本次订阅抓取结果统计:
[2025-09-09 16:01:54] 共 59 条RSS, 成功抓取 52 条.
[2025-09-09 16:01:54] ✘ 有 6 条订阅解析失败:
[2025-09-09 16:01:54] - https://tumutanzi.com/feed
[2025-09-09 16:01:54] - https://tcxx.info/feed
[2025-09-09 16:01:54] - https://geekinney.com/index.xml
[2025-09-09 16:01:54] - https://diygod.cc/feed
[2025-09-09 16:01:54] - https://yinwang1.substack.com/feed
[2025-09-09 16:01:54] - https://botanwang.com/rss.xml
[2025-09-09 16:01:54] ✘ 有 1 条订阅为空:
[2025-09-09 16:01:54] - http://feeds.feedburner.com/zhihu-daily
[2025-09-09 16:01:54] ✘ 有 1 条订阅头像字段为空, 已使用默认头像:
[2025-09-09 16:01:54] - https://feed.cnblogs.com/blog/u/66551/rss/
[2025-09-09 16:01:54] ✘ 有 8 条订阅头像无法访问, 已使用默认头像:
[2025-09-09 16:01:54] - https://hwv430.blogspot.com/feeds/posts/default
[2025-09-09 16:01:54] - https://www.loyhome.com/feed
[2025-09-09 16:01:54] - http://feeds.feedburner.com/ruanyifeng
[2025-09-09 16:01:54] - https://a4.zyzhang.com/index.xml
[2025-09-09 16:01:54] - https://laike9m.com/blog/rss/
[2025-09-09 16:01:54] - https://skywind.me/blog/feed
[2025-09-09 16:01:54] - https://www.douban.com/feed/review/book
[2025-09-09 16:01:54] - https://www.mrhe.net/feed
