[2025-05-16 01:22:34] 本次订阅抓取结果统计:
[2025-05-16 01:22:34] 共 28 条RSS, 成功抓取 27 条.
[2025-05-16 01:22:34] ✘ 有 1 条订阅解析失败:
[2025-05-16 01:22:34] - https://tcxx.info/feed
[2025-05-16 01:22:34] ✘ 有 2 条订阅头像无法访问, 已使用默认头像:
[2025-05-16 01:22:34] - http://feeds.feedburner.com/ruanyifeng
[2025-05-16 01:22:34] - https://www.loyhome.com/feed
[2025-05-16 03:11:02] 本次订阅抓取结果统计:
[2025-05-16 03:11:02] 共 28 条RSS, 成功抓取 27 条.
[2025-05-16 03:11:02] ✘ 有 1 条订阅解析失败:
[2025-05-16 03:11:02] - https://tcxx.info/feed
[2025-05-16 03:11:02] ✘ 有 2 条订阅头像无法访问, 已使用默认头像:
[2025-05-16 03:11:02] - http://feeds.feedburner.com/ruanyifeng
[2025-05-16 03:11:02] - https://www.loyhome.com/feed
[2025-05-16 04:21:49] 本次订阅抓取结果统计:
[2025-05-16 04:21:49] 共 28 条RSS, 成功抓取 27 条.
[2025-05-16 04:21:49] ✘ 有 1 条订阅解析失败:
[2025-05-16 04:21:49] - https://tcxx.info/feed
[2025-05-16 04:21:49] ✘ 有 2 条订阅头像无法访问, 已使用默认头像:
[2025-05-16 04:21:49] - http://feeds.feedburner.com/ruanyifeng
[2025-05-16 04:21:49] - https://www.loyhome.com/feed
[2025-05-16 05:18:20] 本次订阅抓取结果统计:
[2025-05-16 05:18:20] 共 28 条RSS, 成功抓取 27 条.
[2025-05-16 05:18:20] ✘ 有 1 条订阅解析失败:
[2025-05-16 05:18:20] - https://tcxx.info/feed
[2025-05-16 05:18:20] ✘ 有 2 条订阅头像无法访问, 已使用默认头像:
[2025-05-16 05:18:20] - http://feeds.feedburner.com/ruanyifeng
[2025-05-16 05:18:20] - https://www.loyhome.com/feed
[2025-05-16 06:25:49] 本次订阅抓取结果统计:
[2025-05-16 06:25:49] 共 28 条RSS, 成功抓取 27 条.
[2025-05-16 06:25:49] ✘ 有 1 条订阅解析失败:
[2025-05-16 06:25:49] - https://tcxx.info/feed
[2025-05-16 06:25:49] ✘ 有 3 条订阅头像无法访问, 已使用默认头像:
[2025-05-16 06:25:49] - http://feeds.feedburner.com/ruanyifeng
[2025-05-16 06:25:49] - https://www.loyhome.com/feed
[2025-05-16 06:25:49] - https://yihui.org/index.xml
