[2025-11-13 00:04:44] 本次订阅抓取结果统计:
[2025-11-13 00:04:44] 共 63 条RSS, 成功抓取 53 条.
[2025-11-13 00:04:44] ✘ 有 9 条订阅解析失败:
[2025-11-13 00:04:44] - https://tcxx.info/feed
[2025-11-13 00:04:44] - https://tumutanzi.com/feed
[2025-11-13 00:04:44] - https://geekinney.com/index.xml
[2025-11-13 00:04:44] - https://blog.twofei.com/rss
[2025-11-13 00:04:44] - https://suus.me/index.xml
[2025-11-13 00:04:44] - https://yinwang1.substack.com/feed
[2025-11-13 00:04:44] - https://botanwang.com/rss.xml
[2025-11-13 00:04:44] - https://www.luzhaojun.com/feed
[2025-11-13 00:04:44] - https://leixus.cn/index.php/feed/
[2025-11-13 00:04:44] ✘ 有 1 条订阅为空:
[2025-11-13 00:04:44] - http://feeds.feedburner.com/zhihu-daily
[2025-11-13 00:04:44] ✘ 有 1 条订阅头像字段为空, 已使用默认头像:
[2025-11-13 00:04:44] - https://feed.cnblogs.com/blog/u/66551/rss/
[2025-11-13 00:04:44] ✘ 有 3 条订阅头像无法访问, 已使用默认头像:
[2025-11-13 00:04:44] - http://feeds.feedburner.com/ruanyifeng
[2025-11-13 00:04:44] - https://skywind.me/blog/feed
[2025-11-13 00:04:44] - https://www.douban.com/feed/review/book
[2025-11-13 01:29:48] 本次订阅抓取结果统计:
[2025-11-13 01:29:48] 共 63 条RSS, 成功抓取 55 条.
[2025-11-13 01:29:48] ✘ 有 7 条订阅解析失败:
[2025-11-13 01:29:48] - https://tcxx.info/feed
[2025-11-13 01:29:48] - https://tumutanzi.com/feed
[2025-11-13 01:29:48] - https://geekinney.com/index.xml
[2025-11-13 01:29:48] - https://blog.twofei.com/rss
[2025-11-13 01:29:48] - https://suus.me/index.xml
[2025-11-13 01:29:48] - https://yinwang1.substack.com/feed
[2025-11-13 01:29:48] - https://botanwang.com/rss.xml
[2025-11-13 01:29:48] ✘ 有 1 条订阅为空:
[2025-11-13 01:29:48] - http://feeds.feedburner.com/zhihu-daily
[2025-11-13 01:29:48] ✘ 有 1 条订阅头像字段为空, 已使用默认头像:
[2025-11-13 01:29:48] - https://feed.cnblogs.com/blog/u/66551/rss/
[2025-11-13 01:29:48] ✘ 有 3 条订阅头像无法访问, 已使用默认头像:
[2025-11-13 01:29:48] - http://feeds.feedburner.com/ruanyifeng
[2025-11-13 01:29:48] - https://skywind.me/blog/feed
[2025-11-13 01:29:48] - https://www.douban.com/feed/review/book
[2025-11-13 02:31:08] 抓取到的文章与现有数据相同，无需更新。
[2025-11-13 03:22:38] 抓取到的文章与现有数据相同，无需更新。
[2025-11-13 04:04:58] 抓取到的文章与现有数据相同，无需更新。
[2025-11-13 05:02:05] 抓取到的文章与现有数据相同，无需更新。
[2025-11-13 06:01:50] 本次订阅抓取结果统计:
[2025-11-13 06:01:50] 共 63 条RSS, 成功抓取 54 条.
[2025-11-13 06:01:50] ✘ 有 8 条订阅解析失败:
[2025-11-13 06:01:50] - https://tcxx.info/feed
[2025-11-13 06:01:50] - https://tumutanzi.com/feed
[2025-11-13 06:01:50] - https://blog.twofei.com/rss
[2025-11-13 06:01:50] - https://suus.me/index.xml
[2025-11-13 06:01:50] - https://geekinney.com/index.xml
[2025-11-13 06:01:50] - https://yinwang1.substack.com/feed
[2025-11-13 06:01:50] - https://botanwang.com/rss.xml
[2025-11-13 06:01:50] - https://www.douban.com/feed/review/book
[2025-11-13 06:01:50] ✘ 有 1 条订阅为空:
[2025-11-13 06:01:50] - http://feeds.feedburner.com/zhihu-daily
[2025-11-13 06:01:50] ✘ 有 1 条订阅头像字段为空, 已使用默认头像:
[2025-11-13 06:01:50] - https://feed.cnblogs.com/blog/u/66551/rss/
[2025-11-13 06:01:50] ✘ 有 2 条订阅头像无法访问, 已使用默认头像:
[2025-11-13 06:01:50] - http://feeds.feedburner.com/ruanyifeng
[2025-11-13 06:01:50] - https://skywind.me/blog/feed
[2025-11-13 07:02:45] 本次订阅抓取结果统计:
[2025-11-13 07:02:45] 共 63 条RSS, 成功抓取 54 条.
[2025-11-13 07:02:45] ✘ 有 8 条订阅解析失败:
[2025-11-13 07:02:45] - https://tcxx.info/feed
[2025-11-13 07:02:45] - https://tumutanzi.com/feed
[2025-11-13 07:02:45] - https://geekinney.com/index.xml
[2025-11-13 07:02:45] - https://blog.twofei.com/rss
[2025-11-13 07:02:45] - https://suus.me/index.xml
[2025-11-13 07:02:45] - https://yinwang1.substack.com/feed
[2025-11-13 07:02:45] - https://botanwang.com/rss.xml
[2025-11-13 07:02:45] - http://www.auiou.com/feed/
[2025-11-13 07:02:45] ✘ 有 1 条订阅为空:
[2025-11-13 07:02:45] - http://feeds.feedburner.com/zhihu-daily
[2025-11-13 07:02:45] ✘ 有 1 条订阅头像字段为空, 已使用默认头像:
[2025-11-13 07:02:45] - https://feed.cnblogs.com/blog/u/66551/rss/
[2025-11-13 07:02:45] ✘ 有 3 条订阅头像无法访问, 已使用默认头像:
[2025-11-13 07:02:45] - http://feeds.feedburner.com/ruanyifeng
[2025-11-13 07:02:45] - https://skywind.me/blog/feed
[2025-11-13 07:02:45] - https://www.douban.com/feed/review/book
[2025-11-13 08:03:15] 本次订阅抓取结果统计:
[2025-11-13 08:03:15] 共 63 条RSS, 成功抓取 53 条.
[2025-11-13 08:03:15] ✘ 有 9 条订阅解析失败:
[2025-11-13 08:03:15] - https://tcxx.info/feed
[2025-11-13 08:03:15] - https://tumutanzi.com/feed
[2025-11-13 08:03:15] - https://geekinney.com/index.xml
[2025-11-13 08:03:15] - https://blog.twofei.com/rss
[2025-11-13 08:03:15] - https://suus.me/index.xml
[2025-11-13 08:03:15] - https://yinwang1.substack.com/feed
[2025-11-13 08:03:15] - https://www.douban.com/feed/review/book
[2025-11-13 08:03:15] - https://botanwang.com/rss.xml
[2025-11-13 08:03:15] - https://freemind.pluskid.org/rss.xml
[2025-11-13 08:03:15] ✘ 有 1 条订阅为空:
[2025-11-13 08:03:15] - http://feeds.feedburner.com/zhihu-daily
[2025-11-13 08:03:15] ✘ 有 1 条订阅头像字段为空, 已使用默认头像:
[2025-11-13 08:03:15] - https://feed.cnblogs.com/blog/u/66551/rss/
[2025-11-13 08:03:15] ✘ 有 2 条订阅头像无法访问, 已使用默认头像:
[2025-11-13 08:03:15] - http://feeds.feedburner.com/ruanyifeng
[2025-11-13 08:03:15] - https://skywind.me/blog/feed
[2025-11-13 09:02:01] 本次订阅抓取结果统计:
[2025-11-13 09:02:01] 共 63 条RSS, 成功抓取 55 条.
[2025-11-13 09:02:01] ✘ 有 7 条订阅解析失败:
[2025-11-13 09:02:01] - https://tcxx.info/feed
[2025-11-13 09:02:01] - https://tumutanzi.com/feed
[2025-11-13 09:02:01] - https://blog.twofei.com/rss
[2025-11-13 09:02:01] - https://geekinney.com/index.xml
[2025-11-13 09:02:01] - https://suus.me/index.xml
[2025-11-13 09:02:01] - https://yinwang1.substack.com/feed
[2025-11-13 09:02:01] - https://botanwang.com/rss.xml
[2025-11-13 09:02:01] ✘ 有 1 条订阅为空:
[2025-11-13 09:02:01] - http://feeds.feedburner.com/zhihu-daily
[2025-11-13 09:02:01] ✘ 有 1 条订阅头像字段为空, 已使用默认头像:
[2025-11-13 09:02:01] - https://feed.cnblogs.com/blog/u/66551/rss/
[2025-11-13 09:02:01] ✘ 有 3 条订阅头像无法访问, 已使用默认头像:
[2025-11-13 09:02:01] - http://feeds.feedburner.com/ruanyifeng
[2025-11-13 09:02:01] - https://skywind.me/blog/feed
[2025-11-13 09:02:01] - https://www.douban.com/feed/review/book
[2025-11-13 10:02:09] 抓取到的文章与现有数据相同，无需更新。
[2025-11-13 11:01:48] 本次订阅抓取结果统计:
[2025-11-13 11:01:48] 共 63 条RSS, 成功抓取 54 条.
[2025-11-13 11:01:48] ✘ 有 7 条订阅解析失败:
[2025-11-13 11:01:48] - https://tcxx.info/feed
[2025-11-13 11:01:48] - https://tumutanzi.com/feed
[2025-11-13 11:01:48] - https://geekinney.com/index.xml
[2025-11-13 11:01:48] - https://blog.twofei.com/rss
[2025-11-13 11:01:48] - https://suus.me/index.xml
[2025-11-13 11:01:48] - https://yinwang1.substack.com/feed
[2025-11-13 11:01:48] - https://botanwang.com/rss.xml
[2025-11-13 11:01:48] ✘ 有 2 条订阅为空:
[2025-11-13 11:01:48] - https://diygod.cc/feed
[2025-11-13 11:01:48] - http://feeds.feedburner.com/zhihu-daily
[2025-11-13 11:01:48] ✘ 有 1 条订阅头像字段为空, 已使用默认头像:
[2025-11-13 11:01:48] - https://feed.cnblogs.com/blog/u/66551/rss/
[2025-11-13 11:01:48] ✘ 有 3 条订阅头像无法访问, 已使用默认头像:
[2025-11-13 11:01:48] - http://feeds.feedburner.com/ruanyifeng
[2025-11-13 11:01:48] - https://skywind.me/blog/feed
[2025-11-13 11:01:48] - https://www.douban.com/feed/review/book
[2025-11-13 12:02:25] 本次订阅抓取结果统计:
[2025-11-13 12:02:25] 共 63 条RSS, 成功抓取 55 条.
[2025-11-13 12:02:25] ✘ 有 7 条订阅解析失败:
[2025-11-13 12:02:25] - https://tcxx.info/feed
[2025-11-13 12:02:25] - https://tumutanzi.com/feed
[2025-11-13 12:02:25] - https://blog.twofei.com/rss
[2025-11-13 12:02:25] - https://suus.me/index.xml
[2025-11-13 12:02:25] - https://geekinney.com/index.xml
[2025-11-13 12:02:25] - https://yinwang1.substack.com/feed
[2025-11-13 12:02:25] - https://botanwang.com/rss.xml
[2025-11-13 12:02:25] ✘ 有 1 条订阅为空:
[2025-11-13 12:02:25] - http://feeds.feedburner.com/zhihu-daily
[2025-11-13 12:02:25] ✘ 有 1 条订阅头像字段为空, 已使用默认头像:
[2025-11-13 12:02:25] - https://feed.cnblogs.com/blog/u/66551/rss/
[2025-11-13 12:02:25] ✘ 有 3 条订阅头像无法访问, 已使用默认头像:
[2025-11-13 12:02:25] - http://feeds.feedburner.com/ruanyifeng
[2025-11-13 12:02:25] - https://skywind.me/blog/feed
[2025-11-13 12:02:25] - https://www.douban.com/feed/review/book
[2025-11-13 13:11:53] 抓取到的文章与现有数据相同，无需更新。
[2025-11-13 14:02:02] [WARN] 加载头像映射失败: failed to fetch avatar map: Get "https://cos.lhasa.icu/lhasaRSS/avatar.json": context deadline exceeded (Client.Timeout exceeded while awaiting headers)
[2025-11-13 14:03:11] 本次订阅抓取结果统计:
[2025-11-13 14:03:11] 共 63 条RSS, 成功抓取 51 条.
[2025-11-13 14:03:11] ✘ 有 11 条订阅解析失败:
[2025-11-13 14:03:11] - https://tcxx.info/feed
[2025-11-13 14:03:11] - https://tumutanzi.com/feed
[2025-11-13 14:03:11] - https://geekinney.com/index.xml
[2025-11-13 14:03:11] - https://blog.twofei.com/rss
[2025-11-13 14:03:11] - https://suus.me/index.xml
[2025-11-13 14:03:11] - https://yinwang1.substack.com/feed
[2025-11-13 14:03:11] - https://botanwang.com/rss.xml
[2025-11-13 14:03:11] - https://xyzbz.cn/feed
[2025-11-13 14:03:11] - https://oba.by/feed
[2025-11-13 14:03:11] - https://www.douban.com/feed/review/book
[2025-11-13 14:03:11] - https://www.laomuzhu.cn/feed/
[2025-11-13 14:03:11] ✘ 有 1 条订阅为空:
[2025-11-13 14:03:11] - http://feeds.feedburner.com/zhihu-daily
[2025-11-13 14:03:11] ✘ 有 1 条订阅头像字段为空, 已使用默认头像:
[2025-11-13 14:03:11] - https://feed.cnblogs.com/blog/u/66551/rss/
[2025-11-13 14:03:11] ✘ 有 7 条订阅头像无法访问, 已使用默认头像:
[2025-11-13 14:03:11] - http://feeds.feedburner.com/ruanyifeng
[2025-11-13 14:03:11] - https://www.loyhome.com/feed
[2025-11-13 14:03:11] - https://a4.zyzhang.com/index.xml
[2025-11-13 14:03:11] - https://skywind.me/blog/feed
[2025-11-13 14:03:11] - https://laike9m.com/blog/rss/
[2025-11-13 14:03:11] - https://www.mrhe.net/feed
[2025-11-13 14:03:11] - https://lenciel.com/feed.xml
[2025-11-13 15:02:49] 本次订阅抓取结果统计:
[2025-11-13 15:02:49] 共 63 条RSS, 成功抓取 54 条.
[2025-11-13 15:02:49] ✘ 有 8 条订阅解析失败:
[2025-11-13 15:02:49] - https://tcxx.info/feed
[2025-11-13 15:02:49] - https://tumutanzi.com/feed
[2025-11-13 15:02:49] - https://geekinney.com/index.xml
[2025-11-13 15:02:49] - https://blog.twofei.com/rss
[2025-11-13 15:02:49] - https://suus.me/index.xml
[2025-11-13 15:02:49] - https://yinwang1.substack.com/feed
[2025-11-13 15:02:49] - https://botanwang.com/rss.xml
[2025-11-13 15:02:49] - http://www.auiou.com/feed/
[2025-11-13 15:02:49] ✘ 有 1 条订阅为空:
[2025-11-13 15:02:49] - http://feeds.feedburner.com/zhihu-daily
[2025-11-13 15:02:49] ✘ 有 1 条订阅头像字段为空, 已使用默认头像:
[2025-11-13 15:02:49] - https://feed.cnblogs.com/blog/u/66551/rss/
[2025-11-13 15:02:49] ✘ 有 3 条订阅头像无法访问, 已使用默认头像:
[2025-11-13 15:02:49] - http://feeds.feedburner.com/ruanyifeng
[2025-11-13 15:02:49] - https://skywind.me/blog/feed
[2025-11-13 15:02:49] - https://www.douban.com/feed/review/book
[2025-11-13 16:02:14] 本次订阅抓取结果统计:
[2025-11-13 16:02:14] 共 63 条RSS, 成功抓取 55 条.
[2025-11-13 16:02:14] ✘ 有 7 条订阅解析失败:
[2025-11-13 16:02:14] - https://tcxx.info/feed
[2025-11-13 16:02:14] - https://tumutanzi.com/feed
[2025-11-13 16:02:14] - https://blog.twofei.com/rss
[2025-11-13 16:02:14] - https://suus.me/index.xml
[2025-11-13 16:02:14] - https://geekinney.com/index.xml
[2025-11-13 16:02:14] - https://yinwang1.substack.com/feed
[2025-11-13 16:02:14] - https://botanwang.com/rss.xml
[2025-11-13 16:02:14] ✘ 有 1 条订阅为空:
[2025-11-13 16:02:14] - http://feeds.feedburner.com/zhihu-daily
[2025-11-13 16:02:14] ✘ 有 1 条订阅头像字段为空, 已使用默认头像:
[2025-11-13 16:02:14] - https://feed.cnblogs.com/blog/u/66551/rss/
[2025-11-13 16:02:14] ✘ 有 3 条订阅头像无法访问, 已使用默认头像:
[2025-11-13 16:02:14] - http://feeds.feedburner.com/ruanyifeng
[2025-11-13 16:02:14] - https://skywind.me/blog/feed
[2025-11-13 16:02:14] - https://www.douban.com/feed/review/book
[2025-11-13 17:02:52] 抓取到的文章与现有数据相同，无需更新。
[2025-11-13 18:01:59] 本次订阅抓取结果统计:
[2025-11-13 18:01:59] 共 63 条RSS, 成功抓取 54 条.
[2025-11-13 18:01:59] ✘ 有 8 条订阅解析失败:
[2025-11-13 18:01:59] - https://tumutanzi.com/feed
[2025-11-13 18:01:59] - https://tcxx.info/feed
[2025-11-13 18:01:59] - https://geekinney.com/index.xml
[2025-11-13 18:01:59] - https://blog.twofei.com/rss
[2025-11-13 18:01:59] - https://suus.me/index.xml
[2025-11-13 18:01:59] - https://yinwang1.substack.com/feed
[2025-11-13 18:01:59] - https://botanwang.com/rss.xml
[2025-11-13 18:01:59] - https://www.douban.com/feed/review/book
[2025-11-13 18:01:59] ✘ 有 1 条订阅为空:
[2025-11-13 18:01:59] - http://feeds.feedburner.com/zhihu-daily
[2025-11-13 18:01:59] ✘ 有 1 条订阅头像字段为空, 已使用默认头像:
[2025-11-13 18:01:59] - https://feed.cnblogs.com/blog/u/66551/rss/
[2025-11-13 18:01:59] ✘ 有 2 条订阅头像无法访问, 已使用默认头像:
[2025-11-13 18:01:59] - http://feeds.feedburner.com/ruanyifeng
[2025-11-13 18:01:59] - https://skywind.me/blog/feed
[2025-11-13 19:02:47] 本次订阅抓取结果统计:
[2025-11-13 19:02:47] 共 63 条RSS, 成功抓取 54 条.
[2025-11-13 19:02:47] ✘ 有 8 条订阅解析失败:
[2025-11-13 19:02:47] - https://tumutanzi.com/feed
[2025-11-13 19:02:47] - https://tcxx.info/feed
[2025-11-13 19:02:47] - https://suus.me/index.xml
[2025-11-13 19:02:47] - https://blog.twofei.com/rss
[2025-11-13 19:02:47] - https://geekinney.com/index.xml
[2025-11-13 19:02:47] - https://yinwang1.substack.com/feed
[2025-11-13 19:02:47] - https://botanwang.com/rss.xml
[2025-11-13 19:02:47] - http://www.auiou.com/feed/
[2025-11-13 19:02:47] ✘ 有 1 条订阅为空:
[2025-11-13 19:02:47] - http://feeds.feedburner.com/zhihu-daily
[2025-11-13 19:02:47] ✘ 有 1 条订阅头像字段为空, 已使用默认头像:
[2025-11-13 19:02:47] - https://feed.cnblogs.com/blog/u/66551/rss/
[2025-11-13 19:02:47] ✘ 有 3 条订阅头像无法访问, 已使用默认头像:
[2025-11-13 19:02:47] - http://feeds.feedburner.com/ruanyifeng
[2025-11-13 19:02:47] - https://skywind.me/blog/feed
[2025-11-13 19:02:47] - https://www.douban.com/feed/review/book
