[2025-12-01 00:05:49] 抓取到的文章与现有数据相同，无需更新。
[2025-12-01 01:30:32] 本次订阅抓取结果统计:
[2025-12-01 01:30:32] 共 31 条RSS, 成功抓取 28 条.
[2025-12-01 01:30:32] ✘ 有 3 条订阅解析失败:
[2025-12-01 01:30:32] - https://tumutanzi.com/feed
[2025-12-01 01:30:32] - https://geekinney.com/index.xml
[2025-12-01 01:30:32] - https://suus.me/atom.xml
[2025-12-01 02:44:29] 本次订阅抓取结果统计:
[2025-12-01 02:44:29] 共 31 条RSS, 成功抓取 27 条.
[2025-12-01 02:44:29] ✘ 有 4 条订阅解析失败:
[2025-12-01 02:44:29] - https://tumutanzi.com/feed
[2025-12-01 02:44:29] - https://suus.me/atom.xml
[2025-12-01 02:44:29] - https://geekinney.com/index.xml
[2025-12-01 02:44:29] - https://diygod.cc/feed
[2025-12-01 03:32:22] 本次订阅抓取结果统计:
[2025-12-01 03:32:22] 共 31 条RSS, 成功抓取 27 条.
[2025-12-01 03:32:22] ✘ 有 4 条订阅解析失败:
[2025-12-01 03:32:22] - https://tumutanzi.com/feed
[2025-12-01 03:32:22] - https://geekinney.com/index.xml
[2025-12-01 03:32:22] - https://suus.me/atom.xml
[2025-12-01 03:32:22] - https://diygod.cc/feed
[2025-12-01 04:20:41] [WARN] 加载头像映射失败: failed to fetch avatar map: Get "https://cos.lhasa.icu/lhasaRSS/avatar.json": context deadline exceeded (Client.Timeout exceeded while awaiting headers)
