[2025-05-12 01:24:20] 本次订阅抓取结果统计:
[2025-05-12 01:24:20] 共 28 条RSS, 成功抓取 27 条.
[2025-05-12 01:24:20] ✘ 有 1 条订阅解析失败:
[2025-05-12 01:24:20] - https://tcxx.info/feed
[2025-05-12 01:24:20] ✘ 有 2 条订阅头像无法访问, 已使用默认头像:
[2025-05-12 01:24:20] - http://feeds.feedburner.com/ruanyifeng
[2025-05-12 01:24:20] - https://www.loyhome.com/feed
[2025-05-12 03:12:44] 本次订阅抓取结果统计:
[2025-05-12 03:12:44] 共 28 条RSS, 成功抓取 27 条.
[2025-05-12 03:12:44] ✘ 有 1 条订阅解析失败:
[2025-05-12 03:12:44] - https://tcxx.info/feed
[2025-05-12 03:12:44] ✘ 有 2 条订阅头像无法访问, 已使用默认头像:
[2025-05-12 03:12:44] - https://www.loyhome.com/feed
[2025-05-12 03:12:44] - http://feeds.feedburner.com/ruanyifeng
[2025-05-12 04:23:35] 本次订阅抓取结果统计:
[2025-05-12 04:23:35] 共 28 条RSS, 成功抓取 27 条.
[2025-05-12 04:23:35] ✘ 有 1 条订阅解析失败:
[2025-05-12 04:23:35] - https://tcxx.info/feed
[2025-05-12 04:23:35] ✘ 有 2 条订阅头像无法访问, 已使用默认头像:
[2025-05-12 04:23:35] - http://feeds.feedburner.com/ruanyifeng
[2025-05-12 04:23:35] - https://www.loyhome.com/feed
[2025-05-12 05:18:29] 本次订阅抓取结果统计:
[2025-05-12 05:18:29] 共 28 条RSS, 成功抓取 27 条.
[2025-05-12 05:18:29] ✘ 有 1 条订阅解析失败:
[2025-05-12 05:18:29] - https://tcxx.info/feed
[2025-05-12 05:18:29] ✘ 有 2 条订阅头像无法访问, 已使用默认头像:
[2025-05-12 05:18:29] - http://feeds.feedburner.com/ruanyifeng
[2025-05-12 05:18:29] - https://www.loyhome.com/feed
[2025-05-12 06:26:51] 本次订阅抓取结果统计:
[2025-05-12 06:26:51] 共 28 条RSS, 成功抓取 27 条.
[2025-05-12 06:26:51] ✘ 有 1 条订阅解析失败:
[2025-05-12 06:26:51] - https://tcxx.info/feed
[2025-05-12 06:26:51] ✘ 有 2 条订阅头像无法访问, 已使用默认头像:
[2025-05-12 06:26:51] - https://www.loyhome.com/feed
[2025-05-12 06:26:51] - http://feeds.feedburner.com/ruanyifeng
[2025-05-12 07:18:06] 本次订阅抓取结果统计:
[2025-05-12 07:18:06] 共 28 条RSS, 成功抓取 27 条.
[2025-05-12 07:18:06] ✘ 有 1 条订阅解析失败:
[2025-05-12 07:18:06] - https://tcxx.info/feed
[2025-05-12 07:18:06] ✘ 有 2 条订阅头像无法访问, 已使用默认头像:
[2025-05-12 07:18:06] - https://www.loyhome.com/feed
[2025-05-12 07:18:06] - http://feeds.feedburner.com/ruanyifeng
[2025-05-12 08:24:31] 本次订阅抓取结果统计:
[2025-05-12 08:24:31] 共 28 条RSS, 成功抓取 27 条.
[2025-05-12 08:24:31] ✘ 有 1 条订阅解析失败:
[2025-05-12 08:24:31] - https://tcxx.info/feed
[2025-05-12 08:24:31] ✘ 有 2 条订阅头像无法访问, 已使用默认头像:
[2025-05-12 08:24:31] - http://feeds.feedburner.com/ruanyifeng
[2025-05-12 08:24:31] - https://www.loyhome.com/feed
[2025-05-12 09:20:27] 本次订阅抓取结果统计:
[2025-05-12 09:20:27] 共 28 条RSS, 成功抓取 27 条.
[2025-05-12 09:20:27] ✘ 有 1 条订阅解析失败:
[2025-05-12 09:20:27] - https://tcxx.info/feed
[2025-05-12 09:20:27] ✘ 有 2 条订阅头像无法访问, 已使用默认头像:
[2025-05-12 09:20:27] - https://www.loyhome.com/feed
[2025-05-12 09:20:27] - http://feeds.feedburner.com/ruanyifeng
[2025-05-12 10:20:32] 本次订阅抓取结果统计:
[2025-05-12 10:20:32] 共 28 条RSS, 成功抓取 27 条.
[2025-05-12 10:20:32] ✘ 有 1 条订阅解析失败:
[2025-05-12 10:20:32] - https://tcxx.info/feed
[2025-05-12 10:20:32] ✘ 有 3 条订阅头像无法访问, 已使用默认头像:
[2025-05-12 10:20:32] - https://www.loyhome.com/feed
[2025-05-12 10:20:32] - http://feeds.feedburner.com/ruanyifeng
[2025-05-12 10:20:32] - https://blog.zhheo.com/rss.xml
[2025-05-12 11:15:31] 本次订阅抓取结果统计:
[2025-05-12 11:15:31] 共 28 条RSS, 成功抓取 27 条.
[2025-05-12 11:15:31] ✘ 有 1 条订阅解析失败:
[2025-05-12 11:15:31] - https://tcxx.info/feed
[2025-05-12 11:15:31] ✘ 有 2 条订阅头像无法访问, 已使用默认头像:
[2025-05-12 11:15:31] - https://www.loyhome.com/feed
[2025-05-12 11:15:31] - http://feeds.feedburner.com/ruanyifeng
[2025-05-12 12:36:33] 本次订阅抓取结果统计:
[2025-05-12 12:36:33] 共 28 条RSS, 成功抓取 27 条.
[2025-05-12 12:36:33] ✘ 有 1 条订阅解析失败:
[2025-05-12 12:36:33] - https://tcxx.info/feed
[2025-05-12 12:36:33] ✘ 有 2 条订阅头像无法访问, 已使用默认头像:
[2025-05-12 12:36:33] - http://feeds.feedburner.com/ruanyifeng
[2025-05-12 12:36:33] - https://www.loyhome.com/feed
[2025-05-12 13:30:19] 本次订阅抓取结果统计:
[2025-05-12 13:30:19] 共 28 条RSS, 成功抓取 27 条.
[2025-05-12 13:30:19] ✘ 有 1 条订阅解析失败:
[2025-05-12 13:30:19] - https://tcxx.info/feed
[2025-05-12 13:30:19] ✘ 有 2 条订阅头像无法访问, 已使用默认头像:
[2025-05-12 13:30:19] - http://feeds.feedburner.com/ruanyifeng
[2025-05-12 13:30:19] - https://www.loyhome.com/feed
[2025-05-12 14:18:30] 本次订阅抓取结果统计:
[2025-05-12 14:18:30] 共 28 条RSS, 成功抓取 27 条.
[2025-05-12 14:18:30] ✘ 有 1 条订阅解析失败:
[2025-05-12 14:18:30] - https://tcxx.info/feed
[2025-05-12 14:18:30] ✘ 有 2 条订阅头像无法访问, 已使用默认头像:
[2025-05-12 14:18:30] - http://feeds.feedburner.com/ruanyifeng
[2025-05-12 14:18:30] - https://www.loyhome.com/feed
[2025-05-12 15:20:49] 本次订阅抓取结果统计:
[2025-05-12 15:20:49] 共 28 条RSS, 成功抓取 27 条.
[2025-05-12 15:20:49] ✘ 有 1 条订阅解析失败:
[2025-05-12 15:20:49] - https://tcxx.info/feed
[2025-05-12 15:20:49] ✘ 有 2 条订阅头像无法访问, 已使用默认头像:
[2025-05-12 15:20:49] - http://feeds.feedburner.com/ruanyifeng
[2025-05-12 15:20:49] - https://www.loyhome.com/feed
[2025-05-12 16:22:37] 本次订阅抓取结果统计:
[2025-05-12 16:22:37] 共 28 条RSS, 成功抓取 27 条.
[2025-05-12 16:22:37] ✘ 有 1 条订阅解析失败:
[2025-05-12 16:22:37] - https://tcxx.info/feed
[2025-05-12 16:22:37] ✘ 有 2 条订阅头像无法访问, 已使用默认头像:
[2025-05-12 16:22:37] - https://www.loyhome.com/feed
[2025-05-12 16:22:37] - http://feeds.feedburner.com/ruanyifeng
[2025-05-12 17:15:31] 本次订阅抓取结果统计:
[2025-05-12 17:15:31] 共 28 条RSS, 成功抓取 27 条.
[2025-05-12 17:15:31] ✘ 有 1 条订阅解析失败:
[2025-05-12 17:15:31] - https://tcxx.info/feed
[2025-05-12 17:15:31] ✘ 有 2 条订阅头像无法访问, 已使用默认头像:
[2025-05-12 17:15:31] - http://feeds.feedburner.com/ruanyifeng
[2025-05-12 17:15:31] - https://www.loyhome.com/feed
[2025-05-12 18:24:34] 本次订阅抓取结果统计:
[2025-05-12 18:24:34] 共 28 条RSS, 成功抓取 27 条.
[2025-05-12 18:24:34] ✘ 有 1 条订阅解析失败:
[2025-05-12 18:24:34] - https://tcxx.info/feed
[2025-05-12 18:24:34] ✘ 有 2 条订阅头像无法访问, 已使用默认头像:
[2025-05-12 18:24:34] - http://feeds.feedburner.com/ruanyifeng
[2025-05-12 18:24:34] - https://www.loyhome.com/feed
[2025-05-12 19:14:36] 本次订阅抓取结果统计:
[2025-05-12 19:14:36] 共 28 条RSS, 成功抓取 27 条.
[2025-05-12 19:14:36] ✘ 有 1 条订阅解析失败:
[2025-05-12 19:14:36] - https://tcxx.info/feed
[2025-05-12 19:14:36] ✘ 有 2 条订阅头像无法访问, 已使用默认头像:
[2025-05-12 19:14:36] - http://feeds.feedburner.com/ruanyifeng
[2025-05-12 19:14:36] - https://www.loyhome.com/feed
[2025-05-12 20:19:43] 本次订阅抓取结果统计:
[2025-05-12 20:19:43] 共 28 条RSS, 成功抓取 27 条.
[2025-05-12 20:19:43] ✘ 有 1 条订阅解析失败:
[2025-05-12 20:19:43] - https://tcxx.info/feed
[2025-05-12 20:19:43] ✘ 有 2 条订阅头像无法访问, 已使用默认头像:
[2025-05-12 20:19:43] - https://www.loyhome.com/feed
[2025-05-12 20:19:43] - http://feeds.feedburner.com/ruanyifeng
[2025-05-12 21:16:25] 本次订阅抓取结果统计:
[2025-05-12 21:16:25] 共 28 条RSS, 成功抓取 27 条.
[2025-05-12 21:16:25] ✘ 有 1 条订阅解析失败:
[2025-05-12 21:16:25] - https://tcxx.info/feed
[2025-05-12 21:16:25] ✘ 有 2 条订阅头像无法访问, 已使用默认头像:
[2025-05-12 21:16:25] - http://feeds.feedburner.com/ruanyifeng
[2025-05-12 21:16:25] - https://www.loyhome.com/feed
[2025-05-12 22:17:40] 本次订阅抓取结果统计:
[2025-05-12 22:17:40] 共 28 条RSS, 成功抓取 27 条.
[2025-05-12 22:17:40] ✘ 有 1 条订阅解析失败:
[2025-05-12 22:17:40] - https://tcxx.info/feed
[2025-05-12 22:17:40] ✘ 有 2 条订阅头像无法访问, 已使用默认头像:
[2025-05-12 22:17:40] - https://www.loyhome.com/feed
[2025-05-12 22:17:40] - http://feeds.feedburner.com/ruanyifeng
