[2025-04-05 01:15:56] 本次订阅抓取结果统计:
[2025-04-05 01:15:56] 共 28 条RSS, 成功抓取 27 条.
[2025-04-05 01:15:56] ✘ 有 1 条订阅解析失败:
[2025-04-05 01:15:56] - https://geekinney.com/index.xml
[2025-04-05 01:15:56] ✘ 有 3 条订阅头像无法访问, 已使用默认头像:
[2025-04-05 01:15:56] - http://feeds.feedburner.com/ruanyifeng
[2025-04-05 01:15:56] - https://www.loyhome.com/feed
[2025-04-05 01:15:56] - https://tcxx.info/feed
[2025-04-05 02:56:13] 本次订阅抓取结果统计:
[2025-04-05 02:56:13] 共 28 条RSS, 成功抓取 27 条.
[2025-04-05 02:56:13] ✘ 有 1 条订阅解析失败:
[2025-04-05 02:56:13] - https://geekinney.com/index.xml
[2025-04-05 02:56:13] ✘ 有 4 条订阅头像无法访问, 已使用默认头像:
[2025-04-05 02:56:13] - http://feeds.feedburner.com/ruanyifeng
[2025-04-05 02:56:13] - https://www.loyhome.com/feed
[2025-04-05 02:56:13] - https://yihui.org/index.xml
[2025-04-05 02:56:13] - https://xyzbz.cn/feed
[2025-04-05 03:29:30] 本次订阅抓取结果统计:
[2025-04-05 03:29:30] 共 28 条RSS, 成功抓取 26 条.
[2025-04-05 03:29:30] ✘ 有 2 条订阅解析失败:
[2025-04-05 03:29:30] - https://tcxx.info/feed
[2025-04-05 03:29:30] - https://geekinney.com/index.xml
[2025-04-05 03:29:30] ✘ 有 2 条订阅头像无法访问, 已使用默认头像:
[2025-04-05 03:29:30] - http://feeds.feedburner.com/ruanyifeng
[2025-04-05 03:29:30] - https://www.loyhome.com/feed
[2025-04-05 04:19:46] 本次订阅抓取结果统计:
[2025-04-05 04:19:46] 共 28 条RSS, 成功抓取 27 条.
[2025-04-05 04:19:46] ✘ 有 1 条订阅解析失败:
[2025-04-05 04:19:46] - https://geekinney.com/index.xml
[2025-04-05 04:19:46] ✘ 有 2 条订阅头像无法访问, 已使用默认头像:
[2025-04-05 04:19:46] - http://feeds.feedburner.com/ruanyifeng
[2025-04-05 04:19:46] - https://www.loyhome.com/feed
[2025-04-05 05:16:49] 本次订阅抓取结果统计:
[2025-04-05 05:16:49] 共 28 条RSS, 成功抓取 27 条.
[2025-04-05 05:16:49] ✘ 有 1 条订阅解析失败:
[2025-04-05 05:16:49] - https://geekinney.com/index.xml
[2025-04-05 05:16:49] ✘ 有 2 条订阅头像无法访问, 已使用默认头像:
[2025-04-05 05:16:49] - http://feeds.feedburner.com/ruanyifeng
[2025-04-05 05:16:49] - https://www.loyhome.com/feed
[2025-04-05 06:21:38] 本次订阅抓取结果统计:
[2025-04-05 06:21:38] 共 28 条RSS, 成功抓取 27 条.
[2025-04-05 06:21:38] ✘ 有 1 条订阅解析失败:
[2025-04-05 06:21:38] - https://geekinney.com/index.xml
[2025-04-05 06:21:38] ✘ 有 2 条订阅头像无法访问, 已使用默认头像:
[2025-04-05 06:21:38] - http://feeds.feedburner.com/ruanyifeng
[2025-04-05 06:21:38] - https://www.loyhome.com/feed
