[2025-11-04 00:05:24] 本次订阅抓取结果统计:
[2025-11-04 00:05:24] 共 63 条RSS, 成功抓取 55 条.
[2025-11-04 00:05:24] ✘ 有 7 条订阅解析失败:
[2025-11-04 00:05:24] - https://tcxx.info/feed
[2025-11-04 00:05:24] - https://tumutanzi.com/feed
[2025-11-04 00:05:24] - https://suus.me/index.xml
[2025-11-04 00:05:24] - https://geekinney.com/index.xml
[2025-11-04 00:05:24] - https://yinwang1.substack.com/feed
[2025-11-04 00:05:24] - https://botanwang.com/rss.xml
[2025-11-04 00:05:24] - https://leixus.cn/index.php/feed/
[2025-11-04 00:05:24] ✘ 有 1 条订阅为空:
[2025-11-04 00:05:24] - http://feeds.feedburner.com/zhihu-daily
[2025-11-04 00:05:24] ✘ 有 1 条订阅头像字段为空, 已使用默认头像:
[2025-11-04 00:05:24] - https://feed.cnblogs.com/blog/u/66551/rss/
[2025-11-04 00:05:24] ✘ 有 3 条订阅头像无法访问, 已使用默认头像:
[2025-11-04 00:05:24] - http://feeds.feedburner.com/ruanyifeng
[2025-11-04 00:05:24] - https://skywind.me/blog/feed
[2025-11-04 00:05:24] - https://www.douban.com/feed/review/book
[2025-11-04 01:30:26] 本次订阅抓取结果统计:
[2025-11-04 01:30:26] 共 63 条RSS, 成功抓取 55 条.
[2025-11-04 01:30:26] ✘ 有 7 条订阅解析失败:
[2025-11-04 01:30:26] - https://tcxx.info/feed
[2025-11-04 01:30:26] - https://tumutanzi.com/feed
[2025-11-04 01:30:26] - https://geekinney.com/index.xml
[2025-11-04 01:30:26] - https://suus.me/index.xml
[2025-11-04 01:30:26] - https://yinwang1.substack.com/feed
[2025-11-04 01:30:26] - https://botanwang.com/rss.xml
[2025-11-04 01:30:26] - https://leixus.cn/index.php/feed/
[2025-11-04 01:30:26] ✘ 有 1 条订阅为空:
[2025-11-04 01:30:26] - http://feeds.feedburner.com/zhihu-daily
[2025-11-04 01:30:26] ✘ 有 1 条订阅头像字段为空, 已使用默认头像:
[2025-11-04 01:30:26] - https://feed.cnblogs.com/blog/u/66551/rss/
[2025-11-04 01:30:26] ✘ 有 3 条订阅头像无法访问, 已使用默认头像:
[2025-11-04 01:30:26] - http://feeds.feedburner.com/ruanyifeng
[2025-11-04 01:30:26] - https://skywind.me/blog/feed
[2025-11-04 01:30:26] - https://www.douban.com/feed/review/book
[2025-11-04 02:31:02] 本次订阅抓取结果统计:
[2025-11-04 02:31:02] 共 63 条RSS, 成功抓取 54 条.
[2025-11-04 02:31:02] ✘ 有 8 条订阅解析失败:
[2025-11-04 02:31:02] - https://tcxx.info/feed
[2025-11-04 02:31:02] - https://tumutanzi.com/feed
[2025-11-04 02:31:02] - https://geekinney.com/index.xml
[2025-11-04 02:31:02] - https://suus.me/index.xml
[2025-11-04 02:31:02] - https://yinwang1.substack.com/feed
[2025-11-04 02:31:02] - https://botanwang.com/rss.xml
[2025-11-04 02:31:02] - https://www.douban.com/feed/review/book
[2025-11-04 02:31:02] - https://leixus.cn/index.php/feed/
[2025-11-04 02:31:02] ✘ 有 1 条订阅为空:
[2025-11-04 02:31:02] - http://feeds.feedburner.com/zhihu-daily
[2025-11-04 02:31:02] ✘ 有 1 条订阅头像字段为空, 已使用默认头像:
[2025-11-04 02:31:02] - https://feed.cnblogs.com/blog/u/66551/rss/
[2025-11-04 02:31:02] ✘ 有 2 条订阅头像无法访问, 已使用默认头像:
[2025-11-04 02:31:02] - http://feeds.feedburner.com/ruanyifeng
[2025-11-04 02:31:02] - https://skywind.me/blog/feed
[2025-11-04 03:20:46] 本次订阅抓取结果统计:
[2025-11-04 03:20:46] 共 63 条RSS, 成功抓取 55 条.
[2025-11-04 03:20:46] ✘ 有 7 条订阅解析失败:
[2025-11-04 03:20:46] - https://tcxx.info/feed
[2025-11-04 03:20:46] - https://tumutanzi.com/feed
[2025-11-04 03:20:46] - https://geekinney.com/index.xml
[2025-11-04 03:20:46] - https://suus.me/index.xml
[2025-11-04 03:20:46] - https://yinwang1.substack.com/feed
[2025-11-04 03:20:46] - https://botanwang.com/rss.xml
[2025-11-04 03:20:46] - https://leixus.cn/index.php/feed/
[2025-11-04 03:20:46] ✘ 有 1 条订阅为空:
[2025-11-04 03:20:46] - http://feeds.feedburner.com/zhihu-daily
[2025-11-04 03:20:46] ✘ 有 1 条订阅头像字段为空, 已使用默认头像:
[2025-11-04 03:20:46] - https://feed.cnblogs.com/blog/u/66551/rss/
[2025-11-04 03:20:46] ✘ 有 3 条订阅头像无法访问, 已使用默认头像:
[2025-11-04 03:20:46] - http://feeds.feedburner.com/ruanyifeng
[2025-11-04 03:20:46] - https://skywind.me/blog/feed
[2025-11-04 03:20:46] - https://www.douban.com/feed/review/book
[2025-11-04 04:03:07] 抓取到的文章与现有数据相同，无需更新。
[2025-11-04 05:01:57] 本次订阅抓取结果统计:
[2025-11-04 05:01:57] 共 63 条RSS, 成功抓取 56 条.
[2025-11-04 05:01:57] ✘ 有 6 条订阅解析失败:
[2025-11-04 05:01:57] - https://tcxx.info/feed
[2025-11-04 05:01:57] - https://tumutanzi.com/feed
[2025-11-04 05:01:57] - https://geekinney.com/index.xml
[2025-11-04 05:01:57] - https://suus.me/index.xml
[2025-11-04 05:01:57] - https://yinwang1.substack.com/feed
[2025-11-04 05:01:57] - https://botanwang.com/rss.xml
[2025-11-04 05:01:57] ✘ 有 1 条订阅为空:
[2025-11-04 05:01:57] - http://feeds.feedburner.com/zhihu-daily
[2025-11-04 05:01:57] ✘ 有 1 条订阅头像字段为空, 已使用默认头像:
[2025-11-04 05:01:57] - https://feed.cnblogs.com/blog/u/66551/rss/
[2025-11-04 05:01:57] ✘ 有 3 条订阅头像无法访问, 已使用默认头像:
[2025-11-04 05:01:57] - http://feeds.feedburner.com/ruanyifeng
[2025-11-04 05:01:57] - https://skywind.me/blog/feed
[2025-11-04 05:01:57] - https://www.douban.com/feed/review/book
[2025-11-04 06:01:54] 抓取到的文章与现有数据相同，无需更新。
[2025-11-04 07:01:49] 本次订阅抓取结果统计:
[2025-11-04 07:01:49] 共 63 条RSS, 成功抓取 56 条.
[2025-11-04 07:01:49] ✘ 有 6 条订阅解析失败:
[2025-11-04 07:01:49] - https://tcxx.info/feed
[2025-11-04 07:01:49] - https://tumutanzi.com/feed
[2025-11-04 07:01:49] - https://geekinney.com/index.xml
[2025-11-04 07:01:49] - https://suus.me/index.xml
[2025-11-04 07:01:49] - https://yinwang1.substack.com/feed
[2025-11-04 07:01:49] - https://botanwang.com/rss.xml
[2025-11-04 07:01:49] ✘ 有 1 条订阅为空:
[2025-11-04 07:01:49] - http://feeds.feedburner.com/zhihu-daily
[2025-11-04 07:01:49] ✘ 有 1 条订阅头像字段为空, 已使用默认头像:
[2025-11-04 07:01:49] - https://feed.cnblogs.com/blog/u/66551/rss/
[2025-11-04 07:01:49] ✘ 有 3 条订阅头像无法访问, 已使用默认头像:
[2025-11-04 07:01:49] - http://feeds.feedburner.com/ruanyifeng
[2025-11-04 07:01:49] - https://skywind.me/blog/feed
[2025-11-04 07:01:49] - https://www.douban.com/feed/review/book
[2025-11-04 08:02:03] 抓取到的文章与现有数据相同，无需更新。
[2025-11-04 09:02:29] 抓取到的文章与现有数据相同，无需更新。
[2025-11-04 10:01:58] 本次订阅抓取结果统计:
[2025-11-04 10:01:58] 共 63 条RSS, 成功抓取 56 条.
[2025-11-04 10:01:58] ✘ 有 6 条订阅解析失败:
[2025-11-04 10:01:58] - https://tumutanzi.com/feed
[2025-11-04 10:01:58] - https://tcxx.info/feed
[2025-11-04 10:01:58] - https://suus.me/index.xml
[2025-11-04 10:01:58] - https://geekinney.com/index.xml
[2025-11-04 10:01:58] - https://yinwang1.substack.com/feed
[2025-11-04 10:01:58] - https://botanwang.com/rss.xml
[2025-11-04 10:01:58] ✘ 有 1 条订阅为空:
[2025-11-04 10:01:58] - http://feeds.feedburner.com/zhihu-daily
[2025-11-04 10:01:58] ✘ 有 1 条订阅头像字段为空, 已使用默认头像:
[2025-11-04 10:01:58] - https://feed.cnblogs.com/blog/u/66551/rss/
[2025-11-04 10:01:58] ✘ 有 3 条订阅头像无法访问, 已使用默认头像:
[2025-11-04 10:01:58] - http://feeds.feedburner.com/ruanyifeng
[2025-11-04 10:01:58] - https://skywind.me/blog/feed
[2025-11-04 10:01:58] - https://www.douban.com/feed/review/book
[2025-11-04 11:01:46] 本次订阅抓取结果统计:
[2025-11-04 11:01:46] 共 63 条RSS, 成功抓取 56 条.
[2025-11-04 11:01:46] ✘ 有 6 条订阅解析失败:
[2025-11-04 11:01:46] - https://tcxx.info/feed
[2025-11-04 11:01:46] - https://tumutanzi.com/feed
[2025-11-04 11:01:46] - https://geekinney.com/index.xml
[2025-11-04 11:01:46] - https://suus.me/index.xml
[2025-11-04 11:01:46] - https://yinwang1.substack.com/feed
[2025-11-04 11:01:46] - https://botanwang.com/rss.xml
[2025-11-04 11:01:46] ✘ 有 1 条订阅为空:
[2025-11-04 11:01:46] - http://feeds.feedburner.com/zhihu-daily
[2025-11-04 11:01:46] ✘ 有 1 条订阅头像字段为空, 已使用默认头像:
[2025-11-04 11:01:46] - https://feed.cnblogs.com/blog/u/66551/rss/
[2025-11-04 11:01:46] ✘ 有 3 条订阅头像无法访问, 已使用默认头像:
[2025-11-04 11:01:46] - http://feeds.feedburner.com/ruanyifeng
[2025-11-04 11:01:46] - https://skywind.me/blog/feed
[2025-11-04 11:01:46] - https://www.douban.com/feed/review/book
[2025-11-04 12:02:19] 本次订阅抓取结果统计:
[2025-11-04 12:02:19] 共 63 条RSS, 成功抓取 55 条.
[2025-11-04 12:02:19] ✘ 有 6 条订阅解析失败:
[2025-11-04 12:02:19] - https://tcxx.info/feed
[2025-11-04 12:02:19] - https://tumutanzi.com/feed
[2025-11-04 12:02:19] - https://geekinney.com/index.xml
[2025-11-04 12:02:19] - https://suus.me/index.xml
[2025-11-04 12:02:19] - https://yinwang1.substack.com/feed
[2025-11-04 12:02:19] - https://botanwang.com/rss.xml
[2025-11-04 12:02:19] ✘ 有 2 条订阅为空:
[2025-11-04 12:02:19] - https://diygod.cc/feed
[2025-11-04 12:02:19] - http://feeds.feedburner.com/zhihu-daily
[2025-11-04 12:02:19] ✘ 有 1 条订阅头像字段为空, 已使用默认头像:
[2025-11-04 12:02:19] - https://feed.cnblogs.com/blog/u/66551/rss/
[2025-11-04 12:02:19] ✘ 有 3 条订阅头像无法访问, 已使用默认头像:
[2025-11-04 12:02:19] - http://feeds.feedburner.com/ruanyifeng
[2025-11-04 12:02:19] - https://skywind.me/blog/feed
[2025-11-04 12:02:19] - https://www.douban.com/feed/review/book
[2025-11-04 13:12:50] 本次订阅抓取结果统计:
[2025-11-04 13:12:50] 共 63 条RSS, 成功抓取 56 条.
[2025-11-04 13:12:50] ✘ 有 6 条订阅解析失败:
[2025-11-04 13:12:50] - https://tcxx.info/feed
[2025-11-04 13:12:50] - https://tumutanzi.com/feed
[2025-11-04 13:12:50] - https://geekinney.com/index.xml
[2025-11-04 13:12:50] - https://suus.me/index.xml
[2025-11-04 13:12:50] - https://yinwang1.substack.com/feed
[2025-11-04 13:12:50] - https://botanwang.com/rss.xml
[2025-11-04 13:12:50] ✘ 有 1 条订阅为空:
[2025-11-04 13:12:50] - http://feeds.feedburner.com/zhihu-daily
[2025-11-04 13:12:50] ✘ 有 1 条订阅头像字段为空, 已使用默认头像:
[2025-11-04 13:12:50] - https://feed.cnblogs.com/blog/u/66551/rss/
[2025-11-04 13:12:50] ✘ 有 3 条订阅头像无法访问, 已使用默认头像:
[2025-11-04 13:12:50] - http://feeds.feedburner.com/ruanyifeng
[2025-11-04 13:12:50] - https://skywind.me/blog/feed
[2025-11-04 13:12:50] - https://www.douban.com/feed/review/book
[2025-11-04 14:02:10] 抓取到的文章与现有数据相同，无需更新。
[2025-11-04 15:02:00] 本次订阅抓取结果统计:
[2025-11-04 15:02:00] 共 63 条RSS, 成功抓取 56 条.
[2025-11-04 15:02:00] ✘ 有 6 条订阅解析失败:
[2025-11-04 15:02:00] - https://tcxx.info/feed
[2025-11-04 15:02:00] - https://tumutanzi.com/feed
[2025-11-04 15:02:00] - https://geekinney.com/index.xml
[2025-11-04 15:02:00] - https://suus.me/index.xml
[2025-11-04 15:02:00] - https://yinwang1.substack.com/feed
[2025-11-04 15:02:00] - https://botanwang.com/rss.xml
[2025-11-04 15:02:00] ✘ 有 1 条订阅为空:
[2025-11-04 15:02:00] - http://feeds.feedburner.com/zhihu-daily
[2025-11-04 15:02:00] ✘ 有 1 条订阅头像字段为空, 已使用默认头像:
[2025-11-04 15:02:00] - https://feed.cnblogs.com/blog/u/66551/rss/
[2025-11-04 15:02:00] ✘ 有 3 条订阅头像无法访问, 已使用默认头像:
[2025-11-04 15:02:00] - http://feeds.feedburner.com/ruanyifeng
[2025-11-04 15:02:00] - https://skywind.me/blog/feed
[2025-11-04 15:02:00] - https://www.douban.com/feed/review/book
[2025-11-04 16:02:05] 抓取到的文章与现有数据相同，无需更新。
[2025-11-04 17:01:54] 本次订阅抓取结果统计:
[2025-11-04 17:01:54] 共 63 条RSS, 成功抓取 56 条.
[2025-11-04 17:01:54] ✘ 有 6 条订阅解析失败:
[2025-11-04 17:01:54] - https://tcxx.info/feed
[2025-11-04 17:01:54] - https://tumutanzi.com/feed
[2025-11-04 17:01:54] - https://geekinney.com/index.xml
[2025-11-04 17:01:54] - https://suus.me/index.xml
[2025-11-04 17:01:54] - https://yinwang1.substack.com/feed
[2025-11-04 17:01:54] - https://botanwang.com/rss.xml
[2025-11-04 17:01:54] ✘ 有 1 条订阅为空:
[2025-11-04 17:01:54] - http://feeds.feedburner.com/zhihu-daily
[2025-11-04 17:01:54] ✘ 有 1 条订阅头像字段为空, 已使用默认头像:
[2025-11-04 17:01:54] - https://feed.cnblogs.com/blog/u/66551/rss/
[2025-11-04 17:01:54] ✘ 有 4 条订阅头像无法访问, 已使用默认头像:
[2025-11-04 17:01:54] - http://feeds.feedburner.com/ruanyifeng
[2025-11-04 17:01:54] - https://skywind.me/blog/feed
[2025-11-04 17:01:54] - https://www.douban.com/feed/review/book
[2025-11-04 17:01:54] - http://www.auiou.com/feed/
[2025-11-04 18:02:12] 抓取到的文章与现有数据相同，无需更新。
[2025-11-04 19:01:39] 抓取到的文章与现有数据相同，无需更新。
[2025-11-04 20:02:13] 抓取到的文章与现有数据相同，无需更新。
[2025-11-04 21:01:45] 抓取到的文章与现有数据相同，无需更新。
[2025-11-04 22:01:40] 抓取到的文章与现有数据相同，无需更新。
