[2025-10-31 00:05:27] 本次订阅抓取结果统计:
[2025-10-31 00:05:27] 共 63 条RSS, 成功抓取 54 条.
[2025-10-31 00:05:27] ✘ 有 8 条订阅解析失败:
[2025-10-31 00:05:27] - https://tcxx.info/feed
[2025-10-31 00:05:27] - https://tumutanzi.com/feed
[2025-10-31 00:05:27] - https://geekinney.com/index.xml
[2025-10-31 00:05:27] - https://suus.me/index.xml
[2025-10-31 00:05:27] - https://yinwang1.substack.com/feed
[2025-10-31 00:05:27] - https://botanwang.com/rss.xml
[2025-10-31 00:05:27] - https://www.douban.com/feed/review/book
[2025-10-31 00:05:27] - https://leixus.cn/index.php/feed/
[2025-10-31 00:05:27] ✘ 有 1 条订阅为空:
[2025-10-31 00:05:27] - http://feeds.feedburner.com/zhihu-daily
[2025-10-31 00:05:27] ✘ 有 1 条订阅头像字段为空, 已使用默认头像:
[2025-10-31 00:05:27] - https://feed.cnblogs.com/blog/u/66551/rss/
[2025-10-31 00:05:27] ✘ 有 2 条订阅头像无法访问, 已使用默认头像:
[2025-10-31 00:05:27] - http://feeds.feedburner.com/ruanyifeng
[2025-10-31 00:05:27] - https://skywind.me/blog/feed
[2025-10-31 01:30:23] 本次订阅抓取结果统计:
[2025-10-31 01:30:23] 共 63 条RSS, 成功抓取 55 条.
[2025-10-31 01:30:23] ✘ 有 7 条订阅解析失败:
[2025-10-31 01:30:23] - https://tcxx.info/feed
[2025-10-31 01:30:23] - https://tumutanzi.com/feed
[2025-10-31 01:30:23] - https://geekinney.com/index.xml
[2025-10-31 01:30:23] - https://suus.me/index.xml
[2025-10-31 01:30:23] - https://yinwang1.substack.com/feed
[2025-10-31 01:30:23] - https://botanwang.com/rss.xml
[2025-10-31 01:30:23] - https://leixus.cn/index.php/feed/
[2025-10-31 01:30:23] ✘ 有 1 条订阅为空:
[2025-10-31 01:30:23] - http://feeds.feedburner.com/zhihu-daily
[2025-10-31 01:30:23] ✘ 有 1 条订阅头像字段为空, 已使用默认头像:
[2025-10-31 01:30:23] - https://feed.cnblogs.com/blog/u/66551/rss/
[2025-10-31 01:30:23] ✘ 有 3 条订阅头像无法访问, 已使用默认头像:
[2025-10-31 01:30:23] - http://feeds.feedburner.com/ruanyifeng
[2025-10-31 01:30:23] - https://skywind.me/blog/feed
[2025-10-31 01:30:23] - https://www.douban.com/feed/review/book
[2025-10-31 02:31:04] 本次订阅抓取结果统计:
[2025-10-31 02:31:04] 共 63 条RSS, 成功抓取 53 条.
[2025-10-31 02:31:04] ✘ 有 9 条订阅解析失败:
[2025-10-31 02:31:04] - https://tcxx.info/feed
[2025-10-31 02:31:04] - https://tumutanzi.com/feed
[2025-10-31 02:31:04] - https://geekinney.com/index.xml
[2025-10-31 02:31:04] - https://suus.me/index.xml
[2025-10-31 02:31:04] - https://yinwang1.substack.com/feed
[2025-10-31 02:31:04] - https://botanwang.com/rss.xml
[2025-10-31 02:31:04] - https://www.douban.com/feed/review/book
[2025-10-31 02:31:04] - https://leixus.cn/index.php/feed/
[2025-10-31 02:31:04] - http://www.auiou.com/feed/
[2025-10-31 02:31:04] ✘ 有 1 条订阅为空:
[2025-10-31 02:31:04] - http://feeds.feedburner.com/zhihu-daily
[2025-10-31 02:31:04] ✘ 有 1 条订阅头像字段为空, 已使用默认头像:
[2025-10-31 02:31:04] - https://feed.cnblogs.com/blog/u/66551/rss/
[2025-10-31 02:31:04] ✘ 有 2 条订阅头像无法访问, 已使用默认头像:
[2025-10-31 02:31:04] - http://feeds.feedburner.com/ruanyifeng
[2025-10-31 02:31:04] - https://skywind.me/blog/feed
[2025-10-31 03:21:38] 本次订阅抓取结果统计:
[2025-10-31 03:21:38] 共 63 条RSS, 成功抓取 55 条.
[2025-10-31 03:21:38] ✘ 有 7 条订阅解析失败:
[2025-10-31 03:21:38] - https://tcxx.info/feed
[2025-10-31 03:21:38] - https://tumutanzi.com/feed
[2025-10-31 03:21:38] - https://geekinney.com/index.xml
[2025-10-31 03:21:38] - https://suus.me/index.xml
[2025-10-31 03:21:38] - https://yinwang1.substack.com/feed
[2025-10-31 03:21:38] - https://botanwang.com/rss.xml
[2025-10-31 03:21:38] - https://leixus.cn/index.php/feed/
[2025-10-31 03:21:38] ✘ 有 1 条订阅为空:
[2025-10-31 03:21:38] - http://feeds.feedburner.com/zhihu-daily
[2025-10-31 03:21:38] ✘ 有 1 条订阅头像字段为空, 已使用默认头像:
[2025-10-31 03:21:38] - https://feed.cnblogs.com/blog/u/66551/rss/
[2025-10-31 03:21:38] ✘ 有 3 条订阅头像无法访问, 已使用默认头像:
[2025-10-31 03:21:38] - http://feeds.feedburner.com/ruanyifeng
[2025-10-31 03:21:38] - https://skywind.me/blog/feed
[2025-10-31 03:21:38] - https://www.douban.com/feed/review/book
