[2025-08-13 00:04:29] 抓取到的文章与现有数据相同，无需更新。
[2025-08-13 01:29:40] 本次订阅抓取结果统计:
[2025-08-13 01:29:40] 共 53 条RSS, 成功抓取 50 条.
[2025-08-13 01:29:40] ✘ 有 3 条订阅解析失败:
[2025-08-13 01:29:40] - https://tcxx.info/feed
[2025-08-13 01:29:40] - https://tumutanzi.com/feed
[2025-08-13 01:29:40] - https://yinwang1.substack.com/feed
[2025-08-13 01:29:40] ✘ 有 1 条订阅头像字段为空, 已使用默认头像:
[2025-08-13 01:29:40] - https://feed.cnblogs.com/blog/u/66551/rss/
[2025-08-13 01:29:40] ✘ 有 6 条订阅头像无法访问, 已使用默认头像:
[2025-08-13 01:29:40] - http://feeds.feedburner.com/ruanyifeng
[2025-08-13 01:29:40] - https://www.loyhome.com/feed
[2025-08-13 01:29:40] - https://a4.zyzhang.com/index.xml
[2025-08-13 01:29:40] - https://www.geedea.pro/index.xml
[2025-08-13 01:29:40] - https://skywind.me/blog/feed
[2025-08-13 01:29:40] - https://www.douban.com/feed/review/book
[2025-08-13 02:32:35] 抓取到的文章与现有数据相同，无需更新。
[2025-08-13 03:25:36] 抓取到的文章与现有数据相同，无需更新。
[2025-08-13 04:07:52] 本次订阅抓取结果统计:
[2025-08-13 04:07:52] 共 53 条RSS, 成功抓取 50 条.
[2025-08-13 04:07:52] ✘ 有 3 条订阅解析失败:
[2025-08-13 04:07:52] - https://tumutanzi.com/feed
[2025-08-13 04:07:52] - https://tcxx.info/feed
[2025-08-13 04:07:52] - https://yinwang1.substack.com/feed
[2025-08-13 04:07:52] ✘ 有 1 条订阅头像字段为空, 已使用默认头像:
[2025-08-13 04:07:52] - https://feed.cnblogs.com/blog/u/66551/rss/
[2025-08-13 04:07:52] ✘ 有 8 条订阅头像无法访问, 已使用默认头像:
[2025-08-13 04:07:52] - http://feeds.feedburner.com/ruanyifeng
[2025-08-13 04:07:52] - https://www.loyhome.com/feed
[2025-08-13 04:07:52] - https://a4.zyzhang.com/index.xml
[2025-08-13 04:07:52] - https://www.geedea.pro/index.xml
[2025-08-13 04:07:52] - https://xyzbz.cn/feed
[2025-08-13 04:07:52] - https://skywind.me/blog/feed
[2025-08-13 04:07:52] - https://www.douban.com/feed/review/book
[2025-08-13 04:07:52] - https://feeds.appinn.com/appinns/
[2025-08-13 05:03:00] 本次订阅抓取结果统计:
[2025-08-13 05:03:00] 共 53 条RSS, 成功抓取 50 条.
[2025-08-13 05:03:00] ✘ 有 3 条订阅解析失败:
[2025-08-13 05:03:00] - https://tumutanzi.com/feed
[2025-08-13 05:03:00] - https://tcxx.info/feed
[2025-08-13 05:03:00] - https://yinwang1.substack.com/feed
[2025-08-13 05:03:00] ✘ 有 1 条订阅头像字段为空, 已使用默认头像:
[2025-08-13 05:03:00] - https://feed.cnblogs.com/blog/u/66551/rss/
[2025-08-13 05:03:00] ✘ 有 6 条订阅头像无法访问, 已使用默认头像:
[2025-08-13 05:03:00] - http://feeds.feedburner.com/ruanyifeng
[2025-08-13 05:03:00] - https://www.loyhome.com/feed
[2025-08-13 05:03:00] - https://a4.zyzhang.com/index.xml
[2025-08-13 05:03:00] - https://www.geedea.pro/index.xml
[2025-08-13 05:03:00] - https://skywind.me/blog/feed
[2025-08-13 05:03:00] - https://www.douban.com/feed/review/book
[2025-08-13 06:02:19] 本次订阅抓取结果统计:
[2025-08-13 06:02:19] 共 53 条RSS, 成功抓取 50 条.
[2025-08-13 06:02:19] ✘ 有 3 条订阅解析失败:
[2025-08-13 06:02:19] - https://tcxx.info/feed
[2025-08-13 06:02:19] - https://tumutanzi.com/feed
[2025-08-13 06:02:19] - https://yinwang1.substack.com/feed
[2025-08-13 06:02:19] ✘ 有 1 条订阅头像字段为空, 已使用默认头像:
[2025-08-13 06:02:19] - https://feed.cnblogs.com/blog/u/66551/rss/
[2025-08-13 06:02:19] ✘ 有 8 条订阅头像无法访问, 已使用默认头像:
[2025-08-13 06:02:19] - http://feeds.feedburner.com/ruanyifeng
[2025-08-13 06:02:19] - https://www.loyhome.com/feed
[2025-08-13 06:02:19] - https://a4.zyzhang.com/index.xml
[2025-08-13 06:02:19] - https://www.geedea.pro/index.xml
[2025-08-13 06:02:19] - https://xyzbz.cn/feed
[2025-08-13 06:02:19] - https://skywind.me/blog/feed
[2025-08-13 06:02:19] - https://feeds.appinn.com/appinns/
[2025-08-13 06:02:19] - https://www.douban.com/feed/review/book
[2025-08-13 07:03:24] 抓取到的文章与现有数据相同，无需更新。
