[2025-03-20 01:15:02] 本次订阅抓取结果统计:
[2025-03-20 01:15:02] 共 28 条RSS, 成功抓取 27 条.
[2025-03-20 01:15:02] ✘ 有 1 条订阅解析失败:
[2025-03-20 01:15:02] - https://geekinney.com/index.xml
[2025-03-20 01:15:02] ✘ 有 2 条订阅头像无法访问, 已使用默认头像:
[2025-03-20 01:15:02] - http://feeds.feedburner.com/ruanyifeng
[2025-03-20 01:15:02] - https://www.loyhome.com/feed
[2025-03-20 02:54:47] 本次订阅抓取结果统计:
[2025-03-20 02:54:47] 共 28 条RSS, 成功抓取 27 条.
[2025-03-20 02:54:47] ✘ 有 1 条订阅解析失败:
[2025-03-20 02:54:47] - https://geekinney.com/index.xml
[2025-03-20 02:54:47] ✘ 有 2 条订阅头像无法访问, 已使用默认头像:
[2025-03-20 02:54:47] - http://feeds.feedburner.com/ruanyifeng
[2025-03-20 02:54:47] - https://www.loyhome.com/feed
[2025-03-20 03:27:02] 本次订阅抓取结果统计:
[2025-03-20 03:27:02] 共 28 条RSS, 成功抓取 26 条.
[2025-03-20 03:27:02] ✘ 有 2 条订阅解析失败:
[2025-03-20 03:27:02] - https://tcxx.info/feed
[2025-03-20 03:27:02] - https://geekinney.com/index.xml
[2025-03-20 03:27:02] ✘ 有 2 条订阅头像无法访问, 已使用默认头像:
[2025-03-20 03:27:02] - http://feeds.feedburner.com/ruanyifeng
[2025-03-20 03:27:02] - https://www.loyhome.com/feed
[2025-03-20 04:20:08] 本次订阅抓取结果统计:
[2025-03-20 04:20:08] 共 28 条RSS, 成功抓取 26 条.
[2025-03-20 04:20:08] ✘ 有 2 条订阅解析失败:
[2025-03-20 04:20:08] - https://geekinney.com/index.xml
[2025-03-20 04:20:08] - https://tcxx.info/feed
[2025-03-20 04:20:08] ✘ 有 2 条订阅头像无法访问, 已使用默认头像:
[2025-03-20 04:20:08] - http://feeds.feedburner.com/ruanyifeng
[2025-03-20 04:20:08] - https://www.loyhome.com/feed
[2025-03-20 05:16:17] 本次订阅抓取结果统计:
[2025-03-20 05:16:17] 共 28 条RSS, 成功抓取 26 条.
[2025-03-20 05:16:17] ✘ 有 2 条订阅解析失败:
[2025-03-20 05:16:17] - https://tcxx.info/feed
[2025-03-20 05:16:17] - https://geekinney.com/index.xml
[2025-03-20 05:16:17] ✘ 有 2 条订阅头像无法访问, 已使用默认头像:
[2025-03-20 05:16:17] - http://feeds.feedburner.com/ruanyifeng
[2025-03-20 05:16:17] - https://www.loyhome.com/feed
[2025-03-20 06:23:06] 本次订阅抓取结果统计:
[2025-03-20 06:23:06] 共 28 条RSS, 成功抓取 27 条.
[2025-03-20 06:23:06] ✘ 有 1 条订阅解析失败:
[2025-03-20 06:23:06] - https://geekinney.com/index.xml
[2025-03-20 06:23:06] ✘ 有 2 条订阅头像无法访问, 已使用默认头像:
[2025-03-20 06:23:06] - http://feeds.feedburner.com/ruanyifeng
[2025-03-20 06:23:06] - https://www.loyhome.com/feed
[2025-03-20 07:16:05] 本次订阅抓取结果统计:
[2025-03-20 07:16:05] 共 28 条RSS, 成功抓取 26 条.
[2025-03-20 07:16:05] ✘ 有 2 条订阅解析失败:
[2025-03-20 07:16:05] - https://tcxx.info/feed
[2025-03-20 07:16:05] - https://geekinney.com/index.xml
[2025-03-20 07:16:05] ✘ 有 2 条订阅头像无法访问, 已使用默认头像:
[2025-03-20 07:16:05] - http://feeds.feedburner.com/ruanyifeng
[2025-03-20 07:16:05] - https://www.loyhome.com/feed
[2025-03-20 08:21:33] 本次订阅抓取结果统计:
[2025-03-20 08:21:33] 共 28 条RSS, 成功抓取 27 条.
[2025-03-20 08:21:33] ✘ 有 1 条订阅解析失败:
[2025-03-20 08:21:33] - https://geekinney.com/index.xml
[2025-03-20 08:21:33] ✘ 有 2 条订阅头像无法访问, 已使用默认头像:
[2025-03-20 08:21:33] - http://feeds.feedburner.com/ruanyifeng
[2025-03-20 08:21:33] - https://www.loyhome.com/feed
[2025-03-20 09:18:00] 本次订阅抓取结果统计:
[2025-03-20 09:18:00] 共 28 条RSS, 成功抓取 26 条.
[2025-03-20 09:18:00] ✘ 有 2 条订阅解析失败:
[2025-03-20 09:18:00] - https://tcxx.info/feed
[2025-03-20 09:18:00] - https://geekinney.com/index.xml
[2025-03-20 09:18:00] ✘ 有 2 条订阅头像无法访问, 已使用默认头像:
[2025-03-20 09:18:00] - http://feeds.feedburner.com/ruanyifeng
[2025-03-20 09:18:00] - https://www.loyhome.com/feed
[2025-03-20 10:17:58] 本次订阅抓取结果统计:
[2025-03-20 10:17:58] 共 28 条RSS, 成功抓取 27 条.
[2025-03-20 10:17:58] ✘ 有 1 条订阅解析失败:
[2025-03-20 10:17:58] - https://geekinney.com/index.xml
[2025-03-20 10:17:58] ✘ 有 3 条订阅头像无法访问, 已使用默认头像:
[2025-03-20 10:17:58] - https://www.loyhome.com/feed
[2025-03-20 10:17:58] - http://feeds.feedburner.com/ruanyifeng
[2025-03-20 10:17:58] - https://tcxx.info/feed
[2025-03-20 11:13:52] 本次订阅抓取结果统计:
[2025-03-20 11:13:52] 共 28 条RSS, 成功抓取 27 条.
[2025-03-20 11:13:52] ✘ 有 1 条订阅解析失败:
[2025-03-20 11:13:52] - https://geekinney.com/index.xml
[2025-03-20 11:13:52] ✘ 有 2 条订阅头像无法访问, 已使用默认头像:
[2025-03-20 11:13:52] - http://feeds.feedburner.com/ruanyifeng
[2025-03-20 11:13:52] - https://www.loyhome.com/feed
[2025-03-20 12:31:22] 本次订阅抓取结果统计:
[2025-03-20 12:31:22] 共 28 条RSS, 成功抓取 26 条.
[2025-03-20 12:31:22] ✘ 有 2 条订阅解析失败:
[2025-03-20 12:31:22] - https://tcxx.info/feed
[2025-03-20 12:31:22] - https://geekinney.com/index.xml
[2025-03-20 12:31:22] ✘ 有 2 条订阅头像无法访问, 已使用默认头像:
[2025-03-20 12:31:22] - http://feeds.feedburner.com/ruanyifeng
[2025-03-20 12:31:22] - https://www.loyhome.com/feed
[2025-03-20 13:24:35] 本次订阅抓取结果统计:
[2025-03-20 13:24:35] 共 28 条RSS, 成功抓取 27 条.
[2025-03-20 13:24:35] ✘ 有 1 条订阅解析失败:
[2025-03-20 13:24:35] - https://geekinney.com/index.xml
[2025-03-20 13:24:35] ✘ 有 2 条订阅头像无法访问, 已使用默认头像:
[2025-03-20 13:24:35] - http://feeds.feedburner.com/ruanyifeng
[2025-03-20 13:24:35] - https://www.loyhome.com/feed
[2025-03-20 14:16:33] 本次订阅抓取结果统计:
[2025-03-20 14:16:33] 共 28 条RSS, 成功抓取 27 条.
[2025-03-20 14:16:33] ✘ 有 1 条订阅解析失败:
[2025-03-20 14:16:33] - https://geekinney.com/index.xml
[2025-03-20 14:16:33] ✘ 有 2 条订阅头像无法访问, 已使用默认头像:
[2025-03-20 14:16:33] - https://www.loyhome.com/feed
[2025-03-20 14:16:33] - http://feeds.feedburner.com/ruanyifeng
