[2025-07-05 00:03:56] 抓取到的文章与现有数据相同，无需更新。
[2025-07-05 01:29:19] 本次订阅抓取结果统计:
[2025-07-05 01:29:19] 共 46 条RSS, 成功抓取 45 条.
[2025-07-05 01:29:19] ✘ 有 1 条订阅解析失败:
[2025-07-05 01:29:19] - https://tcxx.info/feed
[2025-07-05 01:29:19] ✘ 有 4 条订阅头像无法访问, 已使用默认头像:
[2025-07-05 01:29:19] - http://feeds.feedburner.com/ruanyifeng
[2025-07-05 01:29:19] - https://www.loyhome.com/feed
[2025-07-05 01:29:19] - https://a4.zyzhang.com/index.xml
[2025-07-05 01:29:19] - https://www.douban.com/feed/review/book
[2025-07-05 02:31:03] 本次订阅抓取结果统计:
[2025-07-05 02:31:03] 共 46 条RSS, 成功抓取 45 条.
[2025-07-05 02:31:03] ✘ 有 1 条订阅解析失败:
[2025-07-05 02:31:03] - https://tcxx.info/feed
[2025-07-05 02:31:03] ✘ 有 4 条订阅头像无法访问, 已使用默认头像:
[2025-07-05 02:31:03] - http://feeds.feedburner.com/ruanyifeng
[2025-07-05 02:31:03] - https://www.loyhome.com/feed
[2025-07-05 02:31:03] - https://a4.zyzhang.com/index.xml
[2025-07-05 02:31:03] - https://www.douban.com/feed/review/book
[2025-07-05 03:21:14] 本次订阅抓取结果统计:
[2025-07-05 03:21:14] 共 46 条RSS, 成功抓取 45 条.
[2025-07-05 03:21:14] ✘ 有 1 条订阅解析失败:
[2025-07-05 03:21:14] - https://tcxx.info/feed
[2025-07-05 03:21:14] ✘ 有 5 条订阅头像无法访问, 已使用默认头像:
[2025-07-05 03:21:14] - http://feeds.feedburner.com/ruanyifeng
[2025-07-05 03:21:14] - https://www.loyhome.com/feed
[2025-07-05 03:21:14] - https://a4.zyzhang.com/index.xml
[2025-07-05 03:21:14] - https://www.douban.com/feed/review/book
[2025-07-05 03:21:14] - https://feeds.appinn.com/appinns/
[2025-07-05 04:04:40] 本次订阅抓取结果统计:
[2025-07-05 04:04:40] 共 46 条RSS, 成功抓取 45 条.
[2025-07-05 04:04:40] ✘ 有 1 条订阅解析失败:
[2025-07-05 04:04:40] - https://tcxx.info/feed
[2025-07-05 04:04:40] ✘ 有 6 条订阅头像无法访问, 已使用默认头像:
[2025-07-05 04:04:40] - http://feeds.feedburner.com/ruanyifeng
[2025-07-05 04:04:40] - https://www.loyhome.com/feed
[2025-07-05 04:04:40] - https://a4.zyzhang.com/index.xml
[2025-07-05 04:04:40] - https://xyzbz.cn/feed
[2025-07-05 04:04:40] - https://feeds.appinn.com/appinns/
[2025-07-05 04:04:40] - https://www.douban.com/feed/review/book
[2025-07-05 05:01:53] 本次订阅抓取结果统计:
[2025-07-05 05:01:53] 共 46 条RSS, 成功抓取 45 条.
[2025-07-05 05:01:53] ✘ 有 1 条订阅解析失败:
[2025-07-05 05:01:53] - https://tcxx.info/feed
[2025-07-05 05:01:53] ✘ 有 4 条订阅头像无法访问, 已使用默认头像:
[2025-07-05 05:01:53] - http://feeds.feedburner.com/ruanyifeng
[2025-07-05 05:01:53] - https://www.loyhome.com/feed
[2025-07-05 05:01:53] - https://a4.zyzhang.com/index.xml
[2025-07-05 05:01:53] - https://www.douban.com/feed/review/book
[2025-07-05 06:01:55] 本次订阅抓取结果统计:
[2025-07-05 06:01:55] 共 46 条RSS, 成功抓取 45 条.
[2025-07-05 06:01:55] ✘ 有 1 条订阅解析失败:
[2025-07-05 06:01:55] - https://tcxx.info/feed
[2025-07-05 06:01:55] ✘ 有 5 条订阅头像无法访问, 已使用默认头像:
[2025-07-05 06:01:55] - http://feeds.feedburner.com/ruanyifeng
[2025-07-05 06:01:55] - https://www.loyhome.com/feed
[2025-07-05 06:01:55] - https://a4.zyzhang.com/index.xml
[2025-07-05 06:01:55] - https://www.douban.com/feed/review/book
[2025-07-05 06:01:55] - https://feeds.appinn.com/appinns/
