[2025-04-21 01:22:13] 本次订阅抓取结果统计:
[2025-04-21 01:22:13] 共 28 条RSS, 成功抓取 27 条.
[2025-04-21 01:22:13] ✘ 有 1 条订阅解析失败:
[2025-04-21 01:22:13] - https://tcxx.info/feed
[2025-04-21 01:22:13] ✘ 有 2 条订阅头像无法访问, 已使用默认头像:
[2025-04-21 01:22:13] - http://feeds.feedburner.com/ruanyifeng
[2025-04-21 01:22:13] - https://www.loyhome.com/feed
[2025-04-21 03:08:56] 本次订阅抓取结果统计:
[2025-04-21 03:08:56] 共 28 条RSS, 成功抓取 26 条.
[2025-04-21 03:08:56] ✘ 有 2 条订阅解析失败:
[2025-04-21 03:08:56] - https://tcxx.info/feed
[2025-04-21 03:08:56] - https://tumutanzi.com/feed
[2025-04-21 03:08:56] ✘ 有 2 条订阅头像无法访问, 已使用默认头像:
[2025-04-21 03:08:56] - http://feeds.feedburner.com/ruanyifeng
[2025-04-21 03:08:56] - https://www.loyhome.com/feed
[2025-04-21 04:20:53] 本次订阅抓取结果统计:
[2025-04-21 04:20:53] 共 28 条RSS, 成功抓取 27 条.
[2025-04-21 04:20:53] ✘ 有 1 条订阅解析失败:
[2025-04-21 04:20:53] - https://tcxx.info/feed
[2025-04-21 04:20:53] ✘ 有 2 条订阅头像无法访问, 已使用默认头像:
[2025-04-21 04:20:53] - http://feeds.feedburner.com/ruanyifeng
[2025-04-21 04:20:53] - https://www.loyhome.com/feed
[2025-04-21 05:17:59] [ERROR] 拉取RSS链接失败: /home/runner/work/lhasaRSS/lhasaRSS/feed_fetcher.go:53 => 无法获取RSS列表文件: https://lhasa-1253887673.cos.ap-shanghai.myqcloud.com/lhasaRSS/rss.txt | 原因: Get "https://lhasa-1253887673.cos.ap-shanghai.myqcloud.com/lhasaRSS/rss.txt": net/http: TLS handshake timeout
[2025-04-21 06:25:04] 本次订阅抓取结果统计:
[2025-04-21 06:25:04] 共 28 条RSS, 成功抓取 27 条.
[2025-04-21 06:25:04] ✘ 有 1 条订阅解析失败:
[2025-04-21 06:25:04] - https://tcxx.info/feed
[2025-04-21 06:25:04] ✘ 有 2 条订阅头像无法访问, 已使用默认头像:
[2025-04-21 06:25:04] - http://feeds.feedburner.com/ruanyifeng
[2025-04-21 06:25:04] - https://www.loyhome.com/feed
[2025-04-21 07:17:04] 本次订阅抓取结果统计:
[2025-04-21 07:17:04] 共 28 条RSS, 成功抓取 27 条.
[2025-04-21 07:17:04] ✘ 有 1 条订阅解析失败:
[2025-04-21 07:17:04] - https://tcxx.info/feed
[2025-04-21 07:17:04] ✘ 有 2 条订阅头像无法访问, 已使用默认头像:
[2025-04-21 07:17:04] - http://feeds.feedburner.com/ruanyifeng
[2025-04-21 07:17:04] - https://www.loyhome.com/feed
[2025-04-21 08:22:48] 本次订阅抓取结果统计:
[2025-04-21 08:22:48] 共 28 条RSS, 成功抓取 27 条.
[2025-04-21 08:22:48] ✘ 有 1 条订阅解析失败:
[2025-04-21 08:22:48] - https://tcxx.info/feed
[2025-04-21 08:22:48] ✘ 有 2 条订阅头像无法访问, 已使用默认头像:
[2025-04-21 08:22:48] - http://feeds.feedburner.com/ruanyifeng
[2025-04-21 08:22:48] - https://www.loyhome.com/feed
[2025-04-21 09:18:30] 本次订阅抓取结果统计:
[2025-04-21 09:18:30] 共 28 条RSS, 成功抓取 27 条.
[2025-04-21 09:18:30] ✘ 有 1 条订阅解析失败:
[2025-04-21 09:18:30] - https://tcxx.info/feed
[2025-04-21 09:18:30] ✘ 有 3 条订阅头像无法访问, 已使用默认头像:
[2025-04-21 09:18:30] - http://feeds.feedburner.com/ruanyifeng
[2025-04-21 09:18:30] - https://www.loyhome.com/feed
[2025-04-21 09:18:30] - https://xyzbz.cn/feed
[2025-04-21 10:18:13] 本次订阅抓取结果统计:
[2025-04-21 10:18:13] 共 28 条RSS, 成功抓取 27 条.
[2025-04-21 10:18:13] ✘ 有 1 条订阅解析失败:
[2025-04-21 10:18:13] - https://tcxx.info/feed
[2025-04-21 10:18:13] ✘ 有 2 条订阅头像无法访问, 已使用默认头像:
[2025-04-21 10:18:13] - http://feeds.feedburner.com/ruanyifeng
[2025-04-21 10:18:13] - https://www.loyhome.com/feed
[2025-04-21 11:14:18] 本次订阅抓取结果统计:
[2025-04-21 11:14:18] 共 28 条RSS, 成功抓取 27 条.
[2025-04-21 11:14:18] ✘ 有 1 条订阅解析失败:
[2025-04-21 11:14:18] - https://tcxx.info/feed
[2025-04-21 11:14:18] ✘ 有 2 条订阅头像无法访问, 已使用默认头像:
[2025-04-21 11:14:18] - http://feeds.feedburner.com/ruanyifeng
[2025-04-21 11:14:18] - https://www.loyhome.com/feed
[2025-04-21 12:33:50] 本次订阅抓取结果统计:
[2025-04-21 12:33:50] 共 28 条RSS, 成功抓取 27 条.
[2025-04-21 12:33:50] ✘ 有 1 条订阅解析失败:
[2025-04-21 12:33:50] - https://tcxx.info/feed
[2025-04-21 12:33:50] ✘ 有 2 条订阅头像无法访问, 已使用默认头像:
[2025-04-21 12:33:50] - http://feeds.feedburner.com/ruanyifeng
[2025-04-21 12:33:50] - https://www.loyhome.com/feed
[2025-04-21 13:25:44] 本次订阅抓取结果统计:
[2025-04-21 13:25:44] 共 28 条RSS, 成功抓取 27 条.
[2025-04-21 13:25:44] ✘ 有 1 条订阅解析失败:
[2025-04-21 13:25:44] - https://tcxx.info/feed
[2025-04-21 13:25:44] ✘ 有 2 条订阅头像无法访问, 已使用默认头像:
[2025-04-21 13:25:44] - http://feeds.feedburner.com/ruanyifeng
[2025-04-21 13:25:44] - https://www.loyhome.com/feed
[2025-04-21 14:15:55] 本次订阅抓取结果统计:
[2025-04-21 14:15:55] 共 28 条RSS, 成功抓取 27 条.
[2025-04-21 14:15:55] ✘ 有 1 条订阅解析失败:
[2025-04-21 14:15:55] - https://tcxx.info/feed
[2025-04-21 14:15:55] ✘ 有 2 条订阅头像无法访问, 已使用默认头像:
[2025-04-21 14:15:55] - http://feeds.feedburner.com/ruanyifeng
[2025-04-21 14:15:55] - https://www.loyhome.com/feed
[2025-04-21 15:17:54] 本次订阅抓取结果统计:
[2025-04-21 15:17:54] 共 28 条RSS, 成功抓取 27 条.
[2025-04-21 15:17:54] ✘ 有 1 条订阅解析失败:
[2025-04-21 15:17:54] - https://tcxx.info/feed
[2025-04-21 15:17:54] ✘ 有 2 条订阅头像无法访问, 已使用默认头像:
[2025-04-21 15:17:54] - http://feeds.feedburner.com/ruanyifeng
[2025-04-21 15:17:54] - https://www.loyhome.com/feed
[2025-04-21 16:20:55] 本次订阅抓取结果统计:
[2025-04-21 16:20:55] 共 28 条RSS, 成功抓取 27 条.
[2025-04-21 16:20:55] ✘ 有 1 条订阅解析失败:
[2025-04-21 16:20:55] - https://tcxx.info/feed
[2025-04-21 16:20:55] ✘ 有 3 条订阅头像无法访问, 已使用默认头像:
[2025-04-21 16:20:55] - http://feeds.feedburner.com/ruanyifeng
[2025-04-21 16:20:55] - https://www.loyhome.com/feed
[2025-04-21 16:20:55] - https://xyzbz.cn/feed
[2025-04-21 17:16:18] 本次订阅抓取结果统计:
[2025-04-21 17:16:18] 共 28 条RSS, 成功抓取 27 条.
[2025-04-21 17:16:18] ✘ 有 1 条订阅解析失败:
[2025-04-21 17:16:18] - https://tcxx.info/feed
[2025-04-21 17:16:18] ✘ 有 2 条订阅头像无法访问, 已使用默认头像:
[2025-04-21 17:16:18] - https://www.loyhome.com/feed
[2025-04-21 17:16:18] - http://feeds.feedburner.com/ruanyifeng
[2025-04-21 18:23:08] 本次订阅抓取结果统计:
[2025-04-21 18:23:08] 共 28 条RSS, 成功抓取 27 条.
[2025-04-21 18:23:08] ✘ 有 1 条订阅解析失败:
[2025-04-21 18:23:08] - https://tcxx.info/feed
[2025-04-21 18:23:08] ✘ 有 2 条订阅头像无法访问, 已使用默认头像:
[2025-04-21 18:23:08] - http://feeds.feedburner.com/ruanyifeng
[2025-04-21 18:23:08] - https://www.loyhome.com/feed
[2025-04-21 19:14:46] 本次订阅抓取结果统计:
[2025-04-21 19:14:46] 共 28 条RSS, 成功抓取 27 条.
[2025-04-21 19:14:46] ✘ 有 1 条订阅解析失败:
[2025-04-21 19:14:46] - https://tcxx.info/feed
[2025-04-21 19:14:46] ✘ 有 2 条订阅头像无法访问, 已使用默认头像:
[2025-04-21 19:14:46] - http://feeds.feedburner.com/ruanyifeng
[2025-04-21 19:14:46] - https://www.loyhome.com/feed
[2025-04-21 20:18:51] 本次订阅抓取结果统计:
[2025-04-21 20:18:51] 共 28 条RSS, 成功抓取 27 条.
[2025-04-21 20:18:51] ✘ 有 1 条订阅解析失败:
[2025-04-21 20:18:51] - https://tcxx.info/feed
[2025-04-21 20:18:51] ✘ 有 3 条订阅头像无法访问, 已使用默认头像:
[2025-04-21 20:18:51] - http://feeds.feedburner.com/ruanyifeng
[2025-04-21 20:18:51] - https://www.loyhome.com/feed
[2025-04-21 20:18:51] - https://blog.zhheo.com/rss.xml
[2025-04-21 21:16:13] 本次订阅抓取结果统计:
[2025-04-21 21:16:13] 共 28 条RSS, 成功抓取 27 条.
[2025-04-21 21:16:13] ✘ 有 1 条订阅解析失败:
[2025-04-21 21:16:13] - https://tcxx.info/feed
[2025-04-21 21:16:13] ✘ 有 2 条订阅头像无法访问, 已使用默认头像:
[2025-04-21 21:16:13] - http://feeds.feedburner.com/ruanyifeng
[2025-04-21 21:16:13] - https://www.loyhome.com/feed
[2025-04-21 22:17:02] 本次订阅抓取结果统计:
[2025-04-21 22:17:02] 共 28 条RSS, 成功抓取 27 条.
[2025-04-21 22:17:02] ✘ 有 1 条订阅解析失败:
[2025-04-21 22:17:02] - https://tcxx.info/feed
[2025-04-21 22:17:02] ✘ 有 2 条订阅头像无法访问, 已使用默认头像:
[2025-04-21 22:17:02] - http://feeds.feedburner.com/ruanyifeng
[2025-04-21 22:17:02] - https://www.loyhome.com/feed
