[2025-11-06 00:04:46] 抓取到的文章与现有数据相同，无需更新。
[2025-11-06 01:29:47] 抓取到的文章与现有数据相同，无需更新。
[2025-11-06 02:30:53] 本次订阅抓取结果统计:
[2025-11-06 02:30:53] 共 63 条RSS, 成功抓取 56 条.
[2025-11-06 02:30:53] ✘ 有 6 条订阅解析失败:
[2025-11-06 02:30:53] - https://tumutanzi.com/feed
[2025-11-06 02:30:53] - https://tcxx.info/feed
[2025-11-06 02:30:53] - https://geekinney.com/index.xml
[2025-11-06 02:30:53] - https://suus.me/index.xml
[2025-11-06 02:30:53] - https://yinwang1.substack.com/feed
[2025-11-06 02:30:53] - https://botanwang.com/rss.xml
[2025-11-06 02:30:53] ✘ 有 1 条订阅为空:
[2025-11-06 02:30:53] - http://feeds.feedburner.com/zhihu-daily
[2025-11-06 02:30:53] ✘ 有 1 条订阅头像字段为空, 已使用默认头像:
[2025-11-06 02:30:53] - https://feed.cnblogs.com/blog/u/66551/rss/
[2025-11-06 02:30:53] ✘ 有 3 条订阅头像无法访问, 已使用默认头像:
[2025-11-06 02:30:53] - http://feeds.feedburner.com/ruanyifeng
[2025-11-06 02:30:53] - https://skywind.me/blog/feed
[2025-11-06 02:30:53] - https://www.douban.com/feed/review/book
[2025-11-06 03:22:31] 本次订阅抓取结果统计:
[2025-11-06 03:22:31] 共 63 条RSS, 成功抓取 56 条.
[2025-11-06 03:22:31] ✘ 有 6 条订阅解析失败:
[2025-11-06 03:22:31] - https://tumutanzi.com/feed
[2025-11-06 03:22:31] - https://tcxx.info/feed
[2025-11-06 03:22:31] - https://geekinney.com/index.xml
[2025-11-06 03:22:31] - https://suus.me/index.xml
[2025-11-06 03:22:31] - https://yinwang1.substack.com/feed
[2025-11-06 03:22:31] - https://botanwang.com/rss.xml
[2025-11-06 03:22:31] ✘ 有 1 条订阅为空:
[2025-11-06 03:22:31] - http://feeds.feedburner.com/zhihu-daily
[2025-11-06 03:22:31] ✘ 有 1 条订阅头像字段为空, 已使用默认头像:
[2025-11-06 03:22:31] - https://feed.cnblogs.com/blog/u/66551/rss/
[2025-11-06 03:22:31] ✘ 有 3 条订阅头像无法访问, 已使用默认头像:
[2025-11-06 03:22:31] - http://feeds.feedburner.com/ruanyifeng
[2025-11-06 03:22:31] - https://skywind.me/blog/feed
[2025-11-06 03:22:31] - https://www.douban.com/feed/review/book
