[2025-04-23 01:19:25] 本次订阅抓取结果统计:
[2025-04-23 01:19:25] 共 28 条RSS, 成功抓取 27 条.
[2025-04-23 01:19:25] ✘ 有 1 条订阅解析失败:
[2025-04-23 01:19:25] - https://tcxx.info/feed
[2025-04-23 01:19:25] ✘ 有 2 条订阅头像无法访问, 已使用默认头像:
[2025-04-23 01:19:25] - https://www.loyhome.com/feed
[2025-04-23 01:19:25] - http://feeds.feedburner.com/ruanyifeng
[2025-04-23 03:02:39] 本次订阅抓取结果统计:
[2025-04-23 03:02:39] 共 28 条RSS, 成功抓取 27 条.
[2025-04-23 03:02:39] ✘ 有 1 条订阅解析失败:
[2025-04-23 03:02:39] - https://tcxx.info/feed
[2025-04-23 03:02:39] ✘ 有 2 条订阅头像无法访问, 已使用默认头像:
[2025-04-23 03:02:39] - http://feeds.feedburner.com/ruanyifeng
[2025-04-23 03:02:39] - https://www.loyhome.com/feed
[2025-04-23 04:20:42] 本次订阅抓取结果统计:
[2025-04-23 04:20:42] 共 28 条RSS, 成功抓取 27 条.
[2025-04-23 04:20:42] ✘ 有 1 条订阅解析失败:
[2025-04-23 04:20:42] - https://tcxx.info/feed
[2025-04-23 04:20:42] ✘ 有 2 条订阅头像无法访问, 已使用默认头像:
[2025-04-23 04:20:42] - http://feeds.feedburner.com/ruanyifeng
[2025-04-23 04:20:42] - https://www.loyhome.com/feed
