[2025-11-27 00:04:21] 本次订阅抓取结果统计:
[2025-11-27 00:04:21] 共 31 条RSS, 成功抓取 28 条.
[2025-11-27 00:04:21] ✘ 有 3 条订阅解析失败:
[2025-11-27 00:04:21] - https://tumutanzi.com/feed
[2025-11-27 00:04:21] - https://suus.me/atom.xml
[2025-11-27 00:04:21] - https://geekinney.com/index.xml
[2025-11-27 01:29:38] 抓取到的文章与现有数据相同，无需更新。
[2025-11-27 02:30:07] 抓取到的文章与现有数据相同，无需更新。
[2025-11-27 03:21:09] 抓取到的文章与现有数据相同，无需更新。
[2025-11-27 04:03:21] 抓取到的文章与现有数据相同，无需更新。
[2025-11-27 05:01:50] 抓取到的文章与现有数据相同，无需更新。
[2025-11-27 06:01:55] 抓取到的文章与现有数据相同，无需更新。
[2025-11-27 07:02:17] 本次订阅抓取结果统计:
[2025-11-27 07:02:17] 共 31 条RSS, 成功抓取 28 条.
[2025-11-27 07:02:17] ✘ 有 3 条订阅解析失败:
[2025-11-27 07:02:17] - https://tumutanzi.com/feed
[2025-11-27 07:02:17] - https://geekinney.com/index.xml
[2025-11-27 07:02:17] - https://suus.me/atom.xml
[2025-11-27 08:02:10] 抓取到的文章与现有数据相同，无需更新。
[2025-11-27 09:02:04] 抓取到的文章与现有数据相同，无需更新。
[2025-11-27 10:01:55] 抓取到的文章与现有数据相同，无需更新。
[2025-11-27 11:01:43] 抓取到的文章与现有数据相同，无需更新。
[2025-11-27 12:02:22] 抓取到的文章与现有数据相同，无需更新。
