[2025-08-10 00:04:46] 抓取到的文章与现有数据相同，无需更新。
[2025-08-10 01:29:54] 抓取到的文章与现有数据相同，无需更新。
[2025-08-10 02:43:41] 抓取到的文章与现有数据相同，无需更新。
[2025-08-10 03:30:49] 抓取到的文章与现有数据相同，无需更新。
[2025-08-10 04:16:04] 本次订阅抓取结果统计:
[2025-08-10 04:16:04] 共 51 条RSS, 成功抓取 47 条.
[2025-08-10 04:16:04] ✘ 有 4 条订阅解析失败:
[2025-08-10 04:16:04] - https://tcxx.info/feed
[2025-08-10 04:16:04] - https://tumutanzi.com/feed
[2025-08-10 04:16:04] - https://www.williamlong.info/rss.xml
[2025-08-10 04:16:04] - https://yinwang1.substack.com/feed
[2025-08-10 04:16:04] ✘ 有 5 条订阅头像无法访问, 已使用默认头像:
[2025-08-10 04:16:04] - http://feeds.feedburner.com/ruanyifeng
[2025-08-10 04:16:04] - https://www.loyhome.com/feed
[2025-08-10 04:16:04] - https://a4.zyzhang.com/index.xml
[2025-08-10 04:16:04] - https://www.geedea.pro/index.xml
[2025-08-10 04:16:04] - https://www.douban.com/feed/review/book
[2025-08-10 05:04:36] 抓取到的文章与现有数据相同，无需更新。
[2025-08-10 06:02:05] 本次订阅抓取结果统计:
[2025-08-10 06:02:05] 共 51 条RSS, 成功抓取 47 条.
[2025-08-10 06:02:05] ✘ 有 4 条订阅解析失败:
[2025-08-10 06:02:05] - https://tcxx.info/feed
[2025-08-10 06:02:05] - https://tumutanzi.com/feed
[2025-08-10 06:02:05] - https://www.williamlong.info/rss.xml
[2025-08-10 06:02:05] - https://yinwang1.substack.com/feed
[2025-08-10 06:02:05] ✘ 有 6 条订阅头像无法访问, 已使用默认头像:
[2025-08-10 06:02:05] - http://feeds.feedburner.com/ruanyifeng
[2025-08-10 06:02:05] - https://www.loyhome.com/feed
[2025-08-10 06:02:05] - https://a4.zyzhang.com/index.xml
[2025-08-10 06:02:05] - https://www.geedea.pro/index.xml
[2025-08-10 06:02:05] - https://www.douban.com/feed/review/book
[2025-08-10 06:02:05] - https://feeds.appinn.com/appinns/
[2025-08-10 07:01:48] 抓取到的文章与现有数据相同，无需更新。
[2025-08-10 08:02:01] 抓取到的文章与现有数据相同，无需更新。
[2025-08-10 09:01:33] 本次订阅抓取结果统计:
[2025-08-10 09:01:33] 共 51 条RSS, 成功抓取 47 条.
[2025-08-10 09:01:33] ✘ 有 4 条订阅解析失败:
[2025-08-10 09:01:33] - https://tcxx.info/feed
[2025-08-10 09:01:33] - https://tumutanzi.com/feed
[2025-08-10 09:01:33] - https://www.williamlong.info/rss.xml
[2025-08-10 09:01:33] - https://yinwang1.substack.com/feed
[2025-08-10 09:01:33] ✘ 有 5 条订阅头像无法访问, 已使用默认头像:
[2025-08-10 09:01:33] - http://feeds.feedburner.com/ruanyifeng
[2025-08-10 09:01:33] - https://www.loyhome.com/feed
[2025-08-10 09:01:33] - https://a4.zyzhang.com/index.xml
[2025-08-10 09:01:33] - https://www.geedea.pro/index.xml
[2025-08-10 09:01:33] - https://www.douban.com/feed/review/book
[2025-08-10 10:01:52] 抓取到的文章与现有数据相同，无需更新。
[2025-08-10 11:01:44] 抓取到的文章与现有数据相同，无需更新。
[2025-08-10 12:02:10] 本次订阅抓取结果统计:
[2025-08-10 12:02:10] 共 51 条RSS, 成功抓取 46 条.
[2025-08-10 12:02:10] ✘ 有 5 条订阅解析失败:
[2025-08-10 12:02:10] - https://tcxx.info/feed
[2025-08-10 12:02:10] - https://tumutanzi.com/feed
[2025-08-10 12:02:10] - https://www.williamlong.info/rss.xml
[2025-08-10 12:02:10] - https://yinwang1.substack.com/feed
[2025-08-10 12:02:10] - https://www.douban.com/feed/review/book
[2025-08-10 12:02:10] ✘ 有 4 条订阅头像无法访问, 已使用默认头像:
[2025-08-10 12:02:10] - http://feeds.feedburner.com/ruanyifeng
[2025-08-10 12:02:10] - https://www.loyhome.com/feed
[2025-08-10 12:02:10] - https://a4.zyzhang.com/index.xml
[2025-08-10 12:02:10] - https://www.geedea.pro/index.xml
[2025-08-10 13:10:23] 本次订阅抓取结果统计:
[2025-08-10 13:10:23] 共 51 条RSS, 成功抓取 47 条.
[2025-08-10 13:10:23] ✘ 有 4 条订阅解析失败:
[2025-08-10 13:10:23] - https://tcxx.info/feed
[2025-08-10 13:10:23] - https://tumutanzi.com/feed
[2025-08-10 13:10:23] - https://www.williamlong.info/rss.xml
[2025-08-10 13:10:23] - https://yinwang1.substack.com/feed
[2025-08-10 13:10:23] ✘ 有 5 条订阅头像无法访问, 已使用默认头像:
[2025-08-10 13:10:23] - http://feeds.feedburner.com/ruanyifeng
[2025-08-10 13:10:23] - https://www.loyhome.com/feed
[2025-08-10 13:10:23] - https://a4.zyzhang.com/index.xml
[2025-08-10 13:10:23] - https://www.geedea.pro/index.xml
[2025-08-10 13:10:23] - https://www.douban.com/feed/review/book
[2025-08-10 14:02:40] 本次订阅抓取结果统计:
[2025-08-10 14:02:40] 共 53 条RSS, 成功抓取 48 条.
[2025-08-10 14:02:40] ✘ 有 5 条订阅解析失败:
[2025-08-10 14:02:40] - https://tcxx.info/feed
[2025-08-10 14:02:40] - https://tumutanzi.com/feed
[2025-08-10 14:02:40] - https://www.williamlong.info/rss.xml
[2025-08-10 14:02:40] - https://yinwang1.substack.com/feed
[2025-08-10 14:02:40] - https://www.douban.com/feed/review/book
[2025-08-10 14:02:40] ✘ 有 1 条订阅头像字段为空, 已使用默认头像:
[2025-08-10 14:02:40] - https://feed.cnblogs.com/blog/u/66551/rss/
[2025-08-10 14:02:40] ✘ 有 6 条订阅头像无法访问, 已使用默认头像:
[2025-08-10 14:02:40] - http://feeds.feedburner.com/ruanyifeng
[2025-08-10 14:02:40] - https://www.loyhome.com/feed
[2025-08-10 14:02:40] - https://a4.zyzhang.com/index.xml
[2025-08-10 14:02:40] - https://www.geedea.pro/index.xml
[2025-08-10 14:02:40] - https://skywind.me/blog/feed
[2025-08-10 14:02:40] - https://sspai.com/feed
[2025-08-10 15:02:58] 本次订阅抓取结果统计:
[2025-08-10 15:02:58] 共 53 条RSS, 成功抓取 48 条.
[2025-08-10 15:02:58] ✘ 有 5 条订阅解析失败:
[2025-08-10 15:02:58] - https://tumutanzi.com/feed
[2025-08-10 15:02:58] - https://tcxx.info/feed
[2025-08-10 15:02:58] - https://www.williamlong.info/rss.xml
[2025-08-10 15:02:58] - https://yinwang1.substack.com/feed
[2025-08-10 15:02:58] - https://diygod.cc/feed
[2025-08-10 15:02:58] ✘ 有 1 条订阅头像字段为空, 已使用默认头像:
[2025-08-10 15:02:58] - https://feed.cnblogs.com/blog/u/66551/rss/
[2025-08-10 15:02:58] ✘ 有 6 条订阅头像无法访问, 已使用默认头像:
[2025-08-10 15:02:58] - https://www.loyhome.com/feed
[2025-08-10 15:02:58] - http://feeds.feedburner.com/ruanyifeng
[2025-08-10 15:02:58] - https://a4.zyzhang.com/index.xml
[2025-08-10 15:02:58] - https://www.geedea.pro/index.xml
[2025-08-10 15:02:58] - https://skywind.me/blog/feed
[2025-08-10 15:02:58] - https://www.douban.com/feed/review/book
[2025-08-10 16:02:00] 本次订阅抓取结果统计:
[2025-08-10 16:02:00] 共 53 条RSS, 成功抓取 48 条.
[2025-08-10 16:02:00] ✘ 有 5 条订阅解析失败:
[2025-08-10 16:02:00] - https://tcxx.info/feed
[2025-08-10 16:02:00] - https://tumutanzi.com/feed
[2025-08-10 16:02:00] - https://www.williamlong.info/rss.xml
[2025-08-10 16:02:00] - https://yinwang1.substack.com/feed
[2025-08-10 16:02:00] - https://www.douban.com/feed/review/book
[2025-08-10 16:02:00] ✘ 有 1 条订阅头像字段为空, 已使用默认头像:
[2025-08-10 16:02:00] - https://feed.cnblogs.com/blog/u/66551/rss/
[2025-08-10 16:02:00] ✘ 有 7 条订阅头像无法访问, 已使用默认头像:
[2025-08-10 16:02:00] - http://feeds.feedburner.com/ruanyifeng
[2025-08-10 16:02:00] - https://www.loyhome.com/feed
[2025-08-10 16:02:00] - https://blog.fooleap.org/atom.xml
[2025-08-10 16:02:00] - https://a4.zyzhang.com/index.xml
[2025-08-10 16:02:00] - https://www.geedea.pro/index.xml
[2025-08-10 16:02:00] - https://skywind.me/blog/feed
[2025-08-10 16:02:00] - https://feeds.appinn.com/appinns/
