[2025-09-11 00:03:56] 本次订阅抓取结果统计:
[2025-09-11 00:03:56] 共 59 条RSS, 成功抓取 52 条.
[2025-09-11 00:03:56] ✘ 有 6 条订阅解析失败:
[2025-09-11 00:03:56] - https://tumutanzi.com/feed
[2025-09-11 00:03:56] - https://tcxx.info/feed
[2025-09-11 00:03:56] - https://geekinney.com/index.xml
[2025-09-11 00:03:56] - https://diygod.cc/feed
[2025-09-11 00:03:56] - https://yinwang1.substack.com/feed
[2025-09-11 00:03:56] - https://botanwang.com/rss.xml
[2025-09-11 00:03:56] ✘ 有 1 条订阅为空:
[2025-09-11 00:03:56] - http://feeds.feedburner.com/zhihu-daily
[2025-09-11 00:03:56] ✘ 有 1 条订阅头像字段为空, 已使用默认头像:
[2025-09-11 00:03:56] - https://feed.cnblogs.com/blog/u/66551/rss/
[2025-09-11 00:03:56] ✘ 有 7 条订阅头像无法访问, 已使用默认头像:
[2025-09-11 00:03:56] - http://feeds.feedburner.com/ruanyifeng
[2025-09-11 00:03:56] - https://www.loyhome.com/feed
[2025-09-11 00:03:56] - https://a4.zyzhang.com/index.xml
[2025-09-11 00:03:56] - https://laike9m.com/blog/rss/
[2025-09-11 00:03:56] - https://skywind.me/blog/feed
[2025-09-11 00:03:56] - https://www.douban.com/feed/review/book
[2025-09-11 00:03:56] - https://www.mrhe.net/feed
[2025-09-11 01:29:38] 本次订阅抓取结果统计:
[2025-09-11 01:29:38] 共 59 条RSS, 成功抓取 53 条.
[2025-09-11 01:29:38] ✘ 有 5 条订阅解析失败:
[2025-09-11 01:29:38] - https://tcxx.info/feed
[2025-09-11 01:29:38] - https://tumutanzi.com/feed
[2025-09-11 01:29:38] - https://geekinney.com/index.xml
[2025-09-11 01:29:38] - https://yinwang1.substack.com/feed
[2025-09-11 01:29:38] - https://botanwang.com/rss.xml
[2025-09-11 01:29:38] ✘ 有 1 条订阅为空:
[2025-09-11 01:29:38] - http://feeds.feedburner.com/zhihu-daily
[2025-09-11 01:29:38] ✘ 有 1 条订阅头像字段为空, 已使用默认头像:
[2025-09-11 01:29:38] - https://feed.cnblogs.com/blog/u/66551/rss/
[2025-09-11 01:29:38] ✘ 有 7 条订阅头像无法访问, 已使用默认头像:
[2025-09-11 01:29:38] - https://www.loyhome.com/feed
[2025-09-11 01:29:38] - http://feeds.feedburner.com/ruanyifeng
[2025-09-11 01:29:38] - https://a4.zyzhang.com/index.xml
[2025-09-11 01:29:38] - https://laike9m.com/blog/rss/
[2025-09-11 01:29:38] - https://skywind.me/blog/feed
[2025-09-11 01:29:38] - https://www.douban.com/feed/review/book
[2025-09-11 01:29:38] - https://www.mrhe.net/feed
[2025-09-11 02:27:47] 本次订阅抓取结果统计:
[2025-09-11 02:27:47] 共 59 条RSS, 成功抓取 52 条.
[2025-09-11 02:27:47] ✘ 有 6 条订阅解析失败:
[2025-09-11 02:27:47] - https://tcxx.info/feed
[2025-09-11 02:27:47] - https://tumutanzi.com/feed
[2025-09-11 02:27:47] - https://geekinney.com/index.xml
[2025-09-11 02:27:47] - https://diygod.cc/feed
[2025-09-11 02:27:47] - https://yinwang1.substack.com/feed
[2025-09-11 02:27:47] - https://botanwang.com/rss.xml
[2025-09-11 02:27:47] ✘ 有 1 条订阅为空:
[2025-09-11 02:27:47] - http://feeds.feedburner.com/zhihu-daily
[2025-09-11 02:27:47] ✘ 有 1 条订阅头像字段为空, 已使用默认头像:
[2025-09-11 02:27:47] - https://feed.cnblogs.com/blog/u/66551/rss/
[2025-09-11 02:27:47] ✘ 有 8 条订阅头像无法访问, 已使用默认头像:
[2025-09-11 02:27:47] - https://hwv430.blogspot.com/feeds/posts/default
[2025-09-11 02:27:47] - http://feeds.feedburner.com/ruanyifeng
[2025-09-11 02:27:47] - https://www.loyhome.com/feed
[2025-09-11 02:27:47] - https://a4.zyzhang.com/index.xml
[2025-09-11 02:27:47] - https://laike9m.com/blog/rss/
[2025-09-11 02:27:47] - https://skywind.me/blog/feed
[2025-09-11 02:27:47] - https://www.douban.com/feed/review/book
[2025-09-11 02:27:47] - https://www.mrhe.net/feed
[2025-09-11 03:13:42] 本次订阅抓取结果统计:
[2025-09-11 03:13:42] 共 59 条RSS, 成功抓取 53 条.
[2025-09-11 03:13:42] ✘ 有 5 条订阅解析失败:
[2025-09-11 03:13:42] - https://tumutanzi.com/feed
[2025-09-11 03:13:42] - https://tcxx.info/feed
[2025-09-11 03:13:42] - https://geekinney.com/index.xml
[2025-09-11 03:13:42] - https://yinwang1.substack.com/feed
[2025-09-11 03:13:42] - https://botanwang.com/rss.xml
[2025-09-11 03:13:42] ✘ 有 1 条订阅为空:
[2025-09-11 03:13:42] - http://feeds.feedburner.com/zhihu-daily
[2025-09-11 03:13:42] ✘ 有 1 条订阅头像字段为空, 已使用默认头像:
[2025-09-11 03:13:42] - https://feed.cnblogs.com/blog/u/66551/rss/
[2025-09-11 03:13:42] ✘ 有 7 条订阅头像无法访问, 已使用默认头像:
[2025-09-11 03:13:42] - http://feeds.feedburner.com/ruanyifeng
[2025-09-11 03:13:42] - https://www.loyhome.com/feed
[2025-09-11 03:13:42] - https://a4.zyzhang.com/index.xml
[2025-09-11 03:13:42] - https://skywind.me/blog/feed
[2025-09-11 03:13:42] - https://laike9m.com/blog/rss/
[2025-09-11 03:13:42] - https://www.douban.com/feed/review/book
[2025-09-11 03:13:42] - https://www.mrhe.net/feed
[2025-09-11 04:01:57] 本次订阅抓取结果统计:
[2025-09-11 04:01:57] 共 59 条RSS, 成功抓取 53 条.
[2025-09-11 04:01:57] ✘ 有 5 条订阅解析失败:
[2025-09-11 04:01:57] - https://tumutanzi.com/feed
[2025-09-11 04:01:57] - https://tcxx.info/feed
[2025-09-11 04:01:57] - https://geekinney.com/index.xml
[2025-09-11 04:01:57] - https://yinwang1.substack.com/feed
[2025-09-11 04:01:57] - https://botanwang.com/rss.xml
[2025-09-11 04:01:57] ✘ 有 1 条订阅为空:
[2025-09-11 04:01:57] - http://feeds.feedburner.com/zhihu-daily
[2025-09-11 04:01:57] ✘ 有 1 条订阅头像字段为空, 已使用默认头像:
[2025-09-11 04:01:57] - https://feed.cnblogs.com/blog/u/66551/rss/
[2025-09-11 04:01:57] ✘ 有 7 条订阅头像无法访问, 已使用默认头像:
[2025-09-11 04:01:57] - http://feeds.feedburner.com/ruanyifeng
[2025-09-11 04:01:57] - https://www.loyhome.com/feed
[2025-09-11 04:01:57] - https://a4.zyzhang.com/index.xml
[2025-09-11 04:01:57] - https://laike9m.com/blog/rss/
[2025-09-11 04:01:57] - https://skywind.me/blog/feed
[2025-09-11 04:01:57] - https://www.douban.com/feed/review/book
[2025-09-11 04:01:57] - https://www.mrhe.net/feed
[2025-09-11 05:02:05] 本次订阅抓取结果统计:
[2025-09-11 05:02:05] 共 59 条RSS, 成功抓取 53 条.
[2025-09-11 05:02:05] ✘ 有 5 条订阅解析失败:
[2025-09-11 05:02:05] - https://tumutanzi.com/feed
[2025-09-11 05:02:05] - https://tcxx.info/feed
[2025-09-11 05:02:05] - https://geekinney.com/index.xml
[2025-09-11 05:02:05] - https://yinwang1.substack.com/feed
[2025-09-11 05:02:05] - https://botanwang.com/rss.xml
[2025-09-11 05:02:05] ✘ 有 1 条订阅为空:
[2025-09-11 05:02:05] - http://feeds.feedburner.com/zhihu-daily
[2025-09-11 05:02:05] ✘ 有 1 条订阅头像字段为空, 已使用默认头像:
[2025-09-11 05:02:05] - https://feed.cnblogs.com/blog/u/66551/rss/
[2025-09-11 05:02:05] ✘ 有 7 条订阅头像无法访问, 已使用默认头像:
[2025-09-11 05:02:05] - http://feeds.feedburner.com/ruanyifeng
[2025-09-11 05:02:05] - https://www.loyhome.com/feed
[2025-09-11 05:02:05] - https://a4.zyzhang.com/index.xml
[2025-09-11 05:02:05] - https://skywind.me/blog/feed
[2025-09-11 05:02:05] - https://laike9m.com/blog/rss/
[2025-09-11 05:02:05] - https://www.douban.com/feed/review/book
[2025-09-11 05:02:05] - https://www.mrhe.net/feed
[2025-09-11 06:02:04] 抓取到的文章与现有数据相同，无需更新。
